---------------------------------------------- Log begins on Wed Sep 24 20:26:07 2025 ----------------------------------------------
I           m3dapp.cpp[0088]24/09 20:26:07 Starting up...
I           m3dapp.cpp[1498]24/09 20:26:07 ExMachina - release version release build v1.02 (Dec 21 2005 12:15:10)
I      Stackwalker.cpp[0608]24/09 20:26:07 Stackwalker: log file name will be 'b:/exmachina gm.mod sdk new/exceptions/hta.exe0011.log'
I      Stackwalker.cpp[0609]24/09 20:26:07 Stackwalker: dump file name will be 'b:/exmachina gm.mod sdk new/exceptions/hta.exe0011.dmp'
I      Stackwalker.cpp[0610]24/09 20:26:07 Stackwalker: game log file name will be 'b:/exmachina gm.mod sdk new/exceptions/hta.exe0011_game.log'
I           m3dapp.cpp[1391]24/09 20:26:07 Path: B:\ExMachina GM.mod SDK new
I           m3dapp.cpp[1392]24/09 20:26:07 Exe: B:\ExMachina GM.mod SDK new\hta.exe
I           m3dapp.cpp[1401]24/09 20:26:07 Windows version: 6.2.9200
I           m3dapp.cpp[1410]24/09 20:26:07 Computer name: DESKTOP-QQPV5MQ
I           m3dapp.cpp[1430]24/09 20:26:07 Cpu: GenuineIntel
I           m3dapp.cpp[1434]24/09 20:26:07 Cpu clock: ~3302
I           m3dapp.cpp[1459]24/09 20:26:07 Processor is mmx able
I           m3dapp.cpp[1470]24/09 20:26:07 Physical memory: 4095 MB
I           m3dapp.cpp[1471]24/09 20:26:07 Total memory:    4095 MB
I           m3dapp.cpp[1472]24/09 20:26:07 Physical memory available: 4095 MB
I           m3dapp.cpp[1473]24/09 20:26:07 Total memory available:    3834 MB
I           m3dapp.cpp[2846]24/09 20:26:07 SetCodepage -- using codepage 1251 '1251  (ANSI - кириллица)'
I           m3dapp.cpp[2154]24/09 20:26:07 NOTE! renderer is bind to dxrender9.dll
I           m3dapp.cpp[1336]24/09 20:26:07 d3d: Given device behavior: 80
I           m3dapp.cpp[1336]24/09 20:26:07 d3d: Confirmed device behavior: 80
I           m3dapp.cpp[1336]24/09 20:26:07 d3d: Description: NVIDIA GeForce GTX 1650
I           m3dapp.cpp[1336]24/09 20:26:07 d3d: Driver:      nvldumd.dll
I           m3dapp.cpp[1336]24/09 20:26:07 d3d: VendorId:    0x10de
I           m3dapp.cpp[1336]24/09 20:26:07 d3d: DeviceId:    0x1f0a
I           m3dapp.cpp[1336]24/09 20:26:07 d3d: SubSysId:    0x145c1771
I           m3dapp.cpp[1336]24/09 20:26:07 d3d: Revision:    161
I           m3dapp.cpp[1336]24/09 20:26:07 d3d: Driver version info:
I           m3dapp.cpp[1336]24/09 20:26:07 d3d:   Product:    32
I           m3dapp.cpp[1336]24/09 20:26:07 d3d:   Version:    0
I           m3dapp.cpp[1336]24/09 20:26:07 d3d:   SubVersion: 15
I           m3dapp.cpp[1336]24/09 20:26:07 d3d:   Build:      8129
I           m3dapp.cpp[1336]24/09 20:26:07 d3d: WHQLLevel:    0
I           m3dapp.cpp[1336]24/09 20:26:07 d3d: Texture max size: 16384x16384
I           m3dapp.cpp[1336]24/09 20:26:07 d3d: Guard band: (-100000000.000,-100000000.000,100000000.000,100000000.000)
I           m3dapp.cpp[1336]24/09 20:26:07 d3d: MaxTextureBlendStages: 8
I           m3dapp.cpp[1336]24/09 20:26:07 d3d: MaxSimultaneousTextures: 8
I           m3dapp.cpp[1336]24/09 20:26:07 d3d: MaxActiveLights: 10
I           m3dapp.cpp[1336]24/09 20:26:07 d3d: MaxUserClipPlanes: 8
I           m3dapp.cpp[1336]24/09 20:26:07 d3d: VertexShaderVersion: 0xfffe0300
I           m3dapp.cpp[1336]24/09 20:26:07 d3d: PixelShaderVersion: 0xffff0300
I           m3dapp.cpp[1336]24/09 20:26:07 d3d: Geometry instancing: supported
I           m3dapp.cpp[1336]24/09 20:26:07 d3d: Depth bias supported: yes
I           m3dapp.cpp[1336]24/09 20:26:07 d3d: Slope-scale based depth bias supported: yes
I           m3dapp.cpp[1336]24/09 20:26:07 d3d: HwRasterization: true
I           m3dapp.cpp[1336]24/09 20:26:07 d3d: HwTnL: true
I           m3dapp.cpp[1336]24/09 20:26:07 d3d: PureDevice: true
I           m3dapp.cpp[1336]24/09 20:26:07 d3d: CubeMap: true
I           m3dapp.cpp[1336]24/09 20:26:07 d3d: VolumeMap: true
I           m3dapp.cpp[1336]24/09 20:26:07 d3d: TextureAddressCaps:
I           m3dapp.cpp[1336]24/09 20:26:07 d3d: 	wrap: true
I           m3dapp.cpp[1336]24/09 20:26:07 d3d: 	clamp: true
I           m3dapp.cpp[1336]24/09 20:26:07 d3d: 	border: true
I           m3dapp.cpp[1336]24/09 20:26:07 d3d: Projective textures: true
I           m3dapp.cpp[1336]24/09 20:26:07 d3d: MaxPointSize: 8192.000
I           m3dapp.cpp[1336]24/09 20:26:07 d3d: MaxPrimitiveCount: 16777215
I           m3dapp.cpp[1336]24/09 20:26:07 d3d: MaxVertexIndex: 16777215
I           m3dapp.cpp[1336]24/09 20:26:07 d3d: MaxStreams: 16
I           m3dapp.cpp[1336]24/09 20:26:07 d3d: MaxStreamsStride: 255
I           m3dapp.cpp[1336]24/09 20:26:07 d3d: MaxAnisotropy: 16
I           m3dapp.cpp[1336]24/09 20:26:07 d3d: MaxVertexBlendMatrices: 4
I           m3dapp.cpp[1336]24/09 20:26:07 d3d: MaxVertexBlendMatrixIndex: 8
I           m3dapp.cpp[1336]24/09 20:26:07 d3d: FullScreenGamma: true
I           m3dapp.cpp[1336]24/09 20:26:07 d3d: COLORWRITEENABLE: true
I           m3dapp.cpp[1336]24/09 20:26:07 d3d: MASKZ: true
I           m3dapp.cpp[1336]24/09 20:26:07 d3d: BLENDOP: true
I           m3dapp.cpp[1336]24/09 20:26:07 d3d: CLIPPLANESCALEDPOINTS: false
I           m3dapp.cpp[1336]24/09 20:26:07 d3d: CLIPTLVERTS: true
I           m3dapp.cpp[1336]24/09 20:26:07 d3d: TSSARGTEMP: true
I           m3dapp.cpp[1336]24/09 20:26:07 d3d: DIRECTIONALLIGHTS: true
I           m3dapp.cpp[1336]24/09 20:26:07 d3d: LOCALVIEWER: true
I           m3dapp.cpp[1336]24/09 20:26:07 d3d: POSITIONALLIGHTS: true
I           m3dapp.cpp[1336]24/09 20:26:07 d3d: TEXGEN:  true
I           m3dapp.cpp[1336]24/09 20:26:07 d3d: TWEENING:  true
I           m3dapp.cpp[1336]24/09 20:26:07 d3d: Dp3: true
I           m3dapp.cpp[1336]24/09 20:26:07 d3d: Lerp: true
I           m3dapp.cpp[1336]24/09 20:26:07 d3d: MaxNpatchTessellationLevel: 0.000
I           m3dapp.cpp[1336]24/09 20:26:07 d3d: Query VCACHE support: true
I           m3dapp.cpp[1336]24/09 20:26:07 d3d: Query EVENT support: true
I           m3dapp.cpp[1336]24/09 20:26:07 d3d: Query OCCLUSION support: true
I           m3dapp.cpp[1336]24/09 20:26:07 d3d: Query TIMESTAMP support: true
I           m3dapp.cpp[1336]24/09 20:26:07 d3d: Query TIMESTAMPDISJOINT support: true
I           m3dapp.cpp[1336]24/09 20:26:07 d3d: Query TIMESTAMPFREQ support: true
I           m3dapp.cpp[1336]24/09 20:26:07 d3d: Query PIPELINETIMINGS support: false
I           m3dapp.cpp[1336]24/09 20:26:07 d3d: Query INTERFACETIMINGS support: false
I           m3dapp.cpp[1336]24/09 20:26:07 d3d: Query VERTEXTIMINGS support: false
I           m3dapp.cpp[1336]24/09 20:26:07 d3d: Query PIXELTIMINGS support: false
I           m3dapp.cpp[1336]24/09 20:26:07 d3d: Query BANDWIDTHTIMINGS support: false
I           m3dapp.cpp[1336]24/09 20:26:07 d3d: Query CACHEUTILIZATION support: false
I           m3dapp.cpp[1336]24/09 20:26:07 d3d: Creating or resetting the device
I           m3dapp.cpp[1336]24/09 20:26:07 d3d: Back buffer format: X8R8G8B8
I           m3dapp.cpp[1336]24/09 20:26:07 d3d: Depth/stencil buffer format: D24S8
I           m3dapp.cpp[1336]24/09 20:26:07 d3d: Stenciling: off
I           m3dapp.cpp[1336]24/09 20:26:07 d3d: Rgba textures format: DXT5
I           m3dapp.cpp[1336]24/09 20:26:07 d3d: Rgba no c. textures format: A8R8G8B8
I           m3dapp.cpp[1336]24/09 20:26:07 d3d: RgbA textures format: DXT5
I           m3dapp.cpp[1336]24/09 20:26:07 d3d: RgbA no c. textures format: A4R4G4B4
I           m3dapp.cpp[1336]24/09 20:26:07 d3d: Rt textures format: A8R8G8B8
I           m3dapp.cpp[1336]24/09 20:26:07 d3d: Shadow textures format: R5G6B5
I           m3dapp.cpp[1336]24/09 20:26:07 d3d: Rt depth format: D16
I           m3dapp.cpp[2206]24/09 20:26:07 NOTE! input is bind to input_di8.dll
I           m3dapp.cpp[1938]24/09 20:26:07 NOTE! sound is bind to sound.dll
I           m3dapp.cpp[1343]24/09 20:26:07 snd: Max sound channels available: 128
I           m3dapp.cpp[1343]24/09 20:26:07 snd: Sound is inited successfully
I           m3dapp.cpp[1350]24/09 20:26:07 input: Joystick not found
I             font.cpp[0976]24/09 20:26:07 FontManager: fonts are loaded successfully
I           m3dapp.cpp[1336]24/09 20:26:08 d3d: Cannot open data\models\logos\fishmen.dds
I           m3dapp.cpp[1336]24/09 20:26:08 d3d: texmap failed to load: data\models\logos\fishmen.dds
E       DraftModel.cpp[1002]24/09 20:26:08 Error: Couldn't load texture data\models\logos\fishmen.dds for model logos.gam
I           m3dapp.cpp[1336]24/09 20:26:08 d3d: Cannot open data\models\logos\logo32.dds
I           m3dapp.cpp[1336]24/09 20:26:08 d3d: texmap failed to load: data\models\logos\logo32.dds
E       DraftModel.cpp[1002]24/09 20:26:08 Error: Couldn't load texture data\models\logos\logo32.dds for model logos.gam
I           m3dapp.cpp[1336]24/09 20:26:08 d3d: Cannot open data\models\logos\logo33.dds
I           m3dapp.cpp[1336]24/09 20:26:08 d3d: texmap failed to load: data\models\logos\logo33.dds
E       DraftModel.cpp[1002]24/09 20:26:08 Error: Couldn't load texture data\models\logos\logo33.dds for model logos.gam
I           m3dapp.cpp[1336]24/09 20:26:08 d3d: Cannot open data\models\logos\logo34.dds
I           m3dapp.cpp[1336]24/09 20:26:08 d3d: texmap failed to load: data\models\logos\logo34.dds
E       DraftModel.cpp[1002]24/09 20:26:08 Error: Couldn't load texture data\models\logos\logo34.dds for model logos.gam
I           m3dapp.cpp[1336]24/09 20:26:08 d3d: Cannot open data\models\logos\logo35.dds
I           m3dapp.cpp[1336]24/09 20:26:08 d3d: texmap failed to load: data\models\logos\logo35.dds
E       DraftModel.cpp[1002]24/09 20:26:08 Error: Couldn't load texture data\models\logos\logo35.dds for model logos.gam
I           m3dapp.cpp[1336]24/09 20:26:08 d3d: Cannot open data\models\logos\logo36.dds
I           m3dapp.cpp[1336]24/09 20:26:08 d3d: texmap failed to load: data\models\logos\logo36.dds
E       DraftModel.cpp[1002]24/09 20:26:08 Error: Couldn't load texture data\models\logos\logo36.dds for model logos.gam
I           m3dapp.cpp[1336]24/09 20:26:08 d3d: Cannot open data\models\logos\logo37.dds
I           m3dapp.cpp[1336]24/09 20:26:08 d3d: texmap failed to load: data\models\logos\logo37.dds
E       DraftModel.cpp[1002]24/09 20:26:08 Error: Couldn't load texture data\models\logos\logo37.dds for model logos.gam
I           m3dapp.cpp[1336]24/09 20:26:08 d3d: Cannot open data\models\logos\logo38.dds
I           m3dapp.cpp[1336]24/09 20:26:08 d3d: texmap failed to load: data\models\logos\logo38.dds
E       DraftModel.cpp[1002]24/09 20:26:08 Error: Couldn't load texture data\models\logos\logo38.dds for model logos.gam
I           m3dapp.cpp[1336]24/09 20:26:08 d3d: Cannot open data\models\logos\logo39.dds
I           m3dapp.cpp[1336]24/09 20:26:08 d3d: texmap failed to load: data\models\logos\logo39.dds
E       DraftModel.cpp[1002]24/09 20:26:08 Error: Couldn't load texture data\models\logos\logo39.dds for model logos.gam
I           m3dapp.cpp[1336]24/09 20:26:08 d3d: Cannot open data\models\logos\logo40.dds
I           m3dapp.cpp[1336]24/09 20:26:08 d3d: texmap failed to load: data\models\logos\logo40.dds
E       DraftModel.cpp[1002]24/09 20:26:08 Error: Couldn't load texture data\models\logos\logo40.dds for model logos.gam
I           m3dapp.cpp[1336]24/09 20:26:08 d3d: Cannot open data\models\logos\logo41.dds
I           m3dapp.cpp[1336]24/09 20:26:08 d3d: texmap failed to load: data\models\logos\logo41.dds
E       DraftModel.cpp[1002]24/09 20:26:08 Error: Couldn't load texture data\models\logos\logo41.dds for model logos.gam
I           m3dapp.cpp[1336]24/09 20:26:08 d3d: Cannot open data\models\logos\logo42.dds
I           m3dapp.cpp[1336]24/09 20:26:08 d3d: texmap failed to load: data\models\logos\logo42.dds
E       DraftModel.cpp[1002]24/09 20:26:08 Error: Couldn't load texture data\models\logos\logo42.dds for model logos.gam
I           m3dapp.cpp[1336]24/09 20:26:08 d3d: Cannot open data\models\logos\logo43.dds
I           m3dapp.cpp[1336]24/09 20:26:08 d3d: texmap failed to load: data\models\logos\logo43.dds
E       DraftModel.cpp[1002]24/09 20:26:08 Error: Couldn't load texture data\models\logos\logo43.dds for model logos.gam
I           m3dapp.cpp[1336]24/09 20:26:08 d3d: Cannot open data\models\logos\logo44.dds
I           m3dapp.cpp[1336]24/09 20:26:08 d3d: texmap failed to load: data\models\logos\logo44.dds
E       DraftModel.cpp[1002]24/09 20:26:08 Error: Couldn't load texture data\models\logos\logo44.dds for model logos.gam
I           m3dapp.cpp[1336]24/09 20:26:08 d3d: Cannot open data\models\logos\logo45.dds
I           m3dapp.cpp[1336]24/09 20:26:08 d3d: texmap failed to load: data\models\logos\logo45.dds
E       DraftModel.cpp[1002]24/09 20:26:08 Error: Couldn't load texture data\models\logos\logo45.dds for model logos.gam
I           m3dapp.cpp[1336]24/09 20:26:08 d3d: Cannot open data\models\logos\logo46.dds
I           m3dapp.cpp[1336]24/09 20:26:08 d3d: texmap failed to load: data\models\logos\logo46.dds
E       DraftModel.cpp[1002]24/09 20:26:08 Error: Couldn't load texture data\models\logos\logo46.dds for model logos.gam
I           m3dapp.cpp[1336]24/09 20:26:08 d3d: Cannot open data\models\logos\logo47.dds
I           m3dapp.cpp[1336]24/09 20:26:08 d3d: texmap failed to load: data\models\logos\logo47.dds
E       DraftModel.cpp[1002]24/09 20:26:08 Error: Couldn't load texture data\models\logos\logo47.dds for model logos.gam
I           m3dapp.cpp[1336]24/09 20:26:08 d3d: Cannot open data\models\logos\logo48.dds
I           m3dapp.cpp[1336]24/09 20:26:08 d3d: texmap failed to load: data\models\logos\logo48.dds
E       DraftModel.cpp[1002]24/09 20:26:08 Error: Couldn't load texture data\models\logos\logo48.dds for model logos.gam
I           m3dapp.cpp[1336]24/09 20:26:08 d3d: Cannot open data\models\logos\logo49.dds
I           m3dapp.cpp[1336]24/09 20:26:08 d3d: texmap failed to load: data\models\logos\logo49.dds
E       DraftModel.cpp[1002]24/09 20:26:08 Error: Couldn't load texture data\models\logos\logo49.dds for model logos.gam
I           m3dapp.cpp[1336]24/09 20:26:08 d3d: Cannot open data\models\logos\logo50.dds
I           m3dapp.cpp[1336]24/09 20:26:08 d3d: texmap failed to load: data\models\logos\logo50.dds
E       DraftModel.cpp[1002]24/09 20:26:08 Error: Couldn't load texture data\models\logos\logo50.dds for model logos.gam
I           m3dapp.cpp[1336]24/09 20:26:08 d3d: Cannot open data\models\logos\logo51.dds
I           m3dapp.cpp[1336]24/09 20:26:08 d3d: texmap failed to load: data\models\logos\logo51.dds
E       DraftModel.cpp[1002]24/09 20:26:08 Error: Couldn't load texture data\models\logos\logo51.dds for model logos.gam
I           m3dapp.cpp[1336]24/09 20:26:08 d3d: Cannot open data\models\logos\logo52.dds
I           m3dapp.cpp[1336]24/09 20:26:08 d3d: texmap failed to load: data\models\logos\logo52.dds
E       DraftModel.cpp[1002]24/09 20:26:08 Error: Couldn't load texture data\models\logos\logo52.dds for model logos.gam
I           m3dapp.cpp[1336]24/09 20:26:08 d3d: Cannot open data\models\logos\logo53.dds
I           m3dapp.cpp[1336]24/09 20:26:08 d3d: texmap failed to load: data\models\logos\logo53.dds
E       DraftModel.cpp[1002]24/09 20:26:08 Error: Couldn't load texture data\models\logos\logo53.dds for model logos.gam
I           m3dapp.cpp[1336]24/09 20:26:08 d3d: Cannot open data\models\logos\logo54.dds
I           m3dapp.cpp[1336]24/09 20:26:08 d3d: texmap failed to load: data\models\logos\logo54.dds
E       DraftModel.cpp[1002]24/09 20:26:08 Error: Couldn't load texture data\models\logos\logo54.dds for model logos.gam
I           m3dapp.cpp[1336]24/09 20:26:08 d3d: Cannot open data\models\logos\logo55.dds
I           m3dapp.cpp[1336]24/09 20:26:08 d3d: texmap failed to load: data\models\logos\logo55.dds
E       DraftModel.cpp[1002]24/09 20:26:08 Error: Couldn't load texture data\models\logos\logo55.dds for model logos.gam
I           m3dapp.cpp[1336]24/09 20:26:08 d3d: Cannot open data\models\logos\logo56.dds
I           m3dapp.cpp[1336]24/09 20:26:08 d3d: texmap failed to load: data\models\logos\logo56.dds
E       DraftModel.cpp[1002]24/09 20:26:08 Error: Couldn't load texture data\models\logos\logo56.dds for model logos.gam
I           m3dapp.cpp[1336]24/09 20:26:08 d3d: Cannot open data\models\logos\logo57.dds
I           m3dapp.cpp[1336]24/09 20:26:08 d3d: texmap failed to load: data\models\logos\logo57.dds
E       DraftModel.cpp[1002]24/09 20:26:08 Error: Couldn't load texture data\models\logos\logo57.dds for model logos.gam
I           m3dapp.cpp[1336]24/09 20:26:08 d3d: Cannot open data\models\logos\logo58.dds
I           m3dapp.cpp[1336]24/09 20:26:08 d3d: texmap failed to load: data\models\logos\logo58.dds
E       DraftModel.cpp[1002]24/09 20:26:08 Error: Couldn't load texture data\models\logos\logo58.dds for model logos.gam
I           m3dapp.cpp[1336]24/09 20:26:08 d3d: Cannot open data\models\logos\logo59.dds
I           m3dapp.cpp[1336]24/09 20:26:08 d3d: texmap failed to load: data\models\logos\logo59.dds
E       DraftModel.cpp[1002]24/09 20:26:08 Error: Couldn't load texture data\models\logos\logo59.dds for model logos.gam
I           m3dapp.cpp[1336]24/09 20:26:08 d3d: Cannot open data\models\logos\logo60.dds
I           m3dapp.cpp[1336]24/09 20:26:08 d3d: texmap failed to load: data\models\logos\logo60.dds
E       DraftModel.cpp[1002]24/09 20:26:08 Error: Couldn't load texture data\models\logos\logo60.dds for model logos.gam
I           m3dapp.cpp[1336]24/09 20:26:08 d3d: Cannot open data\models\logos\logo61.dds
I           m3dapp.cpp[1336]24/09 20:26:08 d3d: texmap failed to load: data\models\logos\logo61.dds
E       DraftModel.cpp[1002]24/09 20:26:08 Error: Couldn't load texture data\models\logos\logo61.dds for model logos.gam
I           m3dapp.cpp[1336]24/09 20:26:08 d3d: Cannot open data\models\logos\logo62.dds
I           m3dapp.cpp[1336]24/09 20:26:08 d3d: texmap failed to load: data\models\logos\logo62.dds
E       DraftModel.cpp[1002]24/09 20:26:08 Error: Couldn't load texture data\models\logos\logo62.dds for model logos.gam
I           m3dapp.cpp[1336]24/09 20:26:08 d3d: Cannot open data\models\logos\logo63.dds
I           m3dapp.cpp[1336]24/09 20:26:08 d3d: texmap failed to load: data\models\logos\logo63.dds
E       DraftModel.cpp[1002]24/09 20:26:08 Error: Couldn't load texture data\models\logos\logo63.dds for model logos.gam
I           m3dapp.cpp[1336]24/09 20:26:08 d3d: Cannot open data\models\logos\logo64.dds
I           m3dapp.cpp[1336]24/09 20:26:08 d3d: texmap failed to load: data\models\logos\logo64.dds
E       DraftModel.cpp[1002]24/09 20:26:08 Error: Couldn't load texture data\models\logos\logo64.dds for model logos.gam
I           m3dapp.cpp[1336]24/09 20:26:08 d3d: Cannot open data\models\logos\logo65.dds
I           m3dapp.cpp[1336]24/09 20:26:08 d3d: texmap failed to load: data\models\logos\logo65.dds
E       DraftModel.cpp[1002]24/09 20:26:08 Error: Couldn't load texture data\models\logos\logo65.dds for model logos.gam
I           m3dapp.cpp[1336]24/09 20:26:08 d3d: Cannot open data\models\logos\logo66.dds
I           m3dapp.cpp[1336]24/09 20:26:08 d3d: texmap failed to load: data\models\logos\logo66.dds
E       DraftModel.cpp[1002]24/09 20:26:08 Error: Couldn't load texture data\models\logos\logo66.dds for model logos.gam
I           m3dapp.cpp[1336]24/09 20:26:08 d3d: Cannot open data\models\logos\logo67.dds
I           m3dapp.cpp[1336]24/09 20:26:08 d3d: texmap failed to load: data\models\logos\logo67.dds
E       DraftModel.cpp[1002]24/09 20:26:08 Error: Couldn't load texture data\models\logos\logo67.dds for model logos.gam
I           m3dapp.cpp[1336]24/09 20:26:08 d3d: Cannot open data\models\logos\logo68.dds
I           m3dapp.cpp[1336]24/09 20:26:08 d3d: texmap failed to load: data\models\logos\logo68.dds
E       DraftModel.cpp[1002]24/09 20:26:08 Error: Couldn't load texture data\models\logos\logo68.dds for model logos.gam
I           m3dapp.cpp[1336]24/09 20:26:08 d3d: Cannot open data\models\logos\logo69.dds
I           m3dapp.cpp[1336]24/09 20:26:08 d3d: texmap failed to load: data\models\logos\logo69.dds
E       DraftModel.cpp[1002]24/09 20:26:08 Error: Couldn't load texture data\models\logos\logo69.dds for model logos.gam
I           m3dapp.cpp[1336]24/09 20:26:08 d3d: Cannot open data\models\logos\logo70.dds
I           m3dapp.cpp[1336]24/09 20:26:08 d3d: texmap failed to load: data\models\logos\logo70.dds
E       DraftModel.cpp[1002]24/09 20:26:08 Error: Couldn't load texture data\models\logos\logo70.dds for model logos.gam
I      gameimpulse.cpp[0288]24/09 20:26:08 Key bindings: were inited successfully
I           view32.cpp[0705]24/09 20:26:08 --- Init Media ---
I    GameUiManager.cpp[0303]24/09 20:26:08 Interface: is initializing...
I    GameUiManager.cpp[1580]24/09 20:26:08 Interface: clearing resource infos ...
I    GameUiManager.cpp[1491]24/09 20:26:08 Interface: loading resource infos ...
I    GameUiManager.cpp[1603]24/09 20:26:08 Interface: loading resources ...
I           m3dapp.cpp[1343]24/09 20:26:08 snd: Error: Can't Open SoundFile: 
I           m3dapp.cpp[1343]24/09 20:26:08 snd: Cannot open sound stream from file . Error: File not found, flags: 8272
I    GameUiManager.cpp[0395]24/09 20:26:08 Interface: is inited successfully
I        LevelInfo.cpp[0806]24/09 20:26:08 Level infos were loaded successfully from file data\if\diz\LevelInfo.xml
I        LevelInfo.cpp[0837]24/09 20:26:08 Error: could't open data\maps\r1m8.ssl file
E        LevelInfo.cpp[0749]24/09 20:26:08 LevelInfoManager was inited with errors
I   TruxxUiManager.cpp[0191]24/09 20:26:08 TruxxUiManager: was inited successfully
I      gameimpulse.cpp[0618]24/09 20:26:08 Key bindings: unbind all is done
I      gameimpulse.cpp[0324]24/09 20:26:08 Key bindings: were loaded successfully from file data\scripts\DefaultKeyBindings.lua
I      gameimpulse.cpp[1194]24/09 20:26:08 Key bindings: were bind from defaults
I            video.cpp[0704]24/09 20:26:08 Could not load specified video file: data\video\logobuka.wmv (hr = 80070003)
I     view32_video.cpp[0061]24/09 20:26:08 Error: couldn't load video 'data\video\logobuka.wmv'
I            video.cpp[0704]24/09 20:26:08 Could not load specified video file: data\video\logotargem.wmv (hr = 80070003)
I     view32_video.cpp[0061]24/09 20:26:08 Error: couldn't load video 'data\video\logotargem.wmv'
I            video.cpp[0704]24/09 20:26:08 Could not load specified video file: data\video\INTRO_RUS_FIELD.wmv (hr = 80070003)
I     view32_video.cpp[0061]24/09 20:26:08 Error: couldn't load video 'data\video\INTRO_RUS_FIELD.wmv'
I             core.lua[0013]24/09 20:26:08 IMPROVED STORYLINE V1.0.5.3 ORIGINAL BUILD 220422
I           m3dapp.cpp[1808]24/09 20:26:08 ----------------------- Engine inited in: 0
I          Profile.cpp[0602]24/09 20:26:08 Profile "RiverZone" set
I   TruxxUiManager.cpp[1422]24/09 20:26:08 Game mode changed. Old mode = 3, new mode = 2
I        SplashWnd.cpp[0244]24/09 20:26:08 Start splashing 11
I           view32.cpp[1048]24/09 20:26:08 -- Loading Level: data\maps\mainmenu.ssl --
I            world.cpp[0132]24/09 20:26:08 ----------------------- World Loading
F        landscape.cpp[1674]24/09 20:26:08  +- Enter function: Landscape::Load()
I        landscape.cpp[1911]24/09 20:26:08  |  ----------------------- Normal map loaded in: 1
I        landscape.cpp[1920]24/09 20:26:08  |  ----------------------- Tiles loaded in: 14
I        landscape.cpp[1944]24/09 20:26:08  |  ----------------------- ShoreLine loaded in: 0
F        landscape.cpp[1944]24/09 20:26:08  +- Exit function: Landscape::Load()
I            world.cpp[0169]24/09 20:26:08 ----------------------- Landscape loaded in: 57
I       DataServer.cpp[0587]24/09 20:26:08 Loading Servers: data\maps\MainMenu\servers.xml
I serverAnimatedModel.cpp[0630]24/09 20:26:09 ### Total time: 782, GAM time: 295
I       DataServer.cpp[0587]24/09 20:26:09 Loading Servers: data\models\commonservers.xml
E      serverMusic.cpp[0216]24/09 20:26:10 MusicServer: cannot read file: data\music\music.xml id = 'LaBelleTown'
E      serverMusic.cpp[0216]24/09 20:26:10 MusicServer: cannot read file: data\music\music.xml id = 'block6_driving2'
I            world.cpp[0210]24/09 20:26:10 ----------------------- Servers loaded in: 2197
I            world.cpp[0338]24/09 20:26:10 LoadWorld begin...
I            world.cpp[0350]24/09 20:26:10 %%%% read/parse xml: 6
I            world.cpp[0362]24/09 20:26:10 %%%% read from xml: 2
E    PlayerPassMap.cpp[0139]24/09 20:26:10 Couldn't load player pass map from file data\maps\MainMenu\player_passmap.xml
I            world.cpp[0444]24/09 20:26:10 %%%% link nodes: 8
I            world.cpp[0220]24/09 20:26:10 ----------------------- Nodes loaded in: 17
I            world.cpp[0228]24/09 20:26:10 ----------------------- Prefabs loaded in: 0
I            world.cpp[0247]24/09 20:26:11 ----------------------- World loaded in: 2347
I            world.cpp[0278]24/09 20:26:11 ----------------------- Roads loaded in: 65
I           view32.cpp[1078]24/09 20:26:11 Load Server begin...
I   TruxxUiManager.cpp[0974]24/09 20:26:11 Interface: is loaded successfully
I           server.cpp[0789]24/09 20:26:11 AI: Loading Server...
I           server.cpp[0796]24/09 20:26:11 	AI: Loading Relationship
I     Relationship.cpp[0134]24/09 20:26:11 		 File readed
I           server.cpp[0801]24/09 20:26:11 	AI: Loading SoilProps
I           server.cpp[0804]24/09 20:26:11 	AI: Loading ExternalPaths
I           server.cpp[0807]24/09 20:26:11 	AI: Loading PlayerPassMap
E    PlayerPassMap.cpp[0139]24/09 20:26:11 Couldn't load player pass map from file data\maps\MainMenu\player_passmap.xml
I           server.cpp[0813]24/09 20:26:11 	AI: Loading GameObjects
I           server.cpp[0816]24/09 20:26:11 	AI: Initializing VehicleGeneratorInfoCache
I           server.cpp[0820]24/09 20:26:11 	AI: Refreshing GameObjects
I           server.cpp[0824]24/09 20:26:11 	AI: Loading QuestStates
I       QuestState.cpp[0904]24/09 20:26:11 Quest 'Human1_Quest1' can be given now
I       QuestState.cpp[0904]24/09 20:26:11 Quest 'Human1_Quest2' can be given now
I       QuestState.cpp[0904]24/09 20:26:11 Quest 'BenGoodEnd' can be given now
I       QuestState.cpp[0904]24/09 20:26:11 Quest 'q_PlaceWithSign' can be given now
I       QuestState.cpp[0904]24/09 20:26:11 Quest 'r3m2_OracleMemory' can be given now
I       QuestState.cpp[0904]24/09 20:26:11 Quest 'r3m2_TalkWithLisa' can be given now
I       QuestState.cpp[0904]24/09 20:26:11 Quest 'r3m2_TalkWithBenAboutCarAfterOracul' can be given now
I       QuestState.cpp[0904]24/09 20:26:11 Quest 'r3m2_FindInfoAboutFather' can be given now
I       QuestState.cpp[0904]24/09 20:26:11 Quest 'r3m1_LureMainDriud' can be given now
I       QuestState.cpp[0904]24/09 20:26:11 Quest 'r3m1_ClearSanctuary' can be given now
I       QuestState.cpp[0904]24/09 20:26:11 Quest 'r3m1_KnowAboutUluk' can be given now
I       QuestState.cpp[0904]24/09 20:26:11 Quest 'r3m1_RescueUlukCivil' can be given now
I       QuestState.cpp[0904]24/09 20:26:11 Quest 'q_VisitDruid' can be given now
I       QuestState.cpp[0904]24/09 20:26:11 Quest 'r2m2_Znaki2_Quest' can be given now
I       QuestState.cpp[0904]24/09 20:26:11 Quest 'r2m2_HeadsHunterQuest' can be given now
I       QuestState.cpp[0904]24/09 20:26:11 Quest 'r2m2_OldDvigatel1_Quest' can be given now
I       QuestState.cpp[0904]24/09 20:26:11 Quest 'r2m2_OldDvigatel2_Quest' can be given now
I       QuestState.cpp[0904]24/09 20:26:11 Quest 'r2m2_FightFelix' can be given now
I       QuestState.cpp[0904]24/09 20:26:11 Quest 'r2m2_ReturnToMarecciaFromCastle' can be given now
I       QuestState.cpp[0904]24/09 20:26:11 Quest 'r2m2_FightWithAxelInArena_Quest' can be given now
I       QuestState.cpp[0904]24/09 20:26:11 Quest 'r2m2_FindLisAfterAxelAndFatherDie_Quest' can be given now
I       QuestState.cpp[0904]24/09 20:26:11 Quest 'r2m2_ToLisaToMonastir' can be given now
I       QuestState.cpp[0904]24/09 20:26:11 Quest 'r2m2_FightLisaToMonastir' can be given now
I       QuestState.cpp[0904]24/09 20:26:11 Quest 'r2m2_GiveDisk2ToOrakul' can be given now
I       QuestState.cpp[0904]24/09 20:26:11 Quest 'MrShlyapa3_Quest' can be given now
I       QuestState.cpp[0904]24/09 20:26:11 Quest 'r2m1_ArtAntipod_Quest' can be given now
I       QuestState.cpp[0904]24/09 20:26:11 Quest 'r2m1_TakeNarcotics_Quest' can be given now
I       QuestState.cpp[0904]24/09 20:26:11 Quest 'r2m1_KillGodFather_Quest' can be given now
I       QuestState.cpp[0904]24/09 20:26:11 Quest 'MrShlyapaSecret' can be given now
I       QuestState.cpp[0904]24/09 20:26:11 Quest 'd_GetSupportOneOfTheBands2_Quest' can be given now
I       QuestState.cpp[0904]24/09 20:26:11 Quest 'd_GetSupportOneOfTheBands1_Quest' can be given now
I       QuestState.cpp[0904]24/09 20:26:11 Quest 'd_FindVerbInAR_Quest' can be given now
I       QuestState.cpp[0904]24/09 20:26:11 Quest 'd_FindVerbInSNG_Quest' can be given now
I       QuestState.cpp[0904]24/09 20:26:11 Quest 'd_PatrulSideSNG_Quest' can be given now
I       QuestState.cpp[0904]24/09 20:26:11 Quest 'd_TakeGeneralOfBandits_Quest' can be given now
I       QuestState.cpp[0904]24/09 20:26:11 Quest 'r2m1_TW_AlienInShip' can be given now
I       QuestState.cpp[0904]24/09 20:26:11 Quest 'Podderzhka_Quest' can be given now
I       QuestState.cpp[0904]24/09 20:26:11 Quest 'Zashita_Quest' can be given now
I       QuestState.cpp[0904]24/09 20:26:11 Quest 'preEretik_Quest' can be given now
I       QuestState.cpp[0904]24/09 20:26:11 Quest 'ReturnQuest' can be given now
I       QuestState.cpp[0904]24/09 20:26:11 Quest 'd_FindVerbInAM_Quest' can be given now
I       QuestState.cpp[0904]24/09 20:26:11 Quest 'OdettIsDead_Quest' can be given now
I       QuestState.cpp[0904]24/09 20:26:11 Quest 'Disk2OrakulLisa' can be given now
I       QuestState.cpp[0904]24/09 20:26:11 Quest 'FindGomerB_Quest1' can be given now
I       QuestState.cpp[0904]24/09 20:26:11 Quest 'FreeExtremistLeader_Quest1' can be given now
I       QuestState.cpp[0904]24/09 20:26:11 Quest 'KillExtremist_Quest1' can be given now
I       QuestState.cpp[0904]24/09 20:26:11 Quest 'r1m4_TalkWithOldTraderAboutSecondDisk' can be given now
I       QuestState.cpp[0904]24/09 20:26:11 Quest 'q_FindHusbent' can be given now
I       QuestState.cpp[0904]24/09 20:26:11 Quest 'RybakToOlm_Quest' can be given now
I       QuestState.cpp[0904]24/09 20:26:11 Quest 'AnanagaTech_Quest' can be given now
I       QuestState.cpp[0904]24/09 20:26:11 Quest 'MrShlyapa2_Quest' can be given now
I       QuestState.cpp[0904]24/09 20:26:11 Quest 'ToCordanToTikhomir_Quest' can be given now
I       QuestState.cpp[0904]24/09 20:26:11 Quest 'r1m3_BonnyAndKlideQuest' can be given now
I       QuestState.cpp[0904]24/09 20:26:11 Quest 'r1m3_ArchHelp' can be given now
I       QuestState.cpp[0904]24/09 20:26:11 Quest 'r1m3_CrazyManQuest' can be given now
I       QuestState.cpp[0904]24/09 20:26:11 Quest 'r1m3_OldTownOutsiderCar2_Quest' can be given now
I       QuestState.cpp[0904]24/09 20:26:11 Quest 'FightForPesht' can be given now
I       QuestState.cpp[0904]24/09 20:26:11 Quest 'd_RideAcrossBase_Quest' can be given now
I       QuestState.cpp[0904]24/09 20:26:11 Quest 'd_GiveMoneyToBase_Quest' can be given now
I       QuestState.cpp[0904]24/09 20:26:11 Quest 'd_GetBomb_Quest' can be given now
I       QuestState.cpp[0904]24/09 20:26:11 Quest 'd_IntrigaOfMerMinin_Quest' can be given now
I       QuestState.cpp[0904]24/09 20:26:11 Quest 'd_MoveFreelancersToOilMine_Quest' can be given now
I       QuestState.cpp[0904]24/09 20:26:11 Quest 'd_MoveCanistraToMinin_Quest' can be given now
I       QuestState.cpp[0904]24/09 20:26:11 Quest 'd_OpenTunel_Quest' can be given now
I       QuestState.cpp[0904]24/09 20:26:11 Quest 'r1m3_TalkWithThiefFromFatherHouse' can be given now
I       QuestState.cpp[0904]24/09 20:26:11 Quest 'r1m3_MoveToOraculAfterThief' can be given now
I       QuestState.cpp[0904]24/09 20:26:11 Quest 'r1m3_ToLisaToAsgard' can be given now
I       QuestState.cpp[0904]24/09 20:26:11 Quest 'r1m3_TW_OralceAboutAlien' can be given now
I       QuestState.cpp[0904]24/09 20:26:11 Quest 'r1m3_DestroyRadiationSource' can be given now
I       QuestState.cpp[0904]24/09 20:26:11 Quest 'r2m1_DestroyAlienShip' can be given now
I       QuestState.cpp[0904]24/09 20:26:11 Quest 'd_PayWorkersMoney_Quest' can be given now
I       QuestState.cpp[0904]24/09 20:26:11 Quest 'r2m1_TW_SellsCivilian' can be given now
I       QuestState.cpp[0904]24/09 20:26:11 Quest 'MorskieVrata2_Quest' can be given now
I       QuestState.cpp[0904]24/09 20:26:11 Quest 'Zachisti1_Quest' can be given now
I       QuestState.cpp[0904]24/09 20:26:11 Quest 'LisaVPeshte' can be given now
I       QuestState.cpp[0904]24/09 20:26:11 Quest 'LisaUBena' can be given now
I       QuestState.cpp[0904]24/09 20:26:11 Quest 'WhereSigns_Quest' can be given now
I       QuestState.cpp[0904]24/09 20:26:11 Quest 'CombatInKollizey_Quest' can be given now
I       QuestState.cpp[0904]24/09 20:26:11 Quest 'BuyKollizey_Quest' can be given now
I       QuestState.cpp[0904]24/09 20:26:11 Quest 'Kollizey_Quest' can be given now
I       QuestState.cpp[0904]24/09 20:26:11 Quest 'HelpRuins_Quest' can be given now
I       QuestState.cpp[0904]24/09 20:26:11 Quest 'DestroyRuins_Quest' can be given now
I       QuestState.cpp[0904]24/09 20:26:11 Quest 'DestroyRuins2_Quest' can be given now
I       QuestState.cpp[0904]24/09 20:26:11 Quest 'Signs_Quest' can be given now
I       QuestState.cpp[0904]24/09 20:26:11 Quest 'MrShlyapa1_Quest' can be given now
I       QuestState.cpp[0904]24/09 20:26:11 Quest 'FindBen2_Quest' can be given now
I       QuestState.cpp[0904]24/09 20:26:11 Quest 'd_FindHouseOfBen_Quest' can be given now
I       QuestState.cpp[0904]24/09 20:26:11 Quest 'r1m2_TW_BanAboutAlien' can be given now
I       QuestState.cpp[0904]24/09 20:26:11 Quest 'r1m3_DestroyOracle' can be given now
I       QuestState.cpp[0904]24/09 20:26:11 Quest 'Pomiritsa_Quest' can be given now
I       QuestState.cpp[0904]24/09 20:26:11 Quest 'VYar_Quest' can be given now
I       QuestState.cpp[0904]24/09 20:26:11 Quest 'FindBenMZ_Quest' can be given now
I       QuestState.cpp[0904]24/09 20:26:11 Quest 'QuickFindBen' can be given now
I       QuestState.cpp[0904]24/09 20:26:11 Quest 'OpenMid_Quest' can be given now
I       QuestState.cpp[0904]24/09 20:26:11 Quest 'TalkBeforeDesert' can be given now
I       QuestState.cpp[0904]24/09 20:26:11 Quest 'ZashitaGotova' can be given now
I       QuestState.cpp[0904]24/09 20:26:11 Quest 'FakeQuest1' can be given now
I       QuestState.cpp[0904]24/09 20:26:11 Quest 'Chehly_Quest' can be given now
I       QuestState.cpp[0904]24/09 20:26:11 Quest 'WorkGiver_Quest1' can be given now
I       QuestState.cpp[0904]24/09 20:26:11 Quest 'd_PunishBandits_Quest' can be given now
I       QuestState.cpp[0904]24/09 20:26:11 Quest 'r1m1_Hospital_Quest' can be given now
I       QuestState.cpp[0904]24/09 20:26:11 Quest 'r1m1_Botanik_Quest' can be given now
I       QuestState.cpp[0904]24/09 20:26:11 Quest 'r1m1_FindBotanik_Quest' can be given now
I       QuestState.cpp[0904]24/09 20:26:11 Quest 'Buyer_Quest1' can be given now
I       QuestState.cpp[0904]24/09 20:26:11 Quest 'FirstTimePlay' can be given now
I       QuestState.cpp[0904]24/09 20:26:11 Quest 'TalkWithFather_Quest' can be given now
I       QuestState.cpp[0904]24/09 20:26:11 Quest 'LisaAtSouth' can be given now
I       QuestState.cpp[0904]24/09 20:26:11 Quest 'FindBen_Quest' can be given now
I       QuestState.cpp[0904]24/09 20:26:11 Quest 'FindBenAgain_Quest' can be given now
I       QuestState.cpp[0904]24/09 20:26:11 Quest 'd_SinFather_Quest' can be given now
I       QuestState.cpp[0904]24/09 20:26:11 Quest 'TalkToVasily' can be given now
I       QuestState.cpp[0904]24/09 20:26:11 Quest 'CheckTheEast' can be given now
I       QuestState.cpp[0904]24/09 20:26:11 Quest 'BenSouth_Quest' can be given now
I           server.cpp[0826]24/09 20:26:11 	AI: QuestStates loaded
I           server.cpp[0828]24/09 20:26:11 	AI: Loading DynamicScene
I     DynamicScene.cpp[1470]24/09 20:26:11 		 Scene loading begin
I     DynamicScene.cpp[1472]24/09 20:26:11 		 Scene loading end
I           server.cpp[0837]24/09 20:26:11 	AI: DynamicScene loaded
I           server.cpp[0852]24/09 20:26:11 	AI: Loading Triggers
E           server.cpp[1242]24/09 20:26:11 Error: cannot open data\maps\MainMenu\
I           server.cpp[0855]24/09 20:26:11 	AI: Triggers loaded
I           server.cpp[0857]24/09 20:26:11 	AI: Loading Object Names
E     ObjContainer.cpp[1104]24/09 20:26:11 Error: cannot open data\maps\MainMenu\object_names.xml
I           server.cpp[0868]24/09 20:26:11 	AI: Initing Player
I           server.cpp[0888]24/09 20:26:11 		Before first Update
I   TruxxUiManager.cpp[1422]24/09 20:26:11 Game mode changed. Old mode = 2, new mode = 1
I           server.cpp[0909]24/09 20:26:11 		After first Update
I           server.cpp[0911]24/09 20:26:11 AI: Finished Loading Server
I           view32.cpp[1106]24/09 20:26:11 Load server end
I        QuestInfo.cpp[0847]24/09 20:26:11 Quest infos were loaded successfully from file data\if\diz\QuestInfoGlobal.xml
I        QuestInfo.cpp[0783]24/09 20:26:11 QuestInfo manager was inited successfully
I       MsgManager.cpp[0391]24/09 20:26:11 Can't open file data\maps\MainMenu\strings.xml for read.
I    GameUiManager.cpp[0303]24/09 20:26:11 Interface: is initializing...
I    GameUiManager.cpp[0405]24/09 20:26:11 Interface: is clearing...
I    GameUiManager.cpp[0495]24/09 20:26:11 Interface: is cleared successfully
I    GameUiManager.cpp[0395]24/09 20:26:11 Interface: is inited successfully
I blockMusicManager.cpp[0199]24/09 20:26:11 BlockMusicManager: resetting
I      gameimpulse.cpp[0618]24/09 20:26:11 Key bindings: unbind all is done
I      gameimpulse.cpp[0618]24/09 20:26:11 Key bindings: unbind all is done
I      gameimpulse.cpp[0324]24/09 20:26:11 Key bindings: were loaded successfully from file data/profiles/riverzone\KeyBindings.lua
I      gameimpulse.cpp[1222]24/09 20:26:11 Key bindings: were loaded from profile
I   TruxxUiManager.cpp[1422]24/09 20:26:36 Game mode changed. Old mode = 1, new mode = 1
I        SplashWnd.cpp[0244]24/09 20:26:46 Start splashing 11
I   TruxxUiManager.cpp[1422]24/09 20:26:46 Game mode changed. Old mode = 1, new mode = 0
I    GameUiManager.cpp[0405]24/09 20:26:46 Interface: is clearing...
I    GameUiManager.cpp[0495]24/09 20:26:46 Interface: is cleared successfully
I           view32.cpp[1048]24/09 20:26:46 -- Loading Level: data\maps\r1m9.ssl --
I            world.cpp[0132]24/09 20:26:46 ----------------------- World Loading
F        landscape.cpp[1674]24/09 20:26:46  +- Enter function: Landscape::Load()
I        landscape.cpp[1911]24/09 20:26:46  |  ----------------------- Normal map loaded in: 2
I        landscape.cpp[1920]24/09 20:26:47  |  ----------------------- Tiles loaded in: 861
I        landscape.cpp[1944]24/09 20:26:47  |  ----------------------- ShoreLine loaded in: 0
F        landscape.cpp[1944]24/09 20:26:47  +- Exit function: Landscape::Load()
I            world.cpp[0169]24/09 20:26:47 ----------------------- Landscape loaded in: 920
I       DataServer.cpp[0587]24/09 20:26:47 Loading Servers: data\maps\r1m9\servers.xml
E       DraftModel.cpp[1002]24/09 20:26:49 Error: Couldn't load texture data\models\vehicles\belaz\cab01_mt.dds for model cargov1.gam
E       DraftModel.cpp[1002]24/09 20:26:49 Error: Couldn't load texture data\models\vehicles\belaz\cab01_mt.dds for model cargov1.gam
E       DraftModel.cpp[1002]24/09 20:26:49 Error: Couldn't load texture data\models\vehicles\belaz\cab01_mt.dds for model cargov1.gam
E       DraftModel.cpp[1002]24/09 20:26:49 Error: Couldn't load texture data\models\vehicles\belaz\cab01_mt.dds for model cargov1.gam
E       DraftModel.cpp[1002]24/09 20:26:49 Error: Couldn't load texture data\models\vehicles\belaz\cab01_mt.dds for model cargov1.gam
E       DraftModel.cpp[1002]24/09 20:26:49 Error: Couldn't load texture data\models\vehicles\belaz\cab01_mt.dds for model cargov1.gam
E       DraftModel.cpp[1002]24/09 20:26:49 Error: Couldn't load texture data\models\vehicles\belaz\cab01_mt.dds for model cargov1.gam
E       DraftModel.cpp[1002]24/09 20:26:49 Error: Couldn't load texture data\models\vehicles\belaz\cab01_mt.dds for model cargov1.gam
E       DraftModel.cpp[1002]24/09 20:26:49 Error: Couldn't load texture data\models\vehicles\belaz\cab01_mt.dds for model cargov1.gam
E serverAnimatedModel.cpp[0627]24/09 20:26:50 ServerAnimatedModels: cannot read file: file:data\models\AnimModels.xml id = brick_debris1
E serverAnimatedModel.cpp[0627]24/09 20:26:50 ServerAnimatedModels: cannot read file: file:data\models\AnimModels.xml id = back_exp
E serverAnimatedModel.cpp[0627]24/09 20:26:50 ServerAnimatedModels: cannot read file: file:data\models\AnimModels.xml id = kanistr
E serverAnimatedModel.cpp[0627]24/09 20:26:50 ServerAnimatedModels: cannot read file: file:data\models\AnimModels.xml id = koroldrov
E serverAnimatedModel.cpp[0627]24/09 20:26:50 ServerAnimatedModels: cannot read file: file:data\models\AnimModels.xml id = lom
E serverAnimatedModel.cpp[0627]24/09 20:26:50 ServerAnimatedModels: cannot read file: file:data\models\AnimModels.xml id = rabochee_oborudovanie
E serverAnimatedModel.cpp[0627]24/09 20:26:50 ServerAnimatedModels: cannot read file: file:data\models\AnimModels.xml id = tobacco
E serverAnimatedModel.cpp[0627]24/09 20:26:50 ServerAnimatedModels: cannot read file: file:data\models\AnimModels.xml id = octopus01
E serverAnimatedModel.cpp[0627]24/09 20:26:50 ServerAnimatedModels: cannot read file: file:data\models\AnimModels.xml id = octopus01gun
E serverAnimatedModel.cpp[0627]24/09 20:26:50 ServerAnimatedModels: cannot read file: file:data\models\AnimModels.xml id = big_swingfire01
E serverAnimatedModel.cpp[0627]24/09 20:26:50 ServerAnimatedModels: cannot read file: file:data\models\AnimModels.xml id = big_swingfire01gun
E serverAnimatedModel.cpp[0627]24/09 20:26:50 ServerAnimatedModels: cannot read file: file:data\models\AnimModels.xml id = vulcan01
E serverAnimatedModel.cpp[0627]24/09 20:26:50 ServerAnimatedModels: cannot read file: file:data\models\AnimModels.xml id = vulcan01gun
E serverAnimatedModel.cpp[0627]24/09 20:26:50 ServerAnimatedModels: cannot read file: file:data\models\AnimModels.xml id = rainmetal01
E serverAnimatedModel.cpp[0627]24/09 20:26:50 ServerAnimatedModels: cannot read file: file:data\models\AnimModels.xml id = rainmetal01gun
E serverAnimatedModel.cpp[0627]24/09 20:26:50 ServerAnimatedModels: cannot read file: file:data\models\AnimModels.xml id = rapier01
E serverAnimatedModel.cpp[0627]24/09 20:26:50 ServerAnimatedModels: cannot read file: file:data\models\AnimModels.xml id = rapier01gun
E serverAnimatedModel.cpp[0627]24/09 20:26:50 ServerAnimatedModels: cannot read file: file:data\models\AnimModels.xml id = giant_hurricane01
E serverAnimatedModel.cpp[0627]24/09 20:26:50 ServerAnimatedModels: cannot read file: file:data\models\AnimModels.xml id = giant_hurricane01gun
E serverAnimatedModel.cpp[0627]24/09 20:26:50 ServerAnimatedModels: cannot read file: file:data\models\AnimModels.xml id = meXaNizm
E serverAnimatedModel.cpp[0627]24/09 20:26:50 ServerAnimatedModels: cannot read file: file:data\models\AnimModels.xml id = sml1Susp01
E serverAnimatedModel.cpp[0627]24/09 20:26:50 ServerAnimatedModels: cannot read file: file:data\models\AnimModels.xml id = heavy_dot_brocken2
E serverAnimatedModel.cpp[0627]24/09 20:26:50 ServerAnimatedModels: cannot read file: file:data\models\AnimModels.xml id = heavy_dot_brocken3
E serverAnimatedModel.cpp[0627]24/09 20:26:50 ServerAnimatedModels: cannot read file: file:data\models\AnimModels.xml id = heavy_dot_brocken4
E serverAnimatedModel.cpp[0627]24/09 20:26:50 ServerAnimatedModels: cannot read file: file:data\models\AnimModels.xml id = sack_dot_brocken1
I serverAnimatedModel.cpp[0630]24/09 20:26:50 ### Total time: 3047, GAM time: 2501
I       DataServer.cpp[0587]24/09 20:26:51 Loading Servers: data\models\commonservers.xml
E      serverMusic.cpp[0216]24/09 20:26:51 MusicServer: cannot read file: data\music\music.xml id = 'LaBelleTown'
E      serverMusic.cpp[0216]24/09 20:26:51 MusicServer: cannot read file: data\music\music.xml id = 'block6_driving2'
I            world.cpp[0210]24/09 20:26:51 ----------------------- Servers loaded in: 3591
I            world.cpp[0338]24/09 20:26:51 LoadWorld begin...
I            world.cpp[0350]24/09 20:26:51 %%%% read/parse xml: 66
I            world.cpp[0362]24/09 20:26:51 %%%% read from xml: 54
I            world.cpp[0444]24/09 20:26:51 %%%% link nodes: 52
I            world.cpp[0220]24/09 20:26:51 ----------------------- Nodes loaded in: 176
I            world.cpp[0228]24/09 20:26:51 ----------------------- Prefabs loaded in: 1
I            world.cpp[0247]24/09 20:26:51 ----------------------- World loaded in: 4881
E        GamParser.cpp[0399]24/09 20:26:51 AnimatedModel::LoadGAM -- cannot open file data\models\roads\road_small_highway\small_highway_end.gam-
I      roadManager.cpp[0139]24/09 20:26:51 RoadManager error( model not loaded ): data\models\roads\road_small_highway\small_highway_end.gam-
I            world.cpp[0278]24/09 20:26:51 ----------------------- Roads loaded in: 138
I           view32.cpp[1078]24/09 20:26:51 Load Server begin...
I            Reply.cpp[0415]24/09 20:26:51 Replies were loaded successfully from file data\if\diz\DialogsGlobal.xml
I            Reply.cpp[0415]24/09 20:26:51 Replies were loaded successfully from file data\if\diz\DynamicDialogsGlobal.xml
I            Reply.cpp[0343]24/09 20:26:51 RepliesManager was inited successfully
I    GameUiManager.cpp[1603]24/09 20:26:51 Interface: loading resources ...
I     ObjectsIcons.cpp[0198]24/09 20:26:52 ObjectsIcons::AddIcon warning - ico with id SpeedPointer already exists and wiil be replaced
I    GameUiManager.cpp[1603]24/09 20:26:52 Interface: loading resources ...
I   TruxxUiManager.cpp[0974]24/09 20:26:52 Interface: is loaded successfully
I           server.cpp[0789]24/09 20:26:52 AI: Loading Server...
I           server.cpp[0796]24/09 20:26:52 	AI: Loading Relationship
I     Relationship.cpp[0134]24/09 20:26:52 		 File readed
I           server.cpp[0801]24/09 20:26:52 	AI: Loading SoilProps
I           server.cpp[0804]24/09 20:26:52 	AI: Loading ExternalPaths
I           server.cpp[0807]24/09 20:26:52 	AI: Loading PlayerPassMap
I           server.cpp[0813]24/09 20:26:52 	AI: Loading GameObjects
I           server.cpp[0816]24/09 20:26:52 	AI: Initializing VehicleGeneratorInfoCache
I           server.cpp[0820]24/09 20:26:52 	AI: Refreshing GameObjects
I           server.cpp[0824]24/09 20:26:52 	AI: Loading QuestStates
I       QuestState.cpp[0904]24/09 20:26:52 Quest 'Human1_Quest1' can be given now
I       QuestState.cpp[0904]24/09 20:26:52 Quest 'Human1_Quest2' can be given now
I       QuestState.cpp[0904]24/09 20:26:52 Quest 'BenGoodEnd' can be given now
I       QuestState.cpp[0904]24/09 20:26:52 Quest 'q_PlaceWithSign' can be given now
I       QuestState.cpp[0904]24/09 20:26:52 Quest 'r3m2_OracleMemory' can be given now
I       QuestState.cpp[0904]24/09 20:26:52 Quest 'r3m2_TalkWithLisa' can be given now
I       QuestState.cpp[0904]24/09 20:26:52 Quest 'r3m2_TalkWithBenAboutCarAfterOracul' can be given now
I       QuestState.cpp[0904]24/09 20:26:52 Quest 'r3m2_FindInfoAboutFather' can be given now
I       QuestState.cpp[0904]24/09 20:26:52 Quest 'r3m1_LureMainDriud' can be given now
I       QuestState.cpp[0904]24/09 20:26:52 Quest 'r3m1_ClearSanctuary' can be given now
I       QuestState.cpp[0904]24/09 20:26:52 Quest 'r3m1_KnowAboutUluk' can be given now
I       QuestState.cpp[0904]24/09 20:26:52 Quest 'r3m1_RescueUlukCivil' can be given now
I       QuestState.cpp[0904]24/09 20:26:52 Quest 'q_VisitDruid' can be given now
I       QuestState.cpp[0904]24/09 20:26:52 Quest 'r2m2_Znaki2_Quest' can be given now
I       QuestState.cpp[0904]24/09 20:26:52 Quest 'r2m2_HeadsHunterQuest' can be given now
I       QuestState.cpp[0904]24/09 20:26:52 Quest 'r2m2_OldDvigatel1_Quest' can be given now
I       QuestState.cpp[0904]24/09 20:26:52 Quest 'r2m2_OldDvigatel2_Quest' can be given now
I       QuestState.cpp[0904]24/09 20:26:52 Quest 'r2m2_FightFelix' can be given now
I       QuestState.cpp[0904]24/09 20:26:52 Quest 'r2m2_ReturnToMarecciaFromCastle' can be given now
I       QuestState.cpp[0904]24/09 20:26:52 Quest 'r2m2_FightWithAxelInArena_Quest' can be given now
I       QuestState.cpp[0904]24/09 20:26:52 Quest 'r2m2_FindLisAfterAxelAndFatherDie_Quest' can be given now
I       QuestState.cpp[0904]24/09 20:26:52 Quest 'r2m2_ToLisaToMonastir' can be given now
I       QuestState.cpp[0904]24/09 20:26:52 Quest 'r2m2_FightLisaToMonastir' can be given now
I       QuestState.cpp[0904]24/09 20:26:52 Quest 'r2m2_GiveDisk2ToOrakul' can be given now
I       QuestState.cpp[0904]24/09 20:26:52 Quest 'MrShlyapa3_Quest' can be given now
I       QuestState.cpp[0904]24/09 20:26:52 Quest 'r2m1_ArtAntipod_Quest' can be given now
I       QuestState.cpp[0904]24/09 20:26:52 Quest 'r2m1_TakeNarcotics_Quest' can be given now
I       QuestState.cpp[0904]24/09 20:26:52 Quest 'r2m1_KillGodFather_Quest' can be given now
I       QuestState.cpp[0904]24/09 20:26:52 Quest 'MrShlyapaSecret' can be given now
I       QuestState.cpp[0904]24/09 20:26:52 Quest 'd_GetSupportOneOfTheBands2_Quest' can be given now
I       QuestState.cpp[0904]24/09 20:26:52 Quest 'd_GetSupportOneOfTheBands1_Quest' can be given now
I       QuestState.cpp[0904]24/09 20:26:52 Quest 'd_FindVerbInAR_Quest' can be given now
I       QuestState.cpp[0904]24/09 20:26:52 Quest 'd_FindVerbInSNG_Quest' can be given now
I       QuestState.cpp[0904]24/09 20:26:52 Quest 'd_PatrulSideSNG_Quest' can be given now
I       QuestState.cpp[0904]24/09 20:26:52 Quest 'd_TakeGeneralOfBandits_Quest' can be given now
I       QuestState.cpp[0904]24/09 20:26:52 Quest 'r2m1_TW_AlienInShip' can be given now
I       QuestState.cpp[0904]24/09 20:26:52 Quest 'Podderzhka_Quest' can be given now
I       QuestState.cpp[0904]24/09 20:26:52 Quest 'Zashita_Quest' can be given now
I       QuestState.cpp[0904]24/09 20:26:52 Quest 'preEretik_Quest' can be given now
I       QuestState.cpp[0904]24/09 20:26:52 Quest 'ReturnQuest' can be given now
I       QuestState.cpp[0904]24/09 20:26:52 Quest 'd_FindVerbInAM_Quest' can be given now
I       QuestState.cpp[0904]24/09 20:26:52 Quest 'OdettIsDead_Quest' can be given now
I       QuestState.cpp[0904]24/09 20:26:52 Quest 'Disk2OrakulLisa' can be given now
I       QuestState.cpp[0904]24/09 20:26:52 Quest 'FindGomerB_Quest1' can be given now
I       QuestState.cpp[0904]24/09 20:26:52 Quest 'FreeExtremistLeader_Quest1' can be given now
I       QuestState.cpp[0904]24/09 20:26:52 Quest 'KillExtremist_Quest1' can be given now
I       QuestState.cpp[0904]24/09 20:26:52 Quest 'r1m4_TalkWithOldTraderAboutSecondDisk' can be given now
I       QuestState.cpp[0904]24/09 20:26:52 Quest 'q_FindHusbent' can be given now
I       QuestState.cpp[0904]24/09 20:26:52 Quest 'RybakToOlm_Quest' can be given now
I       QuestState.cpp[0904]24/09 20:26:52 Quest 'AnanagaTech_Quest' can be given now
I       QuestState.cpp[0904]24/09 20:26:52 Quest 'MrShlyapa2_Quest' can be given now
I       QuestState.cpp[0904]24/09 20:26:52 Quest 'ToCordanToTikhomir_Quest' can be given now
I       QuestState.cpp[0904]24/09 20:26:52 Quest 'r1m3_BonnyAndKlideQuest' can be given now
I       QuestState.cpp[0904]24/09 20:26:52 Quest 'r1m3_ArchHelp' can be given now
I       QuestState.cpp[0904]24/09 20:26:52 Quest 'r1m3_CrazyManQuest' can be given now
I       QuestState.cpp[0904]24/09 20:26:52 Quest 'r1m3_OldTownOutsiderCar2_Quest' can be given now
I       QuestState.cpp[0904]24/09 20:26:52 Quest 'FightForPesht' can be given now
I       QuestState.cpp[0904]24/09 20:26:52 Quest 'd_RideAcrossBase_Quest' can be given now
I       QuestState.cpp[0904]24/09 20:26:52 Quest 'd_GiveMoneyToBase_Quest' can be given now
I       QuestState.cpp[0904]24/09 20:26:52 Quest 'd_GetBomb_Quest' can be given now
I       QuestState.cpp[0904]24/09 20:26:52 Quest 'd_IntrigaOfMerMinin_Quest' can be given now
I       QuestState.cpp[0904]24/09 20:26:52 Quest 'd_MoveFreelancersToOilMine_Quest' can be given now
I       QuestState.cpp[0904]24/09 20:26:52 Quest 'd_MoveCanistraToMinin_Quest' can be given now
I       QuestState.cpp[0904]24/09 20:26:52 Quest 'd_OpenTunel_Quest' can be given now
I       QuestState.cpp[0904]24/09 20:26:52 Quest 'r1m3_TalkWithThiefFromFatherHouse' can be given now
I       QuestState.cpp[0904]24/09 20:26:52 Quest 'r1m3_MoveToOraculAfterThief' can be given now
I       QuestState.cpp[0904]24/09 20:26:52 Quest 'r1m3_ToLisaToAsgard' can be given now
I       QuestState.cpp[0904]24/09 20:26:52 Quest 'r1m3_TW_OralceAboutAlien' can be given now
I       QuestState.cpp[0904]24/09 20:26:52 Quest 'r1m3_DestroyRadiationSource' can be given now
I       QuestState.cpp[0904]24/09 20:26:52 Quest 'r2m1_DestroyAlienShip' can be given now
I       QuestState.cpp[0904]24/09 20:26:52 Quest 'd_PayWorkersMoney_Quest' can be given now
I       QuestState.cpp[0904]24/09 20:26:52 Quest 'r2m1_TW_SellsCivilian' can be given now
I       QuestState.cpp[0904]24/09 20:26:52 Quest 'MorskieVrata2_Quest' can be given now
I       QuestState.cpp[0904]24/09 20:26:52 Quest 'Zachisti1_Quest' can be given now
I       QuestState.cpp[0904]24/09 20:26:52 Quest 'LisaVPeshte' can be given now
I       QuestState.cpp[0904]24/09 20:26:52 Quest 'LisaUBena' can be given now
I       QuestState.cpp[0904]24/09 20:26:52 Quest 'WhereSigns_Quest' can be given now
I       QuestState.cpp[0904]24/09 20:26:52 Quest 'CombatInKollizey_Quest' can be given now
I       QuestState.cpp[0904]24/09 20:26:52 Quest 'BuyKollizey_Quest' can be given now
I       QuestState.cpp[0904]24/09 20:26:52 Quest 'Kollizey_Quest' can be given now
I       QuestState.cpp[0904]24/09 20:26:52 Quest 'HelpRuins_Quest' can be given now
I       QuestState.cpp[0904]24/09 20:26:52 Quest 'DestroyRuins_Quest' can be given now
I       QuestState.cpp[0904]24/09 20:26:52 Quest 'DestroyRuins2_Quest' can be given now
I       QuestState.cpp[0904]24/09 20:26:52 Quest 'Signs_Quest' can be given now
I       QuestState.cpp[0904]24/09 20:26:52 Quest 'MrShlyapa1_Quest' can be given now
I       QuestState.cpp[0904]24/09 20:26:52 Quest 'FindBen2_Quest' can be given now
I       QuestState.cpp[0904]24/09 20:26:52 Quest 'd_FindHouseOfBen_Quest' can be given now
I       QuestState.cpp[0904]24/09 20:26:52 Quest 'r1m2_TW_BanAboutAlien' can be given now
I       QuestState.cpp[0904]24/09 20:26:52 Quest 'r1m3_DestroyOracle' can be given now
I       QuestState.cpp[0904]24/09 20:26:52 Quest 'Pomiritsa_Quest' can be given now
I       QuestState.cpp[0904]24/09 20:26:52 Quest 'VYar_Quest' can be given now
I       QuestState.cpp[0904]24/09 20:26:52 Quest 'FindBenMZ_Quest' can be given now
I       QuestState.cpp[0904]24/09 20:26:52 Quest 'QuickFindBen' can be given now
I       QuestState.cpp[0904]24/09 20:26:52 Quest 'OpenMid_Quest' can be given now
I       QuestState.cpp[0904]24/09 20:26:52 Quest 'TalkBeforeDesert' can be given now
I       QuestState.cpp[0904]24/09 20:26:52 Quest 'ZashitaGotova' can be given now
I       QuestState.cpp[0904]24/09 20:26:52 Quest 'FakeQuest1' can be given now
I       QuestState.cpp[0904]24/09 20:26:52 Quest 'Chehly_Quest' can be given now
I       QuestState.cpp[0904]24/09 20:26:52 Quest 'WorkGiver_Quest1' can be given now
I       QuestState.cpp[0904]24/09 20:26:52 Quest 'd_PunishBandits_Quest' can be given now
I       QuestState.cpp[0904]24/09 20:26:52 Quest 'r1m1_Hospital_Quest' can be given now
I       QuestState.cpp[0904]24/09 20:26:52 Quest 'r1m1_Botanik_Quest' can be given now
I       QuestState.cpp[0904]24/09 20:26:52 Quest 'r1m1_FindBotanik_Quest' can be given now
I       QuestState.cpp[0904]24/09 20:26:52 Quest 'Buyer_Quest1' can be given now
I       QuestState.cpp[0904]24/09 20:26:52 Quest 'FirstTimePlay' can be given now
I       QuestState.cpp[0904]24/09 20:26:52 Quest 'TalkWithFather_Quest' can be given now
I       QuestState.cpp[0904]24/09 20:26:52 Quest 'LisaAtSouth' can be given now
I       QuestState.cpp[0904]24/09 20:26:52 Quest 'FindBen_Quest' can be given now
I       QuestState.cpp[0904]24/09 20:26:52 Quest 'FindBenAgain_Quest' can be given now
I       QuestState.cpp[0904]24/09 20:26:52 Quest 'd_SinFather_Quest' can be given now
I       QuestState.cpp[0904]24/09 20:26:52 Quest 'TalkToVasily' can be given now
I       QuestState.cpp[0904]24/09 20:26:52 Quest 'CheckTheEast' can be given now
I       QuestState.cpp[0904]24/09 20:26:52 Quest 'BenSouth_Quest' can be given now
I           server.cpp[0826]24/09 20:26:52 	AI: QuestStates loaded
I           server.cpp[0828]24/09 20:26:52 	AI: Loading DynamicScene
I     DynamicScene.cpp[1470]24/09 20:26:52 		 Scene loading begin
E         Location.cpp[0527]24/09 20:26:52 Error: PassageLocation 'ToR1M9' does not exist for Location id = 2334 prototype = 'genericLocation' name = 'FromR1M4'
I     DynamicScene.cpp[1472]24/09 20:26:53 		 Scene loading end
I           server.cpp[0837]24/09 20:26:53 	AI: DynamicScene loaded
I           server.cpp[0852]24/09 20:26:53 	AI: Loading Triggers
I           server.cpp[0855]24/09 20:26:53 	AI: Triggers loaded
I           server.cpp[0857]24/09 20:26:53 	AI: Loading Object Names
I           server.cpp[0868]24/09 20:26:53 	AI: Initing Player
I           server.cpp[0888]24/09 20:26:53 		Before first Update
I DynamicQuestManager.cpp[0089]24/09 20:26:53 DynamicQuestReach id = 2552 prototype = 'dynamicQuestReach' created
I DynamicQuestManager.cpp[0090]24/09 20:26:53 targetName = 'Ondalnes', hirerName = 'TheEllen', reward = 250
E              Gun.cpp[0866]24/09 20:26:53 Error: LoadPoint not found: LP_GUN for LocationPusher id = 2553 prototype = 'nailsPusher', modelName = meXaNizm
E              Gun.cpp[0866]24/09 20:26:53 Error: LoadPoint not found: LP_GUN for LocationPusher id = 2554 prototype = 'nailsPusher', modelName = meXaNizm
E              Gun.cpp[0866]24/09 20:26:53 Error: LoadPoint not found: LP_GUN for MinePusher id = 2555 prototype = 'minePusher_1', modelName = minoYkladchiK
E              Gun.cpp[0866]24/09 20:26:53 Error: LoadPoint not found: LP_GUN for MinePusher id = 2556 prototype = 'minePusher_1', modelName = minoYkladchiK
E              Gun.cpp[0866]24/09 20:26:53 Error: LoadPoint not found: LP_GUN for LocationPusher id = 2557 prototype = 'engineOilPusher', modelName = MasloRazliF
E              Gun.cpp[0866]24/09 20:26:53 Error: LoadPoint not found: LP_GUN for LocationPusher id = 2558 prototype = 'engineOilPusher', modelName = MasloRazliF
E              Gun.cpp[0866]24/09 20:26:53 Error: LoadPoint not found: LP_GUN for LocationPusher id = 2561 prototype = 'nailsPusher', modelName = meXaNizm
E              Gun.cpp[0866]24/09 20:26:53 Error: LoadPoint not found: LP_GUN for LocationPusher id = 2562 prototype = 'nailsPusher', modelName = meXaNizm
E              Gun.cpp[0866]24/09 20:26:53 Error: LoadPoint not found: LP_GUN for LocationPusher id = 2563 prototype = 'Smoke', modelName = Dimzavesa
E              Gun.cpp[0866]24/09 20:26:53 Error: LoadPoint not found: LP_GUN for LocationPusher id = 2564 prototype = 'Smoke', modelName = Dimzavesa
E              Gun.cpp[0866]24/09 20:26:53 Error: LoadPoint not found: LP_GUN for RocketLauncher id = 2582 prototype = 'hunter01L' name = 'BASKET_SIDE_GUN_L', modelName = hunter01L
E              Gun.cpp[0866]24/09 20:26:53 Error: LoadPoint not found: LP_GUN for RocketLauncher id = 2583 prototype = 'hunter01R' name = 'BASKET_SIDE_GUN_R', modelName = hunter01R
E              Gun.cpp[0866]24/09 20:26:53 Error: LoadPoint not found: LP_GUN for RocketLauncher id = 2585 prototype = 'hunter01L' name = 'BASKET_SIDE_GUN_L', modelName = hunter01L
E              Gun.cpp[0866]24/09 20:26:53 Error: LoadPoint not found: LP_GUN for RocketLauncher id = 2586 prototype = 'hunter01R' name = 'BASKET_SIDE_GUN_R', modelName = hunter01R
E            Affix.cpp[0075]24/09 20:26:53 Error: attempt to apply affix 'advanced_gun' for property 'Accuracy' of PlasmaBunchLauncher id = 2588 prototype = 'odin01'
I DynamicQuestManager.cpp[0089]24/09 20:26:53 DynamicQuestReach id = 2589 prototype = 'dynamicQuestReach' created
I DynamicQuestManager.cpp[0090]24/09 20:26:53 targetName = 'Bergen', hirerName = 'Heim', reward = 250
E              Gun.cpp[0866]24/09 20:26:53 Error: LoadPoint not found: LP_GUN for MinePusher id = 2594 prototype = 'minePusher_1', modelName = minoYkladchiK
E              Gun.cpp[0866]24/09 20:26:53 Error: LoadPoint not found: LP_GUN for MinePusher id = 2595 prototype = 'minePusher_1', modelName = minoYkladchiK
E              Gun.cpp[0866]24/09 20:26:53 Error: LoadPoint not found: LP_GUN for MinePusher id = 2600 prototype = 'minePusher_1', modelName = minoYkladchiK
E              Gun.cpp[0866]24/09 20:26:53 Error: LoadPoint not found: LP_GUN for MinePusher id = 2601 prototype = 'minePusher_1', modelName = minoYkladchiK
E              Gun.cpp[0866]24/09 20:26:53 Error: LoadPoint not found: LP_GUN for LocationPusher id = 2602 prototype = 'Smoke', modelName = Dimzavesa
E              Gun.cpp[0866]24/09 20:26:53 Error: LoadPoint not found: LP_GUN for LocationPusher id = 2603 prototype = 'Smoke', modelName = Dimzavesa
E            Affix.cpp[0075]24/09 20:26:53 Error: attempt to apply affix 'excellent_gun' for property 'Accuracy' of PlasmaBunchLauncher id = 2607 prototype = 'elephant01'
E            Affix.cpp[0075]24/09 20:26:53 Error: attempt to apply affix 'with_electric_sight_gun' for property 'Accuracy' of PlasmaBunchLauncher id = 2593 prototype = 'fagot01'
I DynamicQuestManager.cpp[0089]24/09 20:26:53 DynamicQuestReach id = 2620 prototype = 'dynamicQuestReach' created
I DynamicQuestManager.cpp[0090]24/09 20:26:53 targetName = 'Molde', hirerName = 'Ondalnes', reward = 250
I DynamicQuestManager.cpp[0089]24/09 20:26:53 DynamicQuestReach id = 2631 prototype = 'dynamicQuestReach' created
I DynamicQuestManager.cpp[0090]24/09 20:26:53 targetName = 'PetrolStationTown4393', hirerName = 'Bergen', reward = 250
I           server.cpp[0909]24/09 20:26:53 		After first Update
I           server.cpp[0911]24/09 20:26:53 AI: Finished Loading Server
I           view32.cpp[1106]24/09 20:26:53 Load server end
I        QuestInfo.cpp[0847]24/09 20:26:53 Quest infos were loaded successfully from file data\if\diz\QuestInfoGlobal.xml
I        QuestInfo.cpp[0783]24/09 20:26:53 QuestInfo manager was inited successfully
I    GameUiManager.cpp[0303]24/09 20:26:53 Interface: is initializing...
I    GameUiManager.cpp[0395]24/09 20:26:53 Interface: is inited successfully
I     GlobalMapWnd.cpp[0157]24/09 20:26:53 Make control error: control mainmenu_ico is not found or incorrect type
I     GlobalMapWnd.cpp[0157]24/09 20:26:53 Make control error: control r1m8_ico is not found or incorrect type
I     GlobalMapWnd.cpp[0157]24/09 20:26:53 Make control error: control r1m7_ico is not found or incorrect type
I     GlobalMapWnd.cpp[0157]24/09 20:26:53 Make control error: control r4m0_ico is not found or incorrect type
I     GlobalMapWnd.cpp[0157]24/09 20:26:53 Make control error: control r9m1_ico is not found or incorrect type
I     GlobalMapWnd.cpp[0203]24/09 20:26:53 GlobalMapWnd: error - fail to init because of a bad resource
I blockMusicManager.cpp[0185]24/09 20:26:53 BlockMusicManager: start playing new music: blockNum = 14, musicType = 0, name = 'r1_9_driving'
I       console_string[0236]24/09 20:27:05 ---------------------- CHEAT WAS USED --------- ANTICHEAT -----------------
I        FadingMsg.cpp[0199]24/09 20:27:05 Fading message: '@FFFF1493Обнаружено использование чит-кодов. Система достижений @FFFF0000ЗАБЛОКИРОВАНА. @FFFF1493В техподдержке @FFFF0000ОТКАЗАНО.'
I        FadingMsg.cpp[0199]24/09 20:27:05 Fading message: '@FFFF1493Обнаружено использование чит-кодов. Система достижений @FFFF0000ЗАБЛОКИРОВАНА. @FFFF1493В техподдержке @FFFF0000ОТКАЗАНО.'
I           m3dapp.cpp[1336]24/09 20:27:26 d3d: Device reset ok
I        FadingMsg.cpp[0199]24/09 20:27:39 Fading message: 'Нажмите гудок (%1m) для въезда в город'
I         gamemenu.cpp[0283]24/09 20:30:56 Quit to Windows
I           view32.cpp[0815]24/09 20:30:56 --- Done Media ---
I    GameUiManager.cpp[0405]24/09 20:30:56 Interface: is clearing...
I    GameUiManager.cpp[0495]24/09 20:30:56 Interface: is cleared successfully
I    GameUiManager.cpp[0257]24/09 20:30:56 Interface: done...
I    GameUiManager.cpp[1580]24/09 20:30:56 Interface: clearing resource infos ...
I    GameUiManager.cpp[0292]24/09 20:30:56 Interface: is done
I           view32.cpp[0843]24/09 20:30:56 --- Done Media: Ok ---
I           m3dapp.cpp[1343]24/09 20:30:56 snd: Deleting Sound...
I           m3dapp.cpp[1343]24/09 20:30:56 snd: Stopping all sounds in FMOD...
I           m3dapp.cpp[1343]24/09 20:30:56 snd: Closing FMOD...
I           m3dapp.cpp[1343]24/09 20:30:56 snd: Deleting all sounds...
I           m3dapp.cpp[1343]24/09 20:30:56 snd: 	Stopping all sounds
I           m3dapp.cpp[1343]24/09 20:30:56 snd: 	Deleting all sounds from table
I           m3dapp.cpp[1343]24/09 20:30:57 snd: 	Sounds deleted
I           m3dapp.cpp[1343]24/09 20:30:57 snd: Sound is uninstalled
I      gameimpulse.cpp[0618]24/09 20:30:57 Key bindings: unbind all is done
I      gameimpulse.cpp[0343]24/09 20:30:57 Key bindings: is done
----------------------------------------------- Log ends on Wed Sep 24 20:30:57 2025 -----------------------------------------------




