---------------------------------------------- Log begins on Sun Aug 24 01:04:10 2025 ----------------------------------------------
I           m3dapp.cpp[0124]24/08 01:04:10 Starting up...
I           m3dapp.cpp[0126]24/08 01:04:10 Main thread id = 2200
I          APIHook.cpp[0348]24/08 01:04:10 DLL loaded A: COMCTL32.DLL
I          APIHook.cpp[0348]24/08 01:04:10 DLL loaded A: COMCTL32.dll
I          APIHook.cpp[0348]24/08 01:04:10 DLL loaded A: COMCTL32.DLL
I          APIHook.cpp[0348]24/08 01:04:10 DLL loaded A: COMCTL32.DLL
I          APIHook.cpp[0348]24/08 01:04:10 DLL loaded A: COMCTL32.DLL
I          APIHook.cpp[0348]24/08 01:04:10 DLL loaded A: COMCTL32.DLL
I          APIHook.cpp[0348]24/08 01:04:10 DLL loaded A: COMCTL32.DLL
I          APIHook.cpp[0348]24/08 01:04:10 DLL loaded A: COMCTL32.DLL
I          APIHook.cpp[0378]24/08 01:04:10 DLL loaded ExA: UxTheme.dll
I           m3dapp.cpp[1687]24/08 01:04:10 ExMachina 1.5 - master candidate russian version release build v0.8 (Jul 19 2006 18:58:58)
I      Stackwalker.cpp[0631]24/08 01:04:10 Stackwalker: log file name will be 'd:/games/ex machina mods/exmachina gm.mod sdk new/exceptions/tme rus.exe0010.log'
I      Stackwalker.cpp[0632]24/08 01:04:10 Stackwalker: dump file name will be 'd:/games/ex machina mods/exmachina gm.mod sdk new/exceptions/tme rus.exe0010.dmp'
I      Stackwalker.cpp[0633]24/08 01:04:10 Stackwalker: game log file name will be 'd:/games/ex machina mods/exmachina gm.mod sdk new/exceptions/tme rus.exe0010_game.log'
I          APIHook.cpp[0348]24/08 01:04:10 DLL loaded A: dbghelp.dll
I           m3dapp.cpp[1534]24/08 01:04:10 Path: D:\Games\EX Machina Mods\ExMachina GM.mod SDK new
I           m3dapp.cpp[1535]24/08 01:04:10 Exe: D:\Games\EX Machina Mods\ExMachina GM.mod SDK new\TME rus.exe
I           m3dapp.cpp[1544]24/08 01:04:10 Windows version: 6.1.7601
I           m3dapp.cpp[1553]24/08 01:04:10 Computer name: RIVER-PC
I           m3dapp.cpp[1573]24/08 01:04:10 Cpu: GenuineIntel
I           m3dapp.cpp[1604]24/08 01:04:10 Cpu brand:          Intel(R) Celeron(R) CPU B815 @ 1.60GHz
I           m3dapp.cpp[1607]24/08 01:04:10 Cpu clock: ~1596
I           m3dapp.cpp[1635]24/08 01:04:10 Processor supports MMX
I           m3dapp.cpp[1645]24/08 01:04:10 Processor supports SSE
I           m3dapp.cpp[1656]24/08 01:04:10 Physical memory: 2047 MB
I           m3dapp.cpp[1657]24/08 01:04:10 Total memory:    4095 MB
I           m3dapp.cpp[1658]24/08 01:04:10 Physical memory available: 2047 MB
I           m3dapp.cpp[1659]24/08 01:04:10 Total memory available:    1966 MB
I           m3dapp.cpp[3006]24/08 01:04:10 SetCodepage -- using codepage 1251 '1251  (ANSI - кириллица)'
I          APIHook.cpp[0348]24/08 01:04:10 DLL loaded A: igdumd32.dll
I          APIHook.cpp[0348]24/08 01:04:10 DLL loaded A: PowrProf.dll
I           m3dapp.cpp[1767]24/08 01:04:10 Render thread id = 680
I           device.cpp[1666]24/08 01:04:10 Given device behavior: 80
I           device.cpp[1667]24/08 01:04:10 Confirmed device behavior: 80
I          APIHook.cpp[0348]24/08 01:04:10 DLL loaded A: igdumd32.dll
I          APIHook.cpp[0348]24/08 01:04:10 DLL loaded A: PowrProf.dll
I          APIHook.cpp[0348]24/08 01:04:10 Enter render thread
I          APIHook.cpp[0348]24/08 01:04:10 DLL loaded A: igdumd32.dll
I          APIHook.cpp[0348]24/08 01:04:10 DLL loaded A: PowrProf.dll
I          APIHook.cpp[0348]24/08 01:04:10 DLL loaded A: ntdll
I          APIHook.cpp[0348]24/08 01:04:10 DLL loaded A: C:\Windows\system32\d3d9.dll
I           device.cpp[1711]24/08 01:04:10 Description: Intel(R) HD Graphics Family
I           device.cpp[1712]24/08 01:04:10 Driver:      igdumdx32.dll
I           device.cpp[1713]24/08 01:04:10 VendorId:    0x8086
I           device.cpp[1714]24/08 01:04:10 DeviceId:    0x106
I           device.cpp[1715]24/08 01:04:10 SubSysId:    0x3672103c
I           device.cpp[1716]24/08 01:04:10 Revision:    9
I           device.cpp[1718]24/08 01:04:10 Driver version info:
I           device.cpp[1719]24/08 01:04:10   Product:    8
I           device.cpp[1720]24/08 01:04:10   Version:    15
I           device.cpp[1721]24/08 01:04:10   SubVersion: 10
I           device.cpp[1722]24/08 01:04:10   Build:      2622
I           device.cpp[1724]24/08 01:04:10 WHQLLevel:    0
I           device.cpp[2640]24/08 01:04:10 Texture max size: 8192x8192
I           device.cpp[2642]24/08 01:04:10 Guard band: (-8192.000,-8192.000,8192.000,8192.000)
I           device.cpp[2646]24/08 01:04:10 MaxTextureBlendStages: 8
I           device.cpp[2647]24/08 01:04:10 MaxSimultaneousTextures: 8
I           device.cpp[2648]24/08 01:04:10 MaxActiveLights: 10
I           device.cpp[2649]24/08 01:04:10 MaxUserClipPlanes: 6
I           device.cpp[2650]24/08 01:04:10 VertexShaderVersion: 0xfffe0300
I           device.cpp[2651]24/08 01:04:10 PixelShaderVersion: 0xffff0300
I           device.cpp[2653]24/08 01:04:10 Geometry instancing: supported
I           device.cpp[2654]24/08 01:04:10 Depth textures: supported
I           device.cpp[2656]24/08 01:04:10 Depth bias supported: yes
I           device.cpp[2658]24/08 01:04:10 Slope-scale based depth bias supported: yes
I           device.cpp[2661]24/08 01:04:10 HwRasterization: true
I           device.cpp[2662]24/08 01:04:10 HwTnL: true
I           device.cpp[2663]24/08 01:04:10 PureDevice: true
I           device.cpp[2664]24/08 01:04:10 CubeMap: true
I           device.cpp[2665]24/08 01:04:10 VolumeMap: true
I           device.cpp[2666]24/08 01:04:10 TextureAddressCaps:
I           device.cpp[2667]24/08 01:04:10 	wrap: true
I           device.cpp[2668]24/08 01:04:10 	clamp: true
I           device.cpp[2669]24/08 01:04:10 	border: true
I           device.cpp[2670]24/08 01:04:10 Projective textures: true
I           device.cpp[2671]24/08 01:04:10 MaxPointSize: 256.000
I           device.cpp[2672]24/08 01:04:10 MaxPrimitiveCount: 1048575
I           device.cpp[2673]24/08 01:04:10 MaxVertexIndex: 16777215
I           device.cpp[2674]24/08 01:04:10 MaxStreams: 16
I           device.cpp[2675]24/08 01:04:10 MaxStreamsStride: 255
I           device.cpp[2676]24/08 01:04:10 MaxAnisotropy: 16
I           device.cpp[2677]24/08 01:04:10 MaxVertexBlendMatrices: 4
I           device.cpp[2678]24/08 01:04:10 MaxVertexBlendMatrixIndex: 8
I           device.cpp[2679]24/08 01:04:10 FullScreenGamma: true
I           device.cpp[2680]24/08 01:04:10 COLORWRITEENABLE: true
I           device.cpp[2681]24/08 01:04:10 MASKZ: true
I           device.cpp[2682]24/08 01:04:10 BLENDOP: true
I           device.cpp[2683]24/08 01:04:10 CLIPPLANESCALEDPOINTS: false
I           device.cpp[2684]24/08 01:04:10 CLIPTLVERTS: false
I           device.cpp[2685]24/08 01:04:10 TSSARGTEMP: true
I           device.cpp[2686]24/08 01:04:10 DIRECTIONALLIGHTS: true
I           device.cpp[2687]24/08 01:04:10 LOCALVIEWER: true
I           device.cpp[2688]24/08 01:04:10 POSITIONALLIGHTS: true
I           device.cpp[2689]24/08 01:04:10 TEXGEN:  true
I           device.cpp[2690]24/08 01:04:10 TWEENING:  true
I           device.cpp[2691]24/08 01:04:10 Dp3: true
I           device.cpp[2692]24/08 01:04:10 Lerp: true
I           device.cpp[2693]24/08 01:04:10 MaxNpatchTessellationLevel: 0.000
I           device.cpp[2694]24/08 01:04:10 Query VCACHE support: true
I           device.cpp[2695]24/08 01:04:10 Query EVENT support: true
I           device.cpp[2696]24/08 01:04:10 Query OCCLUSION support: true
I           device.cpp[2697]24/08 01:04:10 Query TIMESTAMP support: true
I           device.cpp[2698]24/08 01:04:10 Query TIMESTAMPDISJOINT support: true
I           device.cpp[2699]24/08 01:04:10 Query TIMESTAMPFREQ support: true
I           device.cpp[2700]24/08 01:04:10 Query PIPELINETIMINGS support: false
I           device.cpp[2701]24/08 01:04:10 Query INTERFACETIMINGS support: false
I           device.cpp[2702]24/08 01:04:10 Query VERTEXTIMINGS support: false
I           device.cpp[2703]24/08 01:04:10 Query PIXELTIMINGS support: false
I           device.cpp[2704]24/08 01:04:10 Query BANDWIDTHTIMINGS support: false
I           device.cpp[2705]24/08 01:04:10 Query CACHEUTILIZATION support: false
I           device.cpp[1779]24/08 01:04:10 Creating or resetting the device
I           device.cpp[1780]24/08 01:04:10 Back buffer format: X8R8G8B8
I           device.cpp[1781]24/08 01:04:10 Depth/stencil buffer format: D24S8
I           device.cpp[1782]24/08 01:04:10 Stenciling: off
I           device.cpp[1783]24/08 01:04:10 Rgba textures format: DXT5
I           device.cpp[1784]24/08 01:04:10 Rgba no c. textures format: A8R8G8B8
I           device.cpp[1785]24/08 01:04:10 Rgb textures format: DXT1
I           device.cpp[1786]24/08 01:04:10 Rgb no c. textures format: R5G6B5
I           device.cpp[1787]24/08 01:04:10 Rt textures format: A8R8G8B8
I           device.cpp[1788]24/08 01:04:10 Shadow textures format: R5G6B5
I           device.cpp[1789]24/08 01:04:10 Depth textures format: D24S8
I           device.cpp[1790]24/08 01:04:10 Rt depth format: D16
I          APIHook.cpp[0348]24/08 01:04:10 DLL loaded A: d3d9.dll
I           m3dapp.cpp[1896]24/08 01:04:10 NOTE! Application::init -- input module was not inited deliberately
I          APIHook.cpp[0348]24/08 01:04:10 DLL loaded A: fmod.dll
I          APIHook.cpp[0378]24/08 01:04:10 DLL loaded ExA: API-MS-WIN-Service-Management-L1-1-0.dll
I          APIHook.cpp[0378]24/08 01:04:10 DLL loaded ExA: API-MS-WIN-Service-winsvc-L1-1-0.dll
I          APIHook.cpp[0378]24/08 01:04:10 DLL loaded ExA: RPCRT4.dll
I          APIHook.cpp[0378]24/08 01:04:10 DLL loaded ExA: MMDevAPI.DLL
I          APIHook.cpp[0378]24/08 01:04:10 DLL loaded ExA: ole32.dll
I          APIHook.cpp[0378]24/08 01:04:10 DLL loaded ExA: SETUPAPI.dll
I          APIHook.cpp[0378]24/08 01:04:10 DLL loaded ExA: SHLWAPI.dll
I          APIHook.cpp[0378]24/08 01:04:10 DLL loaded ExA: ole32.dll
I          APIHook.cpp[0378]24/08 01:04:10 DLL loaded ExA: CFGMGR32.dll
I CM3DSoundManager.cpp[0158]24/08 01:04:10 Max sound channels available: 80
I CM3DSoundManager.cpp[0177]24/08 01:04:10 Sound is inited successfully
I             font.cpp[0218]24/08 01:04:10 Font SM_Tahoma_12.000 was loaded successfully
I             font.cpp[0218]24/08 01:04:10 Font SM_Tahoma_10.000 was loaded successfully
I             font.cpp[0218]24/08 01:04:10 Font SM_Tahoma_9.375 was loaded successfully
I             font.cpp[0218]24/08 01:04:11 Font SM_Tahoma_7.813 was loaded successfully
I             font.cpp[0218]24/08 01:04:11 Font SM_Tahoma_13.500 was loaded successfully
I             font.cpp[0218]24/08 01:04:11 Font SM_Tahoma_11.250 was loaded successfully
I             font.cpp[0218]24/08 01:04:11 Font SM_Tahoma_15.000 was loaded successfully
I             font.cpp[0218]24/08 01:04:11 Font SM_Tahoma_12.500 was loaded successfully
I             font.cpp[0218]24/08 01:04:11 Font SM_Tahoma_18.750 was loaded successfully
I             font.cpp[0218]24/08 01:04:11 Font SM_Tahoma_15.625 was loaded successfully
I             font.cpp[0978]24/08 01:04:11 FontManager: fonts are loaded successfully
I      texture_man.cpp[0092]24/08 01:04:11 Cannot open data/models/textures/fakelightmap.dds
I      texture_man.cpp[0347]24/08 01:04:11 texmap failed to load: data/models/textures/fakelightmap.dds
E       DraftModel.cpp[1203]24/08 01:04:11 [AnimatedModel] : LoadFromDraft -- cannot open file data\models\Logos\Logos.sam
I             core.lua[0013]24/08 01:04:11 IMPROVED STORYLINE V1.0.5.3 ORIGINAL BUILD 220422
I           m3dapp.cpp[2019]24/08 01:04:11 ----------------------- Engine inited in: 0
I      texture_man.cpp[0092]24/08 01:04:11 Cannot open data\tiles\grass.dds
I      texture_man.cpp[0347]24/08 01:04:11 texmap failed to load: data\tiles\grass.dds
I            gsmed.cpp[0655]24/08 01:04:11 Can't find floor texture data\tiles\grass.dds
E       DraftModel.cpp[1203]24/08 01:04:11 [AnimatedModel] : LoadFromDraft -- cannot open file data\models\Logos\Logos.sam
I      texture_man.cpp[0092]24/08 01:04:11 Cannot open data\models\logos\fishmen.dds
I      texture_man.cpp[0347]24/08 01:04:11 texmap failed to load: data\models\logos\fishmen.dds
E       DraftModel.cpp[1059]24/08 01:04:11 Error: Couldn't load texture data\models\logos\fishmen.dds for model logos.gam
I      texture_man.cpp[0092]24/08 01:04:11 Cannot open data\models\logos\logo32.dds
I      texture_man.cpp[0347]24/08 01:04:11 texmap failed to load: data\models\logos\logo32.dds
E       DraftModel.cpp[1059]24/08 01:04:11 Error: Couldn't load texture data\models\logos\logo32.dds for model logos.gam
I      texture_man.cpp[0092]24/08 01:04:11 Cannot open data\models\logos\logo33.dds
I      texture_man.cpp[0347]24/08 01:04:11 texmap failed to load: data\models\logos\logo33.dds
E       DraftModel.cpp[1059]24/08 01:04:11 Error: Couldn't load texture data\models\logos\logo33.dds for model logos.gam
I      texture_man.cpp[0092]24/08 01:04:11 Cannot open data\models\logos\logo34.dds
I      texture_man.cpp[0347]24/08 01:04:11 texmap failed to load: data\models\logos\logo34.dds
E       DraftModel.cpp[1059]24/08 01:04:11 Error: Couldn't load texture data\models\logos\logo34.dds for model logos.gam
I      texture_man.cpp[0092]24/08 01:04:11 Cannot open data\models\logos\logo35.dds
I      texture_man.cpp[0347]24/08 01:04:11 texmap failed to load: data\models\logos\logo35.dds
E       DraftModel.cpp[1059]24/08 01:04:11 Error: Couldn't load texture data\models\logos\logo35.dds for model logos.gam
I      texture_man.cpp[0092]24/08 01:04:11 Cannot open data\models\logos\logo36.dds
I      texture_man.cpp[0347]24/08 01:04:11 texmap failed to load: data\models\logos\logo36.dds
E       DraftModel.cpp[1059]24/08 01:04:11 Error: Couldn't load texture data\models\logos\logo36.dds for model logos.gam
I      texture_man.cpp[0092]24/08 01:04:11 Cannot open data\models\logos\logo37.dds
I      texture_man.cpp[0347]24/08 01:04:11 texmap failed to load: data\models\logos\logo37.dds
E       DraftModel.cpp[1059]24/08 01:04:11 Error: Couldn't load texture data\models\logos\logo37.dds for model logos.gam
I      texture_man.cpp[0092]24/08 01:04:11 Cannot open data\models\logos\logo38.dds
I      texture_man.cpp[0347]24/08 01:04:11 texmap failed to load: data\models\logos\logo38.dds
E       DraftModel.cpp[1059]24/08 01:04:11 Error: Couldn't load texture data\models\logos\logo38.dds for model logos.gam
I      texture_man.cpp[0092]24/08 01:04:11 Cannot open data\models\logos\logo39.dds
I      texture_man.cpp[0347]24/08 01:04:11 texmap failed to load: data\models\logos\logo39.dds
E       DraftModel.cpp[1059]24/08 01:04:11 Error: Couldn't load texture data\models\logos\logo39.dds for model logos.gam
I      texture_man.cpp[0092]24/08 01:04:11 Cannot open data\models\logos\logo40.dds
I      texture_man.cpp[0347]24/08 01:04:11 texmap failed to load: data\models\logos\logo40.dds
E       DraftModel.cpp[1059]24/08 01:04:11 Error: Couldn't load texture data\models\logos\logo40.dds for model logos.gam
I      texture_man.cpp[0092]24/08 01:04:11 Cannot open data\models\logos\logo41.dds
I      texture_man.cpp[0347]24/08 01:04:11 texmap failed to load: data\models\logos\logo41.dds
E       DraftModel.cpp[1059]24/08 01:04:11 Error: Couldn't load texture data\models\logos\logo41.dds for model logos.gam
I      texture_man.cpp[0092]24/08 01:04:11 Cannot open data\models\logos\logo42.dds
I      texture_man.cpp[0347]24/08 01:04:11 texmap failed to load: data\models\logos\logo42.dds
E       DraftModel.cpp[1059]24/08 01:04:11 Error: Couldn't load texture data\models\logos\logo42.dds for model logos.gam
I      texture_man.cpp[0092]24/08 01:04:11 Cannot open data\models\logos\logo43.dds
I      texture_man.cpp[0347]24/08 01:04:11 texmap failed to load: data\models\logos\logo43.dds
E       DraftModel.cpp[1059]24/08 01:04:11 Error: Couldn't load texture data\models\logos\logo43.dds for model logos.gam
I      texture_man.cpp[0092]24/08 01:04:11 Cannot open data\models\logos\logo44.dds
I      texture_man.cpp[0347]24/08 01:04:11 texmap failed to load: data\models\logos\logo44.dds
E       DraftModel.cpp[1059]24/08 01:04:11 Error: Couldn't load texture data\models\logos\logo44.dds for model logos.gam
I      texture_man.cpp[0092]24/08 01:04:11 Cannot open data\models\logos\logo45.dds
I      texture_man.cpp[0347]24/08 01:04:11 texmap failed to load: data\models\logos\logo45.dds
E       DraftModel.cpp[1059]24/08 01:04:11 Error: Couldn't load texture data\models\logos\logo45.dds for model logos.gam
I      texture_man.cpp[0092]24/08 01:04:11 Cannot open data\models\logos\logo46.dds
I      texture_man.cpp[0347]24/08 01:04:11 texmap failed to load: data\models\logos\logo46.dds
E       DraftModel.cpp[1059]24/08 01:04:11 Error: Couldn't load texture data\models\logos\logo46.dds for model logos.gam
I      texture_man.cpp[0092]24/08 01:04:11 Cannot open data\models\logos\logo47.dds
I      texture_man.cpp[0347]24/08 01:04:11 texmap failed to load: data\models\logos\logo47.dds
E       DraftModel.cpp[1059]24/08 01:04:11 Error: Couldn't load texture data\models\logos\logo47.dds for model logos.gam
I      texture_man.cpp[0092]24/08 01:04:11 Cannot open data\models\logos\logo48.dds
I      texture_man.cpp[0347]24/08 01:04:11 texmap failed to load: data\models\logos\logo48.dds
E       DraftModel.cpp[1059]24/08 01:04:11 Error: Couldn't load texture data\models\logos\logo48.dds for model logos.gam
I      texture_man.cpp[0092]24/08 01:04:11 Cannot open data\models\logos\logo49.dds
I      texture_man.cpp[0347]24/08 01:04:11 texmap failed to load: data\models\logos\logo49.dds
E       DraftModel.cpp[1059]24/08 01:04:11 Error: Couldn't load texture data\models\logos\logo49.dds for model logos.gam
I      texture_man.cpp[0092]24/08 01:04:11 Cannot open data\models\logos\logo50.dds
I      texture_man.cpp[0347]24/08 01:04:11 texmap failed to load: data\models\logos\logo50.dds
E       DraftModel.cpp[1059]24/08 01:04:11 Error: Couldn't load texture data\models\logos\logo50.dds for model logos.gam
I      texture_man.cpp[0092]24/08 01:04:11 Cannot open data\models\logos\logo51.dds
I      texture_man.cpp[0347]24/08 01:04:11 texmap failed to load: data\models\logos\logo51.dds
E       DraftModel.cpp[1059]24/08 01:04:11 Error: Couldn't load texture data\models\logos\logo51.dds for model logos.gam
I      texture_man.cpp[0092]24/08 01:04:11 Cannot open data\models\logos\logo52.dds
I      texture_man.cpp[0347]24/08 01:04:11 texmap failed to load: data\models\logos\logo52.dds
E       DraftModel.cpp[1059]24/08 01:04:11 Error: Couldn't load texture data\models\logos\logo52.dds for model logos.gam
I      texture_man.cpp[0092]24/08 01:04:11 Cannot open data\models\logos\logo53.dds
I      texture_man.cpp[0347]24/08 01:04:11 texmap failed to load: data\models\logos\logo53.dds
E       DraftModel.cpp[1059]24/08 01:04:11 Error: Couldn't load texture data\models\logos\logo53.dds for model logos.gam
I      texture_man.cpp[0092]24/08 01:04:11 Cannot open data\models\logos\logo54.dds
I      texture_man.cpp[0347]24/08 01:04:11 texmap failed to load: data\models\logos\logo54.dds
E       DraftModel.cpp[1059]24/08 01:04:11 Error: Couldn't load texture data\models\logos\logo54.dds for model logos.gam
I      texture_man.cpp[0092]24/08 01:04:11 Cannot open data\models\logos\logo55.dds
I      texture_man.cpp[0347]24/08 01:04:11 texmap failed to load: data\models\logos\logo55.dds
E       DraftModel.cpp[1059]24/08 01:04:11 Error: Couldn't load texture data\models\logos\logo55.dds for model logos.gam
I      texture_man.cpp[0092]24/08 01:04:11 Cannot open data\models\logos\logo56.dds
I      texture_man.cpp[0347]24/08 01:04:11 texmap failed to load: data\models\logos\logo56.dds
E       DraftModel.cpp[1059]24/08 01:04:11 Error: Couldn't load texture data\models\logos\logo56.dds for model logos.gam
I      texture_man.cpp[0092]24/08 01:04:11 Cannot open data\models\logos\logo57.dds
I      texture_man.cpp[0347]24/08 01:04:11 texmap failed to load: data\models\logos\logo57.dds
E       DraftModel.cpp[1059]24/08 01:04:11 Error: Couldn't load texture data\models\logos\logo57.dds for model logos.gam
I      texture_man.cpp[0092]24/08 01:04:11 Cannot open data\models\logos\logo58.dds
I      texture_man.cpp[0347]24/08 01:04:11 texmap failed to load: data\models\logos\logo58.dds
E       DraftModel.cpp[1059]24/08 01:04:11 Error: Couldn't load texture data\models\logos\logo58.dds for model logos.gam
I      texture_man.cpp[0092]24/08 01:04:11 Cannot open data\models\logos\logo59.dds
I      texture_man.cpp[0347]24/08 01:04:11 texmap failed to load: data\models\logos\logo59.dds
E       DraftModel.cpp[1059]24/08 01:04:11 Error: Couldn't load texture data\models\logos\logo59.dds for model logos.gam
I      texture_man.cpp[0092]24/08 01:04:11 Cannot open data\models\logos\logo60.dds
I      texture_man.cpp[0347]24/08 01:04:11 texmap failed to load: data\models\logos\logo60.dds
E       DraftModel.cpp[1059]24/08 01:04:11 Error: Couldn't load texture data\models\logos\logo60.dds for model logos.gam
I      texture_man.cpp[0092]24/08 01:04:11 Cannot open data\models\logos\logo61.dds
I      texture_man.cpp[0347]24/08 01:04:11 texmap failed to load: data\models\logos\logo61.dds
E       DraftModel.cpp[1059]24/08 01:04:11 Error: Couldn't load texture data\models\logos\logo61.dds for model logos.gam
I      texture_man.cpp[0092]24/08 01:04:11 Cannot open data\models\logos\logo62.dds
I      texture_man.cpp[0347]24/08 01:04:11 texmap failed to load: data\models\logos\logo62.dds
E       DraftModel.cpp[1059]24/08 01:04:11 Error: Couldn't load texture data\models\logos\logo62.dds for model logos.gam
I      texture_man.cpp[0092]24/08 01:04:11 Cannot open data\models\logos\logo63.dds
I      texture_man.cpp[0347]24/08 01:04:11 texmap failed to load: data\models\logos\logo63.dds
E       DraftModel.cpp[1059]24/08 01:04:11 Error: Couldn't load texture data\models\logos\logo63.dds for model logos.gam
I      texture_man.cpp[0092]24/08 01:04:11 Cannot open data\models\logos\logo64.dds
I      texture_man.cpp[0347]24/08 01:04:11 texmap failed to load: data\models\logos\logo64.dds
E       DraftModel.cpp[1059]24/08 01:04:11 Error: Couldn't load texture data\models\logos\logo64.dds for model logos.gam
I      texture_man.cpp[0092]24/08 01:04:11 Cannot open data\models\logos\logo65.dds
I      texture_man.cpp[0347]24/08 01:04:11 texmap failed to load: data\models\logos\logo65.dds
E       DraftModel.cpp[1059]24/08 01:04:11 Error: Couldn't load texture data\models\logos\logo65.dds for model logos.gam
I      texture_man.cpp[0092]24/08 01:04:11 Cannot open data\models\logos\logo66.dds
I      texture_man.cpp[0347]24/08 01:04:11 texmap failed to load: data\models\logos\logo66.dds
E       DraftModel.cpp[1059]24/08 01:04:11 Error: Couldn't load texture data\models\logos\logo66.dds for model logos.gam
I      texture_man.cpp[0092]24/08 01:04:11 Cannot open data\models\logos\logo67.dds
I      texture_man.cpp[0347]24/08 01:04:11 texmap failed to load: data\models\logos\logo67.dds
E       DraftModel.cpp[1059]24/08 01:04:11 Error: Couldn't load texture data\models\logos\logo67.dds for model logos.gam
I      texture_man.cpp[0092]24/08 01:04:11 Cannot open data\models\logos\logo68.dds
I      texture_man.cpp[0347]24/08 01:04:11 texmap failed to load: data\models\logos\logo68.dds
E       DraftModel.cpp[1059]24/08 01:04:11 Error: Couldn't load texture data\models\logos\logo68.dds for model logos.gam
I      texture_man.cpp[0092]24/08 01:04:11 Cannot open data\models\logos\logo69.dds
I      texture_man.cpp[0347]24/08 01:04:11 texmap failed to load: data\models\logos\logo69.dds
E       DraftModel.cpp[1059]24/08 01:04:11 Error: Couldn't load texture data\models\logos\logo69.dds for model logos.gam
I      texture_man.cpp[0092]24/08 01:04:11 Cannot open data\models\logos\logo70.dds
I      texture_man.cpp[0347]24/08 01:04:11 texmap failed to load: data\models\logos\logo70.dds
E       DraftModel.cpp[1059]24/08 01:04:11 Error: Couldn't load texture data\models\logos\logo70.dds for model logos.gam
I           device.cpp[1261]24/08 01:04:11 Device reset ok
I           device.cpp[1779]24/08 01:04:11 Creating or resetting the device
I           device.cpp[1780]24/08 01:04:11 Back buffer format: X8R8G8B8
I           device.cpp[1781]24/08 01:04:11 Depth/stencil buffer format: D24S8
I           device.cpp[1782]24/08 01:04:11 Stenciling: off
I           device.cpp[1783]24/08 01:04:11 Rgba textures format: DXT5
I           device.cpp[1784]24/08 01:04:11 Rgba no c. textures format: A8R8G8B8
I           device.cpp[1785]24/08 01:04:11 Rgb textures format: DXT1
I           device.cpp[1786]24/08 01:04:11 Rgb no c. textures format: R5G6B5
I           device.cpp[1787]24/08 01:04:11 Rt textures format: A8R8G8B8
I           device.cpp[1788]24/08 01:04:11 Shadow textures format: R5G6B5
I           device.cpp[1789]24/08 01:04:11 Depth textures format: D24S8
I           device.cpp[1790]24/08 01:04:11 Rt depth format: D16
I           device.cpp[1261]24/08 01:04:12 Device reset ok
I           device.cpp[1779]24/08 01:04:12 Creating or resetting the device
I           device.cpp[1780]24/08 01:04:12 Back buffer format: X8R8G8B8
I           device.cpp[1781]24/08 01:04:12 Depth/stencil buffer format: D24S8
I           device.cpp[1782]24/08 01:04:12 Stenciling: off
I           device.cpp[1783]24/08 01:04:12 Rgba textures format: DXT5
I           device.cpp[1784]24/08 01:04:12 Rgba no c. textures format: A8R8G8B8
I           device.cpp[1785]24/08 01:04:12 Rgb textures format: DXT1
I           device.cpp[1786]24/08 01:04:12 Rgb no c. textures format: R5G6B5
I           device.cpp[1787]24/08 01:04:12 Rt textures format: A8R8G8B8
I           device.cpp[1788]24/08 01:04:12 Shadow textures format: R5G6B5
I           device.cpp[1789]24/08 01:04:12 Depth textures format: D24S8
I           device.cpp[1790]24/08 01:04:12 Rt depth format: D16
I           device.cpp[1261]24/08 01:04:12 Device reset ok
I           device.cpp[1779]24/08 01:04:12 Creating or resetting the device
I           device.cpp[1780]24/08 01:04:12 Back buffer format: X8R8G8B8
I           device.cpp[1781]24/08 01:04:12 Depth/stencil buffer format: D24S8
I           device.cpp[1782]24/08 01:04:12 Stenciling: off
I           device.cpp[1783]24/08 01:04:12 Rgba textures format: DXT5
I           device.cpp[1784]24/08 01:04:12 Rgba no c. textures format: A8R8G8B8
I           device.cpp[1785]24/08 01:04:12 Rgb textures format: DXT1
I           device.cpp[1786]24/08 01:04:12 Rgb no c. textures format: R5G6B5
I           device.cpp[1787]24/08 01:04:12 Rt textures format: A8R8G8B8
I           device.cpp[1788]24/08 01:04:12 Shadow textures format: R5G6B5
I           device.cpp[1789]24/08 01:04:12 Depth textures format: D24S8
I           device.cpp[1790]24/08 01:04:12 Rt depth format: D16
I           device.cpp[1261]24/08 01:04:15 Device reset ok
I           device.cpp[1779]24/08 01:04:15 Creating or resetting the device
I           device.cpp[1780]24/08 01:04:15 Back buffer format: X8R8G8B8
I           device.cpp[1781]24/08 01:04:15 Depth/stencil buffer format: D24S8
I           device.cpp[1782]24/08 01:04:15 Stenciling: off
I           device.cpp[1783]24/08 01:04:15 Rgba textures format: DXT5
I           device.cpp[1784]24/08 01:04:15 Rgba no c. textures format: A8R8G8B8
I           device.cpp[1785]24/08 01:04:15 Rgb textures format: DXT1
I           device.cpp[1786]24/08 01:04:15 Rgb no c. textures format: R5G6B5
I           device.cpp[1787]24/08 01:04:15 Rt textures format: A8R8G8B8
I           device.cpp[1788]24/08 01:04:15 Shadow textures format: R5G6B5
I           device.cpp[1789]24/08 01:04:15 Depth textures format: D24S8
I           device.cpp[1790]24/08 01:04:15 Rt depth format: D16
I          APIHook.cpp[0348]24/08 01:04:18 DLL loaded A: COMCTL32.DLL
I          APIHook.cpp[0348]24/08 01:04:39 DLL loaded A: COMCTL32.DLL
I          APIHook.cpp[0348]24/08 01:04:57 DLL loaded A: COMCTL32.DLL
I           ib_man.cpp[0396]24/08 01:05:48 [ReleaseIbPoolField]: Cant find specified field in index buffer
I           ib_man.cpp[0396]24/08 01:05:48 [ReleaseIbPoolField]: Cant find specified field in index buffer
I           ib_man.cpp[0396]24/08 01:05:48 [ReleaseIbPoolField]: Cant find specified field in index buffer
I           ib_man.cpp[0396]24/08 01:05:48 [ReleaseIbPoolField]: Cant find specified field in index buffer
I           ib_man.cpp[0396]24/08 01:05:48 [ReleaseIbPoolField]: Cant find specified field in index buffer
I           ib_man.cpp[0396]24/08 01:05:48 [ReleaseIbPoolField]: Cant find specified field in index buffer
I           ib_man.cpp[0396]24/08 01:05:48 [ReleaseIbPoolField]: Cant find specified field in index buffer
I           ib_man.cpp[0396]24/08 01:05:48 [ReleaseIbPoolField]: Cant find specified field in index buffer
I CM3DSoundManager.cpp[0190]24/08 01:05:48 Deleting Sound...
I CM3DSoundManager.cpp[0195]24/08 01:05:48 Stopping all sounds in FMOD...
I CM3DSoundManager.cpp[0200]24/08 01:05:48 Closing FMOD...
I CM3DSoundManager.cpp[0206]24/08 01:05:48 Deleting all sounds...
I CM3DSoundManager.cpp[0926]24/08 01:05:48 	Stopping all sounds
I CM3DSoundManager.cpp[0932]24/08 01:05:48 	Deleting all sounds from table
I CM3DSoundManager.cpp[0966]24/08 01:05:48 	Sounds deleted
I CM3DSoundManager.cpp[0227]24/08 01:05:48 Sound is uninstalled
I m3dapp_threading.cpp[0085]24/08 01:05:48 Exit render thread
----------------------------------------------- Log ends on Sun Aug 24 01:05:48 2025 -----------------------------------------------




