#
# A fatal error has been detected by the Java Runtime Environment:
#
#  EXCEPTION_ACCESS_VIOLATION (0xc0000005) at pc=0x653fab5b, pid=3524, tid=0x00000e7c
#
# JRE version: Java(TM) SE Runtime Environment (8.0_311-b11) (build 1.8.0_311-b11)
# Java VM: Java HotSpot(TM) Client VM (25.311-b11 mixed mode, sharing windows-x86 )
# Problematic frame:
# V  [jvm.dll+0x4ab5b]
#
# Failed to write core dump. Minidumps are not enabled by default on client versions of Windows
#
# If you would like to submit a bug report, please visit:
#   http://bugreport.java.com/bugreport/crash.jsp
#

---------------  T H R E A D  ---------------

Current thread (0x0045b400):  VMThread [stack: 0x03970000,0x039c0000] [id=3708]

siginfo: ExceptionCode=0xc0000005, reading address 0x0000003c

Registers:
EAX=0x0000003c, EBX=0x1492b350, ECX=0x00000000, EDX=0x00000000
ESP=0x039bf260, EBP=0x039bf260, ESI=0x0840ecd0, EDI=0x00438fe0
EIP=0x653fab5b, EFLAGS=0x00010202

Top of Stack: (sp=0x039bf260)
0x039bf260:   039bf2bc 65475fd8 00000000 6554a3e4
0x039bf270:   1492b350 65548110 00000000 00000000
0x039bf280:   00000000 00000000 00000000 00000000
0x039bf290:   00000000 00000000 706bf804 00000000
0x039bf2a0:   e88df604 d061f804 01000000 705a1f05
0x039bf2b0:   706bf804 00000000 039bf220 039bf2cc
0x039bf2c0:   65548128 0840ecd0 1492b350 039bf2e4
0x039bf2d0:   653ef873 1492b350 0840ec78 004404a8 

Instructions: (pc=0x653fab5b)
0x653fab3b:   e8 d0 7d fb ff 83 c4 08 5f 5e 5b 5d c3 cc cc cc
0x653fab4b:   cc cc cc cc cc 55 8b ec 8b 4d 08 a1 34 d9 73 65
0x653fab5b:   8b 04 08 5d c3 55 8b ec 8b 4d 08 a1 f0 d9 73 65
0x653fab6b:   8b 04 08 5d c3 55 8b ec 8b 4d 08 a1 14 da 73 65 


Register to memory mapping:

EAX=0x0000003c is an unknown value
EBX=0x1492b350 is pointing into metadata
ECX=0x00000000 is an unknown value
EDX=0x00000000 is an unknown value
ESP=0x039bf260 is an unknown value
EBP=0x039bf260 is an unknown value
ESI=0x0840ecd0 is pointing into the stack for thread: 0x08cc2400
EDI=0x00438fe0 is an unknown value


Stack: [0x03970000,0x039c0000],  sp=0x039bf260,  free space=316k
Native frames: (J=compiled Java code, j=interpreted, Vv=VM code, C=native code)
V  [jvm.dll+0x4ab5b]
V  [jvm.dll+0xc5fd8]
V  [jvm.dll+0x198128]
V  [jvm.dll+0x3f873]
V  [jvm.dll+0x19938b]
V  [jvm.dll+0x190759]
V  [jvm.dll+0x18f268]
V  [jvm.dll+0x18f959]
V  [jvm.dll+0x18fc12]
V  [jvm.dll+0x1cf7fb]
C  [ucrtbase.DLL+0x3deef]
C  [kernel32.dll+0x4ef3c]
C  [ntdll.dll+0x6360c]
C  [ntdll.dll+0x635df]

VM_Operation (0x0840ec78): HeapDumper, mode: safepoint, requested by thread 0x08cc2400


---------------  P R O C E S S  ---------------

Java Threads: ( => current thread )
  0x08cc2400 JavaThread "Thread-75" [_thread_blocked, id=4196, stack(0x083c0000,0x08410000)]
  0x08281000 JavaThread "Thread-72" [_thread_blocked, id=5316, stack(0x08fe0000,0x09030000)]
  0x08ba3800 JavaThread "Thread-71" [_thread_blocked, id=4404, stack(0x08e10000,0x08e60000)]
  0x00435800 JavaThread "DestroyJavaVM" [_thread_blocked, id=3512, stack(0x01600000,0x01650000)]
  0x0852c000 JavaThread "pool-3-thread-1" [_thread_blocked, id=3968, stack(0x08350000,0x083a0000)]
  0x004fc400 JavaThread "Service Thread" daemon [_thread_blocked, id=1544, stack(0x08110000,0x08160000)]
  0x004d3800 JavaThread "C1 CompilerThread0" daemon [_thread_blocked, id=2268, stack(0x080c0000,0x08110000)]
  0x004d1800 JavaThread "Attach Listener" daemon [_thread_blocked, id=3404, stack(0x08180000,0x081d0000)]
  0x004ce800 JavaThread "Signal Dispatcher" daemon [_thread_blocked, id=3500, stack(0x08200000,0x08250000)]
  0x004bf000 JavaThread "Finalizer" daemon [_thread_blocked, id=2716, stack(0x07f40000,0x07f90000)]
  0x00461c00 JavaThread "Reference Handler" daemon [_thread_blocked, id=1672, stack(0x08000000,0x08050000)]

Other Threads:
=>0x0045b400 VMThread [stack: 0x03970000,0x039c0000] [id=3708]
  0x004ff400 WatcherThread [stack: 0x08440000,0x08490000] [id=3532]

VM state:at safepoint (normal execution)

VM Mutex/Monitor currently owned by a thread:  ([mutex/lock_event])
[0x00433b08] Threads_lock - owner thread: 0x0045b400
[0x00433f18] Heap_lock - owner thread: 0x08cc2400

OutOfMemory and StackOverflow Exception counts:
OutOfMemoryError java_heap_errors=4

Heap:
 def new generation   total 19648K, used 19246K [0x03a00000, 0x04f50000, 0x04f50000)
  eden space 17472K, 100% used [0x03a00000, 0x04b10000, 0x04b10000)
  from space 2176K,  81% used [0x04d30000, 0x04eeba70, 0x04f50000)
  to   space 2176K,   0% used [0x04b10000, 0x04b10000, 0x04d30000)
 tenured generation   total 43712K, used 43711K [0x04f50000, 0x07a00000, 0x07a00000)
   the space 43712K,  99% used [0x04f50000, 0x079ffff8, 0x07a00000, 0x07a00000)
 Metaspace       used 4092K, capacity 5430K, committed 5504K, reserved 5504K

Card table byte_map: [0x01590000,0x015c0000] byte_map_base: 0x01573000

Polling page: 0x00150000

CodeCache: size=32768Kb used=1809Kb max_used=1809Kb free=30958Kb
 bounds [0x01920000, 0x01ae8000, 0x03920000]
 total_blobs=890 nmethods=712 adapters=108
 compilation: enabled

Compilation events (10 events):
Event: 353.162 Thread 0x004d3800  720             com.google.gson.reflect.TypeToken::get (9 bytes)
Event: 353.162 Thread 0x004d3800 nmethod 720 0x01ae3808 code [0x01ae3910, 0x01ae39dc]
Event: 1747.098 Thread 0x004d3800  721             com.google.gson.stream.JsonReader::hasNext (30 bytes)
Event: 1747.099 Thread 0x004d3800 nmethod 721 0x01ae3a48 code [0x01ae3b40, 0x01ae3c0c]
Event: 1762.250 Thread 0x004d3800  722             com.google.gson.stream.JsonReader::peek (144 bytes)
Event: 1762.251 Thread 0x004d3800 nmethod 722 0x01ae3c88 code [0x01ae3dc0, 0x01ae3fc8]
Event: 2054.940 Thread 0x004d3800  723             org.apache.xerces.impl.XMLEntityScanner::load (198 bytes)
Event: 2055.156 Thread 0x004d3800 nmethod 723 0x01ae4088 code [0x01ae41b0, 0x01ae4394]
Event: 2055.166 Thread 0x004d3800  724             org.apache.xerces.util.NamespaceSupport::popContext (21 bytes)
Event: 2055.166 Thread 0x004d3800 nmethod 724 0x01ae4588 code [0x01ae4680, 0x01ae4730]

GC Heap History (10 events):
Event: 2063.796 GC heap before
{Heap before GC invocations=80 (full 62):
 def new generation   total 19648K, used 19648K [0x03a00000, 0x04f50000, 0x04f50000)
  eden space 17472K, 100% used [0x03a00000, 0x04b10000, 0x04b10000)
  from space 2176K, 100% used [0x04d30000, 0x04f50000, 0x04f50000)
  to   space 2176K,   0% used [0x04b10000, 0x04b10000, 0x04d30000)
 tenured generation   total 43712K, used 43711K [0x04f50000, 0x07a00000, 0x07a00000)
   the space 43712K,  99% used [0x04f50000, 0x079ffff8, 0x07a00000, 0x07a00000)
 Metaspace       used 4092K, capacity 5430K, committed 5504K, reserved 5504K
Event: 2063.952 GC heap after
Heap after GC invocations=81 (full 63):
 def new generation   total 19648K, used 19648K [0x03a00000, 0x04f50000, 0x04f50000)
  eden space 17472K, 100% used [0x03a00000, 0x04b10000, 0x04b10000)
  from space 2176K, 100% used [0x04d30000, 0x04f50000, 0x04f50000)
  to   space 2176K,   0% used [0x04b10000, 0x04b10000, 0x04d30000)
 tenured generation   total 43712K, used 43711K [0x04f50000, 0x07a00000, 0x07a00000)
   the space 43712K,  99% used [0x04f50000, 0x079ffff8, 0x07a00000, 0x07a00000)
 Metaspace       used 4092K, capacity 5430K, committed 5504K, reserved 5504K
}
Event: 2063.952 GC heap before
{Heap before GC invocations=81 (full 63):
 def new generation   total 19648K, used 19648K [0x03a00000, 0x04f50000, 0x04f50000)
  eden space 17472K, 100% used [0x03a00000, 0x04b10000, 0x04b10000)
  from space 2176K, 100% used [0x04d30000, 0x04f50000, 0x04f50000)
  to   space 2176K,   0% used [0x04b10000, 0x04b10000, 0x04d30000)
 tenured generation   total 43712K, used 43711K [0x04f50000, 0x07a00000, 0x07a00000)
   the space 43712K,  99% used [0x04f50000, 0x079ffff8, 0x07a00000, 0x07a00000)
 Metaspace       used 4092K, capacity 5430K, committed 5504K, reserved 5504K
Event: 2064.108 GC heap after
Heap after GC invocations=82 (full 64):
 def new generation   total 19648K, used 19648K [0x03a00000, 0x04f50000, 0x04f50000)
  eden space 17472K, 100% used [0x03a00000, 0x04b10000, 0x04b10000)
  from space 2176K, 100% used [0x04d30000, 0x04f50000, 0x04f50000)
  to   space 2176K,   0% used [0x04b10000, 0x04b10000, 0x04d30000)
 tenured generation   total 43712K, used 43711K [0x04f50000, 0x07a00000, 0x07a00000)
   the space 43712K,  99% used [0x04f50000, 0x079ffff8, 0x07a00000, 0x07a00000)
 Metaspace       used 4092K, capacity 5430K, committed 5504K, reserved 5504K
}
Event: 2064.108 GC heap before
{Heap before GC invocations=82 (full 64):
 def new generation   total 19648K, used 19648K [0x03a00000, 0x04f50000, 0x04f50000)
  eden space 17472K, 100% used [0x03a00000, 0x04b10000, 0x04b10000)
  from space 2176K, 100% used [0x04d30000, 0x04f50000, 0x04f50000)
  to   space 2176K,   0% used [0x04b10000, 0x04b10000, 0x04d30000)
 tenured generation   total 43712K, used 43711K [0x04f50000, 0x07a00000, 0x07a00000)
   the space 43712K,  99% used [0x04f50000, 0x079ffff8, 0x07a00000, 0x07a00000)
 Metaspace       used 4092K, capacity 5430K, committed 5504K, reserved 5504K
Event: 2064.285 GC heap after
Heap after GC invocations=83 (full 65):
 def new generation   total 19648K, used 19648K [0x03a00000, 0x04f50000, 0x04f50000)
  eden space 17472K, 100% used [0x03a00000, 0x04b10000, 0x04b10000)
  from space 2176K, 100% used [0x04d30000, 0x04f50000, 0x04f50000)
  to   space 2176K,   0% used [0x04b10000, 0x04b10000, 0x04d30000)
 tenured generation   total 43712K, used 43711K [0x04f50000, 0x07a00000, 0x07a00000)
   the space 43712K,  99% used [0x04f50000, 0x079ffff8, 0x07a00000, 0x07a00000)
 Metaspace       used 4092K, capacity 5430K, committed 5504K, reserved 5504K
}
Event: 2064.285 GC heap before
{Heap before GC invocations=83 (full 65):
 def new generation   total 19648K, used 19648K [0x03a00000, 0x04f50000, 0x04f50000)
  eden space 17472K, 100% used [0x03a00000, 0x04b10000, 0x04b10000)
  from space 2176K, 100% used [0x04d30000, 0x04f50000, 0x04f50000)
  to   space 2176K,   0% used [0x04b10000, 0x04b10000, 0x04d30000)
 tenured generation   total 43712K, used 43711K [0x04f50000, 0x07a00000, 0x07a00000)
   the space 43712K,  99% used [0x04f50000, 0x079ffff8, 0x07a00000, 0x07a00000)
 Metaspace       used 4092K, capacity 5430K, committed 5504K, reserved 5504K
Event: 2064.453 GC heap after
Heap after GC invocations=84 (full 66):
 def new generation   total 19648K, used 19648K [0x03a00000, 0x04f50000, 0x04f50000)
  eden space 17472K, 100% used [0x03a00000, 0x04b10000, 0x04b10000)
  from space 2176K, 100% used [0x04d30000, 0x04f50000, 0x04f50000)
  to   space 2176K,   0% used [0x04b10000, 0x04b10000, 0x04d30000)
 tenured generation   total 43712K, used 43711K [0x04f50000, 0x07a00000, 0x07a00000)
   the space 43712K,  99% used [0x04f50000, 0x079ffff8, 0x07a00000, 0x07a00000)
 Metaspace       used 4092K, capacity 5430K, committed 5504K, reserved 5504K
}
Event: 2064.454 GC heap before
{Heap before GC invocations=84 (full 66):
 def new generation   total 19648K, used 19648K [0x03a00000, 0x04f50000, 0x04f50000)
  eden space 17472K, 100% used [0x03a00000, 0x04b10000, 0x04b10000)
  from space 2176K, 100% used [0x04d30000, 0x04f50000, 0x04f50000)
  to   space 2176K,   0% used [0x04b10000, 0x04b10000, 0x04d30000)
 tenured generation   total 43712K, used 43711K [0x04f50000, 0x07a00000, 0x07a00000)
   the space 43712K,  99% used [0x04f50000, 0x079ffff8, 0x07a00000, 0x07a00000)
 Metaspace       used 4092K, capacity 5430K, committed 5504K, reserved 5504K
Event: 2064.613 GC heap after
Heap after GC invocations=85 (full 67):
 def new generation   total 19648K, used 19230K [0x03a00000, 0x04f50000, 0x04f50000)
  eden space 17472K, 100% used [0x03a00000, 0x04b10000, 0x04b10000)
  from space 2176K,  80% used [0x04d30000, 0x04ee7818, 0x04f50000)
  to   space 2176K,   0% used [0x04b10000, 0x04b10000, 0x04d30000)
 tenured generation   total 43712K, used 43711K [0x04f50000, 0x07a00000, 0x07a00000)
   the space 43712K,  99% used [0x04f50000, 0x079ffff8, 0x07a00000, 0x07a00000)
 Metaspace       used 4092K, capacity 5430K, committed 5504K, reserved 5504K
}

Deoptimization events (0 events):
No events

Classes redefined (0 events):
No events

Internal exceptions (10 events):
Event: 6.126 Thread 0x0852c000 Exception <a 'java/security/PrivilegedActionException'> (0x03e0e9d8) thrown at [C:\jenkins\workspace\8-2-build-windows-i586-cygwin\jdk8u311\1894\hotspot\src\share\vm\prims\jvm.cpp, line 1523]
Event: 6.126 Thread 0x0852c000 Exception <a 'java/security/PrivilegedActionException'> (0x03e0edb8) thrown at [C:\jenkins\workspace\8-2-build-windows-i586-cygwin\jdk8u311\1894\hotspot\src\share\vm\prims\jvm.cpp, line 1523]
Event: 6.127 Thread 0x0852c000 Exception <a 'java/security/PrivilegedActionException'> (0x03e12998) thrown at [C:\jenkins\workspace\8-2-build-windows-i586-cygwin\jdk8u311\1894\hotspot\src\share\vm\prims\jvm.cpp, line 1523]
Event: 6.127 Thread 0x0852c000 Exception <a 'java/security/PrivilegedActionException'> (0x03e12d78) thrown at [C:\jenkins\workspace\8-2-build-windows-i586-cygwin\jdk8u311\1894\hotspot\src\share\vm\prims\jvm.cpp, line 1523]
Event: 7.337 Thread 0x0852c000 Exception <a 'sun/nio/fs/WindowsException'> (0x03c69d40) thrown at [C:\jenkins\workspace\8-2-build-windows-i586-cygwin\jdk8u311\1894\hotspot\src\share\vm\prims\jni.cpp, line 710]
Event: 324.555 Thread 0x0852c000 Exception <a 'java/lang/ClassCastException': com.google.gson.JsonNull cannot be cast to com.google.gson.JsonPrimitive> (0x03ece9c0) thrown at [C:\jenkins\workspace\8-2-build-windows-i586-cygwin\jdk8u311\1894\hotspot\src\share\vm\interpreter\interpreterRun
Event: 2061.486 Thread 0x08281000 Exception <a 'java/lang/OutOfMemoryError'> (0x04f987c0) thrown at [C:\jenkins\workspace\8-2-build-windows-i586-cygwin\jdk8u311\1894\hotspot\src\share\vm\gc_interface/collectedHeap.inline.hpp, line 157]
Event: 2063.795 Thread 0x08ba3800 Exception <a 'java/lang/OutOfMemoryError'> (0x04f98760) thrown at [C:\jenkins\workspace\8-2-build-windows-i586-cygwin\jdk8u311\1894\hotspot\src\share\vm\gc_interface/collectedHeap.inline.hpp, line 157]
Event: 2064.108 Thread 0x0852c000 Exception <a 'java/lang/OutOfMemoryError'> (0x04f86d98) thrown at [C:\jenkins\workspace\8-2-build-windows-i586-cygwin\jdk8u311\1894\hotspot\src\share\vm\gc_interface/collectedHeap.inline.hpp, line 157]
Event: 2064.454 Thread 0x08ba3800 Exception <a 'java/lang/OutOfMemoryError'> (0x04f86d98) thrown at [C:\jenkins\workspace\8-2-build-windows-i586-cygwin\jdk8u311\1894\hotspot\src\share\vm\gc_interface/collectedHeap.inline.hpp, line 157]

Events (10 events):
Event: 2063.486 Executing VM operation: GenCollectForAllocation done
Event: 2063.486 Executing VM operation: GenCollectForAllocation
Event: 2063.795 Executing VM operation: GenCollectForAllocation done
Event: 2063.795 Executing VM operation: GenCollectForAllocation
Event: 2064.108 Executing VM operation: GenCollectForAllocation done
Event: 2064.108 Executing VM operation: GenCollectForAllocation
Event: 2064.453 Executing VM operation: GenCollectForAllocation done
Event: 2064.454 Executing VM operation: GenCollectForAllocation
Event: 2064.613 Executing VM operation: GenCollectForAllocation done
Event: 2064.614 Executing VM operation: HeapDumper


Dynamic libraries:
0x01100000 - 0x0113e000 	C:\Program Files\Java\jre1.8.0_311\bin\java.exe
0x77470000 - 0x775b2000 	C:\Windows\SYSTEM32\ntdll.dll
0x75810000 - 0x758e5000 	C:\Windows\system32\kernel32.dll
0x754d0000 - 0x7551b000 	C:\Windows\system32\KERNELBASE.dll
0x76d80000 - 0x76e21000 	C:\Windows\system32\ADVAPI32.dll
0x756b0000 - 0x7575c000 	C:\Windows\system32\msvcrt.dll
0x775e0000 - 0x775f9000 	C:\Windows\SYSTEM32\sechost.dll
0x75760000 - 0x75802000 	C:\Windows\system32\RPCRT4.dll
0x75970000 - 0x75a39000 	C:\Windows\system32\USER32.dll
0x75920000 - 0x7596e000 	C:\Windows\system32\GDI32.dll
0x776b0000 - 0x776ba000 	C:\Windows\system32\LPK.dll
0x77600000 - 0x7769d000 	C:\Windows\system32\USP10.dll
0x73df0000 - 0x73f8e000 	C:\Windows\WinSxS\x86_microsoft.windows.common-controls_6595b64144ccf1df_6.0.7601.24483_none_2b200f664577e14b\COMCTL32.dll
0x75540000 - 0x75597000 	C:\Windows\system32\SHLWAPI.dll
0x75520000 - 0x7553f000 	C:\Windows\system32\IMM32.DLL
0x755a0000 - 0x7566e000 	C:\Windows\system32\MSCTF.dll
0x70e60000 - 0x70e63000 	C:\Windows\system32\api-ms-win-core-synch-l1-2-0.DLL
0x6da90000 - 0x6daa3000 	C:\Program Files\Java\jre1.8.0_311\bin\vcruntime140.dll
0x6f3f0000 - 0x6f3f4000 	C:\Program Files\Java\jre1.8.0_311\bin\api-ms-win-crt-runtime-l1-1-0.dll
0x65db0000 - 0x65ecf000 	C:\Program Files\Java\jre1.8.0_311\bin\ucrtbase.DLL
0x71870000 - 0x71873000 	C:\Program Files\Java\jre1.8.0_311\bin\api-ms-win-core-localization-l1-2-0.dll
0x6e1d0000 - 0x6e1d3000 	C:\Program Files\Java\jre1.8.0_311\bin\api-ms-win-core-processthreads-l1-1-1.dll
0x6e810000 - 0x6e813000 	C:\Program Files\Java\jre1.8.0_311\bin\api-ms-win-core-file-l1-2-0.dll
0x6d9a0000 - 0x6d9a3000 	C:\Program Files\Java\jre1.8.0_311\bin\api-ms-win-core-timezone-l1-1-0.dll
0x6c3d0000 - 0x6c3d3000 	C:\Program Files\Java\jre1.8.0_311\bin\api-ms-win-core-file-l2-1-0.dll
0x6c3c0000 - 0x6c3c3000 	C:\Program Files\Java\jre1.8.0_311\bin\api-ms-win-crt-heap-l1-1-0.dll
0x6c3b0000 - 0x6c3b4000 	C:\Program Files\Java\jre1.8.0_311\bin\api-ms-win-crt-string-l1-1-0.dll
0x6c3a0000 - 0x6c3a4000 	C:\Program Files\Java\jre1.8.0_311\bin\api-ms-win-crt-stdio-l1-1-0.dll
0x6c390000 - 0x6c394000 	C:\Program Files\Java\jre1.8.0_311\bin\api-ms-win-crt-convert-l1-1-0.dll
0x65d40000 - 0x65daf000 	C:\Program Files\Java\jre1.8.0_311\bin\msvcp140.dll
0x6bbc0000 - 0x6bbc3000 	C:\Program Files\Java\jre1.8.0_311\bin\api-ms-win-crt-locale-l1-1-0.dll
0x6bbb0000 - 0x6bbb5000 	C:\Program Files\Java\jre1.8.0_311\bin\api-ms-win-crt-math-l1-1-0.dll
0x6bba0000 - 0x6bba3000 	C:\Program Files\Java\jre1.8.0_311\bin\api-ms-win-crt-filesystem-l1-1-0.dll
0x6bb00000 - 0x6bb03000 	C:\Program Files\Java\jre1.8.0_311\bin\api-ms-win-crt-time-l1-1-0.dll
0x6bb10000 - 0x6bb13000 	C:\Program Files\Java\jre1.8.0_311\bin\api-ms-win-crt-environment-l1-1-0.dll
0x6a620000 - 0x6a623000 	C:\Program Files\Java\jre1.8.0_311\bin\api-ms-win-crt-utility-l1-1-0.dll
0x653b0000 - 0x6578f000 	C:\Program Files\Java\jre1.8.0_311\bin\client\jvm.dll
0x6a770000 - 0x6a777000 	C:\Windows\system32\WSOCK32.dll
0x75670000 - 0x756a5000 	C:\Windows\system32\WS2_32.dll
0x775d0000 - 0x775d6000 	C:\Windows\system32\NSI.dll
0x6f5e0000 - 0x6f612000 	C:\Windows\system32\WINMM.dll
0x74670000 - 0x74679000 	C:\Windows\system32\VERSION.dll
0x775c0000 - 0x775c5000 	C:\Windows\system32\PSAPI.DLL
0x6a610000 - 0x6a61d000 	C:\Program Files\Java\jre1.8.0_311\bin\verify.dll
0x6a5e0000 - 0x6a604000 	C:\Program Files\Java\jre1.8.0_311\bin\java.dll
0x6a5c0000 - 0x6a5d4000 	C:\Program Files\Java\jre1.8.0_311\bin\zip.dll
0x76130000 - 0x76d7c000 	C:\Windows\system32\SHELL32.dll
0x770d0000 - 0x7722f000 	C:\Windows\system32\ole32.dll
0x75200000 - 0x7520b000 	C:\Windows\system32\profapi.dll
0x6d9b0000 - 0x6d9c7000 	C:\Program Files\Java\jre1.8.0_311\bin\net.dll
0x74b70000 - 0x74bac000 	C:\Windows\system32\mswsock.dll
0x74b60000 - 0x74b66000 	C:\Windows\System32\wship6.dll
0x6d850000 - 0x6d85f000 	C:\Program Files\Java\jre1.8.0_311\bin\nio.dll
0x74bb0000 - 0x74bc7000 	C:\Windows\system32\CRYPTSP.dll
0x74940000 - 0x7497b000 	C:\Windows\system32\rsaenh.dll
0x75220000 - 0x75239000 	C:\Windows\system32\USERENV.dll
0x750e0000 - 0x750ec000 	C:\Windows\system32\CRYPTBASE.dll
0x73810000 - 0x7382c000 	C:\Windows\system32\IPHLPAPI.DLL
0x737f0000 - 0x737f7000 	C:\Windows\system32\WINNSI.DLL
0x733b0000 - 0x733bd000 	C:\Windows\system32\dhcpcsvc6.DLL
0x73310000 - 0x73322000 	C:\Windows\system32\dhcpcsvc.DLL
0x6ba00000 - 0x6baeb000 	C:\Windows\system32\dbghelp.dll

VM Arguments:
jvm_args: -DwatchParentProcess=false -XX:+ExitOnOutOfMemoryError -XX:+HeapDumpOnOutOfMemoryError -XX:HeapDumpPath=c:\Users\Merlin\AppData\Roaming\Code\User\globalStorage\redhat.vscode-xml -Xverify:none -Xmx64M 
java_command: org.eclipse.lemminx.XMLServerLauncher
java_class_path (initial): c:\Users\Merlin\.vscode\extensions\redhat.vscode-xml-0.20.0\server\org.eclipse.lemminx-0.20.0-uber.jar
Launcher Type: SUN_STANDARD

Environment Variables:
PATH=C:\Program Files\Common Files\Oracle\Java\javapath;C:\Windows\system32;C:\Windows;C:\Windows\System32\Wbem;C:\Windows\System32\WindowsPowerShell\v1.0\;C:\Program Files\Intel\OpenCL SDK\2.0\bin\x86;C:\Program Files\Git\cmd;D:\Coding\Python 3.8.8\Scripts\;D:\Coding\Python 3.8.8\;D:\Coding\Python 3.8.8\Scripts;D:\Coding\VSCode\Microsoft VS Code\bin
USERNAME=Merlin
OS=Windows_NT
PROCESSOR_IDENTIFIER=x86 Family 6 Model 42 Stepping 7, GenuineIntel



---------------  S Y S T E M  ---------------

OS: Windows 7 Build 7601 (6.1.7601.24545)

CPU:total 2 (initial active 2) (2 cores per cpu, 1 threads per core) family 6 model 42 stepping 7, cmov, cx8, fxsr, mmx, sse, sse2, sse3, ssse3, sse4.1, sse4.2, popcnt, clmul, tsc, tscinvbit

Memory: 4k page, physical 2733936k(391996k free), swap 7513324k(4399532k free)

vm_info: Java HotSpot(TM) Client VM (25.311-b11) for windows-x86 JRE (1.8.0_311-b11), built on Sep 27 2021 05:20:10 by "java_re" with MS VC++ 15.9 (VS2017)

time: Sat Aug 10 00:04:05 2024
timezone: RTZ 2 (ceia)
elapsed time: 2065.427517 seconds (0d 0h 34m 25s)

