---------------------------------------------- Log begins on Fri Jul 23 13:44:40 2021 ----------------------------------------------
I           m3dapp.cpp[0088]23/07 13:44:41 Starting up...
I           m3dapp.cpp[1498]23/07 13:44:41 ExMachina - release version release build v1.02 (Dec 21 2005 12:15:10)
I      Stackwalker.cpp[0608]23/07 13:44:41 Stackwalker: log file name will be 'd:/games/ex machina games/ex machina/ex machina 1/exceptions/game.exe0000.log'
I      Stackwalker.cpp[0609]23/07 13:44:41 Stackwalker: dump file name will be 'd:/games/ex machina games/ex machina/ex machina 1/exceptions/game.exe0000.dmp'
I      Stackwalker.cpp[0610]23/07 13:44:41 Stackwalker: game log file name will be 'd:/games/ex machina games/ex machina/ex machina 1/exceptions/game.exe0000_game.log'
I           m3dapp.cpp[1391]23/07 13:44:41 Path: D:\Games\EX Machina Games\Ex Machina\Ex Machina 1
I           m3dapp.cpp[1392]23/07 13:44:41 Exe: D:\Games\EX Machina Games\Ex Machina\Ex Machina 1\game.exe
I           m3dapp.cpp[1401]23/07 13:44:41 Windows version: 6.1.7601
I           m3dapp.cpp[1410]23/07 13:44:41 Computer name: RIVER-PC
I           m3dapp.cpp[1430]23/07 13:44:41 Cpu: GenuineIntel
I           m3dapp.cpp[1434]23/07 13:44:41 Cpu clock: ~1596
I           m3dapp.cpp[1459]23/07 13:44:41 Processor is mmx able
I           m3dapp.cpp[1470]23/07 13:44:41 Physical memory: 1893 MB
I           m3dapp.cpp[1471]23/07 13:44:41 Total memory:    3787 MB
I           m3dapp.cpp[1472]23/07 13:44:41 Physical memory available: 1440 MB
I           m3dapp.cpp[1473]23/07 13:44:41 Total memory available:    1866 MB
I           m3dapp.cpp[2846]23/07 13:44:41 SetCodepage -- using codepage 1251 '1251  (ANSI - кириллица)'
I           m3dapp.cpp[2154]23/07 13:44:41 NOTE! renderer is bind to dxrender9.dll
I           m3dapp.cpp[1336]23/07 13:44:42 d3d: Given device behavior: 80
I           m3dapp.cpp[1336]23/07 13:44:42 d3d: Confirmed device behavior: 80
I           m3dapp.cpp[1336]23/07 13:44:43 d3d: Description: Intel(R) HD Graphics
I           m3dapp.cpp[1336]23/07 13:44:43 d3d: Driver:      igdumd32.dll
I           m3dapp.cpp[1336]23/07 13:44:43 d3d: VendorId:    0x8086
I           m3dapp.cpp[1336]23/07 13:44:43 d3d: DeviceId:    0x106
I           m3dapp.cpp[1336]23/07 13:44:43 d3d: SubSysId:    0x3672103c
I           m3dapp.cpp[1336]23/07 13:44:43 d3d: Revision:    9
I           m3dapp.cpp[1336]23/07 13:44:43 d3d: Driver version info:
I           m3dapp.cpp[1336]23/07 13:44:43 d3d:   Product:    9
I           m3dapp.cpp[1336]23/07 13:44:43 d3d:   Version:    17
I           m3dapp.cpp[1336]23/07 13:44:43 d3d:   SubVersion: 10
I           m3dapp.cpp[1336]23/07 13:44:43 d3d:   Build:      4229
I           m3dapp.cpp[1336]23/07 13:44:43 d3d: WHQLLevel:    0
I           m3dapp.cpp[1336]23/07 13:44:43 d3d: Texture max size: 8192x8192
I           m3dapp.cpp[1336]23/07 13:44:43 d3d: Guard band: (-8192.000,-8192.000,8192.000,8192.000)
I           m3dapp.cpp[1336]23/07 13:44:43 d3d: MaxTextureBlendStages: 8
I           m3dapp.cpp[1336]23/07 13:44:43 d3d: MaxSimultaneousTextures: 8
I           m3dapp.cpp[1336]23/07 13:44:43 d3d: MaxActiveLights: 10
I           m3dapp.cpp[1336]23/07 13:44:43 d3d: MaxUserClipPlanes: 6
I           m3dapp.cpp[1336]23/07 13:44:43 d3d: VertexShaderVersion: 0xfffe0300
I           m3dapp.cpp[1336]23/07 13:44:43 d3d: PixelShaderVersion: 0xffff0300
I           m3dapp.cpp[1336]23/07 13:44:43 d3d: Geometry instancing: supported
I           m3dapp.cpp[1336]23/07 13:44:43 d3d: Depth bias supported: yes
I           m3dapp.cpp[1336]23/07 13:44:43 d3d: Slope-scale based depth bias supported: yes
I           m3dapp.cpp[1336]23/07 13:44:43 d3d: HwRasterization: true
I           m3dapp.cpp[1336]23/07 13:44:43 d3d: HwTnL: true
I           m3dapp.cpp[1336]23/07 13:44:43 d3d: PureDevice: true
I           m3dapp.cpp[1336]23/07 13:44:43 d3d: CubeMap: true
I           m3dapp.cpp[1336]23/07 13:44:43 d3d: VolumeMap: true
I           m3dapp.cpp[1336]23/07 13:44:43 d3d: TextureAddressCaps:
I           m3dapp.cpp[1336]23/07 13:44:43 d3d: 	wrap: true
I           m3dapp.cpp[1336]23/07 13:44:43 d3d: 	clamp: true
I           m3dapp.cpp[1336]23/07 13:44:43 d3d: 	border: true
I           m3dapp.cpp[1336]23/07 13:44:43 d3d: Projective textures: true
I           m3dapp.cpp[1336]23/07 13:44:43 d3d: MaxPointSize: 256.000
I           m3dapp.cpp[1336]23/07 13:44:43 d3d: MaxPrimitiveCount: 1048575
I           m3dapp.cpp[1336]23/07 13:44:43 d3d: MaxVertexIndex: 16777215
I           m3dapp.cpp[1336]23/07 13:44:43 d3d: MaxStreams: 16
I           m3dapp.cpp[1336]23/07 13:44:43 d3d: MaxStreamsStride: 255
I           m3dapp.cpp[1336]23/07 13:44:43 d3d: MaxAnisotropy: 16
I           m3dapp.cpp[1336]23/07 13:44:43 d3d: MaxVertexBlendMatrices: 4
I           m3dapp.cpp[1336]23/07 13:44:43 d3d: MaxVertexBlendMatrixIndex: 8
I           m3dapp.cpp[1336]23/07 13:44:43 d3d: FullScreenGamma: true
I           m3dapp.cpp[1336]23/07 13:44:43 d3d: COLORWRITEENABLE: true
I           m3dapp.cpp[1336]23/07 13:44:43 d3d: MASKZ: true
I           m3dapp.cpp[1336]23/07 13:44:43 d3d: BLENDOP: true
I           m3dapp.cpp[1336]23/07 13:44:43 d3d: CLIPPLANESCALEDPOINTS: false
I           m3dapp.cpp[1336]23/07 13:44:43 d3d: CLIPTLVERTS: false
I           m3dapp.cpp[1336]23/07 13:44:43 d3d: TSSARGTEMP: true
I           m3dapp.cpp[1336]23/07 13:44:43 d3d: DIRECTIONALLIGHTS: true
I           m3dapp.cpp[1336]23/07 13:44:43 d3d: LOCALVIEWER: true
I           m3dapp.cpp[1336]23/07 13:44:43 d3d: POSITIONALLIGHTS: true
I           m3dapp.cpp[1336]23/07 13:44:43 d3d: TEXGEN:  true
I           m3dapp.cpp[1336]23/07 13:44:43 d3d: TWEENING:  true
I           m3dapp.cpp[1336]23/07 13:44:43 d3d: Dp3: true
I           m3dapp.cpp[1336]23/07 13:44:43 d3d: Lerp: true
I           m3dapp.cpp[1336]23/07 13:44:43 d3d: MaxNpatchTessellationLevel: 0.000
I           m3dapp.cpp[1336]23/07 13:44:43 d3d: Query VCACHE support: true
I           m3dapp.cpp[1336]23/07 13:44:43 d3d: Query EVENT support: true
I           m3dapp.cpp[1336]23/07 13:44:43 d3d: Query OCCLUSION support: true
I           m3dapp.cpp[1336]23/07 13:44:43 d3d: Query TIMESTAMP support: true
I           m3dapp.cpp[1336]23/07 13:44:43 d3d: Query TIMESTAMPDISJOINT support: true
I           m3dapp.cpp[1336]23/07 13:44:43 d3d: Query TIMESTAMPFREQ support: true
I           m3dapp.cpp[1336]23/07 13:44:43 d3d: Query PIPELINETIMINGS support: false
I           m3dapp.cpp[1336]23/07 13:44:43 d3d: Query INTERFACETIMINGS support: false
I           m3dapp.cpp[1336]23/07 13:44:43 d3d: Query VERTEXTIMINGS support: false
I           m3dapp.cpp[1336]23/07 13:44:43 d3d: Query PIXELTIMINGS support: false
I           m3dapp.cpp[1336]23/07 13:44:43 d3d: Query BANDWIDTHTIMINGS support: false
I           m3dapp.cpp[1336]23/07 13:44:43 d3d: Query CACHEUTILIZATION support: false
I           m3dapp.cpp[1336]23/07 13:44:43 d3d: Creating or resetting the device
I           m3dapp.cpp[1336]23/07 13:44:43 d3d: Back buffer format: X8R8G8B8
I           m3dapp.cpp[1336]23/07 13:44:43 d3d: Depth/stencil buffer format: D24S8
I           m3dapp.cpp[1336]23/07 13:44:43 d3d: Stenciling: off
I           m3dapp.cpp[1336]23/07 13:44:43 d3d: Rgba textures format: DXT5
I           m3dapp.cpp[1336]23/07 13:44:43 d3d: Rgba no c. textures format: A8R8G8B8
I           m3dapp.cpp[1336]23/07 13:44:43 d3d: RgbA textures format: DXT5
I           m3dapp.cpp[1336]23/07 13:44:43 d3d: RgbA no c. textures format: A4R4G4B4
I           m3dapp.cpp[1336]23/07 13:44:43 d3d: Rt textures format: A8R8G8B8
I           m3dapp.cpp[1336]23/07 13:44:43 d3d: Shadow textures format: R5G6B5
I           m3dapp.cpp[1336]23/07 13:44:43 d3d: Rt depth format: D16
I           m3dapp.cpp[2206]23/07 13:44:44 NOTE! input is bind to input_di8.dll
I           m3dapp.cpp[1938]23/07 13:44:44 NOTE! sound is bind to sound.dll
I           m3dapp.cpp[1350]23/07 13:44:44 input: Joystick not found
I           m3dapp.cpp[1343]23/07 13:44:44 snd: Max sound channels available: 128
I           m3dapp.cpp[1343]23/07 13:44:45 snd: Sound is inited successfully
I             font.cpp[0976]23/07 13:44:45 FontManager: fonts are loaded successfully
I      gameimpulse.cpp[0288]23/07 13:44:47 Key bindings: were inited successfully
I           view32.cpp[0705]23/07 13:44:47 --- Init Media ---
I    GameUiManager.cpp[0303]23/07 13:44:47 Interface: is initializing...
I    GameUiManager.cpp[1580]23/07 13:44:47 Interface: clearing resource infos ...
I    GameUiManager.cpp[1491]23/07 13:44:47 Interface: loading resource infos ...
I    GameUiManager.cpp[1603]23/07 13:44:47 Interface: loading resources ...
I           m3dapp.cpp[1343]23/07 13:44:48 snd: Error: Can't Open SoundFile: 
I           m3dapp.cpp[1343]23/07 13:44:48 snd: Cannot open sound stream from file . Error: File not found, flags: 8272
I    GameUiManager.cpp[0395]23/07 13:44:48 Interface: is inited successfully
I        LevelInfo.cpp[0806]23/07 13:44:48 Level infos were loaded successfully from file data\if\diz\LevelInfo.xml
I        LevelInfo.cpp[0747]23/07 13:44:49 LevelInfoManager was inited successfully
I   TruxxUiManager.cpp[0191]23/07 13:44:49 TruxxUiManager: was inited successfully
I      gameimpulse.cpp[0618]23/07 13:44:51 Key bindings: unbind all is done
I      gameimpulse.cpp[0324]23/07 13:44:51 Key bindings: were loaded successfully from file data\scripts\DefaultKeyBindings.lua
I      gameimpulse.cpp[1194]23/07 13:44:51 Key bindings: were bind from defaults
I            video.cpp[0704]23/07 13:44:51 Could not load specified video file: data\video\logobuka.wmv (hr = 80070003)
I     view32_video.cpp[0061]23/07 13:44:51 Error: couldn't load video 'data\video\logobuka.wmv'
I            video.cpp[0704]23/07 13:44:51 Could not load specified video file: data\video\logotargem.wmv (hr = 80070003)
I     view32_video.cpp[0061]23/07 13:44:51 Error: couldn't load video 'data\video\logotargem.wmv'
I            video.cpp[0704]23/07 13:44:51 Could not load specified video file: data\video\INTRO_RUS_FIELD.wmv (hr = 80070003)
I     view32_video.cpp[0061]23/07 13:44:51 Error: couldn't load video 'data\video\INTRO_RUS_FIELD.wmv'
I           m3dapp.cpp[1808]23/07 13:44:51 ----------------------- Engine inited in: 0
I          Profile.cpp[0602]23/07 13:44:51 Profile "RiverZone" set
I   TruxxUiManager.cpp[1422]23/07 13:44:51 Game mode changed. Old mode = 3, new mode = 2
I        SplashWnd.cpp[0244]23/07 13:44:52 Start splashing 11
I           view32.cpp[1048]23/07 13:44:52 -- Loading Level: data\maps\mainmenu.ssl --
I            world.cpp[0132]23/07 13:44:52 ----------------------- World Loading
F        landscape.cpp[1674]23/07 13:44:53  +- Enter function: Landscape::Load()
I        landscape.cpp[1911]23/07 13:44:53  |  ----------------------- Normal map loaded in: 11
I        landscape.cpp[1920]23/07 13:44:53  |  ----------------------- Tiles loaded in: 303
I        landscape.cpp[1944]23/07 13:44:53  |  ----------------------- ShoreLine loaded in: 49
F        landscape.cpp[1944]23/07 13:44:53  +- Exit function: Landscape::Load()
I            world.cpp[0169]23/07 13:44:53 ----------------------- Landscape loaded in: 712
I       DataServer.cpp[0587]23/07 13:44:53 Loading Servers: data\maps\MainMenu\servers.xml
I serverAnimatedModel.cpp[0630]23/07 13:45:01 ### Total time: 7660, GAM time: 6026
I       DataServer.cpp[0587]23/07 13:45:04 Loading Servers: data\models\commonservers.xml
I            world.cpp[0210]23/07 13:45:06 ----------------------- Servers loaded in: 12847
I            world.cpp[0338]23/07 13:45:06 LoadWorld begin...
I            world.cpp[0350]23/07 13:45:06 %%%% read/parse xml: 44
I            world.cpp[0362]23/07 13:45:06 %%%% read from xml: 9
E    PlayerPassMap.cpp[0139]23/07 13:45:06 Couldn't load player pass map from file data\maps\MainMenu\player_passmap.xml
I            world.cpp[0444]23/07 13:45:06 %%%% link nodes: 32
I            world.cpp[0220]23/07 13:45:06 ----------------------- Nodes loaded in: 87
I            world.cpp[0228]23/07 13:45:06 ----------------------- Prefabs loaded in: 0
I            world.cpp[0247]23/07 13:45:06 ----------------------- World loaded in: 14262
I            world.cpp[0278]23/07 13:45:08 ----------------------- Roads loaded in: 1031
I           view32.cpp[1078]23/07 13:45:08 Load Server begin...
I   TruxxUiManager.cpp[0974]23/07 13:45:08 Interface: is loaded successfully
I           server.cpp[0789]23/07 13:45:08 AI: Loading Server...
I           server.cpp[0796]23/07 13:45:08 	AI: Loading Relationship
I     Relationship.cpp[0134]23/07 13:45:08 		 File readed
I           server.cpp[0801]23/07 13:45:08 	AI: Loading SoilProps
I           server.cpp[0804]23/07 13:45:08 	AI: Loading ExternalPaths
I           server.cpp[0807]23/07 13:45:08 	AI: Loading PlayerPassMap
E    PlayerPassMap.cpp[0139]23/07 13:45:08 Couldn't load player pass map from file data\maps\MainMenu\player_passmap.xml
I           server.cpp[0813]23/07 13:45:08 	AI: Loading GameObjects
I           server.cpp[0816]23/07 13:45:08 	AI: Initializing VehicleGeneratorInfoCache
I           server.cpp[0820]23/07 13:45:08 	AI: Refreshing GameObjects
I           server.cpp[0824]23/07 13:45:09 	AI: Loading QuestStates
I       QuestState.cpp[0904]23/07 13:45:09 Quest 'FindGomerA_Quest1' can be given now
I       QuestState.cpp[0904]23/07 13:45:09 Quest 'Human1_Quest1' can be given now
I       QuestState.cpp[0904]23/07 13:45:09 Quest 'Human1_Quest2' can be given now
I       QuestState.cpp[0904]23/07 13:45:09 Quest 'q_PlaceWithSign' can be given now
I       QuestState.cpp[0904]23/07 13:45:09 Quest 'r3m2_OracleMemory' can be given now
I       QuestState.cpp[0904]23/07 13:45:09 Quest 'r3m1_LureMainDriud' can be given now
I       QuestState.cpp[0904]23/07 13:45:09 Quest 'r3m1_ClearSanctuary' can be given now
I       QuestState.cpp[0904]23/07 13:45:09 Quest 'r3m1_KnowAboutUluk' can be given now
I       QuestState.cpp[0904]23/07 13:45:09 Quest 'r3m1_RescueUlukCivil' can be given now
I       QuestState.cpp[0904]23/07 13:45:09 Quest 'q_VisitDruid' can be given now
I       QuestState.cpp[0904]23/07 13:45:09 Quest 'r2m2_Znaki2_Quest' can be given now
I       QuestState.cpp[0904]23/07 13:45:09 Quest 'r2m2_HeadsHunterQuest' can be given now
I       QuestState.cpp[0904]23/07 13:45:09 Quest 'r2m2_OldDvigatel1_Quest' can be given now
I       QuestState.cpp[0904]23/07 13:45:09 Quest 'r2m2_OldDvigatel2_Quest' can be given now
I       QuestState.cpp[0904]23/07 13:45:09 Quest 'r2m2_FightFelix' can be given now
I       QuestState.cpp[0904]23/07 13:45:09 Quest 'r2m2_ReturnToMarecciaFromCastle' can be given now
I       QuestState.cpp[0904]23/07 13:45:09 Quest 'r2m2_FightWithAxelInArena_Quest' can be given now
I       QuestState.cpp[0904]23/07 13:45:09 Quest 'r2m2_FindLisAfterAxelAndFatherDie_Quest' can be given now
I       QuestState.cpp[0904]23/07 13:45:09 Quest 'r2m2_ToLisaToMonastir' can be given now
I       QuestState.cpp[0904]23/07 13:45:09 Quest 'r2m1_ArtAntipod_Quest' can be given now
I       QuestState.cpp[0904]23/07 13:45:09 Quest 'r2m1_TakeNarcotics_Quest' can be given now
I       QuestState.cpp[0904]23/07 13:45:09 Quest 'r2m1_KillGodFather_Quest' can be given now
I       QuestState.cpp[0904]23/07 13:45:09 Quest 'd_GetSupportOneOfTheBands2_Quest' can be given now
I       QuestState.cpp[0904]23/07 13:45:09 Quest 'd_GetSupportOneOfTheBands1_Quest' can be given now
I       QuestState.cpp[0904]23/07 13:45:09 Quest 'd_FindVerbInAR_Quest' can be given now
I       QuestState.cpp[0904]23/07 13:45:09 Quest 'd_FindVerbInSNG_Quest' can be given now
I       QuestState.cpp[0904]23/07 13:45:09 Quest 'd_TakeGeneralOfBandits_Quest' can be given now
I       QuestState.cpp[0904]23/07 13:45:09 Quest 'FindGomerB_Quest1' can be given now
I       QuestState.cpp[0904]23/07 13:45:09 Quest 'TraiderStorage_Quest1' can be given now
I       QuestState.cpp[0904]23/07 13:45:09 Quest 'FreeExtremistLeader_Quest1' can be given now
I       QuestState.cpp[0904]23/07 13:45:09 Quest 'KillExtremist_Quest1' can be given now
I       QuestState.cpp[0904]23/07 13:45:09 Quest 'r1m4_TalkWithOldTraderAboutSecondDisk' can be given now
I       QuestState.cpp[0904]23/07 13:45:09 Quest 'q_FindHusbent' can be given now
I       QuestState.cpp[0904]23/07 13:45:09 Quest 'r1m3_BonnyAndKlideQuest' can be given now
I       QuestState.cpp[0904]23/07 13:45:09 Quest 'r1m3_ArchHelp' can be given now
I       QuestState.cpp[0904]23/07 13:45:09 Quest 'r1m3_OldTownOutsiderCar_Quest' can be given now
I       QuestState.cpp[0904]23/07 13:45:09 Quest 'r1m3_CrazyManQuest' can be given now
I       QuestState.cpp[0904]23/07 13:45:09 Quest 'd_RideAcrossBase_Quest' can be given now
I       QuestState.cpp[0904]23/07 13:45:09 Quest 'd_GiveMoneyToBase_Quest' can be given now
I       QuestState.cpp[0904]23/07 13:45:09 Quest 'd_BombShahtsAtakBandits_Quest' can be given now
I       QuestState.cpp[0904]23/07 13:45:09 Quest 'd_GetBomb_Quest' can be given now
I       QuestState.cpp[0904]23/07 13:45:09 Quest 'd_IntrigaOfMerMinin_Quest' can be given now
I       QuestState.cpp[0904]23/07 13:45:09 Quest 'd_MoveFreelancersToOilMine_Quest' can be given now
I       QuestState.cpp[0904]23/07 13:45:09 Quest 'd_MoveCanistraToMinin_Quest' can be given now
I       QuestState.cpp[0904]23/07 13:45:09 Quest 'd_OpenTunel_Quest' can be given now
I       QuestState.cpp[0904]23/07 13:45:09 Quest 'r1m3_TW_OralceAboutAlien' can be given now
I       QuestState.cpp[0904]23/07 13:45:09 Quest 'd_PayWorkersMoney_Quest' can be given now
I       QuestState.cpp[0904]23/07 13:45:09 Quest 'WhereSigns_Quest' can be given now
I       QuestState.cpp[0904]23/07 13:45:09 Quest 'CombatInKollizey_Quest' can be given now
I       QuestState.cpp[0904]23/07 13:45:09 Quest 'BuyKollizey_Quest' can be given now
I       QuestState.cpp[0904]23/07 13:45:09 Quest 'Kollizey_Quest' can be given now
I       QuestState.cpp[0904]23/07 13:45:09 Quest 'HelpRuins_Quest' can be given now
I       QuestState.cpp[0904]23/07 13:45:09 Quest 'DestroyRuins_Quest' can be given now
I       QuestState.cpp[0904]23/07 13:45:09 Quest 'Signs_Quest' can be given now
I       QuestState.cpp[0904]23/07 13:45:09 Quest 'r1m2_TW_BanAboutAlien' can be given now
I       QuestState.cpp[0904]23/07 13:45:09 Quest 'r1m3_DestroyOracle' can be given now
I       QuestState.cpp[0904]23/07 13:45:09 Quest 'WorkGiver_Quest1' can be given now
I       QuestState.cpp[0904]23/07 13:45:09 Quest 'd_PunishBandits_Quest' can be given now
I       QuestState.cpp[0904]23/07 13:45:09 Quest 'r1m1_Hospital_Quest' can be given now
I       QuestState.cpp[0904]23/07 13:45:09 Quest 'r1m1_Botanik_Quest' can be given now
I       QuestState.cpp[0904]23/07 13:45:09 Quest 'r1m1_FindBotanik_Quest' can be given now
I       QuestState.cpp[0904]23/07 13:45:09 Quest 'Buyer_Quest1' can be given now
I       QuestState.cpp[0904]23/07 13:45:09 Quest 'TalkWithFather_Quest' can be given now
I       QuestState.cpp[0904]23/07 13:45:09 Quest 'd_Lisa_Quest' can be given now
I       QuestState.cpp[0904]23/07 13:45:09 Quest 'FindBen_Quest' can be given now
I       QuestState.cpp[0904]23/07 13:45:09 Quest 'd_SinFather_Quest' can be given now
I           server.cpp[0826]23/07 13:45:09 	AI: QuestStates loaded
I           server.cpp[0828]23/07 13:45:09 	AI: Loading DynamicScene
I     DynamicScene.cpp[1470]23/07 13:45:09 		 Scene loading begin
E  SimplePhysicObj.cpp[0414]23/07 13:45:09 Error: mass is too low: 0.000 for ParticleSplinter id = 9 prototype = 'particleSplinter'
E  SimplePhysicObj.cpp[0414]23/07 13:45:09 Error: mass is too low: 0.000 for ParticleSplinter id = 10 prototype = 'particleSplinter'
I     DynamicScene.cpp[1472]23/07 13:45:09 		 Scene loading end
I           server.cpp[0837]23/07 13:45:09 	AI: DynamicScene loaded
I           server.cpp[0852]23/07 13:45:09 	AI: Loading Triggers
E           server.cpp[1242]23/07 13:45:09 Error: cannot open data\maps\MainMenu\
I           server.cpp[0855]23/07 13:45:09 	AI: Triggers loaded
I           server.cpp[0857]23/07 13:45:09 	AI: Loading Object Names
E     ObjContainer.cpp[1104]23/07 13:45:09 Error: cannot open data\maps\MainMenu\object_names.xml
I           server.cpp[0868]23/07 13:45:09 	AI: Initing Player
I           server.cpp[0888]23/07 13:45:09 		Before first Update
E           client.cpp[0082]23/07 13:45:09 Error: Cant find server item for name: 'cub'
I   TruxxUiManager.cpp[1422]23/07 13:45:09 Game mode changed. Old mode = 2, new mode = 1
I           server.cpp[0909]23/07 13:45:09 		After first Update
I           server.cpp[0911]23/07 13:45:09 AI: Finished Loading Server
I           view32.cpp[1106]23/07 13:45:09 Load server end
I        QuestInfo.cpp[0847]23/07 13:45:09 Quest infos were loaded successfully from file data\if\diz\QuestInfoGlobal.xml
I        QuestInfo.cpp[0783]23/07 13:45:09 QuestInfo manager was inited successfully
I       MsgManager.cpp[0391]23/07 13:45:09 Can't open file data\maps\MainMenu\strings.xml for read.
I    GameUiManager.cpp[0303]23/07 13:45:09 Interface: is initializing...
I    GameUiManager.cpp[0405]23/07 13:45:09 Interface: is clearing...
I    GameUiManager.cpp[0495]23/07 13:45:09 Interface: is cleared successfully
I    GameUiManager.cpp[0395]23/07 13:45:09 Interface: is inited successfully
I blockMusicManager.cpp[0199]23/07 13:45:09 BlockMusicManager: resetting
I      gameimpulse.cpp[0618]23/07 13:45:09 Key bindings: unbind all is done
I        scriptlet.cpp[0045]23/07 13:45:09 Could not open script file data\profiles\riverzone\keybindings.lua
I      gameimpulse.cpp[0318]23/07 13:45:09 Key bindings: loading error - (data\profiles\riverzone\keybindings.lua @ 0): file not found or could not be read 
I      gameimpulse.cpp[1217]23/07 13:45:09 Key bindings: error loading from profile file; load defaults instead
I      gameimpulse.cpp[0618]23/07 13:45:09 Key bindings: unbind all is done
I      gameimpulse.cpp[0324]23/07 13:45:09 Key bindings: were loaded successfully from file data\scripts\DefaultKeyBindings.lua
I      gameimpulse.cpp[1194]23/07 13:45:09 Key bindings: were bind from defaults
I          Profile.cpp[0602]23/07 13:45:33 Profile "Артем" set
I      gameimpulse.cpp[0618]23/07 13:45:33 Key bindings: unbind all is done
I        scriptlet.cpp[0045]23/07 13:45:33 Could not open script file data\profiles\артем\keybindings.lua
I      gameimpulse.cpp[0318]23/07 13:45:33 Key bindings: loading error - (data\profiles\артем\keybindings.lua @ 0): file not found or could not be read 
I      gameimpulse.cpp[1217]23/07 13:45:33 Key bindings: error loading from profile file; load defaults instead
I      gameimpulse.cpp[0618]23/07 13:45:33 Key bindings: unbind all is done
I      gameimpulse.cpp[0324]23/07 13:45:33 Key bindings: were loaded successfully from file data\scripts\DefaultKeyBindings.lua
I      gameimpulse.cpp[1194]23/07 13:45:33 Key bindings: were bind from defaults
I   TruxxUiManager.cpp[1422]23/07 13:45:36 Game mode changed. Old mode = 1, new mode = 1
I          Profile.cpp[0602]23/07 13:45:39 Profile "RiverZone" set
I      gameimpulse.cpp[0618]23/07 13:45:39 Key bindings: unbind all is done
I        scriptlet.cpp[0045]23/07 13:45:39 Could not open script file data\profiles\riverzone\keybindings.lua
I      gameimpulse.cpp[0318]23/07 13:45:39 Key bindings: loading error - (data\profiles\riverzone\keybindings.lua @ 0): file not found or could not be read 
I      gameimpulse.cpp[1217]23/07 13:45:39 Key bindings: error loading from profile file; load defaults instead
I      gameimpulse.cpp[0618]23/07 13:45:39 Key bindings: unbind all is done
I      gameimpulse.cpp[0324]23/07 13:45:39 Key bindings: were loaded successfully from file data\scripts\DefaultKeyBindings.lua
I      gameimpulse.cpp[1194]23/07 13:45:39 Key bindings: were bind from defaults
I          Profile.cpp[0602]23/07 13:45:47 Profile "Артем" set
I      gameimpulse.cpp[0618]23/07 13:45:47 Key bindings: unbind all is done
I        scriptlet.cpp[0045]23/07 13:45:47 Could not open script file data\profiles\артем\keybindings.lua
I      gameimpulse.cpp[0318]23/07 13:45:47 Key bindings: loading error - (data\profiles\артем\keybindings.lua @ 0): file not found or could not be read 
I      gameimpulse.cpp[1217]23/07 13:45:47 Key bindings: error loading from profile file; load defaults instead
I      gameimpulse.cpp[0618]23/07 13:45:47 Key bindings: unbind all is done
I      gameimpulse.cpp[0324]23/07 13:45:47 Key bindings: were loaded successfully from file data\scripts\DefaultKeyBindings.lua
I      gameimpulse.cpp[1194]23/07 13:45:47 Key bindings: were bind from defaults
I        SplashWnd.cpp[0244]23/07 13:46:03 Start splashing 11
I   TruxxUiManager.cpp[1422]23/07 13:46:03 Game mode changed. Old mode = 1, new mode = 0
I    GameUiManager.cpp[0405]23/07 13:46:03 Interface: is clearing...
I    GameUiManager.cpp[0495]23/07 13:46:03 Interface: is cleared successfully
I           view32.cpp[1048]23/07 13:46:03 -- Loading Level: data\maps\r1m1.ssl --
I            world.cpp[0132]23/07 13:46:03 ----------------------- World Loading
F        landscape.cpp[1674]23/07 13:46:03  +- Enter function: Landscape::Load()
I        landscape.cpp[1911]23/07 13:46:03  |  ----------------------- Normal map loaded in: 66
I        landscape.cpp[1920]23/07 13:46:03  |  ----------------------- Tiles loaded in: 84
I        landscape.cpp[1944]23/07 13:46:03  |  ----------------------- ShoreLine loaded in: 15
F        landscape.cpp[1944]23/07 13:46:03  +- Exit function: Landscape::Load()
I            world.cpp[0169]23/07 13:46:03 ----------------------- Landscape loaded in: 443
I       DataServer.cpp[0587]23/07 13:46:03 Loading Servers: data\maps\r1m1\servers.xml
I serverAnimatedModel.cpp[0630]23/07 13:46:14 ### Total time: 10109, GAM time: 9112
I       DataServer.cpp[0587]23/07 13:46:17 Loading Servers: data\models\commonservers.xml
I            world.cpp[0210]23/07 13:46:17 ----------------------- Servers loaded in: 13332
I            world.cpp[0338]23/07 13:46:17 LoadWorld begin...
I            world.cpp[0350]23/07 13:46:17 %%%% read/parse xml: 129
I            world.cpp[0362]23/07 13:46:17 %%%% read from xml: 78
I            world.cpp[0444]23/07 13:46:17 %%%% link nodes: 198
I            world.cpp[0220]23/07 13:46:17 ----------------------- Nodes loaded in: 410
I            world.cpp[0228]23/07 13:46:17 ----------------------- Prefabs loaded in: 1
I            world.cpp[0247]23/07 13:46:18 ----------------------- World loaded in: 14586
I            world.cpp[0278]23/07 13:46:18 ----------------------- Roads loaded in: 474
I           view32.cpp[1078]23/07 13:46:18 Load Server begin...
I            Reply.cpp[0415]23/07 13:46:18 Replies were loaded successfully from file data\if\diz\DialogsGlobal.xml
I            Reply.cpp[0415]23/07 13:46:18 Replies were loaded successfully from file data\if\diz\DynamicDialogsGlobal.xml
I            Reply.cpp[0343]23/07 13:46:18 RepliesManager was inited successfully
I    GameUiManager.cpp[1603]23/07 13:46:18 Interface: loading resources ...
I     ObjectsIcons.cpp[0198]23/07 13:46:20 ObjectsIcons::AddIcon warning - ico with id SpeedPointer already exists and wiil be replaced
I    GameUiManager.cpp[1603]23/07 13:46:23 Interface: loading resources ...
I   TruxxUiManager.cpp[0974]23/07 13:46:23 Interface: is loaded successfully
I           server.cpp[0789]23/07 13:46:23 AI: Loading Server...
I           server.cpp[0796]23/07 13:46:23 	AI: Loading Relationship
I     Relationship.cpp[0134]23/07 13:46:23 		 File readed
I           server.cpp[0801]23/07 13:46:23 	AI: Loading SoilProps
I           server.cpp[0804]23/07 13:46:23 	AI: Loading ExternalPaths
I           server.cpp[0807]23/07 13:46:23 	AI: Loading PlayerPassMap
I           server.cpp[0813]23/07 13:46:23 	AI: Loading GameObjects
I           server.cpp[0816]23/07 13:46:23 	AI: Initializing VehicleGeneratorInfoCache
I           server.cpp[0820]23/07 13:46:23 	AI: Refreshing GameObjects
E      VehiclePart.cpp[0138]23/07 13:46:24 Error: collision geom in vehicle part name = 'heavy_dot1' is not BOX
I           server.cpp[0824]23/07 13:46:24 	AI: Loading QuestStates
I       QuestState.cpp[0904]23/07 13:46:24 Quest 'FindGomerA_Quest1' can be given now
I       QuestState.cpp[0904]23/07 13:46:24 Quest 'Human1_Quest1' can be given now
I       QuestState.cpp[0904]23/07 13:46:24 Quest 'Human1_Quest2' can be given now
I       QuestState.cpp[0904]23/07 13:46:24 Quest 'q_PlaceWithSign' can be given now
I       QuestState.cpp[0904]23/07 13:46:24 Quest 'r3m2_OracleMemory' can be given now
I       QuestState.cpp[0904]23/07 13:46:24 Quest 'r3m1_LureMainDriud' can be given now
I       QuestState.cpp[0904]23/07 13:46:24 Quest 'r3m1_ClearSanctuary' can be given now
I       QuestState.cpp[0904]23/07 13:46:24 Quest 'r3m1_KnowAboutUluk' can be given now
I       QuestState.cpp[0904]23/07 13:46:24 Quest 'r3m1_RescueUlukCivil' can be given now
I       QuestState.cpp[0904]23/07 13:46:24 Quest 'q_VisitDruid' can be given now
I       QuestState.cpp[0904]23/07 13:46:24 Quest 'r2m2_Znaki2_Quest' can be given now
I       QuestState.cpp[0904]23/07 13:46:24 Quest 'r2m2_HeadsHunterQuest' can be given now
I       QuestState.cpp[0904]23/07 13:46:24 Quest 'r2m2_OldDvigatel1_Quest' can be given now
I       QuestState.cpp[0904]23/07 13:46:24 Quest 'r2m2_OldDvigatel2_Quest' can be given now
I       QuestState.cpp[0904]23/07 13:46:24 Quest 'r2m2_FightFelix' can be given now
I       QuestState.cpp[0904]23/07 13:46:24 Quest 'r2m2_ReturnToMarecciaFromCastle' can be given now
I       QuestState.cpp[0904]23/07 13:46:24 Quest 'r2m2_FightWithAxelInArena_Quest' can be given now
I       QuestState.cpp[0904]23/07 13:46:24 Quest 'r2m2_FindLisAfterAxelAndFatherDie_Quest' can be given now
I       QuestState.cpp[0904]23/07 13:46:24 Quest 'r2m2_ToLisaToMonastir' can be given now
I       QuestState.cpp[0904]23/07 13:46:24 Quest 'r2m1_ArtAntipod_Quest' can be given now
I       QuestState.cpp[0904]23/07 13:46:24 Quest 'r2m1_TakeNarcotics_Quest' can be given now
I       QuestState.cpp[0904]23/07 13:46:24 Quest 'r2m1_KillGodFather_Quest' can be given now
I       QuestState.cpp[0904]23/07 13:46:24 Quest 'd_GetSupportOneOfTheBands2_Quest' can be given now
I       QuestState.cpp[0904]23/07 13:46:24 Quest 'd_GetSupportOneOfTheBands1_Quest' can be given now
I       QuestState.cpp[0904]23/07 13:46:24 Quest 'd_FindVerbInAR_Quest' can be given now
I       QuestState.cpp[0904]23/07 13:46:24 Quest 'd_FindVerbInSNG_Quest' can be given now
I       QuestState.cpp[0904]23/07 13:46:24 Quest 'd_TakeGeneralOfBandits_Quest' can be given now
I       QuestState.cpp[0904]23/07 13:46:24 Quest 'FindGomerB_Quest1' can be given now
I       QuestState.cpp[0904]23/07 13:46:24 Quest 'TraiderStorage_Quest1' can be given now
I       QuestState.cpp[0904]23/07 13:46:24 Quest 'FreeExtremistLeader_Quest1' can be given now
I       QuestState.cpp[0904]23/07 13:46:24 Quest 'KillExtremist_Quest1' can be given now
I       QuestState.cpp[0904]23/07 13:46:24 Quest 'r1m4_TalkWithOldTraderAboutSecondDisk' can be given now
I       QuestState.cpp[0904]23/07 13:46:24 Quest 'q_FindHusbent' can be given now
I       QuestState.cpp[0904]23/07 13:46:24 Quest 'r1m3_BonnyAndKlideQuest' can be given now
I       QuestState.cpp[0904]23/07 13:46:24 Quest 'r1m3_ArchHelp' can be given now
I       QuestState.cpp[0904]23/07 13:46:24 Quest 'r1m3_OldTownOutsiderCar_Quest' can be given now
I       QuestState.cpp[0904]23/07 13:46:24 Quest 'r1m3_CrazyManQuest' can be given now
I       QuestState.cpp[0904]23/07 13:46:24 Quest 'd_RideAcrossBase_Quest' can be given now
I       QuestState.cpp[0904]23/07 13:46:24 Quest 'd_GiveMoneyToBase_Quest' can be given now
I       QuestState.cpp[0904]23/07 13:46:24 Quest 'd_BombShahtsAtakBandits_Quest' can be given now
I       QuestState.cpp[0904]23/07 13:46:24 Quest 'd_GetBomb_Quest' can be given now
I       QuestState.cpp[0904]23/07 13:46:24 Quest 'd_IntrigaOfMerMinin_Quest' can be given now
I       QuestState.cpp[0904]23/07 13:46:24 Quest 'd_MoveFreelancersToOilMine_Quest' can be given now
I       QuestState.cpp[0904]23/07 13:46:24 Quest 'd_MoveCanistraToMinin_Quest' can be given now
I       QuestState.cpp[0904]23/07 13:46:24 Quest 'd_OpenTunel_Quest' can be given now
I       QuestState.cpp[0904]23/07 13:46:24 Quest 'r1m3_TW_OralceAboutAlien' can be given now
I       QuestState.cpp[0904]23/07 13:46:24 Quest 'd_PayWorkersMoney_Quest' can be given now
I       QuestState.cpp[0904]23/07 13:46:24 Quest 'WhereSigns_Quest' can be given now
I       QuestState.cpp[0904]23/07 13:46:24 Quest 'CombatInKollizey_Quest' can be given now
I       QuestState.cpp[0904]23/07 13:46:24 Quest 'BuyKollizey_Quest' can be given now
I       QuestState.cpp[0904]23/07 13:46:24 Quest 'Kollizey_Quest' can be given now
I       QuestState.cpp[0904]23/07 13:46:24 Quest 'HelpRuins_Quest' can be given now
I       QuestState.cpp[0904]23/07 13:46:24 Quest 'DestroyRuins_Quest' can be given now
I       QuestState.cpp[0904]23/07 13:46:24 Quest 'Signs_Quest' can be given now
I       QuestState.cpp[0904]23/07 13:46:24 Quest 'r1m2_TW_BanAboutAlien' can be given now
I       QuestState.cpp[0904]23/07 13:46:24 Quest 'r1m3_DestroyOracle' can be given now
I       QuestState.cpp[0904]23/07 13:46:24 Quest 'WorkGiver_Quest1' can be given now
I       QuestState.cpp[0904]23/07 13:46:24 Quest 'd_PunishBandits_Quest' can be given now
I       QuestState.cpp[0904]23/07 13:46:24 Quest 'r1m1_Hospital_Quest' can be given now
I       QuestState.cpp[0904]23/07 13:46:24 Quest 'r1m1_Botanik_Quest' can be given now
I       QuestState.cpp[0904]23/07 13:46:24 Quest 'r1m1_FindBotanik_Quest' can be given now
I       QuestState.cpp[0904]23/07 13:46:24 Quest 'Buyer_Quest1' can be given now
I       QuestState.cpp[0904]23/07 13:46:24 Quest 'TalkWithFather_Quest' can be given now
I       QuestState.cpp[0904]23/07 13:46:24 Quest 'd_Lisa_Quest' can be given now
I       QuestState.cpp[0904]23/07 13:46:24 Quest 'FindBen_Quest' can be given now
I       QuestState.cpp[0904]23/07 13:46:24 Quest 'd_SinFather_Quest' can be given now
I           server.cpp[0826]23/07 13:46:24 	AI: QuestStates loaded
I           server.cpp[0828]23/07 13:46:24 	AI: Loading DynamicScene
I     DynamicScene.cpp[1470]23/07 13:46:24 		 Scene loading begin
I     DynamicScene.cpp[1472]23/07 13:46:24 		 Scene loading end
I           server.cpp[0837]23/07 13:46:24 	AI: DynamicScene loaded
I           server.cpp[0852]23/07 13:46:24 	AI: Loading Triggers
I           server.cpp[0855]23/07 13:46:25 	AI: Triggers loaded
I           server.cpp[0857]23/07 13:46:25 	AI: Loading Object Names
I           server.cpp[0868]23/07 13:46:25 	AI: Initing Player
I           server.cpp[0888]23/07 13:46:25 		Before first Update
E              Gun.cpp[0866]23/07 13:46:25 Error: LoadPoint not found: LP_GUN for MinePusher id = 5047 prototype = 'minePusher', modelName = minoYkladchiK
E              Gun.cpp[0866]23/07 13:46:25 Error: LoadPoint not found: LP_GUN for MinePusher id = 5048 prototype = 'minePusher', modelName = minoYkladchiK
E              Gun.cpp[0866]23/07 13:46:25 Error: LoadPoint not found: LP_GUN for MinePusher id = 5059 prototype = 'minePusher', modelName = minoYkladchiK
E              Gun.cpp[0866]23/07 13:46:25 Error: LoadPoint not found: LP_GUN for MinePusher id = 5060 prototype = 'minePusher', modelName = minoYkladchiK
E              Gun.cpp[0866]23/07 13:46:25 Error: LoadPoint not found: LP_GUN for MinePusher id = 5067 prototype = 'minePusher', modelName = minoYkladchiK
E              Gun.cpp[0866]23/07 13:46:25 Error: LoadPoint not found: LP_GUN for MinePusher id = 5068 prototype = 'minePusher', modelName = minoYkladchiK
I DynamicQuestManager.cpp[0089]23/07 13:46:25 DynamicQuestHunt id = 5071 prototype = 'dynamicQuestHunt' created
I DynamicQuestManager.cpp[0090]23/07 13:46:25 targetName = 'MyCar', hirerName = 'TheGloohoe', reward = 110
E              Gun.cpp[0866]23/07 13:46:25 Error: LoadPoint not found: LP_GUN for MinePusher id = 5072 prototype = 'minePusher', modelName = minoYkladchiK
E              Gun.cpp[0866]23/07 13:46:25 Error: LoadPoint not found: LP_GUN for MinePusher id = 5073 prototype = 'minePusher', modelName = minoYkladchiK
E              Gun.cpp[0866]23/07 13:46:25 Error: LoadPoint not found: LP_GUN for MinePusher id = 5074 prototype = 'minePusher', modelName = minoYkladchiK
E              Gun.cpp[0866]23/07 13:46:25 Error: LoadPoint not found: LP_GUN for MinePusher id = 5075 prototype = 'minePusher', modelName = minoYkladchiK
E              Gun.cpp[0866]23/07 13:46:25 Error: LoadPoint not found: LP_GUN for MinePusher id = 5076 prototype = 'minePusher', modelName = minoYkladchiK
E              Gun.cpp[0866]23/07 13:46:25 Error: LoadPoint not found: LP_GUN for MinePusher id = 5077 prototype = 'minePusher', modelName = minoYkladchiK
I DynamicQuestManager.cpp[0089]23/07 13:46:25 DynamicQuestConvoy id = 5078 prototype = 'dynamicQuestConvoy' created
I DynamicQuestManager.cpp[0090]23/07 13:46:25 targetName = 'TheFreedom_enter', hirerName = 'TheOilVillage', reward = 370
I DynamicQuestManager.cpp[0089]23/07 13:46:25 DynamicQuestReach id = 5085 prototype = 'dynamicQuestReach' created
I DynamicQuestManager.cpp[0090]23/07 13:46:25 targetName = 'PetrolStationTown2', hirerName = 'TheContraVillage', reward = 250
I DynamicQuestManager.cpp[0089]23/07 13:46:25 DynamicQuestConvoy id = 5092 prototype = 'dynamicQuestConvoy' created
I DynamicQuestManager.cpp[0090]23/07 13:46:25 targetName = 'TheContraVillage_defend', hirerName = 'TheFreedom', reward = 370
I DynamicQuestManager.cpp[0089]23/07 13:46:25 DynamicQuestHunt id = 5099 prototype = 'dynamicQuestHunt' created
I DynamicQuestManager.cpp[0090]23/07 13:46:25 targetName = 'MyCar', hirerName = 'PetrolStationTown1', reward = 110
I DynamicQuestManager.cpp[0089]23/07 13:46:25 DynamicQuestHunt id = 5100 prototype = 'dynamicQuestHunt' created
I DynamicQuestManager.cpp[0090]23/07 13:46:25 targetName = 'MyCar', hirerName = 'PetrolStationTown3', reward = 110
I DynamicQuestManager.cpp[0089]23/07 13:46:25 DynamicQuestHunt id = 5101 prototype = 'dynamicQuestHunt' created
I DynamicQuestManager.cpp[0090]23/07 13:46:25 targetName = 'MyCar', hirerName = 'PetrolStationTown2', reward = 110
I   TruxxUiManager.cpp[1422]23/07 13:46:25 Game mode changed. Old mode = 0, new mode = 1
E          Vehicle.cpp[5160]23/07 13:46:25 Error: LoadPoint not found: LP_SSP03L for model 'dozerChassis'
I           server.cpp[0909]23/07 13:46:25 		After first Update
I           server.cpp[0911]23/07 13:46:25 AI: Finished Loading Server
I           view32.cpp[1106]23/07 13:46:25 Load server end
I        QuestInfo.cpp[0847]23/07 13:46:25 Quest infos were loaded successfully from file data\if\diz\QuestInfoGlobal.xml
I        QuestInfo.cpp[0783]23/07 13:46:25 QuestInfo manager was inited successfully
I    GameUiManager.cpp[0303]23/07 13:46:25 Interface: is initializing...
I    GameUiManager.cpp[0395]23/07 13:46:25 Interface: is inited successfully
I     GlobalMapWnd.cpp[0157]23/07 13:46:25 Make control error: control mainmenu_ico is not found or incorrect type
I     GlobalMapWnd.cpp[0157]23/07 13:46:25 Make control error: control t_ico is not found or incorrect type
I     GlobalMapWnd.cpp[0203]23/07 13:46:25 GlobalMapWnd: error - fail to init because of a bad resource
I        FadingMsg.cpp[0199]23/07 13:46:25 Fading message: 'Нажмите гудок (%1m) для въезда в город'
I blockMusicManager.cpp[0185]23/07 13:46:25 BlockMusicManager: start playing new music: blockNum = 0, musicType = 0, name = 'block0_driving'
I WanderersManager.cpp[0641]23/07 13:46:55 Spawning caravan: WanderersManager id = 215 prototype = 'LiveCaravanManager' name = 'r1m1_CaravanGlobalObject' spawns CaravanTeam id = 21505 prototype = 'r1m1_CaravanOne'
I           m3dapp.cpp[1350]23/07 13:46:59 input: CInput_di8::GetLastKbdEvent() error - cannot translate key wit scan code 176
I           m3dapp.cpp[1350]23/07 13:46:59 input: CInput_di8::GetLastKbdEvent() error - cannot translate key wit scan code 176
I           m3dapp.cpp[1350]23/07 13:46:59 input: CInput_di8::GetLastKbdEvent() error - cannot translate key wit scan code 176
I           m3dapp.cpp[1350]23/07 13:46:59 input: CInput_di8::GetLastKbdEvent() error - cannot translate key wit scan code 176
I           m3dapp.cpp[1350]23/07 13:47:00 input: CInput_di8::GetLastKbdEvent() error - cannot translate key wit scan code 176
I           m3dapp.cpp[1350]23/07 13:47:00 input: CInput_di8::GetLastKbdEvent() error - cannot translate key wit scan code 176
I WanderersManager.cpp[0641]23/07 13:47:25 Spawning caravan: WanderersManager id = 215 prototype = 'LiveCaravanManager' name = 'r1m1_CaravanGlobalObject' spawns CaravanTeam id = 37842 prototype = 'r1m1_CaravanTeam'
I   TruxxUiManager.cpp[1422]23/07 13:47:34 Game mode changed. Old mode = 1, new mode = 0
I   TruxxUiManager.cpp[1422]23/07 13:47:34 Game mode changed. Old mode = 0, new mode = 1
I   TruxxUiManager.cpp[1422]23/07 13:47:34 Game mode changed. Old mode = 1, new mode = 1
I   TruxxUiManager.cpp[1422]23/07 13:47:34 Game mode changed. Old mode = 1, new mode = 1
I   TruxxUiManager.cpp[1422]23/07 13:47:34 Game mode changed. Old mode = 1, new mode = 1
I   TruxxUiManager.cpp[1422]23/07 13:47:34 Game mode changed. Old mode = 1, new mode = 1
I   TruxxUiManager.cpp[1422]23/07 13:47:34 Game mode changed. Old mode = 1, new mode = 1
I   TruxxUiManager.cpp[1422]23/07 13:47:34 Game mode changed. Old mode = 1, new mode = 1
I   TruxxUiManager.cpp[1422]23/07 13:47:34 Game mode changed. Old mode = 1, new mode = 1
I       QuestState.cpp[0881]23/07 13:47:34 Quest 'Buyer_Quest1' is taken
I       QuestState.cpp[0956]23/07 13:47:34 	Recalc begin...
I       QuestState.cpp[1004]23/07 13:47:34 	Recalc end...
I        FadingMsg.cpp[0199]23/07 13:47:34 Fading message: 'Вы получили новое задание.'
I        FadingMsg.cpp[0199]23/07 13:47:34 Fading message: 'Появилась новая история в Журнале.'
I WanderersManager.cpp[0641]23/07 13:47:55 Spawning caravan: WanderersManager id = 215 prototype = 'LiveCaravanManager' name = 'r1m1_CaravanGlobalObject' spawns CaravanTeam id = 5134 prototype = 'r1m1_CaravanOne'
I   TruxxUiManager.cpp[1422]23/07 13:49:07 Game mode changed. Old mode = 1, new mode = 0
I blockMusicManager.cpp[0199]23/07 13:49:07 BlockMusicManager: resetting
I blockMusicManager.cpp[0185]23/07 13:49:07 BlockMusicManager: start playing new music: blockNum = 1, musicType = 0, name = 'block1_driving'
I             util.cpp[0423]23/07 13:49:42 Maximum joint count reached: 21
I   TruxxUiManager.cpp[1422]23/07 13:50:18 Game mode changed. Old mode = 0, new mode = 1
I   TruxxUiManager.cpp[1422]23/07 13:50:24 Game mode changed. Old mode = 1, new mode = 0
I blockMusicManager.cpp[0185]23/07 13:50:42 BlockMusicManager: start playing new music: blockNum = 1, musicType = 0, name = 'block1_driving'
I        FadingMsg.cpp[0199]23/07 13:50:50 Fading message: 'Нажмите (%1m), чтобы поднять груз'
I        FadingMsg.cpp[0199]23/07 13:51:11 Fading message: 'Нажмите гудок (%1m) для въезда в город'
I townMusicManager.cpp[0096]23/07 13:51:14 TownMusicManager: start playing new music: ''
E           m3dapp.cpp[3625]23/07 13:51:14 Error: invalid music name: ''
I blockMusicManager.cpp[0199]23/07 13:51:21 BlockMusicManager: resetting
I        FadingMsg.cpp[0199]23/07 13:51:21 Fading message: 'Начался тяжелый трудовой день.'
I blockMusicManager.cpp[0185]23/07 13:51:21 BlockMusicManager: start playing new music: blockNum = 0, musicType = 0, name = 'block0_driving'
I blockMusicManager.cpp[0185]23/07 13:51:41 BlockMusicManager: start playing new music: blockNum = 0, musicType = 1, name = 'block0_alarm'
I        FadingMsg.cpp[0199]23/07 13:51:41 Fading message: 'Похоже, мы не одни.'
I blockMusicManager.cpp[0185]23/07 13:51:51 BlockMusicManager: start playing new music: blockNum = 0, musicType = 2, name = 'block0_battle'
I        FadingMsg.cpp[0199]23/07 13:52:03 Fading message: 'Нажмите (%1m), чтобы поднять груз'
I        FadingMsg.cpp[0199]23/07 13:52:16 Fading message: 'Следующий!'
I        FadingMsg.cpp[0199]23/07 13:52:16 Fading message: 'Нажмите (%1m), чтобы поднять груз'
I blockMusicManager.cpp[0199]23/07 13:52:20 BlockMusicManager: resetting
I blockMusicManager.cpp[0185]23/07 13:52:20 BlockMusicManager: start playing new music: blockNum = 0, musicType = 0, name = 'block0_driving'
I        FadingMsg.cpp[0199]23/07 13:52:53 Fading message: 'Нажмите (%1m), чтобы поднять груз'
I        FadingMsg.cpp[0199]23/07 13:53:00 Fading message: 'Нажмите (%1m), чтобы поднять груз'
I        FadingMsg.cpp[0199]23/07 13:54:21 Fading message: 'Вы подняли предмет: %1s'
I        FadingMsg.cpp[0199]23/07 13:54:21 Fading message: 'Вы подняли предмет: %1s'
I        FadingMsg.cpp[0199]23/07 13:54:38 Fading message: 'Нажмите (%1m), чтобы поднять груз'
I        FadingMsg.cpp[0199]23/07 13:54:41 Fading message: 'Вы подняли предмет: %1s'
I        FadingMsg.cpp[0199]23/07 13:54:41 Fading message: 'Вы подняли предмет: %1s'
I        FadingMsg.cpp[0199]23/07 13:55:09 Fading message: 'Нажмите гудок (%1m) для въезда в город'
I townMusicManager.cpp[0096]23/07 13:55:14 TownMusicManager: start playing new music: ''
E           m3dapp.cpp[3625]23/07 13:55:14 Error: invalid music name: ''
I blockMusicManager.cpp[0199]23/07 13:55:41 BlockMusicManager: resetting
I blockMusicManager.cpp[0185]23/07 13:55:42 BlockMusicManager: start playing new music: blockNum = 0, musicType = 0, name = 'block0_driving'
I        FadingMsg.cpp[0199]23/07 13:55:53 Fading message: 'Нажмите гудок (%1m) для въезда в город'
I   TruxxUiManager.cpp[1422]23/07 13:57:09 Game mode changed. Old mode = 0, new mode = 1
I   TruxxUiManager.cpp[1422]23/07 13:57:09 Game mode changed. Old mode = 1, new mode = 1
I   TruxxUiManager.cpp[1422]23/07 13:57:21 Game mode changed. Old mode = 1, new mode = 0
I blockMusicManager.cpp[0199]23/07 13:57:21 BlockMusicManager: resetting
I blockMusicManager.cpp[0185]23/07 13:57:21 BlockMusicManager: start playing new music: blockNum = 0, musicType = 0, name = 'block0_driving'
I        FadingMsg.cpp[0199]23/07 13:57:29 Fading message: 'Появилась новая история в Журнале.'
E ComplexPhysicObj.cpp[1428]23/07 13:58:25 Error: LoadPoint not found! Model = 'uralCab01', lp = LP_BIG01 for Vehicle id = 5287 prototype = 'Ural01'
E ComplexPhysicObj.cpp[1428]23/07 13:58:25 Error: LoadPoint not found! Model = 'uralCab01', lp = LP_BIG01 for Vehicle id = 5303 prototype = 'Ural01'
E ComplexPhysicObj.cpp[1428]23/07 13:58:25 Error: LoadPoint not found! Model = 'uralCab01', lp = LP_BIG01 for Vehicle id = 5319 prototype = 'Ural02'
E ComplexPhysicObj.cpp[1428]23/07 13:58:25 Error: LoadPoint not found! Model = 'uralCab01', lp = LP_BIG02 for Vehicle id = 5319 prototype = 'Ural02'
E ComplexPhysicObj.cpp[1428]23/07 13:58:25 Error: LoadPoint not found! Model = 'uralCab01', lp = LP_BIG02 for Vehicle id = 5319 prototype = 'Ural02'
E ComplexPhysicObj.cpp[1428]23/07 13:58:25 Error: LoadPoint not found! Model = 'fighterCab01', lp = LP_BIG01 for Vehicle id = 5374 prototype = 'Fighter02'
E ComplexPhysicObj.cpp[1428]23/07 13:58:25 Error: LoadPoint not found! Model = 'molokovozCab01', lp = LP_SML01 for Vehicle id = 5388 prototype = 'Molokovoz02'
E ComplexPhysicObj.cpp[1428]23/07 13:58:25 Error: LoadPoint not found! Model = 'molokovozCargo01', lp = LP_BIG01 for Vehicle id = 5388 prototype = 'Molokovoz02'
E ComplexPhysicObj.cpp[1428]23/07 13:58:25 Error: LoadPoint not found! Model = 'hunterCab01', lp = LP_BIG01 for Vehicle id = 5415 prototype = 'Hunter02'
E ComplexPhysicObj.cpp[1428]23/07 13:58:25 Error: LoadPoint not found! Model = 'hunterCab01', lp = LP_SML01 for Vehicle id = 5415 prototype = 'Hunter02'
E ComplexPhysicObj.cpp[1428]23/07 13:58:25 Error: LoadPoint not found! Model = 'hunterCab01', lp = LP_SML01 for Vehicle id = 5415 prototype = 'Hunter02'
E ComplexPhysicObj.cpp[1428]23/07 13:58:50 Error: LoadPoint not found! Model = 'fighterCab01', lp = LP_BIG01 for Vehicle id = 21692 prototype = 'Fighter02'
E ComplexPhysicObj.cpp[1428]23/07 13:58:50 Error: LoadPoint not found! Model = 'fighterCab01', lp = LP_BIG01 for Vehicle id = 21787 prototype = 'Fighter02'
E ComplexPhysicObj.cpp[1428]23/07 13:58:50 Error: LoadPoint not found! Model = 'molokovozCab01', lp = LP_SML01 for Vehicle id = 21746 prototype = 'Molokovoz02'
E ComplexPhysicObj.cpp[1428]23/07 13:58:50 Error: LoadPoint not found! Model = 'molokovozCargo01', lp = LP_BIG01 for Vehicle id = 21746 prototype = 'Molokovoz02'
I   TruxxUiManager.cpp[1422]23/07 13:59:11 Game mode changed. Old mode = 0, new mode = 1
I   TruxxUiManager.cpp[1422]23/07 13:59:18 Game mode changed. Old mode = 1, new mode = 0
E ComplexPhysicObj.cpp[1428]23/07 13:59:34 Error: LoadPoint not found! Model = 'uralCab01', lp = LP_BIG01 for Vehicle id = 38080 prototype = 'Ural02'
E ComplexPhysicObj.cpp[1428]23/07 13:59:34 Error: LoadPoint not found! Model = 'uralCab01', lp = LP_BIG02 for Vehicle id = 38080 prototype = 'Ural02'
E ComplexPhysicObj.cpp[1428]23/07 13:59:34 Error: LoadPoint not found! Model = 'uralCab01', lp = LP_BIG02 for Vehicle id = 38080 prototype = 'Ural02'
E ComplexPhysicObj.cpp[1428]23/07 13:59:34 Error: LoadPoint not found! Model = 'molokovozCab01', lp = LP_SML01 for Vehicle id = 38169 prototype = 'Molokovoz02'
E ComplexPhysicObj.cpp[1428]23/07 13:59:34 Error: LoadPoint not found! Model = 'molokovozCargo01', lp = LP_BIG01 for Vehicle id = 38169 prototype = 'Molokovoz02'
I   TruxxUiManager.cpp[1422]23/07 13:59:36 Game mode changed. Old mode = 0, new mode = 1
I   TruxxUiManager.cpp[1422]23/07 13:59:43 Game mode changed. Old mode = 1, new mode = 0
I        FadingMsg.cpp[0199]23/07 14:00:25 Fading message: 'Привет!'
I             util.cpp[0423]23/07 14:00:26 Maximum joint count reached: 22
I        FadingMsg.cpp[0199]23/07 14:00:48 Fading message: 'Нажмите гудок (%1m) для въезда в город'
I   TruxxUiManager.cpp[1422]23/07 14:00:51 Game mode changed. Old mode = 0, new mode = 1
I   TruxxUiManager.cpp[1422]23/07 14:00:55 Game mode changed. Old mode = 1, new mode = 0
I   TruxxUiManager.cpp[1422]23/07 14:00:55 Game mode changed. Old mode = 0, new mode = 0
I townMusicManager.cpp[0096]23/07 14:00:55 TownMusicManager: start playing new music: 'trade_town1'
I           m3dapp.cpp[2236]23/07 14:03:35 Assertion failed at e:\Builders\ExMachina\tmpBuildDir5084\truxx\Server\Objects\Base\Obj.cpp:214
expression !parentRepository || !m_parentRepository || m_parentRepository == parentRepository
