-==- -==- -==- -==- -==- -==- -==- -==- -==- -==- -==- -==- -==- -==- -==-
-==
-== Log category   : Unhandled exception info
-== Build          : ExMachina - release version release build v1.02 (Dec 21 2005 12:15:04)
-==
-== Exception      : 0xC0000005 at address 0x006161E4
-== Exception type : ACCESS VIOLATION  read attempt to address 0x00000000 
-==
-==- -==- -==- -==- -==- -==- -==- -==- -==- -==- -==- -==- -==- -==- -==-

1: 07/30/21 17:46:33
1: Physical memory = 1893 MB
1: Total memory    = 3787 MB
1: Physical memory available      = 1081 MB
1: Total virtual memory           = 2047 MB
1: Total virtual memory available =  843 MB
1: Page file available            = 2580 MB

1: Data from MemoryManager:
1: mem used:           240050717
1: mem allocated:      298763123
1: mem overhead:        19246624
1: last allocation:            0
1: mem used by sound:   84271691


1:   0     m3d::Object::IsKindOf +4 bytes
1:     Decl: m3d::Object::IsKindOf
1:     Line: e:\builders\exmachina\tmpbuilddir5084\truxx\engine\core\clazz.cpp(69) +4 bytes
1:     Mod:  game, base: 00400000h

1:   1     ai::Vehicle::LoadFromXML +393 bytes
1:     Decl: ai::Vehicle::LoadFromXML
1:     Line: e:\builders\exmachina\tmpbuilddir5084\truxx\server\objects\vehicle.cpp(923) +12 bytes
1:     Mod:  game, base: 00400000h

1:   2     ai::Obj::CloneObj +502 bytes
1:     Decl: ai::Obj::CloneObj
1:     Line: e:\builders\exmachina\tmpbuilddir5084\truxx\server\objects\base\obj.cpp(1748) +0 bytes
1:     Mod:  game, base: 00400000h

1:   3     ai::ComplexPhysicObj::CloneObj +7 bytes
1:     Decl: ai::ComplexPhysicObj::CloneObj
1:     Line: e:\builders\exmachina\tmpbuilddir5084\truxx\server\objects\base\complexphysicobj.cpp(1283) +5 bytes
1:     Mod:  game, base: 00400000h

1:   4     ai::Vehicle::CloneObj +9 bytes
1:     Decl: ai::Vehicle::CloneObj
1:     Line: e:\builders\exmachina\tmpbuilddir5084\truxx\server\objects\vehicle.cpp(4686) +5 bytes
1:     Mod:  game, base: 00400000h

1:   5     PlayerVehicleWnd::CreateHackedVehicle +56 bytes
1:     Decl: PlayerVehicleWnd::CreateHackedVehicle
1:     Line: e:\builders\exmachina\tmpbuilddir5084\truxx\game\uiwindows\charwindows\playervehiclewnd.cpp(452) +11 bytes
1:     Mod:  game, base: 00400000h

1:   6     PlayerVehicleWnd::PrepareHackedVehicleForVehiclePart +367 bytes
1:     Decl: PlayerVehicleWnd::PrepareHackedVehicleForVehiclePart
1:     Line: e:\builders\exmachina\tmpbuilddir5084\truxx\game\uiwindows\charwindows\playervehiclewnd.cpp(312) +14 bytes
1:     Mod:  game, base: 00400000h

1:   7     PlayerVehicleWnd::SetupForHackedVehiclePart +11 bytes
1:     Decl: PlayerVehicleWnd::SetupForHackedVehiclePart
1:     Line: e:\builders\exmachina\tmpbuilddir5084\truxx\game\uiwindows\charwindows\playervehiclewnd.cpp(260) +6 bytes
1:     Mod:  game, base: 00400000h

1:   8     PlayerVehicleWnd::GameDataUpdate +62 bytes
1:     Decl: PlayerVehicleWnd::GameDataUpdate
1:     Line: e:\builders\exmachina\tmpbuilddir5084\truxx\game\uiwindows\charwindows\playervehiclewnd.cpp(185) +0 bytes
1:     Mod:  game, base: 00400000h

1:   9     GameUiManager::GUI_UpdateWindowsOnEvent +297 bytes
1:     Decl: GameUiManager::GUI_UpdateWindowsOnEvent
1:     Line: e:\builders\exmachina\tmpbuilddir5084\truxx\game\uimanager\gameuimanager.cpp(936) +44 bytes
1:     Mod:  game, base: 00400000h

1:  10     GameUiManager::GUI_ProcessEvent +163 bytes
1:     Decl: GameUiManager::GUI_ProcessEvent
1:     Line: e:\builders\exmachina\tmpbuilddir5084\truxx\game\uimanager\gameuimanager.cpp(1038) +10 bytes
1:     Mod:  game, base: 00400000h

1:  11     TruxxUiManager::LaunchEvent +26 bytes
1:     Decl: TruxxUiManager::LaunchEvent
1:     Line: e:\builders\exmachina\tmpbuilddir5084\truxx\game\uimanager\truxxuimanager.cpp(260) +0 bytes
1:     Mod:  game, base: 00400000h

1:  12     CBList::SelectItem +191 bytes
1:     Decl: CBList::SelectItem
1:     Line: e:\builders\exmachina\tmpbuilddir5084\truxx\game\uiwindows\charwindows\cblist.cpp(930) +22 bytes
1:     Mod:  game, base: 00400000h

1:  13     CBList::OnWndNotify +142 bytes
1:     Decl: CBList::OnWndNotify
1:     Line: e:\builders\exmachina\tmpbuilddir5084\truxx\game\uiwindows\charwindows\cblist.cpp(753) +11 bytes
1:     Mod:  game, base: 00400000h

1:  14     m3d::ui::WndStation::ProcessEvent +251 bytes
1:     Decl: m3d::ui::WndStation::ProcessEvent
1:     Line: e:\builders\exmachina\tmpbuilddir5084\truxx\engine\ui\wndstation.cpp(223) +0 bytes
1:     Mod:  game, base: 00400000h

1:  15     m3d::Application::HandleEvent +1745 bytes
1:     Decl: m3d::Application::HandleEvent
1:     Line: e:\builders\exmachina\tmpbuilddir5084\truxx\engine\m3dapp.cpp(2689) +9 bytes
1:     Mod:  game, base: 00400000h

1:  16     m3d::Application::ProcessAllEvents +183 bytes
1:     Decl: m3d::Application::ProcessAllEvents
1:     Line: e:\builders\exmachina\tmpbuilddir5084\truxx\engine\m3dapp.cpp(3352) +31 bytes
1:     Mod:  game, base: 00400000h

1:  17     m3d::Application::run +100 bytes
1:     Decl: m3d::Application::run
1:     Line: e:\builders\exmachina\tmpbuilddir5084\truxx\engine\m3dapp.cpp(658) +0 bytes
1:     Mod:  game, base: 00400000h

1:  18     m3d::Application::StartExclusiveMsgLoop +15 bytes
1:     Decl: m3d::Application::StartExclusiveMsgLoop
1:     Line: e:\builders\exmachina\tmpbuilddir5084\truxx\engine\m3dapp.cpp(687) +0 bytes
1:     Mod:  game, base: 00400000h

1:  19     m3d::ui::WndStation::DoModal +170 bytes
1:     Decl: m3d::ui::WndStation::DoModal
1:     Line: e:\builders\exmachina\tmpbuilddir5084\truxx\engine\ui\wndstation.cpp(1075) +0 bytes
1:     Mod:  game, base: 00400000h

1:  20     GameUiManager::GUI_ShowWindow +286 bytes
1:     Decl: GameUiManager::GUI_ShowWindow
1:     Line: e:\builders\exmachina\tmpbuilddir5084\truxx\game\uimanager\gameuimanager.cpp(669) +0 bytes
1:     Mod:  game, base: 00400000h

1:  21     TruxxUiManager::ShowWindow +41 bytes
1:     Decl: TruxxUiManager::ShowWindow
1:     Line: e:\builders\exmachina\tmpbuilddir5084\truxx\game\uimanager\truxxuimanager.cpp(385) +0 bytes
1:     Mod:  game, base: 00400000h

1:  22     MotherPanel::ShowPanels +462 bytes
1:     Decl: MotherPanel::ShowPanels
1:     Line: e:\builders\exmachina\tmpbuilddir5084\truxx\game\uiwindows\charwindows\motherpanel.cpp(923) +0 bytes
1:     Mod:  game, base: 00400000h

1:  23     MotherPanel::OnTown +622 bytes
1:     Decl: MotherPanel::OnTown
1:     Line: e:\builders\exmachina\tmpbuilddir5084\truxx\game\uiwindows\charwindows\motherpanel.cpp(1115) +46 bytes
1:     Mod:  game, base: 00400000h

1:  24     GameUiManager::GUI_UpdateWindowsOnEvent +297 bytes
1:     Decl: GameUiManager::GUI_UpdateWindowsOnEvent
1:     Line: e:\builders\exmachina\tmpbuilddir5084\truxx\game\uimanager\gameuimanager.cpp(936) +44 bytes
1:     Mod:  game, base: 00400000h

1:  25     GameUiManager::GUI_ProcessEvent +163 bytes
1:     Decl: GameUiManager::GUI_ProcessEvent
1:     Line: e:\builders\exmachina\tmpbuilddir5084\truxx\game\uimanager\gameuimanager.cpp(1038) +10 bytes
1:     Mod:  game, base: 00400000h

1:  26     TruxxUiManager::HandleAppEvent +22 bytes
1:     Decl: TruxxUiManager::HandleAppEvent
1:     Line: e:\builders\exmachina\tmpbuilddir5084\truxx\game\uimanager\truxxuimanager.cpp(343) +0 bytes
1:     Mod:  game, base: 00400000h

1:  27     CMiracle3d::OnEvent +63 bytes
1:     Decl: CMiracle3d::OnEvent
1:     Line: e:\builders\exmachina\tmpbuilddir5084\truxx\game\view32.cpp(936) +0 bytes
1:     Mod:  game, base: 00400000h

1:  28     m3d::ui::WndStation::ProcessEvent +75 bytes
1:     Decl: m3d::ui::WndStation::ProcessEvent
1:     Line: e:\builders\exmachina\tmpbuilddir5084\truxx\engine\ui\wndstation.cpp(304) +11 bytes
1:     Mod:  game, base: 00400000h

1:  29     m3d::Application::HandleEvent +1745 bytes
1:     Decl: m3d::Application::HandleEvent
1:     Line: e:\builders\exmachina\tmpbuilddir5084\truxx\engine\m3dapp.cpp(2689) +9 bytes
1:     Mod:  game, base: 00400000h

1:  30     m3d::Application::ProcessAllEvents +183 bytes
1:     Decl: m3d::Application::ProcessAllEvents
1:     Line: e:\builders\exmachina\tmpbuilddir5084\truxx\engine\m3dapp.cpp(3352) +31 bytes
1:     Mod:  game, base: 00400000h

1:  31     m3d::Application::run +100 bytes
1:     Decl: m3d::Application::run
1:     Line: e:\builders\exmachina\tmpbuilddir5084\truxx\engine\m3dapp.cpp(658) +0 bytes
1:     Mod:  game, base: 00400000h

1:  32     WinMain +235 bytes
1:     Decl: WinMain
1:     Line: e:\builders\exmachina\tmpbuilddir5084\truxx\game\view32.cpp(117) +0 bytes
1:     Mod:  game, base: 00400000h

1:  33     WinMainCRTStartup +389 bytes
1:     Decl: WinMainCRTStartup
1:     Line: f:\vs70builds\3077\vc\crtbld\crt\src\crtexe.c(390) +27 bytes
1:     Mod:  game, base: 00400000h

1:  34     BaseThreadInitThunk +18 bytes
1:     Decl: BaseThreadInitThunk
1:     Mod:  kernel32, base: 75520000h

1:  35     RtlInitializeExceptionChain +239 bytes
1:     Decl: RtlInitializeExceptionChain
1:     Mod:  ntdll, base: 77380000h

1:  36     RtlInitializeExceptionChain +194 bytes
1:     Decl: RtlInitializeExceptionChain
1:     Mod:  ntdll, base: 77380000h


Registers:
	CS:EIP 0x001B:006161E4
	SS:ESP 0x0023:039C427C
	DS:EDI 0x0023:5D55F2D4
	ES:ESI 0x0023:00000000
	   EAX        00A00914
	   EBX        55B4300C
	   ECX        00000000
	   EDX        039C4248

