-==- -==- -==- -==- -==- -==- -==- -==- -==- -==- -==- -==- -==- -==- -==-
-==
-== Log category   : Unhandled exception info
-== Build          : ExMachina - release version release build v1.02 (Dec 21 2005 12:15:04)
-==
-== Minidump could not be written, GetLastError = 2147942408
-== Exception      : 0x80000003 at address 0x00748A9B
-== Exception type : BREAKPOINT 
-==
-==- -==- -==- -==- -==- -==- -==- -==- -==- -==- -==- -==- -==- -==- -==-

1: 09/24/25 18:58:24
1: Physical memory = 2047 MB
1: Total memory    = 4095 MB
1: Physical memory available      = 2047 MB
1: Total virtual memory           = 2047 MB
1: Total virtual memory available =   12 MB
1: Page file available            = 4095 MB

1: Data from MemoryManager:
1: mem used:           220761559
1: mem allocated:      274682009
1: mem overhead:        24416432
1: last allocation:          112
1: mem used by sound:  109020690


1:   0   SymGetSymFromAddr(): GetLastError = 126
1: SymGetModuleInfo): GetLastError = 126


Registers:
	CS:EIP 0x0023:00748A9B
	SS:ESP 0x002B:039C3BF0
	DS:EDI 0x002B:76ADCBF8
	ES:ESI 0x002B:03C70508
	   EAX        00000000
	   EBX        00000070
	   ECX        00000000
	   EDX        00000008

