---------------------------------------------- Log begins on Wed Sep 24 20:08:59 2025 ----------------------------------------------
I           m3dapp.cpp[0088]24/09 20:08:59 Starting up...
I           m3dapp.cpp[1498]24/09 20:09:00 ExMachina - release version release build v1.02 (Dec 21 2005 12:15:10)
I      Stackwalker.cpp[0608]24/09 20:09:00 Stackwalker: log file name will be 'b:/exmachina gm.mod sdk new/exceptions/hta.exe0009.log'
I      Stackwalker.cpp[0609]24/09 20:09:00 Stackwalker: dump file name will be 'b:/exmachina gm.mod sdk new/exceptions/hta.exe0009.dmp'
I      Stackwalker.cpp[0610]24/09 20:09:00 Stackwalker: game log file name will be 'b:/exmachina gm.mod sdk new/exceptions/hta.exe0009_game.log'
I           m3dapp.cpp[1391]24/09 20:09:00 Path: B:\ExMachina GM.mod SDK new
I           m3dapp.cpp[1392]24/09 20:09:00 Exe: B:\ExMachina GM.mod SDK new\hta.exe
I           m3dapp.cpp[1401]24/09 20:09:00 Windows version: 6.2.9200
I           m3dapp.cpp[1410]24/09 20:09:00 Computer name: DESKTOP-QQPV5MQ
I           m3dapp.cpp[1430]24/09 20:09:00 Cpu: GenuineIntel
I           m3dapp.cpp[1434]24/09 20:09:00 Cpu clock: ~3302
I           m3dapp.cpp[1459]24/09 20:09:00 Processor is mmx able
I           m3dapp.cpp[1470]24/09 20:09:00 Physical memory: 2047 MB
I           m3dapp.cpp[1471]24/09 20:09:00 Total memory:    4095 MB
I           m3dapp.cpp[1472]24/09 20:09:00 Physical memory available: 2047 MB
I           m3dapp.cpp[1473]24/09 20:09:00 Total memory available:    1786 MB
I           m3dapp.cpp[2846]24/09 20:09:00 SetCodepage -- using codepage 1251 '1251  (ANSI - кириллица)'
I           m3dapp.cpp[2154]24/09 20:09:00 NOTE! renderer is bind to dxrender9.dll
I           m3dapp.cpp[1336]24/09 20:09:00 d3d: Given device behavior: 80
I           m3dapp.cpp[1336]24/09 20:09:00 d3d: Confirmed device behavior: 80
I           m3dapp.cpp[1336]24/09 20:09:00 d3d: Description: NVIDIA GeForce GTX 1650
I           m3dapp.cpp[1336]24/09 20:09:00 d3d: Driver:      nvldumd.dll
I           m3dapp.cpp[1336]24/09 20:09:00 d3d: VendorId:    0x10de
I           m3dapp.cpp[1336]24/09 20:09:00 d3d: DeviceId:    0x1f0a
I           m3dapp.cpp[1336]24/09 20:09:00 d3d: SubSysId:    0x145c1771
I           m3dapp.cpp[1336]24/09 20:09:00 d3d: Revision:    161
I           m3dapp.cpp[1336]24/09 20:09:00 d3d: Driver version info:
I           m3dapp.cpp[1336]24/09 20:09:00 d3d:   Product:    32
I           m3dapp.cpp[1336]24/09 20:09:00 d3d:   Version:    0
I           m3dapp.cpp[1336]24/09 20:09:00 d3d:   SubVersion: 15
I           m3dapp.cpp[1336]24/09 20:09:00 d3d:   Build:      8129
I           m3dapp.cpp[1336]24/09 20:09:00 d3d: WHQLLevel:    0
I           m3dapp.cpp[1336]24/09 20:09:00 d3d: Texture max size: 16384x16384
I           m3dapp.cpp[1336]24/09 20:09:00 d3d: Guard band: (-100000000.000,-100000000.000,100000000.000,100000000.000)
I           m3dapp.cpp[1336]24/09 20:09:00 d3d: MaxTextureBlendStages: 8
I           m3dapp.cpp[1336]24/09 20:09:00 d3d: MaxSimultaneousTextures: 8
I           m3dapp.cpp[1336]24/09 20:09:00 d3d: MaxActiveLights: 10
I           m3dapp.cpp[1336]24/09 20:09:00 d3d: MaxUserClipPlanes: 8
I           m3dapp.cpp[1336]24/09 20:09:00 d3d: VertexShaderVersion: 0xfffe0300
I           m3dapp.cpp[1336]24/09 20:09:00 d3d: PixelShaderVersion: 0xffff0300
I           m3dapp.cpp[1336]24/09 20:09:00 d3d: Geometry instancing: supported
I           m3dapp.cpp[1336]24/09 20:09:00 d3d: Depth bias supported: yes
I           m3dapp.cpp[1336]24/09 20:09:00 d3d: Slope-scale based depth bias supported: yes
I           m3dapp.cpp[1336]24/09 20:09:00 d3d: HwRasterization: true
I           m3dapp.cpp[1336]24/09 20:09:00 d3d: HwTnL: true
I           m3dapp.cpp[1336]24/09 20:09:00 d3d: PureDevice: true
I           m3dapp.cpp[1336]24/09 20:09:00 d3d: CubeMap: true
I           m3dapp.cpp[1336]24/09 20:09:00 d3d: VolumeMap: true
I           m3dapp.cpp[1336]24/09 20:09:00 d3d: TextureAddressCaps:
I           m3dapp.cpp[1336]24/09 20:09:00 d3d: 	wrap: true
I           m3dapp.cpp[1336]24/09 20:09:00 d3d: 	clamp: true
I           m3dapp.cpp[1336]24/09 20:09:00 d3d: 	border: true
I           m3dapp.cpp[1336]24/09 20:09:00 d3d: Projective textures: true
I           m3dapp.cpp[1336]24/09 20:09:00 d3d: MaxPointSize: 8192.000
I           m3dapp.cpp[1336]24/09 20:09:00 d3d: MaxPrimitiveCount: 16777215
I           m3dapp.cpp[1336]24/09 20:09:00 d3d: MaxVertexIndex: 16777215
I           m3dapp.cpp[1336]24/09 20:09:00 d3d: MaxStreams: 16
I           m3dapp.cpp[1336]24/09 20:09:00 d3d: MaxStreamsStride: 255
I           m3dapp.cpp[1336]24/09 20:09:00 d3d: MaxAnisotropy: 16
I           m3dapp.cpp[1336]24/09 20:09:00 d3d: MaxVertexBlendMatrices: 4
I           m3dapp.cpp[1336]24/09 20:09:00 d3d: MaxVertexBlendMatrixIndex: 8
I           m3dapp.cpp[1336]24/09 20:09:00 d3d: FullScreenGamma: true
I           m3dapp.cpp[1336]24/09 20:09:00 d3d: COLORWRITEENABLE: true
I           m3dapp.cpp[1336]24/09 20:09:00 d3d: MASKZ: true
I           m3dapp.cpp[1336]24/09 20:09:00 d3d: BLENDOP: true
I           m3dapp.cpp[1336]24/09 20:09:00 d3d: CLIPPLANESCALEDPOINTS: false
I           m3dapp.cpp[1336]24/09 20:09:00 d3d: CLIPTLVERTS: true
I           m3dapp.cpp[1336]24/09 20:09:00 d3d: TSSARGTEMP: true
I           m3dapp.cpp[1336]24/09 20:09:00 d3d: DIRECTIONALLIGHTS: true
I           m3dapp.cpp[1336]24/09 20:09:00 d3d: LOCALVIEWER: true
I           m3dapp.cpp[1336]24/09 20:09:00 d3d: POSITIONALLIGHTS: true
I           m3dapp.cpp[1336]24/09 20:09:00 d3d: TEXGEN:  true
I           m3dapp.cpp[1336]24/09 20:09:00 d3d: TWEENING:  true
I           m3dapp.cpp[1336]24/09 20:09:00 d3d: Dp3: true
I           m3dapp.cpp[1336]24/09 20:09:00 d3d: Lerp: true
I           m3dapp.cpp[1336]24/09 20:09:00 d3d: MaxNpatchTessellationLevel: 0.000
I           m3dapp.cpp[1336]24/09 20:09:00 d3d: Query VCACHE support: true
I           m3dapp.cpp[1336]24/09 20:09:00 d3d: Query EVENT support: true
I           m3dapp.cpp[1336]24/09 20:09:00 d3d: Query OCCLUSION support: true
I           m3dapp.cpp[1336]24/09 20:09:00 d3d: Query TIMESTAMP support: true
I           m3dapp.cpp[1336]24/09 20:09:00 d3d: Query TIMESTAMPDISJOINT support: true
I           m3dapp.cpp[1336]24/09 20:09:00 d3d: Query TIMESTAMPFREQ support: true
I           m3dapp.cpp[1336]24/09 20:09:00 d3d: Query PIPELINETIMINGS support: false
I           m3dapp.cpp[1336]24/09 20:09:00 d3d: Query INTERFACETIMINGS support: false
I           m3dapp.cpp[1336]24/09 20:09:00 d3d: Query VERTEXTIMINGS support: false
I           m3dapp.cpp[1336]24/09 20:09:00 d3d: Query PIXELTIMINGS support: false
I           m3dapp.cpp[1336]24/09 20:09:00 d3d: Query BANDWIDTHTIMINGS support: false
I           m3dapp.cpp[1336]24/09 20:09:00 d3d: Query CACHEUTILIZATION support: false
I           m3dapp.cpp[1336]24/09 20:09:00 d3d: Creating or resetting the device
I           m3dapp.cpp[1336]24/09 20:09:00 d3d: Back buffer format: X8R8G8B8
I           m3dapp.cpp[1336]24/09 20:09:00 d3d: Depth/stencil buffer format: D24S8
I           m3dapp.cpp[1336]24/09 20:09:00 d3d: Stenciling: off
I           m3dapp.cpp[1336]24/09 20:09:00 d3d: Rgba textures format: DXT5
I           m3dapp.cpp[1336]24/09 20:09:00 d3d: Rgba no c. textures format: A8R8G8B8
I           m3dapp.cpp[1336]24/09 20:09:00 d3d: RgbA textures format: DXT5
I           m3dapp.cpp[1336]24/09 20:09:00 d3d: RgbA no c. textures format: A4R4G4B4
I           m3dapp.cpp[1336]24/09 20:09:00 d3d: Rt textures format: A8R8G8B8
I           m3dapp.cpp[1336]24/09 20:09:00 d3d: Shadow textures format: R5G6B5
I           m3dapp.cpp[1336]24/09 20:09:00 d3d: Rt depth format: D16
I           m3dapp.cpp[2206]24/09 20:09:00 NOTE! input is bind to input_di8.dll
I           m3dapp.cpp[1938]24/09 20:09:00 NOTE! sound is bind to sound.dll
I           m3dapp.cpp[1350]24/09 20:09:00 input: Joystick not found
I           m3dapp.cpp[1343]24/09 20:09:00 snd: Max sound channels available: 128
I           m3dapp.cpp[1343]24/09 20:09:00 snd: Sound is inited successfully
I             font.cpp[0976]24/09 20:09:00 FontManager: fonts are loaded successfully
I           m3dapp.cpp[1336]24/09 20:09:00 d3d: Cannot open data\models\logos\fishmen.dds
I           m3dapp.cpp[1336]24/09 20:09:00 d3d: texmap failed to load: data\models\logos\fishmen.dds
E       DraftModel.cpp[1002]24/09 20:09:00 Error: Couldn't load texture data\models\logos\fishmen.dds for model logos.gam
I           m3dapp.cpp[1336]24/09 20:09:00 d3d: Cannot open data\models\logos\logo32.dds
I           m3dapp.cpp[1336]24/09 20:09:00 d3d: texmap failed to load: data\models\logos\logo32.dds
E       DraftModel.cpp[1002]24/09 20:09:00 Error: Couldn't load texture data\models\logos\logo32.dds for model logos.gam
I           m3dapp.cpp[1336]24/09 20:09:00 d3d: Cannot open data\models\logos\logo33.dds
I           m3dapp.cpp[1336]24/09 20:09:00 d3d: texmap failed to load: data\models\logos\logo33.dds
E       DraftModel.cpp[1002]24/09 20:09:00 Error: Couldn't load texture data\models\logos\logo33.dds for model logos.gam
I           m3dapp.cpp[1336]24/09 20:09:00 d3d: Cannot open data\models\logos\logo34.dds
I           m3dapp.cpp[1336]24/09 20:09:00 d3d: texmap failed to load: data\models\logos\logo34.dds
E       DraftModel.cpp[1002]24/09 20:09:00 Error: Couldn't load texture data\models\logos\logo34.dds for model logos.gam
I           m3dapp.cpp[1336]24/09 20:09:00 d3d: Cannot open data\models\logos\logo35.dds
I           m3dapp.cpp[1336]24/09 20:09:00 d3d: texmap failed to load: data\models\logos\logo35.dds
E       DraftModel.cpp[1002]24/09 20:09:00 Error: Couldn't load texture data\models\logos\logo35.dds for model logos.gam
I           m3dapp.cpp[1336]24/09 20:09:00 d3d: Cannot open data\models\logos\logo36.dds
I           m3dapp.cpp[1336]24/09 20:09:00 d3d: texmap failed to load: data\models\logos\logo36.dds
E       DraftModel.cpp[1002]24/09 20:09:00 Error: Couldn't load texture data\models\logos\logo36.dds for model logos.gam
I           m3dapp.cpp[1336]24/09 20:09:00 d3d: Cannot open data\models\logos\logo37.dds
I           m3dapp.cpp[1336]24/09 20:09:00 d3d: texmap failed to load: data\models\logos\logo37.dds
E       DraftModel.cpp[1002]24/09 20:09:00 Error: Couldn't load texture data\models\logos\logo37.dds for model logos.gam
I           m3dapp.cpp[1336]24/09 20:09:00 d3d: Cannot open data\models\logos\logo38.dds
I           m3dapp.cpp[1336]24/09 20:09:00 d3d: texmap failed to load: data\models\logos\logo38.dds
E       DraftModel.cpp[1002]24/09 20:09:00 Error: Couldn't load texture data\models\logos\logo38.dds for model logos.gam
I           m3dapp.cpp[1336]24/09 20:09:00 d3d: Cannot open data\models\logos\logo39.dds
I           m3dapp.cpp[1336]24/09 20:09:00 d3d: texmap failed to load: data\models\logos\logo39.dds
E       DraftModel.cpp[1002]24/09 20:09:00 Error: Couldn't load texture data\models\logos\logo39.dds for model logos.gam
I           m3dapp.cpp[1336]24/09 20:09:00 d3d: Cannot open data\models\logos\logo40.dds
I           m3dapp.cpp[1336]24/09 20:09:00 d3d: texmap failed to load: data\models\logos\logo40.dds
E       DraftModel.cpp[1002]24/09 20:09:00 Error: Couldn't load texture data\models\logos\logo40.dds for model logos.gam
I           m3dapp.cpp[1336]24/09 20:09:00 d3d: Cannot open data\models\logos\logo41.dds
I           m3dapp.cpp[1336]24/09 20:09:00 d3d: texmap failed to load: data\models\logos\logo41.dds
E       DraftModel.cpp[1002]24/09 20:09:00 Error: Couldn't load texture data\models\logos\logo41.dds for model logos.gam
I           m3dapp.cpp[1336]24/09 20:09:00 d3d: Cannot open data\models\logos\logo42.dds
I           m3dapp.cpp[1336]24/09 20:09:00 d3d: texmap failed to load: data\models\logos\logo42.dds
E       DraftModel.cpp[1002]24/09 20:09:00 Error: Couldn't load texture data\models\logos\logo42.dds for model logos.gam
I           m3dapp.cpp[1336]24/09 20:09:00 d3d: Cannot open data\models\logos\logo43.dds
I           m3dapp.cpp[1336]24/09 20:09:00 d3d: texmap failed to load: data\models\logos\logo43.dds
E       DraftModel.cpp[1002]24/09 20:09:00 Error: Couldn't load texture data\models\logos\logo43.dds for model logos.gam
I           m3dapp.cpp[1336]24/09 20:09:00 d3d: Cannot open data\models\logos\logo44.dds
I           m3dapp.cpp[1336]24/09 20:09:00 d3d: texmap failed to load: data\models\logos\logo44.dds
E       DraftModel.cpp[1002]24/09 20:09:00 Error: Couldn't load texture data\models\logos\logo44.dds for model logos.gam
I           m3dapp.cpp[1336]24/09 20:09:00 d3d: Cannot open data\models\logos\logo45.dds
I           m3dapp.cpp[1336]24/09 20:09:00 d3d: texmap failed to load: data\models\logos\logo45.dds
E       DraftModel.cpp[1002]24/09 20:09:00 Error: Couldn't load texture data\models\logos\logo45.dds for model logos.gam
I           m3dapp.cpp[1336]24/09 20:09:00 d3d: Cannot open data\models\logos\logo46.dds
I           m3dapp.cpp[1336]24/09 20:09:00 d3d: texmap failed to load: data\models\logos\logo46.dds
E       DraftModel.cpp[1002]24/09 20:09:00 Error: Couldn't load texture data\models\logos\logo46.dds for model logos.gam
I           m3dapp.cpp[1336]24/09 20:09:00 d3d: Cannot open data\models\logos\logo47.dds
I           m3dapp.cpp[1336]24/09 20:09:00 d3d: texmap failed to load: data\models\logos\logo47.dds
E       DraftModel.cpp[1002]24/09 20:09:00 Error: Couldn't load texture data\models\logos\logo47.dds for model logos.gam
I           m3dapp.cpp[1336]24/09 20:09:00 d3d: Cannot open data\models\logos\logo48.dds
I           m3dapp.cpp[1336]24/09 20:09:00 d3d: texmap failed to load: data\models\logos\logo48.dds
E       DraftModel.cpp[1002]24/09 20:09:00 Error: Couldn't load texture data\models\logos\logo48.dds for model logos.gam
I           m3dapp.cpp[1336]24/09 20:09:00 d3d: Cannot open data\models\logos\logo49.dds
I           m3dapp.cpp[1336]24/09 20:09:00 d3d: texmap failed to load: data\models\logos\logo49.dds
E       DraftModel.cpp[1002]24/09 20:09:00 Error: Couldn't load texture data\models\logos\logo49.dds for model logos.gam
I           m3dapp.cpp[1336]24/09 20:09:00 d3d: Cannot open data\models\logos\logo50.dds
I           m3dapp.cpp[1336]24/09 20:09:00 d3d: texmap failed to load: data\models\logos\logo50.dds
E       DraftModel.cpp[1002]24/09 20:09:00 Error: Couldn't load texture data\models\logos\logo50.dds for model logos.gam
I           m3dapp.cpp[1336]24/09 20:09:00 d3d: Cannot open data\models\logos\logo51.dds
I           m3dapp.cpp[1336]24/09 20:09:00 d3d: texmap failed to load: data\models\logos\logo51.dds
E       DraftModel.cpp[1002]24/09 20:09:00 Error: Couldn't load texture data\models\logos\logo51.dds for model logos.gam
I           m3dapp.cpp[1336]24/09 20:09:00 d3d: Cannot open data\models\logos\logo52.dds
I           m3dapp.cpp[1336]24/09 20:09:00 d3d: texmap failed to load: data\models\logos\logo52.dds
E       DraftModel.cpp[1002]24/09 20:09:00 Error: Couldn't load texture data\models\logos\logo52.dds for model logos.gam
I           m3dapp.cpp[1336]24/09 20:09:00 d3d: Cannot open data\models\logos\logo53.dds
I           m3dapp.cpp[1336]24/09 20:09:00 d3d: texmap failed to load: data\models\logos\logo53.dds
E       DraftModel.cpp[1002]24/09 20:09:00 Error: Couldn't load texture data\models\logos\logo53.dds for model logos.gam
I           m3dapp.cpp[1336]24/09 20:09:00 d3d: Cannot open data\models\logos\logo54.dds
I           m3dapp.cpp[1336]24/09 20:09:00 d3d: texmap failed to load: data\models\logos\logo54.dds
E       DraftModel.cpp[1002]24/09 20:09:00 Error: Couldn't load texture data\models\logos\logo54.dds for model logos.gam
I           m3dapp.cpp[1336]24/09 20:09:00 d3d: Cannot open data\models\logos\logo55.dds
I           m3dapp.cpp[1336]24/09 20:09:00 d3d: texmap failed to load: data\models\logos\logo55.dds
E       DraftModel.cpp[1002]24/09 20:09:00 Error: Couldn't load texture data\models\logos\logo55.dds for model logos.gam
I           m3dapp.cpp[1336]24/09 20:09:00 d3d: Cannot open data\models\logos\logo56.dds
I           m3dapp.cpp[1336]24/09 20:09:00 d3d: texmap failed to load: data\models\logos\logo56.dds
E       DraftModel.cpp[1002]24/09 20:09:00 Error: Couldn't load texture data\models\logos\logo56.dds for model logos.gam
I           m3dapp.cpp[1336]24/09 20:09:00 d3d: Cannot open data\models\logos\logo57.dds
I           m3dapp.cpp[1336]24/09 20:09:00 d3d: texmap failed to load: data\models\logos\logo57.dds
E       DraftModel.cpp[1002]24/09 20:09:00 Error: Couldn't load texture data\models\logos\logo57.dds for model logos.gam
I           m3dapp.cpp[1336]24/09 20:09:00 d3d: Cannot open data\models\logos\logo58.dds
I           m3dapp.cpp[1336]24/09 20:09:00 d3d: texmap failed to load: data\models\logos\logo58.dds
E       DraftModel.cpp[1002]24/09 20:09:00 Error: Couldn't load texture data\models\logos\logo58.dds for model logos.gam
I           m3dapp.cpp[1336]24/09 20:09:00 d3d: Cannot open data\models\logos\logo59.dds
I           m3dapp.cpp[1336]24/09 20:09:00 d3d: texmap failed to load: data\models\logos\logo59.dds
E       DraftModel.cpp[1002]24/09 20:09:00 Error: Couldn't load texture data\models\logos\logo59.dds for model logos.gam
I           m3dapp.cpp[1336]24/09 20:09:00 d3d: Cannot open data\models\logos\logo60.dds
I           m3dapp.cpp[1336]24/09 20:09:00 d3d: texmap failed to load: data\models\logos\logo60.dds
E       DraftModel.cpp[1002]24/09 20:09:00 Error: Couldn't load texture data\models\logos\logo60.dds for model logos.gam
I           m3dapp.cpp[1336]24/09 20:09:00 d3d: Cannot open data\models\logos\logo61.dds
I           m3dapp.cpp[1336]24/09 20:09:00 d3d: texmap failed to load: data\models\logos\logo61.dds
E       DraftModel.cpp[1002]24/09 20:09:00 Error: Couldn't load texture data\models\logos\logo61.dds for model logos.gam
I           m3dapp.cpp[1336]24/09 20:09:00 d3d: Cannot open data\models\logos\logo62.dds
I           m3dapp.cpp[1336]24/09 20:09:00 d3d: texmap failed to load: data\models\logos\logo62.dds
E       DraftModel.cpp[1002]24/09 20:09:00 Error: Couldn't load texture data\models\logos\logo62.dds for model logos.gam
I           m3dapp.cpp[1336]24/09 20:09:00 d3d: Cannot open data\models\logos\logo63.dds
I           m3dapp.cpp[1336]24/09 20:09:00 d3d: texmap failed to load: data\models\logos\logo63.dds
E       DraftModel.cpp[1002]24/09 20:09:00 Error: Couldn't load texture data\models\logos\logo63.dds for model logos.gam
I           m3dapp.cpp[1336]24/09 20:09:00 d3d: Cannot open data\models\logos\logo64.dds
I           m3dapp.cpp[1336]24/09 20:09:00 d3d: texmap failed to load: data\models\logos\logo64.dds
E       DraftModel.cpp[1002]24/09 20:09:00 Error: Couldn't load texture data\models\logos\logo64.dds for model logos.gam
I           m3dapp.cpp[1336]24/09 20:09:00 d3d: Cannot open data\models\logos\logo65.dds
I           m3dapp.cpp[1336]24/09 20:09:00 d3d: texmap failed to load: data\models\logos\logo65.dds
E       DraftModel.cpp[1002]24/09 20:09:00 Error: Couldn't load texture data\models\logos\logo65.dds for model logos.gam
I           m3dapp.cpp[1336]24/09 20:09:00 d3d: Cannot open data\models\logos\logo66.dds
I           m3dapp.cpp[1336]24/09 20:09:00 d3d: texmap failed to load: data\models\logos\logo66.dds
E       DraftModel.cpp[1002]24/09 20:09:00 Error: Couldn't load texture data\models\logos\logo66.dds for model logos.gam
I           m3dapp.cpp[1336]24/09 20:09:00 d3d: Cannot open data\models\logos\logo67.dds
I           m3dapp.cpp[1336]24/09 20:09:00 d3d: texmap failed to load: data\models\logos\logo67.dds
E       DraftModel.cpp[1002]24/09 20:09:00 Error: Couldn't load texture data\models\logos\logo67.dds for model logos.gam
I           m3dapp.cpp[1336]24/09 20:09:00 d3d: Cannot open data\models\logos\logo68.dds
I           m3dapp.cpp[1336]24/09 20:09:00 d3d: texmap failed to load: data\models\logos\logo68.dds
E       DraftModel.cpp[1002]24/09 20:09:00 Error: Couldn't load texture data\models\logos\logo68.dds for model logos.gam
I           m3dapp.cpp[1336]24/09 20:09:00 d3d: Cannot open data\models\logos\logo69.dds
I           m3dapp.cpp[1336]24/09 20:09:00 d3d: texmap failed to load: data\models\logos\logo69.dds
E       DraftModel.cpp[1002]24/09 20:09:00 Error: Couldn't load texture data\models\logos\logo69.dds for model logos.gam
I           m3dapp.cpp[1336]24/09 20:09:00 d3d: Cannot open data\models\logos\logo70.dds
I           m3dapp.cpp[1336]24/09 20:09:00 d3d: texmap failed to load: data\models\logos\logo70.dds
E       DraftModel.cpp[1002]24/09 20:09:00 Error: Couldn't load texture data\models\logos\logo70.dds for model logos.gam
I      gameimpulse.cpp[0288]24/09 20:09:00 Key bindings: were inited successfully
I           view32.cpp[0705]24/09 20:09:00 --- Init Media ---
I    GameUiManager.cpp[0303]24/09 20:09:00 Interface: is initializing...
I    GameUiManager.cpp[1580]24/09 20:09:00 Interface: clearing resource infos ...
I    GameUiManager.cpp[1491]24/09 20:09:00 Interface: loading resource infos ...
I    GameUiManager.cpp[1603]24/09 20:09:00 Interface: loading resources ...
I           m3dapp.cpp[1343]24/09 20:09:00 snd: Error: Can't Open SoundFile: 
I           m3dapp.cpp[1343]24/09 20:09:00 snd: Cannot open sound stream from file . Error: File not found, flags: 8272
I    GameUiManager.cpp[0395]24/09 20:09:00 Interface: is inited successfully
I        LevelInfo.cpp[0806]24/09 20:09:00 Level infos were loaded successfully from file data\if\diz\LevelInfo.xml
I        LevelInfo.cpp[0837]24/09 20:09:00 Error: could't open data\maps\r1m8.ssl file
E        LevelInfo.cpp[0749]24/09 20:09:00 LevelInfoManager was inited with errors
I   TruxxUiManager.cpp[0191]24/09 20:09:00 TruxxUiManager: was inited successfully
I      gameimpulse.cpp[0618]24/09 20:09:00 Key bindings: unbind all is done
I      gameimpulse.cpp[0324]24/09 20:09:00 Key bindings: were loaded successfully from file data\scripts\DefaultKeyBindings.lua
I      gameimpulse.cpp[1194]24/09 20:09:00 Key bindings: were bind from defaults
I            video.cpp[0704]24/09 20:09:00 Could not load specified video file: data\video\logobuka.wmv (hr = 80070003)
I     view32_video.cpp[0061]24/09 20:09:00 Error: couldn't load video 'data\video\logobuka.wmv'
I            video.cpp[0704]24/09 20:09:00 Could not load specified video file: data\video\logotargem.wmv (hr = 80070003)
I     view32_video.cpp[0061]24/09 20:09:00 Error: couldn't load video 'data\video\logotargem.wmv'
I            video.cpp[0704]24/09 20:09:00 Could not load specified video file: data\video\INTRO_RUS_FIELD.wmv (hr = 80070003)
I     view32_video.cpp[0061]24/09 20:09:00 Error: couldn't load video 'data\video\INTRO_RUS_FIELD.wmv'
I             core.lua[0013]24/09 20:09:00 IMPROVED STORYLINE V1.0.5.3 ORIGINAL BUILD 220422
I           m3dapp.cpp[1808]24/09 20:09:00 ----------------------- Engine inited in: 0
I          Profile.cpp[0602]24/09 20:09:00 Profile "RiverZone" set
I   TruxxUiManager.cpp[1422]24/09 20:09:00 Game mode changed. Old mode = 3, new mode = 2
I        SplashWnd.cpp[0244]24/09 20:09:01 Start splashing 11
I           view32.cpp[1048]24/09 20:09:01 -- Loading Level: data\maps\mainmenu.ssl --
I            world.cpp[0132]24/09 20:09:01 ----------------------- World Loading
F        landscape.cpp[1674]24/09 20:09:01  +- Enter function: Landscape::Load()
I        landscape.cpp[1911]24/09 20:09:01  |  ----------------------- Normal map loaded in: 0
I        landscape.cpp[1920]24/09 20:09:01  |  ----------------------- Tiles loaded in: 12
I        landscape.cpp[1944]24/09 20:09:01  |  ----------------------- ShoreLine loaded in: 0
F        landscape.cpp[1944]24/09 20:09:01  +- Exit function: Landscape::Load()
I            world.cpp[0169]24/09 20:09:01 ----------------------- Landscape loaded in: 50
I       DataServer.cpp[0587]24/09 20:09:01 Loading Servers: data\maps\MainMenu\servers.xml
I serverAnimatedModel.cpp[0630]24/09 20:09:01 ### Total time: 812, GAM time: 252
I       DataServer.cpp[0587]24/09 20:09:01 Loading Servers: data\models\commonservers.xml
E      serverMusic.cpp[0216]24/09 20:09:03 MusicServer: cannot read file: data\music\music.xml id = 'LaBelleTown'
E      serverMusic.cpp[0216]24/09 20:09:03 MusicServer: cannot read file: data\music\music.xml id = 'block6_driving2'
I            world.cpp[0210]24/09 20:09:03 ----------------------- Servers loaded in: 2222
I            world.cpp[0338]24/09 20:09:03 LoadWorld begin...
I            world.cpp[0350]24/09 20:09:03 %%%% read/parse xml: 6
I            world.cpp[0362]24/09 20:09:03 %%%% read from xml: 2
E    PlayerPassMap.cpp[0139]24/09 20:09:03 Couldn't load player pass map from file data\maps\MainMenu\player_passmap.xml
I            world.cpp[0444]24/09 20:09:03 %%%% link nodes: 8
I            world.cpp[0220]24/09 20:09:03 ----------------------- Nodes loaded in: 18
I            world.cpp[0228]24/09 20:09:03 ----------------------- Prefabs loaded in: 0
I            world.cpp[0247]24/09 20:09:03 ----------------------- World loaded in: 2365
I            world.cpp[0278]24/09 20:09:03 ----------------------- Roads loaded in: 66
I           view32.cpp[1078]24/09 20:09:03 Load Server begin...
I   TruxxUiManager.cpp[0974]24/09 20:09:03 Interface: is loaded successfully
I           server.cpp[0789]24/09 20:09:03 AI: Loading Server...
I           server.cpp[0796]24/09 20:09:03 	AI: Loading Relationship
I     Relationship.cpp[0134]24/09 20:09:03 		 File readed
I           server.cpp[0801]24/09 20:09:03 	AI: Loading SoilProps
I           server.cpp[0804]24/09 20:09:03 	AI: Loading ExternalPaths
I           server.cpp[0807]24/09 20:09:03 	AI: Loading PlayerPassMap
E    PlayerPassMap.cpp[0139]24/09 20:09:03 Couldn't load player pass map from file data\maps\MainMenu\player_passmap.xml
I           server.cpp[0813]24/09 20:09:03 	AI: Loading GameObjects
I           server.cpp[0816]24/09 20:09:03 	AI: Initializing VehicleGeneratorInfoCache
I           server.cpp[0820]24/09 20:09:03 	AI: Refreshing GameObjects
I           server.cpp[0824]24/09 20:09:03 	AI: Loading QuestStates
I       QuestState.cpp[0904]24/09 20:09:03 Quest 'Human1_Quest1' can be given now
I       QuestState.cpp[0904]24/09 20:09:03 Quest 'Human1_Quest2' can be given now
I       QuestState.cpp[0904]24/09 20:09:03 Quest 'BenGoodEnd' can be given now
I       QuestState.cpp[0904]24/09 20:09:03 Quest 'q_PlaceWithSign' can be given now
I       QuestState.cpp[0904]24/09 20:09:03 Quest 'r3m2_OracleMemory' can be given now
I       QuestState.cpp[0904]24/09 20:09:03 Quest 'r3m2_TalkWithLisa' can be given now
I       QuestState.cpp[0904]24/09 20:09:03 Quest 'r3m2_TalkWithBenAboutCarAfterOracul' can be given now
I       QuestState.cpp[0904]24/09 20:09:03 Quest 'r3m2_FindInfoAboutFather' can be given now
I       QuestState.cpp[0904]24/09 20:09:03 Quest 'r3m1_LureMainDriud' can be given now
I       QuestState.cpp[0904]24/09 20:09:03 Quest 'r3m1_ClearSanctuary' can be given now
I       QuestState.cpp[0904]24/09 20:09:03 Quest 'r3m1_KnowAboutUluk' can be given now
I       QuestState.cpp[0904]24/09 20:09:03 Quest 'r3m1_RescueUlukCivil' can be given now
I       QuestState.cpp[0904]24/09 20:09:03 Quest 'q_VisitDruid' can be given now
I       QuestState.cpp[0904]24/09 20:09:03 Quest 'r2m2_Znaki2_Quest' can be given now
I       QuestState.cpp[0904]24/09 20:09:03 Quest 'r2m2_HeadsHunterQuest' can be given now
I       QuestState.cpp[0904]24/09 20:09:03 Quest 'r2m2_OldDvigatel1_Quest' can be given now
I       QuestState.cpp[0904]24/09 20:09:03 Quest 'r2m2_OldDvigatel2_Quest' can be given now
I       QuestState.cpp[0904]24/09 20:09:03 Quest 'r2m2_FightFelix' can be given now
I       QuestState.cpp[0904]24/09 20:09:03 Quest 'r2m2_ReturnToMarecciaFromCastle' can be given now
I       QuestState.cpp[0904]24/09 20:09:03 Quest 'r2m2_FightWithAxelInArena_Quest' can be given now
I       QuestState.cpp[0904]24/09 20:09:03 Quest 'r2m2_FindLisAfterAxelAndFatherDie_Quest' can be given now
I       QuestState.cpp[0904]24/09 20:09:03 Quest 'r2m2_ToLisaToMonastir' can be given now
I       QuestState.cpp[0904]24/09 20:09:03 Quest 'r2m2_FightLisaToMonastir' can be given now
I       QuestState.cpp[0904]24/09 20:09:03 Quest 'r2m2_GiveDisk2ToOrakul' can be given now
I       QuestState.cpp[0904]24/09 20:09:03 Quest 'MrShlyapa3_Quest' can be given now
I       QuestState.cpp[0904]24/09 20:09:03 Quest 'r2m1_ArtAntipod_Quest' can be given now
I       QuestState.cpp[0904]24/09 20:09:03 Quest 'r2m1_TakeNarcotics_Quest' can be given now
I       QuestState.cpp[0904]24/09 20:09:03 Quest 'r2m1_KillGodFather_Quest' can be given now
I       QuestState.cpp[0904]24/09 20:09:03 Quest 'MrShlyapaSecret' can be given now
I       QuestState.cpp[0904]24/09 20:09:03 Quest 'd_GetSupportOneOfTheBands2_Quest' can be given now
I       QuestState.cpp[0904]24/09 20:09:03 Quest 'd_GetSupportOneOfTheBands1_Quest' can be given now
I       QuestState.cpp[0904]24/09 20:09:03 Quest 'd_FindVerbInAR_Quest' can be given now
I       QuestState.cpp[0904]24/09 20:09:03 Quest 'd_FindVerbInSNG_Quest' can be given now
I       QuestState.cpp[0904]24/09 20:09:03 Quest 'd_PatrulSideSNG_Quest' can be given now
I       QuestState.cpp[0904]24/09 20:09:03 Quest 'd_TakeGeneralOfBandits_Quest' can be given now
I       QuestState.cpp[0904]24/09 20:09:03 Quest 'r2m1_TW_AlienInShip' can be given now
I       QuestState.cpp[0904]24/09 20:09:03 Quest 'Podderzhka_Quest' can be given now
I       QuestState.cpp[0904]24/09 20:09:03 Quest 'Zashita_Quest' can be given now
I       QuestState.cpp[0904]24/09 20:09:03 Quest 'preEretik_Quest' can be given now
I       QuestState.cpp[0904]24/09 20:09:03 Quest 'ReturnQuest' can be given now
I       QuestState.cpp[0904]24/09 20:09:03 Quest 'd_FindVerbInAM_Quest' can be given now
I       QuestState.cpp[0904]24/09 20:09:03 Quest 'OdettIsDead_Quest' can be given now
I       QuestState.cpp[0904]24/09 20:09:03 Quest 'Disk2OrakulLisa' can be given now
I       QuestState.cpp[0904]24/09 20:09:03 Quest 'FindGomerB_Quest1' can be given now
I       QuestState.cpp[0904]24/09 20:09:03 Quest 'FreeExtremistLeader_Quest1' can be given now
I       QuestState.cpp[0904]24/09 20:09:03 Quest 'KillExtremist_Quest1' can be given now
I       QuestState.cpp[0904]24/09 20:09:03 Quest 'r1m4_TalkWithOldTraderAboutSecondDisk' can be given now
I       QuestState.cpp[0904]24/09 20:09:03 Quest 'q_FindHusbent' can be given now
I       QuestState.cpp[0904]24/09 20:09:03 Quest 'RybakToOlm_Quest' can be given now
I       QuestState.cpp[0904]24/09 20:09:03 Quest 'AnanagaTech_Quest' can be given now
I       QuestState.cpp[0904]24/09 20:09:03 Quest 'MrShlyapa2_Quest' can be given now
I       QuestState.cpp[0904]24/09 20:09:03 Quest 'ToCordanToTikhomir_Quest' can be given now
I       QuestState.cpp[0904]24/09 20:09:03 Quest 'r1m3_BonnyAndKlideQuest' can be given now
I       QuestState.cpp[0904]24/09 20:09:03 Quest 'r1m3_ArchHelp' can be given now
I       QuestState.cpp[0904]24/09 20:09:03 Quest 'r1m3_CrazyManQuest' can be given now
I       QuestState.cpp[0904]24/09 20:09:03 Quest 'r1m3_OldTownOutsiderCar2_Quest' can be given now
I       QuestState.cpp[0904]24/09 20:09:03 Quest 'FightForPesht' can be given now
I       QuestState.cpp[0904]24/09 20:09:03 Quest 'd_RideAcrossBase_Quest' can be given now
I       QuestState.cpp[0904]24/09 20:09:03 Quest 'd_GiveMoneyToBase_Quest' can be given now
I       QuestState.cpp[0904]24/09 20:09:03 Quest 'd_GetBomb_Quest' can be given now
I       QuestState.cpp[0904]24/09 20:09:03 Quest 'd_IntrigaOfMerMinin_Quest' can be given now
I       QuestState.cpp[0904]24/09 20:09:03 Quest 'd_MoveFreelancersToOilMine_Quest' can be given now
I       QuestState.cpp[0904]24/09 20:09:03 Quest 'd_MoveCanistraToMinin_Quest' can be given now
I       QuestState.cpp[0904]24/09 20:09:03 Quest 'd_OpenTunel_Quest' can be given now
I       QuestState.cpp[0904]24/09 20:09:03 Quest 'r1m3_TalkWithThiefFromFatherHouse' can be given now
I       QuestState.cpp[0904]24/09 20:09:03 Quest 'r1m3_MoveToOraculAfterThief' can be given now
I       QuestState.cpp[0904]24/09 20:09:03 Quest 'r1m3_ToLisaToAsgard' can be given now
I       QuestState.cpp[0904]24/09 20:09:03 Quest 'r1m3_TW_OralceAboutAlien' can be given now
I       QuestState.cpp[0904]24/09 20:09:03 Quest 'r1m3_DestroyRadiationSource' can be given now
I       QuestState.cpp[0904]24/09 20:09:03 Quest 'r2m1_DestroyAlienShip' can be given now
I       QuestState.cpp[0904]24/09 20:09:03 Quest 'd_PayWorkersMoney_Quest' can be given now
I       QuestState.cpp[0904]24/09 20:09:03 Quest 'r2m1_TW_SellsCivilian' can be given now
I       QuestState.cpp[0904]24/09 20:09:03 Quest 'MorskieVrata2_Quest' can be given now
I       QuestState.cpp[0904]24/09 20:09:03 Quest 'Zachisti1_Quest' can be given now
I       QuestState.cpp[0904]24/09 20:09:03 Quest 'LisaVPeshte' can be given now
I       QuestState.cpp[0904]24/09 20:09:03 Quest 'LisaUBena' can be given now
I       QuestState.cpp[0904]24/09 20:09:03 Quest 'WhereSigns_Quest' can be given now
I       QuestState.cpp[0904]24/09 20:09:03 Quest 'CombatInKollizey_Quest' can be given now
I       QuestState.cpp[0904]24/09 20:09:03 Quest 'BuyKollizey_Quest' can be given now
I       QuestState.cpp[0904]24/09 20:09:03 Quest 'Kollizey_Quest' can be given now
I       QuestState.cpp[0904]24/09 20:09:03 Quest 'HelpRuins_Quest' can be given now
I       QuestState.cpp[0904]24/09 20:09:03 Quest 'DestroyRuins_Quest' can be given now
I       QuestState.cpp[0904]24/09 20:09:03 Quest 'DestroyRuins2_Quest' can be given now
I       QuestState.cpp[0904]24/09 20:09:03 Quest 'Signs_Quest' can be given now
I       QuestState.cpp[0904]24/09 20:09:03 Quest 'MrShlyapa1_Quest' can be given now
I       QuestState.cpp[0904]24/09 20:09:03 Quest 'FindBen2_Quest' can be given now
I       QuestState.cpp[0904]24/09 20:09:03 Quest 'd_FindHouseOfBen_Quest' can be given now
I       QuestState.cpp[0904]24/09 20:09:03 Quest 'r1m2_TW_BanAboutAlien' can be given now
I       QuestState.cpp[0904]24/09 20:09:03 Quest 'r1m3_DestroyOracle' can be given now
I       QuestState.cpp[0904]24/09 20:09:03 Quest 'Pomiritsa_Quest' can be given now
I       QuestState.cpp[0904]24/09 20:09:03 Quest 'VYar_Quest' can be given now
I       QuestState.cpp[0904]24/09 20:09:03 Quest 'FindBenMZ_Quest' can be given now
I       QuestState.cpp[0904]24/09 20:09:03 Quest 'QuickFindBen' can be given now
I       QuestState.cpp[0904]24/09 20:09:03 Quest 'OpenMid_Quest' can be given now
I       QuestState.cpp[0904]24/09 20:09:03 Quest 'TalkBeforeDesert' can be given now
I       QuestState.cpp[0904]24/09 20:09:03 Quest 'ZashitaGotova' can be given now
I       QuestState.cpp[0904]24/09 20:09:03 Quest 'FakeQuest1' can be given now
I       QuestState.cpp[0904]24/09 20:09:03 Quest 'Chehly_Quest' can be given now
I       QuestState.cpp[0904]24/09 20:09:03 Quest 'WorkGiver_Quest1' can be given now
I       QuestState.cpp[0904]24/09 20:09:03 Quest 'd_PunishBandits_Quest' can be given now
I       QuestState.cpp[0904]24/09 20:09:03 Quest 'r1m1_Hospital_Quest' can be given now
I       QuestState.cpp[0904]24/09 20:09:03 Quest 'r1m1_Botanik_Quest' can be given now
I       QuestState.cpp[0904]24/09 20:09:03 Quest 'r1m1_FindBotanik_Quest' can be given now
I       QuestState.cpp[0904]24/09 20:09:03 Quest 'Buyer_Quest1' can be given now
I       QuestState.cpp[0904]24/09 20:09:03 Quest 'FirstTimePlay' can be given now
I       QuestState.cpp[0904]24/09 20:09:03 Quest 'TalkWithFather_Quest' can be given now
I       QuestState.cpp[0904]24/09 20:09:03 Quest 'LisaAtSouth' can be given now
I       QuestState.cpp[0904]24/09 20:09:03 Quest 'FindBen_Quest' can be given now
I       QuestState.cpp[0904]24/09 20:09:03 Quest 'FindBenAgain_Quest' can be given now
I       QuestState.cpp[0904]24/09 20:09:03 Quest 'd_SinFather_Quest' can be given now
I       QuestState.cpp[0904]24/09 20:09:03 Quest 'TalkToVasily' can be given now
I       QuestState.cpp[0904]24/09 20:09:03 Quest 'CheckTheEast' can be given now
I       QuestState.cpp[0904]24/09 20:09:03 Quest 'BenSouth_Quest' can be given now
I           server.cpp[0826]24/09 20:09:03 	AI: QuestStates loaded
I           server.cpp[0828]24/09 20:09:03 	AI: Loading DynamicScene
I     DynamicScene.cpp[1470]24/09 20:09:03 		 Scene loading begin
I     DynamicScene.cpp[1472]24/09 20:09:03 		 Scene loading end
I           server.cpp[0837]24/09 20:09:03 	AI: DynamicScene loaded
I           server.cpp[0852]24/09 20:09:03 	AI: Loading Triggers
E           server.cpp[1242]24/09 20:09:03 Error: cannot open data\maps\MainMenu\
I           server.cpp[0855]24/09 20:09:03 	AI: Triggers loaded
I           server.cpp[0857]24/09 20:09:03 	AI: Loading Object Names
E     ObjContainer.cpp[1104]24/09 20:09:03 Error: cannot open data\maps\MainMenu\object_names.xml
I           server.cpp[0868]24/09 20:09:03 	AI: Initing Player
I           server.cpp[0888]24/09 20:09:03 		Before first Update
I   TruxxUiManager.cpp[1422]24/09 20:09:03 Game mode changed. Old mode = 2, new mode = 1
I           server.cpp[0909]24/09 20:09:03 		After first Update
I           server.cpp[0911]24/09 20:09:03 AI: Finished Loading Server
I           view32.cpp[1106]24/09 20:09:03 Load server end
I        QuestInfo.cpp[0847]24/09 20:09:03 Quest infos were loaded successfully from file data\if\diz\QuestInfoGlobal.xml
I        QuestInfo.cpp[0783]24/09 20:09:03 QuestInfo manager was inited successfully
I       MsgManager.cpp[0391]24/09 20:09:03 Can't open file data\maps\MainMenu\strings.xml for read.
I    GameUiManager.cpp[0303]24/09 20:09:03 Interface: is initializing...
I    GameUiManager.cpp[0405]24/09 20:09:03 Interface: is clearing...
I    GameUiManager.cpp[0495]24/09 20:09:03 Interface: is cleared successfully
I    GameUiManager.cpp[0395]24/09 20:09:03 Interface: is inited successfully
I blockMusicManager.cpp[0199]24/09 20:09:03 BlockMusicManager: resetting
I      gameimpulse.cpp[0618]24/09 20:09:03 Key bindings: unbind all is done
I      gameimpulse.cpp[0618]24/09 20:09:03 Key bindings: unbind all is done
I      gameimpulse.cpp[0324]24/09 20:09:03 Key bindings: were loaded successfully from file data/profiles/riverzone\KeyBindings.lua
I      gameimpulse.cpp[1222]24/09 20:09:03 Key bindings: were loaded from profile
I           m3dapp.cpp[1350]24/09 20:09:08 input: CInput_di8::GetLastKbdEvent() error - cannot translate key wit scan code 731
I           m3dapp.cpp[1350]24/09 20:09:09 input: CInput_di8::GetLastKbdEvent() error - cannot translate key wit scan code 219
I        SplashWnd.cpp[0244]24/09 20:09:21 Start splashing 11
I   TruxxUiManager.cpp[1422]24/09 20:09:21 Game mode changed. Old mode = 1, new mode = 0
I    GameUiManager.cpp[0405]24/09 20:09:21 Interface: is clearing...
I    GameUiManager.cpp[0495]24/09 20:09:21 Interface: is cleared successfully
I           view32.cpp[1048]24/09 20:09:21 -- Loading Level: data\maps\r1m1.ssl --
I            world.cpp[0132]24/09 20:09:21 ----------------------- World Loading
F        landscape.cpp[1674]24/09 20:09:21  +- Enter function: Landscape::Load()
I        landscape.cpp[1911]24/09 20:09:21  |  ----------------------- Normal map loaded in: 2
I        landscape.cpp[1920]24/09 20:09:21  |  ----------------------- Tiles loaded in: 15
I        landscape.cpp[1944]24/09 20:09:21  |  ----------------------- ShoreLine loaded in: 0
F        landscape.cpp[1944]24/09 20:09:21  +- Exit function: Landscape::Load()
I            world.cpp[0169]24/09 20:09:21 ----------------------- Landscape loaded in: 68
I       DataServer.cpp[0587]24/09 20:09:21 Loading Servers: data\maps\r1m1\servers.xml
E       DraftModel.cpp[1002]24/09 20:09:22 Error: Couldn't load texture data\models\vehicles\belaz\cab01_mt.dds for model cargov1.gam
E       DraftModel.cpp[1002]24/09 20:09:22 Error: Couldn't load texture data\models\vehicles\belaz\cab01_mt.dds for model cargov1.gam
E       DraftModel.cpp[1002]24/09 20:09:22 Error: Couldn't load texture data\models\vehicles\belaz\cab01_mt.dds for model cargov1.gam
E       DraftModel.cpp[1002]24/09 20:09:22 Error: Couldn't load texture data\models\vehicles\belaz\cab01_mt.dds for model cargov1.gam
E       DraftModel.cpp[1002]24/09 20:09:22 Error: Couldn't load texture data\models\vehicles\belaz\cab01_mt.dds for model cargov1.gam
I serverAnimatedModel.cpp[0630]24/09 20:09:23 ### Total time: 2156, GAM time: 1720
I       DataServer.cpp[0587]24/09 20:09:24 Loading Servers: data\models\commonservers.xml
E      serverMusic.cpp[0216]24/09 20:09:24 MusicServer: cannot read file: data\music\music.xml id = 'LaBelleTown'
E      serverMusic.cpp[0216]24/09 20:09:24 MusicServer: cannot read file: data\music\music.xml id = 'block6_driving2'
I            world.cpp[0210]24/09 20:09:24 ----------------------- Servers loaded in: 2724
I            world.cpp[0338]24/09 20:09:24 LoadWorld begin...
I            world.cpp[0350]24/09 20:09:24 %%%% read/parse xml: 30
I            world.cpp[0362]24/09 20:09:24 %%%% read from xml: 15
I            world.cpp[0444]24/09 20:09:24 %%%% link nodes: 33
I            world.cpp[0220]24/09 20:09:24 ----------------------- Nodes loaded in: 80
I            world.cpp[0228]24/09 20:09:24 ----------------------- Prefabs loaded in: 1
I            world.cpp[0247]24/09 20:09:24 ----------------------- World loaded in: 2961
I            world.cpp[0278]24/09 20:09:24 ----------------------- Roads loaded in: 102
I           view32.cpp[1078]24/09 20:09:24 Load Server begin...
I            Reply.cpp[0415]24/09 20:09:24 Replies were loaded successfully from file data\if\diz\DialogsGlobal.xml
I            Reply.cpp[0415]24/09 20:09:24 Replies were loaded successfully from file data\if\diz\DynamicDialogsGlobal.xml
I            Reply.cpp[0343]24/09 20:09:24 RepliesManager was inited successfully
I    GameUiManager.cpp[1603]24/09 20:09:24 Interface: loading resources ...
I     ObjectsIcons.cpp[0198]24/09 20:09:25 ObjectsIcons::AddIcon warning - ico with id SpeedPointer already exists and wiil be replaced
I    GameUiManager.cpp[1603]24/09 20:09:25 Interface: loading resources ...
I   TruxxUiManager.cpp[0974]24/09 20:09:25 Interface: is loaded successfully
I           server.cpp[0789]24/09 20:09:25 AI: Loading Server...
I           server.cpp[0796]24/09 20:09:25 	AI: Loading Relationship
I     Relationship.cpp[0134]24/09 20:09:25 		 File readed
I           server.cpp[0801]24/09 20:09:25 	AI: Loading SoilProps
I           server.cpp[0804]24/09 20:09:25 	AI: Loading ExternalPaths
I           server.cpp[0807]24/09 20:09:25 	AI: Loading PlayerPassMap
I           server.cpp[0813]24/09 20:09:25 	AI: Loading GameObjects
I           server.cpp[0816]24/09 20:09:25 	AI: Initializing VehicleGeneratorInfoCache
I           server.cpp[0820]24/09 20:09:25 	AI: Refreshing GameObjects
E      VehiclePart.cpp[0138]24/09 20:09:25 Error: collision geom in vehicle part name = 'heavy_dot1' is not BOX
I           server.cpp[0824]24/09 20:09:25 	AI: Loading QuestStates
I       QuestState.cpp[0904]24/09 20:09:25 Quest 'Human1_Quest1' can be given now
I       QuestState.cpp[0904]24/09 20:09:25 Quest 'Human1_Quest2' can be given now
I       QuestState.cpp[0904]24/09 20:09:25 Quest 'BenGoodEnd' can be given now
I       QuestState.cpp[0904]24/09 20:09:25 Quest 'q_PlaceWithSign' can be given now
I       QuestState.cpp[0904]24/09 20:09:25 Quest 'r3m2_OracleMemory' can be given now
I       QuestState.cpp[0904]24/09 20:09:25 Quest 'r3m2_TalkWithLisa' can be given now
I       QuestState.cpp[0904]24/09 20:09:25 Quest 'r3m2_TalkWithBenAboutCarAfterOracul' can be given now
I       QuestState.cpp[0904]24/09 20:09:25 Quest 'r3m2_FindInfoAboutFather' can be given now
I       QuestState.cpp[0904]24/09 20:09:25 Quest 'r3m1_LureMainDriud' can be given now
I       QuestState.cpp[0904]24/09 20:09:25 Quest 'r3m1_ClearSanctuary' can be given now
I       QuestState.cpp[0904]24/09 20:09:25 Quest 'r3m1_KnowAboutUluk' can be given now
I       QuestState.cpp[0904]24/09 20:09:25 Quest 'r3m1_RescueUlukCivil' can be given now
I       QuestState.cpp[0904]24/09 20:09:25 Quest 'q_VisitDruid' can be given now
I       QuestState.cpp[0904]24/09 20:09:25 Quest 'r2m2_Znaki2_Quest' can be given now
I       QuestState.cpp[0904]24/09 20:09:25 Quest 'r2m2_HeadsHunterQuest' can be given now
I       QuestState.cpp[0904]24/09 20:09:25 Quest 'r2m2_OldDvigatel1_Quest' can be given now
I       QuestState.cpp[0904]24/09 20:09:25 Quest 'r2m2_OldDvigatel2_Quest' can be given now
I       QuestState.cpp[0904]24/09 20:09:25 Quest 'r2m2_FightFelix' can be given now
I       QuestState.cpp[0904]24/09 20:09:25 Quest 'r2m2_ReturnToMarecciaFromCastle' can be given now
I       QuestState.cpp[0904]24/09 20:09:25 Quest 'r2m2_FightWithAxelInArena_Quest' can be given now
I       QuestState.cpp[0904]24/09 20:09:25 Quest 'r2m2_FindLisAfterAxelAndFatherDie_Quest' can be given now
I       QuestState.cpp[0904]24/09 20:09:25 Quest 'r2m2_ToLisaToMonastir' can be given now
I       QuestState.cpp[0904]24/09 20:09:25 Quest 'r2m2_FightLisaToMonastir' can be given now
I       QuestState.cpp[0904]24/09 20:09:25 Quest 'r2m2_GiveDisk2ToOrakul' can be given now
I       QuestState.cpp[0904]24/09 20:09:25 Quest 'MrShlyapa3_Quest' can be given now
I       QuestState.cpp[0904]24/09 20:09:25 Quest 'r2m1_ArtAntipod_Quest' can be given now
I       QuestState.cpp[0904]24/09 20:09:25 Quest 'r2m1_TakeNarcotics_Quest' can be given now
I       QuestState.cpp[0904]24/09 20:09:25 Quest 'r2m1_KillGodFather_Quest' can be given now
I       QuestState.cpp[0904]24/09 20:09:25 Quest 'MrShlyapaSecret' can be given now
I       QuestState.cpp[0904]24/09 20:09:25 Quest 'd_GetSupportOneOfTheBands2_Quest' can be given now
I       QuestState.cpp[0904]24/09 20:09:25 Quest 'd_GetSupportOneOfTheBands1_Quest' can be given now
I       QuestState.cpp[0904]24/09 20:09:25 Quest 'd_FindVerbInAR_Quest' can be given now
I       QuestState.cpp[0904]24/09 20:09:25 Quest 'd_FindVerbInSNG_Quest' can be given now
I       QuestState.cpp[0904]24/09 20:09:25 Quest 'd_PatrulSideSNG_Quest' can be given now
I       QuestState.cpp[0904]24/09 20:09:25 Quest 'd_TakeGeneralOfBandits_Quest' can be given now
I       QuestState.cpp[0904]24/09 20:09:25 Quest 'r2m1_TW_AlienInShip' can be given now
I       QuestState.cpp[0904]24/09 20:09:25 Quest 'Podderzhka_Quest' can be given now
I       QuestState.cpp[0904]24/09 20:09:25 Quest 'Zashita_Quest' can be given now
I       QuestState.cpp[0904]24/09 20:09:25 Quest 'preEretik_Quest' can be given now
I       QuestState.cpp[0904]24/09 20:09:25 Quest 'ReturnQuest' can be given now
I       QuestState.cpp[0904]24/09 20:09:25 Quest 'd_FindVerbInAM_Quest' can be given now
I       QuestState.cpp[0904]24/09 20:09:25 Quest 'OdettIsDead_Quest' can be given now
I       QuestState.cpp[0904]24/09 20:09:25 Quest 'Disk2OrakulLisa' can be given now
I       QuestState.cpp[0904]24/09 20:09:25 Quest 'FindGomerB_Quest1' can be given now
I       QuestState.cpp[0904]24/09 20:09:25 Quest 'FreeExtremistLeader_Quest1' can be given now
I       QuestState.cpp[0904]24/09 20:09:25 Quest 'KillExtremist_Quest1' can be given now
I       QuestState.cpp[0904]24/09 20:09:25 Quest 'r1m4_TalkWithOldTraderAboutSecondDisk' can be given now
I       QuestState.cpp[0904]24/09 20:09:25 Quest 'q_FindHusbent' can be given now
I       QuestState.cpp[0904]24/09 20:09:25 Quest 'RybakToOlm_Quest' can be given now
I       QuestState.cpp[0904]24/09 20:09:25 Quest 'AnanagaTech_Quest' can be given now
I       QuestState.cpp[0904]24/09 20:09:25 Quest 'MrShlyapa2_Quest' can be given now
I       QuestState.cpp[0904]24/09 20:09:25 Quest 'ToCordanToTikhomir_Quest' can be given now
I       QuestState.cpp[0904]24/09 20:09:25 Quest 'r1m3_BonnyAndKlideQuest' can be given now
I       QuestState.cpp[0904]24/09 20:09:25 Quest 'r1m3_ArchHelp' can be given now
I       QuestState.cpp[0904]24/09 20:09:25 Quest 'r1m3_CrazyManQuest' can be given now
I       QuestState.cpp[0904]24/09 20:09:25 Quest 'r1m3_OldTownOutsiderCar2_Quest' can be given now
I       QuestState.cpp[0904]24/09 20:09:25 Quest 'FightForPesht' can be given now
I       QuestState.cpp[0904]24/09 20:09:25 Quest 'd_RideAcrossBase_Quest' can be given now
I       QuestState.cpp[0904]24/09 20:09:25 Quest 'd_GiveMoneyToBase_Quest' can be given now
I       QuestState.cpp[0904]24/09 20:09:25 Quest 'd_GetBomb_Quest' can be given now
I       QuestState.cpp[0904]24/09 20:09:25 Quest 'd_IntrigaOfMerMinin_Quest' can be given now
I       QuestState.cpp[0904]24/09 20:09:25 Quest 'd_MoveFreelancersToOilMine_Quest' can be given now
I       QuestState.cpp[0904]24/09 20:09:25 Quest 'd_MoveCanistraToMinin_Quest' can be given now
I       QuestState.cpp[0904]24/09 20:09:25 Quest 'd_OpenTunel_Quest' can be given now
I       QuestState.cpp[0904]24/09 20:09:25 Quest 'r1m3_TalkWithThiefFromFatherHouse' can be given now
I       QuestState.cpp[0904]24/09 20:09:25 Quest 'r1m3_MoveToOraculAfterThief' can be given now
I       QuestState.cpp[0904]24/09 20:09:25 Quest 'r1m3_ToLisaToAsgard' can be given now
I       QuestState.cpp[0904]24/09 20:09:25 Quest 'r1m3_TW_OralceAboutAlien' can be given now
I       QuestState.cpp[0904]24/09 20:09:25 Quest 'r1m3_DestroyRadiationSource' can be given now
I       QuestState.cpp[0904]24/09 20:09:25 Quest 'r2m1_DestroyAlienShip' can be given now
I       QuestState.cpp[0904]24/09 20:09:25 Quest 'd_PayWorkersMoney_Quest' can be given now
I       QuestState.cpp[0904]24/09 20:09:25 Quest 'r2m1_TW_SellsCivilian' can be given now
I       QuestState.cpp[0904]24/09 20:09:25 Quest 'MorskieVrata2_Quest' can be given now
I       QuestState.cpp[0904]24/09 20:09:25 Quest 'Zachisti1_Quest' can be given now
I       QuestState.cpp[0904]24/09 20:09:25 Quest 'LisaVPeshte' can be given now
I       QuestState.cpp[0904]24/09 20:09:25 Quest 'LisaUBena' can be given now
I       QuestState.cpp[0904]24/09 20:09:25 Quest 'WhereSigns_Quest' can be given now
I       QuestState.cpp[0904]24/09 20:09:25 Quest 'CombatInKollizey_Quest' can be given now
I       QuestState.cpp[0904]24/09 20:09:25 Quest 'BuyKollizey_Quest' can be given now
I       QuestState.cpp[0904]24/09 20:09:25 Quest 'Kollizey_Quest' can be given now
I       QuestState.cpp[0904]24/09 20:09:25 Quest 'HelpRuins_Quest' can be given now
I       QuestState.cpp[0904]24/09 20:09:25 Quest 'DestroyRuins_Quest' can be given now
I       QuestState.cpp[0904]24/09 20:09:25 Quest 'DestroyRuins2_Quest' can be given now
I       QuestState.cpp[0904]24/09 20:09:25 Quest 'Signs_Quest' can be given now
I       QuestState.cpp[0904]24/09 20:09:25 Quest 'MrShlyapa1_Quest' can be given now
I       QuestState.cpp[0904]24/09 20:09:25 Quest 'FindBen2_Quest' can be given now
I       QuestState.cpp[0904]24/09 20:09:25 Quest 'd_FindHouseOfBen_Quest' can be given now
I       QuestState.cpp[0904]24/09 20:09:25 Quest 'r1m2_TW_BanAboutAlien' can be given now
I       QuestState.cpp[0904]24/09 20:09:25 Quest 'r1m3_DestroyOracle' can be given now
I       QuestState.cpp[0904]24/09 20:09:25 Quest 'Pomiritsa_Quest' can be given now
I       QuestState.cpp[0904]24/09 20:09:25 Quest 'VYar_Quest' can be given now
I       QuestState.cpp[0904]24/09 20:09:25 Quest 'FindBenMZ_Quest' can be given now
I       QuestState.cpp[0904]24/09 20:09:25 Quest 'QuickFindBen' can be given now
I       QuestState.cpp[0904]24/09 20:09:25 Quest 'OpenMid_Quest' can be given now
I       QuestState.cpp[0904]24/09 20:09:25 Quest 'TalkBeforeDesert' can be given now
I       QuestState.cpp[0904]24/09 20:09:25 Quest 'ZashitaGotova' can be given now
I       QuestState.cpp[0904]24/09 20:09:25 Quest 'FakeQuest1' can be given now
I       QuestState.cpp[0904]24/09 20:09:25 Quest 'Chehly_Quest' can be given now
I       QuestState.cpp[0904]24/09 20:09:25 Quest 'WorkGiver_Quest1' can be given now
I       QuestState.cpp[0904]24/09 20:09:25 Quest 'd_PunishBandits_Quest' can be given now
I       QuestState.cpp[0904]24/09 20:09:25 Quest 'r1m1_Hospital_Quest' can be given now
I       QuestState.cpp[0904]24/09 20:09:25 Quest 'r1m1_Botanik_Quest' can be given now
I       QuestState.cpp[0904]24/09 20:09:25 Quest 'r1m1_FindBotanik_Quest' can be given now
I       QuestState.cpp[0904]24/09 20:09:25 Quest 'Buyer_Quest1' can be given now
I       QuestState.cpp[0904]24/09 20:09:25 Quest 'FirstTimePlay' can be given now
I       QuestState.cpp[0904]24/09 20:09:25 Quest 'TalkWithFather_Quest' can be given now
I       QuestState.cpp[0904]24/09 20:09:25 Quest 'LisaAtSouth' can be given now
I       QuestState.cpp[0904]24/09 20:09:25 Quest 'FindBen_Quest' can be given now
I       QuestState.cpp[0904]24/09 20:09:25 Quest 'FindBenAgain_Quest' can be given now
I       QuestState.cpp[0904]24/09 20:09:25 Quest 'd_SinFather_Quest' can be given now
I       QuestState.cpp[0904]24/09 20:09:25 Quest 'TalkToVasily' can be given now
I       QuestState.cpp[0904]24/09 20:09:25 Quest 'CheckTheEast' can be given now
I       QuestState.cpp[0904]24/09 20:09:25 Quest 'BenSouth_Quest' can be given now
I           server.cpp[0826]24/09 20:09:25 	AI: QuestStates loaded
I           server.cpp[0828]24/09 20:09:25 	AI: Loading DynamicScene
I     DynamicScene.cpp[1470]24/09 20:09:25 		 Scene loading begin
I     DynamicScene.cpp[1472]24/09 20:09:25 		 Scene loading end
I           server.cpp[0837]24/09 20:09:25 	AI: DynamicScene loaded
I           server.cpp[0852]24/09 20:09:25 	AI: Loading Triggers
I           server.cpp[0855]24/09 20:09:25 	AI: Triggers loaded
I           server.cpp[0857]24/09 20:09:25 	AI: Loading Object Names
I           server.cpp[0868]24/09 20:09:25 	AI: Initing Player
I           server.cpp[0888]24/09 20:09:25 		Before first Update
I DynamicQuestManager.cpp[0089]24/09 20:09:25 DynamicQuestHunt id = 5200 prototype = 'dynamicQuestHunt' created
I DynamicQuestManager.cpp[0090]24/09 20:09:25 targetName = 'MyCar', hirerName = 'TheTown', reward = 110
E              Gun.cpp[0866]24/09 20:09:25 Error: LoadPoint not found: LP_GUN for MinePusher id = 5215 prototype = 'minePusher', modelName = minoYkladchiK
E              Gun.cpp[0866]24/09 20:09:25 Error: LoadPoint not found: LP_GUN for MinePusher id = 5216 prototype = 'minePusher', modelName = minoYkladchiK
E              Gun.cpp[0866]24/09 20:09:25 Error: LoadPoint not found: LP_GUN for MinePusher id = 5221 prototype = 'minePusher', modelName = minoYkladchiK
E              Gun.cpp[0866]24/09 20:09:25 Error: LoadPoint not found: LP_GUN for MinePusher id = 5222 prototype = 'minePusher', modelName = minoYkladchiK
E              Gun.cpp[0866]24/09 20:09:25 Error: LoadPoint not found: LP_GUN for MinePusher id = 5223 prototype = 'minePusher', modelName = minoYkladchiK
E              Gun.cpp[0866]24/09 20:09:25 Error: LoadPoint not found: LP_GUN for MinePusher id = 5224 prototype = 'minePusher', modelName = minoYkladchiK
E              Gun.cpp[0866]24/09 20:09:25 Error: LoadPoint not found: LP_GUN for MinePusher id = 5225 prototype = 'minePusher', modelName = minoYkladchiK
E              Gun.cpp[0866]24/09 20:09:25 Error: LoadPoint not found: LP_GUN for MinePusher id = 5226 prototype = 'minePusher', modelName = minoYkladchiK
E              Gun.cpp[0866]24/09 20:09:25 Error: LoadPoint not found: LP_GUN for MinePusher id = 5227 prototype = 'minePusher', modelName = minoYkladchiK
E              Gun.cpp[0866]24/09 20:09:25 Error: LoadPoint not found: LP_GUN for MinePusher id = 5228 prototype = 'minePusher', modelName = minoYkladchiK
E              Gun.cpp[0866]24/09 20:09:25 Error: LoadPoint not found: LP_GUN for MinePusher id = 5229 prototype = 'minePusher', modelName = minoYkladchiK
E              Gun.cpp[0866]24/09 20:09:25 Error: LoadPoint not found: LP_GUN for MinePusher id = 5230 prototype = 'minePusher', modelName = minoYkladchiK
I DynamicQuestManager.cpp[0089]24/09 20:09:25 DynamicQuestDestroy id = 5231 prototype = 'dynamicQuestDestroy' created
I DynamicQuestManager.cpp[0090]24/09 20:09:25 targetName = 'u4', hirerName = 'TheOilVillage', reward = 413
I DynamicQuestManager.cpp[0089]24/09 20:09:25 DynamicQuestHunt id = 5244 prototype = 'dynamicQuestHunt' created
I DynamicQuestManager.cpp[0090]24/09 20:09:25 targetName = 'MyCar', hirerName = 'TheFreedom', reward = 110
I DynamicQuestManager.cpp[0089]24/09 20:09:25 DynamicQuestHunt id = 5251 prototype = 'dynamicQuestHunt' created
I DynamicQuestManager.cpp[0090]24/09 20:09:25 targetName = 'MyCar', hirerName = 'PetrolStationTown3', reward = 110
I DynamicQuestManager.cpp[0089]24/09 20:09:25 DynamicQuestReach id = 5252 prototype = 'dynamicQuestReach' created
I DynamicQuestManager.cpp[0090]24/09 20:09:25 targetName = 'PetrolStationTown1', hirerName = 'PetrolStationTown2', reward = 250
I   TruxxUiManager.cpp[1422]24/09 20:09:25 Game mode changed. Old mode = 0, new mode = 1
E          Vehicle.cpp[5160]24/09 20:09:25 Error: LoadPoint not found: LP_SSP03L for model 'dozerChassis'
I           server.cpp[0909]24/09 20:09:25 		After first Update
I           server.cpp[0911]24/09 20:09:25 AI: Finished Loading Server
I           view32.cpp[1106]24/09 20:09:25 Load server end
I        QuestInfo.cpp[0847]24/09 20:09:25 Quest infos were loaded successfully from file data\if\diz\QuestInfoGlobal.xml
I        QuestInfo.cpp[0783]24/09 20:09:25 QuestInfo manager was inited successfully
I    GameUiManager.cpp[0303]24/09 20:09:25 Interface: is initializing...
I    GameUiManager.cpp[0395]24/09 20:09:25 Interface: is inited successfully
I     GlobalMapWnd.cpp[0157]24/09 20:09:25 Make control error: control mainmenu_ico is not found or incorrect type
I     GlobalMapWnd.cpp[0157]24/09 20:09:25 Make control error: control r1m8_ico is not found or incorrect type
I     GlobalMapWnd.cpp[0157]24/09 20:09:25 Make control error: control r1m7_ico is not found or incorrect type
I     GlobalMapWnd.cpp[0157]24/09 20:09:25 Make control error: control r4m0_ico is not found or incorrect type
I     GlobalMapWnd.cpp[0157]24/09 20:09:25 Make control error: control r9m1_ico is not found or incorrect type
I     GlobalMapWnd.cpp[0203]24/09 20:09:25 GlobalMapWnd: error - fail to init because of a bad resource
I        FadingMsg.cpp[0199]24/09 20:09:25 Fading message: 'Нажмите гудок (%1m) для въезда в город'
I blockMusicManager.cpp[0185]24/09 20:09:25 BlockMusicManager: start playing new music: blockNum = 0, musicType = 0, name = 'block0_driving'
I   triggeratgrolikend[0011]24/09 20:09:26 KRAYCITY ADDON IS NOT INSTALLED.
I   TruxxUiManager.cpp[1422]24/09 20:09:29 Game mode changed. Old mode = 1, new mode = 0
I   TruxxUiManager.cpp[1422]24/09 20:09:29 Game mode changed. Old mode = 0, new mode = 0
I   TruxxUiManager.cpp[1422]24/09 20:09:30 Game mode changed. Old mode = 0, new mode = 1
I   TruxxUiManager.cpp[1422]24/09 20:09:30 Game mode changed. Old mode = 1, new mode = 1
I   TruxxUiManager.cpp[1422]24/09 20:09:30 Game mode changed. Old mode = 1, new mode = 1
I   TruxxUiManager.cpp[1422]24/09 20:09:30 Game mode changed. Old mode = 1, new mode = 1
I   TruxxUiManager.cpp[1422]24/09 20:09:30 Game mode changed. Old mode = 1, new mode = 1
I   TruxxUiManager.cpp[1422]24/09 20:09:30 Game mode changed. Old mode = 1, new mode = 1
I   TruxxUiManager.cpp[1422]24/09 20:09:30 Game mode changed. Old mode = 1, new mode = 1
I   TruxxUiManager.cpp[1422]24/09 20:09:30 Game mode changed. Old mode = 1, new mode = 1
I   TruxxUiManager.cpp[1422]24/09 20:09:30 Game mode changed. Old mode = 1, new mode = 1
I   TruxxUiManager.cpp[1422]24/09 20:09:30 Game mode changed. Old mode = 1, new mode = 1
I   TruxxUiManager.cpp[1422]24/09 20:09:30 Game mode changed. Old mode = 1, new mode = 1
I   TruxxUiManager.cpp[1422]24/09 20:09:30 Game mode changed. Old mode = 1, new mode = 1
I   TruxxUiManager.cpp[1422]24/09 20:09:30 Game mode changed. Old mode = 1, new mode = 1
I   TruxxUiManager.cpp[1422]24/09 20:09:30 Game mode changed. Old mode = 1, new mode = 1
I   TruxxUiManager.cpp[1422]24/09 20:09:30 Game mode changed. Old mode = 1, new mode = 1
I   TruxxUiManager.cpp[1422]24/09 20:09:30 Game mode changed. Old mode = 1, new mode = 1
I   TruxxUiManager.cpp[1422]24/09 20:09:30 Game mode changed. Old mode = 1, new mode = 1
I   TruxxUiManager.cpp[1422]24/09 20:09:30 Game mode changed. Old mode = 1, new mode = 1
I       QuestState.cpp[0881]24/09 20:09:30 Quest 'Buyer_Quest1' is taken
I       QuestState.cpp[0956]24/09 20:09:30 	Recalc begin...
I       QuestState.cpp[1004]24/09 20:09:30 	Recalc end...
I        FadingMsg.cpp[0199]24/09 20:09:30 Fading message: 'Вы получили новое задание.'
I        FadingMsg.cpp[0199]24/09 20:09:30 Fading message: 'Новая запись в дневнике.'
I   TruxxUiManager.cpp[1422]24/09 20:09:31 Game mode changed. Old mode = 1, new mode = 0
I blockMusicManager.cpp[0199]24/09 20:09:31 BlockMusicManager: resetting
I blockMusicManager.cpp[0185]24/09 20:09:31 BlockMusicManager: start playing new music: blockNum = 1, musicType = 0, name = 'block1_driving'
I        FadingMsg.cpp[0199]24/09 20:09:34 Fading message: 'Мистер Шляпа включен.'
I        FadingMsg.cpp[0199]24/09 20:09:34 Fading message: 'Нажмите гудок (%1m) для въезда в город'
I        SplashWnd.cpp[0244]24/09 20:09:42 Start splashing 11
I   TruxxUiManager.cpp[1422]24/09 20:09:42 Game mode changed. Old mode = 0, new mode = 0
I    GameUiManager.cpp[0405]24/09 20:09:42 Interface: is clearing...
I    GameUiManager.cpp[0495]24/09 20:09:42 Interface: is cleared successfully
I           view32.cpp[1048]24/09 20:09:42 -- Loading Level: data\maps\r8m1.ssl --
I            world.cpp[0132]24/09 20:09:42 ----------------------- World Loading
F        landscape.cpp[1674]24/09 20:09:42  +- Enter function: Landscape::Load()
I        landscape.cpp[1911]24/09 20:09:42  |  ----------------------- Normal map loaded in: 1
I        landscape.cpp[1920]24/09 20:09:42  |  ----------------------- Tiles loaded in: 16
I        landscape.cpp[1944]24/09 20:09:42  |  ----------------------- ShoreLine loaded in: 0
F        landscape.cpp[1944]24/09 20:09:42  +- Exit function: Landscape::Load()
I            world.cpp[0169]24/09 20:09:42 ----------------------- Landscape loaded in: 71
I       DataServer.cpp[0587]24/09 20:09:42 Loading Servers: data\maps\r8m1\servers.xml
E       DraftModel.cpp[1002]24/09 20:09:42 Error: Couldn't load texture data\models\vehicles\belaz\cab01_mt.dds for model cargov1.gam
E       DraftModel.cpp[1002]24/09 20:09:42 Error: Couldn't load texture data\models\vehicles\belaz\cab01_mt.dds for model cargov1.gam
E       DraftModel.cpp[1002]24/09 20:09:42 Error: Couldn't load texture data\models\vehicles\belaz\cab01_mt.dds for model cargov1.gam
E       DraftModel.cpp[1002]24/09 20:09:42 Error: Couldn't load texture data\models\vehicles\belaz\cab01_mt.dds for model cargov1.gam
E serverAnimatedModel.cpp[0627]24/09 20:09:43 ServerAnimatedModels: cannot read file: file:data\models\AnimModels.xml id = exit
E serverAnimatedModel.cpp[0627]24/09 20:09:43 ServerAnimatedModels: cannot read file: file:data\models\AnimModels.xml id = dweller
E serverAnimatedModel.cpp[0627]24/09 20:09:43 ServerAnimatedModels: cannot read file: file:data\models\AnimModels.xml id = dweller2
E serverAnimatedModel.cpp[0627]24/09 20:09:43 ServerAnimatedModels: cannot read file: file:data\models\AnimModels.xml id = dweller3
E serverAnimatedModel.cpp[0627]24/09 20:09:43 ServerAnimatedModels: cannot read file: file:data\models\AnimModels.xml id = brick_debris1
E serverAnimatedModel.cpp[0627]24/09 20:09:43 ServerAnimatedModels: cannot read file: file:data\models\AnimModels.xml id = bottles
E serverAnimatedModel.cpp[0627]24/09 20:09:43 ServerAnimatedModels: cannot read file: file:data\models\AnimModels.xml id = kanistr
E serverAnimatedModel.cpp[0627]24/09 20:09:43 ServerAnimatedModels: cannot read file: file:data\models\AnimModels.xml id = dragon01
E serverAnimatedModel.cpp[0627]24/09 20:09:43 ServerAnimatedModels: cannot read file: file:data\models\AnimModels.xml id = dragon01gun
E serverAnimatedModel.cpp[0627]24/09 20:09:43 ServerAnimatedModels: cannot read file: file:data\models\AnimModels.xml id = octopus01
E serverAnimatedModel.cpp[0627]24/09 20:09:43 ServerAnimatedModels: cannot read file: file:data\models\AnimModels.xml id = octopus01gun
E serverAnimatedModel.cpp[0627]24/09 20:09:43 ServerAnimatedModels: cannot read file: file:data\models\AnimModels.xml id = kord01
E serverAnimatedModel.cpp[0627]24/09 20:09:43 ServerAnimatedModels: cannot read file: file:data\models\AnimModels.xml id = kord01gun
E serverAnimatedModel.cpp[0627]24/09 20:09:43 ServerAnimatedModels: cannot read file: file:data\models\AnimModels.xml id = vulcan01
E serverAnimatedModel.cpp[0627]24/09 20:09:43 ServerAnimatedModels: cannot read file: file:data\models\AnimModels.xml id = vulcan01gun
E serverAnimatedModel.cpp[0627]24/09 20:09:43 ServerAnimatedModels: cannot read file: file:data\models\AnimModels.xml id = rainmetal01
E serverAnimatedModel.cpp[0627]24/09 20:09:43 ServerAnimatedModels: cannot read file: file:data\models\AnimModels.xml id = rainmetal01gun
E serverAnimatedModel.cpp[0627]24/09 20:09:43 ServerAnimatedModels: cannot read file: file:data\models\AnimModels.xml id = kpvt01
E serverAnimatedModel.cpp[0627]24/09 20:09:43 ServerAnimatedModels: cannot read file: file:data\models\AnimModels.xml id = kpvt01gun
E serverAnimatedModel.cpp[0627]24/09 20:09:43 ServerAnimatedModels: cannot read file: file:data\models\AnimModels.xml id = hunterCab01
E serverAnimatedModel.cpp[0627]24/09 20:09:43 ServerAnimatedModels: cannot read file: file:data\models\AnimModels.xml id = hunterCab02
E serverAnimatedModel.cpp[0627]24/09 20:09:43 ServerAnimatedModels: cannot read file: file:data\models\AnimModels.xml id = hunterWheel01r
E serverAnimatedModel.cpp[0627]24/09 20:09:43 ServerAnimatedModels: cannot read file: file:data\models\AnimModels.xml id = heavy_dot_brocken1
E serverAnimatedModel.cpp[0627]24/09 20:09:43 ServerAnimatedModels: cannot read file: file:data\models\AnimModels.xml id = heavy_dot_brocken2
E serverAnimatedModel.cpp[0627]24/09 20:09:43 ServerAnimatedModels: cannot read file: file:data\models\AnimModels.xml id = heavy_dot_brocken3
E serverAnimatedModel.cpp[0627]24/09 20:09:43 ServerAnimatedModels: cannot read file: file:data\models\AnimModels.xml id = heavy_dot_brocken4
E serverAnimatedModel.cpp[0627]24/09 20:09:43 ServerAnimatedModels: cannot read file: file:data\models\AnimModels.xml id = brick_dots_brocken1
I serverAnimatedModel.cpp[0630]24/09 20:09:43 ### Total time: 1343, GAM time: 891
I       DataServer.cpp[0587]24/09 20:09:43 Loading Servers: data\models\commonservers.xml
E      serverMusic.cpp[0216]24/09 20:09:43 MusicServer: cannot read file: data\music\music.xml id = 'LaBelleTown'
E      serverMusic.cpp[0216]24/09 20:09:43 MusicServer: cannot read file: data\music\music.xml id = 'block6_driving2'
I            world.cpp[0210]24/09 20:09:44 ----------------------- Servers loaded in: 1623
I            world.cpp[0338]24/09 20:09:44 LoadWorld begin...
I            world.cpp[0350]24/09 20:09:44 %%%% read/parse xml: 122
I            world.cpp[0362]24/09 20:09:44 %%%% read from xml: 205
I            world.cpp[0444]24/09 20:09:44 %%%% link nodes: 248
I            world.cpp[0220]24/09 20:09:44 ----------------------- Nodes loaded in: 580
I            world.cpp[0228]24/09 20:09:44 ----------------------- Prefabs loaded in: 1
I            world.cpp[0247]24/09 20:09:44 ----------------------- World loaded in: 2427
E        GamParser.cpp[0399]24/09 20:09:44 AnimatedModel::LoadGAM -- cannot open file data\models\roads\road_small_highway\small_highway_end.gam-
I      roadManager.cpp[0139]24/09 20:09:44 RoadManager error( model not loaded ): data\models\roads\road_small_highway\small_highway_end.gam-
I            world.cpp[0278]24/09 20:09:45 ----------------------- Roads loaded in: 410
I           view32.cpp[1078]24/09 20:09:45 Load Server begin...
I    GameUiManager.cpp[1603]24/09 20:09:45 Interface: loading resources ...
I   TruxxUiManager.cpp[0974]24/09 20:09:45 Interface: is loaded successfully
I           server.cpp[0789]24/09 20:09:45 AI: Loading Server...
I           server.cpp[0796]24/09 20:09:45 	AI: Loading Relationship
I     Relationship.cpp[0134]24/09 20:09:45 		 File readed
I           server.cpp[0801]24/09 20:09:45 	AI: Loading SoilProps
I           server.cpp[0804]24/09 20:09:45 	AI: Loading ExternalPaths
I           server.cpp[0807]24/09 20:09:45 	AI: Loading PlayerPassMap
I           server.cpp[0813]24/09 20:09:45 	AI: Loading GameObjects
I           server.cpp[0816]24/09 20:09:45 	AI: Initializing VehicleGeneratorInfoCache
I           server.cpp[0820]24/09 20:09:45 	AI: Refreshing GameObjects
E      VehiclePart.cpp[0138]24/09 20:09:45 Error: collision geom in vehicle part name = 'heavy_dot1' is not BOX
I           server.cpp[0824]24/09 20:09:45 	AI: Loading QuestStates
I       QuestState.cpp[0904]24/09 20:09:45 Quest 'Human1_Quest1' can be given now
I       QuestState.cpp[0904]24/09 20:09:45 Quest 'Human1_Quest2' can be given now
I       QuestState.cpp[0904]24/09 20:09:45 Quest 'BenGoodEnd' can be given now
I       QuestState.cpp[0904]24/09 20:09:45 Quest 'q_PlaceWithSign' can be given now
I       QuestState.cpp[0904]24/09 20:09:45 Quest 'r3m2_OracleMemory' can be given now
I       QuestState.cpp[0904]24/09 20:09:45 Quest 'r3m2_TalkWithLisa' can be given now
I       QuestState.cpp[0904]24/09 20:09:45 Quest 'r3m2_TalkWithBenAboutCarAfterOracul' can be given now
I       QuestState.cpp[0904]24/09 20:09:45 Quest 'r3m2_FindInfoAboutFather' can be given now
I       QuestState.cpp[0904]24/09 20:09:45 Quest 'r3m1_LureMainDriud' can be given now
I       QuestState.cpp[0904]24/09 20:09:45 Quest 'r3m1_ClearSanctuary' can be given now
I       QuestState.cpp[0904]24/09 20:09:45 Quest 'r3m1_KnowAboutUluk' can be given now
I       QuestState.cpp[0904]24/09 20:09:45 Quest 'r3m1_RescueUlukCivil' can be given now
I       QuestState.cpp[0904]24/09 20:09:45 Quest 'q_VisitDruid' can be given now
I       QuestState.cpp[0904]24/09 20:09:45 Quest 'r2m2_Znaki2_Quest' can be given now
I       QuestState.cpp[0904]24/09 20:09:45 Quest 'r2m2_HeadsHunterQuest' can be given now
I       QuestState.cpp[0904]24/09 20:09:45 Quest 'r2m2_OldDvigatel1_Quest' can be given now
I       QuestState.cpp[0904]24/09 20:09:45 Quest 'r2m2_OldDvigatel2_Quest' can be given now
I       QuestState.cpp[0904]24/09 20:09:45 Quest 'r2m2_FightFelix' can be given now
I       QuestState.cpp[0904]24/09 20:09:45 Quest 'r2m2_ReturnToMarecciaFromCastle' can be given now
I       QuestState.cpp[0904]24/09 20:09:45 Quest 'r2m2_FightWithAxelInArena_Quest' can be given now
I       QuestState.cpp[0904]24/09 20:09:45 Quest 'r2m2_FindLisAfterAxelAndFatherDie_Quest' can be given now
I       QuestState.cpp[0904]24/09 20:09:45 Quest 'r2m2_ToLisaToMonastir' can be given now
I       QuestState.cpp[0904]24/09 20:09:45 Quest 'r2m2_FightLisaToMonastir' can be given now
I       QuestState.cpp[0904]24/09 20:09:45 Quest 'r2m2_GiveDisk2ToOrakul' can be given now
I       QuestState.cpp[0904]24/09 20:09:45 Quest 'MrShlyapa3_Quest' can be given now
I       QuestState.cpp[0904]24/09 20:09:45 Quest 'r2m1_ArtAntipod_Quest' can be given now
I       QuestState.cpp[0904]24/09 20:09:45 Quest 'r2m1_TakeNarcotics_Quest' can be given now
I       QuestState.cpp[0904]24/09 20:09:45 Quest 'r2m1_KillGodFather_Quest' can be given now
I       QuestState.cpp[0904]24/09 20:09:45 Quest 'MrShlyapaSecret' can be given now
I       QuestState.cpp[0904]24/09 20:09:45 Quest 'd_GetSupportOneOfTheBands2_Quest' can be given now
I       QuestState.cpp[0904]24/09 20:09:45 Quest 'd_GetSupportOneOfTheBands1_Quest' can be given now
I       QuestState.cpp[0904]24/09 20:09:45 Quest 'd_FindVerbInAR_Quest' can be given now
I       QuestState.cpp[0904]24/09 20:09:45 Quest 'd_FindVerbInSNG_Quest' can be given now
I       QuestState.cpp[0904]24/09 20:09:45 Quest 'd_PatrulSideSNG_Quest' can be given now
I       QuestState.cpp[0904]24/09 20:09:45 Quest 'd_TakeGeneralOfBandits_Quest' can be given now
I       QuestState.cpp[0904]24/09 20:09:45 Quest 'r2m1_TW_AlienInShip' can be given now
I       QuestState.cpp[0904]24/09 20:09:45 Quest 'Podderzhka_Quest' can be given now
I       QuestState.cpp[0904]24/09 20:09:45 Quest 'Zashita_Quest' can be given now
I       QuestState.cpp[0904]24/09 20:09:45 Quest 'preEretik_Quest' can be given now
I       QuestState.cpp[0904]24/09 20:09:45 Quest 'ReturnQuest' can be given now
I       QuestState.cpp[0904]24/09 20:09:45 Quest 'd_FindVerbInAM_Quest' can be given now
I       QuestState.cpp[0904]24/09 20:09:45 Quest 'OdettIsDead_Quest' can be given now
I       QuestState.cpp[0904]24/09 20:09:45 Quest 'Disk2OrakulLisa' can be given now
I       QuestState.cpp[0904]24/09 20:09:45 Quest 'FindGomerB_Quest1' can be given now
I       QuestState.cpp[0904]24/09 20:09:45 Quest 'FreeExtremistLeader_Quest1' can be given now
I       QuestState.cpp[0904]24/09 20:09:45 Quest 'KillExtremist_Quest1' can be given now
I       QuestState.cpp[0904]24/09 20:09:45 Quest 'r1m4_TalkWithOldTraderAboutSecondDisk' can be given now
I       QuestState.cpp[0904]24/09 20:09:45 Quest 'q_FindHusbent' can be given now
I       QuestState.cpp[0904]24/09 20:09:45 Quest 'RybakToOlm_Quest' can be given now
I       QuestState.cpp[0904]24/09 20:09:45 Quest 'AnanagaTech_Quest' can be given now
I       QuestState.cpp[0904]24/09 20:09:45 Quest 'MrShlyapa2_Quest' can be given now
I       QuestState.cpp[0904]24/09 20:09:45 Quest 'ToCordanToTikhomir_Quest' can be given now
I       QuestState.cpp[0904]24/09 20:09:45 Quest 'r1m3_BonnyAndKlideQuest' can be given now
I       QuestState.cpp[0904]24/09 20:09:45 Quest 'r1m3_ArchHelp' can be given now
I       QuestState.cpp[0904]24/09 20:09:45 Quest 'r1m3_CrazyManQuest' can be given now
I       QuestState.cpp[0904]24/09 20:09:45 Quest 'r1m3_OldTownOutsiderCar2_Quest' can be given now
I       QuestState.cpp[0904]24/09 20:09:45 Quest 'FightForPesht' can be given now
I       QuestState.cpp[0904]24/09 20:09:45 Quest 'd_RideAcrossBase_Quest' can be given now
I       QuestState.cpp[0904]24/09 20:09:45 Quest 'd_GiveMoneyToBase_Quest' can be given now
I       QuestState.cpp[0904]24/09 20:09:45 Quest 'd_GetBomb_Quest' can be given now
I       QuestState.cpp[0904]24/09 20:09:45 Quest 'd_IntrigaOfMerMinin_Quest' can be given now
I       QuestState.cpp[0904]24/09 20:09:45 Quest 'd_MoveFreelancersToOilMine_Quest' can be given now
I       QuestState.cpp[0904]24/09 20:09:45 Quest 'd_MoveCanistraToMinin_Quest' can be given now
I       QuestState.cpp[0904]24/09 20:09:45 Quest 'd_OpenTunel_Quest' can be given now
I       QuestState.cpp[0904]24/09 20:09:45 Quest 'r1m3_TalkWithThiefFromFatherHouse' can be given now
I       QuestState.cpp[0904]24/09 20:09:45 Quest 'r1m3_MoveToOraculAfterThief' can be given now
I       QuestState.cpp[0904]24/09 20:09:45 Quest 'r1m3_ToLisaToAsgard' can be given now
I       QuestState.cpp[0904]24/09 20:09:45 Quest 'r1m3_TW_OralceAboutAlien' can be given now
I       QuestState.cpp[0904]24/09 20:09:45 Quest 'r1m3_DestroyRadiationSource' can be given now
I       QuestState.cpp[0904]24/09 20:09:45 Quest 'r2m1_DestroyAlienShip' can be given now
I       QuestState.cpp[0904]24/09 20:09:45 Quest 'd_PayWorkersMoney_Quest' can be given now
I       QuestState.cpp[0904]24/09 20:09:45 Quest 'r2m1_TW_SellsCivilian' can be given now
I       QuestState.cpp[0904]24/09 20:09:45 Quest 'MorskieVrata2_Quest' can be given now
I       QuestState.cpp[0904]24/09 20:09:45 Quest 'Zachisti1_Quest' can be given now
I       QuestState.cpp[0904]24/09 20:09:45 Quest 'LisaVPeshte' can be given now
I       QuestState.cpp[0904]24/09 20:09:45 Quest 'LisaUBena' can be given now
I       QuestState.cpp[0904]24/09 20:09:45 Quest 'WhereSigns_Quest' can be given now
I       QuestState.cpp[0904]24/09 20:09:45 Quest 'CombatInKollizey_Quest' can be given now
I       QuestState.cpp[0904]24/09 20:09:45 Quest 'BuyKollizey_Quest' can be given now
I       QuestState.cpp[0904]24/09 20:09:45 Quest 'Kollizey_Quest' can be given now
I       QuestState.cpp[0904]24/09 20:09:45 Quest 'HelpRuins_Quest' can be given now
I       QuestState.cpp[0904]24/09 20:09:45 Quest 'DestroyRuins_Quest' can be given now
I       QuestState.cpp[0904]24/09 20:09:45 Quest 'DestroyRuins2_Quest' can be given now
I       QuestState.cpp[0904]24/09 20:09:45 Quest 'Signs_Quest' can be given now
I       QuestState.cpp[0904]24/09 20:09:45 Quest 'MrShlyapa1_Quest' can be given now
I       QuestState.cpp[0904]24/09 20:09:45 Quest 'FindBen2_Quest' can be given now
I       QuestState.cpp[0904]24/09 20:09:45 Quest 'd_FindHouseOfBen_Quest' can be given now
I       QuestState.cpp[0904]24/09 20:09:45 Quest 'r1m2_TW_BanAboutAlien' can be given now
I       QuestState.cpp[0904]24/09 20:09:45 Quest 'r1m3_DestroyOracle' can be given now
I       QuestState.cpp[0904]24/09 20:09:45 Quest 'Pomiritsa_Quest' can be given now
I       QuestState.cpp[0904]24/09 20:09:45 Quest 'VYar_Quest' can be given now
I       QuestState.cpp[0904]24/09 20:09:45 Quest 'FindBenMZ_Quest' can be given now
I       QuestState.cpp[0904]24/09 20:09:45 Quest 'QuickFindBen' can be given now
I       QuestState.cpp[0904]24/09 20:09:45 Quest 'OpenMid_Quest' can be given now
I       QuestState.cpp[0904]24/09 20:09:45 Quest 'TalkBeforeDesert' can be given now
I       QuestState.cpp[0904]24/09 20:09:45 Quest 'ZashitaGotova' can be given now
I       QuestState.cpp[0904]24/09 20:09:45 Quest 'FakeQuest1' can be given now
I       QuestState.cpp[0904]24/09 20:09:45 Quest 'Chehly_Quest' can be given now
I       QuestState.cpp[0904]24/09 20:09:45 Quest 'WorkGiver_Quest1' can be given now
I       QuestState.cpp[0904]24/09 20:09:45 Quest 'd_PunishBandits_Quest' can be given now
I       QuestState.cpp[0904]24/09 20:09:45 Quest 'r1m1_Hospital_Quest' can be given now
I       QuestState.cpp[0904]24/09 20:09:45 Quest 'r1m1_Botanik_Quest' can be given now
I       QuestState.cpp[0904]24/09 20:09:45 Quest 'r1m1_FindBotanik_Quest' can be given now
I       QuestState.cpp[0904]24/09 20:09:45 Quest 'Buyer_Quest1' can be given now
I       QuestState.cpp[0904]24/09 20:09:45 Quest 'FirstTimePlay' can be given now
I       QuestState.cpp[0904]24/09 20:09:45 Quest 'TalkWithFather_Quest' can be given now
I       QuestState.cpp[0904]24/09 20:09:45 Quest 'LisaAtSouth' can be given now
I       QuestState.cpp[0904]24/09 20:09:45 Quest 'FindBen_Quest' can be given now
I       QuestState.cpp[0904]24/09 20:09:45 Quest 'FindBenAgain_Quest' can be given now
I       QuestState.cpp[0904]24/09 20:09:45 Quest 'd_SinFather_Quest' can be given now
I       QuestState.cpp[0904]24/09 20:09:45 Quest 'TalkToVasily' can be given now
I       QuestState.cpp[0904]24/09 20:09:45 Quest 'CheckTheEast' can be given now
I       QuestState.cpp[0904]24/09 20:09:45 Quest 'BenSouth_Quest' can be given now
I           server.cpp[0826]24/09 20:09:45 	AI: QuestStates loaded
I           server.cpp[0828]24/09 20:09:45 	AI: Loading DynamicScene
I     DynamicScene.cpp[1470]24/09 20:09:45 		 Scene loading begin
E     DynamicScene.cpp[1589]24/09 20:09:45 Attempting to load object Mariupol_Workshop of prototype workshop, but an object with this name already exists!
