-==- -==- -==- -==- -==- -==- -==- -==- -==- -==- -==- -==- -==- -==- -==-
-==
-== Log category   : Unhandled exception info
-== Build          : ExMachina - release version release build v1.02 (Dec 21 2005 12:15:04)
-==
-== Exception      : 0xC0000005 at address 0x00660254
-== Exception type : ACCESS VIOLATION  read attempt to address 0x00000000 
-==
-==- -==- -==- -==- -==- -==- -==- -==- -==- -==- -==- -==- -==- -==- -==-

1: 01/03/23 05:41:33
1: Physical memory = 2047 MB
1: Total memory    = 4095 MB
1: Physical memory available      = 1384 MB
1: Total virtual memory           = 2047 MB
1: Total virtual memory available =  616 MB
1: Page file available            = 3458 MB

1: Data from MemoryManager:
1: mem used:            46049526
1: mem allocated:       67861229
1: mem overhead:         6067104
1: last allocation:            0
1: mem used by sound:   68821823


1:   0     m3d::WeatherManager::UpdateWheatherParticles +68 bytes
1:     Decl: m3d::WeatherManager::UpdateWheatherParticles
1:     Line: e:\builders\exmachina\tmpbuilddir5084\truxx\engine\weather\weathermanager.cpp(756) +18 bytes
1:     Mod:  hta, base: 00400000h

1:   1     m3d::CWorld::Update +88 bytes
1:     Decl: m3d::CWorld::Update
1:     Line: e:\builders\exmachina\tmpbuilddir5084\truxx\engine\world.cpp(500) +0 bytes
1:     Mod:  hta, base: 00400000h

1:   2     m3d::CClient::Update +28 bytes
1:     Decl: m3d::CClient::Update
1:     Line: e:\builders\exmachina\tmpbuilddir5084\truxx\engine\client.cpp(243) +0 bytes
1:     Mod:  hta, base: 00400000h

1:   3     CMiracle3d::FrameMove +495 bytes
1:     Decl: CMiracle3d::FrameMove
1:     Line: e:\builders\exmachina\tmpbuilddir5084\truxx\game\view32.cpp(399) +0 bytes
1:     Mod:  hta, base: 00400000h

1:   4     m3d::Application::OneFrame +273 bytes
1:     Decl: m3d::Application::OneFrame
1:     Line: e:\builders\exmachina\tmpbuilddir5084\truxx\engine\m3dapp.cpp(745) +0 bytes
1:     Mod:  hta, base: 00400000h

1:   5     m3d::Application::run +173 bytes
1:     Decl: m3d::Application::run
1:     Line: e:\builders\exmachina\tmpbuilddir5084\truxx\engine\m3dapp.cpp(663) +13 bytes
1:     Mod:  hta, base: 00400000h

1:   6     WinMain +235 bytes
1:     Decl: WinMain
1:     Line: e:\builders\exmachina\tmpbuilddir5084\truxx\game\view32.cpp(117) +0 bytes
1:     Mod:  hta, base: 00400000h

1:   7     WinMainCRTStartup +389 bytes
1:     Decl: WinMainCRTStartup
1:     Line: f:\vs70builds\3077\vc\crtbld\crt\src\crtexe.c(390) +27 bytes
1:     Mod:  hta, base: 00400000h

1:   8     BaseThreadInitThunk +18 bytes
1:     Decl: BaseThreadInitThunk
1:     Mod:  kernel32, base: 75200000h

1:   9     RtlInitializeExceptionChain +239 bytes
1:     Decl: RtlInitializeExceptionChain
1:     Mod:  ntdll, base: 770e0000h

1:  10     RtlInitializeExceptionChain +194 bytes
1:     Decl: RtlInitializeExceptionChain
1:     Mod:  ntdll, base: 770e0000h


Registers:
	CS:EIP 0x001B:00660254
	SS:ESP 0x0023:039C4714
	DS:EDI 0x0023:39CEE9D8
	ES:ESI 0x0023:3995003C
	   EAX        52A0298C
	   EBX        0000768D
	   ECX        00000000
	   EDX        00000000

