---------------------------------------------- Log begins on Sun Aug 10 01:18:05 2025 ----------------------------------------------
I           m3dapp.cpp[0088]10/08 01:18:05 Starting up...
I           m3dapp.cpp[1498]10/08 01:18:05 ExMachina - release version release build v1.02 (Dec 21 2005 12:15:10)
I      Stackwalker.cpp[0608]10/08 01:18:05 Stackwalker: log file name will be 'd:/games/ex machina mods/exmachina gm.mod sdk new/exceptions/hta.exe0002.log'
I      Stackwalker.cpp[0609]10/08 01:18:05 Stackwalker: dump file name will be 'd:/games/ex machina mods/exmachina gm.mod sdk new/exceptions/hta.exe0002.dmp'
I      Stackwalker.cpp[0610]10/08 01:18:05 Stackwalker: game log file name will be 'd:/games/ex machina mods/exmachina gm.mod sdk new/exceptions/hta.exe0002_game.log'
I           m3dapp.cpp[1391]10/08 01:18:05 Path: D:\Games\EX Machina Mods\ExMachina GM.mod SDK new
I           m3dapp.cpp[1392]10/08 01:18:05 Exe: D:\Games\EX Machina Mods\ExMachina GM.mod SDK new\hta.exe
I           m3dapp.cpp[1401]10/08 01:18:05 Windows version: 6.1.7601
I           m3dapp.cpp[1410]10/08 01:18:05 Computer name: RIVER-PC
I           m3dapp.cpp[1430]10/08 01:18:05 Cpu: GenuineIntel
I           m3dapp.cpp[1434]10/08 01:18:05 Cpu clock: ~1596
I           m3dapp.cpp[1459]10/08 01:18:05 Processor is mmx able
I           m3dapp.cpp[1470]10/08 01:18:05 Physical memory: 2047 MB
I           m3dapp.cpp[1471]10/08 01:18:05 Total memory:    4095 MB
I           m3dapp.cpp[1472]10/08 01:18:05 Physical memory available: 1552 MB
I           m3dapp.cpp[1473]10/08 01:18:05 Total memory available:    1914 MB
I           m3dapp.cpp[2846]10/08 01:18:05 SetCodepage -- using codepage 1251 '1251  (ANSI - кириллица)'
I           m3dapp.cpp[2154]10/08 01:18:05 NOTE! renderer is bind to dxrender9.dll
I           m3dapp.cpp[1336]10/08 01:18:05 d3d: Given device behavior: 80
I           m3dapp.cpp[1336]10/08 01:18:05 d3d: Confirmed device behavior: 80
I           m3dapp.cpp[1336]10/08 01:18:05 d3d: Description: Intel(R) HD Graphics Family
I           m3dapp.cpp[1336]10/08 01:18:05 d3d: Driver:      igdumdx32.dll
I           m3dapp.cpp[1336]10/08 01:18:05 d3d: VendorId:    0x8086
I           m3dapp.cpp[1336]10/08 01:18:05 d3d: DeviceId:    0x106
I           m3dapp.cpp[1336]10/08 01:18:05 d3d: SubSysId:    0x3672103c
I           m3dapp.cpp[1336]10/08 01:18:05 d3d: Revision:    9
I           m3dapp.cpp[1336]10/08 01:18:05 d3d: Driver version info:
I           m3dapp.cpp[1336]10/08 01:18:05 d3d:   Product:    8
I           m3dapp.cpp[1336]10/08 01:18:05 d3d:   Version:    15
I           m3dapp.cpp[1336]10/08 01:18:05 d3d:   SubVersion: 10
I           m3dapp.cpp[1336]10/08 01:18:05 d3d:   Build:      2622
I           m3dapp.cpp[1336]10/08 01:18:05 d3d: WHQLLevel:    0
I           m3dapp.cpp[1336]10/08 01:18:05 d3d: Texture max size: 8192x8192
I           m3dapp.cpp[1336]10/08 01:18:05 d3d: Guard band: (-8192.000,-8192.000,8192.000,8192.000)
I           m3dapp.cpp[1336]10/08 01:18:05 d3d: MaxTextureBlendStages: 8
I           m3dapp.cpp[1336]10/08 01:18:05 d3d: MaxSimultaneousTextures: 8
I           m3dapp.cpp[1336]10/08 01:18:05 d3d: MaxActiveLights: 10
I           m3dapp.cpp[1336]10/08 01:18:05 d3d: MaxUserClipPlanes: 6
I           m3dapp.cpp[1336]10/08 01:18:05 d3d: VertexShaderVersion: 0xfffe0300
I           m3dapp.cpp[1336]10/08 01:18:05 d3d: PixelShaderVersion: 0xffff0300
I           m3dapp.cpp[1336]10/08 01:18:05 d3d: Geometry instancing: supported
I           m3dapp.cpp[1336]10/08 01:18:05 d3d: Depth bias supported: yes
I           m3dapp.cpp[1336]10/08 01:18:05 d3d: Slope-scale based depth bias supported: yes
I           m3dapp.cpp[1336]10/08 01:18:05 d3d: HwRasterization: true
I           m3dapp.cpp[1336]10/08 01:18:05 d3d: HwTnL: true
I           m3dapp.cpp[1336]10/08 01:18:05 d3d: PureDevice: true
I           m3dapp.cpp[1336]10/08 01:18:05 d3d: CubeMap: true
I           m3dapp.cpp[1336]10/08 01:18:05 d3d: VolumeMap: true
I           m3dapp.cpp[1336]10/08 01:18:05 d3d: TextureAddressCaps:
I           m3dapp.cpp[1336]10/08 01:18:05 d3d: 	wrap: true
I           m3dapp.cpp[1336]10/08 01:18:05 d3d: 	clamp: true
I           m3dapp.cpp[1336]10/08 01:18:05 d3d: 	border: true
I           m3dapp.cpp[1336]10/08 01:18:05 d3d: Projective textures: true
I           m3dapp.cpp[1336]10/08 01:18:05 d3d: MaxPointSize: 256.000
I           m3dapp.cpp[1336]10/08 01:18:05 d3d: MaxPrimitiveCount: 1048575
I           m3dapp.cpp[1336]10/08 01:18:05 d3d: MaxVertexIndex: 16777215
I           m3dapp.cpp[1336]10/08 01:18:05 d3d: MaxStreams: 16
I           m3dapp.cpp[1336]10/08 01:18:05 d3d: MaxStreamsStride: 255
I           m3dapp.cpp[1336]10/08 01:18:05 d3d: MaxAnisotropy: 16
I           m3dapp.cpp[1336]10/08 01:18:05 d3d: MaxVertexBlendMatrices: 4
I           m3dapp.cpp[1336]10/08 01:18:05 d3d: MaxVertexBlendMatrixIndex: 8
I           m3dapp.cpp[1336]10/08 01:18:05 d3d: FullScreenGamma: true
I           m3dapp.cpp[1336]10/08 01:18:05 d3d: COLORWRITEENABLE: true
I           m3dapp.cpp[1336]10/08 01:18:05 d3d: MASKZ: true
I           m3dapp.cpp[1336]10/08 01:18:05 d3d: BLENDOP: true
I           m3dapp.cpp[1336]10/08 01:18:05 d3d: CLIPPLANESCALEDPOINTS: false
I           m3dapp.cpp[1336]10/08 01:18:05 d3d: CLIPTLVERTS: false
I           m3dapp.cpp[1336]10/08 01:18:05 d3d: TSSARGTEMP: true
I           m3dapp.cpp[1336]10/08 01:18:05 d3d: DIRECTIONALLIGHTS: true
I           m3dapp.cpp[1336]10/08 01:18:05 d3d: LOCALVIEWER: true
I           m3dapp.cpp[1336]10/08 01:18:05 d3d: POSITIONALLIGHTS: true
I           m3dapp.cpp[1336]10/08 01:18:05 d3d: TEXGEN:  true
I           m3dapp.cpp[1336]10/08 01:18:05 d3d: TWEENING:  true
I           m3dapp.cpp[1336]10/08 01:18:05 d3d: Dp3: true
I           m3dapp.cpp[1336]10/08 01:18:05 d3d: Lerp: true
I           m3dapp.cpp[1336]10/08 01:18:05 d3d: MaxNpatchTessellationLevel: 0.000
I           m3dapp.cpp[1336]10/08 01:18:05 d3d: Query VCACHE support: true
I           m3dapp.cpp[1336]10/08 01:18:05 d3d: Query EVENT support: true
I           m3dapp.cpp[1336]10/08 01:18:05 d3d: Query OCCLUSION support: true
I           m3dapp.cpp[1336]10/08 01:18:05 d3d: Query TIMESTAMP support: true
I           m3dapp.cpp[1336]10/08 01:18:05 d3d: Query TIMESTAMPDISJOINT support: true
I           m3dapp.cpp[1336]10/08 01:18:05 d3d: Query TIMESTAMPFREQ support: true
I           m3dapp.cpp[1336]10/08 01:18:05 d3d: Query PIPELINETIMINGS support: false
I           m3dapp.cpp[1336]10/08 01:18:05 d3d: Query INTERFACETIMINGS support: false
I           m3dapp.cpp[1336]10/08 01:18:05 d3d: Query VERTEXTIMINGS support: false
I           m3dapp.cpp[1336]10/08 01:18:05 d3d: Query PIXELTIMINGS support: false
I           m3dapp.cpp[1336]10/08 01:18:05 d3d: Query BANDWIDTHTIMINGS support: false
I           m3dapp.cpp[1336]10/08 01:18:05 d3d: Query CACHEUTILIZATION support: false
I           m3dapp.cpp[1336]10/08 01:18:05 d3d: Creating or resetting the device
I           m3dapp.cpp[1336]10/08 01:18:05 d3d: Back buffer format: X8R8G8B8
I           m3dapp.cpp[1336]10/08 01:18:05 d3d: Depth/stencil buffer format: D24S8
I           m3dapp.cpp[1336]10/08 01:18:05 d3d: Stenciling: off
I           m3dapp.cpp[1336]10/08 01:18:05 d3d: Rgba textures format: DXT5
I           m3dapp.cpp[1336]10/08 01:18:05 d3d: Rgba no c. textures format: A8R8G8B8
I           m3dapp.cpp[1336]10/08 01:18:05 d3d: RgbA textures format: DXT5
I           m3dapp.cpp[1336]10/08 01:18:05 d3d: RgbA no c. textures format: A4R4G4B4
I           m3dapp.cpp[1336]10/08 01:18:05 d3d: Rt textures format: A8R8G8B8
I           m3dapp.cpp[1336]10/08 01:18:05 d3d: Shadow textures format: R5G6B5
I           m3dapp.cpp[1336]10/08 01:18:05 d3d: Rt depth format: D16
I           m3dapp.cpp[2206]10/08 01:18:05 NOTE! input is bind to input_di8.dll
I           m3dapp.cpp[1938]10/08 01:18:05 NOTE! sound is bind to sound.dll
I           m3dapp.cpp[1350]10/08 01:18:05 input: Joystick not found
I           m3dapp.cpp[1343]10/08 01:18:06 snd: Max sound channels available: 128
I           m3dapp.cpp[1343]10/08 01:18:06 snd: Sound is inited successfully
I             font.cpp[0976]10/08 01:18:06 FontManager: fonts are loaded successfully
I           m3dapp.cpp[1336]10/08 01:18:06 d3d: Cannot open data\models\logos\fishmen.dds
I           m3dapp.cpp[1336]10/08 01:18:06 d3d: texmap failed to load: data\models\logos\fishmen.dds
E       DraftModel.cpp[1002]10/08 01:18:06 Error: Couldn't load texture data\models\logos\fishmen.dds for model logos.gam
I           m3dapp.cpp[1336]10/08 01:18:06 d3d: Cannot open data\models\logos\logo32.dds
I           m3dapp.cpp[1336]10/08 01:18:06 d3d: texmap failed to load: data\models\logos\logo32.dds
E       DraftModel.cpp[1002]10/08 01:18:06 Error: Couldn't load texture data\models\logos\logo32.dds for model logos.gam
I           m3dapp.cpp[1336]10/08 01:18:06 d3d: Cannot open data\models\logos\logo33.dds
I           m3dapp.cpp[1336]10/08 01:18:06 d3d: texmap failed to load: data\models\logos\logo33.dds
E       DraftModel.cpp[1002]10/08 01:18:06 Error: Couldn't load texture data\models\logos\logo33.dds for model logos.gam
I           m3dapp.cpp[1336]10/08 01:18:06 d3d: Cannot open data\models\logos\logo34.dds
I           m3dapp.cpp[1336]10/08 01:18:06 d3d: texmap failed to load: data\models\logos\logo34.dds
E       DraftModel.cpp[1002]10/08 01:18:06 Error: Couldn't load texture data\models\logos\logo34.dds for model logos.gam
I           m3dapp.cpp[1336]10/08 01:18:06 d3d: Cannot open data\models\logos\logo35.dds
I           m3dapp.cpp[1336]10/08 01:18:06 d3d: texmap failed to load: data\models\logos\logo35.dds
E       DraftModel.cpp[1002]10/08 01:18:06 Error: Couldn't load texture data\models\logos\logo35.dds for model logos.gam
I           m3dapp.cpp[1336]10/08 01:18:06 d3d: Cannot open data\models\logos\logo36.dds
I           m3dapp.cpp[1336]10/08 01:18:06 d3d: texmap failed to load: data\models\logos\logo36.dds
E       DraftModel.cpp[1002]10/08 01:18:06 Error: Couldn't load texture data\models\logos\logo36.dds for model logos.gam
I           m3dapp.cpp[1336]10/08 01:18:06 d3d: Cannot open data\models\logos\logo37.dds
I           m3dapp.cpp[1336]10/08 01:18:06 d3d: texmap failed to load: data\models\logos\logo37.dds
E       DraftModel.cpp[1002]10/08 01:18:06 Error: Couldn't load texture data\models\logos\logo37.dds for model logos.gam
I           m3dapp.cpp[1336]10/08 01:18:06 d3d: Cannot open data\models\logos\logo38.dds
I           m3dapp.cpp[1336]10/08 01:18:06 d3d: texmap failed to load: data\models\logos\logo38.dds
E       DraftModel.cpp[1002]10/08 01:18:06 Error: Couldn't load texture data\models\logos\logo38.dds for model logos.gam
I           m3dapp.cpp[1336]10/08 01:18:06 d3d: Cannot open data\models\logos\logo39.dds
I           m3dapp.cpp[1336]10/08 01:18:06 d3d: texmap failed to load: data\models\logos\logo39.dds
E       DraftModel.cpp[1002]10/08 01:18:06 Error: Couldn't load texture data\models\logos\logo39.dds for model logos.gam
I           m3dapp.cpp[1336]10/08 01:18:06 d3d: Cannot open data\models\logos\logo40.dds
I           m3dapp.cpp[1336]10/08 01:18:06 d3d: texmap failed to load: data\models\logos\logo40.dds
E       DraftModel.cpp[1002]10/08 01:18:06 Error: Couldn't load texture data\models\logos\logo40.dds for model logos.gam
I           m3dapp.cpp[1336]10/08 01:18:06 d3d: Cannot open data\models\logos\logo41.dds
I           m3dapp.cpp[1336]10/08 01:18:06 d3d: texmap failed to load: data\models\logos\logo41.dds
E       DraftModel.cpp[1002]10/08 01:18:06 Error: Couldn't load texture data\models\logos\logo41.dds for model logos.gam
I           m3dapp.cpp[1336]10/08 01:18:06 d3d: Cannot open data\models\logos\logo42.dds
I           m3dapp.cpp[1336]10/08 01:18:06 d3d: texmap failed to load: data\models\logos\logo42.dds
E       DraftModel.cpp[1002]10/08 01:18:06 Error: Couldn't load texture data\models\logos\logo42.dds for model logos.gam
I           m3dapp.cpp[1336]10/08 01:18:06 d3d: Cannot open data\models\logos\logo43.dds
I           m3dapp.cpp[1336]10/08 01:18:06 d3d: texmap failed to load: data\models\logos\logo43.dds
E       DraftModel.cpp[1002]10/08 01:18:06 Error: Couldn't load texture data\models\logos\logo43.dds for model logos.gam
I           m3dapp.cpp[1336]10/08 01:18:06 d3d: Cannot open data\models\logos\logo44.dds
I           m3dapp.cpp[1336]10/08 01:18:06 d3d: texmap failed to load: data\models\logos\logo44.dds
E       DraftModel.cpp[1002]10/08 01:18:06 Error: Couldn't load texture data\models\logos\logo44.dds for model logos.gam
I           m3dapp.cpp[1336]10/08 01:18:06 d3d: Cannot open data\models\logos\logo45.dds
I           m3dapp.cpp[1336]10/08 01:18:06 d3d: texmap failed to load: data\models\logos\logo45.dds
E       DraftModel.cpp[1002]10/08 01:18:06 Error: Couldn't load texture data\models\logos\logo45.dds for model logos.gam
I           m3dapp.cpp[1336]10/08 01:18:06 d3d: Cannot open data\models\logos\logo46.dds
I           m3dapp.cpp[1336]10/08 01:18:06 d3d: texmap failed to load: data\models\logos\logo46.dds
E       DraftModel.cpp[1002]10/08 01:18:06 Error: Couldn't load texture data\models\logos\logo46.dds for model logos.gam
I           m3dapp.cpp[1336]10/08 01:18:06 d3d: Cannot open data\models\logos\logo47.dds
I           m3dapp.cpp[1336]10/08 01:18:06 d3d: texmap failed to load: data\models\logos\logo47.dds
E       DraftModel.cpp[1002]10/08 01:18:06 Error: Couldn't load texture data\models\logos\logo47.dds for model logos.gam
I           m3dapp.cpp[1336]10/08 01:18:06 d3d: Cannot open data\models\logos\logo48.dds
I           m3dapp.cpp[1336]10/08 01:18:06 d3d: texmap failed to load: data\models\logos\logo48.dds
E       DraftModel.cpp[1002]10/08 01:18:06 Error: Couldn't load texture data\models\logos\logo48.dds for model logos.gam
I           m3dapp.cpp[1336]10/08 01:18:06 d3d: Cannot open data\models\logos\logo49.dds
I           m3dapp.cpp[1336]10/08 01:18:06 d3d: texmap failed to load: data\models\logos\logo49.dds
E       DraftModel.cpp[1002]10/08 01:18:06 Error: Couldn't load texture data\models\logos\logo49.dds for model logos.gam
I           m3dapp.cpp[1336]10/08 01:18:06 d3d: Cannot open data\models\logos\logo50.dds
I           m3dapp.cpp[1336]10/08 01:18:06 d3d: texmap failed to load: data\models\logos\logo50.dds
E       DraftModel.cpp[1002]10/08 01:18:06 Error: Couldn't load texture data\models\logos\logo50.dds for model logos.gam
I           m3dapp.cpp[1336]10/08 01:18:06 d3d: Cannot open data\models\logos\logo51.dds
I           m3dapp.cpp[1336]10/08 01:18:06 d3d: texmap failed to load: data\models\logos\logo51.dds
E       DraftModel.cpp[1002]10/08 01:18:06 Error: Couldn't load texture data\models\logos\logo51.dds for model logos.gam
I           m3dapp.cpp[1336]10/08 01:18:06 d3d: Cannot open data\models\logos\logo52.dds
I           m3dapp.cpp[1336]10/08 01:18:06 d3d: texmap failed to load: data\models\logos\logo52.dds
E       DraftModel.cpp[1002]10/08 01:18:06 Error: Couldn't load texture data\models\logos\logo52.dds for model logos.gam
I           m3dapp.cpp[1336]10/08 01:18:06 d3d: Cannot open data\models\logos\logo53.dds
I           m3dapp.cpp[1336]10/08 01:18:06 d3d: texmap failed to load: data\models\logos\logo53.dds
E       DraftModel.cpp[1002]10/08 01:18:06 Error: Couldn't load texture data\models\logos\logo53.dds for model logos.gam
I           m3dapp.cpp[1336]10/08 01:18:06 d3d: Cannot open data\models\logos\logo54.dds
I           m3dapp.cpp[1336]10/08 01:18:06 d3d: texmap failed to load: data\models\logos\logo54.dds
E       DraftModel.cpp[1002]10/08 01:18:06 Error: Couldn't load texture data\models\logos\logo54.dds for model logos.gam
I           m3dapp.cpp[1336]10/08 01:18:06 d3d: Cannot open data\models\logos\logo55.dds
I           m3dapp.cpp[1336]10/08 01:18:06 d3d: texmap failed to load: data\models\logos\logo55.dds
E       DraftModel.cpp[1002]10/08 01:18:06 Error: Couldn't load texture data\models\logos\logo55.dds for model logos.gam
I           m3dapp.cpp[1336]10/08 01:18:06 d3d: Cannot open data\models\logos\logo56.dds
I           m3dapp.cpp[1336]10/08 01:18:06 d3d: texmap failed to load: data\models\logos\logo56.dds
E       DraftModel.cpp[1002]10/08 01:18:06 Error: Couldn't load texture data\models\logos\logo56.dds for model logos.gam
I           m3dapp.cpp[1336]10/08 01:18:06 d3d: Cannot open data\models\logos\logo57.dds
I           m3dapp.cpp[1336]10/08 01:18:06 d3d: texmap failed to load: data\models\logos\logo57.dds
E       DraftModel.cpp[1002]10/08 01:18:06 Error: Couldn't load texture data\models\logos\logo57.dds for model logos.gam
I           m3dapp.cpp[1336]10/08 01:18:06 d3d: Cannot open data\models\logos\logo58.dds
I           m3dapp.cpp[1336]10/08 01:18:06 d3d: texmap failed to load: data\models\logos\logo58.dds
E       DraftModel.cpp[1002]10/08 01:18:06 Error: Couldn't load texture data\models\logos\logo58.dds for model logos.gam
I           m3dapp.cpp[1336]10/08 01:18:06 d3d: Cannot open data\models\logos\logo59.dds
I           m3dapp.cpp[1336]10/08 01:18:06 d3d: texmap failed to load: data\models\logos\logo59.dds
E       DraftModel.cpp[1002]10/08 01:18:06 Error: Couldn't load texture data\models\logos\logo59.dds for model logos.gam
I           m3dapp.cpp[1336]10/08 01:18:06 d3d: Cannot open data\models\logos\logo60.dds
I           m3dapp.cpp[1336]10/08 01:18:06 d3d: texmap failed to load: data\models\logos\logo60.dds
E       DraftModel.cpp[1002]10/08 01:18:06 Error: Couldn't load texture data\models\logos\logo60.dds for model logos.gam
I           m3dapp.cpp[1336]10/08 01:18:06 d3d: Cannot open data\models\logos\logo61.dds
I           m3dapp.cpp[1336]10/08 01:18:06 d3d: texmap failed to load: data\models\logos\logo61.dds
E       DraftModel.cpp[1002]10/08 01:18:06 Error: Couldn't load texture data\models\logos\logo61.dds for model logos.gam
I           m3dapp.cpp[1336]10/08 01:18:06 d3d: Cannot open data\models\logos\logo62.dds
I           m3dapp.cpp[1336]10/08 01:18:06 d3d: texmap failed to load: data\models\logos\logo62.dds
E       DraftModel.cpp[1002]10/08 01:18:06 Error: Couldn't load texture data\models\logos\logo62.dds for model logos.gam
I           m3dapp.cpp[1336]10/08 01:18:06 d3d: Cannot open data\models\logos\logo63.dds
I           m3dapp.cpp[1336]10/08 01:18:06 d3d: texmap failed to load: data\models\logos\logo63.dds
E       DraftModel.cpp[1002]10/08 01:18:06 Error: Couldn't load texture data\models\logos\logo63.dds for model logos.gam
I           m3dapp.cpp[1336]10/08 01:18:06 d3d: Cannot open data\models\logos\logo64.dds
I           m3dapp.cpp[1336]10/08 01:18:06 d3d: texmap failed to load: data\models\logos\logo64.dds
E       DraftModel.cpp[1002]10/08 01:18:06 Error: Couldn't load texture data\models\logos\logo64.dds for model logos.gam
I           m3dapp.cpp[1336]10/08 01:18:06 d3d: Cannot open data\models\logos\logo65.dds
I           m3dapp.cpp[1336]10/08 01:18:06 d3d: texmap failed to load: data\models\logos\logo65.dds
E       DraftModel.cpp[1002]10/08 01:18:06 Error: Couldn't load texture data\models\logos\logo65.dds for model logos.gam
I           m3dapp.cpp[1336]10/08 01:18:06 d3d: Cannot open data\models\logos\logo66.dds
I           m3dapp.cpp[1336]10/08 01:18:06 d3d: texmap failed to load: data\models\logos\logo66.dds
E       DraftModel.cpp[1002]10/08 01:18:06 Error: Couldn't load texture data\models\logos\logo66.dds for model logos.gam
I           m3dapp.cpp[1336]10/08 01:18:06 d3d: Cannot open data\models\logos\logo67.dds
I           m3dapp.cpp[1336]10/08 01:18:06 d3d: texmap failed to load: data\models\logos\logo67.dds
E       DraftModel.cpp[1002]10/08 01:18:06 Error: Couldn't load texture data\models\logos\logo67.dds for model logos.gam
I           m3dapp.cpp[1336]10/08 01:18:06 d3d: Cannot open data\models\logos\logo68.dds
I           m3dapp.cpp[1336]10/08 01:18:06 d3d: texmap failed to load: data\models\logos\logo68.dds
E       DraftModel.cpp[1002]10/08 01:18:06 Error: Couldn't load texture data\models\logos\logo68.dds for model logos.gam
I           m3dapp.cpp[1336]10/08 01:18:06 d3d: Cannot open data\models\logos\logo69.dds
I           m3dapp.cpp[1336]10/08 01:18:06 d3d: texmap failed to load: data\models\logos\logo69.dds
E       DraftModel.cpp[1002]10/08 01:18:06 Error: Couldn't load texture data\models\logos\logo69.dds for model logos.gam
I           m3dapp.cpp[1336]10/08 01:18:06 d3d: Cannot open data\models\logos\logo70.dds
I           m3dapp.cpp[1336]10/08 01:18:06 d3d: texmap failed to load: data\models\logos\logo70.dds
E       DraftModel.cpp[1002]10/08 01:18:06 Error: Couldn't load texture data\models\logos\logo70.dds for model logos.gam
I      gameimpulse.cpp[0288]10/08 01:18:06 Key bindings: were inited successfully
I           view32.cpp[0705]10/08 01:18:06 --- Init Media ---
I    GameUiManager.cpp[0303]10/08 01:18:07 Interface: is initializing...
I    GameUiManager.cpp[1580]10/08 01:18:07 Interface: clearing resource infos ...
I    GameUiManager.cpp[1491]10/08 01:18:07 Interface: loading resource infos ...
I    GameUiManager.cpp[1603]10/08 01:18:07 Interface: loading resources ...
I           m3dapp.cpp[1343]10/08 01:18:07 snd: Error: Can't Open SoundFile: 
I           m3dapp.cpp[1343]10/08 01:18:07 snd: Cannot open sound stream from file . Error: File not found, flags: 8272
I    GameUiManager.cpp[0395]10/08 01:18:07 Interface: is inited successfully
I        LevelInfo.cpp[0806]10/08 01:18:07 Level infos were loaded successfully from file data\if\diz\LevelInfo.xml
I        LevelInfo.cpp[0837]10/08 01:18:07 Error: could't open data\maps\r1m8.ssl file
E        LevelInfo.cpp[0749]10/08 01:18:07 LevelInfoManager was inited with errors
I   TruxxUiManager.cpp[0191]10/08 01:18:07 TruxxUiManager: was inited successfully
I      gameimpulse.cpp[0618]10/08 01:18:08 Key bindings: unbind all is done
I      gameimpulse.cpp[0324]10/08 01:18:08 Key bindings: were loaded successfully from file data\scripts\DefaultKeyBindings.lua
I      gameimpulse.cpp[1194]10/08 01:18:08 Key bindings: were bind from defaults
I            video.cpp[0704]10/08 01:18:08 Could not load specified video file: data\video\logobuka.wmv (hr = 80070003)
I     view32_video.cpp[0061]10/08 01:18:08 Error: couldn't load video 'data\video\logobuka.wmv'
I            video.cpp[0704]10/08 01:18:08 Could not load specified video file: data\video\logotargem.wmv (hr = 80070003)
I     view32_video.cpp[0061]10/08 01:18:08 Error: couldn't load video 'data\video\logotargem.wmv'
I            video.cpp[0704]10/08 01:18:08 Could not load specified video file: data\video\INTRO_RUS_FIELD.wmv (hr = 80070003)
I     view32_video.cpp[0061]10/08 01:18:08 Error: couldn't load video 'data\video\INTRO_RUS_FIELD.wmv'
I             core.lua[0013]10/08 01:18:08 IMPROVED STORYLINE V1.0.5.3 ORIGINAL BUILD 220422
I           m3dapp.cpp[1808]10/08 01:18:08 ----------------------- Engine inited in: 0
I          Profile.cpp[0602]10/08 01:18:08 Profile "RiverZone" set
I   TruxxUiManager.cpp[1422]10/08 01:18:08 Game mode changed. Old mode = 3, new mode = 2
I        SplashWnd.cpp[0244]10/08 01:18:08 Start splashing 11
I           view32.cpp[1048]10/08 01:18:08 -- Loading Level: data\maps\mainmenu.ssl --
I            world.cpp[0132]10/08 01:18:08 ----------------------- World Loading
F        landscape.cpp[1674]10/08 01:18:09  +- Enter function: Landscape::Load()
I        landscape.cpp[1911]10/08 01:18:09  |  ----------------------- Normal map loaded in: 2
I        landscape.cpp[1920]10/08 01:18:09  |  ----------------------- Tiles loaded in: 28
I        landscape.cpp[1944]10/08 01:18:09  |  ----------------------- ShoreLine loaded in: 0
F        landscape.cpp[1944]10/08 01:18:09  +- Exit function: Landscape::Load()
I            world.cpp[0169]10/08 01:18:09 ----------------------- Landscape loaded in: 176
I       DataServer.cpp[0587]10/08 01:18:09 Loading Servers: data\maps\MainMenu\servers.xml
I serverAnimatedModel.cpp[0630]10/08 01:18:11 ### Total time: 2184, GAM time: 767
I       DataServer.cpp[0587]10/08 01:18:11 Loading Servers: data\models\commonservers.xml
E      serverMusic.cpp[0216]10/08 01:18:14 MusicServer: cannot read file: data\music\music.xml id = 'LaBelleTown'
E      serverMusic.cpp[0216]10/08 01:18:14 MusicServer: cannot read file: data\music\music.xml id = 'block6_driving2'
I            world.cpp[0210]10/08 01:18:14 ----------------------- Servers loaded in: 5694
I            world.cpp[0338]10/08 01:18:14 LoadWorld begin...
I            world.cpp[0350]10/08 01:18:14 %%%% read/parse xml: 20
I            world.cpp[0362]10/08 01:18:14 %%%% read from xml: 9
E    PlayerPassMap.cpp[0139]10/08 01:18:14 Couldn't load player pass map from file data\maps\MainMenu\player_passmap.xml
I            world.cpp[0444]10/08 01:18:14 %%%% link nodes: 33
I            world.cpp[0220]10/08 01:18:14 ----------------------- Nodes loaded in: 67
I            world.cpp[0228]10/08 01:18:14 ----------------------- Prefabs loaded in: 0
I            world.cpp[0247]10/08 01:18:15 ----------------------- World loaded in: 6191
I            world.cpp[0278]10/08 01:18:15 ----------------------- Roads loaded in: 233
I           view32.cpp[1078]10/08 01:18:15 Load Server begin...
I   TruxxUiManager.cpp[0974]10/08 01:18:15 Interface: is loaded successfully
I           server.cpp[0789]10/08 01:18:15 AI: Loading Server...
I           server.cpp[0796]10/08 01:18:15 	AI: Loading Relationship
I     Relationship.cpp[0134]10/08 01:18:15 		 File readed
I           server.cpp[0801]10/08 01:18:15 	AI: Loading SoilProps
I           server.cpp[0804]10/08 01:18:15 	AI: Loading ExternalPaths
I           server.cpp[0807]10/08 01:18:15 	AI: Loading PlayerPassMap
E    PlayerPassMap.cpp[0139]10/08 01:18:15 Couldn't load player pass map from file data\maps\MainMenu\player_passmap.xml
I           server.cpp[0813]10/08 01:18:15 	AI: Loading GameObjects
I           server.cpp[0816]10/08 01:18:15 	AI: Initializing VehicleGeneratorInfoCache
I           server.cpp[0820]10/08 01:18:15 	AI: Refreshing GameObjects
I           server.cpp[0824]10/08 01:18:16 	AI: Loading QuestStates
I       QuestState.cpp[0904]10/08 01:18:16 Quest 'Human1_Quest1' can be given now
I       QuestState.cpp[0904]10/08 01:18:16 Quest 'Human1_Quest2' can be given now
I       QuestState.cpp[0904]10/08 01:18:16 Quest 'BenGoodEnd' can be given now
I       QuestState.cpp[0904]10/08 01:18:16 Quest 'q_PlaceWithSign' can be given now
I       QuestState.cpp[0904]10/08 01:18:16 Quest 'r3m2_OracleMemory' can be given now
I       QuestState.cpp[0904]10/08 01:18:16 Quest 'r3m2_TalkWithLisa' can be given now
I       QuestState.cpp[0904]10/08 01:18:16 Quest 'r3m2_TalkWithBenAboutCarAfterOracul' can be given now
I       QuestState.cpp[0904]10/08 01:18:16 Quest 'r3m2_FindInfoAboutFather' can be given now
I       QuestState.cpp[0904]10/08 01:18:16 Quest 'r3m1_LureMainDriud' can be given now
I       QuestState.cpp[0904]10/08 01:18:16 Quest 'r3m1_ClearSanctuary' can be given now
I       QuestState.cpp[0904]10/08 01:18:16 Quest 'r3m1_KnowAboutUluk' can be given now
I       QuestState.cpp[0904]10/08 01:18:16 Quest 'r3m1_RescueUlukCivil' can be given now
I       QuestState.cpp[0904]10/08 01:18:16 Quest 'q_VisitDruid' can be given now
I       QuestState.cpp[0904]10/08 01:18:16 Quest 'r2m2_Znaki2_Quest' can be given now
I       QuestState.cpp[0904]10/08 01:18:16 Quest 'r2m2_HeadsHunterQuest' can be given now
I       QuestState.cpp[0904]10/08 01:18:16 Quest 'r2m2_OldDvigatel1_Quest' can be given now
I       QuestState.cpp[0904]10/08 01:18:16 Quest 'r2m2_OldDvigatel2_Quest' can be given now
I       QuestState.cpp[0904]10/08 01:18:16 Quest 'r2m2_FightFelix' can be given now
I       QuestState.cpp[0904]10/08 01:18:16 Quest 'r2m2_ReturnToMarecciaFromCastle' can be given now
I       QuestState.cpp[0904]10/08 01:18:16 Quest 'r2m2_FightWithAxelInArena_Quest' can be given now
I       QuestState.cpp[0904]10/08 01:18:16 Quest 'r2m2_FindLisAfterAxelAndFatherDie_Quest' can be given now
I       QuestState.cpp[0904]10/08 01:18:16 Quest 'r2m2_ToLisaToMonastir' can be given now
I       QuestState.cpp[0904]10/08 01:18:16 Quest 'r2m2_FightLisaToMonastir' can be given now
I       QuestState.cpp[0904]10/08 01:18:16 Quest 'r2m2_GiveDisk2ToOrakul' can be given now
I       QuestState.cpp[0904]10/08 01:18:16 Quest 'MrShlyapa3_Quest' can be given now
I       QuestState.cpp[0904]10/08 01:18:16 Quest 'r2m1_ArtAntipod_Quest' can be given now
I       QuestState.cpp[0904]10/08 01:18:16 Quest 'r2m1_TakeNarcotics_Quest' can be given now
I       QuestState.cpp[0904]10/08 01:18:16 Quest 'r2m1_KillGodFather_Quest' can be given now
I       QuestState.cpp[0904]10/08 01:18:16 Quest 'MrShlyapaSecret' can be given now
I       QuestState.cpp[0904]10/08 01:18:16 Quest 'd_GetSupportOneOfTheBands2_Quest' can be given now
I       QuestState.cpp[0904]10/08 01:18:16 Quest 'd_GetSupportOneOfTheBands1_Quest' can be given now
I       QuestState.cpp[0904]10/08 01:18:16 Quest 'd_FindVerbInAR_Quest' can be given now
I       QuestState.cpp[0904]10/08 01:18:16 Quest 'd_FindVerbInSNG_Quest' can be given now
I       QuestState.cpp[0904]10/08 01:18:16 Quest 'd_PatrulSideSNG_Quest' can be given now
I       QuestState.cpp[0904]10/08 01:18:16 Quest 'd_TakeGeneralOfBandits_Quest' can be given now
I       QuestState.cpp[0904]10/08 01:18:16 Quest 'r2m1_TW_AlienInShip' can be given now
I       QuestState.cpp[0904]10/08 01:18:16 Quest 'Podderzhka_Quest' can be given now
I       QuestState.cpp[0904]10/08 01:18:16 Quest 'Zashita_Quest' can be given now
I       QuestState.cpp[0904]10/08 01:18:16 Quest 'preEretik_Quest' can be given now
I       QuestState.cpp[0904]10/08 01:18:16 Quest 'ReturnQuest' can be given now
I       QuestState.cpp[0904]10/08 01:18:16 Quest 'd_FindVerbInAM_Quest' can be given now
I       QuestState.cpp[0904]10/08 01:18:16 Quest 'OdettIsDead_Quest' can be given now
I       QuestState.cpp[0904]10/08 01:18:16 Quest 'Disk2OrakulLisa' can be given now
I       QuestState.cpp[0904]10/08 01:18:16 Quest 'FindGomerB_Quest1' can be given now
I       QuestState.cpp[0904]10/08 01:18:16 Quest 'FreeExtremistLeader_Quest1' can be given now
I       QuestState.cpp[0904]10/08 01:18:16 Quest 'KillExtremist_Quest1' can be given now
I       QuestState.cpp[0904]10/08 01:18:16 Quest 'r1m4_TalkWithOldTraderAboutSecondDisk' can be given now
I       QuestState.cpp[0904]10/08 01:18:16 Quest 'q_FindHusbent' can be given now
I       QuestState.cpp[0904]10/08 01:18:16 Quest 'RybakToOlm_Quest' can be given now
I       QuestState.cpp[0904]10/08 01:18:16 Quest 'AnanagaTech_Quest' can be given now
I       QuestState.cpp[0904]10/08 01:18:16 Quest 'MrShlyapa2_Quest' can be given now
I       QuestState.cpp[0904]10/08 01:18:16 Quest 'ToCordanToTikhomir_Quest' can be given now
I       QuestState.cpp[0904]10/08 01:18:16 Quest 'r1m3_BonnyAndKlideQuest' can be given now
I       QuestState.cpp[0904]10/08 01:18:16 Quest 'r1m3_ArchHelp' can be given now
I       QuestState.cpp[0904]10/08 01:18:16 Quest 'r1m3_CrazyManQuest' can be given now
I       QuestState.cpp[0904]10/08 01:18:16 Quest 'r1m3_OldTownOutsiderCar2_Quest' can be given now
I       QuestState.cpp[0904]10/08 01:18:16 Quest 'FightForPesht' can be given now
I       QuestState.cpp[0904]10/08 01:18:16 Quest 'd_RideAcrossBase_Quest' can be given now
I       QuestState.cpp[0904]10/08 01:18:16 Quest 'd_GiveMoneyToBase_Quest' can be given now
I       QuestState.cpp[0904]10/08 01:18:16 Quest 'd_GetBomb_Quest' can be given now
I       QuestState.cpp[0904]10/08 01:18:16 Quest 'd_IntrigaOfMerMinin_Quest' can be given now
I       QuestState.cpp[0904]10/08 01:18:16 Quest 'd_MoveFreelancersToOilMine_Quest' can be given now
I       QuestState.cpp[0904]10/08 01:18:16 Quest 'd_MoveCanistraToMinin_Quest' can be given now
I       QuestState.cpp[0904]10/08 01:18:16 Quest 'd_OpenTunel_Quest' can be given now
I       QuestState.cpp[0904]10/08 01:18:16 Quest 'r1m3_TalkWithThiefFromFatherHouse' can be given now
I       QuestState.cpp[0904]10/08 01:18:16 Quest 'r1m3_MoveToOraculAfterThief' can be given now
I       QuestState.cpp[0904]10/08 01:18:16 Quest 'r1m3_ToLisaToAsgard' can be given now
I       QuestState.cpp[0904]10/08 01:18:16 Quest 'r1m3_TW_OralceAboutAlien' can be given now
I       QuestState.cpp[0904]10/08 01:18:16 Quest 'r1m3_DestroyRadiationSource' can be given now
I       QuestState.cpp[0904]10/08 01:18:16 Quest 'r2m1_DestroyAlienShip' can be given now
I       QuestState.cpp[0904]10/08 01:18:16 Quest 'd_PayWorkersMoney_Quest' can be given now
I       QuestState.cpp[0904]10/08 01:18:16 Quest 'r2m1_TW_SellsCivilian' can be given now
I       QuestState.cpp[0904]10/08 01:18:16 Quest 'MorskieVrata2_Quest' can be given now
I       QuestState.cpp[0904]10/08 01:18:16 Quest 'Zachisti1_Quest' can be given now
I       QuestState.cpp[0904]10/08 01:18:16 Quest 'LisaVPeshte' can be given now
I       QuestState.cpp[0904]10/08 01:18:16 Quest 'LisaUBena' can be given now
I       QuestState.cpp[0904]10/08 01:18:16 Quest 'WhereSigns_Quest' can be given now
I       QuestState.cpp[0904]10/08 01:18:16 Quest 'CombatInKollizey_Quest' can be given now
I       QuestState.cpp[0904]10/08 01:18:16 Quest 'BuyKollizey_Quest' can be given now
I       QuestState.cpp[0904]10/08 01:18:16 Quest 'Kollizey_Quest' can be given now
I       QuestState.cpp[0904]10/08 01:18:16 Quest 'HelpRuins_Quest' can be given now
I       QuestState.cpp[0904]10/08 01:18:16 Quest 'DestroyRuins_Quest' can be given now
I       QuestState.cpp[0904]10/08 01:18:16 Quest 'DestroyRuins2_Quest' can be given now
I       QuestState.cpp[0904]10/08 01:18:16 Quest 'Signs_Quest' can be given now
I       QuestState.cpp[0904]10/08 01:18:16 Quest 'MrShlyapa1_Quest' can be given now
I       QuestState.cpp[0904]10/08 01:18:16 Quest 'FindBen2_Quest' can be given now
I       QuestState.cpp[0904]10/08 01:18:16 Quest 'd_FindHouseOfBen_Quest' can be given now
I       QuestState.cpp[0904]10/08 01:18:16 Quest 'r1m2_TW_BanAboutAlien' can be given now
I       QuestState.cpp[0904]10/08 01:18:16 Quest 'r1m3_DestroyOracle' can be given now
I       QuestState.cpp[0904]10/08 01:18:16 Quest 'Pomiritsa_Quest' can be given now
I       QuestState.cpp[0904]10/08 01:18:16 Quest 'VYar_Quest' can be given now
I       QuestState.cpp[0904]10/08 01:18:16 Quest 'FindBenMZ_Quest' can be given now
I       QuestState.cpp[0904]10/08 01:18:16 Quest 'QuickFindBen' can be given now
I       QuestState.cpp[0904]10/08 01:18:16 Quest 'OpenMid_Quest' can be given now
I       QuestState.cpp[0904]10/08 01:18:16 Quest 'TalkBeforeDesert' can be given now
I       QuestState.cpp[0904]10/08 01:18:16 Quest 'ZashitaGotova' can be given now
I       QuestState.cpp[0904]10/08 01:18:16 Quest 'FakeQuest1' can be given now
I       QuestState.cpp[0904]10/08 01:18:16 Quest 'Chehly_Quest' can be given now
I       QuestState.cpp[0904]10/08 01:18:16 Quest 'WorkGiver_Quest1' can be given now
I       QuestState.cpp[0904]10/08 01:18:16 Quest 'd_PunishBandits_Quest' can be given now
I       QuestState.cpp[0904]10/08 01:18:16 Quest 'r1m1_Hospital_Quest' can be given now
I       QuestState.cpp[0904]10/08 01:18:16 Quest 'r1m1_Botanik_Quest' can be given now
I       QuestState.cpp[0904]10/08 01:18:16 Quest 'r1m1_FindBotanik_Quest' can be given now
I       QuestState.cpp[0904]10/08 01:18:16 Quest 'Buyer_Quest1' can be given now
I       QuestState.cpp[0904]10/08 01:18:16 Quest 'FirstTimePlay' can be given now
I       QuestState.cpp[0904]10/08 01:18:16 Quest 'TalkWithFather_Quest' can be given now
I       QuestState.cpp[0904]10/08 01:18:16 Quest 'LisaAtSouth' can be given now
I       QuestState.cpp[0904]10/08 01:18:16 Quest 'FindBen_Quest' can be given now
I       QuestState.cpp[0904]10/08 01:18:16 Quest 'FindBenAgain_Quest' can be given now
I       QuestState.cpp[0904]10/08 01:18:16 Quest 'd_SinFather_Quest' can be given now
I       QuestState.cpp[0904]10/08 01:18:16 Quest 'TalkToVasily' can be given now
I       QuestState.cpp[0904]10/08 01:18:16 Quest 'CheckTheEast' can be given now
I       QuestState.cpp[0904]10/08 01:18:16 Quest 'BenSouth_Quest' can be given now
I           server.cpp[0826]10/08 01:18:16 	AI: QuestStates loaded
I           server.cpp[0828]10/08 01:18:16 	AI: Loading DynamicScene
I     DynamicScene.cpp[1470]10/08 01:18:16 		 Scene loading begin
I     DynamicScene.cpp[1472]10/08 01:18:16 		 Scene loading end
I           server.cpp[0837]10/08 01:18:16 	AI: DynamicScene loaded
I           server.cpp[0852]10/08 01:18:16 	AI: Loading Triggers
E           server.cpp[1242]10/08 01:18:16 Error: cannot open data\maps\MainMenu\
I           server.cpp[0855]10/08 01:18:16 	AI: Triggers loaded
I           server.cpp[0857]10/08 01:18:16 	AI: Loading Object Names
E     ObjContainer.cpp[1104]10/08 01:18:16 Error: cannot open data\maps\MainMenu\object_names.xml
I           server.cpp[0868]10/08 01:18:16 	AI: Initing Player
I           server.cpp[0888]10/08 01:18:16 		Before first Update
I   TruxxUiManager.cpp[1422]10/08 01:18:16 Game mode changed. Old mode = 2, new mode = 1
I           server.cpp[0909]10/08 01:18:16 		After first Update
I           server.cpp[0911]10/08 01:18:16 AI: Finished Loading Server
I           view32.cpp[1106]10/08 01:18:16 Load server end
I        QuestInfo.cpp[0847]10/08 01:18:16 Quest infos were loaded successfully from file data\if\diz\QuestInfoGlobal.xml
I        QuestInfo.cpp[0783]10/08 01:18:16 QuestInfo manager was inited successfully
I       MsgManager.cpp[0391]10/08 01:18:16 Can't open file data\maps\MainMenu\strings.xml for read.
I    GameUiManager.cpp[0303]10/08 01:18:16 Interface: is initializing...
I    GameUiManager.cpp[0405]10/08 01:18:16 Interface: is clearing...
I    GameUiManager.cpp[0495]10/08 01:18:16 Interface: is cleared successfully
I    GameUiManager.cpp[0395]10/08 01:18:16 Interface: is inited successfully
I blockMusicManager.cpp[0199]10/08 01:18:16 BlockMusicManager: resetting
I      gameimpulse.cpp[0618]10/08 01:18:16 Key bindings: unbind all is done
I      gameimpulse.cpp[0618]10/08 01:18:16 Key bindings: unbind all is done
I      gameimpulse.cpp[0324]10/08 01:18:16 Key bindings: were loaded successfully from file data/profiles/riverzone\KeyBindings.lua
I      gameimpulse.cpp[1222]10/08 01:18:16 Key bindings: were loaded from profile
I        SplashWnd.cpp[0244]10/08 01:18:24 Start splashing 11
I   TruxxUiManager.cpp[1422]10/08 01:18:24 Game mode changed. Old mode = 1, new mode = 0
I    GameUiManager.cpp[0405]10/08 01:18:24 Interface: is clearing...
I    GameUiManager.cpp[0495]10/08 01:18:24 Interface: is cleared successfully
I           view32.cpp[1048]10/08 01:18:24 -- Loading Level: data\maps\r8m1.ssl --
I            world.cpp[0132]10/08 01:18:24 ----------------------- World Loading
F        landscape.cpp[1674]10/08 01:18:24  +- Enter function: Landscape::Load()
I        landscape.cpp[1911]10/08 01:18:24  |  ----------------------- Normal map loaded in: 5
I        landscape.cpp[1920]10/08 01:18:24  |  ----------------------- Tiles loaded in: 43
I        landscape.cpp[1944]10/08 01:18:24  |  ----------------------- ShoreLine loaded in: 0
F        landscape.cpp[1944]10/08 01:18:24  +- Exit function: Landscape::Load()
I            world.cpp[0169]10/08 01:18:24 ----------------------- Landscape loaded in: 239
I       DataServer.cpp[0587]10/08 01:18:24 Loading Servers: data\maps\r8m1\servers.xml
E       DraftModel.cpp[1002]10/08 01:18:31 Error: Couldn't load texture data\models\vehicles\belaz\cab01_mt.dds for model cargov1.gam
E       DraftModel.cpp[1002]10/08 01:18:31 Error: Couldn't load texture data\models\vehicles\belaz\cab01_mt.dds for model cargov1.gam
E       DraftModel.cpp[1002]10/08 01:18:31 Error: Couldn't load texture data\models\vehicles\belaz\cab01_mt.dds for model cargov1.gam
E       DraftModel.cpp[1002]10/08 01:18:31 Error: Couldn't load texture data\models\vehicles\belaz\cab01_mt.dds for model cargov1.gam
E       DraftModel.cpp[1002]10/08 01:18:31 Error: Couldn't load texture data\models\vehicles\belaz\cab01_mt.dds for model cargov1.gam
E       DraftModel.cpp[1002]10/08 01:18:31 Error: Couldn't load texture data\models\vehicles\belaz\cab01_mt.dds for model cargov1.gam
E       DraftModel.cpp[1002]10/08 01:18:31 Error: Couldn't load texture data\models\vehicles\belaz\cab01_mt.dds for model cargov1.gam
E       DraftModel.cpp[1002]10/08 01:18:31 Error: Couldn't load texture data\models\vehicles\belaz\cab01_mt.dds for model cargov1.gam
E       DraftModel.cpp[1002]10/08 01:18:31 Error: Couldn't load texture data\models\vehicles\belaz\cab01_mt.dds for model cargov1.gam
E serverAnimatedModel.cpp[0627]10/08 01:18:35 ServerAnimatedModels: cannot read file: file:data\models\AnimModels.xml id = exit
E serverAnimatedModel.cpp[0627]10/08 01:18:35 ServerAnimatedModels: cannot read file: file:data\models\AnimModels.xml id = dweller
E serverAnimatedModel.cpp[0627]10/08 01:18:35 ServerAnimatedModels: cannot read file: file:data\models\AnimModels.xml id = dweller2
E serverAnimatedModel.cpp[0627]10/08 01:18:35 ServerAnimatedModels: cannot read file: file:data\models\AnimModels.xml id = dweller3
E serverAnimatedModel.cpp[0627]10/08 01:18:35 ServerAnimatedModels: cannot read file: file:data\models\AnimModels.xml id = brick_debris1
E serverAnimatedModel.cpp[0627]10/08 01:18:35 ServerAnimatedModels: cannot read file: file:data\models\AnimModels.xml id = bottles
E serverAnimatedModel.cpp[0627]10/08 01:18:35 ServerAnimatedModels: cannot read file: file:data\models\AnimModels.xml id = kanistr
E serverAnimatedModel.cpp[0627]10/08 01:18:35 ServerAnimatedModels: cannot read file: file:data\models\AnimModels.xml id = dragon01
E serverAnimatedModel.cpp[0627]10/08 01:18:35 ServerAnimatedModels: cannot read file: file:data\models\AnimModels.xml id = dragon01gun
E serverAnimatedModel.cpp[0627]10/08 01:18:35 ServerAnimatedModels: cannot read file: file:data\models\AnimModels.xml id = octopus01
E serverAnimatedModel.cpp[0627]10/08 01:18:35 ServerAnimatedModels: cannot read file: file:data\models\AnimModels.xml id = octopus01gun
E serverAnimatedModel.cpp[0627]10/08 01:18:35 ServerAnimatedModels: cannot read file: file:data\models\AnimModels.xml id = kord01
E serverAnimatedModel.cpp[0627]10/08 01:18:35 ServerAnimatedModels: cannot read file: file:data\models\AnimModels.xml id = kord01gun
E serverAnimatedModel.cpp[0627]10/08 01:18:35 ServerAnimatedModels: cannot read file: file:data\models\AnimModels.xml id = vulcan01
E serverAnimatedModel.cpp[0627]10/08 01:18:35 ServerAnimatedModels: cannot read file: file:data\models\AnimModels.xml id = vulcan01gun
E serverAnimatedModel.cpp[0627]10/08 01:18:35 ServerAnimatedModels: cannot read file: file:data\models\AnimModels.xml id = rainmetal01
E serverAnimatedModel.cpp[0627]10/08 01:18:35 ServerAnimatedModels: cannot read file: file:data\models\AnimModels.xml id = rainmetal01gun
E serverAnimatedModel.cpp[0627]10/08 01:18:35 ServerAnimatedModels: cannot read file: file:data\models\AnimModels.xml id = kpvt01
E serverAnimatedModel.cpp[0627]10/08 01:18:35 ServerAnimatedModels: cannot read file: file:data\models\AnimModels.xml id = kpvt01gun
E serverAnimatedModel.cpp[0627]10/08 01:18:35 ServerAnimatedModels: cannot read file: file:data\models\AnimModels.xml id = hunterCab01
E serverAnimatedModel.cpp[0627]10/08 01:18:35 ServerAnimatedModels: cannot read file: file:data\models\AnimModels.xml id = hunterCab02
E serverAnimatedModel.cpp[0627]10/08 01:18:35 ServerAnimatedModels: cannot read file: file:data\models\AnimModels.xml id = hunterWheel01r
E serverAnimatedModel.cpp[0627]10/08 01:18:35 ServerAnimatedModels: cannot read file: file:data\models\AnimModels.xml id = heavy_dot_brocken1
E serverAnimatedModel.cpp[0627]10/08 01:18:35 ServerAnimatedModels: cannot read file: file:data\models\AnimModels.xml id = heavy_dot_brocken2
E serverAnimatedModel.cpp[0627]10/08 01:18:35 ServerAnimatedModels: cannot read file: file:data\models\AnimModels.xml id = heavy_dot_brocken3
E serverAnimatedModel.cpp[0627]10/08 01:18:35 ServerAnimatedModels: cannot read file: file:data\models\AnimModels.xml id = heavy_dot_brocken4
E serverAnimatedModel.cpp[0627]10/08 01:18:35 ServerAnimatedModels: cannot read file: file:data\models\AnimModels.xml id = brick_dots_brocken1
I serverAnimatedModel.cpp[0630]10/08 01:18:35 ### Total time: 10546, GAM time: 9287
I       DataServer.cpp[0587]10/08 01:18:36 Loading Servers: data\models\commonservers.xml
E      serverMusic.cpp[0216]10/08 01:18:36 MusicServer: cannot read file: data\music\music.xml id = 'LaBelleTown'
E      serverMusic.cpp[0216]10/08 01:18:36 MusicServer: cannot read file: data\music\music.xml id = 'block6_driving2'
I            world.cpp[0210]10/08 01:18:36 ----------------------- Servers loaded in: 12005
I            world.cpp[0338]10/08 01:18:36 LoadWorld begin...
I            world.cpp[0350]10/08 01:18:37 %%%% read/parse xml: 415
I            world.cpp[0362]10/08 01:18:38 %%%% read from xml: 1352
I            world.cpp[0444]10/08 01:18:39 %%%% link nodes: 1037
I            world.cpp[0220]10/08 01:18:39 ----------------------- Nodes loaded in: 2818
I            world.cpp[0228]10/08 01:18:39 ----------------------- Prefabs loaded in: 1
I            world.cpp[0247]10/08 01:18:40 ----------------------- World loaded in: 15525
E        GamParser.cpp[0399]10/08 01:18:40 AnimatedModel::LoadGAM -- cannot open file data\models\roads\road_small_highway\small_highway_end.gam-
I      roadManager.cpp[0139]10/08 01:18:40 RoadManager error( model not loaded ): data\models\roads\road_small_highway\small_highway_end.gam-
I            world.cpp[0278]10/08 01:18:42 ----------------------- Roads loaded in: 1845
I           view32.cpp[1078]10/08 01:18:42 Load Server begin...
I            Reply.cpp[0415]10/08 01:18:42 Replies were loaded successfully from file data\if\diz\DialogsGlobal.xml
I            Reply.cpp[0415]10/08 01:18:42 Replies were loaded successfully from file data\if\diz\DynamicDialogsGlobal.xml
I            Reply.cpp[0343]10/08 01:18:42 RepliesManager was inited successfully
I    GameUiManager.cpp[1603]10/08 01:18:42 Interface: loading resources ...
I     ObjectsIcons.cpp[0198]10/08 01:18:43 ObjectsIcons::AddIcon warning - ico with id SpeedPointer already exists and wiil be replaced
I    GameUiManager.cpp[1603]10/08 01:18:44 Interface: loading resources ...
I   TruxxUiManager.cpp[0974]10/08 01:18:44 Interface: is loaded successfully
I           server.cpp[0789]10/08 01:18:44 AI: Loading Server...
I           server.cpp[0796]10/08 01:18:44 	AI: Loading Relationship
I     Relationship.cpp[0134]10/08 01:18:44 		 File readed
I           server.cpp[0801]10/08 01:18:44 	AI: Loading SoilProps
I           server.cpp[0804]10/08 01:18:44 	AI: Loading ExternalPaths
I           server.cpp[0807]10/08 01:18:44 	AI: Loading PlayerPassMap
I           server.cpp[0813]10/08 01:18:44 	AI: Loading GameObjects
I           server.cpp[0816]10/08 01:18:44 	AI: Initializing VehicleGeneratorInfoCache
I           server.cpp[0820]10/08 01:18:44 	AI: Refreshing GameObjects
E      VehiclePart.cpp[0138]10/08 01:18:45 Error: collision geom in vehicle part name = 'heavy_dot1' is not BOX
I           server.cpp[0824]10/08 01:18:45 	AI: Loading QuestStates
I       QuestState.cpp[0904]10/08 01:18:45 Quest 'Human1_Quest1' can be given now
I       QuestState.cpp[0904]10/08 01:18:45 Quest 'Human1_Quest2' can be given now
I       QuestState.cpp[0904]10/08 01:18:45 Quest 'BenGoodEnd' can be given now
I       QuestState.cpp[0904]10/08 01:18:45 Quest 'q_PlaceWithSign' can be given now
I       QuestState.cpp[0904]10/08 01:18:45 Quest 'r3m2_OracleMemory' can be given now
I       QuestState.cpp[0904]10/08 01:18:45 Quest 'r3m2_TalkWithLisa' can be given now
I       QuestState.cpp[0904]10/08 01:18:45 Quest 'r3m2_TalkWithBenAboutCarAfterOracul' can be given now
I       QuestState.cpp[0904]10/08 01:18:45 Quest 'r3m2_FindInfoAboutFather' can be given now
I       QuestState.cpp[0904]10/08 01:18:45 Quest 'r3m1_LureMainDriud' can be given now
I       QuestState.cpp[0904]10/08 01:18:45 Quest 'r3m1_ClearSanctuary' can be given now
I       QuestState.cpp[0904]10/08 01:18:45 Quest 'r3m1_KnowAboutUluk' can be given now
I       QuestState.cpp[0904]10/08 01:18:45 Quest 'r3m1_RescueUlukCivil' can be given now
I       QuestState.cpp[0904]10/08 01:18:45 Quest 'q_VisitDruid' can be given now
I       QuestState.cpp[0904]10/08 01:18:45 Quest 'r2m2_Znaki2_Quest' can be given now
I       QuestState.cpp[0904]10/08 01:18:45 Quest 'r2m2_HeadsHunterQuest' can be given now
I       QuestState.cpp[0904]10/08 01:18:45 Quest 'r2m2_OldDvigatel1_Quest' can be given now
I       QuestState.cpp[0904]10/08 01:18:45 Quest 'r2m2_OldDvigatel2_Quest' can be given now
I       QuestState.cpp[0904]10/08 01:18:45 Quest 'r2m2_FightFelix' can be given now
I       QuestState.cpp[0904]10/08 01:18:45 Quest 'r2m2_ReturnToMarecciaFromCastle' can be given now
I       QuestState.cpp[0904]10/08 01:18:45 Quest 'r2m2_FightWithAxelInArena_Quest' can be given now
I       QuestState.cpp[0904]10/08 01:18:45 Quest 'r2m2_FindLisAfterAxelAndFatherDie_Quest' can be given now
I       QuestState.cpp[0904]10/08 01:18:45 Quest 'r2m2_ToLisaToMonastir' can be given now
I       QuestState.cpp[0904]10/08 01:18:45 Quest 'r2m2_FightLisaToMonastir' can be given now
I       QuestState.cpp[0904]10/08 01:18:45 Quest 'r2m2_GiveDisk2ToOrakul' can be given now
I       QuestState.cpp[0904]10/08 01:18:45 Quest 'MrShlyapa3_Quest' can be given now
I       QuestState.cpp[0904]10/08 01:18:45 Quest 'r2m1_ArtAntipod_Quest' can be given now
I       QuestState.cpp[0904]10/08 01:18:45 Quest 'r2m1_TakeNarcotics_Quest' can be given now
I       QuestState.cpp[0904]10/08 01:18:45 Quest 'r2m1_KillGodFather_Quest' can be given now
I       QuestState.cpp[0904]10/08 01:18:45 Quest 'MrShlyapaSecret' can be given now
I       QuestState.cpp[0904]10/08 01:18:45 Quest 'd_GetSupportOneOfTheBands2_Quest' can be given now
I       QuestState.cpp[0904]10/08 01:18:45 Quest 'd_GetSupportOneOfTheBands1_Quest' can be given now
I       QuestState.cpp[0904]10/08 01:18:45 Quest 'd_FindVerbInAR_Quest' can be given now
I       QuestState.cpp[0904]10/08 01:18:45 Quest 'd_FindVerbInSNG_Quest' can be given now
I       QuestState.cpp[0904]10/08 01:18:45 Quest 'd_PatrulSideSNG_Quest' can be given now
I       QuestState.cpp[0904]10/08 01:18:45 Quest 'd_TakeGeneralOfBandits_Quest' can be given now
I       QuestState.cpp[0904]10/08 01:18:45 Quest 'r2m1_TW_AlienInShip' can be given now
I       QuestState.cpp[0904]10/08 01:18:45 Quest 'Podderzhka_Quest' can be given now
I       QuestState.cpp[0904]10/08 01:18:45 Quest 'Zashita_Quest' can be given now
I       QuestState.cpp[0904]10/08 01:18:45 Quest 'preEretik_Quest' can be given now
I       QuestState.cpp[0904]10/08 01:18:45 Quest 'ReturnQuest' can be given now
I       QuestState.cpp[0904]10/08 01:18:45 Quest 'd_FindVerbInAM_Quest' can be given now
I       QuestState.cpp[0904]10/08 01:18:45 Quest 'OdettIsDead_Quest' can be given now
I       QuestState.cpp[0904]10/08 01:18:45 Quest 'Disk2OrakulLisa' can be given now
I       QuestState.cpp[0904]10/08 01:18:45 Quest 'FindGomerB_Quest1' can be given now
I       QuestState.cpp[0904]10/08 01:18:45 Quest 'FreeExtremistLeader_Quest1' can be given now
I       QuestState.cpp[0904]10/08 01:18:45 Quest 'KillExtremist_Quest1' can be given now
I       QuestState.cpp[0904]10/08 01:18:45 Quest 'r1m4_TalkWithOldTraderAboutSecondDisk' can be given now
I       QuestState.cpp[0904]10/08 01:18:45 Quest 'q_FindHusbent' can be given now
I       QuestState.cpp[0904]10/08 01:18:45 Quest 'RybakToOlm_Quest' can be given now
I       QuestState.cpp[0904]10/08 01:18:45 Quest 'AnanagaTech_Quest' can be given now
I       QuestState.cpp[0904]10/08 01:18:45 Quest 'MrShlyapa2_Quest' can be given now
I       QuestState.cpp[0904]10/08 01:18:45 Quest 'ToCordanToTikhomir_Quest' can be given now
I       QuestState.cpp[0904]10/08 01:18:45 Quest 'r1m3_BonnyAndKlideQuest' can be given now
I       QuestState.cpp[0904]10/08 01:18:45 Quest 'r1m3_ArchHelp' can be given now
I       QuestState.cpp[0904]10/08 01:18:45 Quest 'r1m3_CrazyManQuest' can be given now
I       QuestState.cpp[0904]10/08 01:18:45 Quest 'r1m3_OldTownOutsiderCar2_Quest' can be given now
I       QuestState.cpp[0904]10/08 01:18:45 Quest 'FightForPesht' can be given now
I       QuestState.cpp[0904]10/08 01:18:45 Quest 'd_RideAcrossBase_Quest' can be given now
I       QuestState.cpp[0904]10/08 01:18:45 Quest 'd_GiveMoneyToBase_Quest' can be given now
I       QuestState.cpp[0904]10/08 01:18:45 Quest 'd_GetBomb_Quest' can be given now
I       QuestState.cpp[0904]10/08 01:18:45 Quest 'd_IntrigaOfMerMinin_Quest' can be given now
I       QuestState.cpp[0904]10/08 01:18:45 Quest 'd_MoveFreelancersToOilMine_Quest' can be given now
I       QuestState.cpp[0904]10/08 01:18:45 Quest 'd_MoveCanistraToMinin_Quest' can be given now
I       QuestState.cpp[0904]10/08 01:18:45 Quest 'd_OpenTunel_Quest' can be given now
I       QuestState.cpp[0904]10/08 01:18:45 Quest 'r1m3_TalkWithThiefFromFatherHouse' can be given now
I       QuestState.cpp[0904]10/08 01:18:45 Quest 'r1m3_MoveToOraculAfterThief' can be given now
I       QuestState.cpp[0904]10/08 01:18:45 Quest 'r1m3_ToLisaToAsgard' can be given now
I       QuestState.cpp[0904]10/08 01:18:45 Quest 'r1m3_TW_OralceAboutAlien' can be given now
I       QuestState.cpp[0904]10/08 01:18:45 Quest 'r1m3_DestroyRadiationSource' can be given now
I       QuestState.cpp[0904]10/08 01:18:45 Quest 'r2m1_DestroyAlienShip' can be given now
I       QuestState.cpp[0904]10/08 01:18:45 Quest 'd_PayWorkersMoney_Quest' can be given now
I       QuestState.cpp[0904]10/08 01:18:45 Quest 'r2m1_TW_SellsCivilian' can be given now
I       QuestState.cpp[0904]10/08 01:18:45 Quest 'MorskieVrata2_Quest' can be given now
I       QuestState.cpp[0904]10/08 01:18:45 Quest 'Zachisti1_Quest' can be given now
I       QuestState.cpp[0904]10/08 01:18:45 Quest 'LisaVPeshte' can be given now
I       QuestState.cpp[0904]10/08 01:18:45 Quest 'LisaUBena' can be given now
I       QuestState.cpp[0904]10/08 01:18:45 Quest 'WhereSigns_Quest' can be given now
I       QuestState.cpp[0904]10/08 01:18:45 Quest 'CombatInKollizey_Quest' can be given now
I       QuestState.cpp[0904]10/08 01:18:45 Quest 'BuyKollizey_Quest' can be given now
I       QuestState.cpp[0904]10/08 01:18:45 Quest 'Kollizey_Quest' can be given now
I       QuestState.cpp[0904]10/08 01:18:45 Quest 'HelpRuins_Quest' can be given now
I       QuestState.cpp[0904]10/08 01:18:45 Quest 'DestroyRuins_Quest' can be given now
I       QuestState.cpp[0904]10/08 01:18:45 Quest 'DestroyRuins2_Quest' can be given now
I       QuestState.cpp[0904]10/08 01:18:45 Quest 'Signs_Quest' can be given now
I       QuestState.cpp[0904]10/08 01:18:45 Quest 'MrShlyapa1_Quest' can be given now
I       QuestState.cpp[0904]10/08 01:18:45 Quest 'FindBen2_Quest' can be given now
I       QuestState.cpp[0904]10/08 01:18:45 Quest 'd_FindHouseOfBen_Quest' can be given now
I       QuestState.cpp[0904]10/08 01:18:45 Quest 'r1m2_TW_BanAboutAlien' can be given now
I       QuestState.cpp[0904]10/08 01:18:45 Quest 'r1m3_DestroyOracle' can be given now
I       QuestState.cpp[0904]10/08 01:18:45 Quest 'Pomiritsa_Quest' can be given now
I       QuestState.cpp[0904]10/08 01:18:45 Quest 'VYar_Quest' can be given now
I       QuestState.cpp[0904]10/08 01:18:45 Quest 'FindBenMZ_Quest' can be given now
I       QuestState.cpp[0904]10/08 01:18:45 Quest 'QuickFindBen' can be given now
I       QuestState.cpp[0904]10/08 01:18:45 Quest 'OpenMid_Quest' can be given now
I       QuestState.cpp[0904]10/08 01:18:45 Quest 'TalkBeforeDesert' can be given now
I       QuestState.cpp[0904]10/08 01:18:45 Quest 'ZashitaGotova' can be given now
I       QuestState.cpp[0904]10/08 01:18:45 Quest 'FakeQuest1' can be given now
I       QuestState.cpp[0904]10/08 01:18:45 Quest 'Chehly_Quest' can be given now
I       QuestState.cpp[0904]10/08 01:18:45 Quest 'WorkGiver_Quest1' can be given now
I       QuestState.cpp[0904]10/08 01:18:45 Quest 'd_PunishBandits_Quest' can be given now
I       QuestState.cpp[0904]10/08 01:18:45 Quest 'r1m1_Hospital_Quest' can be given now
I       QuestState.cpp[0904]10/08 01:18:45 Quest 'r1m1_Botanik_Quest' can be given now
I       QuestState.cpp[0904]10/08 01:18:45 Quest 'r1m1_FindBotanik_Quest' can be given now
I       QuestState.cpp[0904]10/08 01:18:45 Quest 'Buyer_Quest1' can be given now
I       QuestState.cpp[0904]10/08 01:18:45 Quest 'FirstTimePlay' can be given now
I       QuestState.cpp[0904]10/08 01:18:45 Quest 'TalkWithFather_Quest' can be given now
I       QuestState.cpp[0904]10/08 01:18:45 Quest 'LisaAtSouth' can be given now
I       QuestState.cpp[0904]10/08 01:18:45 Quest 'FindBen_Quest' can be given now
I       QuestState.cpp[0904]10/08 01:18:45 Quest 'FindBenAgain_Quest' can be given now
I       QuestState.cpp[0904]10/08 01:18:45 Quest 'd_SinFather_Quest' can be given now
I       QuestState.cpp[0904]10/08 01:18:45 Quest 'TalkToVasily' can be given now
I       QuestState.cpp[0904]10/08 01:18:45 Quest 'CheckTheEast' can be given now
I       QuestState.cpp[0904]10/08 01:18:45 Quest 'BenSouth_Quest' can be given now
I           server.cpp[0826]10/08 01:18:45 	AI: QuestStates loaded
I           server.cpp[0828]10/08 01:18:45 	AI: Loading DynamicScene
I     DynamicScene.cpp[1470]10/08 01:18:46 		 Scene loading begin
E     DynamicScene.cpp[1589]10/08 01:18:46 Attempting to load object Mariupol_Workshop of prototype workshop, but an object with this name already exists!
I     DynamicScene.cpp[1472]10/08 01:18:47 		 Scene loading end
I           server.cpp[0837]10/08 01:18:47 	AI: DynamicScene loaded
I           server.cpp[0852]10/08 01:18:47 	AI: Loading Triggers
I           server.cpp[0855]10/08 01:18:47 	AI: Triggers loaded
I           server.cpp[0857]10/08 01:18:47 	AI: Loading Object Names
I           server.cpp[0868]10/08 01:18:47 	AI: Initing Player
I           server.cpp[0888]10/08 01:18:47 		Before first Update
I DynamicQuestManager.cpp[0089]10/08 01:18:47 DynamicQuestReach id = 12864 prototype = 'dynamicQuestReach' created
I DynamicQuestManager.cpp[0090]10/08 01:18:47 targetName = 'Mariupol_Village', hirerName = 'PetrolStationTown6302', reward = 250
I DynamicQuestManager.cpp[0089]10/08 01:18:47 DynamicQuestReach id = 12865 prototype = 'dynamicQuestReach' created
I DynamicQuestManager.cpp[0090]10/08 01:18:47 targetName = 'Berdanskoe_Village', hirerName = 'Zavod_NGP', reward = 250
E              Gun.cpp[0866]10/08 01:18:47 Error: LoadPoint not found: LP_GUN for MinePusher id = 12876 prototype = 'minePusher', modelName = minoYkladchiK
E              Gun.cpp[0866]10/08 01:18:47 Error: LoadPoint not found: LP_GUN for MinePusher id = 12877 prototype = 'minePusher', modelName = minoYkladchiK
E              Gun.cpp[0866]10/08 01:18:47 Error: LoadPoint not found: LP_GUN for MinePusher id = 12878 prototype = 'minePusher', modelName = minoYkladchiK
E              Gun.cpp[0866]10/08 01:18:47 Error: LoadPoint not found: LP_GUN for MinePusher id = 12879 prototype = 'minePusher', modelName = minoYkladchiK
E              Gun.cpp[0866]10/08 01:18:47 Error: LoadPoint not found: LP_GUN for MinePusher id = 12880 prototype = 'minePusher', modelName = minoYkladchiK
E              Gun.cpp[0866]10/08 01:18:47 Error: LoadPoint not found: LP_GUN for MinePusher id = 12881 prototype = 'minePusher', modelName = minoYkladchiK
E              Gun.cpp[0866]10/08 01:18:47 Error: LoadPoint not found: LP_GUN for MinePusher id = 12882 prototype = 'minePusher', modelName = minoYkladchiK
E              Gun.cpp[0866]10/08 01:18:47 Error: LoadPoint not found: LP_GUN for MinePusher id = 12883 prototype = 'minePusher', modelName = minoYkladchiK
E              Gun.cpp[0866]10/08 01:18:47 Error: LoadPoint not found: LP_GUN for MinePusher id = 12884 prototype = 'minePusher', modelName = minoYkladchiK
E              Gun.cpp[0866]10/08 01:18:47 Error: LoadPoint not found: LP_GUN for MinePusher id = 12885 prototype = 'minePusher', modelName = minoYkladchiK
E              Gun.cpp[0866]10/08 01:18:47 Error: LoadPoint not found: LP_GUN for MinePusher id = 12886 prototype = 'minePusher', modelName = minoYkladchiK
E              Gun.cpp[0866]10/08 01:18:47 Error: LoadPoint not found: LP_GUN for MinePusher id = 12887 prototype = 'minePusher', modelName = minoYkladchiK
E              Gun.cpp[0866]10/08 01:18:47 Error: LoadPoint not found: LP_GUN for MinePusher id = 12888 prototype = 'minePusher', modelName = minoYkladchiK
E              Gun.cpp[0866]10/08 01:18:47 Error: LoadPoint not found: LP_GUN for MinePusher id = 12889 prototype = 'minePusher', modelName = minoYkladchiK
E              Gun.cpp[0866]10/08 01:18:47 Error: LoadPoint not found: LP_GUN for MinePusher id = 12890 prototype = 'minePusher', modelName = minoYkladchiK
E              Gun.cpp[0866]10/08 01:18:47 Error: LoadPoint not found: LP_GUN for MinePusher id = 12891 prototype = 'minePusher', modelName = minoYkladchiK
E              Gun.cpp[0866]10/08 01:18:47 Error: LoadPoint not found: LP_GUN for MinePusher id = 12892 prototype = 'minePusher', modelName = minoYkladchiK
E              Gun.cpp[0866]10/08 01:18:47 Error: LoadPoint not found: LP_GUN for MinePusher id = 12893 prototype = 'minePusher', modelName = minoYkladchiK
E              Gun.cpp[0866]10/08 01:18:47 Error: LoadPoint not found: LP_GUN for MinePusher id = 12894 prototype = 'minePusher', modelName = minoYkladchiK
E              Gun.cpp[0866]10/08 01:18:47 Error: LoadPoint not found: LP_GUN for MinePusher id = 12895 prototype = 'minePusher', modelName = minoYkladchiK
E              Gun.cpp[0866]10/08 01:18:47 Error: LoadPoint not found: LP_GUN for MinePusher id = 12896 prototype = 'minePusher', modelName = minoYkladchiK
E              Gun.cpp[0866]10/08 01:18:47 Error: LoadPoint not found: LP_GUN for MinePusher id = 12897 prototype = 'minePusher', modelName = minoYkladchiK
E              Gun.cpp[0866]10/08 01:18:47 Error: LoadPoint not found: LP_GUN for MinePusher id = 12898 prototype = 'minePusher', modelName = minoYkladchiK
E              Gun.cpp[0866]10/08 01:18:47 Error: LoadPoint not found: LP_GUN for MinePusher id = 12899 prototype = 'minePusher', modelName = minoYkladchiK
I DynamicQuestManager.cpp[0089]10/08 01:18:47 DynamicQuestReach id = 12900 prototype = 'dynamicQuestReach' created
I DynamicQuestManager.cpp[0090]10/08 01:18:47 targetName = 'Zavod_NGP', hirerName = 'Berdanskoe_Village', reward = 250
E              Gun.cpp[0866]10/08 01:18:47 Error: LoadPoint not found: LP_GUN for MinePusher id = 12901 prototype = 'minePusher', modelName = minoYkladchiK
E              Gun.cpp[0866]10/08 01:18:47 Error: LoadPoint not found: LP_GUN for MinePusher id = 12902 prototype = 'minePusher', modelName = minoYkladchiK
E              Gun.cpp[0866]10/08 01:18:47 Error: LoadPoint not found: LP_GUN for MinePusher id = 12903 prototype = 'minePusher', modelName = minoYkladchiK
E              Gun.cpp[0866]10/08 01:18:47 Error: LoadPoint not found: LP_GUN for MinePusher id = 12904 prototype = 'minePusher', modelName = minoYkladchiK
E              Gun.cpp[0866]10/08 01:18:47 Error: LoadPoint not found: LP_GUN for MinePusher id = 12905 prototype = 'minePusher', modelName = minoYkladchiK
E              Gun.cpp[0866]10/08 01:18:47 Error: LoadPoint not found: LP_GUN for MinePusher id = 12906 prototype = 'minePusher', modelName = minoYkladchiK
E              Gun.cpp[0866]10/08 01:18:47 Error: LoadPoint not found: LP_GUN for MinePusher id = 12907 prototype = 'minePusher', modelName = minoYkladchiK
E              Gun.cpp[0866]10/08 01:18:47 Error: LoadPoint not found: LP_GUN for MinePusher id = 12908 prototype = 'minePusher', modelName = minoYkladchiK
E              Gun.cpp[0866]10/08 01:18:47 Error: LoadPoint not found: LP_GUN for MinePusher id = 12909 prototype = 'minePusher', modelName = minoYkladchiK
E              Gun.cpp[0866]10/08 01:18:47 Error: LoadPoint not found: LP_GUN for MinePusher id = 12910 prototype = 'minePusher', modelName = minoYkladchiK
E              Gun.cpp[0866]10/08 01:18:47 Error: LoadPoint not found: LP_GUN for MinePusher id = 12911 prototype = 'minePusher', modelName = minoYkladchiK
E              Gun.cpp[0866]10/08 01:18:47 Error: LoadPoint not found: LP_GUN for MinePusher id = 12912 prototype = 'minePusher', modelName = minoYkladchiK
I DynamicQuestManager.cpp[0089]10/08 01:18:47 DynamicQuestReach id = 12913 prototype = 'dynamicQuestReach' created
I DynamicQuestManager.cpp[0090]10/08 01:18:47 targetName = 'Topolinoe_Village', hirerName = 'Nikolskoe_Village', reward = 250
E              Gun.cpp[0866]10/08 01:18:47 Error: LoadPoint not found: LP_GUN for MinePusher id = 12914 prototype = 'minePusher', modelName = minoYkladchiK
E              Gun.cpp[0866]10/08 01:18:47 Error: LoadPoint not found: LP_GUN for MinePusher id = 12915 prototype = 'minePusher', modelName = minoYkladchiK
E              Gun.cpp[0866]10/08 01:18:47 Error: LoadPoint not found: LP_GUN for MinePusher id = 12916 prototype = 'minePusher', modelName = minoYkladchiK
E              Gun.cpp[0866]10/08 01:18:47 Error: LoadPoint not found: LP_GUN for MinePusher id = 12917 prototype = 'minePusher', modelName = minoYkladchiK
E              Gun.cpp[0866]10/08 01:18:47 Error: LoadPoint not found: LP_GUN for MinePusher id = 12918 prototype = 'minePusher', modelName = minoYkladchiK
E              Gun.cpp[0866]10/08 01:18:47 Error: LoadPoint not found: LP_GUN for MinePusher id = 12919 prototype = 'minePusher', modelName = minoYkladchiK
E              Gun.cpp[0866]10/08 01:18:47 Error: LoadPoint not found: LP_GUN for MinePusher id = 12920 prototype = 'minePusher', modelName = minoYkladchiK
E              Gun.cpp[0866]10/08 01:18:47 Error: LoadPoint not found: LP_GUN for MinePusher id = 12921 prototype = 'minePusher', modelName = minoYkladchiK
E              Gun.cpp[0866]10/08 01:18:47 Error: LoadPoint not found: LP_GUN for MinePusher id = 12922 prototype = 'minePusher', modelName = minoYkladchiK
E              Gun.cpp[0866]10/08 01:18:47 Error: LoadPoint not found: LP_GUN for MinePusher id = 12923 prototype = 'minePusher', modelName = minoYkladchiK
E              Gun.cpp[0866]10/08 01:18:47 Error: LoadPoint not found: LP_GUN for MinePusher id = 12924 prototype = 'minePusher', modelName = minoYkladchiK
E              Gun.cpp[0866]10/08 01:18:47 Error: LoadPoint not found: LP_GUN for MinePusher id = 12925 prototype = 'minePusher', modelName = minoYkladchiK
E              Gun.cpp[0866]10/08 01:18:47 Error: LoadPoint not found: LP_GUN for MinePusher id = 12926 prototype = 'minePusher', modelName = minoYkladchiK
E              Gun.cpp[0866]10/08 01:18:47 Error: LoadPoint not found: LP_GUN for MinePusher id = 12927 prototype = 'minePusher', modelName = minoYkladchiK
E              Gun.cpp[0866]10/08 01:18:47 Error: LoadPoint not found: LP_GUN for MinePusher id = 12928 prototype = 'minePusher', modelName = minoYkladchiK
E              Gun.cpp[0866]10/08 01:18:47 Error: LoadPoint not found: LP_GUN for MinePusher id = 12929 prototype = 'minePusher', modelName = minoYkladchiK
E              Gun.cpp[0866]10/08 01:18:47 Error: LoadPoint not found: LP_GUN for MinePusher id = 12930 prototype = 'minePusher', modelName = minoYkladchiK
E              Gun.cpp[0866]10/08 01:18:47 Error: LoadPoint not found: LP_GUN for MinePusher id = 12931 prototype = 'minePusher', modelName = minoYkladchiK
E              Gun.cpp[0866]10/08 01:18:47 Error: LoadPoint not found: LP_GUN for MinePusher id = 12932 prototype = 'minePusher', modelName = minoYkladchiK
E              Gun.cpp[0866]10/08 01:18:47 Error: LoadPoint not found: LP_GUN for MinePusher id = 12933 prototype = 'minePusher', modelName = minoYkladchiK
E              Gun.cpp[0866]10/08 01:18:47 Error: LoadPoint not found: LP_GUN for MinePusher id = 12934 prototype = 'minePusher', modelName = minoYkladchiK
E              Gun.cpp[0866]10/08 01:18:47 Error: LoadPoint not found: LP_GUN for MinePusher id = 12935 prototype = 'minePusher', modelName = minoYkladchiK
E              Gun.cpp[0866]10/08 01:18:47 Error: LoadPoint not found: LP_GUN for MinePusher id = 12936 prototype = 'minePusher', modelName = minoYkladchiK
E              Gun.cpp[0866]10/08 01:18:47 Error: LoadPoint not found: LP_GUN for MinePusher id = 12937 prototype = 'minePusher', modelName = minoYkladchiK
I           server.cpp[0909]10/08 01:18:47 		After first Update
I           server.cpp[0911]10/08 01:18:47 AI: Finished Loading Server
I           view32.cpp[1106]10/08 01:18:47 Load server end
I        QuestInfo.cpp[0847]10/08 01:18:47 Quest infos were loaded successfully from file data\if\diz\QuestInfoGlobal.xml
I        QuestInfo.cpp[0783]10/08 01:18:47 QuestInfo manager was inited successfully
I    GameUiManager.cpp[0303]10/08 01:18:47 Interface: is initializing...
I    GameUiManager.cpp[0395]10/08 01:18:47 Interface: is inited successfully
I     GlobalMapWnd.cpp[0157]10/08 01:18:47 Make control error: control mainmenu_ico is not found or incorrect type
I     GlobalMapWnd.cpp[0157]10/08 01:18:47 Make control error: control r1m8_ico is not found or incorrect type
I     GlobalMapWnd.cpp[0157]10/08 01:18:47 Make control error: control r1m7_ico is not found or incorrect type
I     GlobalMapWnd.cpp[0157]10/08 01:18:47 Make control error: control r4m0_ico is not found or incorrect type
I     GlobalMapWnd.cpp[0157]10/08 01:18:47 Make control error: control r9m1_ico is not found or incorrect type
I     GlobalMapWnd.cpp[0203]10/08 01:18:47 GlobalMapWnd: error - fail to init because of a bad resource
I blockMusicManager.cpp[0185]10/08 01:18:47 BlockMusicManager: start playing new music: blockNum = 16, musicType = 0, name = 'r8_2_driving'
I       console_string[0236]10/08 01:18:59 ---------------------- CHEAT WAS USED --------- ANTICHEAT -----------------
I        FadingMsg.cpp[0199]10/08 01:18:59 Fading message: '@FFFF1493Обнаружено использование чит-кодов. Система достижений @FFFF0000ЗАБЛОКИРОВАНА. @FFFF1493В техподдержке @FFFF0000ОТКАЗАНО.'
I        FadingMsg.cpp[0199]10/08 01:18:59 Fading message: '@FFFF1493Обнаружено использование чит-кодов. Система достижений @FFFF0000ЗАБЛОКИРОВАНА. @FFFF1493В техподдержке @FFFF0000ОТКАЗАНО.'
E           client.cpp[0082]10/08 01:18:59 Error: Cant find server item for name: 'cub'
I             util.cpp[0423]10/08 01:19:02 Maximum joint count reached: 24
I        FadingMsg.cpp[0199]10/08 01:19:45 Fading message: 'Нажмите гудок (%1m) для въезда в город'
I townMusicManager.cpp[0096]10/08 01:19:47 TownMusicManager: start playing new music: 'techno_town1'
I blockMusicManager.cpp[0199]10/08 01:20:10 BlockMusicManager: resetting
I blockMusicManager.cpp[0185]10/08 01:20:11 BlockMusicManager: start playing new music: blockNum = 15, musicType = 0, name = 'r8_1_driving'
E           client.cpp[0082]10/08 01:20:51 Error: Cant find server item for name: 'cub'
E ComplexPhysicObj.cpp[1428]10/08 01:20:51 Error: LoadPoint not found! Model = 'fighterCab01', lp = LP_BIG01 for Vehicle id = 29285 prototype = 'Fighter02'
E           client.cpp[0082]10/08 01:20:51 Error: Cant find server item for name: 'cub'
E           client.cpp[0082]10/08 01:20:51 Error: Cant find server item for name: 'cub'
E ComplexPhysicObj.cpp[1428]10/08 01:20:52 Error: LoadPoint not found! Model = 'fighterCab01', lp = LP_BIG01 for Vehicle id = 29250 prototype = 'Fighter02'
E           client.cpp[0082]10/08 01:20:52 Error: Cant find server item for name: 'cub'
E           client.cpp[0082]10/08 01:20:52 Error: Cant find server item for name: 'cub'
E           client.cpp[0082]10/08 01:20:52 Error: Cant find server item for name: 'cub'
E           client.cpp[0082]10/08 01:20:52 Error: Cant find server item for name: 'cub'
E           client.cpp[0082]10/08 01:20:52 Error: Cant find server item for name: 'cub'
E           client.cpp[0082]10/08 01:20:52 Error: Cant find server item for name: 'cub'
E           client.cpp[0082]10/08 01:20:52 Error: Cant find server item for name: 'cub'
E           client.cpp[0082]10/08 01:20:52 Error: Cant find server item for name: 'cub'
E           client.cpp[0082]10/08 01:20:52 Error: Cant find server item for name: 'cub'
E ComplexPhysicObj.cpp[1428]10/08 01:20:52 Error: LoadPoint not found! Model = 'uralCab01', lp = LP_BIG01 for Vehicle id = 13018 prototype = 'Ural01'
E           client.cpp[0082]10/08 01:20:52 Error: Cant find server item for name: 'cub'
E           client.cpp[0082]10/08 01:20:52 Error: Cant find server item for name: 'cub'
E           client.cpp[0082]10/08 01:20:52 Error: Cant find server item for name: 'cub'
E           client.cpp[0082]10/08 01:20:52 Error: Cant find server item for name: 'cub'
E           client.cpp[0082]10/08 01:20:52 Error: Cant find server item for name: 'cub'
E ComplexPhysicObj.cpp[1428]10/08 01:20:52 Error: LoadPoint not found! Model = 'uralCab01', lp = LP_BIG01 for Vehicle id = 13070 prototype = 'Ural02'
E ComplexPhysicObj.cpp[1428]10/08 01:20:52 Error: LoadPoint not found! Model = 'uralCab01', lp = LP_BIG02 for Vehicle id = 13070 prototype = 'Ural02'
E ComplexPhysicObj.cpp[1428]10/08 01:20:52 Error: LoadPoint not found! Model = 'uralCab01', lp = LP_BIG02 for Vehicle id = 13070 prototype = 'Ural02'
E           client.cpp[0082]10/08 01:20:52 Error: Cant find server item for name: 'cub'
E           client.cpp[0082]10/08 01:20:52 Error: Cant find server item for name: 'cub'
E           client.cpp[0082]10/08 01:20:52 Error: Cant find server item for name: 'cub'
E           client.cpp[0082]10/08 01:20:52 Error: Cant find server item for name: 'cub'
E           client.cpp[0082]10/08 01:21:17 Error: Cant find server item for name: 'cargo'
E           client.cpp[0082]10/08 01:21:17 Error: Cant find server item for name: 'cargo'
E           client.cpp[0082]10/08 01:21:37 Error: Cant find server item for name: 'cub'
E ComplexPhysicObj.cpp[1428]10/08 01:21:38 Error: LoadPoint not found! Model = 'fighterCab01', lp = LP_BIG01 for Vehicle id = 783078 prototype = 'Fighter02'
E           client.cpp[0082]10/08 01:21:38 Error: Cant find server item for name: 'cub'
E           client.cpp[0082]10/08 01:21:38 Error: Cant find server item for name: 'cub'
E ComplexPhysicObj.cpp[1428]10/08 01:21:38 Error: LoadPoint not found! Model = 'hunterCab01', lp = LP_BIG01 for Vehicle id = 1684324 prototype = 'Hunter02'
E ComplexPhysicObj.cpp[1428]10/08 01:21:38 Error: LoadPoint not found! Model = 'hunterCab01', lp = LP_SML01 for Vehicle id = 1684324 prototype = 'Hunter02'
E ComplexPhysicObj.cpp[1428]10/08 01:21:38 Error: LoadPoint not found! Model = 'hunterCab01', lp = LP_SML01 for Vehicle id = 1684324 prototype = 'Hunter02'
E           client.cpp[0082]10/08 01:21:38 Error: Cant find server item for name: 'cub'
E           client.cpp[0082]10/08 01:21:38 Error: Cant find server item for name: 'cub'
E           client.cpp[0082]10/08 01:21:38 Error: Cant find server item for name: 'cub'
E           client.cpp[0082]10/08 01:21:38 Error: Cant find server item for name: 'cub'
E           client.cpp[0082]10/08 01:21:38 Error: Cant find server item for name: 'cub'
E           client.cpp[0082]10/08 01:21:38 Error: Cant find server item for name: 'cub'
E           client.cpp[0082]10/08 01:21:38 Error: Cant find server item for name: 'cub'
E           client.cpp[0082]10/08 01:21:38 Error: Cant find server item for name: 'cub'
E           client.cpp[0082]10/08 01:21:38 Error: Cant find server item for name: 'cub'
E           client.cpp[0082]10/08 01:21:38 Error: Cant find server item for name: 'cub'
E           client.cpp[0082]10/08 01:21:38 Error: Cant find server item for name: 'cub'
E ComplexPhysicObj.cpp[1428]10/08 01:21:38 Error: LoadPoint not found! Model = 'uralCab01', lp = LP_BIG01 for Vehicle id = 29477 prototype = 'Ural01'
E           client.cpp[0082]10/08 01:21:38 Error: Cant find server item for name: 'cub'
E ComplexPhysicObj.cpp[1428]10/08 01:21:38 Error: LoadPoint not found! Model = 'uralCab01', lp = LP_BIG01 for Vehicle id = 29423 prototype = 'Ural02'
E ComplexPhysicObj.cpp[1428]10/08 01:21:38 Error: LoadPoint not found! Model = 'uralCab01', lp = LP_BIG02 for Vehicle id = 29423 prototype = 'Ural02'
E ComplexPhysicObj.cpp[1428]10/08 01:21:38 Error: LoadPoint not found! Model = 'uralCab01', lp = LP_BIG02 for Vehicle id = 29423 prototype = 'Ural02'
E           client.cpp[0082]10/08 01:21:38 Error: Cant find server item for name: 'cub'
E ComplexPhysicObj.cpp[1428]10/08 01:21:38 Error: LoadPoint not found! Model = 'fighterCab01', lp = LP_BIG01 for Vehicle id = 29372 prototype = 'Fighter02'
E           client.cpp[0082]10/08 01:21:38 Error: Cant find server item for name: 'cub'
E           client.cpp[0082]10/08 01:21:38 Error: Cant find server item for name: 'cub'
E           client.cpp[0082]10/08 01:21:38 Error: Cant find server item for name: 'cub'
E           client.cpp[0082]10/08 01:21:38 Error: Cant find server item for name: 'cub'
E           client.cpp[0082]10/08 01:21:38 Error: Cant find server item for name: 'cub'
I             util.cpp[0423]10/08 01:21:48 Maximum joint count reached: 25
I             util.cpp[0423]10/08 01:21:49 Maximum joint count reached: 27
I             util.cpp[0423]10/08 01:21:52 Maximum joint count reached: 30
I        FadingMsg.cpp[0199]10/08 01:21:57 Fading message: 'Нажмите гудок (%1m) для въезда в город'
I townMusicManager.cpp[0096]10/08 01:21:59 TownMusicManager: start playing new music: 'Donb_town_g3'
I blockMusicManager.cpp[0199]10/08 01:22:03 BlockMusicManager: resetting
I blockMusicManager.cpp[0185]10/08 01:22:04 BlockMusicManager: start playing new music: blockNum = 15, musicType = 0, name = 'r8_1_driving'
I             util.cpp[0423]10/08 01:22:11 Maximum joint count reached: 32
E           client.cpp[0082]10/08 01:22:22 Error: Cant find server item for name: 'BrokenCable'
