-==- -==- -==- -==- -==- -==- -==- -==- -==- -==- -==- -==- -==- -==- -==-
-==
-== Log category   : Unhandled exception info
-== Build          : ExMachina - release version release build v1.02 (Dec 21 2005 12:15:04)
-==
-== Minidump could not be written, GetLastError = 2147942408
-== Exception      : 0x80000003 at address 0x00748A9B
-== Exception type : BREAKPOINT 
-==
-==- -==- -==- -==- -==- -==- -==- -==- -==- -==- -==- -==- -==- -==- -==-

1: 09/08/25 21:01:39
1: Physical memory = 2047 MB
1: Total memory    = 4095 MB
1: Physical memory available      =  472 MB
1: Total virtual memory           = 2047 MB
1: Total virtual memory available =    9 MB
1: Page file available            = 3919 MB

1: Data from MemoryManager:
1: mem used:           282976784
1: mem allocated:      496061603
1: mem overhead:        94419632
1: last allocation:           12
1: mem used by sound:  141763457


1:   0   SymGetSymFromAddr(): GetLastError = 126
1: SymGetModuleInfo): GetLastError = 126


Registers:
	CS:EIP 0x001B:00748A9B
	SS:ESP 0x0023:039C4034
	DS:EDI 0x0023:7FFA8038
	ES:ESI 0x0023:04770FE8
	   EAX        00000000
	   EBX        0000000C
	   ECX        00000000
	   EDX        00000016

