---------------------------------------------- Log begins on Wed Sep 24 20:13:12 2025 ----------------------------------------------
I           m3dapp.cpp[0088]24/09 20:13:12 Starting up...
I           m3dapp.cpp[1498]24/09 20:13:12 ExMachina - release version release build v1.02 (Dec 21 2005 12:15:10)
I      Stackwalker.cpp[0608]24/09 20:13:12 Stackwalker: log file name will be 'b:/exmachina gm.mod sdk new/exceptions/hta.exe0010.log'
I      Stackwalker.cpp[0609]24/09 20:13:12 Stackwalker: dump file name will be 'b:/exmachina gm.mod sdk new/exceptions/hta.exe0010.dmp'
I      Stackwalker.cpp[0610]24/09 20:13:12 Stackwalker: game log file name will be 'b:/exmachina gm.mod sdk new/exceptions/hta.exe0010_game.log'
I           m3dapp.cpp[1391]24/09 20:13:12 Path: B:\ExMachina GM.mod SDK new
I           m3dapp.cpp[1392]24/09 20:13:12 Exe: B:\ExMachina GM.mod SDK new\hta.exe
I           m3dapp.cpp[1401]24/09 20:13:12 Windows version: 6.2.9200
I           m3dapp.cpp[1410]24/09 20:13:12 Computer name: DESKTOP-QQPV5MQ
I           m3dapp.cpp[1430]24/09 20:13:12 Cpu: GenuineIntel
I           m3dapp.cpp[1434]24/09 20:13:12 Cpu clock: ~3302
I           m3dapp.cpp[1459]24/09 20:13:12 Processor is mmx able
I           m3dapp.cpp[1470]24/09 20:13:12 Physical memory: 4095 MB
I           m3dapp.cpp[1471]24/09 20:13:12 Total memory:    4095 MB
I           m3dapp.cpp[1472]24/09 20:13:12 Physical memory available: 4095 MB
I           m3dapp.cpp[1473]24/09 20:13:12 Total memory available:    3834 MB
I           m3dapp.cpp[2846]24/09 20:13:12 SetCodepage -- using codepage 1251 '1251  (ANSI - кириллица)'
I           m3dapp.cpp[2154]24/09 20:13:12 NOTE! renderer is bind to dxrender9.dll
I           m3dapp.cpp[1336]24/09 20:13:12 d3d: Given device behavior: 80
I           m3dapp.cpp[1336]24/09 20:13:12 d3d: Confirmed device behavior: 80
I           m3dapp.cpp[1336]24/09 20:13:13 d3d: Description: NVIDIA GeForce GTX 1650
I           m3dapp.cpp[1336]24/09 20:13:13 d3d: Driver:      nvldumd.dll
I           m3dapp.cpp[1336]24/09 20:13:13 d3d: VendorId:    0x10de
I           m3dapp.cpp[1336]24/09 20:13:13 d3d: DeviceId:    0x1f0a
I           m3dapp.cpp[1336]24/09 20:13:13 d3d: SubSysId:    0x145c1771
I           m3dapp.cpp[1336]24/09 20:13:13 d3d: Revision:    161
I           m3dapp.cpp[1336]24/09 20:13:13 d3d: Driver version info:
I           m3dapp.cpp[1336]24/09 20:13:13 d3d:   Product:    32
I           m3dapp.cpp[1336]24/09 20:13:13 d3d:   Version:    0
I           m3dapp.cpp[1336]24/09 20:13:13 d3d:   SubVersion: 15
I           m3dapp.cpp[1336]24/09 20:13:13 d3d:   Build:      8129
I           m3dapp.cpp[1336]24/09 20:13:13 d3d: WHQLLevel:    0
I           m3dapp.cpp[1336]24/09 20:13:13 d3d: Texture max size: 16384x16384
I           m3dapp.cpp[1336]24/09 20:13:13 d3d: Guard band: (-100000000.000,-100000000.000,100000000.000,100000000.000)
I           m3dapp.cpp[1336]24/09 20:13:13 d3d: MaxTextureBlendStages: 8
I           m3dapp.cpp[1336]24/09 20:13:13 d3d: MaxSimultaneousTextures: 8
I           m3dapp.cpp[1336]24/09 20:13:13 d3d: MaxActiveLights: 10
I           m3dapp.cpp[1336]24/09 20:13:13 d3d: MaxUserClipPlanes: 8
I           m3dapp.cpp[1336]24/09 20:13:13 d3d: VertexShaderVersion: 0xfffe0300
I           m3dapp.cpp[1336]24/09 20:13:13 d3d: PixelShaderVersion: 0xffff0300
I           m3dapp.cpp[1336]24/09 20:13:13 d3d: Geometry instancing: supported
I           m3dapp.cpp[1336]24/09 20:13:13 d3d: Depth bias supported: yes
I           m3dapp.cpp[1336]24/09 20:13:13 d3d: Slope-scale based depth bias supported: yes
I           m3dapp.cpp[1336]24/09 20:13:13 d3d: HwRasterization: true
I           m3dapp.cpp[1336]24/09 20:13:13 d3d: HwTnL: true
I           m3dapp.cpp[1336]24/09 20:13:13 d3d: PureDevice: true
I           m3dapp.cpp[1336]24/09 20:13:13 d3d: CubeMap: true
I           m3dapp.cpp[1336]24/09 20:13:13 d3d: VolumeMap: true
I           m3dapp.cpp[1336]24/09 20:13:13 d3d: TextureAddressCaps:
I           m3dapp.cpp[1336]24/09 20:13:13 d3d: 	wrap: true
I           m3dapp.cpp[1336]24/09 20:13:13 d3d: 	clamp: true
I           m3dapp.cpp[1336]24/09 20:13:13 d3d: 	border: true
I           m3dapp.cpp[1336]24/09 20:13:13 d3d: Projective textures: true
I           m3dapp.cpp[1336]24/09 20:13:13 d3d: MaxPointSize: 8192.000
I           m3dapp.cpp[1336]24/09 20:13:13 d3d: MaxPrimitiveCount: 16777215
I           m3dapp.cpp[1336]24/09 20:13:13 d3d: MaxVertexIndex: 16777215
I           m3dapp.cpp[1336]24/09 20:13:13 d3d: MaxStreams: 16
I           m3dapp.cpp[1336]24/09 20:13:13 d3d: MaxStreamsStride: 255
I           m3dapp.cpp[1336]24/09 20:13:13 d3d: MaxAnisotropy: 16
I           m3dapp.cpp[1336]24/09 20:13:13 d3d: MaxVertexBlendMatrices: 4
I           m3dapp.cpp[1336]24/09 20:13:13 d3d: MaxVertexBlendMatrixIndex: 8
I           m3dapp.cpp[1336]24/09 20:13:13 d3d: FullScreenGamma: true
I           m3dapp.cpp[1336]24/09 20:13:13 d3d: COLORWRITEENABLE: true
I           m3dapp.cpp[1336]24/09 20:13:13 d3d: MASKZ: true
I           m3dapp.cpp[1336]24/09 20:13:13 d3d: BLENDOP: true
I           m3dapp.cpp[1336]24/09 20:13:13 d3d: CLIPPLANESCALEDPOINTS: false
I           m3dapp.cpp[1336]24/09 20:13:13 d3d: CLIPTLVERTS: true
I           m3dapp.cpp[1336]24/09 20:13:13 d3d: TSSARGTEMP: true
I           m3dapp.cpp[1336]24/09 20:13:13 d3d: DIRECTIONALLIGHTS: true
I           m3dapp.cpp[1336]24/09 20:13:13 d3d: LOCALVIEWER: true
I           m3dapp.cpp[1336]24/09 20:13:13 d3d: POSITIONALLIGHTS: true
I           m3dapp.cpp[1336]24/09 20:13:13 d3d: TEXGEN:  true
I           m3dapp.cpp[1336]24/09 20:13:13 d3d: TWEENING:  true
I           m3dapp.cpp[1336]24/09 20:13:13 d3d: Dp3: true
I           m3dapp.cpp[1336]24/09 20:13:13 d3d: Lerp: true
I           m3dapp.cpp[1336]24/09 20:13:13 d3d: MaxNpatchTessellationLevel: 0.000
I           m3dapp.cpp[1336]24/09 20:13:13 d3d: Query VCACHE support: true
I           m3dapp.cpp[1336]24/09 20:13:13 d3d: Query EVENT support: true
I           m3dapp.cpp[1336]24/09 20:13:13 d3d: Query OCCLUSION support: true
I           m3dapp.cpp[1336]24/09 20:13:13 d3d: Query TIMESTAMP support: true
I           m3dapp.cpp[1336]24/09 20:13:13 d3d: Query TIMESTAMPDISJOINT support: true
I           m3dapp.cpp[1336]24/09 20:13:13 d3d: Query TIMESTAMPFREQ support: true
I           m3dapp.cpp[1336]24/09 20:13:13 d3d: Query PIPELINETIMINGS support: false
I           m3dapp.cpp[1336]24/09 20:13:13 d3d: Query INTERFACETIMINGS support: false
I           m3dapp.cpp[1336]24/09 20:13:13 d3d: Query VERTEXTIMINGS support: false
I           m3dapp.cpp[1336]24/09 20:13:13 d3d: Query PIXELTIMINGS support: false
I           m3dapp.cpp[1336]24/09 20:13:13 d3d: Query BANDWIDTHTIMINGS support: false
I           m3dapp.cpp[1336]24/09 20:13:13 d3d: Query CACHEUTILIZATION support: false
I           m3dapp.cpp[1336]24/09 20:13:13 d3d: Creating or resetting the device
I           m3dapp.cpp[1336]24/09 20:13:13 d3d: Back buffer format: X8R8G8B8
I           m3dapp.cpp[1336]24/09 20:13:13 d3d: Depth/stencil buffer format: D24S8
I           m3dapp.cpp[1336]24/09 20:13:13 d3d: Stenciling: off
I           m3dapp.cpp[1336]24/09 20:13:13 d3d: Rgba textures format: DXT5
I           m3dapp.cpp[1336]24/09 20:13:13 d3d: Rgba no c. textures format: A8R8G8B8
I           m3dapp.cpp[1336]24/09 20:13:13 d3d: RgbA textures format: DXT5
I           m3dapp.cpp[1336]24/09 20:13:13 d3d: RgbA no c. textures format: A4R4G4B4
I           m3dapp.cpp[1336]24/09 20:13:13 d3d: Rt textures format: A8R8G8B8
I           m3dapp.cpp[1336]24/09 20:13:13 d3d: Shadow textures format: R5G6B5
I           m3dapp.cpp[1336]24/09 20:13:13 d3d: Rt depth format: D16
I           m3dapp.cpp[2206]24/09 20:13:13 NOTE! input is bind to input_di8.dll
I           m3dapp.cpp[1938]24/09 20:13:13 NOTE! sound is bind to sound.dll
I           m3dapp.cpp[1350]24/09 20:13:13 input: Joystick not found
I           m3dapp.cpp[1343]24/09 20:13:13 snd: Max sound channels available: 128
I           m3dapp.cpp[1343]24/09 20:13:13 snd: Sound is inited successfully
I             font.cpp[0976]24/09 20:13:13 FontManager: fonts are loaded successfully
I           m3dapp.cpp[1336]24/09 20:13:13 d3d: Cannot open data\models\logos\fishmen.dds
I           m3dapp.cpp[1336]24/09 20:13:13 d3d: texmap failed to load: data\models\logos\fishmen.dds
E       DraftModel.cpp[1002]24/09 20:13:13 Error: Couldn't load texture data\models\logos\fishmen.dds for model logos.gam
I           m3dapp.cpp[1336]24/09 20:13:13 d3d: Cannot open data\models\logos\logo32.dds
I           m3dapp.cpp[1336]24/09 20:13:13 d3d: texmap failed to load: data\models\logos\logo32.dds
E       DraftModel.cpp[1002]24/09 20:13:13 Error: Couldn't load texture data\models\logos\logo32.dds for model logos.gam
I           m3dapp.cpp[1336]24/09 20:13:13 d3d: Cannot open data\models\logos\logo33.dds
I           m3dapp.cpp[1336]24/09 20:13:13 d3d: texmap failed to load: data\models\logos\logo33.dds
E       DraftModel.cpp[1002]24/09 20:13:13 Error: Couldn't load texture data\models\logos\logo33.dds for model logos.gam
I           m3dapp.cpp[1336]24/09 20:13:13 d3d: Cannot open data\models\logos\logo34.dds
I           m3dapp.cpp[1336]24/09 20:13:13 d3d: texmap failed to load: data\models\logos\logo34.dds
E       DraftModel.cpp[1002]24/09 20:13:13 Error: Couldn't load texture data\models\logos\logo34.dds for model logos.gam
I           m3dapp.cpp[1336]24/09 20:13:13 d3d: Cannot open data\models\logos\logo35.dds
I           m3dapp.cpp[1336]24/09 20:13:13 d3d: texmap failed to load: data\models\logos\logo35.dds
E       DraftModel.cpp[1002]24/09 20:13:13 Error: Couldn't load texture data\models\logos\logo35.dds for model logos.gam
I           m3dapp.cpp[1336]24/09 20:13:13 d3d: Cannot open data\models\logos\logo36.dds
I           m3dapp.cpp[1336]24/09 20:13:13 d3d: texmap failed to load: data\models\logos\logo36.dds
E       DraftModel.cpp[1002]24/09 20:13:13 Error: Couldn't load texture data\models\logos\logo36.dds for model logos.gam
I           m3dapp.cpp[1336]24/09 20:13:13 d3d: Cannot open data\models\logos\logo37.dds
I           m3dapp.cpp[1336]24/09 20:13:13 d3d: texmap failed to load: data\models\logos\logo37.dds
E       DraftModel.cpp[1002]24/09 20:13:13 Error: Couldn't load texture data\models\logos\logo37.dds for model logos.gam
I           m3dapp.cpp[1336]24/09 20:13:13 d3d: Cannot open data\models\logos\logo38.dds
I           m3dapp.cpp[1336]24/09 20:13:13 d3d: texmap failed to load: data\models\logos\logo38.dds
E       DraftModel.cpp[1002]24/09 20:13:13 Error: Couldn't load texture data\models\logos\logo38.dds for model logos.gam
I           m3dapp.cpp[1336]24/09 20:13:13 d3d: Cannot open data\models\logos\logo39.dds
I           m3dapp.cpp[1336]24/09 20:13:13 d3d: texmap failed to load: data\models\logos\logo39.dds
E       DraftModel.cpp[1002]24/09 20:13:13 Error: Couldn't load texture data\models\logos\logo39.dds for model logos.gam
I           m3dapp.cpp[1336]24/09 20:13:13 d3d: Cannot open data\models\logos\logo40.dds
I           m3dapp.cpp[1336]24/09 20:13:13 d3d: texmap failed to load: data\models\logos\logo40.dds
E       DraftModel.cpp[1002]24/09 20:13:13 Error: Couldn't load texture data\models\logos\logo40.dds for model logos.gam
I           m3dapp.cpp[1336]24/09 20:13:13 d3d: Cannot open data\models\logos\logo41.dds
I           m3dapp.cpp[1336]24/09 20:13:13 d3d: texmap failed to load: data\models\logos\logo41.dds
E       DraftModel.cpp[1002]24/09 20:13:13 Error: Couldn't load texture data\models\logos\logo41.dds for model logos.gam
I           m3dapp.cpp[1336]24/09 20:13:13 d3d: Cannot open data\models\logos\logo42.dds
I           m3dapp.cpp[1336]24/09 20:13:13 d3d: texmap failed to load: data\models\logos\logo42.dds
E       DraftModel.cpp[1002]24/09 20:13:13 Error: Couldn't load texture data\models\logos\logo42.dds for model logos.gam
I           m3dapp.cpp[1336]24/09 20:13:13 d3d: Cannot open data\models\logos\logo43.dds
I           m3dapp.cpp[1336]24/09 20:13:13 d3d: texmap failed to load: data\models\logos\logo43.dds
E       DraftModel.cpp[1002]24/09 20:13:13 Error: Couldn't load texture data\models\logos\logo43.dds for model logos.gam
I           m3dapp.cpp[1336]24/09 20:13:13 d3d: Cannot open data\models\logos\logo44.dds
I           m3dapp.cpp[1336]24/09 20:13:13 d3d: texmap failed to load: data\models\logos\logo44.dds
E       DraftModel.cpp[1002]24/09 20:13:13 Error: Couldn't load texture data\models\logos\logo44.dds for model logos.gam
I           m3dapp.cpp[1336]24/09 20:13:13 d3d: Cannot open data\models\logos\logo45.dds
I           m3dapp.cpp[1336]24/09 20:13:13 d3d: texmap failed to load: data\models\logos\logo45.dds
E       DraftModel.cpp[1002]24/09 20:13:13 Error: Couldn't load texture data\models\logos\logo45.dds for model logos.gam
I           m3dapp.cpp[1336]24/09 20:13:13 d3d: Cannot open data\models\logos\logo46.dds
I           m3dapp.cpp[1336]24/09 20:13:13 d3d: texmap failed to load: data\models\logos\logo46.dds
E       DraftModel.cpp[1002]24/09 20:13:13 Error: Couldn't load texture data\models\logos\logo46.dds for model logos.gam
I           m3dapp.cpp[1336]24/09 20:13:13 d3d: Cannot open data\models\logos\logo47.dds
I           m3dapp.cpp[1336]24/09 20:13:13 d3d: texmap failed to load: data\models\logos\logo47.dds
E       DraftModel.cpp[1002]24/09 20:13:13 Error: Couldn't load texture data\models\logos\logo47.dds for model logos.gam
I           m3dapp.cpp[1336]24/09 20:13:13 d3d: Cannot open data\models\logos\logo48.dds
I           m3dapp.cpp[1336]24/09 20:13:13 d3d: texmap failed to load: data\models\logos\logo48.dds
E       DraftModel.cpp[1002]24/09 20:13:13 Error: Couldn't load texture data\models\logos\logo48.dds for model logos.gam
I           m3dapp.cpp[1336]24/09 20:13:13 d3d: Cannot open data\models\logos\logo49.dds
I           m3dapp.cpp[1336]24/09 20:13:13 d3d: texmap failed to load: data\models\logos\logo49.dds
E       DraftModel.cpp[1002]24/09 20:13:13 Error: Couldn't load texture data\models\logos\logo49.dds for model logos.gam
I           m3dapp.cpp[1336]24/09 20:13:13 d3d: Cannot open data\models\logos\logo50.dds
I           m3dapp.cpp[1336]24/09 20:13:13 d3d: texmap failed to load: data\models\logos\logo50.dds
E       DraftModel.cpp[1002]24/09 20:13:13 Error: Couldn't load texture data\models\logos\logo50.dds for model logos.gam
I           m3dapp.cpp[1336]24/09 20:13:13 d3d: Cannot open data\models\logos\logo51.dds
I           m3dapp.cpp[1336]24/09 20:13:13 d3d: texmap failed to load: data\models\logos\logo51.dds
E       DraftModel.cpp[1002]24/09 20:13:13 Error: Couldn't load texture data\models\logos\logo51.dds for model logos.gam
I           m3dapp.cpp[1336]24/09 20:13:13 d3d: Cannot open data\models\logos\logo52.dds
I           m3dapp.cpp[1336]24/09 20:13:13 d3d: texmap failed to load: data\models\logos\logo52.dds
E       DraftModel.cpp[1002]24/09 20:13:13 Error: Couldn't load texture data\models\logos\logo52.dds for model logos.gam
I           m3dapp.cpp[1336]24/09 20:13:13 d3d: Cannot open data\models\logos\logo53.dds
I           m3dapp.cpp[1336]24/09 20:13:13 d3d: texmap failed to load: data\models\logos\logo53.dds
E       DraftModel.cpp[1002]24/09 20:13:13 Error: Couldn't load texture data\models\logos\logo53.dds for model logos.gam
I           m3dapp.cpp[1336]24/09 20:13:13 d3d: Cannot open data\models\logos\logo54.dds
I           m3dapp.cpp[1336]24/09 20:13:13 d3d: texmap failed to load: data\models\logos\logo54.dds
E       DraftModel.cpp[1002]24/09 20:13:13 Error: Couldn't load texture data\models\logos\logo54.dds for model logos.gam
I           m3dapp.cpp[1336]24/09 20:13:13 d3d: Cannot open data\models\logos\logo55.dds
I           m3dapp.cpp[1336]24/09 20:13:13 d3d: texmap failed to load: data\models\logos\logo55.dds
E       DraftModel.cpp[1002]24/09 20:13:13 Error: Couldn't load texture data\models\logos\logo55.dds for model logos.gam
I           m3dapp.cpp[1336]24/09 20:13:13 d3d: Cannot open data\models\logos\logo56.dds
I           m3dapp.cpp[1336]24/09 20:13:13 d3d: texmap failed to load: data\models\logos\logo56.dds
E       DraftModel.cpp[1002]24/09 20:13:13 Error: Couldn't load texture data\models\logos\logo56.dds for model logos.gam
I           m3dapp.cpp[1336]24/09 20:13:13 d3d: Cannot open data\models\logos\logo57.dds
I           m3dapp.cpp[1336]24/09 20:13:13 d3d: texmap failed to load: data\models\logos\logo57.dds
E       DraftModel.cpp[1002]24/09 20:13:13 Error: Couldn't load texture data\models\logos\logo57.dds for model logos.gam
I           m3dapp.cpp[1336]24/09 20:13:13 d3d: Cannot open data\models\logos\logo58.dds
I           m3dapp.cpp[1336]24/09 20:13:13 d3d: texmap failed to load: data\models\logos\logo58.dds
E       DraftModel.cpp[1002]24/09 20:13:13 Error: Couldn't load texture data\models\logos\logo58.dds for model logos.gam
I           m3dapp.cpp[1336]24/09 20:13:13 d3d: Cannot open data\models\logos\logo59.dds
I           m3dapp.cpp[1336]24/09 20:13:13 d3d: texmap failed to load: data\models\logos\logo59.dds
E       DraftModel.cpp[1002]24/09 20:13:13 Error: Couldn't load texture data\models\logos\logo59.dds for model logos.gam
I           m3dapp.cpp[1336]24/09 20:13:13 d3d: Cannot open data\models\logos\logo60.dds
I           m3dapp.cpp[1336]24/09 20:13:13 d3d: texmap failed to load: data\models\logos\logo60.dds
E       DraftModel.cpp[1002]24/09 20:13:13 Error: Couldn't load texture data\models\logos\logo60.dds for model logos.gam
I           m3dapp.cpp[1336]24/09 20:13:13 d3d: Cannot open data\models\logos\logo61.dds
I           m3dapp.cpp[1336]24/09 20:13:13 d3d: texmap failed to load: data\models\logos\logo61.dds
E       DraftModel.cpp[1002]24/09 20:13:13 Error: Couldn't load texture data\models\logos\logo61.dds for model logos.gam
I           m3dapp.cpp[1336]24/09 20:13:13 d3d: Cannot open data\models\logos\logo62.dds
I           m3dapp.cpp[1336]24/09 20:13:13 d3d: texmap failed to load: data\models\logos\logo62.dds
E       DraftModel.cpp[1002]24/09 20:13:13 Error: Couldn't load texture data\models\logos\logo62.dds for model logos.gam
I           m3dapp.cpp[1336]24/09 20:13:13 d3d: Cannot open data\models\logos\logo63.dds
I           m3dapp.cpp[1336]24/09 20:13:13 d3d: texmap failed to load: data\models\logos\logo63.dds
E       DraftModel.cpp[1002]24/09 20:13:13 Error: Couldn't load texture data\models\logos\logo63.dds for model logos.gam
I           m3dapp.cpp[1336]24/09 20:13:13 d3d: Cannot open data\models\logos\logo64.dds
I           m3dapp.cpp[1336]24/09 20:13:13 d3d: texmap failed to load: data\models\logos\logo64.dds
E       DraftModel.cpp[1002]24/09 20:13:13 Error: Couldn't load texture data\models\logos\logo64.dds for model logos.gam
I           m3dapp.cpp[1336]24/09 20:13:13 d3d: Cannot open data\models\logos\logo65.dds
I           m3dapp.cpp[1336]24/09 20:13:13 d3d: texmap failed to load: data\models\logos\logo65.dds
E       DraftModel.cpp[1002]24/09 20:13:13 Error: Couldn't load texture data\models\logos\logo65.dds for model logos.gam
I           m3dapp.cpp[1336]24/09 20:13:13 d3d: Cannot open data\models\logos\logo66.dds
I           m3dapp.cpp[1336]24/09 20:13:13 d3d: texmap failed to load: data\models\logos\logo66.dds
E       DraftModel.cpp[1002]24/09 20:13:13 Error: Couldn't load texture data\models\logos\logo66.dds for model logos.gam
I           m3dapp.cpp[1336]24/09 20:13:13 d3d: Cannot open data\models\logos\logo67.dds
I           m3dapp.cpp[1336]24/09 20:13:13 d3d: texmap failed to load: data\models\logos\logo67.dds
E       DraftModel.cpp[1002]24/09 20:13:13 Error: Couldn't load texture data\models\logos\logo67.dds for model logos.gam
I           m3dapp.cpp[1336]24/09 20:13:13 d3d: Cannot open data\models\logos\logo68.dds
I           m3dapp.cpp[1336]24/09 20:13:13 d3d: texmap failed to load: data\models\logos\logo68.dds
E       DraftModel.cpp[1002]24/09 20:13:13 Error: Couldn't load texture data\models\logos\logo68.dds for model logos.gam
I           m3dapp.cpp[1336]24/09 20:13:13 d3d: Cannot open data\models\logos\logo69.dds
I           m3dapp.cpp[1336]24/09 20:13:13 d3d: texmap failed to load: data\models\logos\logo69.dds
E       DraftModel.cpp[1002]24/09 20:13:13 Error: Couldn't load texture data\models\logos\logo69.dds for model logos.gam
I           m3dapp.cpp[1336]24/09 20:13:13 d3d: Cannot open data\models\logos\logo70.dds
I           m3dapp.cpp[1336]24/09 20:13:13 d3d: texmap failed to load: data\models\logos\logo70.dds
E       DraftModel.cpp[1002]24/09 20:13:13 Error: Couldn't load texture data\models\logos\logo70.dds for model logos.gam
I      gameimpulse.cpp[0288]24/09 20:13:13 Key bindings: were inited successfully
I           view32.cpp[0705]24/09 20:13:13 --- Init Media ---
I    GameUiManager.cpp[0303]24/09 20:13:13 Interface: is initializing...
I    GameUiManager.cpp[1580]24/09 20:13:13 Interface: clearing resource infos ...
I    GameUiManager.cpp[1491]24/09 20:13:13 Interface: loading resource infos ...
I    GameUiManager.cpp[1603]24/09 20:13:13 Interface: loading resources ...
I           m3dapp.cpp[1343]24/09 20:13:13 snd: Error: Can't Open SoundFile: 
I           m3dapp.cpp[1343]24/09 20:13:13 snd: Cannot open sound stream from file . Error: File not found, flags: 8272
I    GameUiManager.cpp[0395]24/09 20:13:13 Interface: is inited successfully
I        LevelInfo.cpp[0806]24/09 20:13:13 Level infos were loaded successfully from file data\if\diz\LevelInfo.xml
I        LevelInfo.cpp[0837]24/09 20:13:13 Error: could't open data\maps\r1m8.ssl file
E        LevelInfo.cpp[0749]24/09 20:13:13 LevelInfoManager was inited with errors
I   TruxxUiManager.cpp[0191]24/09 20:13:13 TruxxUiManager: was inited successfully
I      gameimpulse.cpp[0618]24/09 20:13:13 Key bindings: unbind all is done
I      gameimpulse.cpp[0324]24/09 20:13:13 Key bindings: were loaded successfully from file data\scripts\DefaultKeyBindings.lua
I      gameimpulse.cpp[1194]24/09 20:13:13 Key bindings: were bind from defaults
I            video.cpp[0704]24/09 20:13:13 Could not load specified video file: data\video\logobuka.wmv (hr = 80070003)
I     view32_video.cpp[0061]24/09 20:13:13 Error: couldn't load video 'data\video\logobuka.wmv'
I            video.cpp[0704]24/09 20:13:13 Could not load specified video file: data\video\logotargem.wmv (hr = 80070003)
I     view32_video.cpp[0061]24/09 20:13:13 Error: couldn't load video 'data\video\logotargem.wmv'
I            video.cpp[0704]24/09 20:13:13 Could not load specified video file: data\video\INTRO_RUS_FIELD.wmv (hr = 80070003)
I     view32_video.cpp[0061]24/09 20:13:13 Error: couldn't load video 'data\video\INTRO_RUS_FIELD.wmv'
I             core.lua[0013]24/09 20:13:13 IMPROVED STORYLINE V1.0.5.3 ORIGINAL BUILD 220422
I           m3dapp.cpp[1808]24/09 20:13:13 ----------------------- Engine inited in: 0
I          Profile.cpp[0602]24/09 20:13:13 Profile "RiverZone" set
I   TruxxUiManager.cpp[1422]24/09 20:13:13 Game mode changed. Old mode = 3, new mode = 2
I        SplashWnd.cpp[0244]24/09 20:13:13 Start splashing 11
I           view32.cpp[1048]24/09 20:13:13 -- Loading Level: data\maps\mainmenu.ssl --
I            world.cpp[0132]24/09 20:13:13 ----------------------- World Loading
F        landscape.cpp[1674]24/09 20:13:13  +- Enter function: Landscape::Load()
I        landscape.cpp[1911]24/09 20:13:13  |  ----------------------- Normal map loaded in: 0
I        landscape.cpp[1920]24/09 20:13:13  |  ----------------------- Tiles loaded in: 12
I        landscape.cpp[1944]24/09 20:13:13  |  ----------------------- ShoreLine loaded in: 1
F        landscape.cpp[1944]24/09 20:13:13  +- Exit function: Landscape::Load()
I            world.cpp[0169]24/09 20:13:13 ----------------------- Landscape loaded in: 52
I       DataServer.cpp[0587]24/09 20:13:13 Loading Servers: data\maps\MainMenu\servers.xml
I serverAnimatedModel.cpp[0630]24/09 20:13:14 ### Total time: 797, GAM time: 263
I       DataServer.cpp[0587]24/09 20:13:14 Loading Servers: data\models\commonservers.xml
E      serverMusic.cpp[0216]24/09 20:13:16 MusicServer: cannot read file: data\music\music.xml id = 'LaBelleTown'
E      serverMusic.cpp[0216]24/09 20:13:16 MusicServer: cannot read file: data\music\music.xml id = 'block6_driving2'
I            world.cpp[0210]24/09 20:13:16 ----------------------- Servers loaded in: 2199
I            world.cpp[0338]24/09 20:13:16 LoadWorld begin...
I            world.cpp[0350]24/09 20:13:16 %%%% read/parse xml: 6
I            world.cpp[0362]24/09 20:13:16 %%%% read from xml: 2
E    PlayerPassMap.cpp[0139]24/09 20:13:16 Couldn't load player pass map from file data\maps\MainMenu\player_passmap.xml
I            world.cpp[0444]24/09 20:13:16 %%%% link nodes: 8
I            world.cpp[0220]24/09 20:13:16 ----------------------- Nodes loaded in: 18
I            world.cpp[0228]24/09 20:13:16 ----------------------- Prefabs loaded in: 0
I            world.cpp[0247]24/09 20:13:16 ----------------------- World loaded in: 2344
I            world.cpp[0278]24/09 20:13:16 ----------------------- Roads loaded in: 66
I           view32.cpp[1078]24/09 20:13:16 Load Server begin...
I   TruxxUiManager.cpp[0974]24/09 20:13:16 Interface: is loaded successfully
I           server.cpp[0789]24/09 20:13:16 AI: Loading Server...
I           server.cpp[0796]24/09 20:13:16 	AI: Loading Relationship
I     Relationship.cpp[0134]24/09 20:13:16 		 File readed
I           server.cpp[0801]24/09 20:13:16 	AI: Loading SoilProps
I           server.cpp[0804]24/09 20:13:16 	AI: Loading ExternalPaths
I           server.cpp[0807]24/09 20:13:16 	AI: Loading PlayerPassMap
E    PlayerPassMap.cpp[0139]24/09 20:13:16 Couldn't load player pass map from file data\maps\MainMenu\player_passmap.xml
I           server.cpp[0813]24/09 20:13:16 	AI: Loading GameObjects
I           server.cpp[0816]24/09 20:13:16 	AI: Initializing VehicleGeneratorInfoCache
I           server.cpp[0820]24/09 20:13:16 	AI: Refreshing GameObjects
I           server.cpp[0824]24/09 20:13:16 	AI: Loading QuestStates
I       QuestState.cpp[0904]24/09 20:13:16 Quest 'Human1_Quest1' can be given now
I       QuestState.cpp[0904]24/09 20:13:16 Quest 'Human1_Quest2' can be given now
I       QuestState.cpp[0904]24/09 20:13:16 Quest 'BenGoodEnd' can be given now
I       QuestState.cpp[0904]24/09 20:13:16 Quest 'q_PlaceWithSign' can be given now
I       QuestState.cpp[0904]24/09 20:13:16 Quest 'r3m2_OracleMemory' can be given now
I       QuestState.cpp[0904]24/09 20:13:16 Quest 'r3m2_TalkWithLisa' can be given now
I       QuestState.cpp[0904]24/09 20:13:16 Quest 'r3m2_TalkWithBenAboutCarAfterOracul' can be given now
I       QuestState.cpp[0904]24/09 20:13:16 Quest 'r3m2_FindInfoAboutFather' can be given now
I       QuestState.cpp[0904]24/09 20:13:16 Quest 'r3m1_LureMainDriud' can be given now
I       QuestState.cpp[0904]24/09 20:13:16 Quest 'r3m1_ClearSanctuary' can be given now
I       QuestState.cpp[0904]24/09 20:13:16 Quest 'r3m1_KnowAboutUluk' can be given now
I       QuestState.cpp[0904]24/09 20:13:16 Quest 'r3m1_RescueUlukCivil' can be given now
I       QuestState.cpp[0904]24/09 20:13:16 Quest 'q_VisitDruid' can be given now
I       QuestState.cpp[0904]24/09 20:13:16 Quest 'r2m2_Znaki2_Quest' can be given now
I       QuestState.cpp[0904]24/09 20:13:16 Quest 'r2m2_HeadsHunterQuest' can be given now
I       QuestState.cpp[0904]24/09 20:13:16 Quest 'r2m2_OldDvigatel1_Quest' can be given now
I       QuestState.cpp[0904]24/09 20:13:16 Quest 'r2m2_OldDvigatel2_Quest' can be given now
I       QuestState.cpp[0904]24/09 20:13:16 Quest 'r2m2_FightFelix' can be given now
I       QuestState.cpp[0904]24/09 20:13:16 Quest 'r2m2_ReturnToMarecciaFromCastle' can be given now
I       QuestState.cpp[0904]24/09 20:13:16 Quest 'r2m2_FightWithAxelInArena_Quest' can be given now
I       QuestState.cpp[0904]24/09 20:13:16 Quest 'r2m2_FindLisAfterAxelAndFatherDie_Quest' can be given now
I       QuestState.cpp[0904]24/09 20:13:16 Quest 'r2m2_ToLisaToMonastir' can be given now
I       QuestState.cpp[0904]24/09 20:13:16 Quest 'r2m2_FightLisaToMonastir' can be given now
I       QuestState.cpp[0904]24/09 20:13:16 Quest 'r2m2_GiveDisk2ToOrakul' can be given now
I       QuestState.cpp[0904]24/09 20:13:16 Quest 'MrShlyapa3_Quest' can be given now
I       QuestState.cpp[0904]24/09 20:13:16 Quest 'r2m1_ArtAntipod_Quest' can be given now
I       QuestState.cpp[0904]24/09 20:13:16 Quest 'r2m1_TakeNarcotics_Quest' can be given now
I       QuestState.cpp[0904]24/09 20:13:16 Quest 'r2m1_KillGodFather_Quest' can be given now
I       QuestState.cpp[0904]24/09 20:13:16 Quest 'MrShlyapaSecret' can be given now
I       QuestState.cpp[0904]24/09 20:13:16 Quest 'd_GetSupportOneOfTheBands2_Quest' can be given now
I       QuestState.cpp[0904]24/09 20:13:16 Quest 'd_GetSupportOneOfTheBands1_Quest' can be given now
I       QuestState.cpp[0904]24/09 20:13:16 Quest 'd_FindVerbInAR_Quest' can be given now
I       QuestState.cpp[0904]24/09 20:13:16 Quest 'd_FindVerbInSNG_Quest' can be given now
I       QuestState.cpp[0904]24/09 20:13:16 Quest 'd_PatrulSideSNG_Quest' can be given now
I       QuestState.cpp[0904]24/09 20:13:16 Quest 'd_TakeGeneralOfBandits_Quest' can be given now
I       QuestState.cpp[0904]24/09 20:13:16 Quest 'r2m1_TW_AlienInShip' can be given now
I       QuestState.cpp[0904]24/09 20:13:16 Quest 'Podderzhka_Quest' can be given now
I       QuestState.cpp[0904]24/09 20:13:16 Quest 'Zashita_Quest' can be given now
I       QuestState.cpp[0904]24/09 20:13:16 Quest 'preEretik_Quest' can be given now
I       QuestState.cpp[0904]24/09 20:13:16 Quest 'ReturnQuest' can be given now
I       QuestState.cpp[0904]24/09 20:13:16 Quest 'd_FindVerbInAM_Quest' can be given now
I       QuestState.cpp[0904]24/09 20:13:16 Quest 'OdettIsDead_Quest' can be given now
I       QuestState.cpp[0904]24/09 20:13:16 Quest 'Disk2OrakulLisa' can be given now
I       QuestState.cpp[0904]24/09 20:13:16 Quest 'FindGomerB_Quest1' can be given now
I       QuestState.cpp[0904]24/09 20:13:16 Quest 'FreeExtremistLeader_Quest1' can be given now
I       QuestState.cpp[0904]24/09 20:13:16 Quest 'KillExtremist_Quest1' can be given now
I       QuestState.cpp[0904]24/09 20:13:16 Quest 'r1m4_TalkWithOldTraderAboutSecondDisk' can be given now
I       QuestState.cpp[0904]24/09 20:13:16 Quest 'q_FindHusbent' can be given now
I       QuestState.cpp[0904]24/09 20:13:16 Quest 'RybakToOlm_Quest' can be given now
I       QuestState.cpp[0904]24/09 20:13:16 Quest 'AnanagaTech_Quest' can be given now
I       QuestState.cpp[0904]24/09 20:13:16 Quest 'MrShlyapa2_Quest' can be given now
I       QuestState.cpp[0904]24/09 20:13:16 Quest 'ToCordanToTikhomir_Quest' can be given now
I       QuestState.cpp[0904]24/09 20:13:16 Quest 'r1m3_BonnyAndKlideQuest' can be given now
I       QuestState.cpp[0904]24/09 20:13:16 Quest 'r1m3_ArchHelp' can be given now
I       QuestState.cpp[0904]24/09 20:13:16 Quest 'r1m3_CrazyManQuest' can be given now
I       QuestState.cpp[0904]24/09 20:13:16 Quest 'r1m3_OldTownOutsiderCar2_Quest' can be given now
I       QuestState.cpp[0904]24/09 20:13:16 Quest 'FightForPesht' can be given now
I       QuestState.cpp[0904]24/09 20:13:16 Quest 'd_RideAcrossBase_Quest' can be given now
I       QuestState.cpp[0904]24/09 20:13:16 Quest 'd_GiveMoneyToBase_Quest' can be given now
I       QuestState.cpp[0904]24/09 20:13:16 Quest 'd_GetBomb_Quest' can be given now
I       QuestState.cpp[0904]24/09 20:13:16 Quest 'd_IntrigaOfMerMinin_Quest' can be given now
I       QuestState.cpp[0904]24/09 20:13:16 Quest 'd_MoveFreelancersToOilMine_Quest' can be given now
I       QuestState.cpp[0904]24/09 20:13:16 Quest 'd_MoveCanistraToMinin_Quest' can be given now
I       QuestState.cpp[0904]24/09 20:13:16 Quest 'd_OpenTunel_Quest' can be given now
I       QuestState.cpp[0904]24/09 20:13:16 Quest 'r1m3_TalkWithThiefFromFatherHouse' can be given now
I       QuestState.cpp[0904]24/09 20:13:16 Quest 'r1m3_MoveToOraculAfterThief' can be given now
I       QuestState.cpp[0904]24/09 20:13:16 Quest 'r1m3_ToLisaToAsgard' can be given now
I       QuestState.cpp[0904]24/09 20:13:16 Quest 'r1m3_TW_OralceAboutAlien' can be given now
I       QuestState.cpp[0904]24/09 20:13:16 Quest 'r1m3_DestroyRadiationSource' can be given now
I       QuestState.cpp[0904]24/09 20:13:16 Quest 'r2m1_DestroyAlienShip' can be given now
I       QuestState.cpp[0904]24/09 20:13:16 Quest 'd_PayWorkersMoney_Quest' can be given now
I       QuestState.cpp[0904]24/09 20:13:16 Quest 'r2m1_TW_SellsCivilian' can be given now
I       QuestState.cpp[0904]24/09 20:13:16 Quest 'MorskieVrata2_Quest' can be given now
I       QuestState.cpp[0904]24/09 20:13:16 Quest 'Zachisti1_Quest' can be given now
I       QuestState.cpp[0904]24/09 20:13:16 Quest 'LisaVPeshte' can be given now
I       QuestState.cpp[0904]24/09 20:13:16 Quest 'LisaUBena' can be given now
I       QuestState.cpp[0904]24/09 20:13:16 Quest 'WhereSigns_Quest' can be given now
I       QuestState.cpp[0904]24/09 20:13:16 Quest 'CombatInKollizey_Quest' can be given now
I       QuestState.cpp[0904]24/09 20:13:16 Quest 'BuyKollizey_Quest' can be given now
I       QuestState.cpp[0904]24/09 20:13:16 Quest 'Kollizey_Quest' can be given now
I       QuestState.cpp[0904]24/09 20:13:16 Quest 'HelpRuins_Quest' can be given now
I       QuestState.cpp[0904]24/09 20:13:16 Quest 'DestroyRuins_Quest' can be given now
I       QuestState.cpp[0904]24/09 20:13:16 Quest 'DestroyRuins2_Quest' can be given now
I       QuestState.cpp[0904]24/09 20:13:16 Quest 'Signs_Quest' can be given now
I       QuestState.cpp[0904]24/09 20:13:16 Quest 'MrShlyapa1_Quest' can be given now
I       QuestState.cpp[0904]24/09 20:13:16 Quest 'FindBen2_Quest' can be given now
I       QuestState.cpp[0904]24/09 20:13:16 Quest 'd_FindHouseOfBen_Quest' can be given now
I       QuestState.cpp[0904]24/09 20:13:16 Quest 'r1m2_TW_BanAboutAlien' can be given now
I       QuestState.cpp[0904]24/09 20:13:16 Quest 'r1m3_DestroyOracle' can be given now
I       QuestState.cpp[0904]24/09 20:13:16 Quest 'Pomiritsa_Quest' can be given now
I       QuestState.cpp[0904]24/09 20:13:16 Quest 'VYar_Quest' can be given now
I       QuestState.cpp[0904]24/09 20:13:16 Quest 'FindBenMZ_Quest' can be given now
I       QuestState.cpp[0904]24/09 20:13:16 Quest 'QuickFindBen' can be given now
I       QuestState.cpp[0904]24/09 20:13:16 Quest 'OpenMid_Quest' can be given now
I       QuestState.cpp[0904]24/09 20:13:16 Quest 'TalkBeforeDesert' can be given now
I       QuestState.cpp[0904]24/09 20:13:16 Quest 'ZashitaGotova' can be given now
I       QuestState.cpp[0904]24/09 20:13:16 Quest 'FakeQuest1' can be given now
I       QuestState.cpp[0904]24/09 20:13:16 Quest 'Chehly_Quest' can be given now
I       QuestState.cpp[0904]24/09 20:13:16 Quest 'WorkGiver_Quest1' can be given now
I       QuestState.cpp[0904]24/09 20:13:16 Quest 'd_PunishBandits_Quest' can be given now
I       QuestState.cpp[0904]24/09 20:13:16 Quest 'r1m1_Hospital_Quest' can be given now
I       QuestState.cpp[0904]24/09 20:13:16 Quest 'r1m1_Botanik_Quest' can be given now
I       QuestState.cpp[0904]24/09 20:13:16 Quest 'r1m1_FindBotanik_Quest' can be given now
I       QuestState.cpp[0904]24/09 20:13:16 Quest 'Buyer_Quest1' can be given now
I       QuestState.cpp[0904]24/09 20:13:16 Quest 'FirstTimePlay' can be given now
I       QuestState.cpp[0904]24/09 20:13:16 Quest 'TalkWithFather_Quest' can be given now
I       QuestState.cpp[0904]24/09 20:13:16 Quest 'LisaAtSouth' can be given now
I       QuestState.cpp[0904]24/09 20:13:16 Quest 'FindBen_Quest' can be given now
I       QuestState.cpp[0904]24/09 20:13:16 Quest 'FindBenAgain_Quest' can be given now
I       QuestState.cpp[0904]24/09 20:13:16 Quest 'd_SinFather_Quest' can be given now
I       QuestState.cpp[0904]24/09 20:13:16 Quest 'TalkToVasily' can be given now
I       QuestState.cpp[0904]24/09 20:13:16 Quest 'CheckTheEast' can be given now
I       QuestState.cpp[0904]24/09 20:13:16 Quest 'BenSouth_Quest' can be given now
I           server.cpp[0826]24/09 20:13:16 	AI: QuestStates loaded
I           server.cpp[0828]24/09 20:13:16 	AI: Loading DynamicScene
I     DynamicScene.cpp[1470]24/09 20:13:16 		 Scene loading begin
I     DynamicScene.cpp[1472]24/09 20:13:16 		 Scene loading end
I           server.cpp[0837]24/09 20:13:16 	AI: DynamicScene loaded
I           server.cpp[0852]24/09 20:13:16 	AI: Loading Triggers
E           server.cpp[1242]24/09 20:13:16 Error: cannot open data\maps\MainMenu\
I           server.cpp[0855]24/09 20:13:16 	AI: Triggers loaded
I           server.cpp[0857]24/09 20:13:16 	AI: Loading Object Names
E     ObjContainer.cpp[1104]24/09 20:13:16 Error: cannot open data\maps\MainMenu\object_names.xml
I           server.cpp[0868]24/09 20:13:16 	AI: Initing Player
I           server.cpp[0888]24/09 20:13:16 		Before first Update
I   TruxxUiManager.cpp[1422]24/09 20:13:16 Game mode changed. Old mode = 2, new mode = 1
I           server.cpp[0909]24/09 20:13:16 		After first Update
I           server.cpp[0911]24/09 20:13:16 AI: Finished Loading Server
I           view32.cpp[1106]24/09 20:13:16 Load server end
I        QuestInfo.cpp[0847]24/09 20:13:16 Quest infos were loaded successfully from file data\if\diz\QuestInfoGlobal.xml
I        QuestInfo.cpp[0783]24/09 20:13:16 QuestInfo manager was inited successfully
I       MsgManager.cpp[0391]24/09 20:13:16 Can't open file data\maps\MainMenu\strings.xml for read.
I    GameUiManager.cpp[0303]24/09 20:13:16 Interface: is initializing...
I    GameUiManager.cpp[0405]24/09 20:13:16 Interface: is clearing...
I    GameUiManager.cpp[0495]24/09 20:13:16 Interface: is cleared successfully
I    GameUiManager.cpp[0395]24/09 20:13:16 Interface: is inited successfully
I blockMusicManager.cpp[0199]24/09 20:13:16 BlockMusicManager: resetting
I      gameimpulse.cpp[0618]24/09 20:13:16 Key bindings: unbind all is done
I      gameimpulse.cpp[0618]24/09 20:13:16 Key bindings: unbind all is done
I      gameimpulse.cpp[0324]24/09 20:13:16 Key bindings: were loaded successfully from file data/profiles/riverzone\KeyBindings.lua
I      gameimpulse.cpp[1222]24/09 20:13:16 Key bindings: were loaded from profile
I           m3dapp.cpp[1336]24/09 20:13:28 d3d: Device reset ok
I           Kernel.cpp[0280]24/09 20:13:28 AsmShaderImpl: could not open shader file 'no file'
I           Kernel.cpp[0280]24/09 20:13:28 HlslShaderImpl: could not open shader file 'no file'
I           Kernel.cpp[0280]24/09 20:13:29 EffectImpl: could not open shader file 'no file'
I           Kernel.cpp[0280]24/09 20:13:29 d3d: Reloaded shaders ok
I        SplashWnd.cpp[0244]24/09 20:13:39 Start splashing 11
I   TruxxUiManager.cpp[1422]24/09 20:13:39 Game mode changed. Old mode = 1, new mode = 0
I    GameUiManager.cpp[0405]24/09 20:13:39 Interface: is clearing...
I    GameUiManager.cpp[0495]24/09 20:13:39 Interface: is cleared successfully
I           view32.cpp[1048]24/09 20:13:39 -- Loading Level: data\maps\r8m1.ssl --
I            world.cpp[0132]24/09 20:13:39 ----------------------- World Loading
F        landscape.cpp[1674]24/09 20:13:39  +- Enter function: Landscape::Load()
I        landscape.cpp[1911]24/09 20:13:39  |  ----------------------- Normal map loaded in: 1
I        landscape.cpp[1920]24/09 20:13:39  |  ----------------------- Tiles loaded in: 15
I        landscape.cpp[1944]24/09 20:13:39  |  ----------------------- ShoreLine loaded in: 0
F        landscape.cpp[1944]24/09 20:13:39  +- Exit function: Landscape::Load()
I            world.cpp[0169]24/09 20:13:39 ----------------------- Landscape loaded in: 65
I       DataServer.cpp[0587]24/09 20:13:39 Loading Servers: data\maps\r8m1\servers.xml
E       DraftModel.cpp[1002]24/09 20:13:41 Error: Couldn't load texture data\models\vehicles\belaz\cab01_mt.dds for model cargov1.gam
E       DraftModel.cpp[1002]24/09 20:13:41 Error: Couldn't load texture data\models\vehicles\belaz\cab01_mt.dds for model cargov1.gam
E       DraftModel.cpp[1002]24/09 20:13:41 Error: Couldn't load texture data\models\vehicles\belaz\cab01_mt.dds for model cargov1.gam
E       DraftModel.cpp[1002]24/09 20:13:41 Error: Couldn't load texture data\models\vehicles\belaz\cab01_mt.dds for model cargov1.gam
E       DraftModel.cpp[1002]24/09 20:13:41 Error: Couldn't load texture data\models\vehicles\belaz\cab01_mt.dds for model cargov1.gam
E       DraftModel.cpp[1002]24/09 20:13:41 Error: Couldn't load texture data\models\vehicles\belaz\cab01_mt.dds for model cargov1.gam
E       DraftModel.cpp[1002]24/09 20:13:41 Error: Couldn't load texture data\models\vehicles\belaz\cab01_mt.dds for model cargov1.gam
E       DraftModel.cpp[1002]24/09 20:13:41 Error: Couldn't load texture data\models\vehicles\belaz\cab01_mt.dds for model cargov1.gam
E       DraftModel.cpp[1002]24/09 20:13:41 Error: Couldn't load texture data\models\vehicles\belaz\cab01_mt.dds for model cargov1.gam
E serverAnimatedModel.cpp[0627]24/09 20:13:42 ServerAnimatedModels: cannot read file: file:data\models\AnimModels.xml id = exit
E serverAnimatedModel.cpp[0627]24/09 20:13:42 ServerAnimatedModels: cannot read file: file:data\models\AnimModels.xml id = dweller
E serverAnimatedModel.cpp[0627]24/09 20:13:42 ServerAnimatedModels: cannot read file: file:data\models\AnimModels.xml id = dweller2
E serverAnimatedModel.cpp[0627]24/09 20:13:42 ServerAnimatedModels: cannot read file: file:data\models\AnimModels.xml id = dweller3
E serverAnimatedModel.cpp[0627]24/09 20:13:42 ServerAnimatedModels: cannot read file: file:data\models\AnimModels.xml id = brick_debris1
E serverAnimatedModel.cpp[0627]24/09 20:13:42 ServerAnimatedModels: cannot read file: file:data\models\AnimModels.xml id = bottles
E serverAnimatedModel.cpp[0627]24/09 20:13:42 ServerAnimatedModels: cannot read file: file:data\models\AnimModels.xml id = kanistr
E serverAnimatedModel.cpp[0627]24/09 20:13:42 ServerAnimatedModels: cannot read file: file:data\models\AnimModels.xml id = dragon01
E serverAnimatedModel.cpp[0627]24/09 20:13:42 ServerAnimatedModels: cannot read file: file:data\models\AnimModels.xml id = dragon01gun
E serverAnimatedModel.cpp[0627]24/09 20:13:42 ServerAnimatedModels: cannot read file: file:data\models\AnimModels.xml id = octopus01
E serverAnimatedModel.cpp[0627]24/09 20:13:42 ServerAnimatedModels: cannot read file: file:data\models\AnimModels.xml id = octopus01gun
E serverAnimatedModel.cpp[0627]24/09 20:13:42 ServerAnimatedModels: cannot read file: file:data\models\AnimModels.xml id = kord01
E serverAnimatedModel.cpp[0627]24/09 20:13:42 ServerAnimatedModels: cannot read file: file:data\models\AnimModels.xml id = kord01gun
E serverAnimatedModel.cpp[0627]24/09 20:13:42 ServerAnimatedModels: cannot read file: file:data\models\AnimModels.xml id = vulcan01
E serverAnimatedModel.cpp[0627]24/09 20:13:42 ServerAnimatedModels: cannot read file: file:data\models\AnimModels.xml id = vulcan01gun
E serverAnimatedModel.cpp[0627]24/09 20:13:42 ServerAnimatedModels: cannot read file: file:data\models\AnimModels.xml id = rainmetal01
E serverAnimatedModel.cpp[0627]24/09 20:13:42 ServerAnimatedModels: cannot read file: file:data\models\AnimModels.xml id = rainmetal01gun
E serverAnimatedModel.cpp[0627]24/09 20:13:42 ServerAnimatedModels: cannot read file: file:data\models\AnimModels.xml id = kpvt01
E serverAnimatedModel.cpp[0627]24/09 20:13:42 ServerAnimatedModels: cannot read file: file:data\models\AnimModels.xml id = kpvt01gun
E serverAnimatedModel.cpp[0627]24/09 20:13:42 ServerAnimatedModels: cannot read file: file:data\models\AnimModels.xml id = hunterCab01
E serverAnimatedModel.cpp[0627]24/09 20:13:42 ServerAnimatedModels: cannot read file: file:data\models\AnimModels.xml id = hunterCab02
E serverAnimatedModel.cpp[0627]24/09 20:13:42 ServerAnimatedModels: cannot read file: file:data\models\AnimModels.xml id = hunterWheel01r
E serverAnimatedModel.cpp[0627]24/09 20:13:42 ServerAnimatedModels: cannot read file: file:data\models\AnimModels.xml id = heavy_dot_brocken1
E serverAnimatedModel.cpp[0627]24/09 20:13:42 ServerAnimatedModels: cannot read file: file:data\models\AnimModels.xml id = heavy_dot_brocken2
E serverAnimatedModel.cpp[0627]24/09 20:13:42 ServerAnimatedModels: cannot read file: file:data\models\AnimModels.xml id = heavy_dot_brocken3
E serverAnimatedModel.cpp[0627]24/09 20:13:42 ServerAnimatedModels: cannot read file: file:data\models\AnimModels.xml id = heavy_dot_brocken4
E serverAnimatedModel.cpp[0627]24/09 20:13:42 ServerAnimatedModels: cannot read file: file:data\models\AnimModels.xml id = brick_dots_brocken1
I serverAnimatedModel.cpp[0630]24/09 20:13:42 ### Total time: 3282, GAM time: 2814
I       DataServer.cpp[0587]24/09 20:13:43 Loading Servers: data\models\commonservers.xml
E      serverMusic.cpp[0216]24/09 20:13:43 MusicServer: cannot read file: data\music\music.xml id = 'LaBelleTown'
E      serverMusic.cpp[0216]24/09 20:13:43 MusicServer: cannot read file: data\music\music.xml id = 'block6_driving2'
I            world.cpp[0210]24/09 20:13:43 ----------------------- Servers loaded in: 3825
I            world.cpp[0338]24/09 20:13:43 LoadWorld begin...
I            world.cpp[0350]24/09 20:13:43 %%%% read/parse xml: 121
I            world.cpp[0362]24/09 20:13:43 %%%% read from xml: 172
I            world.cpp[0444]24/09 20:13:43 %%%% link nodes: 250
I            world.cpp[0220]24/09 20:13:43 ----------------------- Nodes loaded in: 546
I            world.cpp[0228]24/09 20:13:43 ----------------------- Prefabs loaded in: 1
I            world.cpp[0247]24/09 20:13:43 ----------------------- World loaded in: 4583
E        GamParser.cpp[0399]24/09 20:13:44 AnimatedModel::LoadGAM -- cannot open file data\models\roads\road_small_highway\small_highway_end.gam-
I      roadManager.cpp[0139]24/09 20:13:44 RoadManager error( model not loaded ): data\models\roads\road_small_highway\small_highway_end.gam-
I            world.cpp[0278]24/09 20:13:44 ----------------------- Roads loaded in: 367
I           view32.cpp[1078]24/09 20:13:44 Load Server begin...
I            Reply.cpp[0415]24/09 20:13:44 Replies were loaded successfully from file data\if\diz\DialogsGlobal.xml
I            Reply.cpp[0415]24/09 20:13:44 Replies were loaded successfully from file data\if\diz\DynamicDialogsGlobal.xml
I            Reply.cpp[0343]24/09 20:13:44 RepliesManager was inited successfully
I    GameUiManager.cpp[1603]24/09 20:13:44 Interface: loading resources ...
I     ObjectsIcons.cpp[0198]24/09 20:13:44 ObjectsIcons::AddIcon warning - ico with id SpeedPointer already exists and wiil be replaced
I    GameUiManager.cpp[1603]24/09 20:13:45 Interface: loading resources ...
I   TruxxUiManager.cpp[0974]24/09 20:13:45 Interface: is loaded successfully
I           server.cpp[0789]24/09 20:13:45 AI: Loading Server...
I           server.cpp[0796]24/09 20:13:45 	AI: Loading Relationship
I     Relationship.cpp[0134]24/09 20:13:45 		 File readed
I           server.cpp[0801]24/09 20:13:45 	AI: Loading SoilProps
I           server.cpp[0804]24/09 20:13:45 	AI: Loading ExternalPaths
I           server.cpp[0807]24/09 20:13:45 	AI: Loading PlayerPassMap
I           server.cpp[0813]24/09 20:13:45 	AI: Loading GameObjects
I           server.cpp[0816]24/09 20:13:45 	AI: Initializing VehicleGeneratorInfoCache
I           server.cpp[0820]24/09 20:13:45 	AI: Refreshing GameObjects
E      VehiclePart.cpp[0138]24/09 20:13:45 Error: collision geom in vehicle part name = 'heavy_dot1' is not BOX
I           server.cpp[0824]24/09 20:13:45 	AI: Loading QuestStates
I       QuestState.cpp[0904]24/09 20:13:45 Quest 'Human1_Quest1' can be given now
I       QuestState.cpp[0904]24/09 20:13:45 Quest 'Human1_Quest2' can be given now
I       QuestState.cpp[0904]24/09 20:13:45 Quest 'BenGoodEnd' can be given now
I       QuestState.cpp[0904]24/09 20:13:45 Quest 'q_PlaceWithSign' can be given now
I       QuestState.cpp[0904]24/09 20:13:45 Quest 'r3m2_OracleMemory' can be given now
I       QuestState.cpp[0904]24/09 20:13:45 Quest 'r3m2_TalkWithLisa' can be given now
I       QuestState.cpp[0904]24/09 20:13:45 Quest 'r3m2_TalkWithBenAboutCarAfterOracul' can be given now
I       QuestState.cpp[0904]24/09 20:13:45 Quest 'r3m2_FindInfoAboutFather' can be given now
I       QuestState.cpp[0904]24/09 20:13:45 Quest 'r3m1_LureMainDriud' can be given now
I       QuestState.cpp[0904]24/09 20:13:45 Quest 'r3m1_ClearSanctuary' can be given now
I       QuestState.cpp[0904]24/09 20:13:45 Quest 'r3m1_KnowAboutUluk' can be given now
I       QuestState.cpp[0904]24/09 20:13:45 Quest 'r3m1_RescueUlukCivil' can be given now
I       QuestState.cpp[0904]24/09 20:13:45 Quest 'q_VisitDruid' can be given now
I       QuestState.cpp[0904]24/09 20:13:45 Quest 'r2m2_Znaki2_Quest' can be given now
I       QuestState.cpp[0904]24/09 20:13:45 Quest 'r2m2_HeadsHunterQuest' can be given now
I       QuestState.cpp[0904]24/09 20:13:45 Quest 'r2m2_OldDvigatel1_Quest' can be given now
I       QuestState.cpp[0904]24/09 20:13:45 Quest 'r2m2_OldDvigatel2_Quest' can be given now
I       QuestState.cpp[0904]24/09 20:13:45 Quest 'r2m2_FightFelix' can be given now
I       QuestState.cpp[0904]24/09 20:13:45 Quest 'r2m2_ReturnToMarecciaFromCastle' can be given now
I       QuestState.cpp[0904]24/09 20:13:45 Quest 'r2m2_FightWithAxelInArena_Quest' can be given now
I       QuestState.cpp[0904]24/09 20:13:45 Quest 'r2m2_FindLisAfterAxelAndFatherDie_Quest' can be given now
I       QuestState.cpp[0904]24/09 20:13:45 Quest 'r2m2_ToLisaToMonastir' can be given now
I       QuestState.cpp[0904]24/09 20:13:45 Quest 'r2m2_FightLisaToMonastir' can be given now
I       QuestState.cpp[0904]24/09 20:13:45 Quest 'r2m2_GiveDisk2ToOrakul' can be given now
I       QuestState.cpp[0904]24/09 20:13:45 Quest 'MrShlyapa3_Quest' can be given now
I       QuestState.cpp[0904]24/09 20:13:45 Quest 'r2m1_ArtAntipod_Quest' can be given now
I       QuestState.cpp[0904]24/09 20:13:45 Quest 'r2m1_TakeNarcotics_Quest' can be given now
I       QuestState.cpp[0904]24/09 20:13:45 Quest 'r2m1_KillGodFather_Quest' can be given now
I       QuestState.cpp[0904]24/09 20:13:45 Quest 'MrShlyapaSecret' can be given now
I       QuestState.cpp[0904]24/09 20:13:45 Quest 'd_GetSupportOneOfTheBands2_Quest' can be given now
I       QuestState.cpp[0904]24/09 20:13:45 Quest 'd_GetSupportOneOfTheBands1_Quest' can be given now
I       QuestState.cpp[0904]24/09 20:13:45 Quest 'd_FindVerbInAR_Quest' can be given now
I       QuestState.cpp[0904]24/09 20:13:45 Quest 'd_FindVerbInSNG_Quest' can be given now
I       QuestState.cpp[0904]24/09 20:13:45 Quest 'd_PatrulSideSNG_Quest' can be given now
I       QuestState.cpp[0904]24/09 20:13:45 Quest 'd_TakeGeneralOfBandits_Quest' can be given now
I       QuestState.cpp[0904]24/09 20:13:45 Quest 'r2m1_TW_AlienInShip' can be given now
I       QuestState.cpp[0904]24/09 20:13:45 Quest 'Podderzhka_Quest' can be given now
I       QuestState.cpp[0904]24/09 20:13:45 Quest 'Zashita_Quest' can be given now
I       QuestState.cpp[0904]24/09 20:13:45 Quest 'preEretik_Quest' can be given now
I       QuestState.cpp[0904]24/09 20:13:45 Quest 'ReturnQuest' can be given now
I       QuestState.cpp[0904]24/09 20:13:45 Quest 'd_FindVerbInAM_Quest' can be given now
I       QuestState.cpp[0904]24/09 20:13:45 Quest 'OdettIsDead_Quest' can be given now
I       QuestState.cpp[0904]24/09 20:13:45 Quest 'Disk2OrakulLisa' can be given now
I       QuestState.cpp[0904]24/09 20:13:45 Quest 'FindGomerB_Quest1' can be given now
I       QuestState.cpp[0904]24/09 20:13:45 Quest 'FreeExtremistLeader_Quest1' can be given now
I       QuestState.cpp[0904]24/09 20:13:45 Quest 'KillExtremist_Quest1' can be given now
I       QuestState.cpp[0904]24/09 20:13:45 Quest 'r1m4_TalkWithOldTraderAboutSecondDisk' can be given now
I       QuestState.cpp[0904]24/09 20:13:45 Quest 'q_FindHusbent' can be given now
I       QuestState.cpp[0904]24/09 20:13:45 Quest 'RybakToOlm_Quest' can be given now
I       QuestState.cpp[0904]24/09 20:13:45 Quest 'AnanagaTech_Quest' can be given now
I       QuestState.cpp[0904]24/09 20:13:45 Quest 'MrShlyapa2_Quest' can be given now
I       QuestState.cpp[0904]24/09 20:13:45 Quest 'ToCordanToTikhomir_Quest' can be given now
I       QuestState.cpp[0904]24/09 20:13:45 Quest 'r1m3_BonnyAndKlideQuest' can be given now
I       QuestState.cpp[0904]24/09 20:13:45 Quest 'r1m3_ArchHelp' can be given now
I       QuestState.cpp[0904]24/09 20:13:45 Quest 'r1m3_CrazyManQuest' can be given now
I       QuestState.cpp[0904]24/09 20:13:45 Quest 'r1m3_OldTownOutsiderCar2_Quest' can be given now
I       QuestState.cpp[0904]24/09 20:13:45 Quest 'FightForPesht' can be given now
I       QuestState.cpp[0904]24/09 20:13:45 Quest 'd_RideAcrossBase_Quest' can be given now
I       QuestState.cpp[0904]24/09 20:13:45 Quest 'd_GiveMoneyToBase_Quest' can be given now
I       QuestState.cpp[0904]24/09 20:13:45 Quest 'd_GetBomb_Quest' can be given now
I       QuestState.cpp[0904]24/09 20:13:45 Quest 'd_IntrigaOfMerMinin_Quest' can be given now
I       QuestState.cpp[0904]24/09 20:13:45 Quest 'd_MoveFreelancersToOilMine_Quest' can be given now
I       QuestState.cpp[0904]24/09 20:13:45 Quest 'd_MoveCanistraToMinin_Quest' can be given now
I       QuestState.cpp[0904]24/09 20:13:45 Quest 'd_OpenTunel_Quest' can be given now
I       QuestState.cpp[0904]24/09 20:13:45 Quest 'r1m3_TalkWithThiefFromFatherHouse' can be given now
I       QuestState.cpp[0904]24/09 20:13:45 Quest 'r1m3_MoveToOraculAfterThief' can be given now
I       QuestState.cpp[0904]24/09 20:13:45 Quest 'r1m3_ToLisaToAsgard' can be given now
I       QuestState.cpp[0904]24/09 20:13:45 Quest 'r1m3_TW_OralceAboutAlien' can be given now
I       QuestState.cpp[0904]24/09 20:13:45 Quest 'r1m3_DestroyRadiationSource' can be given now
I       QuestState.cpp[0904]24/09 20:13:45 Quest 'r2m1_DestroyAlienShip' can be given now
I       QuestState.cpp[0904]24/09 20:13:45 Quest 'd_PayWorkersMoney_Quest' can be given now
I       QuestState.cpp[0904]24/09 20:13:45 Quest 'r2m1_TW_SellsCivilian' can be given now
I       QuestState.cpp[0904]24/09 20:13:45 Quest 'MorskieVrata2_Quest' can be given now
I       QuestState.cpp[0904]24/09 20:13:45 Quest 'Zachisti1_Quest' can be given now
I       QuestState.cpp[0904]24/09 20:13:45 Quest 'LisaVPeshte' can be given now
I       QuestState.cpp[0904]24/09 20:13:45 Quest 'LisaUBena' can be given now
I       QuestState.cpp[0904]24/09 20:13:45 Quest 'WhereSigns_Quest' can be given now
I       QuestState.cpp[0904]24/09 20:13:45 Quest 'CombatInKollizey_Quest' can be given now
I       QuestState.cpp[0904]24/09 20:13:45 Quest 'BuyKollizey_Quest' can be given now
I       QuestState.cpp[0904]24/09 20:13:45 Quest 'Kollizey_Quest' can be given now
I       QuestState.cpp[0904]24/09 20:13:45 Quest 'HelpRuins_Quest' can be given now
I       QuestState.cpp[0904]24/09 20:13:45 Quest 'DestroyRuins_Quest' can be given now
I       QuestState.cpp[0904]24/09 20:13:45 Quest 'DestroyRuins2_Quest' can be given now
I       QuestState.cpp[0904]24/09 20:13:45 Quest 'Signs_Quest' can be given now
I       QuestState.cpp[0904]24/09 20:13:45 Quest 'MrShlyapa1_Quest' can be given now
I       QuestState.cpp[0904]24/09 20:13:45 Quest 'FindBen2_Quest' can be given now
I       QuestState.cpp[0904]24/09 20:13:45 Quest 'd_FindHouseOfBen_Quest' can be given now
I       QuestState.cpp[0904]24/09 20:13:45 Quest 'r1m2_TW_BanAboutAlien' can be given now
I       QuestState.cpp[0904]24/09 20:13:45 Quest 'r1m3_DestroyOracle' can be given now
I       QuestState.cpp[0904]24/09 20:13:45 Quest 'Pomiritsa_Quest' can be given now
I       QuestState.cpp[0904]24/09 20:13:45 Quest 'VYar_Quest' can be given now
I       QuestState.cpp[0904]24/09 20:13:45 Quest 'FindBenMZ_Quest' can be given now
I       QuestState.cpp[0904]24/09 20:13:45 Quest 'QuickFindBen' can be given now
I       QuestState.cpp[0904]24/09 20:13:45 Quest 'OpenMid_Quest' can be given now
I       QuestState.cpp[0904]24/09 20:13:45 Quest 'TalkBeforeDesert' can be given now
I       QuestState.cpp[0904]24/09 20:13:45 Quest 'ZashitaGotova' can be given now
I       QuestState.cpp[0904]24/09 20:13:45 Quest 'FakeQuest1' can be given now
I       QuestState.cpp[0904]24/09 20:13:45 Quest 'Chehly_Quest' can be given now
I       QuestState.cpp[0904]24/09 20:13:45 Quest 'WorkGiver_Quest1' can be given now
I       QuestState.cpp[0904]24/09 20:13:45 Quest 'd_PunishBandits_Quest' can be given now
I       QuestState.cpp[0904]24/09 20:13:45 Quest 'r1m1_Hospital_Quest' can be given now
I       QuestState.cpp[0904]24/09 20:13:45 Quest 'r1m1_Botanik_Quest' can be given now
I       QuestState.cpp[0904]24/09 20:13:45 Quest 'r1m1_FindBotanik_Quest' can be given now
I       QuestState.cpp[0904]24/09 20:13:45 Quest 'Buyer_Quest1' can be given now
I       QuestState.cpp[0904]24/09 20:13:45 Quest 'FirstTimePlay' can be given now
I       QuestState.cpp[0904]24/09 20:13:45 Quest 'TalkWithFather_Quest' can be given now
I       QuestState.cpp[0904]24/09 20:13:45 Quest 'LisaAtSouth' can be given now
I       QuestState.cpp[0904]24/09 20:13:45 Quest 'FindBen_Quest' can be given now
I       QuestState.cpp[0904]24/09 20:13:45 Quest 'FindBenAgain_Quest' can be given now
I       QuestState.cpp[0904]24/09 20:13:45 Quest 'd_SinFather_Quest' can be given now
I       QuestState.cpp[0904]24/09 20:13:45 Quest 'TalkToVasily' can be given now
I       QuestState.cpp[0904]24/09 20:13:45 Quest 'CheckTheEast' can be given now
I       QuestState.cpp[0904]24/09 20:13:45 Quest 'BenSouth_Quest' can be given now
I           server.cpp[0826]24/09 20:13:45 	AI: QuestStates loaded
I           server.cpp[0828]24/09 20:13:45 	AI: Loading DynamicScene
I     DynamicScene.cpp[1470]24/09 20:13:45 		 Scene loading begin
E     DynamicScene.cpp[1589]24/09 20:13:45 Attempting to load object Mariupol_Workshop of prototype workshop, but an object with this name already exists!
I     DynamicScene.cpp[1472]24/09 20:13:45 		 Scene loading end
I           server.cpp[0837]24/09 20:13:45 	AI: DynamicScene loaded
I           server.cpp[0852]24/09 20:13:45 	AI: Loading Triggers
I           server.cpp[0855]24/09 20:13:45 	AI: Triggers loaded
I           server.cpp[0857]24/09 20:13:45 	AI: Loading Object Names
I           server.cpp[0868]24/09 20:13:45 	AI: Initing Player
I           server.cpp[0888]24/09 20:13:45 		Before first Update
I DynamicQuestManager.cpp[0089]24/09 20:13:45 DynamicQuestReach id = 12864 prototype = 'dynamicQuestReach' created
I DynamicQuestManager.cpp[0090]24/09 20:13:45 targetName = 'Nikolskoe_Village', hirerName = 'PetrolStationTown6302', reward = 250
I DynamicQuestManager.cpp[0089]24/09 20:13:45 DynamicQuestReach id = 12865 prototype = 'dynamicQuestReach' created
I DynamicQuestManager.cpp[0090]24/09 20:13:45 targetName = 'Nikolskoe_Village', hirerName = 'Zavod_NGP', reward = 250
E              Gun.cpp[0866]24/09 20:13:45 Error: LoadPoint not found: LP_GUN for MinePusher id = 12876 prototype = 'minePusher', modelName = minoYkladchiK
E              Gun.cpp[0866]24/09 20:13:45 Error: LoadPoint not found: LP_GUN for MinePusher id = 12877 prototype = 'minePusher', modelName = minoYkladchiK
E              Gun.cpp[0866]24/09 20:13:45 Error: LoadPoint not found: LP_GUN for MinePusher id = 12878 prototype = 'minePusher', modelName = minoYkladchiK
E              Gun.cpp[0866]24/09 20:13:45 Error: LoadPoint not found: LP_GUN for MinePusher id = 12879 prototype = 'minePusher', modelName = minoYkladchiK
E              Gun.cpp[0866]24/09 20:13:45 Error: LoadPoint not found: LP_GUN for MinePusher id = 12880 prototype = 'minePusher', modelName = minoYkladchiK
E              Gun.cpp[0866]24/09 20:13:45 Error: LoadPoint not found: LP_GUN for MinePusher id = 12881 prototype = 'minePusher', modelName = minoYkladchiK
E              Gun.cpp[0866]24/09 20:13:45 Error: LoadPoint not found: LP_GUN for MinePusher id = 12882 prototype = 'minePusher', modelName = minoYkladchiK
E              Gun.cpp[0866]24/09 20:13:45 Error: LoadPoint not found: LP_GUN for MinePusher id = 12883 prototype = 'minePusher', modelName = minoYkladchiK
E              Gun.cpp[0866]24/09 20:13:45 Error: LoadPoint not found: LP_GUN for MinePusher id = 12884 prototype = 'minePusher', modelName = minoYkladchiK
E              Gun.cpp[0866]24/09 20:13:45 Error: LoadPoint not found: LP_GUN for MinePusher id = 12885 prototype = 'minePusher', modelName = minoYkladchiK
E              Gun.cpp[0866]24/09 20:13:45 Error: LoadPoint not found: LP_GUN for MinePusher id = 12886 prototype = 'minePusher', modelName = minoYkladchiK
E              Gun.cpp[0866]24/09 20:13:45 Error: LoadPoint not found: LP_GUN for MinePusher id = 12887 prototype = 'minePusher', modelName = minoYkladchiK
I DynamicQuestManager.cpp[0089]24/09 20:13:45 DynamicQuestReach id = 12888 prototype = 'dynamicQuestReach' created
I DynamicQuestManager.cpp[0090]24/09 20:13:45 targetName = 'Zavod_NGP', hirerName = 'Makedonovka_Village', reward = 250
E              Gun.cpp[0866]24/09 20:13:45 Error: LoadPoint not found: LP_GUN for MinePusher id = 12889 prototype = 'minePusher', modelName = minoYkladchiK
E              Gun.cpp[0866]24/09 20:13:45 Error: LoadPoint not found: LP_GUN for MinePusher id = 12890 prototype = 'minePusher', modelName = minoYkladchiK
E              Gun.cpp[0866]24/09 20:13:45 Error: LoadPoint not found: LP_GUN for MinePusher id = 12891 prototype = 'minePusher', modelName = minoYkladchiK
E              Gun.cpp[0866]24/09 20:13:45 Error: LoadPoint not found: LP_GUN for MinePusher id = 12892 prototype = 'minePusher', modelName = minoYkladchiK
E              Gun.cpp[0866]24/09 20:13:45 Error: LoadPoint not found: LP_GUN for MinePusher id = 12893 prototype = 'minePusher', modelName = minoYkladchiK
E              Gun.cpp[0866]24/09 20:13:45 Error: LoadPoint not found: LP_GUN for MinePusher id = 12894 prototype = 'minePusher', modelName = minoYkladchiK
E              Gun.cpp[0866]24/09 20:13:45 Error: LoadPoint not found: LP_GUN for MinePusher id = 12895 prototype = 'minePusher', modelName = minoYkladchiK
E              Gun.cpp[0866]24/09 20:13:45 Error: LoadPoint not found: LP_GUN for MinePusher id = 12896 prototype = 'minePusher', modelName = minoYkladchiK
E              Gun.cpp[0866]24/09 20:13:45 Error: LoadPoint not found: LP_GUN for MinePusher id = 12897 prototype = 'minePusher', modelName = minoYkladchiK
E              Gun.cpp[0866]24/09 20:13:45 Error: LoadPoint not found: LP_GUN for MinePusher id = 12898 prototype = 'minePusher', modelName = minoYkladchiK
E              Gun.cpp[0866]24/09 20:13:45 Error: LoadPoint not found: LP_GUN for MinePusher id = 12899 prototype = 'minePusher', modelName = minoYkladchiK
E              Gun.cpp[0866]24/09 20:13:45 Error: LoadPoint not found: LP_GUN for MinePusher id = 12900 prototype = 'minePusher', modelName = minoYkladchiK
E              Gun.cpp[0866]24/09 20:13:45 Error: LoadPoint not found: LP_GUN for MinePusher id = 12901 prototype = 'minePusher', modelName = minoYkladchiK
E              Gun.cpp[0866]24/09 20:13:45 Error: LoadPoint not found: LP_GUN for MinePusher id = 12902 prototype = 'minePusher', modelName = minoYkladchiK
E              Gun.cpp[0866]24/09 20:13:45 Error: LoadPoint not found: LP_GUN for MinePusher id = 12903 prototype = 'minePusher', modelName = minoYkladchiK
E              Gun.cpp[0866]24/09 20:13:45 Error: LoadPoint not found: LP_GUN for MinePusher id = 12904 prototype = 'minePusher', modelName = minoYkladchiK
E              Gun.cpp[0866]24/09 20:13:45 Error: LoadPoint not found: LP_GUN for MinePusher id = 12905 prototype = 'minePusher', modelName = minoYkladchiK
E              Gun.cpp[0866]24/09 20:13:45 Error: LoadPoint not found: LP_GUN for MinePusher id = 12906 prototype = 'minePusher', modelName = minoYkladchiK
E              Gun.cpp[0866]24/09 20:13:45 Error: LoadPoint not found: LP_GUN for MinePusher id = 12907 prototype = 'minePusher', modelName = minoYkladchiK
E              Gun.cpp[0866]24/09 20:13:45 Error: LoadPoint not found: LP_GUN for MinePusher id = 12908 prototype = 'minePusher', modelName = minoYkladchiK
E              Gun.cpp[0866]24/09 20:13:45 Error: LoadPoint not found: LP_GUN for MinePusher id = 12909 prototype = 'minePusher', modelName = minoYkladchiK
E              Gun.cpp[0866]24/09 20:13:45 Error: LoadPoint not found: LP_GUN for MinePusher id = 12910 prototype = 'minePusher', modelName = minoYkladchiK
E              Gun.cpp[0866]24/09 20:13:45 Error: LoadPoint not found: LP_GUN for MinePusher id = 12911 prototype = 'minePusher', modelName = minoYkladchiK
E              Gun.cpp[0866]24/09 20:13:45 Error: LoadPoint not found: LP_GUN for MinePusher id = 12912 prototype = 'minePusher', modelName = minoYkladchiK
E              Gun.cpp[0866]24/09 20:13:45 Error: LoadPoint not found: LP_GUN for MinePusher id = 12913 prototype = 'minePusher', modelName = minoYkladchiK
E              Gun.cpp[0866]24/09 20:13:45 Error: LoadPoint not found: LP_GUN for MinePusher id = 12914 prototype = 'minePusher', modelName = minoYkladchiK
E              Gun.cpp[0866]24/09 20:13:45 Error: LoadPoint not found: LP_GUN for MinePusher id = 12915 prototype = 'minePusher', modelName = minoYkladchiK
E              Gun.cpp[0866]24/09 20:13:45 Error: LoadPoint not found: LP_GUN for MinePusher id = 12916 prototype = 'minePusher', modelName = minoYkladchiK
E              Gun.cpp[0866]24/09 20:13:45 Error: LoadPoint not found: LP_GUN for MinePusher id = 12917 prototype = 'minePusher', modelName = minoYkladchiK
E              Gun.cpp[0866]24/09 20:13:45 Error: LoadPoint not found: LP_GUN for MinePusher id = 12918 prototype = 'minePusher', modelName = minoYkladchiK
E              Gun.cpp[0866]24/09 20:13:45 Error: LoadPoint not found: LP_GUN for MinePusher id = 12919 prototype = 'minePusher', modelName = minoYkladchiK
E              Gun.cpp[0866]24/09 20:13:45 Error: LoadPoint not found: LP_GUN for MinePusher id = 12920 prototype = 'minePusher', modelName = minoYkladchiK
E              Gun.cpp[0866]24/09 20:13:45 Error: LoadPoint not found: LP_GUN for MinePusher id = 12921 prototype = 'minePusher', modelName = minoYkladchiK
E              Gun.cpp[0866]24/09 20:13:45 Error: LoadPoint not found: LP_GUN for MinePusher id = 12922 prototype = 'minePusher', modelName = minoYkladchiK
E              Gun.cpp[0866]24/09 20:13:45 Error: LoadPoint not found: LP_GUN for MinePusher id = 12923 prototype = 'minePusher', modelName = minoYkladchiK
E              Gun.cpp[0866]24/09 20:13:45 Error: LoadPoint not found: LP_GUN for MinePusher id = 12924 prototype = 'minePusher', modelName = minoYkladchiK
I DynamicQuestManager.cpp[0089]24/09 20:13:45 DynamicQuestReach id = 12925 prototype = 'dynamicQuestReach' created
I DynamicQuestManager.cpp[0090]24/09 20:13:45 targetName = 'Makedonovka_Village', hirerName = 'Topolinoe_Village', reward = 250
E              Gun.cpp[0866]24/09 20:13:45 Error: LoadPoint not found: LP_GUN for MinePusher id = 12926 prototype = 'minePusher', modelName = minoYkladchiK
E              Gun.cpp[0866]24/09 20:13:45 Error: LoadPoint not found: LP_GUN for MinePusher id = 12927 prototype = 'minePusher', modelName = minoYkladchiK
E              Gun.cpp[0866]24/09 20:13:45 Error: LoadPoint not found: LP_GUN for MinePusher id = 12928 prototype = 'minePusher', modelName = minoYkladchiK
E              Gun.cpp[0866]24/09 20:13:45 Error: LoadPoint not found: LP_GUN for MinePusher id = 12929 prototype = 'minePusher', modelName = minoYkladchiK
E              Gun.cpp[0866]24/09 20:13:45 Error: LoadPoint not found: LP_GUN for MinePusher id = 12930 prototype = 'minePusher', modelName = minoYkladchiK
E              Gun.cpp[0866]24/09 20:13:45 Error: LoadPoint not found: LP_GUN for MinePusher id = 12931 prototype = 'minePusher', modelName = minoYkladchiK
E              Gun.cpp[0866]24/09 20:13:45 Error: LoadPoint not found: LP_GUN for MinePusher id = 12932 prototype = 'minePusher', modelName = minoYkladchiK
E              Gun.cpp[0866]24/09 20:13:45 Error: LoadPoint not found: LP_GUN for MinePusher id = 12933 prototype = 'minePusher', modelName = minoYkladchiK
E              Gun.cpp[0866]24/09 20:13:45 Error: LoadPoint not found: LP_GUN for MinePusher id = 12934 prototype = 'minePusher', modelName = minoYkladchiK
E              Gun.cpp[0866]24/09 20:13:45 Error: LoadPoint not found: LP_GUN for MinePusher id = 12935 prototype = 'minePusher', modelName = minoYkladchiK
E              Gun.cpp[0866]24/09 20:13:45 Error: LoadPoint not found: LP_GUN for MinePusher id = 12936 prototype = 'minePusher', modelName = minoYkladchiK
E              Gun.cpp[0866]24/09 20:13:45 Error: LoadPoint not found: LP_GUN for MinePusher id = 12937 prototype = 'minePusher', modelName = minoYkladchiK
I           server.cpp[0909]24/09 20:13:45 		After first Update
I           server.cpp[0911]24/09 20:13:45 AI: Finished Loading Server
I           view32.cpp[1106]24/09 20:13:45 Load server end
I        QuestInfo.cpp[0847]24/09 20:13:45 Quest infos were loaded successfully from file data\if\diz\QuestInfoGlobal.xml
I        QuestInfo.cpp[0783]24/09 20:13:45 QuestInfo manager was inited successfully
I    GameUiManager.cpp[0303]24/09 20:13:45 Interface: is initializing...
I    GameUiManager.cpp[0395]24/09 20:13:45 Interface: is inited successfully
I     GlobalMapWnd.cpp[0157]24/09 20:13:45 Make control error: control mainmenu_ico is not found or incorrect type
I     GlobalMapWnd.cpp[0157]24/09 20:13:45 Make control error: control r1m8_ico is not found or incorrect type
I     GlobalMapWnd.cpp[0157]24/09 20:13:45 Make control error: control r1m7_ico is not found or incorrect type
I     GlobalMapWnd.cpp[0157]24/09 20:13:45 Make control error: control r4m0_ico is not found or incorrect type
I     GlobalMapWnd.cpp[0157]24/09 20:13:45 Make control error: control r9m1_ico is not found or incorrect type
I     GlobalMapWnd.cpp[0203]24/09 20:13:45 GlobalMapWnd: error - fail to init because of a bad resource
I blockMusicManager.cpp[0185]24/09 20:13:45 BlockMusicManager: start playing new music: blockNum = 15, musicType = 0, name = 'r8_1_driving'
I           m3dapp.cpp[1336]24/09 20:13:56 d3d: Device reset ok
I           Kernel.cpp[0280]24/09 20:13:56 AsmShaderImpl: could not open shader file 'no file'
I           Kernel.cpp[0280]24/09 20:13:56 HlslShaderImpl: could not open shader file 'no file'
