---------------------------------------------- Log begins on Tue Jan 03 05:40:57 2023 ----------------------------------------------
I           m3dapp.cpp[0088]03/01 05:40:57 Starting up...
I           m3dapp.cpp[1498]03/01 05:40:57 ExMachina - release version release build v1.02 (Dec 21 2005 12:15:10)
I      Stackwalker.cpp[0608]03/01 05:40:57 Stackwalker: log file name will be 'd:/games/ex machina mods/exmachina gm.mod sdk new/exceptions/hta.exe0000.log'
I      Stackwalker.cpp[0609]03/01 05:40:57 Stackwalker: dump file name will be 'd:/games/ex machina mods/exmachina gm.mod sdk new/exceptions/hta.exe0000.dmp'
I      Stackwalker.cpp[0610]03/01 05:40:57 Stackwalker: game log file name will be 'd:/games/ex machina mods/exmachina gm.mod sdk new/exceptions/hta.exe0000_game.log'
I           m3dapp.cpp[1391]03/01 05:40:57 Path: D:\Games\EX Machina Mods\ExMachina GM.mod SDK new
I           m3dapp.cpp[1392]03/01 05:40:57 Exe: D:\Games\EX Machina Mods\ExMachina GM.mod SDK new\hta.exe
I           m3dapp.cpp[1401]03/01 05:40:57 Windows version: 6.1.7601
I           m3dapp.cpp[1410]03/01 05:40:57 Computer name: RIVER-PC
I           m3dapp.cpp[1430]03/01 05:40:57 Cpu: GenuineIntel
I           m3dapp.cpp[1434]03/01 05:40:57 Cpu clock: ~1596
I           m3dapp.cpp[1459]03/01 05:40:57 Processor is mmx able
I           m3dapp.cpp[1470]03/01 05:40:57 Physical memory: 2047 MB
I           m3dapp.cpp[1471]03/01 05:40:57 Total memory:    4095 MB
I           m3dapp.cpp[1472]03/01 05:40:57 Physical memory available: 1763 MB
I           m3dapp.cpp[1473]03/01 05:40:57 Total memory available:    1914 MB
I           m3dapp.cpp[2846]03/01 05:40:57 SetCodepage -- using codepage 1251 '1251  (ANSI - кириллица)'
I           m3dapp.cpp[2154]03/01 05:40:57 NOTE! renderer is bind to dxrender9.dll
I           m3dapp.cpp[1336]03/01 05:40:57 d3d: Given device behavior: 80
I           m3dapp.cpp[1336]03/01 05:40:57 d3d: Confirmed device behavior: 80
I           m3dapp.cpp[1336]03/01 05:40:57 d3d: Description: Intel(R) HD Graphics Family
I           m3dapp.cpp[1336]03/01 05:40:57 d3d: Driver:      igdumdx32.dll
I           m3dapp.cpp[1336]03/01 05:40:57 d3d: VendorId:    0x8086
I           m3dapp.cpp[1336]03/01 05:40:57 d3d: DeviceId:    0x106
I           m3dapp.cpp[1336]03/01 05:40:57 d3d: SubSysId:    0x3672103c
I           m3dapp.cpp[1336]03/01 05:40:57 d3d: Revision:    9
I           m3dapp.cpp[1336]03/01 05:40:57 d3d: Driver version info:
I           m3dapp.cpp[1336]03/01 05:40:57 d3d:   Product:    8
I           m3dapp.cpp[1336]03/01 05:40:57 d3d:   Version:    15
I           m3dapp.cpp[1336]03/01 05:40:57 d3d:   SubVersion: 10
I           m3dapp.cpp[1336]03/01 05:40:57 d3d:   Build:      2622
I           m3dapp.cpp[1336]03/01 05:40:57 d3d: WHQLLevel:    0
I           m3dapp.cpp[1336]03/01 05:40:57 d3d: Texture max size: 8192x8192
I           m3dapp.cpp[1336]03/01 05:40:57 d3d: Guard band: (-8192.000,-8192.000,8192.000,8192.000)
I           m3dapp.cpp[1336]03/01 05:40:57 d3d: MaxTextureBlendStages: 8
I           m3dapp.cpp[1336]03/01 05:40:57 d3d: MaxSimultaneousTextures: 8
I           m3dapp.cpp[1336]03/01 05:40:57 d3d: MaxActiveLights: 10
I           m3dapp.cpp[1336]03/01 05:40:57 d3d: MaxUserClipPlanes: 6
I           m3dapp.cpp[1336]03/01 05:40:57 d3d: VertexShaderVersion: 0xfffe0300
I           m3dapp.cpp[1336]03/01 05:40:57 d3d: PixelShaderVersion: 0xffff0300
I           m3dapp.cpp[1336]03/01 05:40:57 d3d: Geometry instancing: supported
I           m3dapp.cpp[1336]03/01 05:40:57 d3d: Depth bias supported: yes
I           m3dapp.cpp[1336]03/01 05:40:57 d3d: Slope-scale based depth bias supported: yes
I           m3dapp.cpp[1336]03/01 05:40:57 d3d: HwRasterization: true
I           m3dapp.cpp[1336]03/01 05:40:57 d3d: HwTnL: true
I           m3dapp.cpp[1336]03/01 05:40:57 d3d: PureDevice: true
I           m3dapp.cpp[1336]03/01 05:40:57 d3d: CubeMap: true
I           m3dapp.cpp[1336]03/01 05:40:57 d3d: VolumeMap: true
I           m3dapp.cpp[1336]03/01 05:40:57 d3d: TextureAddressCaps:
I           m3dapp.cpp[1336]03/01 05:40:57 d3d: 	wrap: true
I           m3dapp.cpp[1336]03/01 05:40:57 d3d: 	clamp: true
I           m3dapp.cpp[1336]03/01 05:40:57 d3d: 	border: true
I           m3dapp.cpp[1336]03/01 05:40:57 d3d: Projective textures: true
I           m3dapp.cpp[1336]03/01 05:40:57 d3d: MaxPointSize: 256.000
I           m3dapp.cpp[1336]03/01 05:40:57 d3d: MaxPrimitiveCount: 1048575
I           m3dapp.cpp[1336]03/01 05:40:57 d3d: MaxVertexIndex: 16777215
I           m3dapp.cpp[1336]03/01 05:40:57 d3d: MaxStreams: 16
I           m3dapp.cpp[1336]03/01 05:40:57 d3d: MaxStreamsStride: 255
I           m3dapp.cpp[1336]03/01 05:40:57 d3d: MaxAnisotropy: 16
I           m3dapp.cpp[1336]03/01 05:40:57 d3d: MaxVertexBlendMatrices: 4
I           m3dapp.cpp[1336]03/01 05:40:57 d3d: MaxVertexBlendMatrixIndex: 8
I           m3dapp.cpp[1336]03/01 05:40:57 d3d: FullScreenGamma: true
I           m3dapp.cpp[1336]03/01 05:40:57 d3d: COLORWRITEENABLE: true
I           m3dapp.cpp[1336]03/01 05:40:57 d3d: MASKZ: true
I           m3dapp.cpp[1336]03/01 05:40:57 d3d: BLENDOP: true
I           m3dapp.cpp[1336]03/01 05:40:57 d3d: CLIPPLANESCALEDPOINTS: false
I           m3dapp.cpp[1336]03/01 05:40:57 d3d: CLIPTLVERTS: false
I           m3dapp.cpp[1336]03/01 05:40:57 d3d: TSSARGTEMP: true
I           m3dapp.cpp[1336]03/01 05:40:57 d3d: DIRECTIONALLIGHTS: true
I           m3dapp.cpp[1336]03/01 05:40:57 d3d: LOCALVIEWER: true
I           m3dapp.cpp[1336]03/01 05:40:57 d3d: POSITIONALLIGHTS: true
I           m3dapp.cpp[1336]03/01 05:40:57 d3d: TEXGEN:  true
I           m3dapp.cpp[1336]03/01 05:40:57 d3d: TWEENING:  true
I           m3dapp.cpp[1336]03/01 05:40:57 d3d: Dp3: true
I           m3dapp.cpp[1336]03/01 05:40:57 d3d: Lerp: true
I           m3dapp.cpp[1336]03/01 05:40:57 d3d: MaxNpatchTessellationLevel: 0.000
I           m3dapp.cpp[1336]03/01 05:40:57 d3d: Query VCACHE support: true
I           m3dapp.cpp[1336]03/01 05:40:57 d3d: Query EVENT support: true
I           m3dapp.cpp[1336]03/01 05:40:57 d3d: Query OCCLUSION support: true
I           m3dapp.cpp[1336]03/01 05:40:57 d3d: Query TIMESTAMP support: true
I           m3dapp.cpp[1336]03/01 05:40:57 d3d: Query TIMESTAMPDISJOINT support: true
I           m3dapp.cpp[1336]03/01 05:40:57 d3d: Query TIMESTAMPFREQ support: true
I           m3dapp.cpp[1336]03/01 05:40:57 d3d: Query PIPELINETIMINGS support: false
I           m3dapp.cpp[1336]03/01 05:40:57 d3d: Query INTERFACETIMINGS support: false
I           m3dapp.cpp[1336]03/01 05:40:57 d3d: Query VERTEXTIMINGS support: false
I           m3dapp.cpp[1336]03/01 05:40:57 d3d: Query PIXELTIMINGS support: false
I           m3dapp.cpp[1336]03/01 05:40:57 d3d: Query BANDWIDTHTIMINGS support: false
I           m3dapp.cpp[1336]03/01 05:40:57 d3d: Query CACHEUTILIZATION support: false
I           m3dapp.cpp[1336]03/01 05:40:57 d3d: Creating or resetting the device
I           m3dapp.cpp[1336]03/01 05:40:57 d3d: Back buffer format: X8R8G8B8
I           m3dapp.cpp[1336]03/01 05:40:57 d3d: Depth/stencil buffer format: D24S8
I           m3dapp.cpp[1336]03/01 05:40:57 d3d: Stenciling: off
I           m3dapp.cpp[1336]03/01 05:40:57 d3d: Rgba textures format: DXT5
I           m3dapp.cpp[1336]03/01 05:40:57 d3d: Rgba no c. textures format: A8R8G8B8
I           m3dapp.cpp[1336]03/01 05:40:57 d3d: RgbA textures format: DXT5
I           m3dapp.cpp[1336]03/01 05:40:57 d3d: RgbA no c. textures format: A4R4G4B4
I           m3dapp.cpp[1336]03/01 05:40:57 d3d: Rt textures format: A8R8G8B8
I           m3dapp.cpp[1336]03/01 05:40:57 d3d: Shadow textures format: R5G6B5
I           m3dapp.cpp[1336]03/01 05:40:57 d3d: Rt depth format: D16
I           m3dapp.cpp[2206]03/01 05:40:57 NOTE! input is bind to input_di8.dll
I           m3dapp.cpp[1938]03/01 05:40:57 NOTE! sound is bind to sound.dll
I           m3dapp.cpp[1350]03/01 05:40:57 input: Joystick not found
I           m3dapp.cpp[1343]03/01 05:40:58 snd: Max sound channels available: 128
I           m3dapp.cpp[1343]03/01 05:40:58 snd: Sound is inited successfully
I             font.cpp[0976]03/01 05:40:58 FontManager: fonts are loaded successfully
I           m3dapp.cpp[1336]03/01 05:40:58 d3d: Cannot open data\models\logos\fishmen.dds
I           m3dapp.cpp[1336]03/01 05:40:58 d3d: texmap failed to load: data\models\logos\fishmen.dds
E       DraftModel.cpp[1002]03/01 05:40:58 Error: Couldn't load texture data\models\logos\fishmen.dds for model logos.gam
I           m3dapp.cpp[1336]03/01 05:40:58 d3d: Cannot open data\models\logos\logo32.dds
I           m3dapp.cpp[1336]03/01 05:40:58 d3d: texmap failed to load: data\models\logos\logo32.dds
E       DraftModel.cpp[1002]03/01 05:40:58 Error: Couldn't load texture data\models\logos\logo32.dds for model logos.gam
I           m3dapp.cpp[1336]03/01 05:40:58 d3d: Cannot open data\models\logos\logo33.dds
I           m3dapp.cpp[1336]03/01 05:40:58 d3d: texmap failed to load: data\models\logos\logo33.dds
E       DraftModel.cpp[1002]03/01 05:40:58 Error: Couldn't load texture data\models\logos\logo33.dds for model logos.gam
I           m3dapp.cpp[1336]03/01 05:40:58 d3d: Cannot open data\models\logos\logo34.dds
I           m3dapp.cpp[1336]03/01 05:40:58 d3d: texmap failed to load: data\models\logos\logo34.dds
E       DraftModel.cpp[1002]03/01 05:40:58 Error: Couldn't load texture data\models\logos\logo34.dds for model logos.gam
I           m3dapp.cpp[1336]03/01 05:40:58 d3d: Cannot open data\models\logos\logo35.dds
I           m3dapp.cpp[1336]03/01 05:40:58 d3d: texmap failed to load: data\models\logos\logo35.dds
E       DraftModel.cpp[1002]03/01 05:40:58 Error: Couldn't load texture data\models\logos\logo35.dds for model logos.gam
I           m3dapp.cpp[1336]03/01 05:40:58 d3d: Cannot open data\models\logos\logo36.dds
I           m3dapp.cpp[1336]03/01 05:40:58 d3d: texmap failed to load: data\models\logos\logo36.dds
E       DraftModel.cpp[1002]03/01 05:40:58 Error: Couldn't load texture data\models\logos\logo36.dds for model logos.gam
I           m3dapp.cpp[1336]03/01 05:40:58 d3d: Cannot open data\models\logos\logo37.dds
I           m3dapp.cpp[1336]03/01 05:40:58 d3d: texmap failed to load: data\models\logos\logo37.dds
E       DraftModel.cpp[1002]03/01 05:40:58 Error: Couldn't load texture data\models\logos\logo37.dds for model logos.gam
I           m3dapp.cpp[1336]03/01 05:40:58 d3d: Cannot open data\models\logos\logo38.dds
I           m3dapp.cpp[1336]03/01 05:40:58 d3d: texmap failed to load: data\models\logos\logo38.dds
E       DraftModel.cpp[1002]03/01 05:40:58 Error: Couldn't load texture data\models\logos\logo38.dds for model logos.gam
I           m3dapp.cpp[1336]03/01 05:40:58 d3d: Cannot open data\models\logos\logo39.dds
I           m3dapp.cpp[1336]03/01 05:40:58 d3d: texmap failed to load: data\models\logos\logo39.dds
E       DraftModel.cpp[1002]03/01 05:40:58 Error: Couldn't load texture data\models\logos\logo39.dds for model logos.gam
I           m3dapp.cpp[1336]03/01 05:40:58 d3d: Cannot open data\models\logos\logo40.dds
I           m3dapp.cpp[1336]03/01 05:40:58 d3d: texmap failed to load: data\models\logos\logo40.dds
E       DraftModel.cpp[1002]03/01 05:40:58 Error: Couldn't load texture data\models\logos\logo40.dds for model logos.gam
I           m3dapp.cpp[1336]03/01 05:40:58 d3d: Cannot open data\models\logos\logo41.dds
I           m3dapp.cpp[1336]03/01 05:40:58 d3d: texmap failed to load: data\models\logos\logo41.dds
E       DraftModel.cpp[1002]03/01 05:40:58 Error: Couldn't load texture data\models\logos\logo41.dds for model logos.gam
I           m3dapp.cpp[1336]03/01 05:40:58 d3d: Cannot open data\models\logos\logo42.dds
I           m3dapp.cpp[1336]03/01 05:40:58 d3d: texmap failed to load: data\models\logos\logo42.dds
E       DraftModel.cpp[1002]03/01 05:40:58 Error: Couldn't load texture data\models\logos\logo42.dds for model logos.gam
I           m3dapp.cpp[1336]03/01 05:40:58 d3d: Cannot open data\models\logos\logo43.dds
I           m3dapp.cpp[1336]03/01 05:40:58 d3d: texmap failed to load: data\models\logos\logo43.dds
E       DraftModel.cpp[1002]03/01 05:40:58 Error: Couldn't load texture data\models\logos\logo43.dds for model logos.gam
I           m3dapp.cpp[1336]03/01 05:40:58 d3d: Cannot open data\models\logos\logo44.dds
I           m3dapp.cpp[1336]03/01 05:40:58 d3d: texmap failed to load: data\models\logos\logo44.dds
E       DraftModel.cpp[1002]03/01 05:40:58 Error: Couldn't load texture data\models\logos\logo44.dds for model logos.gam
I           m3dapp.cpp[1336]03/01 05:40:58 d3d: Cannot open data\models\logos\logo45.dds
I           m3dapp.cpp[1336]03/01 05:40:58 d3d: texmap failed to load: data\models\logos\logo45.dds
E       DraftModel.cpp[1002]03/01 05:40:58 Error: Couldn't load texture data\models\logos\logo45.dds for model logos.gam
I           m3dapp.cpp[1336]03/01 05:40:58 d3d: Cannot open data\models\logos\logo46.dds
I           m3dapp.cpp[1336]03/01 05:40:58 d3d: texmap failed to load: data\models\logos\logo46.dds
E       DraftModel.cpp[1002]03/01 05:40:58 Error: Couldn't load texture data\models\logos\logo46.dds for model logos.gam
I           m3dapp.cpp[1336]03/01 05:40:58 d3d: Cannot open data\models\logos\logo47.dds
I           m3dapp.cpp[1336]03/01 05:40:58 d3d: texmap failed to load: data\models\logos\logo47.dds
E       DraftModel.cpp[1002]03/01 05:40:58 Error: Couldn't load texture data\models\logos\logo47.dds for model logos.gam
I           m3dapp.cpp[1336]03/01 05:40:58 d3d: Cannot open data\models\logos\logo48.dds
I           m3dapp.cpp[1336]03/01 05:40:58 d3d: texmap failed to load: data\models\logos\logo48.dds
E       DraftModel.cpp[1002]03/01 05:40:58 Error: Couldn't load texture data\models\logos\logo48.dds for model logos.gam
I           m3dapp.cpp[1336]03/01 05:40:58 d3d: Cannot open data\models\logos\logo49.dds
I           m3dapp.cpp[1336]03/01 05:40:58 d3d: texmap failed to load: data\models\logos\logo49.dds
E       DraftModel.cpp[1002]03/01 05:40:58 Error: Couldn't load texture data\models\logos\logo49.dds for model logos.gam
I           m3dapp.cpp[1336]03/01 05:40:58 d3d: Cannot open data\models\logos\logo50.dds
I           m3dapp.cpp[1336]03/01 05:40:58 d3d: texmap failed to load: data\models\logos\logo50.dds
E       DraftModel.cpp[1002]03/01 05:40:58 Error: Couldn't load texture data\models\logos\logo50.dds for model logos.gam
I           m3dapp.cpp[1336]03/01 05:40:58 d3d: Cannot open data\models\logos\logo51.dds
I           m3dapp.cpp[1336]03/01 05:40:58 d3d: texmap failed to load: data\models\logos\logo51.dds
E       DraftModel.cpp[1002]03/01 05:40:58 Error: Couldn't load texture data\models\logos\logo51.dds for model logos.gam
I           m3dapp.cpp[1336]03/01 05:40:58 d3d: Cannot open data\models\logos\logo52.dds
I           m3dapp.cpp[1336]03/01 05:40:58 d3d: texmap failed to load: data\models\logos\logo52.dds
E       DraftModel.cpp[1002]03/01 05:40:58 Error: Couldn't load texture data\models\logos\logo52.dds for model logos.gam
I           m3dapp.cpp[1336]03/01 05:40:58 d3d: Cannot open data\models\logos\logo53.dds
I           m3dapp.cpp[1336]03/01 05:40:58 d3d: texmap failed to load: data\models\logos\logo53.dds
E       DraftModel.cpp[1002]03/01 05:40:58 Error: Couldn't load texture data\models\logos\logo53.dds for model logos.gam
I           m3dapp.cpp[1336]03/01 05:40:58 d3d: Cannot open data\models\logos\logo54.dds
I           m3dapp.cpp[1336]03/01 05:40:58 d3d: texmap failed to load: data\models\logos\logo54.dds
E       DraftModel.cpp[1002]03/01 05:40:58 Error: Couldn't load texture data\models\logos\logo54.dds for model logos.gam
I           m3dapp.cpp[1336]03/01 05:40:58 d3d: Cannot open data\models\logos\logo55.dds
I           m3dapp.cpp[1336]03/01 05:40:58 d3d: texmap failed to load: data\models\logos\logo55.dds
E       DraftModel.cpp[1002]03/01 05:40:58 Error: Couldn't load texture data\models\logos\logo55.dds for model logos.gam
I           m3dapp.cpp[1336]03/01 05:40:58 d3d: Cannot open data\models\logos\logo56.dds
I           m3dapp.cpp[1336]03/01 05:40:58 d3d: texmap failed to load: data\models\logos\logo56.dds
E       DraftModel.cpp[1002]03/01 05:40:58 Error: Couldn't load texture data\models\logos\logo56.dds for model logos.gam
I           m3dapp.cpp[1336]03/01 05:40:58 d3d: Cannot open data\models\logos\logo57.dds
I           m3dapp.cpp[1336]03/01 05:40:58 d3d: texmap failed to load: data\models\logos\logo57.dds
E       DraftModel.cpp[1002]03/01 05:40:58 Error: Couldn't load texture data\models\logos\logo57.dds for model logos.gam
I           m3dapp.cpp[1336]03/01 05:40:58 d3d: Cannot open data\models\logos\logo58.dds
I           m3dapp.cpp[1336]03/01 05:40:58 d3d: texmap failed to load: data\models\logos\logo58.dds
E       DraftModel.cpp[1002]03/01 05:40:58 Error: Couldn't load texture data\models\logos\logo58.dds for model logos.gam
I           m3dapp.cpp[1336]03/01 05:40:58 d3d: Cannot open data\models\logos\logo59.dds
I           m3dapp.cpp[1336]03/01 05:40:58 d3d: texmap failed to load: data\models\logos\logo59.dds
E       DraftModel.cpp[1002]03/01 05:40:58 Error: Couldn't load texture data\models\logos\logo59.dds for model logos.gam
I           m3dapp.cpp[1336]03/01 05:40:58 d3d: Cannot open data\models\logos\logo60.dds
I           m3dapp.cpp[1336]03/01 05:40:58 d3d: texmap failed to load: data\models\logos\logo60.dds
E       DraftModel.cpp[1002]03/01 05:40:58 Error: Couldn't load texture data\models\logos\logo60.dds for model logos.gam
I           m3dapp.cpp[1336]03/01 05:40:58 d3d: Cannot open data\models\logos\logo61.dds
I           m3dapp.cpp[1336]03/01 05:40:58 d3d: texmap failed to load: data\models\logos\logo61.dds
E       DraftModel.cpp[1002]03/01 05:40:58 Error: Couldn't load texture data\models\logos\logo61.dds for model logos.gam
I           m3dapp.cpp[1336]03/01 05:40:58 d3d: Cannot open data\models\logos\logo62.dds
I           m3dapp.cpp[1336]03/01 05:40:58 d3d: texmap failed to load: data\models\logos\logo62.dds
E       DraftModel.cpp[1002]03/01 05:40:58 Error: Couldn't load texture data\models\logos\logo62.dds for model logos.gam
I           m3dapp.cpp[1336]03/01 05:40:58 d3d: Cannot open data\models\logos\logo63.dds
I           m3dapp.cpp[1336]03/01 05:40:58 d3d: texmap failed to load: data\models\logos\logo63.dds
E       DraftModel.cpp[1002]03/01 05:40:58 Error: Couldn't load texture data\models\logos\logo63.dds for model logos.gam
I           m3dapp.cpp[1336]03/01 05:40:58 d3d: Cannot open data\models\logos\logo64.dds
I           m3dapp.cpp[1336]03/01 05:40:58 d3d: texmap failed to load: data\models\logos\logo64.dds
E       DraftModel.cpp[1002]03/01 05:40:58 Error: Couldn't load texture data\models\logos\logo64.dds for model logos.gam
I           m3dapp.cpp[1336]03/01 05:40:58 d3d: Cannot open data\models\logos\logo65.dds
I           m3dapp.cpp[1336]03/01 05:40:58 d3d: texmap failed to load: data\models\logos\logo65.dds
E       DraftModel.cpp[1002]03/01 05:40:58 Error: Couldn't load texture data\models\logos\logo65.dds for model logos.gam
I           m3dapp.cpp[1336]03/01 05:40:58 d3d: Cannot open data\models\logos\logo66.dds
I           m3dapp.cpp[1336]03/01 05:40:58 d3d: texmap failed to load: data\models\logos\logo66.dds
E       DraftModel.cpp[1002]03/01 05:40:58 Error: Couldn't load texture data\models\logos\logo66.dds for model logos.gam
I           m3dapp.cpp[1336]03/01 05:40:58 d3d: Cannot open data\models\logos\logo67.dds
I           m3dapp.cpp[1336]03/01 05:40:58 d3d: texmap failed to load: data\models\logos\logo67.dds
E       DraftModel.cpp[1002]03/01 05:40:58 Error: Couldn't load texture data\models\logos\logo67.dds for model logos.gam
I           m3dapp.cpp[1336]03/01 05:40:58 d3d: Cannot open data\models\logos\logo68.dds
I           m3dapp.cpp[1336]03/01 05:40:58 d3d: texmap failed to load: data\models\logos\logo68.dds
E       DraftModel.cpp[1002]03/01 05:40:58 Error: Couldn't load texture data\models\logos\logo68.dds for model logos.gam
I           m3dapp.cpp[1336]03/01 05:40:58 d3d: Cannot open data\models\logos\logo69.dds
I           m3dapp.cpp[1336]03/01 05:40:58 d3d: texmap failed to load: data\models\logos\logo69.dds
E       DraftModel.cpp[1002]03/01 05:40:58 Error: Couldn't load texture data\models\logos\logo69.dds for model logos.gam
I           m3dapp.cpp[1336]03/01 05:40:58 d3d: Cannot open data\models\logos\logo70.dds
I           m3dapp.cpp[1336]03/01 05:40:58 d3d: texmap failed to load: data\models\logos\logo70.dds
E       DraftModel.cpp[1002]03/01 05:40:58 Error: Couldn't load texture data\models\logos\logo70.dds for model logos.gam
I      gameimpulse.cpp[0288]03/01 05:40:58 Key bindings: were inited successfully
I           view32.cpp[0705]03/01 05:40:58 --- Init Media ---
I    GameUiManager.cpp[0303]03/01 05:40:59 Interface: is initializing...
I    GameUiManager.cpp[1580]03/01 05:40:59 Interface: clearing resource infos ...
I    GameUiManager.cpp[1491]03/01 05:40:59 Interface: loading resource infos ...
I    GameUiManager.cpp[1603]03/01 05:40:59 Interface: loading resources ...
I           m3dapp.cpp[1343]03/01 05:40:59 snd: Error: Can't Open SoundFile: 
I           m3dapp.cpp[1343]03/01 05:40:59 snd: Cannot open sound stream from file . Error: File not found, flags: 8272
I    GameUiManager.cpp[0395]03/01 05:40:59 Interface: is inited successfully
I        LevelInfo.cpp[0806]03/01 05:40:59 Level infos were loaded successfully from file data\if\diz\LevelInfo.xml
I        LevelInfo.cpp[0837]03/01 05:40:59 Error: could't open data\maps\r1m8.ssl file
E        LevelInfo.cpp[0749]03/01 05:40:59 LevelInfoManager was inited with errors
I   TruxxUiManager.cpp[0191]03/01 05:40:59 TruxxUiManager: was inited successfully
I      gameimpulse.cpp[0618]03/01 05:41:00 Key bindings: unbind all is done
I      gameimpulse.cpp[0324]03/01 05:41:00 Key bindings: were loaded successfully from file data\scripts\DefaultKeyBindings.lua
I      gameimpulse.cpp[1194]03/01 05:41:00 Key bindings: were bind from defaults
I            video.cpp[0704]03/01 05:41:00 Could not load specified video file: data\video\logobuka.wmv (hr = 80070003)
I     view32_video.cpp[0061]03/01 05:41:00 Error: couldn't load video 'data\video\logobuka.wmv'
I            video.cpp[0704]03/01 05:41:00 Could not load specified video file: data\video\logotargem.wmv (hr = 80070003)
I     view32_video.cpp[0061]03/01 05:41:00 Error: couldn't load video 'data\video\logotargem.wmv'
I            video.cpp[0704]03/01 05:41:00 Could not load specified video file: data\video\INTRO_RUS_FIELD.wmv (hr = 80070003)
I     view32_video.cpp[0061]03/01 05:41:00 Error: couldn't load video 'data\video\INTRO_RUS_FIELD.wmv'
I             core.lua[0013]03/01 05:41:00 IMPROVED STORYLINE V1.0.5.3 ORIGINAL BUILD 220422
I           m3dapp.cpp[1808]03/01 05:41:00 ----------------------- Engine inited in: 0
I          Profile.cpp[0602]03/01 05:41:00 Profile "RiverZone" set
I   TruxxUiManager.cpp[1422]03/01 05:41:00 Game mode changed. Old mode = 3, new mode = 2
I        SplashWnd.cpp[0244]03/01 05:41:00 Start splashing 11
I           view32.cpp[1048]03/01 05:41:00 -- Loading Level: data\maps\mainmenu.ssl --
I            world.cpp[0132]03/01 05:41:01 ----------------------- World Loading
F        landscape.cpp[1674]03/01 05:41:01  +- Enter function: Landscape::Load()
I        landscape.cpp[1911]03/01 05:41:01  |  ----------------------- Normal map loaded in: 1
I        landscape.cpp[1920]03/01 05:41:01  |  ----------------------- Tiles loaded in: 30
I        landscape.cpp[1944]03/01 05:41:01  |  ----------------------- ShoreLine loaded in: 1
F        landscape.cpp[1944]03/01 05:41:01  +- Exit function: Landscape::Load()
I            world.cpp[0169]03/01 05:41:01 ----------------------- Landscape loaded in: 178
I       DataServer.cpp[0587]03/01 05:41:01 Loading Servers: data\maps\MainMenu\servers.xml
I serverAnimatedModel.cpp[0630]03/01 05:41:03 ### Total time: 2590, GAM time: 733
I       DataServer.cpp[0587]03/01 05:41:03 Loading Servers: data\models\commonservers.xml
E      serverMusic.cpp[0216]03/01 05:41:07 MusicServer: cannot read file: data\music\music.xml id = 'LaBelleTown'
E      serverMusic.cpp[0216]03/01 05:41:07 MusicServer: cannot read file: data\music\music.xml id = 'block6_driving2'
E      serverMusic.cpp[0216]03/01 05:41:07 MusicServer: cannot read file: data\music\music.xml id = 'r11_1_driving'
E      serverMusic.cpp[0216]03/01 05:41:07 MusicServer: cannot read file: data\music\music.xml id = 'r11_1_alarm'
E      serverMusic.cpp[0216]03/01 05:41:07 MusicServer: cannot read file: data\music\music.xml id = 'r11_1_battle'
I            world.cpp[0210]03/01 05:41:07 ----------------------- Servers loaded in: 6293
I            world.cpp[0338]03/01 05:41:07 LoadWorld begin...
I            world.cpp[0350]03/01 05:41:07 %%%% read/parse xml: 23
I            world.cpp[0362]03/01 05:41:07 %%%% read from xml: 9
E    PlayerPassMap.cpp[0139]03/01 05:41:07 Couldn't load player pass map from file data\maps\MainMenu\player_passmap.xml
I            world.cpp[0444]03/01 05:41:07 %%%% link nodes: 34
I            world.cpp[0220]03/01 05:41:07 ----------------------- Nodes loaded in: 71
I            world.cpp[0228]03/01 05:41:07 ----------------------- Prefabs loaded in: 0
I            world.cpp[0247]03/01 05:41:07 ----------------------- World loaded in: 6871
I            world.cpp[0278]03/01 05:41:08 ----------------------- Roads loaded in: 266
I           view32.cpp[1078]03/01 05:41:08 Load Server begin...
I   TruxxUiManager.cpp[0974]03/01 05:41:08 Interface: is loaded successfully
I           server.cpp[0789]03/01 05:41:08 AI: Loading Server...
I           server.cpp[0796]03/01 05:41:08 	AI: Loading Relationship
I     Relationship.cpp[0134]03/01 05:41:08 		 File readed
I           server.cpp[0801]03/01 05:41:08 	AI: Loading SoilProps
I           server.cpp[0804]03/01 05:41:08 	AI: Loading ExternalPaths
I           server.cpp[0807]03/01 05:41:08 	AI: Loading PlayerPassMap
E    PlayerPassMap.cpp[0139]03/01 05:41:08 Couldn't load player pass map from file data\maps\MainMenu\player_passmap.xml
I           server.cpp[0813]03/01 05:41:08 	AI: Loading GameObjects
I           server.cpp[0816]03/01 05:41:08 	AI: Initializing VehicleGeneratorInfoCache
I           server.cpp[0820]03/01 05:41:08 	AI: Refreshing GameObjects
I           server.cpp[0824]03/01 05:41:08 	AI: Loading QuestStates
I       QuestState.cpp[0904]03/01 05:41:08 Quest 'Human1_Quest1' can be given now
I       QuestState.cpp[0904]03/01 05:41:08 Quest 'Human1_Quest2' can be given now
I       QuestState.cpp[0904]03/01 05:41:08 Quest 'BenGoodEnd' can be given now
I       QuestState.cpp[0904]03/01 05:41:08 Quest 'q_PlaceWithSign' can be given now
I       QuestState.cpp[0904]03/01 05:41:08 Quest 'r3m2_OracleMemory' can be given now
I       QuestState.cpp[0904]03/01 05:41:08 Quest 'r3m2_TalkWithLisa' can be given now
I       QuestState.cpp[0904]03/01 05:41:08 Quest 'r3m2_TalkWithBenAboutCarAfterOracul' can be given now
I       QuestState.cpp[0904]03/01 05:41:08 Quest 'r3m2_FindInfoAboutFather' can be given now
I       QuestState.cpp[0904]03/01 05:41:08 Quest 'r3m1_LureMainDriud' can be given now
I       QuestState.cpp[0904]03/01 05:41:08 Quest 'r3m1_ClearSanctuary' can be given now
I       QuestState.cpp[0904]03/01 05:41:08 Quest 'r3m1_KnowAboutUluk' can be given now
I       QuestState.cpp[0904]03/01 05:41:08 Quest 'r3m1_RescueUlukCivil' can be given now
I       QuestState.cpp[0904]03/01 05:41:08 Quest 'q_VisitDruid' can be given now
I       QuestState.cpp[0904]03/01 05:41:08 Quest 'r2m2_Znaki2_Quest' can be given now
I       QuestState.cpp[0904]03/01 05:41:08 Quest 'r2m2_HeadsHunterQuest' can be given now
I       QuestState.cpp[0904]03/01 05:41:08 Quest 'r2m2_OldDvigatel1_Quest' can be given now
I       QuestState.cpp[0904]03/01 05:41:08 Quest 'r2m2_OldDvigatel2_Quest' can be given now
I       QuestState.cpp[0904]03/01 05:41:08 Quest 'r2m2_FightFelix' can be given now
I       QuestState.cpp[0904]03/01 05:41:08 Quest 'r2m2_ReturnToMarecciaFromCastle' can be given now
I       QuestState.cpp[0904]03/01 05:41:08 Quest 'r2m2_FightWithAxelInArena_Quest' can be given now
I       QuestState.cpp[0904]03/01 05:41:08 Quest 'r2m2_FindLisAfterAxelAndFatherDie_Quest' can be given now
I       QuestState.cpp[0904]03/01 05:41:08 Quest 'r2m2_ToLisaToMonastir' can be given now
I       QuestState.cpp[0904]03/01 05:41:08 Quest 'r2m2_FightLisaToMonastir' can be given now
I       QuestState.cpp[0904]03/01 05:41:08 Quest 'r2m2_GiveDisk2ToOrakul' can be given now
I       QuestState.cpp[0904]03/01 05:41:08 Quest 'MrShlyapa3_Quest' can be given now
I       QuestState.cpp[0904]03/01 05:41:08 Quest 'r2m1_ArtAntipod_Quest' can be given now
I       QuestState.cpp[0904]03/01 05:41:08 Quest 'r2m1_TakeNarcotics_Quest' can be given now
I       QuestState.cpp[0904]03/01 05:41:08 Quest 'r2m1_KillGodFather_Quest' can be given now
I       QuestState.cpp[0904]03/01 05:41:08 Quest 'MrShlyapaSecret' can be given now
I       QuestState.cpp[0904]03/01 05:41:08 Quest 'd_GetSupportOneOfTheBands2_Quest' can be given now
I       QuestState.cpp[0904]03/01 05:41:08 Quest 'd_GetSupportOneOfTheBands1_Quest' can be given now
I       QuestState.cpp[0904]03/01 05:41:08 Quest 'd_FindVerbInAR_Quest' can be given now
I       QuestState.cpp[0904]03/01 05:41:08 Quest 'd_FindVerbInSNG_Quest' can be given now
I       QuestState.cpp[0904]03/01 05:41:08 Quest 'd_PatrulSideSNG_Quest' can be given now
I       QuestState.cpp[0904]03/01 05:41:08 Quest 'd_TakeGeneralOfBandits_Quest' can be given now
I       QuestState.cpp[0904]03/01 05:41:08 Quest 'r2m1_TW_AlienInShip' can be given now
I       QuestState.cpp[0904]03/01 05:41:08 Quest 'Podderzhka_Quest' can be given now
I       QuestState.cpp[0904]03/01 05:41:08 Quest 'Zashita_Quest' can be given now
I       QuestState.cpp[0904]03/01 05:41:08 Quest 'preEretik_Quest' can be given now
I       QuestState.cpp[0904]03/01 05:41:08 Quest 'ReturnQuest' can be given now
I       QuestState.cpp[0904]03/01 05:41:08 Quest 'd_FindVerbInAM_Quest' can be given now
I       QuestState.cpp[0904]03/01 05:41:08 Quest 'OdettIsDead_Quest' can be given now
I       QuestState.cpp[0904]03/01 05:41:08 Quest 'Disk2OrakulLisa' can be given now
I       QuestState.cpp[0904]03/01 05:41:08 Quest 'FindGomerB_Quest1' can be given now
I       QuestState.cpp[0904]03/01 05:41:08 Quest 'FreeExtremistLeader_Quest1' can be given now
I       QuestState.cpp[0904]03/01 05:41:08 Quest 'KillExtremist_Quest1' can be given now
I       QuestState.cpp[0904]03/01 05:41:08 Quest 'r1m4_TalkWithOldTraderAboutSecondDisk' can be given now
I       QuestState.cpp[0904]03/01 05:41:08 Quest 'q_FindHusbent' can be given now
I       QuestState.cpp[0904]03/01 05:41:08 Quest 'RybakToOlm_Quest' can be given now
I       QuestState.cpp[0904]03/01 05:41:08 Quest 'AnanagaTech_Quest' can be given now
I       QuestState.cpp[0904]03/01 05:41:08 Quest 'MrShlyapa2_Quest' can be given now
I       QuestState.cpp[0904]03/01 05:41:08 Quest 'ToCordanToTikhomir_Quest' can be given now
I       QuestState.cpp[0904]03/01 05:41:08 Quest 'r1m3_BonnyAndKlideQuest' can be given now
I       QuestState.cpp[0904]03/01 05:41:08 Quest 'r1m3_ArchHelp' can be given now
I       QuestState.cpp[0904]03/01 05:41:08 Quest 'r1m3_CrazyManQuest' can be given now
I       QuestState.cpp[0904]03/01 05:41:08 Quest 'r1m3_OldTownOutsiderCar2_Quest' can be given now
I       QuestState.cpp[0904]03/01 05:41:08 Quest 'FightForPesht' can be given now
I       QuestState.cpp[0904]03/01 05:41:08 Quest 'd_RideAcrossBase_Quest' can be given now
I       QuestState.cpp[0904]03/01 05:41:08 Quest 'd_GiveMoneyToBase_Quest' can be given now
I       QuestState.cpp[0904]03/01 05:41:08 Quest 'd_GetBomb_Quest' can be given now
I       QuestState.cpp[0904]03/01 05:41:08 Quest 'd_IntrigaOfMerMinin_Quest' can be given now
I       QuestState.cpp[0904]03/01 05:41:08 Quest 'd_MoveFreelancersToOilMine_Quest' can be given now
I       QuestState.cpp[0904]03/01 05:41:08 Quest 'd_MoveCanistraToMinin_Quest' can be given now
I       QuestState.cpp[0904]03/01 05:41:08 Quest 'd_OpenTunel_Quest' can be given now
I       QuestState.cpp[0904]03/01 05:41:08 Quest 'r1m3_TalkWithThiefFromFatherHouse' can be given now
I       QuestState.cpp[0904]03/01 05:41:08 Quest 'r1m3_MoveToOraculAfterThief' can be given now
I       QuestState.cpp[0904]03/01 05:41:08 Quest 'r1m3_ToLisaToAsgard' can be given now
I       QuestState.cpp[0904]03/01 05:41:08 Quest 'r1m3_TW_OralceAboutAlien' can be given now
I       QuestState.cpp[0904]03/01 05:41:08 Quest 'r1m3_DestroyRadiationSource' can be given now
I       QuestState.cpp[0904]03/01 05:41:08 Quest 'r2m1_DestroyAlienShip' can be given now
I       QuestState.cpp[0904]03/01 05:41:08 Quest 'd_PayWorkersMoney_Quest' can be given now
I       QuestState.cpp[0904]03/01 05:41:08 Quest 'r2m1_TW_SellsCivilian' can be given now
I       QuestState.cpp[0904]03/01 05:41:08 Quest 'MorskieVrata2_Quest' can be given now
I       QuestState.cpp[0904]03/01 05:41:08 Quest 'Zachisti1_Quest' can be given now
I       QuestState.cpp[0904]03/01 05:41:08 Quest 'LisaVPeshte' can be given now
I       QuestState.cpp[0904]03/01 05:41:08 Quest 'LisaUBena' can be given now
I       QuestState.cpp[0904]03/01 05:41:08 Quest 'WhereSigns_Quest' can be given now
I       QuestState.cpp[0904]03/01 05:41:08 Quest 'CombatInKollizey_Quest' can be given now
I       QuestState.cpp[0904]03/01 05:41:08 Quest 'BuyKollizey_Quest' can be given now
I       QuestState.cpp[0904]03/01 05:41:08 Quest 'Kollizey_Quest' can be given now
I       QuestState.cpp[0904]03/01 05:41:08 Quest 'HelpRuins_Quest' can be given now
I       QuestState.cpp[0904]03/01 05:41:08 Quest 'DestroyRuins_Quest' can be given now
I       QuestState.cpp[0904]03/01 05:41:08 Quest 'DestroyRuins2_Quest' can be given now
I       QuestState.cpp[0904]03/01 05:41:08 Quest 'Signs_Quest' can be given now
I       QuestState.cpp[0904]03/01 05:41:08 Quest 'MrShlyapa1_Quest' can be given now
I       QuestState.cpp[0904]03/01 05:41:08 Quest 'FindBen2_Quest' can be given now
I       QuestState.cpp[0904]03/01 05:41:08 Quest 'd_FindHouseOfBen_Quest' can be given now
I       QuestState.cpp[0904]03/01 05:41:08 Quest 'r1m2_TW_BanAboutAlien' can be given now
I       QuestState.cpp[0904]03/01 05:41:08 Quest 'r1m3_DestroyOracle' can be given now
I       QuestState.cpp[0904]03/01 05:41:08 Quest 'Pomiritsa_Quest' can be given now
I       QuestState.cpp[0904]03/01 05:41:08 Quest 'VYar_Quest' can be given now
I       QuestState.cpp[0904]03/01 05:41:08 Quest 'FindBenMZ_Quest' can be given now
I       QuestState.cpp[0904]03/01 05:41:08 Quest 'QuickFindBen' can be given now
I       QuestState.cpp[0904]03/01 05:41:08 Quest 'OpenMid_Quest' can be given now
I       QuestState.cpp[0904]03/01 05:41:08 Quest 'TalkBeforeDesert' can be given now
I       QuestState.cpp[0904]03/01 05:41:08 Quest 'ZashitaGotova' can be given now
I       QuestState.cpp[0904]03/01 05:41:08 Quest 'FakeQuest1' can be given now
I       QuestState.cpp[0904]03/01 05:41:08 Quest 'Chehly_Quest' can be given now
I       QuestState.cpp[0904]03/01 05:41:08 Quest 'WorkGiver_Quest1' can be given now
I       QuestState.cpp[0904]03/01 05:41:08 Quest 'd_PunishBandits_Quest' can be given now
I       QuestState.cpp[0904]03/01 05:41:08 Quest 'r1m1_Hospital_Quest' can be given now
I       QuestState.cpp[0904]03/01 05:41:08 Quest 'r1m1_Botanik_Quest' can be given now
I       QuestState.cpp[0904]03/01 05:41:08 Quest 'r1m1_FindBotanik_Quest' can be given now
I       QuestState.cpp[0904]03/01 05:41:08 Quest 'Buyer_Quest1' can be given now
I       QuestState.cpp[0904]03/01 05:41:08 Quest 'FirstTimePlay' can be given now
I       QuestState.cpp[0904]03/01 05:41:08 Quest 'TalkWithFather_Quest' can be given now
I       QuestState.cpp[0904]03/01 05:41:08 Quest 'LisaAtSouth' can be given now
I       QuestState.cpp[0904]03/01 05:41:08 Quest 'FindBen_Quest' can be given now
I       QuestState.cpp[0904]03/01 05:41:08 Quest 'FindBenAgain_Quest' can be given now
I       QuestState.cpp[0904]03/01 05:41:08 Quest 'd_SinFather_Quest' can be given now
I       QuestState.cpp[0904]03/01 05:41:08 Quest 'TalkToVasily' can be given now
I       QuestState.cpp[0904]03/01 05:41:08 Quest 'CheckTheEast' can be given now
I       QuestState.cpp[0904]03/01 05:41:08 Quest 'BenSouth_Quest' can be given now
I           server.cpp[0826]03/01 05:41:08 	AI: QuestStates loaded
I           server.cpp[0828]03/01 05:41:08 	AI: Loading DynamicScene
I     DynamicScene.cpp[1470]03/01 05:41:08 		 Scene loading begin
I     DynamicScene.cpp[1472]03/01 05:41:08 		 Scene loading end
I           server.cpp[0837]03/01 05:41:08 	AI: DynamicScene loaded
I           server.cpp[0852]03/01 05:41:08 	AI: Loading Triggers
E           server.cpp[1242]03/01 05:41:08 Error: cannot open data\maps\MainMenu\
I           server.cpp[0855]03/01 05:41:08 	AI: Triggers loaded
I           server.cpp[0857]03/01 05:41:08 	AI: Loading Object Names
E     ObjContainer.cpp[1104]03/01 05:41:08 Error: cannot open data\maps\MainMenu\object_names.xml
I           server.cpp[0868]03/01 05:41:08 	AI: Initing Player
I           server.cpp[0888]03/01 05:41:08 		Before first Update
I   TruxxUiManager.cpp[1422]03/01 05:41:08 Game mode changed. Old mode = 2, new mode = 1
I           server.cpp[0909]03/01 05:41:08 		After first Update
I           server.cpp[0911]03/01 05:41:08 AI: Finished Loading Server
I           view32.cpp[1106]03/01 05:41:08 Load server end
I        QuestInfo.cpp[0847]03/01 05:41:08 Quest infos were loaded successfully from file data\if\diz\QuestInfoGlobal.xml
I        QuestInfo.cpp[0783]03/01 05:41:08 QuestInfo manager was inited successfully
I       MsgManager.cpp[0391]03/01 05:41:08 Can't open file data\maps\MainMenu\strings.xml for read.
I    GameUiManager.cpp[0303]03/01 05:41:08 Interface: is initializing...
I    GameUiManager.cpp[0405]03/01 05:41:08 Interface: is clearing...
I    GameUiManager.cpp[0495]03/01 05:41:08 Interface: is cleared successfully
I    GameUiManager.cpp[0395]03/01 05:41:08 Interface: is inited successfully
I blockMusicManager.cpp[0199]03/01 05:41:08 BlockMusicManager: resetting
I      gameimpulse.cpp[0618]03/01 05:41:09 Key bindings: unbind all is done
I      gameimpulse.cpp[0618]03/01 05:41:09 Key bindings: unbind all is done
I      gameimpulse.cpp[0324]03/01 05:41:09 Key bindings: were loaded successfully from file data/profiles/riverzone\KeyBindings.lua
I      gameimpulse.cpp[1222]03/01 05:41:09 Key bindings: were loaded from profile
I        SplashWnd.cpp[0244]03/01 05:41:31 Start splashing 11
I   TruxxUiManager.cpp[1422]03/01 05:41:31 Game mode changed. Old mode = 1, new mode = 0
I    GameUiManager.cpp[0405]03/01 05:41:31 Interface: is clearing...
I    GameUiManager.cpp[0495]03/01 05:41:31 Interface: is cleared successfully
I           view32.cpp[1048]03/01 05:41:31 -- Loading Level: data\maps\r11m1.ssl --
I            world.cpp[0132]03/01 05:41:31 ----------------------- World Loading
F        landscape.cpp[1674]03/01 05:41:32  +- Enter function: Landscape::Load()
I        landscape.cpp[1754]03/01 05:41:32  |  Cannot read colormap: data\maps\r11m1\colormap.rawusing default values
I        landscape.cpp[1801]03/01 05:41:32  |  Cannot read heightfield: data\maps\r11m1\displace.bin
F        landscape.cpp[1801]03/01 05:41:32  +- Exit function: Landscape::Load()
I           view32.cpp[1060]03/01 05:41:32 Level file data\maps\r11m1.ssl not found
I blockMusicManager.cpp[0185]03/01 05:41:32 BlockMusicManager: start playing new music: blockNum = 14, musicType = 0, name = 'r8_1_driving'
