---------------------------------------------- Log begins on Wed Sep 24 18:58:09 2025 ----------------------------------------------
I           m3dapp.cpp[0088]24/09 18:58:09 Starting up...
I           m3dapp.cpp[1498]24/09 18:58:10 ExMachina - release version release build v1.02 (Dec 21 2005 12:15:10)
I      Stackwalker.cpp[0608]24/09 18:58:10 Stackwalker: log file name will be 'b:/exmachina gm.mod sdk new/exceptions/hta.exe0005.log'
I      Stackwalker.cpp[0609]24/09 18:58:10 Stackwalker: dump file name will be 'b:/exmachina gm.mod sdk new/exceptions/hta.exe0005.dmp'
I      Stackwalker.cpp[0610]24/09 18:58:10 Stackwalker: game log file name will be 'b:/exmachina gm.mod sdk new/exceptions/hta.exe0005_game.log'
I           m3dapp.cpp[1391]24/09 18:58:10 Path: B:\ExMachina GM.mod SDK new
I           m3dapp.cpp[1392]24/09 18:58:10 Exe: B:\ExMachina GM.mod SDK new\hta.exe
I           m3dapp.cpp[1401]24/09 18:58:10 Windows version: 6.2.9200
I           m3dapp.cpp[1410]24/09 18:58:10 Computer name: DESKTOP-QQPV5MQ
I           m3dapp.cpp[1430]24/09 18:58:10 Cpu: GenuineIntel
I           m3dapp.cpp[1434]24/09 18:58:10 Cpu clock: ~3302
I           m3dapp.cpp[1459]24/09 18:58:10 Processor is mmx able
I           m3dapp.cpp[1470]24/09 18:58:10 Physical memory: 2047 MB
I           m3dapp.cpp[1471]24/09 18:58:10 Total memory:    4095 MB
I           m3dapp.cpp[1472]24/09 18:58:10 Physical memory available: 2047 MB
I           m3dapp.cpp[1473]24/09 18:58:10 Total memory available:    1738 MB
I           m3dapp.cpp[2846]24/09 18:58:10 SetCodepage -- using codepage 1251 '1251  (ANSI - кириллица)'
I           m3dapp.cpp[2154]24/09 18:58:10 NOTE! renderer is bind to dxrender9.dll
I           m3dapp.cpp[1336]24/09 18:58:10 d3d: Given device behavior: 80
I           m3dapp.cpp[1336]24/09 18:58:10 d3d: Confirmed device behavior: 80
I           m3dapp.cpp[1336]24/09 18:58:10 d3d: Description: NVIDIA GeForce GTX 1650
I           m3dapp.cpp[1336]24/09 18:58:10 d3d: Driver:      nvldumd.dll
I           m3dapp.cpp[1336]24/09 18:58:10 d3d: VendorId:    0x10de
I           m3dapp.cpp[1336]24/09 18:58:10 d3d: DeviceId:    0x1f0a
I           m3dapp.cpp[1336]24/09 18:58:10 d3d: SubSysId:    0x145c1771
I           m3dapp.cpp[1336]24/09 18:58:10 d3d: Revision:    161
I           m3dapp.cpp[1336]24/09 18:58:10 d3d: Driver version info:
I           m3dapp.cpp[1336]24/09 18:58:10 d3d:   Product:    32
I           m3dapp.cpp[1336]24/09 18:58:10 d3d:   Version:    0
I           m3dapp.cpp[1336]24/09 18:58:10 d3d:   SubVersion: 15
I           m3dapp.cpp[1336]24/09 18:58:10 d3d:   Build:      8129
I           m3dapp.cpp[1336]24/09 18:58:10 d3d: WHQLLevel:    0
I           m3dapp.cpp[1336]24/09 18:58:10 d3d: Texture max size: 16384x16384
I           m3dapp.cpp[1336]24/09 18:58:10 d3d: Guard band: (-100000000.000,-100000000.000,100000000.000,100000000.000)
I           m3dapp.cpp[1336]24/09 18:58:10 d3d: MaxTextureBlendStages: 8
I           m3dapp.cpp[1336]24/09 18:58:10 d3d: MaxSimultaneousTextures: 8
I           m3dapp.cpp[1336]24/09 18:58:10 d3d: MaxActiveLights: 10
I           m3dapp.cpp[1336]24/09 18:58:10 d3d: MaxUserClipPlanes: 8
I           m3dapp.cpp[1336]24/09 18:58:10 d3d: VertexShaderVersion: 0xfffe0300
I           m3dapp.cpp[1336]24/09 18:58:10 d3d: PixelShaderVersion: 0xffff0300
I           m3dapp.cpp[1336]24/09 18:58:10 d3d: Geometry instancing: supported
I           m3dapp.cpp[1336]24/09 18:58:10 d3d: Depth bias supported: yes
I           m3dapp.cpp[1336]24/09 18:58:10 d3d: Slope-scale based depth bias supported: yes
I           m3dapp.cpp[1336]24/09 18:58:10 d3d: HwRasterization: true
I           m3dapp.cpp[1336]24/09 18:58:10 d3d: HwTnL: true
I           m3dapp.cpp[1336]24/09 18:58:10 d3d: PureDevice: true
I           m3dapp.cpp[1336]24/09 18:58:10 d3d: CubeMap: true
I           m3dapp.cpp[1336]24/09 18:58:10 d3d: VolumeMap: true
I           m3dapp.cpp[1336]24/09 18:58:10 d3d: TextureAddressCaps:
I           m3dapp.cpp[1336]24/09 18:58:10 d3d: 	wrap: true
I           m3dapp.cpp[1336]24/09 18:58:10 d3d: 	clamp: true
I           m3dapp.cpp[1336]24/09 18:58:10 d3d: 	border: true
I           m3dapp.cpp[1336]24/09 18:58:10 d3d: Projective textures: true
I           m3dapp.cpp[1336]24/09 18:58:10 d3d: MaxPointSize: 8192.000
I           m3dapp.cpp[1336]24/09 18:58:10 d3d: MaxPrimitiveCount: 16777215
I           m3dapp.cpp[1336]24/09 18:58:10 d3d: MaxVertexIndex: 16777215
I           m3dapp.cpp[1336]24/09 18:58:10 d3d: MaxStreams: 16
I           m3dapp.cpp[1336]24/09 18:58:10 d3d: MaxStreamsStride: 255
I           m3dapp.cpp[1336]24/09 18:58:10 d3d: MaxAnisotropy: 16
I           m3dapp.cpp[1336]24/09 18:58:10 d3d: MaxVertexBlendMatrices: 4
I           m3dapp.cpp[1336]24/09 18:58:10 d3d: MaxVertexBlendMatrixIndex: 8
I           m3dapp.cpp[1336]24/09 18:58:10 d3d: FullScreenGamma: true
I           m3dapp.cpp[1336]24/09 18:58:10 d3d: COLORWRITEENABLE: true
I           m3dapp.cpp[1336]24/09 18:58:10 d3d: MASKZ: true
I           m3dapp.cpp[1336]24/09 18:58:10 d3d: BLENDOP: true
I           m3dapp.cpp[1336]24/09 18:58:10 d3d: CLIPPLANESCALEDPOINTS: false
I           m3dapp.cpp[1336]24/09 18:58:10 d3d: CLIPTLVERTS: true
I           m3dapp.cpp[1336]24/09 18:58:10 d3d: TSSARGTEMP: true
I           m3dapp.cpp[1336]24/09 18:58:10 d3d: DIRECTIONALLIGHTS: true
I           m3dapp.cpp[1336]24/09 18:58:10 d3d: LOCALVIEWER: true
I           m3dapp.cpp[1336]24/09 18:58:10 d3d: POSITIONALLIGHTS: true
I           m3dapp.cpp[1336]24/09 18:58:10 d3d: TEXGEN:  true
I           m3dapp.cpp[1336]24/09 18:58:10 d3d: TWEENING:  true
I           m3dapp.cpp[1336]24/09 18:58:10 d3d: Dp3: true
I           m3dapp.cpp[1336]24/09 18:58:10 d3d: Lerp: true
I           m3dapp.cpp[1336]24/09 18:58:10 d3d: MaxNpatchTessellationLevel: 0.000
I           m3dapp.cpp[1336]24/09 18:58:10 d3d: Query VCACHE support: true
I           m3dapp.cpp[1336]24/09 18:58:10 d3d: Query EVENT support: true
I           m3dapp.cpp[1336]24/09 18:58:10 d3d: Query OCCLUSION support: true
I           m3dapp.cpp[1336]24/09 18:58:10 d3d: Query TIMESTAMP support: true
I           m3dapp.cpp[1336]24/09 18:58:10 d3d: Query TIMESTAMPDISJOINT support: true
I           m3dapp.cpp[1336]24/09 18:58:10 d3d: Query TIMESTAMPFREQ support: true
I           m3dapp.cpp[1336]24/09 18:58:10 d3d: Query PIPELINETIMINGS support: false
I           m3dapp.cpp[1336]24/09 18:58:10 d3d: Query INTERFACETIMINGS support: false
I           m3dapp.cpp[1336]24/09 18:58:10 d3d: Query VERTEXTIMINGS support: false
I           m3dapp.cpp[1336]24/09 18:58:10 d3d: Query PIXELTIMINGS support: false
I           m3dapp.cpp[1336]24/09 18:58:10 d3d: Query BANDWIDTHTIMINGS support: false
I           m3dapp.cpp[1336]24/09 18:58:10 d3d: Query CACHEUTILIZATION support: false
I           m3dapp.cpp[1336]24/09 18:58:10 d3d: Creating or resetting the device
I           m3dapp.cpp[1336]24/09 18:58:10 d3d: Back buffer format: X8R8G8B8
I           m3dapp.cpp[1336]24/09 18:58:10 d3d: Depth/stencil buffer format: D24S8
I           m3dapp.cpp[1336]24/09 18:58:10 d3d: Stenciling: off
I           m3dapp.cpp[1336]24/09 18:58:10 d3d: Rgba textures format: DXT5
I           m3dapp.cpp[1336]24/09 18:58:10 d3d: Rgba no c. textures format: A8R8G8B8
I           m3dapp.cpp[1336]24/09 18:58:10 d3d: RgbA textures format: DXT5
I           m3dapp.cpp[1336]24/09 18:58:10 d3d: RgbA no c. textures format: A4R4G4B4
I           m3dapp.cpp[1336]24/09 18:58:10 d3d: Rt textures format: A8R8G8B8
I           m3dapp.cpp[1336]24/09 18:58:10 d3d: Shadow textures format: R5G6B5
I           m3dapp.cpp[1336]24/09 18:58:10 d3d: Rt depth format: D16
I           m3dapp.cpp[2206]24/09 18:58:10 NOTE! input is bind to input_di8.dll
I           m3dapp.cpp[1938]24/09 18:58:10 NOTE! sound is bind to sound.dll
I           m3dapp.cpp[1350]24/09 18:58:10 input: Joystick not found
I           m3dapp.cpp[1343]24/09 18:58:10 snd: Max sound channels available: 128
I           m3dapp.cpp[1343]24/09 18:58:10 snd: Sound is inited successfully
I             font.cpp[0976]24/09 18:58:10 FontManager: fonts are loaded successfully
I           m3dapp.cpp[1336]24/09 18:58:10 d3d: Cannot open data\models\logos\fishmen.dds
I           m3dapp.cpp[1336]24/09 18:58:10 d3d: texmap failed to load: data\models\logos\fishmen.dds
E       DraftModel.cpp[1002]24/09 18:58:10 Error: Couldn't load texture data\models\logos\fishmen.dds for model logos.gam
I           m3dapp.cpp[1336]24/09 18:58:10 d3d: Cannot open data\models\logos\logo32.dds
I           m3dapp.cpp[1336]24/09 18:58:10 d3d: texmap failed to load: data\models\logos\logo32.dds
E       DraftModel.cpp[1002]24/09 18:58:10 Error: Couldn't load texture data\models\logos\logo32.dds for model logos.gam
I           m3dapp.cpp[1336]24/09 18:58:10 d3d: Cannot open data\models\logos\logo33.dds
I           m3dapp.cpp[1336]24/09 18:58:10 d3d: texmap failed to load: data\models\logos\logo33.dds
E       DraftModel.cpp[1002]24/09 18:58:10 Error: Couldn't load texture data\models\logos\logo33.dds for model logos.gam
I           m3dapp.cpp[1336]24/09 18:58:10 d3d: Cannot open data\models\logos\logo34.dds
I           m3dapp.cpp[1336]24/09 18:58:10 d3d: texmap failed to load: data\models\logos\logo34.dds
E       DraftModel.cpp[1002]24/09 18:58:10 Error: Couldn't load texture data\models\logos\logo34.dds for model logos.gam
I           m3dapp.cpp[1336]24/09 18:58:10 d3d: Cannot open data\models\logos\logo35.dds
I           m3dapp.cpp[1336]24/09 18:58:10 d3d: texmap failed to load: data\models\logos\logo35.dds
E       DraftModel.cpp[1002]24/09 18:58:10 Error: Couldn't load texture data\models\logos\logo35.dds for model logos.gam
I           m3dapp.cpp[1336]24/09 18:58:10 d3d: Cannot open data\models\logos\logo36.dds
I           m3dapp.cpp[1336]24/09 18:58:10 d3d: texmap failed to load: data\models\logos\logo36.dds
E       DraftModel.cpp[1002]24/09 18:58:10 Error: Couldn't load texture data\models\logos\logo36.dds for model logos.gam
I           m3dapp.cpp[1336]24/09 18:58:10 d3d: Cannot open data\models\logos\logo37.dds
I           m3dapp.cpp[1336]24/09 18:58:10 d3d: texmap failed to load: data\models\logos\logo37.dds
E       DraftModel.cpp[1002]24/09 18:58:10 Error: Couldn't load texture data\models\logos\logo37.dds for model logos.gam
I           m3dapp.cpp[1336]24/09 18:58:10 d3d: Cannot open data\models\logos\logo38.dds
I           m3dapp.cpp[1336]24/09 18:58:10 d3d: texmap failed to load: data\models\logos\logo38.dds
E       DraftModel.cpp[1002]24/09 18:58:10 Error: Couldn't load texture data\models\logos\logo38.dds for model logos.gam
I           m3dapp.cpp[1336]24/09 18:58:10 d3d: Cannot open data\models\logos\logo39.dds
I           m3dapp.cpp[1336]24/09 18:58:10 d3d: texmap failed to load: data\models\logos\logo39.dds
E       DraftModel.cpp[1002]24/09 18:58:10 Error: Couldn't load texture data\models\logos\logo39.dds for model logos.gam
I           m3dapp.cpp[1336]24/09 18:58:10 d3d: Cannot open data\models\logos\logo40.dds
I           m3dapp.cpp[1336]24/09 18:58:10 d3d: texmap failed to load: data\models\logos\logo40.dds
E       DraftModel.cpp[1002]24/09 18:58:10 Error: Couldn't load texture data\models\logos\logo40.dds for model logos.gam
I           m3dapp.cpp[1336]24/09 18:58:10 d3d: Cannot open data\models\logos\logo41.dds
I           m3dapp.cpp[1336]24/09 18:58:10 d3d: texmap failed to load: data\models\logos\logo41.dds
E       DraftModel.cpp[1002]24/09 18:58:10 Error: Couldn't load texture data\models\logos\logo41.dds for model logos.gam
I           m3dapp.cpp[1336]24/09 18:58:10 d3d: Cannot open data\models\logos\logo42.dds
I           m3dapp.cpp[1336]24/09 18:58:10 d3d: texmap failed to load: data\models\logos\logo42.dds
E       DraftModel.cpp[1002]24/09 18:58:10 Error: Couldn't load texture data\models\logos\logo42.dds for model logos.gam
I           m3dapp.cpp[1336]24/09 18:58:10 d3d: Cannot open data\models\logos\logo43.dds
I           m3dapp.cpp[1336]24/09 18:58:10 d3d: texmap failed to load: data\models\logos\logo43.dds
E       DraftModel.cpp[1002]24/09 18:58:10 Error: Couldn't load texture data\models\logos\logo43.dds for model logos.gam
I           m3dapp.cpp[1336]24/09 18:58:10 d3d: Cannot open data\models\logos\logo44.dds
I           m3dapp.cpp[1336]24/09 18:58:10 d3d: texmap failed to load: data\models\logos\logo44.dds
E       DraftModel.cpp[1002]24/09 18:58:10 Error: Couldn't load texture data\models\logos\logo44.dds for model logos.gam
I           m3dapp.cpp[1336]24/09 18:58:10 d3d: Cannot open data\models\logos\logo45.dds
I           m3dapp.cpp[1336]24/09 18:58:10 d3d: texmap failed to load: data\models\logos\logo45.dds
E       DraftModel.cpp[1002]24/09 18:58:10 Error: Couldn't load texture data\models\logos\logo45.dds for model logos.gam
I           m3dapp.cpp[1336]24/09 18:58:10 d3d: Cannot open data\models\logos\logo46.dds
I           m3dapp.cpp[1336]24/09 18:58:10 d3d: texmap failed to load: data\models\logos\logo46.dds
E       DraftModel.cpp[1002]24/09 18:58:10 Error: Couldn't load texture data\models\logos\logo46.dds for model logos.gam
I           m3dapp.cpp[1336]24/09 18:58:10 d3d: Cannot open data\models\logos\logo47.dds
I           m3dapp.cpp[1336]24/09 18:58:10 d3d: texmap failed to load: data\models\logos\logo47.dds
E       DraftModel.cpp[1002]24/09 18:58:10 Error: Couldn't load texture data\models\logos\logo47.dds for model logos.gam
I           m3dapp.cpp[1336]24/09 18:58:10 d3d: Cannot open data\models\logos\logo48.dds
I           m3dapp.cpp[1336]24/09 18:58:10 d3d: texmap failed to load: data\models\logos\logo48.dds
E       DraftModel.cpp[1002]24/09 18:58:10 Error: Couldn't load texture data\models\logos\logo48.dds for model logos.gam
I           m3dapp.cpp[1336]24/09 18:58:10 d3d: Cannot open data\models\logos\logo49.dds
I           m3dapp.cpp[1336]24/09 18:58:10 d3d: texmap failed to load: data\models\logos\logo49.dds
E       DraftModel.cpp[1002]24/09 18:58:10 Error: Couldn't load texture data\models\logos\logo49.dds for model logos.gam
I           m3dapp.cpp[1336]24/09 18:58:10 d3d: Cannot open data\models\logos\logo50.dds
I           m3dapp.cpp[1336]24/09 18:58:10 d3d: texmap failed to load: data\models\logos\logo50.dds
E       DraftModel.cpp[1002]24/09 18:58:10 Error: Couldn't load texture data\models\logos\logo50.dds for model logos.gam
I           m3dapp.cpp[1336]24/09 18:58:10 d3d: Cannot open data\models\logos\logo51.dds
I           m3dapp.cpp[1336]24/09 18:58:10 d3d: texmap failed to load: data\models\logos\logo51.dds
E       DraftModel.cpp[1002]24/09 18:58:10 Error: Couldn't load texture data\models\logos\logo51.dds for model logos.gam
I           m3dapp.cpp[1336]24/09 18:58:10 d3d: Cannot open data\models\logos\logo52.dds
I           m3dapp.cpp[1336]24/09 18:58:10 d3d: texmap failed to load: data\models\logos\logo52.dds
E       DraftModel.cpp[1002]24/09 18:58:10 Error: Couldn't load texture data\models\logos\logo52.dds for model logos.gam
I           m3dapp.cpp[1336]24/09 18:58:10 d3d: Cannot open data\models\logos\logo53.dds
I           m3dapp.cpp[1336]24/09 18:58:10 d3d: texmap failed to load: data\models\logos\logo53.dds
E       DraftModel.cpp[1002]24/09 18:58:10 Error: Couldn't load texture data\models\logos\logo53.dds for model logos.gam
I           m3dapp.cpp[1336]24/09 18:58:10 d3d: Cannot open data\models\logos\logo54.dds
I           m3dapp.cpp[1336]24/09 18:58:10 d3d: texmap failed to load: data\models\logos\logo54.dds
E       DraftModel.cpp[1002]24/09 18:58:10 Error: Couldn't load texture data\models\logos\logo54.dds for model logos.gam
I           m3dapp.cpp[1336]24/09 18:58:10 d3d: Cannot open data\models\logos\logo55.dds
I           m3dapp.cpp[1336]24/09 18:58:10 d3d: texmap failed to load: data\models\logos\logo55.dds
E       DraftModel.cpp[1002]24/09 18:58:10 Error: Couldn't load texture data\models\logos\logo55.dds for model logos.gam
I           m3dapp.cpp[1336]24/09 18:58:10 d3d: Cannot open data\models\logos\logo56.dds
I           m3dapp.cpp[1336]24/09 18:58:10 d3d: texmap failed to load: data\models\logos\logo56.dds
E       DraftModel.cpp[1002]24/09 18:58:10 Error: Couldn't load texture data\models\logos\logo56.dds for model logos.gam
I           m3dapp.cpp[1336]24/09 18:58:10 d3d: Cannot open data\models\logos\logo57.dds
I           m3dapp.cpp[1336]24/09 18:58:10 d3d: texmap failed to load: data\models\logos\logo57.dds
E       DraftModel.cpp[1002]24/09 18:58:10 Error: Couldn't load texture data\models\logos\logo57.dds for model logos.gam
I           m3dapp.cpp[1336]24/09 18:58:10 d3d: Cannot open data\models\logos\logo58.dds
I           m3dapp.cpp[1336]24/09 18:58:10 d3d: texmap failed to load: data\models\logos\logo58.dds
E       DraftModel.cpp[1002]24/09 18:58:10 Error: Couldn't load texture data\models\logos\logo58.dds for model logos.gam
I           m3dapp.cpp[1336]24/09 18:58:10 d3d: Cannot open data\models\logos\logo59.dds
I           m3dapp.cpp[1336]24/09 18:58:10 d3d: texmap failed to load: data\models\logos\logo59.dds
E       DraftModel.cpp[1002]24/09 18:58:10 Error: Couldn't load texture data\models\logos\logo59.dds for model logos.gam
I           m3dapp.cpp[1336]24/09 18:58:10 d3d: Cannot open data\models\logos\logo60.dds
I           m3dapp.cpp[1336]24/09 18:58:10 d3d: texmap failed to load: data\models\logos\logo60.dds
E       DraftModel.cpp[1002]24/09 18:58:10 Error: Couldn't load texture data\models\logos\logo60.dds for model logos.gam
I           m3dapp.cpp[1336]24/09 18:58:10 d3d: Cannot open data\models\logos\logo61.dds
I           m3dapp.cpp[1336]24/09 18:58:10 d3d: texmap failed to load: data\models\logos\logo61.dds
E       DraftModel.cpp[1002]24/09 18:58:10 Error: Couldn't load texture data\models\logos\logo61.dds for model logos.gam
I           m3dapp.cpp[1336]24/09 18:58:10 d3d: Cannot open data\models\logos\logo62.dds
I           m3dapp.cpp[1336]24/09 18:58:10 d3d: texmap failed to load: data\models\logos\logo62.dds
E       DraftModel.cpp[1002]24/09 18:58:10 Error: Couldn't load texture data\models\logos\logo62.dds for model logos.gam
I           m3dapp.cpp[1336]24/09 18:58:10 d3d: Cannot open data\models\logos\logo63.dds
I           m3dapp.cpp[1336]24/09 18:58:10 d3d: texmap failed to load: data\models\logos\logo63.dds
E       DraftModel.cpp[1002]24/09 18:58:10 Error: Couldn't load texture data\models\logos\logo63.dds for model logos.gam
I           m3dapp.cpp[1336]24/09 18:58:10 d3d: Cannot open data\models\logos\logo64.dds
I           m3dapp.cpp[1336]24/09 18:58:10 d3d: texmap failed to load: data\models\logos\logo64.dds
E       DraftModel.cpp[1002]24/09 18:58:10 Error: Couldn't load texture data\models\logos\logo64.dds for model logos.gam
I           m3dapp.cpp[1336]24/09 18:58:10 d3d: Cannot open data\models\logos\logo65.dds
I           m3dapp.cpp[1336]24/09 18:58:10 d3d: texmap failed to load: data\models\logos\logo65.dds
E       DraftModel.cpp[1002]24/09 18:58:10 Error: Couldn't load texture data\models\logos\logo65.dds for model logos.gam
I           m3dapp.cpp[1336]24/09 18:58:10 d3d: Cannot open data\models\logos\logo66.dds
I           m3dapp.cpp[1336]24/09 18:58:10 d3d: texmap failed to load: data\models\logos\logo66.dds
E       DraftModel.cpp[1002]24/09 18:58:10 Error: Couldn't load texture data\models\logos\logo66.dds for model logos.gam
I           m3dapp.cpp[1336]24/09 18:58:10 d3d: Cannot open data\models\logos\logo67.dds
I           m3dapp.cpp[1336]24/09 18:58:10 d3d: texmap failed to load: data\models\logos\logo67.dds
E       DraftModel.cpp[1002]24/09 18:58:10 Error: Couldn't load texture data\models\logos\logo67.dds for model logos.gam
I           m3dapp.cpp[1336]24/09 18:58:10 d3d: Cannot open data\models\logos\logo68.dds
I           m3dapp.cpp[1336]24/09 18:58:10 d3d: texmap failed to load: data\models\logos\logo68.dds
E       DraftModel.cpp[1002]24/09 18:58:10 Error: Couldn't load texture data\models\logos\logo68.dds for model logos.gam
I           m3dapp.cpp[1336]24/09 18:58:10 d3d: Cannot open data\models\logos\logo69.dds
I           m3dapp.cpp[1336]24/09 18:58:10 d3d: texmap failed to load: data\models\logos\logo69.dds
E       DraftModel.cpp[1002]24/09 18:58:10 Error: Couldn't load texture data\models\logos\logo69.dds for model logos.gam
I           m3dapp.cpp[1336]24/09 18:58:10 d3d: Cannot open data\models\logos\logo70.dds
I           m3dapp.cpp[1336]24/09 18:58:10 d3d: texmap failed to load: data\models\logos\logo70.dds
E       DraftModel.cpp[1002]24/09 18:58:10 Error: Couldn't load texture data\models\logos\logo70.dds for model logos.gam
I      gameimpulse.cpp[0288]24/09 18:58:10 Key bindings: were inited successfully
I           view32.cpp[0705]24/09 18:58:10 --- Init Media ---
I    GameUiManager.cpp[0303]24/09 18:58:10 Interface: is initializing...
I    GameUiManager.cpp[1580]24/09 18:58:10 Interface: clearing resource infos ...
I    GameUiManager.cpp[1491]24/09 18:58:10 Interface: loading resource infos ...
I    GameUiManager.cpp[1603]24/09 18:58:10 Interface: loading resources ...
I           m3dapp.cpp[1343]24/09 18:58:10 snd: Error: Can't Open SoundFile: 
I           m3dapp.cpp[1343]24/09 18:58:10 snd: Cannot open sound stream from file . Error: File not found, flags: 8272
I    GameUiManager.cpp[0395]24/09 18:58:10 Interface: is inited successfully
I        LevelInfo.cpp[0806]24/09 18:58:10 Level infos were loaded successfully from file data\if\diz\LevelInfo.xml
I        LevelInfo.cpp[0837]24/09 18:58:10 Error: could't open data\maps\r1m8.ssl file
E        LevelInfo.cpp[0749]24/09 18:58:10 LevelInfoManager was inited with errors
I   TruxxUiManager.cpp[0191]24/09 18:58:10 TruxxUiManager: was inited successfully
I      gameimpulse.cpp[0618]24/09 18:58:10 Key bindings: unbind all is done
I      gameimpulse.cpp[0324]24/09 18:58:10 Key bindings: were loaded successfully from file data\scripts\DefaultKeyBindings.lua
I      gameimpulse.cpp[1194]24/09 18:58:10 Key bindings: were bind from defaults
I            video.cpp[0704]24/09 18:58:10 Could not load specified video file: data\video\logobuka.wmv (hr = 80070003)
I     view32_video.cpp[0061]24/09 18:58:10 Error: couldn't load video 'data\video\logobuka.wmv'
I            video.cpp[0704]24/09 18:58:10 Could not load specified video file: data\video\logotargem.wmv (hr = 80070003)
I     view32_video.cpp[0061]24/09 18:58:10 Error: couldn't load video 'data\video\logotargem.wmv'
I            video.cpp[0704]24/09 18:58:10 Could not load specified video file: data\video\INTRO_RUS_FIELD.wmv (hr = 80070003)
I     view32_video.cpp[0061]24/09 18:58:10 Error: couldn't load video 'data\video\INTRO_RUS_FIELD.wmv'
I             core.lua[0013]24/09 18:58:10 IMPROVED STORYLINE V1.0.5.3 ORIGINAL BUILD 220422
I           m3dapp.cpp[1808]24/09 18:58:10 ----------------------- Engine inited in: 0
I          Profile.cpp[0602]24/09 18:58:10 Profile "RiverZone" set
I   TruxxUiManager.cpp[1422]24/09 18:58:10 Game mode changed. Old mode = 3, new mode = 2
I        SplashWnd.cpp[0244]24/09 18:58:10 Start splashing 11
I           view32.cpp[1048]24/09 18:58:10 -- Loading Level: data\maps\mainmenu.ssl --
I            world.cpp[0132]24/09 18:58:10 ----------------------- World Loading
F        landscape.cpp[1674]24/09 18:58:10  +- Enter function: Landscape::Load()
I        landscape.cpp[1911]24/09 18:58:10  |  ----------------------- Normal map loaded in: 1
I        landscape.cpp[1920]24/09 18:58:11  |  ----------------------- Tiles loaded in: 11
I        landscape.cpp[1944]24/09 18:58:11  |  ----------------------- ShoreLine loaded in: 1
F        landscape.cpp[1944]24/09 18:58:11  +- Exit function: Landscape::Load()
I            world.cpp[0169]24/09 18:58:11 ----------------------- Landscape loaded in: 49
I       DataServer.cpp[0587]24/09 18:58:11 Loading Servers: data\maps\MainMenu\servers.xml
I serverAnimatedModel.cpp[0630]24/09 18:58:11 ### Total time: 406, GAM time: 204
I       DataServer.cpp[0587]24/09 18:58:11 Loading Servers: data\models\commonservers.xml
E      serverMusic.cpp[0216]24/09 18:58:12 MusicServer: cannot read file: data\music\music.xml id = 'LaBelleTown'
E      serverMusic.cpp[0216]24/09 18:58:12 MusicServer: cannot read file: data\music\music.xml id = 'block6_driving2'
I            world.cpp[0210]24/09 18:58:12 ----------------------- Servers loaded in: 1577
I            world.cpp[0338]24/09 18:58:12 LoadWorld begin...
I            world.cpp[0350]24/09 18:58:12 %%%% read/parse xml: 6
I            world.cpp[0362]24/09 18:58:12 %%%% read from xml: 2
E    PlayerPassMap.cpp[0139]24/09 18:58:12 Couldn't load player pass map from file data\maps\MainMenu\player_passmap.xml
I            world.cpp[0444]24/09 18:58:12 %%%% link nodes: 8
I            world.cpp[0220]24/09 18:58:12 ----------------------- Nodes loaded in: 18
I            world.cpp[0228]24/09 18:58:12 ----------------------- Prefabs loaded in: 0
I            world.cpp[0247]24/09 18:58:12 ----------------------- World loaded in: 1719
I            world.cpp[0278]24/09 18:58:12 ----------------------- Roads loaded in: 62
I           view32.cpp[1078]24/09 18:58:12 Load Server begin...
I   TruxxUiManager.cpp[0974]24/09 18:58:12 Interface: is loaded successfully
I           server.cpp[0789]24/09 18:58:12 AI: Loading Server...
I           server.cpp[0796]24/09 18:58:12 	AI: Loading Relationship
I     Relationship.cpp[0134]24/09 18:58:12 		 File readed
I           server.cpp[0801]24/09 18:58:12 	AI: Loading SoilProps
I           server.cpp[0804]24/09 18:58:12 	AI: Loading ExternalPaths
I           server.cpp[0807]24/09 18:58:12 	AI: Loading PlayerPassMap
E    PlayerPassMap.cpp[0139]24/09 18:58:12 Couldn't load player pass map from file data\maps\MainMenu\player_passmap.xml
I           server.cpp[0813]24/09 18:58:12 	AI: Loading GameObjects
I           server.cpp[0816]24/09 18:58:12 	AI: Initializing VehicleGeneratorInfoCache
I           server.cpp[0820]24/09 18:58:12 	AI: Refreshing GameObjects
I           server.cpp[0824]24/09 18:58:12 	AI: Loading QuestStates
I       QuestState.cpp[0904]24/09 18:58:12 Quest 'Human1_Quest1' can be given now
I       QuestState.cpp[0904]24/09 18:58:12 Quest 'Human1_Quest2' can be given now
I       QuestState.cpp[0904]24/09 18:58:12 Quest 'BenGoodEnd' can be given now
I       QuestState.cpp[0904]24/09 18:58:12 Quest 'q_PlaceWithSign' can be given now
I       QuestState.cpp[0904]24/09 18:58:12 Quest 'r3m2_OracleMemory' can be given now
I       QuestState.cpp[0904]24/09 18:58:12 Quest 'r3m2_TalkWithLisa' can be given now
I       QuestState.cpp[0904]24/09 18:58:12 Quest 'r3m2_TalkWithBenAboutCarAfterOracul' can be given now
I       QuestState.cpp[0904]24/09 18:58:12 Quest 'r3m2_FindInfoAboutFather' can be given now
I       QuestState.cpp[0904]24/09 18:58:12 Quest 'r3m1_LureMainDriud' can be given now
I       QuestState.cpp[0904]24/09 18:58:12 Quest 'r3m1_ClearSanctuary' can be given now
I       QuestState.cpp[0904]24/09 18:58:12 Quest 'r3m1_KnowAboutUluk' can be given now
I       QuestState.cpp[0904]24/09 18:58:12 Quest 'r3m1_RescueUlukCivil' can be given now
I       QuestState.cpp[0904]24/09 18:58:12 Quest 'q_VisitDruid' can be given now
I       QuestState.cpp[0904]24/09 18:58:12 Quest 'r2m2_Znaki2_Quest' can be given now
I       QuestState.cpp[0904]24/09 18:58:12 Quest 'r2m2_HeadsHunterQuest' can be given now
I       QuestState.cpp[0904]24/09 18:58:12 Quest 'r2m2_OldDvigatel1_Quest' can be given now
I       QuestState.cpp[0904]24/09 18:58:12 Quest 'r2m2_OldDvigatel2_Quest' can be given now
I       QuestState.cpp[0904]24/09 18:58:12 Quest 'r2m2_FightFelix' can be given now
I       QuestState.cpp[0904]24/09 18:58:12 Quest 'r2m2_ReturnToMarecciaFromCastle' can be given now
I       QuestState.cpp[0904]24/09 18:58:12 Quest 'r2m2_FightWithAxelInArena_Quest' can be given now
I       QuestState.cpp[0904]24/09 18:58:12 Quest 'r2m2_FindLisAfterAxelAndFatherDie_Quest' can be given now
I       QuestState.cpp[0904]24/09 18:58:12 Quest 'r2m2_ToLisaToMonastir' can be given now
I       QuestState.cpp[0904]24/09 18:58:12 Quest 'r2m2_FightLisaToMonastir' can be given now
I       QuestState.cpp[0904]24/09 18:58:12 Quest 'r2m2_GiveDisk2ToOrakul' can be given now
I       QuestState.cpp[0904]24/09 18:58:12 Quest 'MrShlyapa3_Quest' can be given now
I       QuestState.cpp[0904]24/09 18:58:12 Quest 'r2m1_ArtAntipod_Quest' can be given now
I       QuestState.cpp[0904]24/09 18:58:12 Quest 'r2m1_TakeNarcotics_Quest' can be given now
I       QuestState.cpp[0904]24/09 18:58:12 Quest 'r2m1_KillGodFather_Quest' can be given now
I       QuestState.cpp[0904]24/09 18:58:12 Quest 'MrShlyapaSecret' can be given now
I       QuestState.cpp[0904]24/09 18:58:12 Quest 'd_GetSupportOneOfTheBands2_Quest' can be given now
I       QuestState.cpp[0904]24/09 18:58:12 Quest 'd_GetSupportOneOfTheBands1_Quest' can be given now
I       QuestState.cpp[0904]24/09 18:58:12 Quest 'd_FindVerbInAR_Quest' can be given now
I       QuestState.cpp[0904]24/09 18:58:12 Quest 'd_FindVerbInSNG_Quest' can be given now
I       QuestState.cpp[0904]24/09 18:58:12 Quest 'd_PatrulSideSNG_Quest' can be given now
I       QuestState.cpp[0904]24/09 18:58:12 Quest 'd_TakeGeneralOfBandits_Quest' can be given now
I       QuestState.cpp[0904]24/09 18:58:12 Quest 'r2m1_TW_AlienInShip' can be given now
I       QuestState.cpp[0904]24/09 18:58:12 Quest 'Podderzhka_Quest' can be given now
I       QuestState.cpp[0904]24/09 18:58:12 Quest 'Zashita_Quest' can be given now
I       QuestState.cpp[0904]24/09 18:58:12 Quest 'preEretik_Quest' can be given now
I       QuestState.cpp[0904]24/09 18:58:12 Quest 'ReturnQuest' can be given now
I       QuestState.cpp[0904]24/09 18:58:12 Quest 'd_FindVerbInAM_Quest' can be given now
I       QuestState.cpp[0904]24/09 18:58:12 Quest 'OdettIsDead_Quest' can be given now
I       QuestState.cpp[0904]24/09 18:58:12 Quest 'Disk2OrakulLisa' can be given now
I       QuestState.cpp[0904]24/09 18:58:12 Quest 'FindGomerB_Quest1' can be given now
I       QuestState.cpp[0904]24/09 18:58:12 Quest 'FreeExtremistLeader_Quest1' can be given now
I       QuestState.cpp[0904]24/09 18:58:12 Quest 'KillExtremist_Quest1' can be given now
I       QuestState.cpp[0904]24/09 18:58:12 Quest 'r1m4_TalkWithOldTraderAboutSecondDisk' can be given now
I       QuestState.cpp[0904]24/09 18:58:12 Quest 'q_FindHusbent' can be given now
I       QuestState.cpp[0904]24/09 18:58:12 Quest 'RybakToOlm_Quest' can be given now
I       QuestState.cpp[0904]24/09 18:58:12 Quest 'AnanagaTech_Quest' can be given now
I       QuestState.cpp[0904]24/09 18:58:12 Quest 'MrShlyapa2_Quest' can be given now
I       QuestState.cpp[0904]24/09 18:58:12 Quest 'ToCordanToTikhomir_Quest' can be given now
I       QuestState.cpp[0904]24/09 18:58:12 Quest 'r1m3_BonnyAndKlideQuest' can be given now
I       QuestState.cpp[0904]24/09 18:58:12 Quest 'r1m3_ArchHelp' can be given now
I       QuestState.cpp[0904]24/09 18:58:12 Quest 'r1m3_CrazyManQuest' can be given now
I       QuestState.cpp[0904]24/09 18:58:12 Quest 'r1m3_OldTownOutsiderCar2_Quest' can be given now
I       QuestState.cpp[0904]24/09 18:58:12 Quest 'FightForPesht' can be given now
I       QuestState.cpp[0904]24/09 18:58:12 Quest 'd_RideAcrossBase_Quest' can be given now
I       QuestState.cpp[0904]24/09 18:58:12 Quest 'd_GiveMoneyToBase_Quest' can be given now
I       QuestState.cpp[0904]24/09 18:58:12 Quest 'd_GetBomb_Quest' can be given now
I       QuestState.cpp[0904]24/09 18:58:12 Quest 'd_IntrigaOfMerMinin_Quest' can be given now
I       QuestState.cpp[0904]24/09 18:58:12 Quest 'd_MoveFreelancersToOilMine_Quest' can be given now
I       QuestState.cpp[0904]24/09 18:58:12 Quest 'd_MoveCanistraToMinin_Quest' can be given now
I       QuestState.cpp[0904]24/09 18:58:12 Quest 'd_OpenTunel_Quest' can be given now
I       QuestState.cpp[0904]24/09 18:58:12 Quest 'r1m3_TalkWithThiefFromFatherHouse' can be given now
I       QuestState.cpp[0904]24/09 18:58:12 Quest 'r1m3_MoveToOraculAfterThief' can be given now
I       QuestState.cpp[0904]24/09 18:58:12 Quest 'r1m3_ToLisaToAsgard' can be given now
I       QuestState.cpp[0904]24/09 18:58:12 Quest 'r1m3_TW_OralceAboutAlien' can be given now
I       QuestState.cpp[0904]24/09 18:58:12 Quest 'r1m3_DestroyRadiationSource' can be given now
I       QuestState.cpp[0904]24/09 18:58:12 Quest 'r2m1_DestroyAlienShip' can be given now
I       QuestState.cpp[0904]24/09 18:58:12 Quest 'd_PayWorkersMoney_Quest' can be given now
I       QuestState.cpp[0904]24/09 18:58:12 Quest 'r2m1_TW_SellsCivilian' can be given now
I       QuestState.cpp[0904]24/09 18:58:12 Quest 'MorskieVrata2_Quest' can be given now
I       QuestState.cpp[0904]24/09 18:58:12 Quest 'Zachisti1_Quest' can be given now
I       QuestState.cpp[0904]24/09 18:58:12 Quest 'LisaVPeshte' can be given now
I       QuestState.cpp[0904]24/09 18:58:12 Quest 'LisaUBena' can be given now
I       QuestState.cpp[0904]24/09 18:58:12 Quest 'WhereSigns_Quest' can be given now
I       QuestState.cpp[0904]24/09 18:58:12 Quest 'CombatInKollizey_Quest' can be given now
I       QuestState.cpp[0904]24/09 18:58:12 Quest 'BuyKollizey_Quest' can be given now
I       QuestState.cpp[0904]24/09 18:58:12 Quest 'Kollizey_Quest' can be given now
I       QuestState.cpp[0904]24/09 18:58:12 Quest 'HelpRuins_Quest' can be given now
I       QuestState.cpp[0904]24/09 18:58:12 Quest 'DestroyRuins_Quest' can be given now
I       QuestState.cpp[0904]24/09 18:58:12 Quest 'DestroyRuins2_Quest' can be given now
I       QuestState.cpp[0904]24/09 18:58:12 Quest 'Signs_Quest' can be given now
I       QuestState.cpp[0904]24/09 18:58:12 Quest 'MrShlyapa1_Quest' can be given now
I       QuestState.cpp[0904]24/09 18:58:12 Quest 'FindBen2_Quest' can be given now
I       QuestState.cpp[0904]24/09 18:58:12 Quest 'd_FindHouseOfBen_Quest' can be given now
I       QuestState.cpp[0904]24/09 18:58:12 Quest 'r1m2_TW_BanAboutAlien' can be given now
I       QuestState.cpp[0904]24/09 18:58:12 Quest 'r1m3_DestroyOracle' can be given now
I       QuestState.cpp[0904]24/09 18:58:12 Quest 'Pomiritsa_Quest' can be given now
I       QuestState.cpp[0904]24/09 18:58:12 Quest 'VYar_Quest' can be given now
I       QuestState.cpp[0904]24/09 18:58:12 Quest 'FindBenMZ_Quest' can be given now
I       QuestState.cpp[0904]24/09 18:58:12 Quest 'QuickFindBen' can be given now
I       QuestState.cpp[0904]24/09 18:58:12 Quest 'OpenMid_Quest' can be given now
I       QuestState.cpp[0904]24/09 18:58:12 Quest 'TalkBeforeDesert' can be given now
I       QuestState.cpp[0904]24/09 18:58:12 Quest 'ZashitaGotova' can be given now
I       QuestState.cpp[0904]24/09 18:58:12 Quest 'FakeQuest1' can be given now
I       QuestState.cpp[0904]24/09 18:58:12 Quest 'Chehly_Quest' can be given now
I       QuestState.cpp[0904]24/09 18:58:12 Quest 'WorkGiver_Quest1' can be given now
I       QuestState.cpp[0904]24/09 18:58:12 Quest 'd_PunishBandits_Quest' can be given now
I       QuestState.cpp[0904]24/09 18:58:12 Quest 'r1m1_Hospital_Quest' can be given now
I       QuestState.cpp[0904]24/09 18:58:12 Quest 'r1m1_Botanik_Quest' can be given now
I       QuestState.cpp[0904]24/09 18:58:12 Quest 'r1m1_FindBotanik_Quest' can be given now
I       QuestState.cpp[0904]24/09 18:58:12 Quest 'Buyer_Quest1' can be given now
I       QuestState.cpp[0904]24/09 18:58:12 Quest 'FirstTimePlay' can be given now
I       QuestState.cpp[0904]24/09 18:58:12 Quest 'TalkWithFather_Quest' can be given now
I       QuestState.cpp[0904]24/09 18:58:12 Quest 'LisaAtSouth' can be given now
I       QuestState.cpp[0904]24/09 18:58:12 Quest 'FindBen_Quest' can be given now
I       QuestState.cpp[0904]24/09 18:58:12 Quest 'FindBenAgain_Quest' can be given now
I       QuestState.cpp[0904]24/09 18:58:12 Quest 'd_SinFather_Quest' can be given now
I       QuestState.cpp[0904]24/09 18:58:12 Quest 'TalkToVasily' can be given now
I       QuestState.cpp[0904]24/09 18:58:12 Quest 'CheckTheEast' can be given now
I       QuestState.cpp[0904]24/09 18:58:12 Quest 'BenSouth_Quest' can be given now
I           server.cpp[0826]24/09 18:58:12 	AI: QuestStates loaded
I           server.cpp[0828]24/09 18:58:12 	AI: Loading DynamicScene
I     DynamicScene.cpp[1470]24/09 18:58:12 		 Scene loading begin
I     DynamicScene.cpp[1472]24/09 18:58:12 		 Scene loading end
I           server.cpp[0837]24/09 18:58:12 	AI: DynamicScene loaded
I           server.cpp[0852]24/09 18:58:12 	AI: Loading Triggers
E           server.cpp[1242]24/09 18:58:12 Error: cannot open data\maps\MainMenu\
I           server.cpp[0855]24/09 18:58:12 	AI: Triggers loaded
I           server.cpp[0857]24/09 18:58:12 	AI: Loading Object Names
E     ObjContainer.cpp[1104]24/09 18:58:12 Error: cannot open data\maps\MainMenu\object_names.xml
I           server.cpp[0868]24/09 18:58:12 	AI: Initing Player
I           server.cpp[0888]24/09 18:58:12 		Before first Update
I   TruxxUiManager.cpp[1422]24/09 18:58:12 Game mode changed. Old mode = 2, new mode = 1
I           server.cpp[0909]24/09 18:58:12 		After first Update
I           server.cpp[0911]24/09 18:58:12 AI: Finished Loading Server
I           view32.cpp[1106]24/09 18:58:12 Load server end
I        QuestInfo.cpp[0847]24/09 18:58:12 Quest infos were loaded successfully from file data\if\diz\QuestInfoGlobal.xml
I        QuestInfo.cpp[0783]24/09 18:58:12 QuestInfo manager was inited successfully
I       MsgManager.cpp[0391]24/09 18:58:12 Can't open file data\maps\MainMenu\strings.xml for read.
I    GameUiManager.cpp[0303]24/09 18:58:12 Interface: is initializing...
I    GameUiManager.cpp[0405]24/09 18:58:12 Interface: is clearing...
I    GameUiManager.cpp[0495]24/09 18:58:12 Interface: is cleared successfully
I    GameUiManager.cpp[0395]24/09 18:58:12 Interface: is inited successfully
I blockMusicManager.cpp[0199]24/09 18:58:12 BlockMusicManager: resetting
I      gameimpulse.cpp[0618]24/09 18:58:13 Key bindings: unbind all is done
I      gameimpulse.cpp[0618]24/09 18:58:13 Key bindings: unbind all is done
I      gameimpulse.cpp[0324]24/09 18:58:13 Key bindings: were loaded successfully from file data/profiles/riverzone\KeyBindings.lua
I      gameimpulse.cpp[1222]24/09 18:58:13 Key bindings: were loaded from profile
I        SplashWnd.cpp[0244]24/09 18:58:19 Start splashing 11
I   TruxxUiManager.cpp[1422]24/09 18:58:19 Game mode changed. Old mode = 1, new mode = 0
I    GameUiManager.cpp[0405]24/09 18:58:19 Interface: is clearing...
I    GameUiManager.cpp[0495]24/09 18:58:19 Interface: is cleared successfully
I           view32.cpp[1048]24/09 18:58:19 -- Loading Level: data\maps\r8m1.ssl --
I            world.cpp[0132]24/09 18:58:19 ----------------------- World Loading
F        landscape.cpp[1674]24/09 18:58:19  +- Enter function: Landscape::Load()
I        landscape.cpp[1911]24/09 18:58:19  |  ----------------------- Normal map loaded in: 2
I        landscape.cpp[1920]24/09 18:58:19  |  ----------------------- Tiles loaded in: 13
I        landscape.cpp[1944]24/09 18:58:19  |  ----------------------- ShoreLine loaded in: 0
F        landscape.cpp[1944]24/09 18:58:19  +- Exit function: Landscape::Load()
I            world.cpp[0169]24/09 18:58:19 ----------------------- Landscape loaded in: 63
I       DataServer.cpp[0587]24/09 18:58:19 Loading Servers: data\maps\r8m1\servers.xml
E       DraftModel.cpp[1002]24/09 18:58:21 Error: Couldn't load texture data\models\vehicles\belaz\cab01_mt.dds for model cargov1.gam
E       DraftModel.cpp[1002]24/09 18:58:21 Error: Couldn't load texture data\models\vehicles\belaz\cab01_mt.dds for model cargov1.gam
E       DraftModel.cpp[1002]24/09 18:58:21 Error: Couldn't load texture data\models\vehicles\belaz\cab01_mt.dds for model cargov1.gam
E       DraftModel.cpp[1002]24/09 18:58:21 Error: Couldn't load texture data\models\vehicles\belaz\cab01_mt.dds for model cargov1.gam
E       DraftModel.cpp[1002]24/09 18:58:21 Error: Couldn't load texture data\models\vehicles\belaz\cab01_mt.dds for model cargov1.gam
E       DraftModel.cpp[1002]24/09 18:58:21 Error: Couldn't load texture data\models\vehicles\belaz\cab01_mt.dds for model cargov1.gam
E       DraftModel.cpp[1002]24/09 18:58:21 Error: Couldn't load texture data\models\vehicles\belaz\cab01_mt.dds for model cargov1.gam
E       DraftModel.cpp[1002]24/09 18:58:21 Error: Couldn't load texture data\models\vehicles\belaz\cab01_mt.dds for model cargov1.gam
E       DraftModel.cpp[1002]24/09 18:58:21 Error: Couldn't load texture data\models\vehicles\belaz\cab01_mt.dds for model cargov1.gam
E serverAnimatedModel.cpp[0627]24/09 18:58:22 ServerAnimatedModels: cannot read file: file:data\models\AnimModels.xml id = exit
E serverAnimatedModel.cpp[0627]24/09 18:58:22 ServerAnimatedModels: cannot read file: file:data\models\AnimModels.xml id = dweller
E serverAnimatedModel.cpp[0627]24/09 18:58:22 ServerAnimatedModels: cannot read file: file:data\models\AnimModels.xml id = dweller2
E serverAnimatedModel.cpp[0627]24/09 18:58:22 ServerAnimatedModels: cannot read file: file:data\models\AnimModels.xml id = dweller3
E serverAnimatedModel.cpp[0627]24/09 18:58:22 ServerAnimatedModels: cannot read file: file:data\models\AnimModels.xml id = brick_debris1
E serverAnimatedModel.cpp[0627]24/09 18:58:22 ServerAnimatedModels: cannot read file: file:data\models\AnimModels.xml id = bottles
E serverAnimatedModel.cpp[0627]24/09 18:58:22 ServerAnimatedModels: cannot read file: file:data\models\AnimModels.xml id = kanistr
E serverAnimatedModel.cpp[0627]24/09 18:58:22 ServerAnimatedModels: cannot read file: file:data\models\AnimModels.xml id = dragon01
E serverAnimatedModel.cpp[0627]24/09 18:58:22 ServerAnimatedModels: cannot read file: file:data\models\AnimModels.xml id = dragon01gun
E serverAnimatedModel.cpp[0627]24/09 18:58:22 ServerAnimatedModels: cannot read file: file:data\models\AnimModels.xml id = octopus01
E serverAnimatedModel.cpp[0627]24/09 18:58:22 ServerAnimatedModels: cannot read file: file:data\models\AnimModels.xml id = octopus01gun
E serverAnimatedModel.cpp[0627]24/09 18:58:22 ServerAnimatedModels: cannot read file: file:data\models\AnimModels.xml id = kord01
E serverAnimatedModel.cpp[0627]24/09 18:58:22 ServerAnimatedModels: cannot read file: file:data\models\AnimModels.xml id = kord01gun
E serverAnimatedModel.cpp[0627]24/09 18:58:22 ServerAnimatedModels: cannot read file: file:data\models\AnimModels.xml id = vulcan01
E serverAnimatedModel.cpp[0627]24/09 18:58:22 ServerAnimatedModels: cannot read file: file:data\models\AnimModels.xml id = vulcan01gun
E serverAnimatedModel.cpp[0627]24/09 18:58:22 ServerAnimatedModels: cannot read file: file:data\models\AnimModels.xml id = rainmetal01
E serverAnimatedModel.cpp[0627]24/09 18:58:22 ServerAnimatedModels: cannot read file: file:data\models\AnimModels.xml id = rainmetal01gun
E serverAnimatedModel.cpp[0627]24/09 18:58:22 ServerAnimatedModels: cannot read file: file:data\models\AnimModels.xml id = kpvt01
E serverAnimatedModel.cpp[0627]24/09 18:58:22 ServerAnimatedModels: cannot read file: file:data\models\AnimModels.xml id = kpvt01gun
E serverAnimatedModel.cpp[0627]24/09 18:58:22 ServerAnimatedModels: cannot read file: file:data\models\AnimModels.xml id = hunterCab01
E serverAnimatedModel.cpp[0627]24/09 18:58:22 ServerAnimatedModels: cannot read file: file:data\models\AnimModels.xml id = hunterCab02
E serverAnimatedModel.cpp[0627]24/09 18:58:22 ServerAnimatedModels: cannot read file: file:data\models\AnimModels.xml id = hunterWheel01r
E serverAnimatedModel.cpp[0627]24/09 18:58:22 ServerAnimatedModels: cannot read file: file:data\models\AnimModels.xml id = heavy_dot_brocken1
E serverAnimatedModel.cpp[0627]24/09 18:58:22 ServerAnimatedModels: cannot read file: file:data\models\AnimModels.xml id = heavy_dot_brocken2
E serverAnimatedModel.cpp[0627]24/09 18:58:22 ServerAnimatedModels: cannot read file: file:data\models\AnimModels.xml id = heavy_dot_brocken3
E serverAnimatedModel.cpp[0627]24/09 18:58:22 ServerAnimatedModels: cannot read file: file:data\models\AnimModels.xml id = heavy_dot_brocken4
E serverAnimatedModel.cpp[0627]24/09 18:58:22 ServerAnimatedModels: cannot read file: file:data\models\AnimModels.xml id = brick_dots_brocken1
I serverAnimatedModel.cpp[0630]24/09 18:58:22 ### Total time: 2922, GAM time: 2766
I           m3dapp.cpp[1343]24/09 18:58:22 snd: Cannot load sound sample from file data\sounds\Crash\crash_metal1.wav. Error: An invalid parameter was passed to this function
I      serverSound.cpp[0622]24/09 18:58:22 SoundServer: cannot add sound data\sounds\Crash\crash_metal1.wav
I      serverSound.cpp[0546]24/09 18:58:22 DataServer: cannot read data\sounds\Crash\crash_metal1.wav id = S_CRASH_METAL01
I       DataServer.cpp[0587]24/09 18:58:22 Loading Servers: data\models\commonservers.xml
E      serverMusic.cpp[0216]24/09 18:58:22 MusicServer: cannot read file: data\music\music.xml id = 'LaBelleTown'
E      serverMusic.cpp[0216]24/09 18:58:22 MusicServer: cannot read file: data\music\music.xml id = 'block6_driving2'
I            world.cpp[0210]24/09 18:58:22 ----------------------- Servers loaded in: 3184
I            world.cpp[0338]24/09 18:58:22 LoadWorld begin...
I            world.cpp[0350]24/09 18:58:22 %%%% read/parse xml: 122
I            world.cpp[0362]24/09 18:58:22 %%%% read from xml: 168
I            world.cpp[0444]24/09 18:58:23 %%%% link nodes: 249
I            world.cpp[0220]24/09 18:58:23 ----------------------- Nodes loaded in: 543
I            world.cpp[0228]24/09 18:58:23 ----------------------- Prefabs loaded in: 0
I            world.cpp[0247]24/09 18:58:23 ----------------------- World loaded in: 3934
E        GamParser.cpp[0399]24/09 18:58:23 AnimatedModel::LoadGAM -- cannot open file data\models\roads\road_small_highway\small_highway_end.gam-
I      roadManager.cpp[0139]24/09 18:58:23 RoadManager error( model not loaded ): data\models\roads\road_small_highway\small_highway_end.gam-
I            world.cpp[0278]24/09 18:58:23 ----------------------- Roads loaded in: 361
I           view32.cpp[1078]24/09 18:58:23 Load Server begin...
I            Reply.cpp[0415]24/09 18:58:23 Replies were loaded successfully from file data\if\diz\DialogsGlobal.xml
I            Reply.cpp[0415]24/09 18:58:23 Replies were loaded successfully from file data\if\diz\DynamicDialogsGlobal.xml
I            Reply.cpp[0343]24/09 18:58:23 RepliesManager was inited successfully
I    GameUiManager.cpp[1603]24/09 18:58:23 Interface: loading resources ...
I     ObjectsIcons.cpp[0198]24/09 18:58:23 ObjectsIcons::AddIcon warning - ico with id SpeedPointer already exists and wiil be replaced
I    GameUiManager.cpp[1603]24/09 18:58:24 Interface: loading resources ...
I   TruxxUiManager.cpp[0974]24/09 18:58:24 Interface: is loaded successfully
I           server.cpp[0789]24/09 18:58:24 AI: Loading Server...
I           server.cpp[0796]24/09 18:58:24 	AI: Loading Relationship
I     Relationship.cpp[0134]24/09 18:58:24 		 File readed
I           server.cpp[0801]24/09 18:58:24 	AI: Loading SoilProps
I           server.cpp[0804]24/09 18:58:24 	AI: Loading ExternalPaths
I           server.cpp[0807]24/09 18:58:24 	AI: Loading PlayerPassMap
I           server.cpp[0813]24/09 18:58:24 	AI: Loading GameObjects
I           server.cpp[0816]24/09 18:58:24 	AI: Initializing VehicleGeneratorInfoCache
I           server.cpp[0820]24/09 18:58:24 	AI: Refreshing GameObjects
E      VehiclePart.cpp[0138]24/09 18:58:24 Error: collision geom in vehicle part name = 'heavy_dot1' is not BOX
I           server.cpp[0824]24/09 18:58:24 	AI: Loading QuestStates
I       QuestState.cpp[0904]24/09 18:58:24 Quest 'Human1_Quest1' can be given now
I       QuestState.cpp[0904]24/09 18:58:24 Quest 'Human1_Quest2' can be given now
I       QuestState.cpp[0904]24/09 18:58:24 Quest 'BenGoodEnd' can be given now
I       QuestState.cpp[0904]24/09 18:58:24 Quest 'q_PlaceWithSign' can be given now
I       QuestState.cpp[0904]24/09 18:58:24 Quest 'r3m2_OracleMemory' can be given now
I       QuestState.cpp[0904]24/09 18:58:24 Quest 'r3m2_TalkWithLisa' can be given now
I       QuestState.cpp[0904]24/09 18:58:24 Quest 'r3m2_TalkWithBenAboutCarAfterOracul' can be given now
I       QuestState.cpp[0904]24/09 18:58:24 Quest 'r3m2_FindInfoAboutFather' can be given now
I       QuestState.cpp[0904]24/09 18:58:24 Quest 'r3m1_LureMainDriud' can be given now
I       QuestState.cpp[0904]24/09 18:58:24 Quest 'r3m1_ClearSanctuary' can be given now
I       QuestState.cpp[0904]24/09 18:58:24 Quest 'r3m1_KnowAboutUluk' can be given now
I       QuestState.cpp[0904]24/09 18:58:24 Quest 'r3m1_RescueUlukCivil' can be given now
I       QuestState.cpp[0904]24/09 18:58:24 Quest 'q_VisitDruid' can be given now
I       QuestState.cpp[0904]24/09 18:58:24 Quest 'r2m2_Znaki2_Quest' can be given now
I       QuestState.cpp[0904]24/09 18:58:24 Quest 'r2m2_HeadsHunterQuest' can be given now
I       QuestState.cpp[0904]24/09 18:58:24 Quest 'r2m2_OldDvigatel1_Quest' can be given now
I       QuestState.cpp[0904]24/09 18:58:24 Quest 'r2m2_OldDvigatel2_Quest' can be given now
I       QuestState.cpp[0904]24/09 18:58:24 Quest 'r2m2_FightFelix' can be given now
I       QuestState.cpp[0904]24/09 18:58:24 Quest 'r2m2_ReturnToMarecciaFromCastle' can be given now
I       QuestState.cpp[0904]24/09 18:58:24 Quest 'r2m2_FightWithAxelInArena_Quest' can be given now
I       QuestState.cpp[0904]24/09 18:58:24 Quest 'r2m2_FindLisAfterAxelAndFatherDie_Quest' can be given now
I       QuestState.cpp[0904]24/09 18:58:24 Quest 'r2m2_ToLisaToMonastir' can be given now
I       QuestState.cpp[0904]24/09 18:58:24 Quest 'r2m2_FightLisaToMonastir' can be given now
I       QuestState.cpp[0904]24/09 18:58:24 Quest 'r2m2_GiveDisk2ToOrakul' can be given now
I       QuestState.cpp[0904]24/09 18:58:24 Quest 'MrShlyapa3_Quest' can be given now
I       QuestState.cpp[0904]24/09 18:58:24 Quest 'r2m1_ArtAntipod_Quest' can be given now
I       QuestState.cpp[0904]24/09 18:58:24 Quest 'r2m1_TakeNarcotics_Quest' can be given now
I       QuestState.cpp[0904]24/09 18:58:24 Quest 'r2m1_KillGodFather_Quest' can be given now
I       QuestState.cpp[0904]24/09 18:58:24 Quest 'MrShlyapaSecret' can be given now
I       QuestState.cpp[0904]24/09 18:58:24 Quest 'd_GetSupportOneOfTheBands2_Quest' can be given now
I       QuestState.cpp[0904]24/09 18:58:24 Quest 'd_GetSupportOneOfTheBands1_Quest' can be given now
I       QuestState.cpp[0904]24/09 18:58:24 Quest 'd_FindVerbInAR_Quest' can be given now
I       QuestState.cpp[0904]24/09 18:58:24 Quest 'd_FindVerbInSNG_Quest' can be given now
I       QuestState.cpp[0904]24/09 18:58:24 Quest 'd_PatrulSideSNG_Quest' can be given now
I       QuestState.cpp[0904]24/09 18:58:24 Quest 'd_TakeGeneralOfBandits_Quest' can be given now
I       QuestState.cpp[0904]24/09 18:58:24 Quest 'r2m1_TW_AlienInShip' can be given now
I       QuestState.cpp[0904]24/09 18:58:24 Quest 'Podderzhka_Quest' can be given now
I       QuestState.cpp[0904]24/09 18:58:24 Quest 'Zashita_Quest' can be given now
I       QuestState.cpp[0904]24/09 18:58:24 Quest 'preEretik_Quest' can be given now
I       QuestState.cpp[0904]24/09 18:58:24 Quest 'ReturnQuest' can be given now
I       QuestState.cpp[0904]24/09 18:58:24 Quest 'd_FindVerbInAM_Quest' can be given now
I       QuestState.cpp[0904]24/09 18:58:24 Quest 'OdettIsDead_Quest' can be given now
I       QuestState.cpp[0904]24/09 18:58:24 Quest 'Disk2OrakulLisa' can be given now
I       QuestState.cpp[0904]24/09 18:58:24 Quest 'FindGomerB_Quest1' can be given now
I       QuestState.cpp[0904]24/09 18:58:24 Quest 'FreeExtremistLeader_Quest1' can be given now
I       QuestState.cpp[0904]24/09 18:58:24 Quest 'KillExtremist_Quest1' can be given now
I       QuestState.cpp[0904]24/09 18:58:24 Quest 'r1m4_TalkWithOldTraderAboutSecondDisk' can be given now
I       QuestState.cpp[0904]24/09 18:58:24 Quest 'q_FindHusbent' can be given now
I       QuestState.cpp[0904]24/09 18:58:24 Quest 'RybakToOlm_Quest' can be given now
I       QuestState.cpp[0904]24/09 18:58:24 Quest 'AnanagaTech_Quest' can be given now
I       QuestState.cpp[0904]24/09 18:58:24 Quest 'MrShlyapa2_Quest' can be given now
I       QuestState.cpp[0904]24/09 18:58:24 Quest 'ToCordanToTikhomir_Quest' can be given now
I       QuestState.cpp[0904]24/09 18:58:24 Quest 'r1m3_BonnyAndKlideQuest' can be given now
I       QuestState.cpp[0904]24/09 18:58:24 Quest 'r1m3_ArchHelp' can be given now
I       QuestState.cpp[0904]24/09 18:58:24 Quest 'r1m3_CrazyManQuest' can be given now
I       QuestState.cpp[0904]24/09 18:58:24 Quest 'r1m3_OldTownOutsiderCar2_Quest' can be given now
I       QuestState.cpp[0904]24/09 18:58:24 Quest 'FightForPesht' can be given now
I       QuestState.cpp[0904]24/09 18:58:24 Quest 'd_RideAcrossBase_Quest' can be given now
I       QuestState.cpp[0904]24/09 18:58:24 Quest 'd_GiveMoneyToBase_Quest' can be given now
I       QuestState.cpp[0904]24/09 18:58:24 Quest 'd_GetBomb_Quest' can be given now
I       QuestState.cpp[0904]24/09 18:58:24 Quest 'd_IntrigaOfMerMinin_Quest' can be given now
I       QuestState.cpp[0904]24/09 18:58:24 Quest 'd_MoveFreelancersToOilMine_Quest' can be given now
I       QuestState.cpp[0904]24/09 18:58:24 Quest 'd_MoveCanistraToMinin_Quest' can be given now
I       QuestState.cpp[0904]24/09 18:58:24 Quest 'd_OpenTunel_Quest' can be given now
I       QuestState.cpp[0904]24/09 18:58:24 Quest 'r1m3_TalkWithThiefFromFatherHouse' can be given now
I       QuestState.cpp[0904]24/09 18:58:24 Quest 'r1m3_MoveToOraculAfterThief' can be given now
I       QuestState.cpp[0904]24/09 18:58:24 Quest 'r1m3_ToLisaToAsgard' can be given now
I       QuestState.cpp[0904]24/09 18:58:24 Quest 'r1m3_TW_OralceAboutAlien' can be given now
I       QuestState.cpp[0904]24/09 18:58:24 Quest 'r1m3_DestroyRadiationSource' can be given now
I       QuestState.cpp[0904]24/09 18:58:24 Quest 'r2m1_DestroyAlienShip' can be given now
I       QuestState.cpp[0904]24/09 18:58:24 Quest 'd_PayWorkersMoney_Quest' can be given now
I       QuestState.cpp[0904]24/09 18:58:24 Quest 'r2m1_TW_SellsCivilian' can be given now
I       QuestState.cpp[0904]24/09 18:58:24 Quest 'MorskieVrata2_Quest' can be given now
I       QuestState.cpp[0904]24/09 18:58:24 Quest 'Zachisti1_Quest' can be given now
I       QuestState.cpp[0904]24/09 18:58:24 Quest 'LisaVPeshte' can be given now
I       QuestState.cpp[0904]24/09 18:58:24 Quest 'LisaUBena' can be given now
I       QuestState.cpp[0904]24/09 18:58:24 Quest 'WhereSigns_Quest' can be given now
I       QuestState.cpp[0904]24/09 18:58:24 Quest 'CombatInKollizey_Quest' can be given now
I       QuestState.cpp[0904]24/09 18:58:24 Quest 'BuyKollizey_Quest' can be given now
I       QuestState.cpp[0904]24/09 18:58:24 Quest 'Kollizey_Quest' can be given now
I       QuestState.cpp[0904]24/09 18:58:24 Quest 'HelpRuins_Quest' can be given now
I       QuestState.cpp[0904]24/09 18:58:24 Quest 'DestroyRuins_Quest' can be given now
I       QuestState.cpp[0904]24/09 18:58:24 Quest 'DestroyRuins2_Quest' can be given now
I       QuestState.cpp[0904]24/09 18:58:24 Quest 'Signs_Quest' can be given now
I       QuestState.cpp[0904]24/09 18:58:24 Quest 'MrShlyapa1_Quest' can be given now
I       QuestState.cpp[0904]24/09 18:58:24 Quest 'FindBen2_Quest' can be given now
I       QuestState.cpp[0904]24/09 18:58:24 Quest 'd_FindHouseOfBen_Quest' can be given now
I       QuestState.cpp[0904]24/09 18:58:24 Quest 'r1m2_TW_BanAboutAlien' can be given now
I       QuestState.cpp[0904]24/09 18:58:24 Quest 'r1m3_DestroyOracle' can be given now
I       QuestState.cpp[0904]24/09 18:58:24 Quest 'Pomiritsa_Quest' can be given now
I       QuestState.cpp[0904]24/09 18:58:24 Quest 'VYar_Quest' can be given now
I       QuestState.cpp[0904]24/09 18:58:24 Quest 'FindBenMZ_Quest' can be given now
I       QuestState.cpp[0904]24/09 18:58:24 Quest 'QuickFindBen' can be given now
I       QuestState.cpp[0904]24/09 18:58:24 Quest 'OpenMid_Quest' can be given now
I       QuestState.cpp[0904]24/09 18:58:24 Quest 'TalkBeforeDesert' can be given now
I       QuestState.cpp[0904]24/09 18:58:24 Quest 'ZashitaGotova' can be given now
I       QuestState.cpp[0904]24/09 18:58:24 Quest 'FakeQuest1' can be given now
I       QuestState.cpp[0904]24/09 18:58:24 Quest 'Chehly_Quest' can be given now
I       QuestState.cpp[0904]24/09 18:58:24 Quest 'WorkGiver_Quest1' can be given now
I       QuestState.cpp[0904]24/09 18:58:24 Quest 'd_PunishBandits_Quest' can be given now
I       QuestState.cpp[0904]24/09 18:58:24 Quest 'r1m1_Hospital_Quest' can be given now
I       QuestState.cpp[0904]24/09 18:58:24 Quest 'r1m1_Botanik_Quest' can be given now
I       QuestState.cpp[0904]24/09 18:58:24 Quest 'r1m1_FindBotanik_Quest' can be given now
I       QuestState.cpp[0904]24/09 18:58:24 Quest 'Buyer_Quest1' can be given now
I       QuestState.cpp[0904]24/09 18:58:24 Quest 'FirstTimePlay' can be given now
I       QuestState.cpp[0904]24/09 18:58:24 Quest 'TalkWithFather_Quest' can be given now
I       QuestState.cpp[0904]24/09 18:58:24 Quest 'LisaAtSouth' can be given now
I       QuestState.cpp[0904]24/09 18:58:24 Quest 'FindBen_Quest' can be given now
I       QuestState.cpp[0904]24/09 18:58:24 Quest 'FindBenAgain_Quest' can be given now
I       QuestState.cpp[0904]24/09 18:58:24 Quest 'd_SinFather_Quest' can be given now
I       QuestState.cpp[0904]24/09 18:58:24 Quest 'TalkToVasily' can be given now
I       QuestState.cpp[0904]24/09 18:58:24 Quest 'CheckTheEast' can be given now
I       QuestState.cpp[0904]24/09 18:58:24 Quest 'BenSouth_Quest' can be given now
I           server.cpp[0826]24/09 18:58:24 	AI: QuestStates loaded
I           server.cpp[0828]24/09 18:58:24 	AI: Loading DynamicScene
I     DynamicScene.cpp[1470]24/09 18:58:24 		 Scene loading begin
E     DynamicScene.cpp[1589]24/09 18:58:24 Attempting to load object Mariupol_Workshop of prototype workshop, but an object with this name already exists!
