---------------------------------------------- Log begins on Wed Mar 15 23:34:55 2023 ----------------------------------------------
I           m3dapp.cpp[0088]15/03 23:34:55 Starting up...
I           m3dapp.cpp[1498]15/03 23:34:55 ExMachina - release version release build v1.02 (Dec 21 2005 12:15:10)
I      Stackwalker.cpp[0608]15/03 23:34:56 Stackwalker: log file name will be 'd:/games/ex machina mods/exmachina gm.mod sdk new/exceptions/hta.exe0002.log'
I      Stackwalker.cpp[0609]15/03 23:34:56 Stackwalker: dump file name will be 'd:/games/ex machina mods/exmachina gm.mod sdk new/exceptions/hta.exe0002.dmp'
I      Stackwalker.cpp[0610]15/03 23:34:56 Stackwalker: game log file name will be 'd:/games/ex machina mods/exmachina gm.mod sdk new/exceptions/hta.exe0002_game.log'
I           m3dapp.cpp[1391]15/03 23:34:56 Path: D:\Games\EX Machina Mods\ExMachina GM.mod SDK new
I           m3dapp.cpp[1392]15/03 23:34:56 Exe: D:\Games\EX Machina Mods\ExMachina GM.mod SDK new\hta.exe
I           m3dapp.cpp[1401]15/03 23:34:56 Windows version: 6.1.7601
I           m3dapp.cpp[1410]15/03 23:34:56 Computer name: RIVER-PC
I           m3dapp.cpp[1430]15/03 23:34:56 Cpu: GenuineIntel
I           m3dapp.cpp[1434]15/03 23:34:56 Cpu clock: ~1596
I           m3dapp.cpp[1459]15/03 23:34:56 Processor is mmx able
I           m3dapp.cpp[1470]15/03 23:34:56 Physical memory: 2047 MB
I           m3dapp.cpp[1471]15/03 23:34:56 Total memory:    4095 MB
I           m3dapp.cpp[1472]15/03 23:34:56 Physical memory available: 1058 MB
I           m3dapp.cpp[1473]15/03 23:34:56 Total memory available:    1914 MB
I           m3dapp.cpp[2846]15/03 23:34:56 SetCodepage -- using codepage 1251 '1251  (ANSI - кириллица)'
I           m3dapp.cpp[2154]15/03 23:34:56 NOTE! renderer is bind to dxrender9.dll
I           m3dapp.cpp[1336]15/03 23:34:56 d3d: Given device behavior: 80
I           m3dapp.cpp[1336]15/03 23:34:56 d3d: Confirmed device behavior: 80
I           m3dapp.cpp[1336]15/03 23:34:57 d3d: Description: Intel(R) HD Graphics Family
I           m3dapp.cpp[1336]15/03 23:34:57 d3d: Driver:      igdumdx32.dll
I           m3dapp.cpp[1336]15/03 23:34:57 d3d: VendorId:    0x8086
I           m3dapp.cpp[1336]15/03 23:34:57 d3d: DeviceId:    0x106
I           m3dapp.cpp[1336]15/03 23:34:57 d3d: SubSysId:    0x3672103c
I           m3dapp.cpp[1336]15/03 23:34:57 d3d: Revision:    9
I           m3dapp.cpp[1336]15/03 23:34:57 d3d: Driver version info:
I           m3dapp.cpp[1336]15/03 23:34:57 d3d:   Product:    8
I           m3dapp.cpp[1336]15/03 23:34:57 d3d:   Version:    15
I           m3dapp.cpp[1336]15/03 23:34:57 d3d:   SubVersion: 10
I           m3dapp.cpp[1336]15/03 23:34:57 d3d:   Build:      2622
I           m3dapp.cpp[1336]15/03 23:34:57 d3d: WHQLLevel:    0
I           m3dapp.cpp[1336]15/03 23:34:57 d3d: Texture max size: 8192x8192
I           m3dapp.cpp[1336]15/03 23:34:57 d3d: Guard band: (-8192.000,-8192.000,8192.000,8192.000)
I           m3dapp.cpp[1336]15/03 23:34:57 d3d: MaxTextureBlendStages: 8
I           m3dapp.cpp[1336]15/03 23:34:57 d3d: MaxSimultaneousTextures: 8
I           m3dapp.cpp[1336]15/03 23:34:57 d3d: MaxActiveLights: 10
I           m3dapp.cpp[1336]15/03 23:34:57 d3d: MaxUserClipPlanes: 6
I           m3dapp.cpp[1336]15/03 23:34:57 d3d: VertexShaderVersion: 0xfffe0300
I           m3dapp.cpp[1336]15/03 23:34:57 d3d: PixelShaderVersion: 0xffff0300
I           m3dapp.cpp[1336]15/03 23:34:57 d3d: Geometry instancing: supported
I           m3dapp.cpp[1336]15/03 23:34:57 d3d: Depth bias supported: yes
I           m3dapp.cpp[1336]15/03 23:34:57 d3d: Slope-scale based depth bias supported: yes
I           m3dapp.cpp[1336]15/03 23:34:57 d3d: HwRasterization: true
I           m3dapp.cpp[1336]15/03 23:34:57 d3d: HwTnL: true
I           m3dapp.cpp[1336]15/03 23:34:57 d3d: PureDevice: true
I           m3dapp.cpp[1336]15/03 23:34:57 d3d: CubeMap: true
I           m3dapp.cpp[1336]15/03 23:34:57 d3d: VolumeMap: true
I           m3dapp.cpp[1336]15/03 23:34:57 d3d: TextureAddressCaps:
I           m3dapp.cpp[1336]15/03 23:34:57 d3d: 	wrap: true
I           m3dapp.cpp[1336]15/03 23:34:57 d3d: 	clamp: true
I           m3dapp.cpp[1336]15/03 23:34:57 d3d: 	border: true
I           m3dapp.cpp[1336]15/03 23:34:57 d3d: Projective textures: true
I           m3dapp.cpp[1336]15/03 23:34:57 d3d: MaxPointSize: 256.000
I           m3dapp.cpp[1336]15/03 23:34:57 d3d: MaxPrimitiveCount: 1048575
I           m3dapp.cpp[1336]15/03 23:34:57 d3d: MaxVertexIndex: 16777215
I           m3dapp.cpp[1336]15/03 23:34:57 d3d: MaxStreams: 16
I           m3dapp.cpp[1336]15/03 23:34:57 d3d: MaxStreamsStride: 255
I           m3dapp.cpp[1336]15/03 23:34:57 d3d: MaxAnisotropy: 16
I           m3dapp.cpp[1336]15/03 23:34:57 d3d: MaxVertexBlendMatrices: 4
I           m3dapp.cpp[1336]15/03 23:34:57 d3d: MaxVertexBlendMatrixIndex: 8
I           m3dapp.cpp[1336]15/03 23:34:57 d3d: FullScreenGamma: true
I           m3dapp.cpp[1336]15/03 23:34:57 d3d: COLORWRITEENABLE: true
I           m3dapp.cpp[1336]15/03 23:34:57 d3d: MASKZ: true
I           m3dapp.cpp[1336]15/03 23:34:57 d3d: BLENDOP: true
I           m3dapp.cpp[1336]15/03 23:34:57 d3d: CLIPPLANESCALEDPOINTS: false
I           m3dapp.cpp[1336]15/03 23:34:57 d3d: CLIPTLVERTS: false
I           m3dapp.cpp[1336]15/03 23:34:57 d3d: TSSARGTEMP: true
I           m3dapp.cpp[1336]15/03 23:34:57 d3d: DIRECTIONALLIGHTS: true
I           m3dapp.cpp[1336]15/03 23:34:57 d3d: LOCALVIEWER: true
I           m3dapp.cpp[1336]15/03 23:34:57 d3d: POSITIONALLIGHTS: true
I           m3dapp.cpp[1336]15/03 23:34:57 d3d: TEXGEN:  true
I           m3dapp.cpp[1336]15/03 23:34:57 d3d: TWEENING:  true
I           m3dapp.cpp[1336]15/03 23:34:57 d3d: Dp3: true
I           m3dapp.cpp[1336]15/03 23:34:57 d3d: Lerp: true
I           m3dapp.cpp[1336]15/03 23:34:57 d3d: MaxNpatchTessellationLevel: 0.000
I           m3dapp.cpp[1336]15/03 23:34:57 d3d: Query VCACHE support: true
I           m3dapp.cpp[1336]15/03 23:34:57 d3d: Query EVENT support: true
I           m3dapp.cpp[1336]15/03 23:34:57 d3d: Query OCCLUSION support: true
I           m3dapp.cpp[1336]15/03 23:34:57 d3d: Query TIMESTAMP support: true
I           m3dapp.cpp[1336]15/03 23:34:57 d3d: Query TIMESTAMPDISJOINT support: true
I           m3dapp.cpp[1336]15/03 23:34:57 d3d: Query TIMESTAMPFREQ support: true
I           m3dapp.cpp[1336]15/03 23:34:57 d3d: Query PIPELINETIMINGS support: false
I           m3dapp.cpp[1336]15/03 23:34:57 d3d: Query INTERFACETIMINGS support: false
I           m3dapp.cpp[1336]15/03 23:34:57 d3d: Query VERTEXTIMINGS support: false
I           m3dapp.cpp[1336]15/03 23:34:57 d3d: Query PIXELTIMINGS support: false
I           m3dapp.cpp[1336]15/03 23:34:57 d3d: Query BANDWIDTHTIMINGS support: false
I           m3dapp.cpp[1336]15/03 23:34:57 d3d: Query CACHEUTILIZATION support: false
I           m3dapp.cpp[1336]15/03 23:34:57 d3d: Creating or resetting the device
I           m3dapp.cpp[1336]15/03 23:34:57 d3d: Back buffer format: X8R8G8B8
I           m3dapp.cpp[1336]15/03 23:34:57 d3d: Depth/stencil buffer format: D24S8
I           m3dapp.cpp[1336]15/03 23:34:57 d3d: Stenciling: off
I           m3dapp.cpp[1336]15/03 23:34:57 d3d: Rgba textures format: DXT5
I           m3dapp.cpp[1336]15/03 23:34:57 d3d: Rgba no c. textures format: A8R8G8B8
I           m3dapp.cpp[1336]15/03 23:34:57 d3d: RgbA textures format: DXT5
I           m3dapp.cpp[1336]15/03 23:34:57 d3d: RgbA no c. textures format: A4R4G4B4
I           m3dapp.cpp[1336]15/03 23:34:57 d3d: Rt textures format: A8R8G8B8
I           m3dapp.cpp[1336]15/03 23:34:57 d3d: Shadow textures format: R5G6B5
I           m3dapp.cpp[1336]15/03 23:34:57 d3d: Rt depth format: D16
I           m3dapp.cpp[2206]15/03 23:34:58 NOTE! input is bind to input_di8.dll
I           m3dapp.cpp[1938]15/03 23:35:00 NOTE! sound is bind to sound.dll
I           m3dapp.cpp[1350]15/03 23:35:00 input: Joystick not found
I           m3dapp.cpp[1343]15/03 23:35:01 snd: Max sound channels available: 128
I           m3dapp.cpp[1343]15/03 23:35:01 snd: Sound is inited successfully
I             font.cpp[0976]15/03 23:35:02 FontManager: fonts are loaded successfully
I           m3dapp.cpp[1336]15/03 23:35:05 d3d: Cannot open data\models\logos\fishmen.dds
I           m3dapp.cpp[1336]15/03 23:35:05 d3d: texmap failed to load: data\models\logos\fishmen.dds
E       DraftModel.cpp[1002]15/03 23:35:05 Error: Couldn't load texture data\models\logos\fishmen.dds for model logos.gam
I           m3dapp.cpp[1336]15/03 23:35:05 d3d: Cannot open data\models\logos\logo32.dds
I           m3dapp.cpp[1336]15/03 23:35:05 d3d: texmap failed to load: data\models\logos\logo32.dds
E       DraftModel.cpp[1002]15/03 23:35:05 Error: Couldn't load texture data\models\logos\logo32.dds for model logos.gam
I           m3dapp.cpp[1336]15/03 23:35:05 d3d: Cannot open data\models\logos\logo33.dds
I           m3dapp.cpp[1336]15/03 23:35:05 d3d: texmap failed to load: data\models\logos\logo33.dds
E       DraftModel.cpp[1002]15/03 23:35:05 Error: Couldn't load texture data\models\logos\logo33.dds for model logos.gam
I           m3dapp.cpp[1336]15/03 23:35:05 d3d: Cannot open data\models\logos\logo34.dds
I           m3dapp.cpp[1336]15/03 23:35:05 d3d: texmap failed to load: data\models\logos\logo34.dds
E       DraftModel.cpp[1002]15/03 23:35:05 Error: Couldn't load texture data\models\logos\logo34.dds for model logos.gam
I           m3dapp.cpp[1336]15/03 23:35:05 d3d: Cannot open data\models\logos\logo35.dds
I           m3dapp.cpp[1336]15/03 23:35:05 d3d: texmap failed to load: data\models\logos\logo35.dds
E       DraftModel.cpp[1002]15/03 23:35:05 Error: Couldn't load texture data\models\logos\logo35.dds for model logos.gam
I           m3dapp.cpp[1336]15/03 23:35:05 d3d: Cannot open data\models\logos\logo36.dds
I           m3dapp.cpp[1336]15/03 23:35:05 d3d: texmap failed to load: data\models\logos\logo36.dds
E       DraftModel.cpp[1002]15/03 23:35:05 Error: Couldn't load texture data\models\logos\logo36.dds for model logos.gam
I           m3dapp.cpp[1336]15/03 23:35:05 d3d: Cannot open data\models\logos\logo37.dds
I           m3dapp.cpp[1336]15/03 23:35:05 d3d: texmap failed to load: data\models\logos\logo37.dds
E       DraftModel.cpp[1002]15/03 23:35:05 Error: Couldn't load texture data\models\logos\logo37.dds for model logos.gam
I           m3dapp.cpp[1336]15/03 23:35:05 d3d: Cannot open data\models\logos\logo38.dds
I           m3dapp.cpp[1336]15/03 23:35:05 d3d: texmap failed to load: data\models\logos\logo38.dds
E       DraftModel.cpp[1002]15/03 23:35:05 Error: Couldn't load texture data\models\logos\logo38.dds for model logos.gam
I           m3dapp.cpp[1336]15/03 23:35:05 d3d: Cannot open data\models\logos\logo39.dds
I           m3dapp.cpp[1336]15/03 23:35:05 d3d: texmap failed to load: data\models\logos\logo39.dds
E       DraftModel.cpp[1002]15/03 23:35:05 Error: Couldn't load texture data\models\logos\logo39.dds for model logos.gam
I           m3dapp.cpp[1336]15/03 23:35:05 d3d: Cannot open data\models\logos\logo40.dds
I           m3dapp.cpp[1336]15/03 23:35:05 d3d: texmap failed to load: data\models\logos\logo40.dds
E       DraftModel.cpp[1002]15/03 23:35:05 Error: Couldn't load texture data\models\logos\logo40.dds for model logos.gam
I           m3dapp.cpp[1336]15/03 23:35:05 d3d: Cannot open data\models\logos\logo41.dds
I           m3dapp.cpp[1336]15/03 23:35:05 d3d: texmap failed to load: data\models\logos\logo41.dds
E       DraftModel.cpp[1002]15/03 23:35:05 Error: Couldn't load texture data\models\logos\logo41.dds for model logos.gam
I           m3dapp.cpp[1336]15/03 23:35:05 d3d: Cannot open data\models\logos\logo42.dds
I           m3dapp.cpp[1336]15/03 23:35:05 d3d: texmap failed to load: data\models\logos\logo42.dds
E       DraftModel.cpp[1002]15/03 23:35:05 Error: Couldn't load texture data\models\logos\logo42.dds for model logos.gam
I           m3dapp.cpp[1336]15/03 23:35:05 d3d: Cannot open data\models\logos\logo43.dds
I           m3dapp.cpp[1336]15/03 23:35:05 d3d: texmap failed to load: data\models\logos\logo43.dds
E       DraftModel.cpp[1002]15/03 23:35:05 Error: Couldn't load texture data\models\logos\logo43.dds for model logos.gam
I           m3dapp.cpp[1336]15/03 23:35:05 d3d: Cannot open data\models\logos\logo44.dds
I           m3dapp.cpp[1336]15/03 23:35:05 d3d: texmap failed to load: data\models\logos\logo44.dds
E       DraftModel.cpp[1002]15/03 23:35:05 Error: Couldn't load texture data\models\logos\logo44.dds for model logos.gam
I           m3dapp.cpp[1336]15/03 23:35:05 d3d: Cannot open data\models\logos\logo45.dds
I           m3dapp.cpp[1336]15/03 23:35:05 d3d: texmap failed to load: data\models\logos\logo45.dds
E       DraftModel.cpp[1002]15/03 23:35:05 Error: Couldn't load texture data\models\logos\logo45.dds for model logos.gam
I           m3dapp.cpp[1336]15/03 23:35:05 d3d: Cannot open data\models\logos\logo46.dds
I           m3dapp.cpp[1336]15/03 23:35:05 d3d: texmap failed to load: data\models\logos\logo46.dds
E       DraftModel.cpp[1002]15/03 23:35:05 Error: Couldn't load texture data\models\logos\logo46.dds for model logos.gam
I           m3dapp.cpp[1336]15/03 23:35:05 d3d: Cannot open data\models\logos\logo47.dds
I           m3dapp.cpp[1336]15/03 23:35:05 d3d: texmap failed to load: data\models\logos\logo47.dds
E       DraftModel.cpp[1002]15/03 23:35:05 Error: Couldn't load texture data\models\logos\logo47.dds for model logos.gam
I           m3dapp.cpp[1336]15/03 23:35:05 d3d: Cannot open data\models\logos\logo48.dds
I           m3dapp.cpp[1336]15/03 23:35:05 d3d: texmap failed to load: data\models\logos\logo48.dds
E       DraftModel.cpp[1002]15/03 23:35:05 Error: Couldn't load texture data\models\logos\logo48.dds for model logos.gam
I           m3dapp.cpp[1336]15/03 23:35:05 d3d: Cannot open data\models\logos\logo49.dds
I           m3dapp.cpp[1336]15/03 23:35:05 d3d: texmap failed to load: data\models\logos\logo49.dds
E       DraftModel.cpp[1002]15/03 23:35:05 Error: Couldn't load texture data\models\logos\logo49.dds for model logos.gam
I           m3dapp.cpp[1336]15/03 23:35:05 d3d: Cannot open data\models\logos\logo50.dds
I           m3dapp.cpp[1336]15/03 23:35:05 d3d: texmap failed to load: data\models\logos\logo50.dds
E       DraftModel.cpp[1002]15/03 23:35:05 Error: Couldn't load texture data\models\logos\logo50.dds for model logos.gam
I           m3dapp.cpp[1336]15/03 23:35:05 d3d: Cannot open data\models\logos\logo51.dds
I           m3dapp.cpp[1336]15/03 23:35:05 d3d: texmap failed to load: data\models\logos\logo51.dds
E       DraftModel.cpp[1002]15/03 23:35:05 Error: Couldn't load texture data\models\logos\logo51.dds for model logos.gam
I           m3dapp.cpp[1336]15/03 23:35:05 d3d: Cannot open data\models\logos\logo52.dds
I           m3dapp.cpp[1336]15/03 23:35:05 d3d: texmap failed to load: data\models\logos\logo52.dds
E       DraftModel.cpp[1002]15/03 23:35:05 Error: Couldn't load texture data\models\logos\logo52.dds for model logos.gam
I           m3dapp.cpp[1336]15/03 23:35:05 d3d: Cannot open data\models\logos\logo53.dds
I           m3dapp.cpp[1336]15/03 23:35:05 d3d: texmap failed to load: data\models\logos\logo53.dds
E       DraftModel.cpp[1002]15/03 23:35:05 Error: Couldn't load texture data\models\logos\logo53.dds for model logos.gam
I           m3dapp.cpp[1336]15/03 23:35:05 d3d: Cannot open data\models\logos\logo54.dds
I           m3dapp.cpp[1336]15/03 23:35:05 d3d: texmap failed to load: data\models\logos\logo54.dds
E       DraftModel.cpp[1002]15/03 23:35:05 Error: Couldn't load texture data\models\logos\logo54.dds for model logos.gam
I           m3dapp.cpp[1336]15/03 23:35:05 d3d: Cannot open data\models\logos\logo55.dds
I           m3dapp.cpp[1336]15/03 23:35:05 d3d: texmap failed to load: data\models\logos\logo55.dds
E       DraftModel.cpp[1002]15/03 23:35:05 Error: Couldn't load texture data\models\logos\logo55.dds for model logos.gam
I           m3dapp.cpp[1336]15/03 23:35:05 d3d: Cannot open data\models\logos\logo56.dds
I           m3dapp.cpp[1336]15/03 23:35:05 d3d: texmap failed to load: data\models\logos\logo56.dds
E       DraftModel.cpp[1002]15/03 23:35:05 Error: Couldn't load texture data\models\logos\logo56.dds for model logos.gam
I           m3dapp.cpp[1336]15/03 23:35:05 d3d: Cannot open data\models\logos\logo57.dds
I           m3dapp.cpp[1336]15/03 23:35:05 d3d: texmap failed to load: data\models\logos\logo57.dds
E       DraftModel.cpp[1002]15/03 23:35:05 Error: Couldn't load texture data\models\logos\logo57.dds for model logos.gam
I           m3dapp.cpp[1336]15/03 23:35:05 d3d: Cannot open data\models\logos\logo58.dds
I           m3dapp.cpp[1336]15/03 23:35:05 d3d: texmap failed to load: data\models\logos\logo58.dds
E       DraftModel.cpp[1002]15/03 23:35:05 Error: Couldn't load texture data\models\logos\logo58.dds for model logos.gam
I           m3dapp.cpp[1336]15/03 23:35:05 d3d: Cannot open data\models\logos\logo59.dds
I           m3dapp.cpp[1336]15/03 23:35:05 d3d: texmap failed to load: data\models\logos\logo59.dds
E       DraftModel.cpp[1002]15/03 23:35:05 Error: Couldn't load texture data\models\logos\logo59.dds for model logos.gam
I           m3dapp.cpp[1336]15/03 23:35:05 d3d: Cannot open data\models\logos\logo60.dds
I           m3dapp.cpp[1336]15/03 23:35:05 d3d: texmap failed to load: data\models\logos\logo60.dds
E       DraftModel.cpp[1002]15/03 23:35:05 Error: Couldn't load texture data\models\logos\logo60.dds for model logos.gam
I           m3dapp.cpp[1336]15/03 23:35:05 d3d: Cannot open data\models\logos\logo61.dds
I           m3dapp.cpp[1336]15/03 23:35:05 d3d: texmap failed to load: data\models\logos\logo61.dds
E       DraftModel.cpp[1002]15/03 23:35:05 Error: Couldn't load texture data\models\logos\logo61.dds for model logos.gam
I           m3dapp.cpp[1336]15/03 23:35:05 d3d: Cannot open data\models\logos\logo62.dds
I           m3dapp.cpp[1336]15/03 23:35:05 d3d: texmap failed to load: data\models\logos\logo62.dds
E       DraftModel.cpp[1002]15/03 23:35:05 Error: Couldn't load texture data\models\logos\logo62.dds for model logos.gam
I           m3dapp.cpp[1336]15/03 23:35:05 d3d: Cannot open data\models\logos\logo63.dds
I           m3dapp.cpp[1336]15/03 23:35:05 d3d: texmap failed to load: data\models\logos\logo63.dds
E       DraftModel.cpp[1002]15/03 23:35:05 Error: Couldn't load texture data\models\logos\logo63.dds for model logos.gam
I           m3dapp.cpp[1336]15/03 23:35:05 d3d: Cannot open data\models\logos\logo64.dds
I           m3dapp.cpp[1336]15/03 23:35:05 d3d: texmap failed to load: data\models\logos\logo64.dds
E       DraftModel.cpp[1002]15/03 23:35:05 Error: Couldn't load texture data\models\logos\logo64.dds for model logos.gam
I           m3dapp.cpp[1336]15/03 23:35:05 d3d: Cannot open data\models\logos\logo65.dds
I           m3dapp.cpp[1336]15/03 23:35:05 d3d: texmap failed to load: data\models\logos\logo65.dds
E       DraftModel.cpp[1002]15/03 23:35:05 Error: Couldn't load texture data\models\logos\logo65.dds for model logos.gam
I           m3dapp.cpp[1336]15/03 23:35:05 d3d: Cannot open data\models\logos\logo66.dds
I           m3dapp.cpp[1336]15/03 23:35:05 d3d: texmap failed to load: data\models\logos\logo66.dds
E       DraftModel.cpp[1002]15/03 23:35:05 Error: Couldn't load texture data\models\logos\logo66.dds for model logos.gam
I           m3dapp.cpp[1336]15/03 23:35:05 d3d: Cannot open data\models\logos\logo67.dds
I           m3dapp.cpp[1336]15/03 23:35:05 d3d: texmap failed to load: data\models\logos\logo67.dds
E       DraftModel.cpp[1002]15/03 23:35:05 Error: Couldn't load texture data\models\logos\logo67.dds for model logos.gam
I           m3dapp.cpp[1336]15/03 23:35:05 d3d: Cannot open data\models\logos\logo68.dds
I           m3dapp.cpp[1336]15/03 23:35:05 d3d: texmap failed to load: data\models\logos\logo68.dds
E       DraftModel.cpp[1002]15/03 23:35:05 Error: Couldn't load texture data\models\logos\logo68.dds for model logos.gam
I           m3dapp.cpp[1336]15/03 23:35:05 d3d: Cannot open data\models\logos\logo69.dds
I           m3dapp.cpp[1336]15/03 23:35:05 d3d: texmap failed to load: data\models\logos\logo69.dds
E       DraftModel.cpp[1002]15/03 23:35:05 Error: Couldn't load texture data\models\logos\logo69.dds for model logos.gam
I           m3dapp.cpp[1336]15/03 23:35:05 d3d: Cannot open data\models\logos\logo70.dds
I           m3dapp.cpp[1336]15/03 23:35:05 d3d: texmap failed to load: data\models\logos\logo70.dds
E       DraftModel.cpp[1002]15/03 23:35:05 Error: Couldn't load texture data\models\logos\logo70.dds for model logos.gam
I      gameimpulse.cpp[0288]15/03 23:35:05 Key bindings: were inited successfully
I           view32.cpp[0705]15/03 23:35:06 --- Init Media ---
I    GameUiManager.cpp[0303]15/03 23:35:06 Interface: is initializing...
I    GameUiManager.cpp[1580]15/03 23:35:06 Interface: clearing resource infos ...
I    GameUiManager.cpp[1491]15/03 23:35:06 Interface: loading resource infos ...
I    GameUiManager.cpp[1603]15/03 23:35:06 Interface: loading resources ...
I           m3dapp.cpp[1343]15/03 23:35:07 snd: Error: Can't Open SoundFile: 
I           m3dapp.cpp[1343]15/03 23:35:07 snd: Cannot open sound stream from file . Error: File not found, flags: 8272
I    GameUiManager.cpp[0395]15/03 23:35:07 Interface: is inited successfully
I        LevelInfo.cpp[0806]15/03 23:35:07 Level infos were loaded successfully from file data\if\diz\LevelInfo.xml
I        LevelInfo.cpp[0837]15/03 23:35:07 Error: could't open data\maps\r1m8.ssl file
E        LevelInfo.cpp[0749]15/03 23:35:07 LevelInfoManager was inited with errors
I   TruxxUiManager.cpp[0191]15/03 23:35:07 TruxxUiManager: was inited successfully
I      gameimpulse.cpp[0618]15/03 23:35:14 Key bindings: unbind all is done
I      gameimpulse.cpp[0324]15/03 23:35:14 Key bindings: were loaded successfully from file data\scripts\DefaultKeyBindings.lua
I      gameimpulse.cpp[1194]15/03 23:35:14 Key bindings: were bind from defaults
I            video.cpp[0704]15/03 23:35:15 Could not load specified video file: data\video\logobuka.wmv (hr = 80070003)
I     view32_video.cpp[0061]15/03 23:35:15 Error: couldn't load video 'data\video\logobuka.wmv'
I            video.cpp[0704]15/03 23:35:15 Could not load specified video file: data\video\logotargem.wmv (hr = 80070003)
I     view32_video.cpp[0061]15/03 23:35:15 Error: couldn't load video 'data\video\logotargem.wmv'
I            video.cpp[0704]15/03 23:35:15 Could not load specified video file: data\video\INTRO_RUS_FIELD.wmv (hr = 80070003)
I     view32_video.cpp[0061]15/03 23:35:15 Error: couldn't load video 'data\video\INTRO_RUS_FIELD.wmv'
I             core.lua[0013]15/03 23:35:15 IMPROVED STORYLINE V1.0.5.3 ORIGINAL BUILD 220422
I           m3dapp.cpp[1808]15/03 23:35:15 ----------------------- Engine inited in: 0
I          Profile.cpp[0602]15/03 23:35:15 Profile "RiverZone" set
I   TruxxUiManager.cpp[1422]15/03 23:35:15 Game mode changed. Old mode = 3, new mode = 2
I        SplashWnd.cpp[0244]15/03 23:35:16 Start splashing 11
I           view32.cpp[1048]15/03 23:35:16 -- Loading Level: data\maps\mainmenu.ssl --
I            world.cpp[0132]15/03 23:35:16 ----------------------- World Loading
F        landscape.cpp[1674]15/03 23:35:16  +- Enter function: Landscape::Load()
I        landscape.cpp[1911]15/03 23:35:16  |  ----------------------- Normal map loaded in: 12
I        landscape.cpp[1920]15/03 23:35:17  |  ----------------------- Tiles loaded in: 347
I        landscape.cpp[1944]15/03 23:35:17  |  ----------------------- ShoreLine loaded in: 17
F        landscape.cpp[1944]15/03 23:35:17  +- Exit function: Landscape::Load()
I            world.cpp[0169]15/03 23:35:17 ----------------------- Landscape loaded in: 1023
I       DataServer.cpp[0587]15/03 23:35:17 Loading Servers: data\maps\MainMenu\servers.xml
I serverAnimatedModel.cpp[0630]15/03 23:35:27 ### Total time: 9797, GAM time: 8232
I       DataServer.cpp[0587]15/03 23:35:27 Loading Servers: data\models\commonservers.xml
E      serverMusic.cpp[0216]15/03 23:35:39 MusicServer: cannot read file: data\music\music.xml id = 'LaBelleTown'
E      serverMusic.cpp[0216]15/03 23:35:39 MusicServer: cannot read file: data\music\music.xml id = 'block6_driving2'
I            world.cpp[0210]15/03 23:35:40 ----------------------- Servers loaded in: 22254
I            world.cpp[0338]15/03 23:35:40 LoadWorld begin...
I            world.cpp[0350]15/03 23:35:40 %%%% read/parse xml: 58
I            world.cpp[0362]15/03 23:35:40 %%%% read from xml: 9
E    PlayerPassMap.cpp[0139]15/03 23:35:40 Couldn't load player pass map from file data\maps\MainMenu\player_passmap.xml
I            world.cpp[0444]15/03 23:35:40 %%%% link nodes: 33
I            world.cpp[0220]15/03 23:35:40 ----------------------- Nodes loaded in: 106
I            world.cpp[0228]15/03 23:35:40 ----------------------- Prefabs loaded in: 1
I            world.cpp[0247]15/03 23:35:40 ----------------------- World loaded in: 23991
I            world.cpp[0278]15/03 23:35:42 ----------------------- Roads loaded in: 1916
I           view32.cpp[1078]15/03 23:35:42 Load Server begin...
I   TruxxUiManager.cpp[0974]15/03 23:35:42 Interface: is loaded successfully
I           server.cpp[0789]15/03 23:35:42 AI: Loading Server...
I           server.cpp[0796]15/03 23:35:42 	AI: Loading Relationship
I     Relationship.cpp[0134]15/03 23:35:42 		 File readed
I           server.cpp[0801]15/03 23:35:42 	AI: Loading SoilProps
I           server.cpp[0804]15/03 23:35:42 	AI: Loading ExternalPaths
I           server.cpp[0807]15/03 23:35:42 	AI: Loading PlayerPassMap
E    PlayerPassMap.cpp[0139]15/03 23:35:42 Couldn't load player pass map from file data\maps\MainMenu\player_passmap.xml
I           server.cpp[0813]15/03 23:35:42 	AI: Loading GameObjects
I           server.cpp[0816]15/03 23:35:43 	AI: Initializing VehicleGeneratorInfoCache
I           server.cpp[0820]15/03 23:35:43 	AI: Refreshing GameObjects
I           server.cpp[0824]15/03 23:35:43 	AI: Loading QuestStates
I       QuestState.cpp[0904]15/03 23:35:43 Quest 'Human1_Quest1' can be given now
I       QuestState.cpp[0904]15/03 23:35:43 Quest 'Human1_Quest2' can be given now
I       QuestState.cpp[0904]15/03 23:35:43 Quest 'BenGoodEnd' can be given now
I       QuestState.cpp[0904]15/03 23:35:43 Quest 'q_PlaceWithSign' can be given now
I       QuestState.cpp[0904]15/03 23:35:43 Quest 'r3m2_OracleMemory' can be given now
I       QuestState.cpp[0904]15/03 23:35:43 Quest 'r3m2_TalkWithLisa' can be given now
I       QuestState.cpp[0904]15/03 23:35:43 Quest 'r3m2_TalkWithBenAboutCarAfterOracul' can be given now
I       QuestState.cpp[0904]15/03 23:35:43 Quest 'r3m2_FindInfoAboutFather' can be given now
I       QuestState.cpp[0904]15/03 23:35:43 Quest 'r3m1_LureMainDriud' can be given now
I       QuestState.cpp[0904]15/03 23:35:43 Quest 'r3m1_ClearSanctuary' can be given now
I       QuestState.cpp[0904]15/03 23:35:43 Quest 'r3m1_KnowAboutUluk' can be given now
I       QuestState.cpp[0904]15/03 23:35:43 Quest 'r3m1_RescueUlukCivil' can be given now
I       QuestState.cpp[0904]15/03 23:35:43 Quest 'q_VisitDruid' can be given now
I       QuestState.cpp[0904]15/03 23:35:43 Quest 'r2m2_Znaki2_Quest' can be given now
I       QuestState.cpp[0904]15/03 23:35:43 Quest 'r2m2_HeadsHunterQuest' can be given now
I       QuestState.cpp[0904]15/03 23:35:43 Quest 'r2m2_OldDvigatel1_Quest' can be given now
I       QuestState.cpp[0904]15/03 23:35:43 Quest 'r2m2_OldDvigatel2_Quest' can be given now
I       QuestState.cpp[0904]15/03 23:35:43 Quest 'r2m2_FightFelix' can be given now
I       QuestState.cpp[0904]15/03 23:35:43 Quest 'r2m2_ReturnToMarecciaFromCastle' can be given now
I       QuestState.cpp[0904]15/03 23:35:43 Quest 'r2m2_FightWithAxelInArena_Quest' can be given now
I       QuestState.cpp[0904]15/03 23:35:43 Quest 'r2m2_FindLisAfterAxelAndFatherDie_Quest' can be given now
I       QuestState.cpp[0904]15/03 23:35:43 Quest 'r2m2_ToLisaToMonastir' can be given now
I       QuestState.cpp[0904]15/03 23:35:43 Quest 'r2m2_FightLisaToMonastir' can be given now
I       QuestState.cpp[0904]15/03 23:35:43 Quest 'r2m2_GiveDisk2ToOrakul' can be given now
I       QuestState.cpp[0904]15/03 23:35:43 Quest 'MrShlyapa3_Quest' can be given now
I       QuestState.cpp[0904]15/03 23:35:43 Quest 'r2m1_ArtAntipod_Quest' can be given now
I       QuestState.cpp[0904]15/03 23:35:43 Quest 'r2m1_TakeNarcotics_Quest' can be given now
I       QuestState.cpp[0904]15/03 23:35:43 Quest 'r2m1_KillGodFather_Quest' can be given now
I       QuestState.cpp[0904]15/03 23:35:43 Quest 'MrShlyapaSecret' can be given now
I       QuestState.cpp[0904]15/03 23:35:43 Quest 'd_GetSupportOneOfTheBands2_Quest' can be given now
I       QuestState.cpp[0904]15/03 23:35:43 Quest 'd_GetSupportOneOfTheBands1_Quest' can be given now
I       QuestState.cpp[0904]15/03 23:35:43 Quest 'd_FindVerbInAR_Quest' can be given now
I       QuestState.cpp[0904]15/03 23:35:43 Quest 'd_FindVerbInSNG_Quest' can be given now
I       QuestState.cpp[0904]15/03 23:35:43 Quest 'd_PatrulSideSNG_Quest' can be given now
I       QuestState.cpp[0904]15/03 23:35:43 Quest 'd_TakeGeneralOfBandits_Quest' can be given now
I       QuestState.cpp[0904]15/03 23:35:43 Quest 'r2m1_TW_AlienInShip' can be given now
I       QuestState.cpp[0904]15/03 23:35:43 Quest 'Podderzhka_Quest' can be given now
I       QuestState.cpp[0904]15/03 23:35:43 Quest 'Zashita_Quest' can be given now
I       QuestState.cpp[0904]15/03 23:35:43 Quest 'preEretik_Quest' can be given now
I       QuestState.cpp[0904]15/03 23:35:43 Quest 'ReturnQuest' can be given now
I       QuestState.cpp[0904]15/03 23:35:43 Quest 'd_FindVerbInAM_Quest' can be given now
I       QuestState.cpp[0904]15/03 23:35:43 Quest 'OdettIsDead_Quest' can be given now
I       QuestState.cpp[0904]15/03 23:35:43 Quest 'Disk2OrakulLisa' can be given now
I       QuestState.cpp[0904]15/03 23:35:43 Quest 'FindGomerB_Quest1' can be given now
I       QuestState.cpp[0904]15/03 23:35:43 Quest 'FreeExtremistLeader_Quest1' can be given now
I       QuestState.cpp[0904]15/03 23:35:43 Quest 'KillExtremist_Quest1' can be given now
I       QuestState.cpp[0904]15/03 23:35:43 Quest 'r1m4_TalkWithOldTraderAboutSecondDisk' can be given now
I       QuestState.cpp[0904]15/03 23:35:43 Quest 'q_FindHusbent' can be given now
I       QuestState.cpp[0904]15/03 23:35:43 Quest 'RybakToOlm_Quest' can be given now
I       QuestState.cpp[0904]15/03 23:35:43 Quest 'AnanagaTech_Quest' can be given now
I       QuestState.cpp[0904]15/03 23:35:43 Quest 'MrShlyapa2_Quest' can be given now
I       QuestState.cpp[0904]15/03 23:35:43 Quest 'ToCordanToTikhomir_Quest' can be given now
I       QuestState.cpp[0904]15/03 23:35:43 Quest 'r1m3_BonnyAndKlideQuest' can be given now
I       QuestState.cpp[0904]15/03 23:35:43 Quest 'r1m3_ArchHelp' can be given now
I       QuestState.cpp[0904]15/03 23:35:43 Quest 'r1m3_CrazyManQuest' can be given now
I       QuestState.cpp[0904]15/03 23:35:43 Quest 'r1m3_OldTownOutsiderCar2_Quest' can be given now
I       QuestState.cpp[0904]15/03 23:35:43 Quest 'FightForPesht' can be given now
I       QuestState.cpp[0904]15/03 23:35:43 Quest 'd_RideAcrossBase_Quest' can be given now
I       QuestState.cpp[0904]15/03 23:35:43 Quest 'd_GiveMoneyToBase_Quest' can be given now
I       QuestState.cpp[0904]15/03 23:35:43 Quest 'd_GetBomb_Quest' can be given now
I       QuestState.cpp[0904]15/03 23:35:43 Quest 'd_IntrigaOfMerMinin_Quest' can be given now
I       QuestState.cpp[0904]15/03 23:35:43 Quest 'd_MoveFreelancersToOilMine_Quest' can be given now
I       QuestState.cpp[0904]15/03 23:35:43 Quest 'd_MoveCanistraToMinin_Quest' can be given now
I       QuestState.cpp[0904]15/03 23:35:43 Quest 'd_OpenTunel_Quest' can be given now
I       QuestState.cpp[0904]15/03 23:35:43 Quest 'r1m3_TalkWithThiefFromFatherHouse' can be given now
I       QuestState.cpp[0904]15/03 23:35:43 Quest 'r1m3_MoveToOraculAfterThief' can be given now
I       QuestState.cpp[0904]15/03 23:35:43 Quest 'r1m3_ToLisaToAsgard' can be given now
I       QuestState.cpp[0904]15/03 23:35:43 Quest 'r1m3_TW_OralceAboutAlien' can be given now
I       QuestState.cpp[0904]15/03 23:35:43 Quest 'r1m3_DestroyRadiationSource' can be given now
I       QuestState.cpp[0904]15/03 23:35:43 Quest 'r2m1_DestroyAlienShip' can be given now
I       QuestState.cpp[0904]15/03 23:35:43 Quest 'd_PayWorkersMoney_Quest' can be given now
I       QuestState.cpp[0904]15/03 23:35:43 Quest 'r2m1_TW_SellsCivilian' can be given now
I       QuestState.cpp[0904]15/03 23:35:43 Quest 'MorskieVrata2_Quest' can be given now
I       QuestState.cpp[0904]15/03 23:35:43 Quest 'Zachisti1_Quest' can be given now
I       QuestState.cpp[0904]15/03 23:35:43 Quest 'LisaVPeshte' can be given now
I       QuestState.cpp[0904]15/03 23:35:43 Quest 'LisaUBena' can be given now
I       QuestState.cpp[0904]15/03 23:35:43 Quest 'WhereSigns_Quest' can be given now
I       QuestState.cpp[0904]15/03 23:35:43 Quest 'CombatInKollizey_Quest' can be given now
I       QuestState.cpp[0904]15/03 23:35:43 Quest 'BuyKollizey_Quest' can be given now
I       QuestState.cpp[0904]15/03 23:35:43 Quest 'Kollizey_Quest' can be given now
I       QuestState.cpp[0904]15/03 23:35:43 Quest 'HelpRuins_Quest' can be given now
I       QuestState.cpp[0904]15/03 23:35:43 Quest 'DestroyRuins_Quest' can be given now
I       QuestState.cpp[0904]15/03 23:35:43 Quest 'DestroyRuins2_Quest' can be given now
I       QuestState.cpp[0904]15/03 23:35:43 Quest 'Signs_Quest' can be given now
I       QuestState.cpp[0904]15/03 23:35:43 Quest 'MrShlyapa1_Quest' can be given now
I       QuestState.cpp[0904]15/03 23:35:43 Quest 'FindBen2_Quest' can be given now
I       QuestState.cpp[0904]15/03 23:35:43 Quest 'd_FindHouseOfBen_Quest' can be given now
I       QuestState.cpp[0904]15/03 23:35:43 Quest 'r1m2_TW_BanAboutAlien' can be given now
I       QuestState.cpp[0904]15/03 23:35:43 Quest 'r1m3_DestroyOracle' can be given now
I       QuestState.cpp[0904]15/03 23:35:43 Quest 'Pomiritsa_Quest' can be given now
I       QuestState.cpp[0904]15/03 23:35:43 Quest 'VYar_Quest' can be given now
I       QuestState.cpp[0904]15/03 23:35:43 Quest 'FindBenMZ_Quest' can be given now
I       QuestState.cpp[0904]15/03 23:35:43 Quest 'QuickFindBen' can be given now
I       QuestState.cpp[0904]15/03 23:35:43 Quest 'OpenMid_Quest' can be given now
I       QuestState.cpp[0904]15/03 23:35:43 Quest 'TalkBeforeDesert' can be given now
I       QuestState.cpp[0904]15/03 23:35:43 Quest 'ZashitaGotova' can be given now
I       QuestState.cpp[0904]15/03 23:35:43 Quest 'FakeQuest1' can be given now
I       QuestState.cpp[0904]15/03 23:35:43 Quest 'Chehly_Quest' can be given now
I       QuestState.cpp[0904]15/03 23:35:43 Quest 'WorkGiver_Quest1' can be given now
I       QuestState.cpp[0904]15/03 23:35:43 Quest 'd_PunishBandits_Quest' can be given now
I       QuestState.cpp[0904]15/03 23:35:43 Quest 'r1m1_Hospital_Quest' can be given now
I       QuestState.cpp[0904]15/03 23:35:43 Quest 'r1m1_Botanik_Quest' can be given now
I       QuestState.cpp[0904]15/03 23:35:43 Quest 'r1m1_FindBotanik_Quest' can be given now
I       QuestState.cpp[0904]15/03 23:35:43 Quest 'Buyer_Quest1' can be given now
I       QuestState.cpp[0904]15/03 23:35:43 Quest 'FirstTimePlay' can be given now
I       QuestState.cpp[0904]15/03 23:35:43 Quest 'TalkWithFather_Quest' can be given now
I       QuestState.cpp[0904]15/03 23:35:43 Quest 'LisaAtSouth' can be given now
I       QuestState.cpp[0904]15/03 23:35:43 Quest 'FindBen_Quest' can be given now
I       QuestState.cpp[0904]15/03 23:35:43 Quest 'FindBenAgain_Quest' can be given now
I       QuestState.cpp[0904]15/03 23:35:43 Quest 'd_SinFather_Quest' can be given now
I       QuestState.cpp[0904]15/03 23:35:43 Quest 'TalkToVasily' can be given now
I       QuestState.cpp[0904]15/03 23:35:43 Quest 'CheckTheEast' can be given now
I       QuestState.cpp[0904]15/03 23:35:43 Quest 'BenSouth_Quest' can be given now
I           server.cpp[0826]15/03 23:35:43 	AI: QuestStates loaded
I           server.cpp[0828]15/03 23:35:43 	AI: Loading DynamicScene
I     DynamicScene.cpp[1470]15/03 23:35:43 		 Scene loading begin
I     DynamicScene.cpp[1472]15/03 23:35:44 		 Scene loading end
I           server.cpp[0837]15/03 23:35:44 	AI: DynamicScene loaded
I           server.cpp[0852]15/03 23:35:44 	AI: Loading Triggers
E           server.cpp[1242]15/03 23:35:44 Error: cannot open data\maps\MainMenu\
I           server.cpp[0855]15/03 23:35:44 	AI: Triggers loaded
I           server.cpp[0857]15/03 23:35:44 	AI: Loading Object Names
E     ObjContainer.cpp[1104]15/03 23:35:44 Error: cannot open data\maps\MainMenu\object_names.xml
I           server.cpp[0868]15/03 23:35:44 	AI: Initing Player
I           server.cpp[0888]15/03 23:35:44 		Before first Update
I   TruxxUiManager.cpp[1422]15/03 23:35:44 Game mode changed. Old mode = 2, new mode = 1
I           server.cpp[0909]15/03 23:35:44 		After first Update
I           server.cpp[0911]15/03 23:35:44 AI: Finished Loading Server
I           view32.cpp[1106]15/03 23:35:44 Load server end
I        QuestInfo.cpp[0847]15/03 23:35:44 Quest infos were loaded successfully from file data\if\diz\QuestInfoGlobal.xml
I        QuestInfo.cpp[0783]15/03 23:35:44 QuestInfo manager was inited successfully
I       MsgManager.cpp[0391]15/03 23:35:44 Can't open file data\maps\MainMenu\strings.xml for read.
I    GameUiManager.cpp[0303]15/03 23:35:44 Interface: is initializing...
I    GameUiManager.cpp[0405]15/03 23:35:44 Interface: is clearing...
I    GameUiManager.cpp[0495]15/03 23:35:44 Interface: is cleared successfully
I    GameUiManager.cpp[0395]15/03 23:35:44 Interface: is inited successfully
I blockMusicManager.cpp[0199]15/03 23:35:44 BlockMusicManager: resetting
I      gameimpulse.cpp[0618]15/03 23:35:44 Key bindings: unbind all is done
I      gameimpulse.cpp[0618]15/03 23:35:44 Key bindings: unbind all is done
I      gameimpulse.cpp[0324]15/03 23:35:44 Key bindings: were loaded successfully from file data/profiles/riverzone\KeyBindings.lua
I      gameimpulse.cpp[1222]15/03 23:35:44 Key bindings: were loaded from profile
I        SplashWnd.cpp[0244]15/03 23:36:00 Start splashing 11
I   TruxxUiManager.cpp[1422]15/03 23:36:00 Game mode changed. Old mode = 1, new mode = 0
I    GameUiManager.cpp[0405]15/03 23:36:00 Interface: is clearing...
I    GameUiManager.cpp[0495]15/03 23:36:00 Interface: is cleared successfully
I           view32.cpp[1048]15/03 23:36:00 -- Loading Level: data\maps\r11m1.ssl --
I            world.cpp[0132]15/03 23:36:00 ----------------------- World Loading
F        landscape.cpp[1674]15/03 23:36:00  +- Enter function: Landscape::Load()
I        landscape.cpp[1911]15/03 23:36:00  |  ----------------------- Normal map loaded in: 28
I        landscape.cpp[1920]15/03 23:36:00  |  ----------------------- Tiles loaded in: 142
I        landscape.cpp[1944]15/03 23:36:00  |  ----------------------- ShoreLine loaded in: 21
F        landscape.cpp[1944]15/03 23:36:00  +- Exit function: Landscape::Load()
I            world.cpp[0169]15/03 23:36:00 ----------------------- Landscape loaded in: 697
I       DataServer.cpp[0587]15/03 23:36:00 Loading Servers: data\models\servers.xml
E        GamParser.cpp[0399]15/03 23:36:03 AnimatedModel::LoadGAM -- cannot open file data\models\objects\dweller_debik.gam
E        GamParser.cpp[0399]15/03 23:36:07 AnimatedModel::LoadGAM -- cannot open file data\models\Masks\Main\mask_debik.gam
E       DraftModel.cpp[1002]15/03 23:36:34 Error: Couldn't load texture data\models\vehicles\belaz\cab01_mt.dds for model cargov1.gam
E       DraftModel.cpp[1002]15/03 23:36:35 Error: Couldn't load texture data\models\vehicles\belaz\cab01_mt.dds for model cargov1.gam
E       DraftModel.cpp[1002]15/03 23:36:35 Error: Couldn't load texture data\models\vehicles\belaz\cab01_mt.dds for model cargov1.gam
E       DraftModel.cpp[1002]15/03 23:36:35 Error: Couldn't load texture data\models\vehicles\belaz\cab01_mt.dds for model cargov1.gam
E       DraftModel.cpp[1002]15/03 23:36:35 Error: Couldn't load texture data\models\vehicles\belaz\cab01_mt.dds for model cargov1.gam
E       DraftModel.cpp[1002]15/03 23:36:35 Error: Couldn't load texture data\models\vehicles\belaz\cab01_mt.dds for model cargov1.gam
E       DraftModel.cpp[1002]15/03 23:36:35 Error: Couldn't load texture data\models\vehicles\belaz\cab01_mt.dds for model cargov1.gam
E       DraftModel.cpp[1002]15/03 23:36:35 Error: Couldn't load texture data\models\vehicles\belaz\cab01_mt.dds for model cargov1.gam
E       DraftModel.cpp[1002]15/03 23:36:35 Error: Couldn't load texture data\models\vehicles\belaz\cab01_mt.dds for model cargov1.gam
E serverAnimatedModel.cpp[0627]15/03 23:37:05 ServerAnimatedModels: cannot read file: file:data\models\AnimModels.xml id = dweller_brodyaga
E serverAnimatedModel.cpp[0627]15/03 23:37:05 ServerAnimatedModels: cannot read file: file:data\models\AnimModels.xml id = mask_debik
E serverAnimatedModel.cpp[0627]15/03 23:37:05 ServerAnimatedModels: cannot read file: file:data\models\AnimModels.xml id = big_brock_wall
E serverAnimatedModel.cpp[0627]15/03 23:37:05 ServerAnimatedModels: cannot read file: file:data\models\AnimModels.xml id = dub1_r2
E serverAnimatedModel.cpp[0627]15/03 23:37:05 ServerAnimatedModels: cannot read file: file:data\models\AnimModels.xml id = boss_barrel
I serverAnimatedModel.cpp[0630]15/03 23:37:05 ### Total time: 64054, GAM time: 63260
I       DataServer.cpp[0587]15/03 23:37:05 Loading Servers: data\models\commonservers.xml
E      serverMusic.cpp[0216]15/03 23:37:05 MusicServer: cannot read file: data\music\music.xml id = 'LaBelleTown'
E      serverMusic.cpp[0216]15/03 23:37:05 MusicServer: cannot read file: data\music\music.xml id = 'block6_driving2'
I            world.cpp[0210]15/03 23:37:06 ----------------------- Servers loaded in: 65225
I            world.cpp[0338]15/03 23:37:06 LoadWorld begin...
I            world.cpp[0350]15/03 23:37:06 %%%% read/parse xml: 780
I            world.cpp[0362]15/03 23:37:11 %%%% read from xml: 4158
I            world.cpp[0444]15/03 23:37:11 %%%% link nodes: 242
I            world.cpp[0220]15/03 23:37:11 ----------------------- Nodes loaded in: 5205
I            world.cpp[0228]15/03 23:37:11 ----------------------- Prefabs loaded in: 0
I            world.cpp[0247]15/03 23:37:14 ----------------------- World loaded in: 74165
E        GamParser.cpp[0399]15/03 23:37:27 AnimatedModel::LoadGAM -- cannot open file data\models\roads\road_small_highway\small_highway_end.gam-
I      roadManager.cpp[0139]15/03 23:37:27 RoadManager error( model not loaded ): data\models\roads\road_small_highway\small_highway_end.gam-
I            world.cpp[0278]15/03 23:38:01 ----------------------- Roads loaded in: 47123
I           view32.cpp[1078]15/03 23:38:01 Load Server begin...
I            Reply.cpp[0415]15/03 23:38:02 Replies were loaded successfully from file data\if\diz\DialogsGlobal.xml
I            Reply.cpp[0415]15/03 23:38:02 Replies were loaded successfully from file data\if\diz\DynamicDialogsGlobal.xml
I            Reply.cpp[0343]15/03 23:38:02 RepliesManager was inited successfully
I    GameUiManager.cpp[1603]15/03 23:38:02 Interface: loading resources ...
I     ObjectsIcons.cpp[0198]15/03 23:38:25 ObjectsIcons::AddIcon warning - ico with id SpeedPointer already exists and wiil be replaced
I    GameUiManager.cpp[1603]15/03 23:38:31 Interface: loading resources ...
I   TruxxUiManager.cpp[0974]15/03 23:38:31 Interface: is loaded successfully
I           server.cpp[0789]15/03 23:38:31 AI: Loading Server...
I           server.cpp[0796]15/03 23:38:31 	AI: Loading Relationship
I     Relationship.cpp[0134]15/03 23:38:31 		 File readed
I           server.cpp[0801]15/03 23:38:31 	AI: Loading SoilProps
I           server.cpp[0804]15/03 23:38:31 	AI: Loading ExternalPaths
I           server.cpp[0807]15/03 23:38:31 	AI: Loading PlayerPassMap
I           server.cpp[0813]15/03 23:38:31 	AI: Loading GameObjects
I           server.cpp[0816]15/03 23:38:32 	AI: Initializing VehicleGeneratorInfoCache
I           server.cpp[0820]15/03 23:38:32 	AI: Refreshing GameObjects
E      VehiclePart.cpp[0138]15/03 23:38:32 Error: collision geom in vehicle part name = 'boss04station' is not BOX
E      VehiclePart.cpp[0138]15/03 23:38:33 Error: collision geom in vehicle part name = 'heavy_dot1' is not BOX
I           server.cpp[0824]15/03 23:38:33 	AI: Loading QuestStates
I       QuestState.cpp[0904]15/03 23:38:33 Quest 'Human1_Quest1' can be given now
I       QuestState.cpp[0904]15/03 23:38:33 Quest 'Human1_Quest2' can be given now
I       QuestState.cpp[0904]15/03 23:38:33 Quest 'BenGoodEnd' can be given now
I       QuestState.cpp[0904]15/03 23:38:33 Quest 'q_PlaceWithSign' can be given now
I       QuestState.cpp[0904]15/03 23:38:33 Quest 'r3m2_OracleMemory' can be given now
I       QuestState.cpp[0904]15/03 23:38:33 Quest 'r3m2_TalkWithLisa' can be given now
I       QuestState.cpp[0904]15/03 23:38:33 Quest 'r3m2_TalkWithBenAboutCarAfterOracul' can be given now
I       QuestState.cpp[0904]15/03 23:38:33 Quest 'r3m2_FindInfoAboutFather' can be given now
I       QuestState.cpp[0904]15/03 23:38:33 Quest 'r3m1_LureMainDriud' can be given now
I       QuestState.cpp[0904]15/03 23:38:33 Quest 'r3m1_ClearSanctuary' can be given now
I       QuestState.cpp[0904]15/03 23:38:33 Quest 'r3m1_KnowAboutUluk' can be given now
I       QuestState.cpp[0904]15/03 23:38:33 Quest 'r3m1_RescueUlukCivil' can be given now
I       QuestState.cpp[0904]15/03 23:38:33 Quest 'q_VisitDruid' can be given now
I       QuestState.cpp[0904]15/03 23:38:33 Quest 'r2m2_Znaki2_Quest' can be given now
I       QuestState.cpp[0904]15/03 23:38:33 Quest 'r2m2_HeadsHunterQuest' can be given now
I       QuestState.cpp[0904]15/03 23:38:33 Quest 'r2m2_OldDvigatel1_Quest' can be given now
I       QuestState.cpp[0904]15/03 23:38:33 Quest 'r2m2_OldDvigatel2_Quest' can be given now
I       QuestState.cpp[0904]15/03 23:38:33 Quest 'r2m2_FightFelix' can be given now
I       QuestState.cpp[0904]15/03 23:38:33 Quest 'r2m2_ReturnToMarecciaFromCastle' can be given now
I       QuestState.cpp[0904]15/03 23:38:33 Quest 'r2m2_FightWithAxelInArena_Quest' can be given now
I       QuestState.cpp[0904]15/03 23:38:33 Quest 'r2m2_FindLisAfterAxelAndFatherDie_Quest' can be given now
I       QuestState.cpp[0904]15/03 23:38:33 Quest 'r2m2_ToLisaToMonastir' can be given now
I       QuestState.cpp[0904]15/03 23:38:33 Quest 'r2m2_FightLisaToMonastir' can be given now
I       QuestState.cpp[0904]15/03 23:38:33 Quest 'r2m2_GiveDisk2ToOrakul' can be given now
I       QuestState.cpp[0904]15/03 23:38:33 Quest 'MrShlyapa3_Quest' can be given now
I       QuestState.cpp[0904]15/03 23:38:33 Quest 'r2m1_ArtAntipod_Quest' can be given now
I       QuestState.cpp[0904]15/03 23:38:33 Quest 'r2m1_TakeNarcotics_Quest' can be given now
I       QuestState.cpp[0904]15/03 23:38:33 Quest 'r2m1_KillGodFather_Quest' can be given now
I       QuestState.cpp[0904]15/03 23:38:33 Quest 'MrShlyapaSecret' can be given now
I       QuestState.cpp[0904]15/03 23:38:33 Quest 'd_GetSupportOneOfTheBands2_Quest' can be given now
I       QuestState.cpp[0904]15/03 23:38:33 Quest 'd_GetSupportOneOfTheBands1_Quest' can be given now
I       QuestState.cpp[0904]15/03 23:38:33 Quest 'd_FindVerbInAR_Quest' can be given now
I       QuestState.cpp[0904]15/03 23:38:33 Quest 'd_FindVerbInSNG_Quest' can be given now
I       QuestState.cpp[0904]15/03 23:38:33 Quest 'd_PatrulSideSNG_Quest' can be given now
I       QuestState.cpp[0904]15/03 23:38:33 Quest 'd_TakeGeneralOfBandits_Quest' can be given now
I       QuestState.cpp[0904]15/03 23:38:33 Quest 'r2m1_TW_AlienInShip' can be given now
I       QuestState.cpp[0904]15/03 23:38:33 Quest 'Podderzhka_Quest' can be given now
I       QuestState.cpp[0904]15/03 23:38:33 Quest 'Zashita_Quest' can be given now
I       QuestState.cpp[0904]15/03 23:38:33 Quest 'preEretik_Quest' can be given now
I       QuestState.cpp[0904]15/03 23:38:33 Quest 'ReturnQuest' can be given now
I       QuestState.cpp[0904]15/03 23:38:33 Quest 'd_FindVerbInAM_Quest' can be given now
I       QuestState.cpp[0904]15/03 23:38:33 Quest 'OdettIsDead_Quest' can be given now
I       QuestState.cpp[0904]15/03 23:38:33 Quest 'Disk2OrakulLisa' can be given now
I       QuestState.cpp[0904]15/03 23:38:33 Quest 'FindGomerB_Quest1' can be given now
I       QuestState.cpp[0904]15/03 23:38:33 Quest 'FreeExtremistLeader_Quest1' can be given now
I       QuestState.cpp[0904]15/03 23:38:33 Quest 'KillExtremist_Quest1' can be given now
I       QuestState.cpp[0904]15/03 23:38:33 Quest 'r1m4_TalkWithOldTraderAboutSecondDisk' can be given now
I       QuestState.cpp[0904]15/03 23:38:33 Quest 'q_FindHusbent' can be given now
I       QuestState.cpp[0904]15/03 23:38:33 Quest 'RybakToOlm_Quest' can be given now
I       QuestState.cpp[0904]15/03 23:38:33 Quest 'AnanagaTech_Quest' can be given now
I       QuestState.cpp[0904]15/03 23:38:33 Quest 'MrShlyapa2_Quest' can be given now
I       QuestState.cpp[0904]15/03 23:38:33 Quest 'ToCordanToTikhomir_Quest' can be given now
I       QuestState.cpp[0904]15/03 23:38:33 Quest 'r1m3_BonnyAndKlideQuest' can be given now
I       QuestState.cpp[0904]15/03 23:38:33 Quest 'r1m3_ArchHelp' can be given now
I       QuestState.cpp[0904]15/03 23:38:33 Quest 'r1m3_CrazyManQuest' can be given now
I       QuestState.cpp[0904]15/03 23:38:33 Quest 'r1m3_OldTownOutsiderCar2_Quest' can be given now
I       QuestState.cpp[0904]15/03 23:38:33 Quest 'FightForPesht' can be given now
I       QuestState.cpp[0904]15/03 23:38:33 Quest 'd_RideAcrossBase_Quest' can be given now
I       QuestState.cpp[0904]15/03 23:38:33 Quest 'd_GiveMoneyToBase_Quest' can be given now
I       QuestState.cpp[0904]15/03 23:38:33 Quest 'd_GetBomb_Quest' can be given now
I       QuestState.cpp[0904]15/03 23:38:33 Quest 'd_IntrigaOfMerMinin_Quest' can be given now
I       QuestState.cpp[0904]15/03 23:38:33 Quest 'd_MoveFreelancersToOilMine_Quest' can be given now
I       QuestState.cpp[0904]15/03 23:38:33 Quest 'd_MoveCanistraToMinin_Quest' can be given now
I       QuestState.cpp[0904]15/03 23:38:33 Quest 'd_OpenTunel_Quest' can be given now
I       QuestState.cpp[0904]15/03 23:38:33 Quest 'r1m3_TalkWithThiefFromFatherHouse' can be given now
I       QuestState.cpp[0904]15/03 23:38:33 Quest 'r1m3_MoveToOraculAfterThief' can be given now
I       QuestState.cpp[0904]15/03 23:38:33 Quest 'r1m3_ToLisaToAsgard' can be given now
I       QuestState.cpp[0904]15/03 23:38:33 Quest 'r1m3_TW_OralceAboutAlien' can be given now
I       QuestState.cpp[0904]15/03 23:38:33 Quest 'r1m3_DestroyRadiationSource' can be given now
I       QuestState.cpp[0904]15/03 23:38:33 Quest 'r2m1_DestroyAlienShip' can be given now
I       QuestState.cpp[0904]15/03 23:38:33 Quest 'd_PayWorkersMoney_Quest' can be given now
I       QuestState.cpp[0904]15/03 23:38:33 Quest 'r2m1_TW_SellsCivilian' can be given now
I       QuestState.cpp[0904]15/03 23:38:33 Quest 'MorskieVrata2_Quest' can be given now
I       QuestState.cpp[0904]15/03 23:38:33 Quest 'Zachisti1_Quest' can be given now
I       QuestState.cpp[0904]15/03 23:38:33 Quest 'LisaVPeshte' can be given now
I       QuestState.cpp[0904]15/03 23:38:33 Quest 'LisaUBena' can be given now
I       QuestState.cpp[0904]15/03 23:38:33 Quest 'WhereSigns_Quest' can be given now
I       QuestState.cpp[0904]15/03 23:38:33 Quest 'CombatInKollizey_Quest' can be given now
I       QuestState.cpp[0904]15/03 23:38:33 Quest 'BuyKollizey_Quest' can be given now
I       QuestState.cpp[0904]15/03 23:38:33 Quest 'Kollizey_Quest' can be given now
I       QuestState.cpp[0904]15/03 23:38:33 Quest 'HelpRuins_Quest' can be given now
I       QuestState.cpp[0904]15/03 23:38:33 Quest 'DestroyRuins_Quest' can be given now
I       QuestState.cpp[0904]15/03 23:38:33 Quest 'DestroyRuins2_Quest' can be given now
I       QuestState.cpp[0904]15/03 23:38:33 Quest 'Signs_Quest' can be given now
I       QuestState.cpp[0904]15/03 23:38:33 Quest 'MrShlyapa1_Quest' can be given now
I       QuestState.cpp[0904]15/03 23:38:33 Quest 'FindBen2_Quest' can be given now
I       QuestState.cpp[0904]15/03 23:38:33 Quest 'd_FindHouseOfBen_Quest' can be given now
I       QuestState.cpp[0904]15/03 23:38:33 Quest 'r1m2_TW_BanAboutAlien' can be given now
I       QuestState.cpp[0904]15/03 23:38:33 Quest 'r1m3_DestroyOracle' can be given now
I       QuestState.cpp[0904]15/03 23:38:33 Quest 'Pomiritsa_Quest' can be given now
I       QuestState.cpp[0904]15/03 23:38:33 Quest 'VYar_Quest' can be given now
I       QuestState.cpp[0904]15/03 23:38:33 Quest 'FindBenMZ_Quest' can be given now
I       QuestState.cpp[0904]15/03 23:38:33 Quest 'QuickFindBen' can be given now
I       QuestState.cpp[0904]15/03 23:38:33 Quest 'OpenMid_Quest' can be given now
I       QuestState.cpp[0904]15/03 23:38:33 Quest 'TalkBeforeDesert' can be given now
I       QuestState.cpp[0904]15/03 23:38:33 Quest 'ZashitaGotova' can be given now
I       QuestState.cpp[0904]15/03 23:38:33 Quest 'FakeQuest1' can be given now
I       QuestState.cpp[0904]15/03 23:38:33 Quest 'Chehly_Quest' can be given now
I       QuestState.cpp[0904]15/03 23:38:33 Quest 'WorkGiver_Quest1' can be given now
I       QuestState.cpp[0904]15/03 23:38:33 Quest 'd_PunishBandits_Quest' can be given now
I       QuestState.cpp[0904]15/03 23:38:33 Quest 'r1m1_Hospital_Quest' can be given now
I       QuestState.cpp[0904]15/03 23:38:33 Quest 'r1m1_Botanik_Quest' can be given now
I       QuestState.cpp[0904]15/03 23:38:33 Quest 'r1m1_FindBotanik_Quest' can be given now
I       QuestState.cpp[0904]15/03 23:38:33 Quest 'Buyer_Quest1' can be given now
I       QuestState.cpp[0904]15/03 23:38:33 Quest 'FirstTimePlay' can be given now
I       QuestState.cpp[0904]15/03 23:38:33 Quest 'TalkWithFather_Quest' can be given now
I       QuestState.cpp[0904]15/03 23:38:33 Quest 'LisaAtSouth' can be given now
I       QuestState.cpp[0904]15/03 23:38:33 Quest 'FindBen_Quest' can be given now
I       QuestState.cpp[0904]15/03 23:38:33 Quest 'FindBenAgain_Quest' can be given now
I       QuestState.cpp[0904]15/03 23:38:33 Quest 'd_SinFather_Quest' can be given now
I       QuestState.cpp[0904]15/03 23:38:33 Quest 'TalkToVasily' can be given now
I       QuestState.cpp[0904]15/03 23:38:33 Quest 'CheckTheEast' can be given now
I       QuestState.cpp[0904]15/03 23:38:33 Quest 'BenSouth_Quest' can be given now
I           server.cpp[0826]15/03 23:38:33 	AI: QuestStates loaded
I           server.cpp[0828]15/03 23:38:33 	AI: Loading DynamicScene
I     DynamicScene.cpp[1470]15/03 23:38:33 		 Scene loading begin
E     DynamicScene.cpp[1589]15/03 23:38:33 Attempting to load object Father of prototype NPC, but an object with this name already exists!
I     DynamicScene.cpp[1472]15/03 23:38:33 		 Scene loading end
I           server.cpp[0837]15/03 23:38:33 	AI: DynamicScene loaded
I           server.cpp[0852]15/03 23:38:33 	AI: Loading Triggers
I           server.cpp[0855]15/03 23:38:33 	AI: Triggers loaded
I           server.cpp[0857]15/03 23:38:33 	AI: Loading Object Names
I           server.cpp[0868]15/03 23:38:34 	AI: Initing Player
I           server.cpp[0888]15/03 23:38:34 		Before first Update
I DynamicQuestManager.cpp[0089]15/03 23:38:34 DynamicQuestReach id = 4803 prototype = 'dynamicQuestReach' created
I DynamicQuestManager.cpp[0090]15/03 23:38:34 targetName = 'Namrole', hirerName = 'Namlea', reward = 250
E              Gun.cpp[0866]15/03 23:38:34 Error: LoadPoint not found: LP_GUN for MinePusher id = 4804 prototype = 'minePusher', modelName = minoYkladchiK
E              Gun.cpp[0866]15/03 23:38:34 Error: LoadPoint not found: LP_GUN for MinePusher id = 4805 prototype = 'minePusher', modelName = minoYkladchiK
E              Gun.cpp[0866]15/03 23:38:34 Error: LoadPoint not found: LP_GUN for MinePusher id = 4806 prototype = 'minePusher', modelName = minoYkladchiK
E              Gun.cpp[0866]15/03 23:38:34 Error: LoadPoint not found: LP_GUN for MinePusher id = 4807 prototype = 'minePusher', modelName = minoYkladchiK
E              Gun.cpp[0866]15/03 23:38:34 Error: LoadPoint not found: LP_GUN for MinePusher id = 4808 prototype = 'minePusher', modelName = minoYkladchiK
E              Gun.cpp[0866]15/03 23:38:34 Error: LoadPoint not found: LP_GUN for MinePusher id = 4809 prototype = 'minePusher', modelName = minoYkladchiK
E              Gun.cpp[0866]15/03 23:38:34 Error: LoadPoint not found: LP_GUN for MinePusher id = 4810 prototype = 'minePusher', modelName = minoYkladchiK
E              Gun.cpp[0866]15/03 23:38:34 Error: LoadPoint not found: LP_GUN for MinePusher id = 4811 prototype = 'minePusher', modelName = minoYkladchiK
E              Gun.cpp[0866]15/03 23:38:34 Error: LoadPoint not found: LP_GUN for MinePusher id = 4812 prototype = 'minePusher', modelName = minoYkladchiK
E              Gun.cpp[0866]15/03 23:38:34 Error: LoadPoint not found: LP_GUN for MinePusher id = 4813 prototype = 'minePusher', modelName = minoYkladchiK
E              Gun.cpp[0866]15/03 23:38:34 Error: LoadPoint not found: LP_GUN for MinePusher id = 4814 prototype = 'minePusher', modelName = minoYkladchiK
E              Gun.cpp[0866]15/03 23:38:34 Error: LoadPoint not found: LP_GUN for MinePusher id = 4815 prototype = 'minePusher', modelName = minoYkladchiK
E              Gun.cpp[0866]15/03 23:38:34 Error: LoadPoint not found: LP_GUN for MinePusher id = 4816 prototype = 'minePusher', modelName = minoYkladchiK
E              Gun.cpp[0866]15/03 23:38:34 Error: LoadPoint not found: LP_GUN for MinePusher id = 4817 prototype = 'minePusher', modelName = minoYkladchiK
E              Gun.cpp[0866]15/03 23:38:34 Error: LoadPoint not found: LP_GUN for MinePusher id = 4818 prototype = 'minePusher', modelName = minoYkladchiK
E              Gun.cpp[0866]15/03 23:38:34 Error: LoadPoint not found: LP_GUN for MinePusher id = 4819 prototype = 'minePusher', modelName = minoYkladchiK
E              Gun.cpp[0866]15/03 23:38:34 Error: LoadPoint not found: LP_GUN for MinePusher id = 4820 prototype = 'minePusher', modelName = minoYkladchiK
E              Gun.cpp[0866]15/03 23:38:34 Error: LoadPoint not found: LP_GUN for MinePusher id = 4821 prototype = 'minePusher', modelName = minoYkladchiK
E              Gun.cpp[0866]15/03 23:38:34 Error: LoadPoint not found: LP_GUN for MinePusher id = 4822 prototype = 'minePusher', modelName = minoYkladchiK
E              Gun.cpp[0866]15/03 23:38:34 Error: LoadPoint not found: LP_GUN for MinePusher id = 4823 prototype = 'minePusher', modelName = minoYkladchiK
E              Gun.cpp[0866]15/03 23:38:34 Error: LoadPoint not found: LP_GUN for MinePusher id = 4824 prototype = 'minePusher', modelName = minoYkladchiK
E              Gun.cpp[0866]15/03 23:38:34 Error: LoadPoint not found: LP_GUN for MinePusher id = 4825 prototype = 'minePusher', modelName = minoYkladchiK
E              Gun.cpp[0866]15/03 23:38:34 Error: LoadPoint not found: LP_GUN for MinePusher id = 4826 prototype = 'minePusher', modelName = minoYkladchiK
E              Gun.cpp[0866]15/03 23:38:34 Error: LoadPoint not found: LP_GUN for MinePusher id = 4827 prototype = 'minePusher', modelName = minoYkladchiK
I DynamicQuestManager.cpp[0089]15/03 23:38:34 DynamicQuestReach id = 4828 prototype = 'dynamicQuestReach' created
I DynamicQuestManager.cpp[0090]15/03 23:38:34 targetName = 'Namlea', hirerName = 'Kendari', reward = 250
E              Gun.cpp[0866]15/03 23:38:34 Error: LoadPoint not found: LP_GUN for MinePusher id = 4829 prototype = 'minePusher', modelName = minoYkladchiK
E              Gun.cpp[0866]15/03 23:38:34 Error: LoadPoint not found: LP_GUN for MinePusher id = 4830 prototype = 'minePusher', modelName = minoYkladchiK
E              Gun.cpp[0866]15/03 23:38:34 Error: LoadPoint not found: LP_GUN for MinePusher id = 4831 prototype = 'minePusher', modelName = minoYkladchiK
E              Gun.cpp[0866]15/03 23:38:34 Error: LoadPoint not found: LP_GUN for MinePusher id = 4832 prototype = 'minePusher', modelName = minoYkladchiK
E              Gun.cpp[0866]15/03 23:38:34 Error: LoadPoint not found: LP_GUN for MinePusher id = 4833 prototype = 'minePusher', modelName = minoYkladchiK
E              Gun.cpp[0866]15/03 23:38:34 Error: LoadPoint not found: LP_GUN for MinePusher id = 4834 prototype = 'minePusher', modelName = minoYkladchiK
E              Gun.cpp[0866]15/03 23:38:34 Error: LoadPoint not found: LP_GUN for MinePusher id = 4835 prototype = 'minePusher', modelName = minoYkladchiK
E              Gun.cpp[0866]15/03 23:38:34 Error: LoadPoint not found: LP_GUN for MinePusher id = 4836 prototype = 'minePusher', modelName = minoYkladchiK
E              Gun.cpp[0866]15/03 23:38:34 Error: LoadPoint not found: LP_GUN for MinePusher id = 4837 prototype = 'minePusher', modelName = minoYkladchiK
E              Gun.cpp[0866]15/03 23:38:34 Error: LoadPoint not found: LP_GUN for MinePusher id = 4838 prototype = 'minePusher', modelName = minoYkladchiK
E              Gun.cpp[0866]15/03 23:38:34 Error: LoadPoint not found: LP_GUN for MinePusher id = 4839 prototype = 'minePusher', modelName = minoYkladchiK
E              Gun.cpp[0866]15/03 23:38:34 Error: LoadPoint not found: LP_GUN for MinePusher id = 4840 prototype = 'minePusher', modelName = minoYkladchiK
I DynamicQuestManager.cpp[0089]15/03 23:38:34 DynamicQuestReach id = 4841 prototype = 'dynamicQuestReach' created
I DynamicQuestManager.cpp[0090]15/03 23:38:34 targetName = 'Namrole', hirerName = 'Base_91', reward = 250
E              Gun.cpp[0866]15/03 23:38:34 Error: LoadPoint not found: LP_GUN for MinePusher id = 4844 prototype = 'minePusher', modelName = minoYkladchiK
E              Gun.cpp[0866]15/03 23:38:34 Error: LoadPoint not found: LP_GUN for MinePusher id = 4845 prototype = 'minePusher', modelName = minoYkladchiK
E              Gun.cpp[0866]15/03 23:38:34 Error: LoadPoint not found: LP_GUN for MinePusher id = 4864 prototype = 'minePusher', modelName = minoYkladchiK
E              Gun.cpp[0866]15/03 23:38:34 Error: LoadPoint not found: LP_GUN for MinePusher id = 4865 prototype = 'minePusher', modelName = minoYkladchiK
I           server.cpp[0909]15/03 23:38:34 		After first Update
I           server.cpp[0911]15/03 23:38:34 AI: Finished Loading Server
I           view32.cpp[1106]15/03 23:38:34 Load server end
I        QuestInfo.cpp[0847]15/03 23:38:34 Quest infos were loaded successfully from file data\if\diz\QuestInfoGlobal.xml
I        QuestInfo.cpp[0783]15/03 23:38:34 QuestInfo manager was inited successfully
I    GameUiManager.cpp[0303]15/03 23:38:34 Interface: is initializing...
I    GameUiManager.cpp[0395]15/03 23:38:34 Interface: is inited successfully
I     GlobalMapWnd.cpp[0157]15/03 23:38:34 Make control error: control mainmenu_ico is not found or incorrect type
I     GlobalMapWnd.cpp[0157]15/03 23:38:34 Make control error: control r1m8_ico is not found or incorrect type
I     GlobalMapWnd.cpp[0157]15/03 23:38:34 Make control error: control r1m7_ico is not found or incorrect type
I     GlobalMapWnd.cpp[0157]15/03 23:38:34 Make control error: control r4m0_ico is not found or incorrect type
I     GlobalMapWnd.cpp[0157]15/03 23:38:34 Make control error: control r8m1_ico is not found or incorrect type
I     GlobalMapWnd.cpp[0157]15/03 23:38:34 Make control error: control r11m1_ico is not found or incorrect type
I     GlobalMapWnd.cpp[0203]15/03 23:38:34 GlobalMapWnd: error - fail to init because of a bad resource
I blockMusicManager.cpp[0185]15/03 23:38:34 BlockMusicManager: start playing new music: blockNum = 19, musicType = 0, name = 'r11_2_driving'
I       console_string[0234]15/03 23:38:48 ---------------------- CHEAT WAS USED --------- ANTICHEAT -----------------
I        FadingMsg.cpp[0199]15/03 23:38:48 Fading message: '@FFFF1493Обнаружено использование чит-кодов. Система достижений @FFFF0000ЗАБЛОКИРОВАНА. @FFFF1493В техподдержке @FFFF0000ОТКАЗАНО.'
I        FadingMsg.cpp[0199]15/03 23:38:49 Fading message: '@FFFF1493Обнаружено использование чит-кодов. Система достижений @FFFF0000ЗАБЛОКИРОВАНА. @FFFF1493В техподдержке @FFFF0000ОТКАЗАНО.'
I        FadingMsg.cpp[0199]15/03 23:38:49 Fading message: 'Нажмите гудок (%1m) для въезда в город'
I       console_string[0234]15/03 23:39:07 ---------------------- CHEAT WAS USED --------- ANTICHEAT -----------------
I        FadingMsg.cpp[0199]15/03 23:39:07 Fading message: '@FFFF1493Обнаружено использование чит-кодов. Система достижений @FFFF0000ЗАБЛОКИРОВАНА. @FFFF1493В техподдержке @FFFF0000ОТКАЗАНО.'
I        FadingMsg.cpp[0199]15/03 23:39:07 Fading message: '@FFFF1493Обнаружено использование чит-кодов. Система достижений @FFFF0000ЗАБЛОКИРОВАНА. @FFFF1493В техподдержке @FFFF0000ОТКАЗАНО.'
I        FadingMsg.cpp[0199]15/03 23:39:07 Fading message: 'Вы получили %1d монет!'
I townMusicManager.cpp[0096]15/03 23:39:08 TownMusicManager: start playing new music: 'Indo_town1'
I     DynamicQuest.cpp[0279]15/03 23:39:29 Dynamic quest id 4803 status changed to PROCESSING
I blockMusicManager.cpp[0199]15/03 23:39:32 BlockMusicManager: resetting
I blockMusicManager.cpp[0185]15/03 23:39:32 BlockMusicManager: start playing new music: blockNum = 18, musicType = 0, name = 'r11_1_driving'
I     DynamicQuest.cpp[0279]15/03 23:40:05 Dynamic quest id 4803 status changed to COMPLETE
I        FadingMsg.cpp[0199]15/03 23:40:05 Fading message: 'Вы получили %1d монет!'
I        FadingMsg.cpp[0199]15/03 23:40:05 Fading message: 'Вы выполнили задание "%1s"'
I        FadingMsg.cpp[0199]15/03 23:40:05 Fading message: 'Нажмите гудок (%1m) для въезда в город'
I DynamicQuestManager.cpp[0089]15/03 23:40:05 DynamicQuestHunt id = 21223 prototype = 'dynamicQuestHunt' created
I DynamicQuestManager.cpp[0090]15/03 23:40:05 targetName = 'PlayerVehicle_0_0', hirerName = 'Namlea', reward = 180396
I townMusicManager.cpp[0096]15/03 23:40:07 TownMusicManager: start playing new music: 'Indo_town3'
I blockMusicManager.cpp[0199]15/03 23:40:20 BlockMusicManager: resetting
I blockMusicManager.cpp[0185]15/03 23:40:20 BlockMusicManager: start playing new music: blockNum = 18, musicType = 0, name = 'r11_1_driving'
I        FadingMsg.cpp[0199]15/03 23:41:34 Fading message: 'Нажмите гудок (%1m) для въезда в город'
I townMusicManager.cpp[0096]15/03 23:41:37 TownMusicManager: start playing new music: 'Indo_town2'
I     DynamicQuest.cpp[0279]15/03 23:41:48 Dynamic quest id 4828 status changed to PROCESSING
I blockMusicManager.cpp[0199]15/03 23:41:49 BlockMusicManager: resetting
I blockMusicManager.cpp[0185]15/03 23:41:49 BlockMusicManager: start playing new music: blockNum = 18, musicType = 0, name = 'r11_1_driving'
I     DynamicQuest.cpp[0279]15/03 23:42:49 Dynamic quest id 4828 status changed to COMPLETE
I        FadingMsg.cpp[0199]15/03 23:42:49 Fading message: 'Вы получили %1d монет!'
I        FadingMsg.cpp[0199]15/03 23:42:49 Fading message: 'Вы выполнили задание "%1s"'
I        FadingMsg.cpp[0199]15/03 23:42:49 Fading message: 'Нажмите гудок (%1m) для въезда в город'
I DynamicQuestManager.cpp[0089]15/03 23:42:49 DynamicQuestHunt id = 21221 prototype = 'dynamicQuestHunt' created
I DynamicQuestManager.cpp[0090]15/03 23:42:49 targetName = 'PlayerVehicle_0_0', hirerName = 'Kendari', reward = 180397
I        FadingMsg.cpp[0199]15/03 23:44:18 Fading message: 'Нажмите (%1m), чтобы поднять груз'
I        FadingMsg.cpp[0199]15/03 23:44:27 Fading message: 'Нажмите (%1m), чтобы поднять груз'
I        FadingMsg.cpp[0199]15/03 23:44:57 Fading message: 'Нажмите (%1m), чтобы поднять груз'
I        FadingMsg.cpp[0199]15/03 23:45:48 Fading message: 'Нажмите (%1m), чтобы поднять груз'
I        FadingMsg.cpp[0199]15/03 23:46:06 Fading message: 'Чуть в глаз не попал!'
I        FadingMsg.cpp[0199]15/03 23:46:40 Fading message: 'Нажмите (%1m), чтобы поднять груз'
I             util.cpp[0423]15/03 23:47:25 Maximum joint count reached: 21
I        FadingMsg.cpp[0199]15/03 23:47:47 Fading message: 'Нажмите (%1m), чтобы поднять груз'
I        FadingMsg.cpp[0199]15/03 23:49:38 Fading message: 'Нажмите гудок (%1m) для въезда в город'
I townMusicManager.cpp[0096]15/03 23:49:41 TownMusicManager: start playing new music: 'Indo_town3'
I blockMusicManager.cpp[0199]15/03 23:50:13 BlockMusicManager: resetting
I blockMusicManager.cpp[0185]15/03 23:50:13 BlockMusicManager: start playing new music: blockNum = 19, musicType = 0, name = 'r11_2_driving'
I        FadingMsg.cpp[0199]15/03 23:51:51 Fading message: 'Нажмите гудок (%1m) для въезда в город'
I   TruxxUiManager.cpp[1422]15/03 23:51:52 Game mode changed. Old mode = 0, new mode = 1
I   TruxxUiManager.cpp[1422]15/03 23:51:53 Game mode changed. Old mode = 1, new mode = 0
I   TruxxUiManager.cpp[1422]15/03 23:51:53 Game mode changed. Old mode = 0, new mode = 0
I townMusicManager.cpp[0096]15/03 23:51:53 TownMusicManager: start playing new music: 'military_town1'
I     DynamicQuest.cpp[0279]15/03 23:52:13 Dynamic quest id 4841 status changed to PROCESSING
I blockMusicManager.cpp[0199]15/03 23:52:16 BlockMusicManager: resetting
I   TruxxUiManager.cpp[1422]15/03 23:52:16 Game mode changed. Old mode = 0, new mode = 1
I blockMusicManager.cpp[0185]15/03 23:52:16 BlockMusicManager: start playing new music: blockNum = 19, musicType = 0, name = 'r11_2_driving'
I   TruxxUiManager.cpp[1422]15/03 23:52:16 Game mode changed. Old mode = 1, new mode = 0
I     DynamicQuest.cpp[0279]15/03 23:53:23 Dynamic quest id 4841 status changed to COMPLETE
I        FadingMsg.cpp[0199]15/03 23:53:23 Fading message: 'Вы получили %1d монет!'
I        FadingMsg.cpp[0199]15/03 23:53:23 Fading message: 'Вы выполнили задание "%1s"'
I        FadingMsg.cpp[0199]15/03 23:53:23 Fading message: 'Нажмите гудок (%1m) для въезда в город'
I DynamicQuestManager.cpp[0089]15/03 23:53:23 DynamicQuestHunt id = 234202 prototype = 'dynamicQuestHunt' created
I DynamicQuestManager.cpp[0090]15/03 23:53:23 targetName = 'PlayerVehicle_0_0', hirerName = 'Base_91', reward = 179599
I townMusicManager.cpp[0096]15/03 23:53:29 TownMusicManager: start playing new music: 'Indo_town3'
I blockMusicManager.cpp[0199]15/03 23:54:10 BlockMusicManager: resetting
I blockMusicManager.cpp[0185]15/03 23:54:10 BlockMusicManager: start playing new music: blockNum = 18, musicType = 0, name = 'r11_1_driving'
I        FadingMsg.cpp[0199]15/03 23:56:08 Fading message: 'Нажмите гудок (%1m) для въезда в город'
I townMusicManager.cpp[0096]15/03 23:56:12 TownMusicManager: start playing new music: 'Indo_town2'
I     DynamicQuest.cpp[0279]15/03 23:56:39 Dynamic quest id 21221 status changed to PROCESSING
I blockMusicManager.cpp[0199]15/03 23:56:56 BlockMusicManager: resetting
I        FadingMsg.cpp[0199]15/03 23:56:56 Fading message: 'Наступила ночь.'
I blockMusicManager.cpp[0185]15/03 23:56:56 BlockMusicManager: start playing new music: blockNum = 19, musicType = 0, name = 'r11_2_driving'
I        FadingMsg.cpp[0199]15/03 23:57:56 Fading message: 'Нажмите гудок (%1m) для въезда в город'
I townMusicManager.cpp[0096]15/03 23:57:57 TownMusicManager: start playing new music: 'Indo_town1'
I blockMusicManager.cpp[0199]16/03 00:00:13 BlockMusicManager: resetting
I blockMusicManager.cpp[0185]16/03 00:00:13 BlockMusicManager: start playing new music: blockNum = 18, musicType = 0, name = 'r11_1_driving'
I        FadingMsg.cpp[0199]16/03 00:00:41 Fading message: 'Нажмите гудок (%1m) для въезда в город'
I townMusicManager.cpp[0096]16/03 00:00:44 TownMusicManager: start playing new music: 'Indo_town3'
I blockMusicManager.cpp[0199]16/03 00:00:54 BlockMusicManager: resetting
I blockMusicManager.cpp[0185]16/03 00:00:54 BlockMusicManager: start playing new music: blockNum = 18, musicType = 0, name = 'r11_1_driving'
I townMusicManager.cpp[0096]16/03 00:00:55 TownMusicManager: start playing new music: 'Indo_town3'
I blockMusicManager.cpp[0199]16/03 00:01:20 BlockMusicManager: resetting
I blockMusicManager.cpp[0185]16/03 00:01:20 BlockMusicManager: start playing new music: blockNum = 18, musicType = 0, name = 'r11_1_driving'
I        FadingMsg.cpp[0199]16/03 00:01:41 Fading message: 'Нажмите гудок (%1m) для въезда в город'
I         gamemenu.cpp[0283]16/03 00:04:10 Quit to Windows
I           view32.cpp[0815]16/03 00:04:11 --- Done Media ---
I    GameUiManager.cpp[0405]16/03 00:04:11 Interface: is clearing...
I    GameUiManager.cpp[0495]16/03 00:04:11 Interface: is cleared successfully
I    GameUiManager.cpp[0257]16/03 00:04:11 Interface: done...
I    GameUiManager.cpp[1580]16/03 00:04:11 Interface: clearing resource infos ...
I    GameUiManager.cpp[0292]16/03 00:04:11 Interface: is done
I           view32.cpp[0843]16/03 00:04:11 --- Done Media: Ok ---
I           m3dapp.cpp[1343]16/03 00:04:11 snd: Deleting Sound...
I           m3dapp.cpp[1343]16/03 00:04:11 snd: Stopping all sounds in FMOD...
I           m3dapp.cpp[1343]16/03 00:04:11 snd: Closing FMOD...
I           m3dapp.cpp[1343]16/03 00:04:11 snd: Deleting all sounds...
I           m3dapp.cpp[1343]16/03 00:04:11 snd: 	Stopping all sounds
I           m3dapp.cpp[1343]16/03 00:04:11 snd: 	Deleting all sounds from table
I           m3dapp.cpp[1343]16/03 00:04:12 snd: 	Sounds deleted
I           m3dapp.cpp[1343]16/03 00:04:12 snd: Sound is uninstalled
I      gameimpulse.cpp[0618]16/03 00:04:12 Key bindings: unbind all is done
I      gameimpulse.cpp[0343]16/03 00:04:12 Key bindings: is done
----------------------------------------------- Log ends on Thu Mar 16 00:04:12 2023 -----------------------------------------------




