---------------------------------------------- Log begins on Sun Apr 02 19:50:17 2023 ----------------------------------------------
I           m3dapp.cpp[0088]02/04 19:50:17 Starting up...
I           m3dapp.cpp[1498]02/04 19:50:17 ExMachina - release version release build v1.02 (Dec 21 2005 12:15:10)
I      Stackwalker.cpp[0608]02/04 19:50:17 Stackwalker: log file name will be 'd:/games/ex machina mods/exmachina gm.mod sdk new/exceptions/hta.exe0002.log'
I      Stackwalker.cpp[0609]02/04 19:50:17 Stackwalker: dump file name will be 'd:/games/ex machina mods/exmachina gm.mod sdk new/exceptions/hta.exe0002.dmp'
I      Stackwalker.cpp[0610]02/04 19:50:17 Stackwalker: game log file name will be 'd:/games/ex machina mods/exmachina gm.mod sdk new/exceptions/hta.exe0002_game.log'
I           m3dapp.cpp[1391]02/04 19:50:17 Path: D:\Games\EX Machina Mods\ExMachina GM.mod SDK new
I           m3dapp.cpp[1392]02/04 19:50:17 Exe: D:\Games\EX Machina Mods\ExMachina GM.mod SDK new\hta.exe
I           m3dapp.cpp[1401]02/04 19:50:17 Windows version: 6.1.7601
I           m3dapp.cpp[1410]02/04 19:50:17 Computer name: RIVER-PC
I           m3dapp.cpp[1430]02/04 19:50:17 Cpu: GenuineIntel
I           m3dapp.cpp[1434]02/04 19:50:17 Cpu clock: ~1596
I           m3dapp.cpp[1459]02/04 19:50:17 Processor is mmx able
I           m3dapp.cpp[1470]02/04 19:50:17 Physical memory: 2047 MB
I           m3dapp.cpp[1471]02/04 19:50:17 Total memory:    4095 MB
I           m3dapp.cpp[1472]02/04 19:50:17 Physical memory available: 2047 MB
I           m3dapp.cpp[1473]02/04 19:50:17 Total memory available:    1914 MB
I           m3dapp.cpp[2846]02/04 19:50:17 SetCodepage -- using codepage 1251 '1251  (ANSI - кириллица)'
I           m3dapp.cpp[2154]02/04 19:50:17 NOTE! renderer is bind to dxrender9.dll
I           m3dapp.cpp[1336]02/04 19:50:17 d3d: Given device behavior: 80
I           m3dapp.cpp[1336]02/04 19:50:17 d3d: Confirmed device behavior: 80
I           m3dapp.cpp[1336]02/04 19:50:17 d3d: Description: Intel(R) HD Graphics Family
I           m3dapp.cpp[1336]02/04 19:50:17 d3d: Driver:      igdumdx32.dll
I           m3dapp.cpp[1336]02/04 19:50:17 d3d: VendorId:    0x8086
I           m3dapp.cpp[1336]02/04 19:50:17 d3d: DeviceId:    0x106
I           m3dapp.cpp[1336]02/04 19:50:17 d3d: SubSysId:    0x3672103c
I           m3dapp.cpp[1336]02/04 19:50:17 d3d: Revision:    9
I           m3dapp.cpp[1336]02/04 19:50:17 d3d: Driver version info:
I           m3dapp.cpp[1336]02/04 19:50:17 d3d:   Product:    8
I           m3dapp.cpp[1336]02/04 19:50:17 d3d:   Version:    15
I           m3dapp.cpp[1336]02/04 19:50:17 d3d:   SubVersion: 10
I           m3dapp.cpp[1336]02/04 19:50:17 d3d:   Build:      2622
I           m3dapp.cpp[1336]02/04 19:50:17 d3d: WHQLLevel:    0
I           m3dapp.cpp[1336]02/04 19:50:17 d3d: Texture max size: 8192x8192
I           m3dapp.cpp[1336]02/04 19:50:17 d3d: Guard band: (-8192.000,-8192.000,8192.000,8192.000)
I           m3dapp.cpp[1336]02/04 19:50:17 d3d: MaxTextureBlendStages: 8
I           m3dapp.cpp[1336]02/04 19:50:17 d3d: MaxSimultaneousTextures: 8
I           m3dapp.cpp[1336]02/04 19:50:17 d3d: MaxActiveLights: 10
I           m3dapp.cpp[1336]02/04 19:50:17 d3d: MaxUserClipPlanes: 6
I           m3dapp.cpp[1336]02/04 19:50:17 d3d: VertexShaderVersion: 0xfffe0300
I           m3dapp.cpp[1336]02/04 19:50:17 d3d: PixelShaderVersion: 0xffff0300
I           m3dapp.cpp[1336]02/04 19:50:17 d3d: Geometry instancing: supported
I           m3dapp.cpp[1336]02/04 19:50:17 d3d: Depth bias supported: yes
I           m3dapp.cpp[1336]02/04 19:50:17 d3d: Slope-scale based depth bias supported: yes
I           m3dapp.cpp[1336]02/04 19:50:17 d3d: HwRasterization: true
I           m3dapp.cpp[1336]02/04 19:50:17 d3d: HwTnL: true
I           m3dapp.cpp[1336]02/04 19:50:17 d3d: PureDevice: true
I           m3dapp.cpp[1336]02/04 19:50:17 d3d: CubeMap: true
I           m3dapp.cpp[1336]02/04 19:50:17 d3d: VolumeMap: true
I           m3dapp.cpp[1336]02/04 19:50:17 d3d: TextureAddressCaps:
I           m3dapp.cpp[1336]02/04 19:50:17 d3d: 	wrap: true
I           m3dapp.cpp[1336]02/04 19:50:17 d3d: 	clamp: true
I           m3dapp.cpp[1336]02/04 19:50:17 d3d: 	border: true
I           m3dapp.cpp[1336]02/04 19:50:17 d3d: Projective textures: true
I           m3dapp.cpp[1336]02/04 19:50:17 d3d: MaxPointSize: 256.000
I           m3dapp.cpp[1336]02/04 19:50:17 d3d: MaxPrimitiveCount: 1048575
I           m3dapp.cpp[1336]02/04 19:50:17 d3d: MaxVertexIndex: 16777215
I           m3dapp.cpp[1336]02/04 19:50:17 d3d: MaxStreams: 16
I           m3dapp.cpp[1336]02/04 19:50:17 d3d: MaxStreamsStride: 255
I           m3dapp.cpp[1336]02/04 19:50:17 d3d: MaxAnisotropy: 16
I           m3dapp.cpp[1336]02/04 19:50:17 d3d: MaxVertexBlendMatrices: 4
I           m3dapp.cpp[1336]02/04 19:50:17 d3d: MaxVertexBlendMatrixIndex: 8
I           m3dapp.cpp[1336]02/04 19:50:17 d3d: FullScreenGamma: true
I           m3dapp.cpp[1336]02/04 19:50:17 d3d: COLORWRITEENABLE: true
I           m3dapp.cpp[1336]02/04 19:50:17 d3d: MASKZ: true
I           m3dapp.cpp[1336]02/04 19:50:17 d3d: BLENDOP: true
I           m3dapp.cpp[1336]02/04 19:50:17 d3d: CLIPPLANESCALEDPOINTS: false
I           m3dapp.cpp[1336]02/04 19:50:17 d3d: CLIPTLVERTS: false
I           m3dapp.cpp[1336]02/04 19:50:17 d3d: TSSARGTEMP: true
I           m3dapp.cpp[1336]02/04 19:50:17 d3d: DIRECTIONALLIGHTS: true
I           m3dapp.cpp[1336]02/04 19:50:17 d3d: LOCALVIEWER: true
I           m3dapp.cpp[1336]02/04 19:50:17 d3d: POSITIONALLIGHTS: true
I           m3dapp.cpp[1336]02/04 19:50:17 d3d: TEXGEN:  true
I           m3dapp.cpp[1336]02/04 19:50:17 d3d: TWEENING:  true
I           m3dapp.cpp[1336]02/04 19:50:17 d3d: Dp3: true
I           m3dapp.cpp[1336]02/04 19:50:17 d3d: Lerp: true
I           m3dapp.cpp[1336]02/04 19:50:17 d3d: MaxNpatchTessellationLevel: 0.000
I           m3dapp.cpp[1336]02/04 19:50:17 d3d: Query VCACHE support: true
I           m3dapp.cpp[1336]02/04 19:50:17 d3d: Query EVENT support: true
I           m3dapp.cpp[1336]02/04 19:50:17 d3d: Query OCCLUSION support: true
I           m3dapp.cpp[1336]02/04 19:50:17 d3d: Query TIMESTAMP support: true
I           m3dapp.cpp[1336]02/04 19:50:17 d3d: Query TIMESTAMPDISJOINT support: true
I           m3dapp.cpp[1336]02/04 19:50:17 d3d: Query TIMESTAMPFREQ support: true
I           m3dapp.cpp[1336]02/04 19:50:17 d3d: Query PIPELINETIMINGS support: false
I           m3dapp.cpp[1336]02/04 19:50:17 d3d: Query INTERFACETIMINGS support: false
I           m3dapp.cpp[1336]02/04 19:50:17 d3d: Query VERTEXTIMINGS support: false
I           m3dapp.cpp[1336]02/04 19:50:17 d3d: Query PIXELTIMINGS support: false
I           m3dapp.cpp[1336]02/04 19:50:17 d3d: Query BANDWIDTHTIMINGS support: false
I           m3dapp.cpp[1336]02/04 19:50:17 d3d: Query CACHEUTILIZATION support: false
I           m3dapp.cpp[1336]02/04 19:50:17 d3d: Creating or resetting the device
I           m3dapp.cpp[1336]02/04 19:50:17 d3d: Back buffer format: X8R8G8B8
I           m3dapp.cpp[1336]02/04 19:50:17 d3d: Depth/stencil buffer format: D24S8
I           m3dapp.cpp[1336]02/04 19:50:17 d3d: Stenciling: off
I           m3dapp.cpp[1336]02/04 19:50:17 d3d: Rgba textures format: DXT5
I           m3dapp.cpp[1336]02/04 19:50:17 d3d: Rgba no c. textures format: A8R8G8B8
I           m3dapp.cpp[1336]02/04 19:50:17 d3d: RgbA textures format: DXT5
I           m3dapp.cpp[1336]02/04 19:50:17 d3d: RgbA no c. textures format: A4R4G4B4
I           m3dapp.cpp[1336]02/04 19:50:17 d3d: Rt textures format: A8R8G8B8
I           m3dapp.cpp[1336]02/04 19:50:17 d3d: Shadow textures format: R5G6B5
I           m3dapp.cpp[1336]02/04 19:50:17 d3d: Rt depth format: D16
I           m3dapp.cpp[2206]02/04 19:50:17 NOTE! input is bind to input_di8.dll
I           m3dapp.cpp[1938]02/04 19:50:17 NOTE! sound is bind to sound.dll
I           m3dapp.cpp[1350]02/04 19:50:17 input: Joystick not found
I           m3dapp.cpp[1343]02/04 19:50:18 snd: Max sound channels available: 128
I           m3dapp.cpp[1343]02/04 19:50:18 snd: Sound is inited successfully
I             font.cpp[0976]02/04 19:50:18 FontManager: fonts are loaded successfully
I           m3dapp.cpp[1336]02/04 19:50:19 d3d: Cannot open data\models\logos\fishmen.dds
I           m3dapp.cpp[1336]02/04 19:50:19 d3d: texmap failed to load: data\models\logos\fishmen.dds
E       DraftModel.cpp[1002]02/04 19:50:19 Error: Couldn't load texture data\models\logos\fishmen.dds for model logos.gam
I           m3dapp.cpp[1336]02/04 19:50:19 d3d: Cannot open data\models\logos\logo32.dds
I           m3dapp.cpp[1336]02/04 19:50:19 d3d: texmap failed to load: data\models\logos\logo32.dds
E       DraftModel.cpp[1002]02/04 19:50:19 Error: Couldn't load texture data\models\logos\logo32.dds for model logos.gam
I           m3dapp.cpp[1336]02/04 19:50:19 d3d: Cannot open data\models\logos\logo33.dds
I           m3dapp.cpp[1336]02/04 19:50:19 d3d: texmap failed to load: data\models\logos\logo33.dds
E       DraftModel.cpp[1002]02/04 19:50:19 Error: Couldn't load texture data\models\logos\logo33.dds for model logos.gam
I           m3dapp.cpp[1336]02/04 19:50:19 d3d: Cannot open data\models\logos\logo34.dds
I           m3dapp.cpp[1336]02/04 19:50:19 d3d: texmap failed to load: data\models\logos\logo34.dds
E       DraftModel.cpp[1002]02/04 19:50:19 Error: Couldn't load texture data\models\logos\logo34.dds for model logos.gam
I           m3dapp.cpp[1336]02/04 19:50:19 d3d: Cannot open data\models\logos\logo35.dds
I           m3dapp.cpp[1336]02/04 19:50:19 d3d: texmap failed to load: data\models\logos\logo35.dds
E       DraftModel.cpp[1002]02/04 19:50:19 Error: Couldn't load texture data\models\logos\logo35.dds for model logos.gam
I           m3dapp.cpp[1336]02/04 19:50:19 d3d: Cannot open data\models\logos\logo36.dds
I           m3dapp.cpp[1336]02/04 19:50:19 d3d: texmap failed to load: data\models\logos\logo36.dds
E       DraftModel.cpp[1002]02/04 19:50:19 Error: Couldn't load texture data\models\logos\logo36.dds for model logos.gam
I           m3dapp.cpp[1336]02/04 19:50:19 d3d: Cannot open data\models\logos\logo37.dds
I           m3dapp.cpp[1336]02/04 19:50:19 d3d: texmap failed to load: data\models\logos\logo37.dds
E       DraftModel.cpp[1002]02/04 19:50:19 Error: Couldn't load texture data\models\logos\logo37.dds for model logos.gam
I           m3dapp.cpp[1336]02/04 19:50:19 d3d: Cannot open data\models\logos\logo38.dds
I           m3dapp.cpp[1336]02/04 19:50:19 d3d: texmap failed to load: data\models\logos\logo38.dds
E       DraftModel.cpp[1002]02/04 19:50:19 Error: Couldn't load texture data\models\logos\logo38.dds for model logos.gam
I           m3dapp.cpp[1336]02/04 19:50:19 d3d: Cannot open data\models\logos\logo39.dds
I           m3dapp.cpp[1336]02/04 19:50:19 d3d: texmap failed to load: data\models\logos\logo39.dds
E       DraftModel.cpp[1002]02/04 19:50:19 Error: Couldn't load texture data\models\logos\logo39.dds for model logos.gam
I           m3dapp.cpp[1336]02/04 19:50:19 d3d: Cannot open data\models\logos\logo40.dds
I           m3dapp.cpp[1336]02/04 19:50:19 d3d: texmap failed to load: data\models\logos\logo40.dds
E       DraftModel.cpp[1002]02/04 19:50:19 Error: Couldn't load texture data\models\logos\logo40.dds for model logos.gam
I           m3dapp.cpp[1336]02/04 19:50:19 d3d: Cannot open data\models\logos\logo41.dds
I           m3dapp.cpp[1336]02/04 19:50:19 d3d: texmap failed to load: data\models\logos\logo41.dds
E       DraftModel.cpp[1002]02/04 19:50:19 Error: Couldn't load texture data\models\logos\logo41.dds for model logos.gam
I           m3dapp.cpp[1336]02/04 19:50:19 d3d: Cannot open data\models\logos\logo42.dds
I           m3dapp.cpp[1336]02/04 19:50:19 d3d: texmap failed to load: data\models\logos\logo42.dds
E       DraftModel.cpp[1002]02/04 19:50:19 Error: Couldn't load texture data\models\logos\logo42.dds for model logos.gam
I           m3dapp.cpp[1336]02/04 19:50:19 d3d: Cannot open data\models\logos\logo43.dds
I           m3dapp.cpp[1336]02/04 19:50:19 d3d: texmap failed to load: data\models\logos\logo43.dds
E       DraftModel.cpp[1002]02/04 19:50:19 Error: Couldn't load texture data\models\logos\logo43.dds for model logos.gam
I           m3dapp.cpp[1336]02/04 19:50:19 d3d: Cannot open data\models\logos\logo44.dds
I           m3dapp.cpp[1336]02/04 19:50:19 d3d: texmap failed to load: data\models\logos\logo44.dds
E       DraftModel.cpp[1002]02/04 19:50:19 Error: Couldn't load texture data\models\logos\logo44.dds for model logos.gam
I           m3dapp.cpp[1336]02/04 19:50:19 d3d: Cannot open data\models\logos\logo45.dds
I           m3dapp.cpp[1336]02/04 19:50:19 d3d: texmap failed to load: data\models\logos\logo45.dds
E       DraftModel.cpp[1002]02/04 19:50:19 Error: Couldn't load texture data\models\logos\logo45.dds for model logos.gam
I           m3dapp.cpp[1336]02/04 19:50:19 d3d: Cannot open data\models\logos\logo46.dds
I           m3dapp.cpp[1336]02/04 19:50:19 d3d: texmap failed to load: data\models\logos\logo46.dds
E       DraftModel.cpp[1002]02/04 19:50:19 Error: Couldn't load texture data\models\logos\logo46.dds for model logos.gam
I           m3dapp.cpp[1336]02/04 19:50:19 d3d: Cannot open data\models\logos\logo47.dds
I           m3dapp.cpp[1336]02/04 19:50:19 d3d: texmap failed to load: data\models\logos\logo47.dds
E       DraftModel.cpp[1002]02/04 19:50:19 Error: Couldn't load texture data\models\logos\logo47.dds for model logos.gam
I           m3dapp.cpp[1336]02/04 19:50:19 d3d: Cannot open data\models\logos\logo48.dds
I           m3dapp.cpp[1336]02/04 19:50:19 d3d: texmap failed to load: data\models\logos\logo48.dds
E       DraftModel.cpp[1002]02/04 19:50:19 Error: Couldn't load texture data\models\logos\logo48.dds for model logos.gam
I           m3dapp.cpp[1336]02/04 19:50:19 d3d: Cannot open data\models\logos\logo49.dds
I           m3dapp.cpp[1336]02/04 19:50:19 d3d: texmap failed to load: data\models\logos\logo49.dds
E       DraftModel.cpp[1002]02/04 19:50:19 Error: Couldn't load texture data\models\logos\logo49.dds for model logos.gam
I           m3dapp.cpp[1336]02/04 19:50:19 d3d: Cannot open data\models\logos\logo50.dds
I           m3dapp.cpp[1336]02/04 19:50:19 d3d: texmap failed to load: data\models\logos\logo50.dds
E       DraftModel.cpp[1002]02/04 19:50:19 Error: Couldn't load texture data\models\logos\logo50.dds for model logos.gam
I           m3dapp.cpp[1336]02/04 19:50:19 d3d: Cannot open data\models\logos\logo51.dds
I           m3dapp.cpp[1336]02/04 19:50:19 d3d: texmap failed to load: data\models\logos\logo51.dds
E       DraftModel.cpp[1002]02/04 19:50:19 Error: Couldn't load texture data\models\logos\logo51.dds for model logos.gam
I           m3dapp.cpp[1336]02/04 19:50:19 d3d: Cannot open data\models\logos\logo52.dds
I           m3dapp.cpp[1336]02/04 19:50:19 d3d: texmap failed to load: data\models\logos\logo52.dds
E       DraftModel.cpp[1002]02/04 19:50:19 Error: Couldn't load texture data\models\logos\logo52.dds for model logos.gam
I           m3dapp.cpp[1336]02/04 19:50:19 d3d: Cannot open data\models\logos\logo53.dds
I           m3dapp.cpp[1336]02/04 19:50:19 d3d: texmap failed to load: data\models\logos\logo53.dds
E       DraftModel.cpp[1002]02/04 19:50:19 Error: Couldn't load texture data\models\logos\logo53.dds for model logos.gam
I           m3dapp.cpp[1336]02/04 19:50:19 d3d: Cannot open data\models\logos\logo54.dds
I           m3dapp.cpp[1336]02/04 19:50:19 d3d: texmap failed to load: data\models\logos\logo54.dds
E       DraftModel.cpp[1002]02/04 19:50:19 Error: Couldn't load texture data\models\logos\logo54.dds for model logos.gam
I           m3dapp.cpp[1336]02/04 19:50:19 d3d: Cannot open data\models\logos\logo55.dds
I           m3dapp.cpp[1336]02/04 19:50:19 d3d: texmap failed to load: data\models\logos\logo55.dds
E       DraftModel.cpp[1002]02/04 19:50:19 Error: Couldn't load texture data\models\logos\logo55.dds for model logos.gam
I           m3dapp.cpp[1336]02/04 19:50:19 d3d: Cannot open data\models\logos\logo56.dds
I           m3dapp.cpp[1336]02/04 19:50:19 d3d: texmap failed to load: data\models\logos\logo56.dds
E       DraftModel.cpp[1002]02/04 19:50:19 Error: Couldn't load texture data\models\logos\logo56.dds for model logos.gam
I           m3dapp.cpp[1336]02/04 19:50:19 d3d: Cannot open data\models\logos\logo57.dds
I           m3dapp.cpp[1336]02/04 19:50:19 d3d: texmap failed to load: data\models\logos\logo57.dds
E       DraftModel.cpp[1002]02/04 19:50:19 Error: Couldn't load texture data\models\logos\logo57.dds for model logos.gam
I           m3dapp.cpp[1336]02/04 19:50:19 d3d: Cannot open data\models\logos\logo58.dds
I           m3dapp.cpp[1336]02/04 19:50:19 d3d: texmap failed to load: data\models\logos\logo58.dds
E       DraftModel.cpp[1002]02/04 19:50:19 Error: Couldn't load texture data\models\logos\logo58.dds for model logos.gam
I           m3dapp.cpp[1336]02/04 19:50:19 d3d: Cannot open data\models\logos\logo59.dds
I           m3dapp.cpp[1336]02/04 19:50:19 d3d: texmap failed to load: data\models\logos\logo59.dds
E       DraftModel.cpp[1002]02/04 19:50:19 Error: Couldn't load texture data\models\logos\logo59.dds for model logos.gam
I           m3dapp.cpp[1336]02/04 19:50:19 d3d: Cannot open data\models\logos\logo60.dds
I           m3dapp.cpp[1336]02/04 19:50:19 d3d: texmap failed to load: data\models\logos\logo60.dds
E       DraftModel.cpp[1002]02/04 19:50:19 Error: Couldn't load texture data\models\logos\logo60.dds for model logos.gam
I           m3dapp.cpp[1336]02/04 19:50:19 d3d: Cannot open data\models\logos\logo61.dds
I           m3dapp.cpp[1336]02/04 19:50:19 d3d: texmap failed to load: data\models\logos\logo61.dds
E       DraftModel.cpp[1002]02/04 19:50:19 Error: Couldn't load texture data\models\logos\logo61.dds for model logos.gam
I           m3dapp.cpp[1336]02/04 19:50:19 d3d: Cannot open data\models\logos\logo62.dds
I           m3dapp.cpp[1336]02/04 19:50:19 d3d: texmap failed to load: data\models\logos\logo62.dds
E       DraftModel.cpp[1002]02/04 19:50:19 Error: Couldn't load texture data\models\logos\logo62.dds for model logos.gam
I           m3dapp.cpp[1336]02/04 19:50:19 d3d: Cannot open data\models\logos\logo63.dds
I           m3dapp.cpp[1336]02/04 19:50:19 d3d: texmap failed to load: data\models\logos\logo63.dds
E       DraftModel.cpp[1002]02/04 19:50:19 Error: Couldn't load texture data\models\logos\logo63.dds for model logos.gam
I           m3dapp.cpp[1336]02/04 19:50:19 d3d: Cannot open data\models\logos\logo64.dds
I           m3dapp.cpp[1336]02/04 19:50:19 d3d: texmap failed to load: data\models\logos\logo64.dds
E       DraftModel.cpp[1002]02/04 19:50:19 Error: Couldn't load texture data\models\logos\logo64.dds for model logos.gam
I           m3dapp.cpp[1336]02/04 19:50:19 d3d: Cannot open data\models\logos\logo65.dds
I           m3dapp.cpp[1336]02/04 19:50:19 d3d: texmap failed to load: data\models\logos\logo65.dds
E       DraftModel.cpp[1002]02/04 19:50:19 Error: Couldn't load texture data\models\logos\logo65.dds for model logos.gam
I           m3dapp.cpp[1336]02/04 19:50:19 d3d: Cannot open data\models\logos\logo66.dds
I           m3dapp.cpp[1336]02/04 19:50:19 d3d: texmap failed to load: data\models\logos\logo66.dds
E       DraftModel.cpp[1002]02/04 19:50:19 Error: Couldn't load texture data\models\logos\logo66.dds for model logos.gam
I           m3dapp.cpp[1336]02/04 19:50:19 d3d: Cannot open data\models\logos\logo67.dds
I           m3dapp.cpp[1336]02/04 19:50:19 d3d: texmap failed to load: data\models\logos\logo67.dds
E       DraftModel.cpp[1002]02/04 19:50:19 Error: Couldn't load texture data\models\logos\logo67.dds for model logos.gam
I           m3dapp.cpp[1336]02/04 19:50:19 d3d: Cannot open data\models\logos\logo68.dds
I           m3dapp.cpp[1336]02/04 19:50:19 d3d: texmap failed to load: data\models\logos\logo68.dds
E       DraftModel.cpp[1002]02/04 19:50:19 Error: Couldn't load texture data\models\logos\logo68.dds for model logos.gam
I           m3dapp.cpp[1336]02/04 19:50:19 d3d: Cannot open data\models\logos\logo69.dds
I           m3dapp.cpp[1336]02/04 19:50:19 d3d: texmap failed to load: data\models\logos\logo69.dds
E       DraftModel.cpp[1002]02/04 19:50:19 Error: Couldn't load texture data\models\logos\logo69.dds for model logos.gam
I           m3dapp.cpp[1336]02/04 19:50:19 d3d: Cannot open data\models\logos\logo70.dds
I           m3dapp.cpp[1336]02/04 19:50:19 d3d: texmap failed to load: data\models\logos\logo70.dds
E       DraftModel.cpp[1002]02/04 19:50:19 Error: Couldn't load texture data\models\logos\logo70.dds for model logos.gam
I      gameimpulse.cpp[0288]02/04 19:50:19 Key bindings: were inited successfully
I           view32.cpp[0705]02/04 19:50:19 --- Init Media ---
I    GameUiManager.cpp[0303]02/04 19:50:19 Interface: is initializing...
I    GameUiManager.cpp[1580]02/04 19:50:19 Interface: clearing resource infos ...
I    GameUiManager.cpp[1491]02/04 19:50:19 Interface: loading resource infos ...
I    GameUiManager.cpp[1603]02/04 19:50:19 Interface: loading resources ...
I           m3dapp.cpp[1343]02/04 19:50:20 snd: Error: Can't Open SoundFile: 
I           m3dapp.cpp[1343]02/04 19:50:20 snd: Cannot open sound stream from file . Error: File not found, flags: 8272
I    GameUiManager.cpp[0395]02/04 19:50:20 Interface: is inited successfully
I        LevelInfo.cpp[0806]02/04 19:50:20 Level infos were loaded successfully from file data\if\diz\LevelInfo.xml
I        LevelInfo.cpp[0837]02/04 19:50:20 Error: could't open data\maps\r1m8.ssl file
E        LevelInfo.cpp[0749]02/04 19:50:20 LevelInfoManager was inited with errors
I   TruxxUiManager.cpp[0191]02/04 19:50:20 TruxxUiManager: was inited successfully
I      gameimpulse.cpp[0618]02/04 19:50:23 Key bindings: unbind all is done
I      gameimpulse.cpp[0324]02/04 19:50:23 Key bindings: were loaded successfully from file data\scripts\DefaultKeyBindings.lua
I      gameimpulse.cpp[1194]02/04 19:50:23 Key bindings: were bind from defaults
I            video.cpp[0704]02/04 19:50:23 Could not load specified video file: data\video\logobuka.wmv (hr = 80070003)
I     view32_video.cpp[0061]02/04 19:50:23 Error: couldn't load video 'data\video\logobuka.wmv'
I            video.cpp[0704]02/04 19:50:23 Could not load specified video file: data\video\logotargem.wmv (hr = 80070003)
I     view32_video.cpp[0061]02/04 19:50:23 Error: couldn't load video 'data\video\logotargem.wmv'
I            video.cpp[0704]02/04 19:50:24 Could not load specified video file: data\video\INTRO_RUS_FIELD.wmv (hr = 80070003)
I     view32_video.cpp[0061]02/04 19:50:24 Error: couldn't load video 'data\video\INTRO_RUS_FIELD.wmv'
I             core.lua[0013]02/04 19:50:24 IMPROVED STORYLINE V1.0.5.3 ORIGINAL BUILD 220422
I           m3dapp.cpp[1808]02/04 19:50:24 ----------------------- Engine inited in: 0
I          Profile.cpp[0602]02/04 19:50:24 Profile "RiverZone" set
I   TruxxUiManager.cpp[1422]02/04 19:50:24 Game mode changed. Old mode = 3, new mode = 2
I        SplashWnd.cpp[0244]02/04 19:50:24 Start splashing 11
I           view32.cpp[1048]02/04 19:50:24 -- Loading Level: data\maps\mainmenu.ssl --
I            world.cpp[0132]02/04 19:50:24 ----------------------- World Loading
F        landscape.cpp[1674]02/04 19:50:24  +- Enter function: Landscape::Load()
I        landscape.cpp[1911]02/04 19:50:24  |  ----------------------- Normal map loaded in: 11
I        landscape.cpp[1920]02/04 19:50:24  |  ----------------------- Tiles loaded in: 38
I        landscape.cpp[1944]02/04 19:50:24  |  ----------------------- ShoreLine loaded in: 14
F        landscape.cpp[1944]02/04 19:50:25  +- Exit function: Landscape::Load()
I            world.cpp[0169]02/04 19:50:25 ----------------------- Landscape loaded in: 466
I       DataServer.cpp[0587]02/04 19:50:25 Loading Servers: data\maps\MainMenu\servers.xml
I serverAnimatedModel.cpp[0630]02/04 19:50:27 ### Total time: 2247, GAM time: 766
I       DataServer.cpp[0587]02/04 19:50:27 Loading Servers: data\models\commonservers.xml
E      serverMusic.cpp[0216]02/04 19:50:33 MusicServer: cannot read file: data\music\music.xml id = 'LaBelleTown'
E      serverMusic.cpp[0216]02/04 19:50:33 MusicServer: cannot read file: data\music\music.xml id = 'block6_driving2'
I            world.cpp[0210]02/04 19:50:33 ----------------------- Servers loaded in: 8893
I            world.cpp[0338]02/04 19:50:33 LoadWorld begin...
I            world.cpp[0350]02/04 19:50:34 %%%% read/parse xml: 34
I            world.cpp[0362]02/04 19:50:34 %%%% read from xml: 9
E    PlayerPassMap.cpp[0139]02/04 19:50:34 Couldn't load player pass map from file data\maps\MainMenu\player_passmap.xml
I            world.cpp[0444]02/04 19:50:34 %%%% link nodes: 33
I            world.cpp[0220]02/04 19:50:34 ----------------------- Nodes loaded in: 78
I            world.cpp[0228]02/04 19:50:34 ----------------------- Prefabs loaded in: 1
I            world.cpp[0247]02/04 19:50:34 ----------------------- World loaded in: 9835
I            world.cpp[0278]02/04 19:50:34 ----------------------- Roads loaded in: 276
I           view32.cpp[1078]02/04 19:50:34 Load Server begin...
I   TruxxUiManager.cpp[0974]02/04 19:50:34 Interface: is loaded successfully
I           server.cpp[0789]02/04 19:50:34 AI: Loading Server...
I           server.cpp[0796]02/04 19:50:34 	AI: Loading Relationship
I     Relationship.cpp[0134]02/04 19:50:34 		 File readed
I           server.cpp[0801]02/04 19:50:34 	AI: Loading SoilProps
I           server.cpp[0804]02/04 19:50:34 	AI: Loading ExternalPaths
I           server.cpp[0807]02/04 19:50:34 	AI: Loading PlayerPassMap
E    PlayerPassMap.cpp[0139]02/04 19:50:34 Couldn't load player pass map from file data\maps\MainMenu\player_passmap.xml
I           server.cpp[0813]02/04 19:50:34 	AI: Loading GameObjects
I           server.cpp[0816]02/04 19:50:35 	AI: Initializing VehicleGeneratorInfoCache
I           server.cpp[0820]02/04 19:50:35 	AI: Refreshing GameObjects
I           server.cpp[0824]02/04 19:50:35 	AI: Loading QuestStates
I       QuestState.cpp[0904]02/04 19:50:35 Quest 'Human1_Quest1' can be given now
I       QuestState.cpp[0904]02/04 19:50:35 Quest 'Human1_Quest2' can be given now
I       QuestState.cpp[0904]02/04 19:50:35 Quest 'BenGoodEnd' can be given now
I       QuestState.cpp[0904]02/04 19:50:35 Quest 'q_PlaceWithSign' can be given now
I       QuestState.cpp[0904]02/04 19:50:35 Quest 'r3m2_OracleMemory' can be given now
I       QuestState.cpp[0904]02/04 19:50:35 Quest 'r3m2_TalkWithLisa' can be given now
I       QuestState.cpp[0904]02/04 19:50:35 Quest 'r3m2_TalkWithBenAboutCarAfterOracul' can be given now
I       QuestState.cpp[0904]02/04 19:50:35 Quest 'r3m2_FindInfoAboutFather' can be given now
I       QuestState.cpp[0904]02/04 19:50:35 Quest 'r3m1_LureMainDriud' can be given now
I       QuestState.cpp[0904]02/04 19:50:35 Quest 'r3m1_ClearSanctuary' can be given now
I       QuestState.cpp[0904]02/04 19:50:35 Quest 'r3m1_KnowAboutUluk' can be given now
I       QuestState.cpp[0904]02/04 19:50:35 Quest 'r3m1_RescueUlukCivil' can be given now
I       QuestState.cpp[0904]02/04 19:50:35 Quest 'q_VisitDruid' can be given now
I       QuestState.cpp[0904]02/04 19:50:35 Quest 'r2m2_Znaki2_Quest' can be given now
I       QuestState.cpp[0904]02/04 19:50:35 Quest 'r2m2_HeadsHunterQuest' can be given now
I       QuestState.cpp[0904]02/04 19:50:35 Quest 'r2m2_OldDvigatel1_Quest' can be given now
I       QuestState.cpp[0904]02/04 19:50:35 Quest 'r2m2_OldDvigatel2_Quest' can be given now
I       QuestState.cpp[0904]02/04 19:50:35 Quest 'r2m2_FightFelix' can be given now
I       QuestState.cpp[0904]02/04 19:50:35 Quest 'r2m2_ReturnToMarecciaFromCastle' can be given now
I       QuestState.cpp[0904]02/04 19:50:35 Quest 'r2m2_FightWithAxelInArena_Quest' can be given now
I       QuestState.cpp[0904]02/04 19:50:35 Quest 'r2m2_FindLisAfterAxelAndFatherDie_Quest' can be given now
I       QuestState.cpp[0904]02/04 19:50:35 Quest 'r2m2_ToLisaToMonastir' can be given now
I       QuestState.cpp[0904]02/04 19:50:35 Quest 'r2m2_FightLisaToMonastir' can be given now
I       QuestState.cpp[0904]02/04 19:50:35 Quest 'r2m2_GiveDisk2ToOrakul' can be given now
I       QuestState.cpp[0904]02/04 19:50:35 Quest 'MrShlyapa3_Quest' can be given now
I       QuestState.cpp[0904]02/04 19:50:35 Quest 'r2m1_ArtAntipod_Quest' can be given now
I       QuestState.cpp[0904]02/04 19:50:35 Quest 'r2m1_TakeNarcotics_Quest' can be given now
I       QuestState.cpp[0904]02/04 19:50:35 Quest 'r2m1_KillGodFather_Quest' can be given now
I       QuestState.cpp[0904]02/04 19:50:35 Quest 'MrShlyapaSecret' can be given now
I       QuestState.cpp[0904]02/04 19:50:35 Quest 'd_GetSupportOneOfTheBands2_Quest' can be given now
I       QuestState.cpp[0904]02/04 19:50:35 Quest 'd_GetSupportOneOfTheBands1_Quest' can be given now
I       QuestState.cpp[0904]02/04 19:50:35 Quest 'd_FindVerbInAR_Quest' can be given now
I       QuestState.cpp[0904]02/04 19:50:35 Quest 'd_FindVerbInSNG_Quest' can be given now
I       QuestState.cpp[0904]02/04 19:50:35 Quest 'd_PatrulSideSNG_Quest' can be given now
I       QuestState.cpp[0904]02/04 19:50:35 Quest 'd_TakeGeneralOfBandits_Quest' can be given now
I       QuestState.cpp[0904]02/04 19:50:35 Quest 'r2m1_TW_AlienInShip' can be given now
I       QuestState.cpp[0904]02/04 19:50:35 Quest 'Podderzhka_Quest' can be given now
I       QuestState.cpp[0904]02/04 19:50:35 Quest 'Zashita_Quest' can be given now
I       QuestState.cpp[0904]02/04 19:50:35 Quest 'preEretik_Quest' can be given now
I       QuestState.cpp[0904]02/04 19:50:35 Quest 'ReturnQuest' can be given now
I       QuestState.cpp[0904]02/04 19:50:35 Quest 'd_FindVerbInAM_Quest' can be given now
I       QuestState.cpp[0904]02/04 19:50:35 Quest 'OdettIsDead_Quest' can be given now
I       QuestState.cpp[0904]02/04 19:50:35 Quest 'Disk2OrakulLisa' can be given now
I       QuestState.cpp[0904]02/04 19:50:35 Quest 'FindGomerB_Quest1' can be given now
I       QuestState.cpp[0904]02/04 19:50:35 Quest 'FreeExtremistLeader_Quest1' can be given now
I       QuestState.cpp[0904]02/04 19:50:35 Quest 'KillExtremist_Quest1' can be given now
I       QuestState.cpp[0904]02/04 19:50:35 Quest 'r1m4_TalkWithOldTraderAboutSecondDisk' can be given now
I       QuestState.cpp[0904]02/04 19:50:35 Quest 'q_FindHusbent' can be given now
I       QuestState.cpp[0904]02/04 19:50:35 Quest 'RybakToOlm_Quest' can be given now
I       QuestState.cpp[0904]02/04 19:50:35 Quest 'AnanagaTech_Quest' can be given now
I       QuestState.cpp[0904]02/04 19:50:35 Quest 'MrShlyapa2_Quest' can be given now
I       QuestState.cpp[0904]02/04 19:50:35 Quest 'ToCordanToTikhomir_Quest' can be given now
I       QuestState.cpp[0904]02/04 19:50:35 Quest 'r1m3_BonnyAndKlideQuest' can be given now
I       QuestState.cpp[0904]02/04 19:50:35 Quest 'r1m3_ArchHelp' can be given now
I       QuestState.cpp[0904]02/04 19:50:35 Quest 'r1m3_CrazyManQuest' can be given now
I       QuestState.cpp[0904]02/04 19:50:35 Quest 'r1m3_OldTownOutsiderCar2_Quest' can be given now
I       QuestState.cpp[0904]02/04 19:50:35 Quest 'FightForPesht' can be given now
I       QuestState.cpp[0904]02/04 19:50:35 Quest 'd_RideAcrossBase_Quest' can be given now
I       QuestState.cpp[0904]02/04 19:50:35 Quest 'd_GiveMoneyToBase_Quest' can be given now
I       QuestState.cpp[0904]02/04 19:50:35 Quest 'd_GetBomb_Quest' can be given now
I       QuestState.cpp[0904]02/04 19:50:35 Quest 'd_IntrigaOfMerMinin_Quest' can be given now
I       QuestState.cpp[0904]02/04 19:50:35 Quest 'd_MoveFreelancersToOilMine_Quest' can be given now
I       QuestState.cpp[0904]02/04 19:50:35 Quest 'd_MoveCanistraToMinin_Quest' can be given now
I       QuestState.cpp[0904]02/04 19:50:35 Quest 'd_OpenTunel_Quest' can be given now
I       QuestState.cpp[0904]02/04 19:50:35 Quest 'r1m3_TalkWithThiefFromFatherHouse' can be given now
I       QuestState.cpp[0904]02/04 19:50:35 Quest 'r1m3_MoveToOraculAfterThief' can be given now
I       QuestState.cpp[0904]02/04 19:50:35 Quest 'r1m3_ToLisaToAsgard' can be given now
I       QuestState.cpp[0904]02/04 19:50:35 Quest 'r1m3_TW_OralceAboutAlien' can be given now
I       QuestState.cpp[0904]02/04 19:50:35 Quest 'r1m3_DestroyRadiationSource' can be given now
I       QuestState.cpp[0904]02/04 19:50:35 Quest 'r2m1_DestroyAlienShip' can be given now
I       QuestState.cpp[0904]02/04 19:50:35 Quest 'd_PayWorkersMoney_Quest' can be given now
I       QuestState.cpp[0904]02/04 19:50:35 Quest 'r2m1_TW_SellsCivilian' can be given now
I       QuestState.cpp[0904]02/04 19:50:35 Quest 'MorskieVrata2_Quest' can be given now
I       QuestState.cpp[0904]02/04 19:50:35 Quest 'Zachisti1_Quest' can be given now
I       QuestState.cpp[0904]02/04 19:50:35 Quest 'LisaVPeshte' can be given now
I       QuestState.cpp[0904]02/04 19:50:35 Quest 'LisaUBena' can be given now
I       QuestState.cpp[0904]02/04 19:50:35 Quest 'WhereSigns_Quest' can be given now
I       QuestState.cpp[0904]02/04 19:50:35 Quest 'CombatInKollizey_Quest' can be given now
I       QuestState.cpp[0904]02/04 19:50:35 Quest 'BuyKollizey_Quest' can be given now
I       QuestState.cpp[0904]02/04 19:50:35 Quest 'Kollizey_Quest' can be given now
I       QuestState.cpp[0904]02/04 19:50:35 Quest 'HelpRuins_Quest' can be given now
I       QuestState.cpp[0904]02/04 19:50:35 Quest 'DestroyRuins_Quest' can be given now
I       QuestState.cpp[0904]02/04 19:50:35 Quest 'DestroyRuins2_Quest' can be given now
I       QuestState.cpp[0904]02/04 19:50:35 Quest 'Signs_Quest' can be given now
I       QuestState.cpp[0904]02/04 19:50:35 Quest 'MrShlyapa1_Quest' can be given now
I       QuestState.cpp[0904]02/04 19:50:35 Quest 'FindBen2_Quest' can be given now
I       QuestState.cpp[0904]02/04 19:50:35 Quest 'd_FindHouseOfBen_Quest' can be given now
I       QuestState.cpp[0904]02/04 19:50:35 Quest 'r1m2_TW_BanAboutAlien' can be given now
I       QuestState.cpp[0904]02/04 19:50:35 Quest 'r1m3_DestroyOracle' can be given now
I       QuestState.cpp[0904]02/04 19:50:35 Quest 'Pomiritsa_Quest' can be given now
I       QuestState.cpp[0904]02/04 19:50:35 Quest 'VYar_Quest' can be given now
I       QuestState.cpp[0904]02/04 19:50:35 Quest 'FindBenMZ_Quest' can be given now
I       QuestState.cpp[0904]02/04 19:50:35 Quest 'QuickFindBen' can be given now
I       QuestState.cpp[0904]02/04 19:50:35 Quest 'OpenMid_Quest' can be given now
I       QuestState.cpp[0904]02/04 19:50:35 Quest 'TalkBeforeDesert' can be given now
I       QuestState.cpp[0904]02/04 19:50:35 Quest 'ZashitaGotova' can be given now
I       QuestState.cpp[0904]02/04 19:50:35 Quest 'FakeQuest1' can be given now
I       QuestState.cpp[0904]02/04 19:50:35 Quest 'Chehly_Quest' can be given now
I       QuestState.cpp[0904]02/04 19:50:35 Quest 'WorkGiver_Quest1' can be given now
I       QuestState.cpp[0904]02/04 19:50:35 Quest 'd_PunishBandits_Quest' can be given now
I       QuestState.cpp[0904]02/04 19:50:35 Quest 'r1m1_Hospital_Quest' can be given now
I       QuestState.cpp[0904]02/04 19:50:35 Quest 'r1m1_Botanik_Quest' can be given now
I       QuestState.cpp[0904]02/04 19:50:35 Quest 'r1m1_FindBotanik_Quest' can be given now
I       QuestState.cpp[0904]02/04 19:50:35 Quest 'Buyer_Quest1' can be given now
I       QuestState.cpp[0904]02/04 19:50:35 Quest 'FirstTimePlay' can be given now
I       QuestState.cpp[0904]02/04 19:50:35 Quest 'TalkWithFather_Quest' can be given now
I       QuestState.cpp[0904]02/04 19:50:35 Quest 'LisaAtSouth' can be given now
I       QuestState.cpp[0904]02/04 19:50:35 Quest 'FindBen_Quest' can be given now
I       QuestState.cpp[0904]02/04 19:50:35 Quest 'FindBenAgain_Quest' can be given now
I       QuestState.cpp[0904]02/04 19:50:35 Quest 'd_SinFather_Quest' can be given now
I       QuestState.cpp[0904]02/04 19:50:35 Quest 'TalkToVasily' can be given now
I       QuestState.cpp[0904]02/04 19:50:35 Quest 'CheckTheEast' can be given now
I       QuestState.cpp[0904]02/04 19:50:35 Quest 'BenSouth_Quest' can be given now
I           server.cpp[0826]02/04 19:50:35 	AI: QuestStates loaded
I           server.cpp[0828]02/04 19:50:35 	AI: Loading DynamicScene
I     DynamicScene.cpp[1470]02/04 19:50:35 		 Scene loading begin
I     DynamicScene.cpp[1472]02/04 19:50:35 		 Scene loading end
I           server.cpp[0837]02/04 19:50:35 	AI: DynamicScene loaded
I           server.cpp[0852]02/04 19:50:35 	AI: Loading Triggers
E           server.cpp[1242]02/04 19:50:35 Error: cannot open data\maps\MainMenu\
I           server.cpp[0855]02/04 19:50:35 	AI: Triggers loaded
I           server.cpp[0857]02/04 19:50:35 	AI: Loading Object Names
E     ObjContainer.cpp[1104]02/04 19:50:35 Error: cannot open data\maps\MainMenu\object_names.xml
I           server.cpp[0868]02/04 19:50:35 	AI: Initing Player
I           server.cpp[0888]02/04 19:50:35 		Before first Update
I   TruxxUiManager.cpp[1422]02/04 19:50:35 Game mode changed. Old mode = 2, new mode = 1
I           server.cpp[0909]02/04 19:50:35 		After first Update
I           server.cpp[0911]02/04 19:50:35 AI: Finished Loading Server
I           view32.cpp[1106]02/04 19:50:35 Load server end
I        QuestInfo.cpp[0847]02/04 19:50:35 Quest infos were loaded successfully from file data\if\diz\QuestInfoGlobal.xml
I        QuestInfo.cpp[0783]02/04 19:50:35 QuestInfo manager was inited successfully
I       MsgManager.cpp[0391]02/04 19:50:35 Can't open file data\maps\MainMenu\strings.xml for read.
I    GameUiManager.cpp[0303]02/04 19:50:35 Interface: is initializing...
I    GameUiManager.cpp[0405]02/04 19:50:35 Interface: is clearing...
I    GameUiManager.cpp[0495]02/04 19:50:35 Interface: is cleared successfully
I    GameUiManager.cpp[0395]02/04 19:50:35 Interface: is inited successfully
I blockMusicManager.cpp[0199]02/04 19:50:35 BlockMusicManager: resetting
I      gameimpulse.cpp[0618]02/04 19:50:35 Key bindings: unbind all is done
I      gameimpulse.cpp[0618]02/04 19:50:35 Key bindings: unbind all is done
I      gameimpulse.cpp[0324]02/04 19:50:35 Key bindings: were loaded successfully from file data/profiles/riverzone\KeyBindings.lua
I      gameimpulse.cpp[1222]02/04 19:50:35 Key bindings: were loaded from profile
I        SplashWnd.cpp[0244]02/04 19:50:46 Start splashing 11
I   TruxxUiManager.cpp[1422]02/04 19:50:46 Game mode changed. Old mode = 1, new mode = 0
I    GameUiManager.cpp[0405]02/04 19:50:46 Interface: is clearing...
I    GameUiManager.cpp[0495]02/04 19:50:46 Interface: is cleared successfully
I           view32.cpp[1048]02/04 19:50:47 -- Loading Level: data\maps\r9m1.ssl --
I            world.cpp[0132]02/04 19:50:47 ----------------------- World Loading
F        landscape.cpp[1674]02/04 19:50:47  +- Enter function: Landscape::Load()
I        landscape.cpp[1911]02/04 19:50:47  |  ----------------------- Normal map loaded in: 63
I        landscape.cpp[1920]02/04 19:50:50  |  ----------------------- Tiles loaded in: 3231
I        landscape.cpp[1944]02/04 19:50:50  |  ----------------------- ShoreLine loaded in: 0
F        landscape.cpp[1944]02/04 19:50:50  +- Exit function: Landscape::Load()
I            world.cpp[0169]02/04 19:50:50 ----------------------- Landscape loaded in: 3433
I       DataServer.cpp[0587]02/04 19:50:50 Loading Servers: data\maps\r9m1\servers.xml
I       DataServer.cpp[0594]02/04 19:50:50 Load servers: ReadXmlFile: Cannot open file data\maps\r9m1\servers.xml
I       DataServer.cpp[0587]02/04 19:50:50 Loading Servers: data\models\servers.xml
E        GamParser.cpp[0399]02/04 19:50:51 AnimatedModel::LoadGAM -- cannot open file data\models\objects\dweller_debik.gam
E        GamParser.cpp[0399]02/04 19:50:54 AnimatedModel::LoadGAM -- cannot open file data\models\Masks\Main\mask_debik.gam
E       DraftModel.cpp[1002]02/04 19:50:58 Error: Couldn't load texture data\models\vehicles\belaz\cab01_mt.dds for model cargov1.gam
E       DraftModel.cpp[1002]02/04 19:50:58 Error: Couldn't load texture data\models\vehicles\belaz\cab01_mt.dds for model cargov1.gam
E       DraftModel.cpp[1002]02/04 19:50:58 Error: Couldn't load texture data\models\vehicles\belaz\cab01_mt.dds for model cargov1.gam
E       DraftModel.cpp[1002]02/04 19:50:58 Error: Couldn't load texture data\models\vehicles\belaz\cab01_mt.dds for model cargov1.gam
E       DraftModel.cpp[1002]02/04 19:50:58 Error: Couldn't load texture data\models\vehicles\belaz\cab01_mt.dds for model cargov1.gam
E       DraftModel.cpp[1002]02/04 19:50:58 Error: Couldn't load texture data\models\vehicles\belaz\cab01_mt.dds for model cargov1.gam
E       DraftModel.cpp[1002]02/04 19:50:58 Error: Couldn't load texture data\models\vehicles\belaz\cab01_mt.dds for model cargov1.gam
E       DraftModel.cpp[1002]02/04 19:50:58 Error: Couldn't load texture data\models\vehicles\belaz\cab01_mt.dds for model cargov1.gam
E       DraftModel.cpp[1002]02/04 19:50:58 Error: Couldn't load texture data\models\vehicles\belaz\cab01_mt.dds for model cargov1.gam
E serverAnimatedModel.cpp[0627]02/04 19:51:03 ServerAnimatedModels: cannot read file: file:data\models\AnimModels.xml id = dweller_brodyaga
E serverAnimatedModel.cpp[0627]02/04 19:51:03 ServerAnimatedModels: cannot read file: file:data\models\AnimModels.xml id = mask_debik
E serverAnimatedModel.cpp[0627]02/04 19:51:03 ServerAnimatedModels: cannot read file: file:data\models\AnimModels.xml id = big_brock_wall
E serverAnimatedModel.cpp[0627]02/04 19:51:03 ServerAnimatedModels: cannot read file: file:data\models\AnimModels.xml id = dub1_r2
E serverAnimatedModel.cpp[0627]02/04 19:51:03 ServerAnimatedModels: cannot read file: file:data\models\AnimModels.xml id = boss_barrel
I serverAnimatedModel.cpp[0630]02/04 19:51:03 ### Total time: 12434, GAM time: 11510
I       DataServer.cpp[0587]02/04 19:51:03 Loading Servers: data\models\commonservers.xml
E      serverMusic.cpp[0216]02/04 19:51:03 MusicServer: cannot read file: data\music\music.xml id = 'LaBelleTown'
E      serverMusic.cpp[0216]02/04 19:51:03 MusicServer: cannot read file: data\music\music.xml id = 'block6_driving2'
I            world.cpp[0210]02/04 19:51:03 ----------------------- Servers loaded in: 13270
I            world.cpp[0338]02/04 19:51:03 LoadWorld begin...
I            world.cpp[0350]02/04 19:51:03 %%%% read/parse xml: 17
I            world.cpp[0362]02/04 19:51:03 %%%% read from xml: 7
I            world.cpp[0444]02/04 19:51:03 %%%% link nodes: 31
I            world.cpp[0220]02/04 19:51:03 ----------------------- Nodes loaded in: 57
I            world.cpp[0228]02/04 19:51:03 ----------------------- Prefabs loaded in: 0
I           m3dapp.cpp[1336]02/04 19:51:03 d3d: Cannot open data\weatherTexs\LoadMe.txt
I           m3dapp.cpp[1336]02/04 19:51:03 d3d: texmap failed to load: data\weatherTexs\LoadMe.txt
I            world.cpp[0247]02/04 19:51:04 ----------------------- World loaded in: 16977
E        GamParser.cpp[0399]02/04 19:51:04 AnimatedModel::LoadGAM -- cannot open file data\models\roads\road_small_highway\small_highway_end.gam-
I      roadManager.cpp[0139]02/04 19:51:04 RoadManager error( model not loaded ): data\models\roads\road_small_highway\small_highway_end.gam-
I            world.cpp[0278]02/04 19:51:04 ----------------------- Roads loaded in: 359
I           view32.cpp[1078]02/04 19:51:04 Load Server begin...
I            Reply.cpp[0415]02/04 19:51:05 Replies were loaded successfully from file data\if\diz\DialogsGlobal.xml
I            Reply.cpp[0415]02/04 19:51:05 Replies were loaded successfully from file data\if\diz\DynamicDialogsGlobal.xml
I            Reply.cpp[0343]02/04 19:51:05 RepliesManager was inited successfully
I    GameUiManager.cpp[1603]02/04 19:51:05 Interface: loading resources ...
I     ObjectsIcons.cpp[0198]02/04 19:51:09 ObjectsIcons::AddIcon warning - ico with id SpeedPointer already exists and wiil be replaced
I    GameUiManager.cpp[1603]02/04 19:51:12 Interface: loading resources ...
I   TruxxUiManager.cpp[0974]02/04 19:51:12 Interface: is loaded successfully
I           server.cpp[0789]02/04 19:51:12 AI: Loading Server...
I           server.cpp[0796]02/04 19:51:12 	AI: Loading Relationship
I     Relationship.cpp[0134]02/04 19:51:12 		 File readed
I           server.cpp[0801]02/04 19:51:12 	AI: Loading SoilProps
I           server.cpp[0804]02/04 19:51:12 	AI: Loading ExternalPaths
I           server.cpp[0807]02/04 19:51:12 	AI: Loading PlayerPassMap
I           server.cpp[0813]02/04 19:51:12 	AI: Loading GameObjects
I           server.cpp[0816]02/04 19:51:12 	AI: Initializing VehicleGeneratorInfoCache
I           server.cpp[0820]02/04 19:51:12 	AI: Refreshing GameObjects
E      VehiclePart.cpp[0138]02/04 19:51:12 Error: collision geom in vehicle part name = 'boss04station' is not BOX
E      VehiclePart.cpp[0138]02/04 19:51:13 Error: collision geom in vehicle part name = 'heavy_dot1' is not BOX
I           server.cpp[0824]02/04 19:51:13 	AI: Loading QuestStates
I       QuestState.cpp[0904]02/04 19:51:13 Quest 'Human1_Quest1' can be given now
I       QuestState.cpp[0904]02/04 19:51:13 Quest 'Human1_Quest2' can be given now
I       QuestState.cpp[0904]02/04 19:51:13 Quest 'BenGoodEnd' can be given now
I       QuestState.cpp[0904]02/04 19:51:13 Quest 'q_PlaceWithSign' can be given now
I       QuestState.cpp[0904]02/04 19:51:13 Quest 'r3m2_OracleMemory' can be given now
I       QuestState.cpp[0904]02/04 19:51:13 Quest 'r3m2_TalkWithLisa' can be given now
I       QuestState.cpp[0904]02/04 19:51:13 Quest 'r3m2_TalkWithBenAboutCarAfterOracul' can be given now
I       QuestState.cpp[0904]02/04 19:51:13 Quest 'r3m2_FindInfoAboutFather' can be given now
I       QuestState.cpp[0904]02/04 19:51:13 Quest 'r3m1_LureMainDriud' can be given now
I       QuestState.cpp[0904]02/04 19:51:13 Quest 'r3m1_ClearSanctuary' can be given now
I       QuestState.cpp[0904]02/04 19:51:13 Quest 'r3m1_KnowAboutUluk' can be given now
I       QuestState.cpp[0904]02/04 19:51:13 Quest 'r3m1_RescueUlukCivil' can be given now
I       QuestState.cpp[0904]02/04 19:51:13 Quest 'q_VisitDruid' can be given now
I       QuestState.cpp[0904]02/04 19:51:13 Quest 'r2m2_Znaki2_Quest' can be given now
I       QuestState.cpp[0904]02/04 19:51:13 Quest 'r2m2_HeadsHunterQuest' can be given now
I       QuestState.cpp[0904]02/04 19:51:13 Quest 'r2m2_OldDvigatel1_Quest' can be given now
I       QuestState.cpp[0904]02/04 19:51:13 Quest 'r2m2_OldDvigatel2_Quest' can be given now
I       QuestState.cpp[0904]02/04 19:51:13 Quest 'r2m2_FightFelix' can be given now
I       QuestState.cpp[0904]02/04 19:51:13 Quest 'r2m2_ReturnToMarecciaFromCastle' can be given now
I       QuestState.cpp[0904]02/04 19:51:13 Quest 'r2m2_FightWithAxelInArena_Quest' can be given now
I       QuestState.cpp[0904]02/04 19:51:13 Quest 'r2m2_FindLisAfterAxelAndFatherDie_Quest' can be given now
I       QuestState.cpp[0904]02/04 19:51:13 Quest 'r2m2_ToLisaToMonastir' can be given now
I       QuestState.cpp[0904]02/04 19:51:13 Quest 'r2m2_FightLisaToMonastir' can be given now
I       QuestState.cpp[0904]02/04 19:51:13 Quest 'r2m2_GiveDisk2ToOrakul' can be given now
I       QuestState.cpp[0904]02/04 19:51:13 Quest 'MrShlyapa3_Quest' can be given now
I       QuestState.cpp[0904]02/04 19:51:13 Quest 'r2m1_ArtAntipod_Quest' can be given now
I       QuestState.cpp[0904]02/04 19:51:13 Quest 'r2m1_TakeNarcotics_Quest' can be given now
I       QuestState.cpp[0904]02/04 19:51:13 Quest 'r2m1_KillGodFather_Quest' can be given now
I       QuestState.cpp[0904]02/04 19:51:13 Quest 'MrShlyapaSecret' can be given now
I       QuestState.cpp[0904]02/04 19:51:13 Quest 'd_GetSupportOneOfTheBands2_Quest' can be given now
I       QuestState.cpp[0904]02/04 19:51:13 Quest 'd_GetSupportOneOfTheBands1_Quest' can be given now
I       QuestState.cpp[0904]02/04 19:51:13 Quest 'd_FindVerbInAR_Quest' can be given now
I       QuestState.cpp[0904]02/04 19:51:13 Quest 'd_FindVerbInSNG_Quest' can be given now
I       QuestState.cpp[0904]02/04 19:51:13 Quest 'd_PatrulSideSNG_Quest' can be given now
I       QuestState.cpp[0904]02/04 19:51:13 Quest 'd_TakeGeneralOfBandits_Quest' can be given now
I       QuestState.cpp[0904]02/04 19:51:13 Quest 'r2m1_TW_AlienInShip' can be given now
I       QuestState.cpp[0904]02/04 19:51:13 Quest 'Podderzhka_Quest' can be given now
I       QuestState.cpp[0904]02/04 19:51:13 Quest 'Zashita_Quest' can be given now
I       QuestState.cpp[0904]02/04 19:51:13 Quest 'preEretik_Quest' can be given now
I       QuestState.cpp[0904]02/04 19:51:13 Quest 'ReturnQuest' can be given now
I       QuestState.cpp[0904]02/04 19:51:13 Quest 'd_FindVerbInAM_Quest' can be given now
I       QuestState.cpp[0904]02/04 19:51:13 Quest 'OdettIsDead_Quest' can be given now
I       QuestState.cpp[0904]02/04 19:51:13 Quest 'Disk2OrakulLisa' can be given now
I       QuestState.cpp[0904]02/04 19:51:13 Quest 'FindGomerB_Quest1' can be given now
I       QuestState.cpp[0904]02/04 19:51:13 Quest 'FreeExtremistLeader_Quest1' can be given now
I       QuestState.cpp[0904]02/04 19:51:13 Quest 'KillExtremist_Quest1' can be given now
I       QuestState.cpp[0904]02/04 19:51:13 Quest 'r1m4_TalkWithOldTraderAboutSecondDisk' can be given now
I       QuestState.cpp[0904]02/04 19:51:13 Quest 'q_FindHusbent' can be given now
I       QuestState.cpp[0904]02/04 19:51:13 Quest 'RybakToOlm_Quest' can be given now
I       QuestState.cpp[0904]02/04 19:51:13 Quest 'AnanagaTech_Quest' can be given now
I       QuestState.cpp[0904]02/04 19:51:13 Quest 'MrShlyapa2_Quest' can be given now
I       QuestState.cpp[0904]02/04 19:51:13 Quest 'ToCordanToTikhomir_Quest' can be given now
I       QuestState.cpp[0904]02/04 19:51:13 Quest 'r1m3_BonnyAndKlideQuest' can be given now
I       QuestState.cpp[0904]02/04 19:51:13 Quest 'r1m3_ArchHelp' can be given now
I       QuestState.cpp[0904]02/04 19:51:13 Quest 'r1m3_CrazyManQuest' can be given now
I       QuestState.cpp[0904]02/04 19:51:13 Quest 'r1m3_OldTownOutsiderCar2_Quest' can be given now
I       QuestState.cpp[0904]02/04 19:51:13 Quest 'FightForPesht' can be given now
I       QuestState.cpp[0904]02/04 19:51:13 Quest 'd_RideAcrossBase_Quest' can be given now
I       QuestState.cpp[0904]02/04 19:51:13 Quest 'd_GiveMoneyToBase_Quest' can be given now
I       QuestState.cpp[0904]02/04 19:51:13 Quest 'd_GetBomb_Quest' can be given now
I       QuestState.cpp[0904]02/04 19:51:13 Quest 'd_IntrigaOfMerMinin_Quest' can be given now
I       QuestState.cpp[0904]02/04 19:51:13 Quest 'd_MoveFreelancersToOilMine_Quest' can be given now
I       QuestState.cpp[0904]02/04 19:51:13 Quest 'd_MoveCanistraToMinin_Quest' can be given now
I       QuestState.cpp[0904]02/04 19:51:13 Quest 'd_OpenTunel_Quest' can be given now
I       QuestState.cpp[0904]02/04 19:51:13 Quest 'r1m3_TalkWithThiefFromFatherHouse' can be given now
I       QuestState.cpp[0904]02/04 19:51:13 Quest 'r1m3_MoveToOraculAfterThief' can be given now
I       QuestState.cpp[0904]02/04 19:51:13 Quest 'r1m3_ToLisaToAsgard' can be given now
I       QuestState.cpp[0904]02/04 19:51:13 Quest 'r1m3_TW_OralceAboutAlien' can be given now
I       QuestState.cpp[0904]02/04 19:51:13 Quest 'r1m3_DestroyRadiationSource' can be given now
I       QuestState.cpp[0904]02/04 19:51:13 Quest 'r2m1_DestroyAlienShip' can be given now
I       QuestState.cpp[0904]02/04 19:51:13 Quest 'd_PayWorkersMoney_Quest' can be given now
I       QuestState.cpp[0904]02/04 19:51:13 Quest 'r2m1_TW_SellsCivilian' can be given now
I       QuestState.cpp[0904]02/04 19:51:13 Quest 'MorskieVrata2_Quest' can be given now
I       QuestState.cpp[0904]02/04 19:51:13 Quest 'Zachisti1_Quest' can be given now
I       QuestState.cpp[0904]02/04 19:51:13 Quest 'LisaVPeshte' can be given now
I       QuestState.cpp[0904]02/04 19:51:13 Quest 'LisaUBena' can be given now
I       QuestState.cpp[0904]02/04 19:51:13 Quest 'WhereSigns_Quest' can be given now
I       QuestState.cpp[0904]02/04 19:51:13 Quest 'CombatInKollizey_Quest' can be given now
I       QuestState.cpp[0904]02/04 19:51:13 Quest 'BuyKollizey_Quest' can be given now
I       QuestState.cpp[0904]02/04 19:51:13 Quest 'Kollizey_Quest' can be given now
I       QuestState.cpp[0904]02/04 19:51:13 Quest 'HelpRuins_Quest' can be given now
I       QuestState.cpp[0904]02/04 19:51:13 Quest 'DestroyRuins_Quest' can be given now
I       QuestState.cpp[0904]02/04 19:51:13 Quest 'DestroyRuins2_Quest' can be given now
I       QuestState.cpp[0904]02/04 19:51:13 Quest 'Signs_Quest' can be given now
I       QuestState.cpp[0904]02/04 19:51:13 Quest 'MrShlyapa1_Quest' can be given now
I       QuestState.cpp[0904]02/04 19:51:13 Quest 'FindBen2_Quest' can be given now
I       QuestState.cpp[0904]02/04 19:51:13 Quest 'd_FindHouseOfBen_Quest' can be given now
I       QuestState.cpp[0904]02/04 19:51:13 Quest 'r1m2_TW_BanAboutAlien' can be given now
I       QuestState.cpp[0904]02/04 19:51:13 Quest 'r1m3_DestroyOracle' can be given now
I       QuestState.cpp[0904]02/04 19:51:13 Quest 'Pomiritsa_Quest' can be given now
I       QuestState.cpp[0904]02/04 19:51:13 Quest 'VYar_Quest' can be given now
I       QuestState.cpp[0904]02/04 19:51:13 Quest 'FindBenMZ_Quest' can be given now
I       QuestState.cpp[0904]02/04 19:51:13 Quest 'QuickFindBen' can be given now
I       QuestState.cpp[0904]02/04 19:51:13 Quest 'OpenMid_Quest' can be given now
I       QuestState.cpp[0904]02/04 19:51:13 Quest 'TalkBeforeDesert' can be given now
I       QuestState.cpp[0904]02/04 19:51:13 Quest 'ZashitaGotova' can be given now
I       QuestState.cpp[0904]02/04 19:51:13 Quest 'FakeQuest1' can be given now
I       QuestState.cpp[0904]02/04 19:51:13 Quest 'Chehly_Quest' can be given now
I       QuestState.cpp[0904]02/04 19:51:13 Quest 'WorkGiver_Quest1' can be given now
I       QuestState.cpp[0904]02/04 19:51:13 Quest 'd_PunishBandits_Quest' can be given now
I       QuestState.cpp[0904]02/04 19:51:13 Quest 'r1m1_Hospital_Quest' can be given now
I       QuestState.cpp[0904]02/04 19:51:13 Quest 'r1m1_Botanik_Quest' can be given now
I       QuestState.cpp[0904]02/04 19:51:13 Quest 'r1m1_FindBotanik_Quest' can be given now
I       QuestState.cpp[0904]02/04 19:51:13 Quest 'Buyer_Quest1' can be given now
I       QuestState.cpp[0904]02/04 19:51:13 Quest 'FirstTimePlay' can be given now
I       QuestState.cpp[0904]02/04 19:51:13 Quest 'TalkWithFather_Quest' can be given now
I       QuestState.cpp[0904]02/04 19:51:13 Quest 'LisaAtSouth' can be given now
I       QuestState.cpp[0904]02/04 19:51:13 Quest 'FindBen_Quest' can be given now
I       QuestState.cpp[0904]02/04 19:51:13 Quest 'FindBenAgain_Quest' can be given now
I       QuestState.cpp[0904]02/04 19:51:13 Quest 'd_SinFather_Quest' can be given now
I       QuestState.cpp[0904]02/04 19:51:13 Quest 'TalkToVasily' can be given now
I       QuestState.cpp[0904]02/04 19:51:13 Quest 'CheckTheEast' can be given now
I       QuestState.cpp[0904]02/04 19:51:13 Quest 'BenSouth_Quest' can be given now
I           server.cpp[0826]02/04 19:51:13 	AI: QuestStates loaded
I           server.cpp[0828]02/04 19:51:13 	AI: Loading DynamicScene
I     DynamicScene.cpp[1470]02/04 19:51:13 		 Scene loading begin
I     DynamicScene.cpp[1472]02/04 19:51:14 		 Scene loading end
I           server.cpp[0837]02/04 19:51:14 	AI: DynamicScene loaded
I           server.cpp[0852]02/04 19:51:14 	AI: Loading Triggers
I           server.cpp[0855]02/04 19:51:14 	AI: Triggers loaded
I           server.cpp[0857]02/04 19:51:14 	AI: Loading Object Names
I           server.cpp[0868]02/04 19:51:14 	AI: Initing Player
I           server.cpp[0888]02/04 19:51:14 		Before first Update
I           server.cpp[0909]02/04 19:51:14 		After first Update
I           server.cpp[0911]02/04 19:51:14 AI: Finished Loading Server
I           view32.cpp[1106]02/04 19:51:14 Load server end
I        QuestInfo.cpp[0847]02/04 19:51:14 Quest infos were loaded successfully from file data\if\diz\QuestInfoGlobal.xml
I        QuestInfo.cpp[0783]02/04 19:51:14 QuestInfo manager was inited successfully
I        LevelInfo.cpp[1619]02/04 19:51:14 LevelInfoManager::AddVisitedLevel error - level with name 'r9m1' does not exist
I        LevelInfo.cpp[1602]02/04 19:51:14 LevelInfoManager::AddKnownLevel error - level with name 'r9m1' does not exist
I    GameUiManager.cpp[0303]02/04 19:51:14 Interface: is initializing...
I    GameUiManager.cpp[0395]02/04 19:51:14 Interface: is inited successfully
I      MapComboBox.cpp[0195]02/04 19:51:14 Error in updating map list: no info for current map exists
I     GlobalMapWnd.cpp[0157]02/04 19:51:14 Make control error: control mainmenu_ico is not found or incorrect type
I     GlobalMapWnd.cpp[0157]02/04 19:51:14 Make control error: control r1m8_ico is not found or incorrect type
I     GlobalMapWnd.cpp[0157]02/04 19:51:14 Make control error: control r1m7_ico is not found or incorrect type
I     GlobalMapWnd.cpp[0157]02/04 19:51:14 Make control error: control r4m0_ico is not found or incorrect type
I     GlobalMapWnd.cpp[0157]02/04 19:51:14 Make control error: control r8m1_ico is not found or incorrect type
I     GlobalMapWnd.cpp[0157]02/04 19:51:14 Make control error: control r11m1_ico is not found or incorrect type
I     GlobalMapWnd.cpp[0203]02/04 19:51:14 GlobalMapWnd: error - fail to init because of a bad resource
I blockMusicManager.cpp[0185]02/04 19:51:14 BlockMusicManager: start playing new music: blockNum = 0, musicType = 0, name = 'block0_driving'
I       console_string[0234]02/04 19:51:24 ---------------------- CHEAT WAS USED --------- ANTICHEAT -----------------
I        FadingMsg.cpp[0199]02/04 19:51:24 Fading message: '@FFFF1493Обнаружено использование чит-кодов. Система достижений @FFFF0000ЗАБЛОКИРОВАНА. @FFFF1493В техподдержке @FFFF0000ОТКАЗАНО.'
I        FadingMsg.cpp[0199]02/04 19:51:24 Fading message: '@FFFF1493Обнаружено использование чит-кодов. Система достижений @FFFF0000ЗАБЛОКИРОВАНА. @FFFF1493В техподдержке @FFFF0000ОТКАЗАНО.'
I       console_string[0234]02/04 19:52:23 ---------------------- CHEAT WAS USED --------- ANTICHEAT -----------------
I        FadingMsg.cpp[0199]02/04 19:52:23 Fading message: '@FFFF1493Обнаружено использование чит-кодов. Система достижений @FFFF0000ЗАБЛОКИРОВАНА. @FFFF1493В техподдержке @FFFF0000ОТКАЗАНО.'
I        FadingMsg.cpp[0199]02/04 19:52:23 Fading message: '@FFFF1493Обнаружено использование чит-кодов. Система достижений @FFFF0000ЗАБЛОКИРОВАНА. @FFFF1493В техподдержке @FFFF0000ОТКАЗАНО.'
I           m3dapp.cpp[1336]02/04 19:52:36 d3d: Device reset ok
I             util.cpp[0423]02/04 19:57:12 Maximum joint count reached: 21
I           m3dapp.cpp[1350]02/04 20:01:07 input: CInput_di8::GetLastKbdEvent() error - cannot translate key wit scan code 731
I           m3dapp.cpp[1350]02/04 20:01:07 input: CInput_di8::GetLastKbdEvent() error - cannot translate key wit scan code 219
I         gamemenu.cpp[0283]02/04 20:01:09 Quit to Windows
I           view32.cpp[0815]02/04 20:01:09 --- Done Media ---
I    GameUiManager.cpp[0405]02/04 20:01:09 Interface: is clearing...
I    GameUiManager.cpp[0495]02/04 20:01:09 Interface: is cleared successfully
I    GameUiManager.cpp[0257]02/04 20:01:09 Interface: done...
I    GameUiManager.cpp[1580]02/04 20:01:09 Interface: clearing resource infos ...
I    GameUiManager.cpp[0292]02/04 20:01:09 Interface: is done
I           view32.cpp[0843]02/04 20:01:09 --- Done Media: Ok ---
I           m3dapp.cpp[1343]02/04 20:01:09 snd: Deleting Sound...
I           m3dapp.cpp[1343]02/04 20:01:09 snd: Stopping all sounds in FMOD...
I           m3dapp.cpp[1343]02/04 20:01:09 snd: Closing FMOD...
I           m3dapp.cpp[1343]02/04 20:01:09 snd: Deleting all sounds...
I           m3dapp.cpp[1343]02/04 20:01:09 snd: 	Stopping all sounds
I           m3dapp.cpp[1343]02/04 20:01:09 snd: 	Deleting all sounds from table
I           m3dapp.cpp[1343]02/04 20:01:09 snd: 	Sounds deleted
I           m3dapp.cpp[1343]02/04 20:01:09 snd: Sound is uninstalled
I      gameimpulse.cpp[0618]02/04 20:01:09 Key bindings: unbind all is done
I      gameimpulse.cpp[0343]02/04 20:01:09 Key bindings: is done
----------------------------------------------- Log ends on Sun Apr 02 20:01:10 2023 -----------------------------------------------




