-==- -==- -==- -==- -==- -==- -==- -==- -==- -==- -==- -==- -==- -==- -==-
-==
-== Log category   : Unhandled exception info
-== Build          : ExMachina - release version release build v1.03 (Feb 10 2006 16:30:09)
-==
-== Exception      : 0xC0000005 at address 0x004A4F0B
-== Exception type : ACCESS VIOLATION  read attempt to address 0x00000027 
-==
-==- -==- -==- -==- -==- -==- -==- -==- -==- -==- -==- -==- -==- -==- -==-

1: 05/11/23 02:23:11
1: Physical memory = 2047 MB
1: Total memory    = 4095 MB
1: Physical memory available      = 1458 MB
1: Total virtual memory           = 2047 MB
1: Total virtual memory available = 1094 MB
1: Page file available            = 3522 MB

1: Data from MemoryManager:
1: mem used:           268725879
1: mem allocated:      295137639
1: mem overhead:        10735920
1: last allocation:            0


1:   0
1:     Mod:  M3DEditor, base: 00400000h

1:   1
1:     Mod:  MFC71, base: 7c140000h
1:     Offset: 0x7c16e0b0
1:     Sym:  type: -nosymbols-, file: C:\Windows\system32\MFC71.DLL

1:   2
1:     Mod:  MFC71, base: 7c140000h
1:     Offset: 0x7c16e14f
1:     Sym:  type: -nosymbols-, file: C:\Windows\system32\MFC71.DLL

1:   3
1:     Mod:  MFC71, base: 7c140000h
1:     Offset: 0x7c16e1b8
1:     Sym:  type: -nosymbols-, file: C:\Windows\system32\MFC71.DLL

1:   4
1:     Mod:  MFC71, base: 7c140000h
1:     Offset: 0x7c16e1f6
1:     Sym:  type: -nosymbols-, file: C:\Windows\system32\MFC71.DLL

1:   5     gapfnScSendMessage +455 bytes
1:     Decl: gapfnScSendMessage
1:     Mod:  USER32, base: 76db0000h

1:   6     gapfnScSendMessage +711 bytes
1:     Decl: gapfnScSendMessage
1:     Mod:  USER32, base: 76db0000h

1:   7     gapfnScSendMessage +2297 bytes
1:     Decl: gapfnScSendMessage
1:     Mod:  USER32, base: 76db0000h

1:   8     DispatchMessageA +15 bytes
1:     Decl: DispatchMessageA
1:     Mod:  USER32, base: 76db0000h

1:   9
1:     Mod:  MFC71, base: 7c140000h
1:     Offset: 0x7c169076
1:     Sym:  type: -nosymbols-, file: C:\Windows\system32\MFC71.DLL


Registers:
	CS:EIP 0x001B:004A4F0B
	SS:ESP 0x0023:0012FBA4
	DS:EDI 0x0023:00000016
	ES:ESI 0x0023:034836FC
	   EAX        00000027
	   EBX        00000000
	   ECX        FFFFFFFF
	   EDX        000002B0

