---------------------------------------------- Log begins on Thu May 11 02:13:58 2023 ----------------------------------------------
I           m3dapp.cpp[0088]11/05 02:13:58 Starting up...
I           m3dapp.cpp[1498]11/05 02:13:58 ExMachina - release version release build v1.02 (Dec 21 2005 12:15:10)
I      Stackwalker.cpp[0608]11/05 02:13:58 Stackwalker: log file name will be 'd:/games/ex machina mods/exmachina gm.mod sdk new/exceptions/hta.exe0002.log'
I      Stackwalker.cpp[0609]11/05 02:13:58 Stackwalker: dump file name will be 'd:/games/ex machina mods/exmachina gm.mod sdk new/exceptions/hta.exe0002.dmp'
I      Stackwalker.cpp[0610]11/05 02:13:58 Stackwalker: game log file name will be 'd:/games/ex machina mods/exmachina gm.mod sdk new/exceptions/hta.exe0002_game.log'
I           m3dapp.cpp[1391]11/05 02:13:58 Path: D:\Games\EX Machina Mods\ExMachina GM.mod SDK new
I           m3dapp.cpp[1392]11/05 02:13:58 Exe: D:\Games\EX Machina Mods\ExMachina GM.mod SDK new\hta.exe
I           m3dapp.cpp[1401]11/05 02:13:58 Windows version: 6.1.7601
I           m3dapp.cpp[1410]11/05 02:13:58 Computer name: RIVER-PC
I           m3dapp.cpp[1430]11/05 02:13:58 Cpu: GenuineIntel
I           m3dapp.cpp[1434]11/05 02:13:58 Cpu clock: ~1596
I           m3dapp.cpp[1459]11/05 02:13:58 Processor is mmx able
I           m3dapp.cpp[1470]11/05 02:13:58 Physical memory: 2047 MB
I           m3dapp.cpp[1471]11/05 02:13:58 Total memory:    4095 MB
I           m3dapp.cpp[1472]11/05 02:13:58 Physical memory available: 2047 MB
I           m3dapp.cpp[1473]11/05 02:13:58 Total memory available:    1914 MB
I           m3dapp.cpp[2846]11/05 02:13:58 SetCodepage -- using codepage 1251 '1251  (ANSI - кириллица)'
I           m3dapp.cpp[2154]11/05 02:13:59 NOTE! renderer is bind to dxrender9.dll
I           m3dapp.cpp[1336]11/05 02:13:59 d3d: Given device behavior: 80
I           m3dapp.cpp[1336]11/05 02:13:59 d3d: Confirmed device behavior: 80
I           m3dapp.cpp[1336]11/05 02:13:59 d3d: Description: Intel(R) HD Graphics Family
I           m3dapp.cpp[1336]11/05 02:13:59 d3d: Driver:      igdumdx32.dll
I           m3dapp.cpp[1336]11/05 02:13:59 d3d: VendorId:    0x8086
I           m3dapp.cpp[1336]11/05 02:13:59 d3d: DeviceId:    0x106
I           m3dapp.cpp[1336]11/05 02:13:59 d3d: SubSysId:    0x3672103c
I           m3dapp.cpp[1336]11/05 02:13:59 d3d: Revision:    9
I           m3dapp.cpp[1336]11/05 02:13:59 d3d: Driver version info:
I           m3dapp.cpp[1336]11/05 02:13:59 d3d:   Product:    8
I           m3dapp.cpp[1336]11/05 02:13:59 d3d:   Version:    15
I           m3dapp.cpp[1336]11/05 02:13:59 d3d:   SubVersion: 10
I           m3dapp.cpp[1336]11/05 02:13:59 d3d:   Build:      2622
I           m3dapp.cpp[1336]11/05 02:13:59 d3d: WHQLLevel:    0
I           m3dapp.cpp[1336]11/05 02:13:59 d3d: Texture max size: 8192x8192
I           m3dapp.cpp[1336]11/05 02:13:59 d3d: Guard band: (-8192.000,-8192.000,8192.000,8192.000)
I           m3dapp.cpp[1336]11/05 02:13:59 d3d: MaxTextureBlendStages: 8
I           m3dapp.cpp[1336]11/05 02:13:59 d3d: MaxSimultaneousTextures: 8
I           m3dapp.cpp[1336]11/05 02:13:59 d3d: MaxActiveLights: 10
I           m3dapp.cpp[1336]11/05 02:13:59 d3d: MaxUserClipPlanes: 6
I           m3dapp.cpp[1336]11/05 02:13:59 d3d: VertexShaderVersion: 0xfffe0300
I           m3dapp.cpp[1336]11/05 02:13:59 d3d: PixelShaderVersion: 0xffff0300
I           m3dapp.cpp[1336]11/05 02:13:59 d3d: Geometry instancing: supported
I           m3dapp.cpp[1336]11/05 02:13:59 d3d: Depth bias supported: yes
I           m3dapp.cpp[1336]11/05 02:13:59 d3d: Slope-scale based depth bias supported: yes
I           m3dapp.cpp[1336]11/05 02:13:59 d3d: HwRasterization: true
I           m3dapp.cpp[1336]11/05 02:13:59 d3d: HwTnL: true
I           m3dapp.cpp[1336]11/05 02:13:59 d3d: PureDevice: true
I           m3dapp.cpp[1336]11/05 02:13:59 d3d: CubeMap: true
I           m3dapp.cpp[1336]11/05 02:13:59 d3d: VolumeMap: true
I           m3dapp.cpp[1336]11/05 02:13:59 d3d: TextureAddressCaps:
I           m3dapp.cpp[1336]11/05 02:13:59 d3d: 	wrap: true
I           m3dapp.cpp[1336]11/05 02:13:59 d3d: 	clamp: true
I           m3dapp.cpp[1336]11/05 02:13:59 d3d: 	border: true
I           m3dapp.cpp[1336]11/05 02:13:59 d3d: Projective textures: true
I           m3dapp.cpp[1336]11/05 02:13:59 d3d: MaxPointSize: 256.000
I           m3dapp.cpp[1336]11/05 02:13:59 d3d: MaxPrimitiveCount: 1048575
I           m3dapp.cpp[1336]11/05 02:13:59 d3d: MaxVertexIndex: 16777215
I           m3dapp.cpp[1336]11/05 02:13:59 d3d: MaxStreams: 16
I           m3dapp.cpp[1336]11/05 02:13:59 d3d: MaxStreamsStride: 255
I           m3dapp.cpp[1336]11/05 02:13:59 d3d: MaxAnisotropy: 16
I           m3dapp.cpp[1336]11/05 02:13:59 d3d: MaxVertexBlendMatrices: 4
I           m3dapp.cpp[1336]11/05 02:13:59 d3d: MaxVertexBlendMatrixIndex: 8
I           m3dapp.cpp[1336]11/05 02:13:59 d3d: FullScreenGamma: true
I           m3dapp.cpp[1336]11/05 02:13:59 d3d: COLORWRITEENABLE: true
I           m3dapp.cpp[1336]11/05 02:13:59 d3d: MASKZ: true
I           m3dapp.cpp[1336]11/05 02:13:59 d3d: BLENDOP: true
I           m3dapp.cpp[1336]11/05 02:13:59 d3d: CLIPPLANESCALEDPOINTS: false
I           m3dapp.cpp[1336]11/05 02:13:59 d3d: CLIPTLVERTS: false
I           m3dapp.cpp[1336]11/05 02:13:59 d3d: TSSARGTEMP: true
I           m3dapp.cpp[1336]11/05 02:13:59 d3d: DIRECTIONALLIGHTS: true
I           m3dapp.cpp[1336]11/05 02:13:59 d3d: LOCALVIEWER: true
I           m3dapp.cpp[1336]11/05 02:13:59 d3d: POSITIONALLIGHTS: true
I           m3dapp.cpp[1336]11/05 02:13:59 d3d: TEXGEN:  true
I           m3dapp.cpp[1336]11/05 02:13:59 d3d: TWEENING:  true
I           m3dapp.cpp[1336]11/05 02:13:59 d3d: Dp3: true
I           m3dapp.cpp[1336]11/05 02:13:59 d3d: Lerp: true
I           m3dapp.cpp[1336]11/05 02:13:59 d3d: MaxNpatchTessellationLevel: 0.000
I           m3dapp.cpp[1336]11/05 02:13:59 d3d: Query VCACHE support: true
I           m3dapp.cpp[1336]11/05 02:13:59 d3d: Query EVENT support: true
I           m3dapp.cpp[1336]11/05 02:13:59 d3d: Query OCCLUSION support: true
I           m3dapp.cpp[1336]11/05 02:13:59 d3d: Query TIMESTAMP support: true
I           m3dapp.cpp[1336]11/05 02:13:59 d3d: Query TIMESTAMPDISJOINT support: true
I           m3dapp.cpp[1336]11/05 02:13:59 d3d: Query TIMESTAMPFREQ support: true
I           m3dapp.cpp[1336]11/05 02:13:59 d3d: Query PIPELINETIMINGS support: false
I           m3dapp.cpp[1336]11/05 02:13:59 d3d: Query INTERFACETIMINGS support: false
I           m3dapp.cpp[1336]11/05 02:13:59 d3d: Query VERTEXTIMINGS support: false
I           m3dapp.cpp[1336]11/05 02:13:59 d3d: Query PIXELTIMINGS support: false
I           m3dapp.cpp[1336]11/05 02:13:59 d3d: Query BANDWIDTHTIMINGS support: false
I           m3dapp.cpp[1336]11/05 02:13:59 d3d: Query CACHEUTILIZATION support: false
I           m3dapp.cpp[1336]11/05 02:13:59 d3d: Creating or resetting the device
I           m3dapp.cpp[1336]11/05 02:13:59 d3d: Back buffer format: X8R8G8B8
I           m3dapp.cpp[1336]11/05 02:13:59 d3d: Depth/stencil buffer format: D24S8
I           m3dapp.cpp[1336]11/05 02:13:59 d3d: Stenciling: off
I           m3dapp.cpp[1336]11/05 02:13:59 d3d: Rgba textures format: DXT5
I           m3dapp.cpp[1336]11/05 02:13:59 d3d: Rgba no c. textures format: A8R8G8B8
I           m3dapp.cpp[1336]11/05 02:13:59 d3d: RgbA textures format: DXT5
I           m3dapp.cpp[1336]11/05 02:13:59 d3d: RgbA no c. textures format: A4R4G4B4
I           m3dapp.cpp[1336]11/05 02:13:59 d3d: Rt textures format: A8R8G8B8
I           m3dapp.cpp[1336]11/05 02:13:59 d3d: Shadow textures format: R5G6B5
I           m3dapp.cpp[1336]11/05 02:13:59 d3d: Rt depth format: D16
I           m3dapp.cpp[2206]11/05 02:13:59 NOTE! input is bind to input_di8.dll
I           m3dapp.cpp[1938]11/05 02:13:59 NOTE! sound is bind to sound.dll
I           m3dapp.cpp[1350]11/05 02:13:59 input: Joystick not found
I           m3dapp.cpp[1343]11/05 02:14:00 snd: Max sound channels available: 128
I           m3dapp.cpp[1343]11/05 02:14:00 snd: Sound is inited successfully
I             font.cpp[0976]11/05 02:14:00 FontManager: fonts are loaded successfully
I           m3dapp.cpp[1336]11/05 02:14:01 d3d: Cannot open data\models\logos\fishmen.dds
I           m3dapp.cpp[1336]11/05 02:14:01 d3d: texmap failed to load: data\models\logos\fishmen.dds
E       DraftModel.cpp[1002]11/05 02:14:01 Error: Couldn't load texture data\models\logos\fishmen.dds for model logos.gam
I           m3dapp.cpp[1336]11/05 02:14:01 d3d: Cannot open data\models\logos\logo32.dds
I           m3dapp.cpp[1336]11/05 02:14:01 d3d: texmap failed to load: data\models\logos\logo32.dds
E       DraftModel.cpp[1002]11/05 02:14:01 Error: Couldn't load texture data\models\logos\logo32.dds for model logos.gam
I           m3dapp.cpp[1336]11/05 02:14:01 d3d: Cannot open data\models\logos\logo33.dds
I           m3dapp.cpp[1336]11/05 02:14:01 d3d: texmap failed to load: data\models\logos\logo33.dds
E       DraftModel.cpp[1002]11/05 02:14:01 Error: Couldn't load texture data\models\logos\logo33.dds for model logos.gam
I           m3dapp.cpp[1336]11/05 02:14:01 d3d: Cannot open data\models\logos\logo34.dds
I           m3dapp.cpp[1336]11/05 02:14:01 d3d: texmap failed to load: data\models\logos\logo34.dds
E       DraftModel.cpp[1002]11/05 02:14:01 Error: Couldn't load texture data\models\logos\logo34.dds for model logos.gam
I           m3dapp.cpp[1336]11/05 02:14:01 d3d: Cannot open data\models\logos\logo35.dds
I           m3dapp.cpp[1336]11/05 02:14:01 d3d: texmap failed to load: data\models\logos\logo35.dds
E       DraftModel.cpp[1002]11/05 02:14:01 Error: Couldn't load texture data\models\logos\logo35.dds for model logos.gam
I           m3dapp.cpp[1336]11/05 02:14:01 d3d: Cannot open data\models\logos\logo36.dds
I           m3dapp.cpp[1336]11/05 02:14:01 d3d: texmap failed to load: data\models\logos\logo36.dds
E       DraftModel.cpp[1002]11/05 02:14:01 Error: Couldn't load texture data\models\logos\logo36.dds for model logos.gam
I           m3dapp.cpp[1336]11/05 02:14:01 d3d: Cannot open data\models\logos\logo37.dds
I           m3dapp.cpp[1336]11/05 02:14:01 d3d: texmap failed to load: data\models\logos\logo37.dds
E       DraftModel.cpp[1002]11/05 02:14:01 Error: Couldn't load texture data\models\logos\logo37.dds for model logos.gam
I           m3dapp.cpp[1336]11/05 02:14:01 d3d: Cannot open data\models\logos\logo38.dds
I           m3dapp.cpp[1336]11/05 02:14:01 d3d: texmap failed to load: data\models\logos\logo38.dds
E       DraftModel.cpp[1002]11/05 02:14:01 Error: Couldn't load texture data\models\logos\logo38.dds for model logos.gam
I           m3dapp.cpp[1336]11/05 02:14:01 d3d: Cannot open data\models\logos\logo39.dds
I           m3dapp.cpp[1336]11/05 02:14:01 d3d: texmap failed to load: data\models\logos\logo39.dds
E       DraftModel.cpp[1002]11/05 02:14:01 Error: Couldn't load texture data\models\logos\logo39.dds for model logos.gam
I           m3dapp.cpp[1336]11/05 02:14:01 d3d: Cannot open data\models\logos\logo40.dds
I           m3dapp.cpp[1336]11/05 02:14:01 d3d: texmap failed to load: data\models\logos\logo40.dds
E       DraftModel.cpp[1002]11/05 02:14:01 Error: Couldn't load texture data\models\logos\logo40.dds for model logos.gam
I           m3dapp.cpp[1336]11/05 02:14:01 d3d: Cannot open data\models\logos\logo41.dds
I           m3dapp.cpp[1336]11/05 02:14:01 d3d: texmap failed to load: data\models\logos\logo41.dds
E       DraftModel.cpp[1002]11/05 02:14:01 Error: Couldn't load texture data\models\logos\logo41.dds for model logos.gam
I           m3dapp.cpp[1336]11/05 02:14:01 d3d: Cannot open data\models\logos\logo42.dds
I           m3dapp.cpp[1336]11/05 02:14:01 d3d: texmap failed to load: data\models\logos\logo42.dds
E       DraftModel.cpp[1002]11/05 02:14:01 Error: Couldn't load texture data\models\logos\logo42.dds for model logos.gam
I           m3dapp.cpp[1336]11/05 02:14:01 d3d: Cannot open data\models\logos\logo43.dds
I           m3dapp.cpp[1336]11/05 02:14:01 d3d: texmap failed to load: data\models\logos\logo43.dds
E       DraftModel.cpp[1002]11/05 02:14:01 Error: Couldn't load texture data\models\logos\logo43.dds for model logos.gam
I           m3dapp.cpp[1336]11/05 02:14:01 d3d: Cannot open data\models\logos\logo44.dds
I           m3dapp.cpp[1336]11/05 02:14:01 d3d: texmap failed to load: data\models\logos\logo44.dds
E       DraftModel.cpp[1002]11/05 02:14:01 Error: Couldn't load texture data\models\logos\logo44.dds for model logos.gam
I           m3dapp.cpp[1336]11/05 02:14:01 d3d: Cannot open data\models\logos\logo45.dds
I           m3dapp.cpp[1336]11/05 02:14:01 d3d: texmap failed to load: data\models\logos\logo45.dds
E       DraftModel.cpp[1002]11/05 02:14:01 Error: Couldn't load texture data\models\logos\logo45.dds for model logos.gam
I           m3dapp.cpp[1336]11/05 02:14:01 d3d: Cannot open data\models\logos\logo46.dds
I           m3dapp.cpp[1336]11/05 02:14:01 d3d: texmap failed to load: data\models\logos\logo46.dds
E       DraftModel.cpp[1002]11/05 02:14:01 Error: Couldn't load texture data\models\logos\logo46.dds for model logos.gam
I           m3dapp.cpp[1336]11/05 02:14:01 d3d: Cannot open data\models\logos\logo47.dds
I           m3dapp.cpp[1336]11/05 02:14:01 d3d: texmap failed to load: data\models\logos\logo47.dds
E       DraftModel.cpp[1002]11/05 02:14:01 Error: Couldn't load texture data\models\logos\logo47.dds for model logos.gam
I           m3dapp.cpp[1336]11/05 02:14:01 d3d: Cannot open data\models\logos\logo48.dds
I           m3dapp.cpp[1336]11/05 02:14:01 d3d: texmap failed to load: data\models\logos\logo48.dds
E       DraftModel.cpp[1002]11/05 02:14:01 Error: Couldn't load texture data\models\logos\logo48.dds for model logos.gam
I           m3dapp.cpp[1336]11/05 02:14:01 d3d: Cannot open data\models\logos\logo49.dds
I           m3dapp.cpp[1336]11/05 02:14:01 d3d: texmap failed to load: data\models\logos\logo49.dds
E       DraftModel.cpp[1002]11/05 02:14:01 Error: Couldn't load texture data\models\logos\logo49.dds for model logos.gam
I           m3dapp.cpp[1336]11/05 02:14:01 d3d: Cannot open data\models\logos\logo50.dds
I           m3dapp.cpp[1336]11/05 02:14:01 d3d: texmap failed to load: data\models\logos\logo50.dds
E       DraftModel.cpp[1002]11/05 02:14:01 Error: Couldn't load texture data\models\logos\logo50.dds for model logos.gam
I           m3dapp.cpp[1336]11/05 02:14:01 d3d: Cannot open data\models\logos\logo51.dds
I           m3dapp.cpp[1336]11/05 02:14:01 d3d: texmap failed to load: data\models\logos\logo51.dds
E       DraftModel.cpp[1002]11/05 02:14:01 Error: Couldn't load texture data\models\logos\logo51.dds for model logos.gam
I           m3dapp.cpp[1336]11/05 02:14:01 d3d: Cannot open data\models\logos\logo52.dds
I           m3dapp.cpp[1336]11/05 02:14:01 d3d: texmap failed to load: data\models\logos\logo52.dds
E       DraftModel.cpp[1002]11/05 02:14:01 Error: Couldn't load texture data\models\logos\logo52.dds for model logos.gam
I           m3dapp.cpp[1336]11/05 02:14:01 d3d: Cannot open data\models\logos\logo53.dds
I           m3dapp.cpp[1336]11/05 02:14:01 d3d: texmap failed to load: data\models\logos\logo53.dds
E       DraftModel.cpp[1002]11/05 02:14:01 Error: Couldn't load texture data\models\logos\logo53.dds for model logos.gam
I           m3dapp.cpp[1336]11/05 02:14:01 d3d: Cannot open data\models\logos\logo54.dds
I           m3dapp.cpp[1336]11/05 02:14:01 d3d: texmap failed to load: data\models\logos\logo54.dds
E       DraftModel.cpp[1002]11/05 02:14:01 Error: Couldn't load texture data\models\logos\logo54.dds for model logos.gam
I           m3dapp.cpp[1336]11/05 02:14:01 d3d: Cannot open data\models\logos\logo55.dds
I           m3dapp.cpp[1336]11/05 02:14:01 d3d: texmap failed to load: data\models\logos\logo55.dds
E       DraftModel.cpp[1002]11/05 02:14:01 Error: Couldn't load texture data\models\logos\logo55.dds for model logos.gam
I           m3dapp.cpp[1336]11/05 02:14:01 d3d: Cannot open data\models\logos\logo56.dds
I           m3dapp.cpp[1336]11/05 02:14:01 d3d: texmap failed to load: data\models\logos\logo56.dds
E       DraftModel.cpp[1002]11/05 02:14:01 Error: Couldn't load texture data\models\logos\logo56.dds for model logos.gam
I           m3dapp.cpp[1336]11/05 02:14:01 d3d: Cannot open data\models\logos\logo57.dds
I           m3dapp.cpp[1336]11/05 02:14:01 d3d: texmap failed to load: data\models\logos\logo57.dds
E       DraftModel.cpp[1002]11/05 02:14:01 Error: Couldn't load texture data\models\logos\logo57.dds for model logos.gam
I           m3dapp.cpp[1336]11/05 02:14:01 d3d: Cannot open data\models\logos\logo58.dds
I           m3dapp.cpp[1336]11/05 02:14:01 d3d: texmap failed to load: data\models\logos\logo58.dds
E       DraftModel.cpp[1002]11/05 02:14:01 Error: Couldn't load texture data\models\logos\logo58.dds for model logos.gam
I           m3dapp.cpp[1336]11/05 02:14:01 d3d: Cannot open data\models\logos\logo59.dds
I           m3dapp.cpp[1336]11/05 02:14:01 d3d: texmap failed to load: data\models\logos\logo59.dds
E       DraftModel.cpp[1002]11/05 02:14:01 Error: Couldn't load texture data\models\logos\logo59.dds for model logos.gam
I           m3dapp.cpp[1336]11/05 02:14:01 d3d: Cannot open data\models\logos\logo60.dds
I           m3dapp.cpp[1336]11/05 02:14:01 d3d: texmap failed to load: data\models\logos\logo60.dds
E       DraftModel.cpp[1002]11/05 02:14:01 Error: Couldn't load texture data\models\logos\logo60.dds for model logos.gam
I           m3dapp.cpp[1336]11/05 02:14:01 d3d: Cannot open data\models\logos\logo61.dds
I           m3dapp.cpp[1336]11/05 02:14:01 d3d: texmap failed to load: data\models\logos\logo61.dds
E       DraftModel.cpp[1002]11/05 02:14:01 Error: Couldn't load texture data\models\logos\logo61.dds for model logos.gam
I           m3dapp.cpp[1336]11/05 02:14:01 d3d: Cannot open data\models\logos\logo62.dds
I           m3dapp.cpp[1336]11/05 02:14:01 d3d: texmap failed to load: data\models\logos\logo62.dds
E       DraftModel.cpp[1002]11/05 02:14:01 Error: Couldn't load texture data\models\logos\logo62.dds for model logos.gam
I           m3dapp.cpp[1336]11/05 02:14:01 d3d: Cannot open data\models\logos\logo63.dds
I           m3dapp.cpp[1336]11/05 02:14:01 d3d: texmap failed to load: data\models\logos\logo63.dds
E       DraftModel.cpp[1002]11/05 02:14:01 Error: Couldn't load texture data\models\logos\logo63.dds for model logos.gam
I           m3dapp.cpp[1336]11/05 02:14:01 d3d: Cannot open data\models\logos\logo64.dds
I           m3dapp.cpp[1336]11/05 02:14:01 d3d: texmap failed to load: data\models\logos\logo64.dds
E       DraftModel.cpp[1002]11/05 02:14:01 Error: Couldn't load texture data\models\logos\logo64.dds for model logos.gam
I           m3dapp.cpp[1336]11/05 02:14:01 d3d: Cannot open data\models\logos\logo65.dds
I           m3dapp.cpp[1336]11/05 02:14:01 d3d: texmap failed to load: data\models\logos\logo65.dds
E       DraftModel.cpp[1002]11/05 02:14:01 Error: Couldn't load texture data\models\logos\logo65.dds for model logos.gam
I           m3dapp.cpp[1336]11/05 02:14:01 d3d: Cannot open data\models\logos\logo66.dds
I           m3dapp.cpp[1336]11/05 02:14:01 d3d: texmap failed to load: data\models\logos\logo66.dds
E       DraftModel.cpp[1002]11/05 02:14:01 Error: Couldn't load texture data\models\logos\logo66.dds for model logos.gam
I           m3dapp.cpp[1336]11/05 02:14:01 d3d: Cannot open data\models\logos\logo67.dds
I           m3dapp.cpp[1336]11/05 02:14:01 d3d: texmap failed to load: data\models\logos\logo67.dds
E       DraftModel.cpp[1002]11/05 02:14:01 Error: Couldn't load texture data\models\logos\logo67.dds for model logos.gam
I           m3dapp.cpp[1336]11/05 02:14:01 d3d: Cannot open data\models\logos\logo68.dds
I           m3dapp.cpp[1336]11/05 02:14:01 d3d: texmap failed to load: data\models\logos\logo68.dds
E       DraftModel.cpp[1002]11/05 02:14:01 Error: Couldn't load texture data\models\logos\logo68.dds for model logos.gam
I           m3dapp.cpp[1336]11/05 02:14:01 d3d: Cannot open data\models\logos\logo69.dds
I           m3dapp.cpp[1336]11/05 02:14:01 d3d: texmap failed to load: data\models\logos\logo69.dds
E       DraftModel.cpp[1002]11/05 02:14:01 Error: Couldn't load texture data\models\logos\logo69.dds for model logos.gam
I           m3dapp.cpp[1336]11/05 02:14:01 d3d: Cannot open data\models\logos\logo70.dds
I           m3dapp.cpp[1336]11/05 02:14:01 d3d: texmap failed to load: data\models\logos\logo70.dds
E       DraftModel.cpp[1002]11/05 02:14:01 Error: Couldn't load texture data\models\logos\logo70.dds for model logos.gam
I      gameimpulse.cpp[0288]11/05 02:14:01 Key bindings: were inited successfully
I           view32.cpp[0705]11/05 02:14:01 --- Init Media ---
I    GameUiManager.cpp[0303]11/05 02:14:01 Interface: is initializing...
I    GameUiManager.cpp[1580]11/05 02:14:01 Interface: clearing resource infos ...
I    GameUiManager.cpp[1491]11/05 02:14:01 Interface: loading resource infos ...
I    GameUiManager.cpp[1603]11/05 02:14:01 Interface: loading resources ...
I           m3dapp.cpp[1343]11/05 02:14:02 snd: Error: Can't Open SoundFile: 
I           m3dapp.cpp[1343]11/05 02:14:02 snd: Cannot open sound stream from file . Error: File not found, flags: 8272
I    GameUiManager.cpp[0395]11/05 02:14:02 Interface: is inited successfully
I        LevelInfo.cpp[0806]11/05 02:14:03 Level infos were loaded successfully from file data\if\diz\LevelInfo.xml
I        LevelInfo.cpp[0837]11/05 02:14:03 Error: could't open data\maps\r1m8.ssl file
E        LevelInfo.cpp[0749]11/05 02:14:03 LevelInfoManager was inited with errors
I   TruxxUiManager.cpp[0191]11/05 02:14:03 TruxxUiManager: was inited successfully
I      gameimpulse.cpp[0618]11/05 02:14:06 Key bindings: unbind all is done
I      gameimpulse.cpp[0324]11/05 02:14:06 Key bindings: were loaded successfully from file data\scripts\DefaultKeyBindings.lua
I      gameimpulse.cpp[1194]11/05 02:14:06 Key bindings: were bind from defaults
I            video.cpp[0704]11/05 02:14:06 Could not load specified video file: data\video\logobuka.wmv (hr = 80070003)
I     view32_video.cpp[0061]11/05 02:14:06 Error: couldn't load video 'data\video\logobuka.wmv'
I            video.cpp[0704]11/05 02:14:06 Could not load specified video file: data\video\logotargem.wmv (hr = 80070003)
I     view32_video.cpp[0061]11/05 02:14:06 Error: couldn't load video 'data\video\logotargem.wmv'
I            video.cpp[0704]11/05 02:14:06 Could not load specified video file: data\video\INTRO_RUS_FIELD.wmv (hr = 80070003)
I     view32_video.cpp[0061]11/05 02:14:06 Error: couldn't load video 'data\video\INTRO_RUS_FIELD.wmv'
I             core.lua[0013]11/05 02:14:06 IMPROVED STORYLINE V1.0.5.3 ORIGINAL BUILD 220422
I           m3dapp.cpp[1808]11/05 02:14:06 ----------------------- Engine inited in: 0
I          Profile.cpp[0602]11/05 02:14:06 Profile "RiverZone" set
I   TruxxUiManager.cpp[1422]11/05 02:14:06 Game mode changed. Old mode = 3, new mode = 2
I        SplashWnd.cpp[0244]11/05 02:14:07 Start splashing 11
I           view32.cpp[1048]11/05 02:14:07 -- Loading Level: data\maps\mainmenu.ssl --
I            world.cpp[0132]11/05 02:14:07 ----------------------- World Loading
F        landscape.cpp[1674]11/05 02:14:07  +- Enter function: Landscape::Load()
I        landscape.cpp[1911]11/05 02:14:07  |  ----------------------- Normal map loaded in: 11
I        landscape.cpp[1920]11/05 02:14:07  |  ----------------------- Tiles loaded in: 38
I        landscape.cpp[1944]11/05 02:14:07  |  ----------------------- ShoreLine loaded in: 26
F        landscape.cpp[1944]11/05 02:14:07  +- Exit function: Landscape::Load()
I            world.cpp[0169]11/05 02:14:07 ----------------------- Landscape loaded in: 500
I       DataServer.cpp[0587]11/05 02:14:07 Loading Servers: data\maps\MainMenu\servers.xml
I serverAnimatedModel.cpp[0630]11/05 02:14:10 ### Total time: 2434, GAM time: 794
I       DataServer.cpp[0587]11/05 02:14:10 Loading Servers: data\models\commonservers.xml
E      serverMusic.cpp[0216]11/05 02:14:16 MusicServer: cannot read file: data\music\music.xml id = 'LaBelleTown'
E      serverMusic.cpp[0216]11/05 02:14:16 MusicServer: cannot read file: data\music\music.xml id = 'block6_driving2'
I            world.cpp[0210]11/05 02:14:16 ----------------------- Servers loaded in: 8782
I            world.cpp[0338]11/05 02:14:16 LoadWorld begin...
I            world.cpp[0350]11/05 02:14:16 %%%% read/parse xml: 34
I            world.cpp[0362]11/05 02:14:16 %%%% read from xml: 10
E    PlayerPassMap.cpp[0139]11/05 02:14:16 Couldn't load player pass map from file data\maps\MainMenu\player_passmap.xml
I            world.cpp[0444]11/05 02:14:16 %%%% link nodes: 33
I            world.cpp[0220]11/05 02:14:16 ----------------------- Nodes loaded in: 78
I            world.cpp[0228]11/05 02:14:16 ----------------------- Prefabs loaded in: 1
I            world.cpp[0247]11/05 02:14:17 ----------------------- World loaded in: 9793
I            world.cpp[0278]11/05 02:14:17 ----------------------- Roads loaded in: 272
I           view32.cpp[1078]11/05 02:14:17 Load Server begin...
I   TruxxUiManager.cpp[0974]11/05 02:14:17 Interface: is loaded successfully
I           server.cpp[0789]11/05 02:14:17 AI: Loading Server...
I           server.cpp[0796]11/05 02:14:17 	AI: Loading Relationship
I     Relationship.cpp[0134]11/05 02:14:17 		 File readed
I           server.cpp[0801]11/05 02:14:17 	AI: Loading SoilProps
I           server.cpp[0804]11/05 02:14:17 	AI: Loading ExternalPaths
I           server.cpp[0807]11/05 02:14:17 	AI: Loading PlayerPassMap
E    PlayerPassMap.cpp[0139]11/05 02:14:17 Couldn't load player pass map from file data\maps\MainMenu\player_passmap.xml
I           server.cpp[0813]11/05 02:14:17 	AI: Loading GameObjects
I           server.cpp[0816]11/05 02:14:17 	AI: Initializing VehicleGeneratorInfoCache
I           server.cpp[0820]11/05 02:14:17 	AI: Refreshing GameObjects
I           server.cpp[0824]11/05 02:14:18 	AI: Loading QuestStates
I       QuestState.cpp[0904]11/05 02:14:18 Quest 'Human1_Quest1' can be given now
I       QuestState.cpp[0904]11/05 02:14:18 Quest 'Human1_Quest2' can be given now
I       QuestState.cpp[0904]11/05 02:14:18 Quest 'BenGoodEnd' can be given now
I       QuestState.cpp[0904]11/05 02:14:18 Quest 'q_PlaceWithSign' can be given now
I       QuestState.cpp[0904]11/05 02:14:18 Quest 'r3m2_OracleMemory' can be given now
I       QuestState.cpp[0904]11/05 02:14:18 Quest 'r3m2_TalkWithLisa' can be given now
I       QuestState.cpp[0904]11/05 02:14:18 Quest 'r3m2_TalkWithBenAboutCarAfterOracul' can be given now
I       QuestState.cpp[0904]11/05 02:14:18 Quest 'r3m2_FindInfoAboutFather' can be given now
I       QuestState.cpp[0904]11/05 02:14:18 Quest 'r3m1_LureMainDriud' can be given now
I       QuestState.cpp[0904]11/05 02:14:18 Quest 'r3m1_ClearSanctuary' can be given now
I       QuestState.cpp[0904]11/05 02:14:18 Quest 'r3m1_KnowAboutUluk' can be given now
I       QuestState.cpp[0904]11/05 02:14:18 Quest 'r3m1_RescueUlukCivil' can be given now
I       QuestState.cpp[0904]11/05 02:14:18 Quest 'q_VisitDruid' can be given now
I       QuestState.cpp[0904]11/05 02:14:18 Quest 'r2m2_Znaki2_Quest' can be given now
I       QuestState.cpp[0904]11/05 02:14:18 Quest 'r2m2_HeadsHunterQuest' can be given now
I       QuestState.cpp[0904]11/05 02:14:18 Quest 'r2m2_OldDvigatel1_Quest' can be given now
I       QuestState.cpp[0904]11/05 02:14:18 Quest 'r2m2_OldDvigatel2_Quest' can be given now
I       QuestState.cpp[0904]11/05 02:14:18 Quest 'r2m2_FightFelix' can be given now
I       QuestState.cpp[0904]11/05 02:14:18 Quest 'r2m2_ReturnToMarecciaFromCastle' can be given now
I       QuestState.cpp[0904]11/05 02:14:18 Quest 'r2m2_FightWithAxelInArena_Quest' can be given now
I       QuestState.cpp[0904]11/05 02:14:18 Quest 'r2m2_FindLisAfterAxelAndFatherDie_Quest' can be given now
I       QuestState.cpp[0904]11/05 02:14:18 Quest 'r2m2_ToLisaToMonastir' can be given now
I       QuestState.cpp[0904]11/05 02:14:18 Quest 'r2m2_FightLisaToMonastir' can be given now
I       QuestState.cpp[0904]11/05 02:14:18 Quest 'r2m2_GiveDisk2ToOrakul' can be given now
I       QuestState.cpp[0904]11/05 02:14:18 Quest 'MrShlyapa3_Quest' can be given now
I       QuestState.cpp[0904]11/05 02:14:18 Quest 'r2m1_ArtAntipod_Quest' can be given now
I       QuestState.cpp[0904]11/05 02:14:18 Quest 'r2m1_TakeNarcotics_Quest' can be given now
I       QuestState.cpp[0904]11/05 02:14:18 Quest 'r2m1_KillGodFather_Quest' can be given now
I       QuestState.cpp[0904]11/05 02:14:18 Quest 'MrShlyapaSecret' can be given now
I       QuestState.cpp[0904]11/05 02:14:18 Quest 'd_GetSupportOneOfTheBands2_Quest' can be given now
I       QuestState.cpp[0904]11/05 02:14:18 Quest 'd_GetSupportOneOfTheBands1_Quest' can be given now
I       QuestState.cpp[0904]11/05 02:14:18 Quest 'd_FindVerbInAR_Quest' can be given now
I       QuestState.cpp[0904]11/05 02:14:18 Quest 'd_FindVerbInSNG_Quest' can be given now
I       QuestState.cpp[0904]11/05 02:14:18 Quest 'd_PatrulSideSNG_Quest' can be given now
I       QuestState.cpp[0904]11/05 02:14:18 Quest 'd_TakeGeneralOfBandits_Quest' can be given now
I       QuestState.cpp[0904]11/05 02:14:18 Quest 'r2m1_TW_AlienInShip' can be given now
I       QuestState.cpp[0904]11/05 02:14:18 Quest 'Podderzhka_Quest' can be given now
I       QuestState.cpp[0904]11/05 02:14:18 Quest 'Zashita_Quest' can be given now
I       QuestState.cpp[0904]11/05 02:14:18 Quest 'preEretik_Quest' can be given now
I       QuestState.cpp[0904]11/05 02:14:18 Quest 'ReturnQuest' can be given now
I       QuestState.cpp[0904]11/05 02:14:18 Quest 'd_FindVerbInAM_Quest' can be given now
I       QuestState.cpp[0904]11/05 02:14:18 Quest 'OdettIsDead_Quest' can be given now
I       QuestState.cpp[0904]11/05 02:14:18 Quest 'Disk2OrakulLisa' can be given now
I       QuestState.cpp[0904]11/05 02:14:18 Quest 'FindGomerB_Quest1' can be given now
I       QuestState.cpp[0904]11/05 02:14:18 Quest 'FreeExtremistLeader_Quest1' can be given now
I       QuestState.cpp[0904]11/05 02:14:18 Quest 'KillExtremist_Quest1' can be given now
I       QuestState.cpp[0904]11/05 02:14:18 Quest 'r1m4_TalkWithOldTraderAboutSecondDisk' can be given now
I       QuestState.cpp[0904]11/05 02:14:18 Quest 'q_FindHusbent' can be given now
I       QuestState.cpp[0904]11/05 02:14:18 Quest 'RybakToOlm_Quest' can be given now
I       QuestState.cpp[0904]11/05 02:14:18 Quest 'AnanagaTech_Quest' can be given now
I       QuestState.cpp[0904]11/05 02:14:18 Quest 'MrShlyapa2_Quest' can be given now
I       QuestState.cpp[0904]11/05 02:14:18 Quest 'ToCordanToTikhomir_Quest' can be given now
I       QuestState.cpp[0904]11/05 02:14:18 Quest 'r1m3_BonnyAndKlideQuest' can be given now
I       QuestState.cpp[0904]11/05 02:14:18 Quest 'r1m3_ArchHelp' can be given now
I       QuestState.cpp[0904]11/05 02:14:18 Quest 'r1m3_CrazyManQuest' can be given now
I       QuestState.cpp[0904]11/05 02:14:18 Quest 'r1m3_OldTownOutsiderCar2_Quest' can be given now
I       QuestState.cpp[0904]11/05 02:14:18 Quest 'FightForPesht' can be given now
I       QuestState.cpp[0904]11/05 02:14:18 Quest 'd_RideAcrossBase_Quest' can be given now
I       QuestState.cpp[0904]11/05 02:14:18 Quest 'd_GiveMoneyToBase_Quest' can be given now
I       QuestState.cpp[0904]11/05 02:14:18 Quest 'd_GetBomb_Quest' can be given now
I       QuestState.cpp[0904]11/05 02:14:18 Quest 'd_IntrigaOfMerMinin_Quest' can be given now
I       QuestState.cpp[0904]11/05 02:14:18 Quest 'd_MoveFreelancersToOilMine_Quest' can be given now
I       QuestState.cpp[0904]11/05 02:14:18 Quest 'd_MoveCanistraToMinin_Quest' can be given now
I       QuestState.cpp[0904]11/05 02:14:18 Quest 'd_OpenTunel_Quest' can be given now
I       QuestState.cpp[0904]11/05 02:14:18 Quest 'r1m3_TalkWithThiefFromFatherHouse' can be given now
I       QuestState.cpp[0904]11/05 02:14:18 Quest 'r1m3_MoveToOraculAfterThief' can be given now
I       QuestState.cpp[0904]11/05 02:14:18 Quest 'r1m3_ToLisaToAsgard' can be given now
I       QuestState.cpp[0904]11/05 02:14:18 Quest 'r1m3_TW_OralceAboutAlien' can be given now
I       QuestState.cpp[0904]11/05 02:14:18 Quest 'r1m3_DestroyRadiationSource' can be given now
I       QuestState.cpp[0904]11/05 02:14:18 Quest 'r2m1_DestroyAlienShip' can be given now
I       QuestState.cpp[0904]11/05 02:14:18 Quest 'd_PayWorkersMoney_Quest' can be given now
I       QuestState.cpp[0904]11/05 02:14:18 Quest 'r2m1_TW_SellsCivilian' can be given now
I       QuestState.cpp[0904]11/05 02:14:18 Quest 'MorskieVrata2_Quest' can be given now
I       QuestState.cpp[0904]11/05 02:14:18 Quest 'Zachisti1_Quest' can be given now
I       QuestState.cpp[0904]11/05 02:14:18 Quest 'LisaVPeshte' can be given now
I       QuestState.cpp[0904]11/05 02:14:18 Quest 'LisaUBena' can be given now
I       QuestState.cpp[0904]11/05 02:14:18 Quest 'WhereSigns_Quest' can be given now
I       QuestState.cpp[0904]11/05 02:14:18 Quest 'CombatInKollizey_Quest' can be given now
I       QuestState.cpp[0904]11/05 02:14:18 Quest 'BuyKollizey_Quest' can be given now
I       QuestState.cpp[0904]11/05 02:14:18 Quest 'Kollizey_Quest' can be given now
I       QuestState.cpp[0904]11/05 02:14:18 Quest 'HelpRuins_Quest' can be given now
I       QuestState.cpp[0904]11/05 02:14:18 Quest 'DestroyRuins_Quest' can be given now
I       QuestState.cpp[0904]11/05 02:14:18 Quest 'DestroyRuins2_Quest' can be given now
I       QuestState.cpp[0904]11/05 02:14:18 Quest 'Signs_Quest' can be given now
I       QuestState.cpp[0904]11/05 02:14:18 Quest 'MrShlyapa1_Quest' can be given now
I       QuestState.cpp[0904]11/05 02:14:18 Quest 'FindBen2_Quest' can be given now
I       QuestState.cpp[0904]11/05 02:14:18 Quest 'd_FindHouseOfBen_Quest' can be given now
I       QuestState.cpp[0904]11/05 02:14:18 Quest 'r1m2_TW_BanAboutAlien' can be given now
I       QuestState.cpp[0904]11/05 02:14:18 Quest 'r1m3_DestroyOracle' can be given now
I       QuestState.cpp[0904]11/05 02:14:18 Quest 'Pomiritsa_Quest' can be given now
I       QuestState.cpp[0904]11/05 02:14:18 Quest 'VYar_Quest' can be given now
I       QuestState.cpp[0904]11/05 02:14:18 Quest 'FindBenMZ_Quest' can be given now
I       QuestState.cpp[0904]11/05 02:14:18 Quest 'QuickFindBen' can be given now
I       QuestState.cpp[0904]11/05 02:14:18 Quest 'OpenMid_Quest' can be given now
I       QuestState.cpp[0904]11/05 02:14:18 Quest 'TalkBeforeDesert' can be given now
I       QuestState.cpp[0904]11/05 02:14:18 Quest 'ZashitaGotova' can be given now
I       QuestState.cpp[0904]11/05 02:14:18 Quest 'FakeQuest1' can be given now
I       QuestState.cpp[0904]11/05 02:14:18 Quest 'Chehly_Quest' can be given now
I       QuestState.cpp[0904]11/05 02:14:18 Quest 'WorkGiver_Quest1' can be given now
I       QuestState.cpp[0904]11/05 02:14:18 Quest 'd_PunishBandits_Quest' can be given now
I       QuestState.cpp[0904]11/05 02:14:18 Quest 'r1m1_Hospital_Quest' can be given now
I       QuestState.cpp[0904]11/05 02:14:18 Quest 'r1m1_Botanik_Quest' can be given now
I       QuestState.cpp[0904]11/05 02:14:18 Quest 'r1m1_FindBotanik_Quest' can be given now
I       QuestState.cpp[0904]11/05 02:14:18 Quest 'Buyer_Quest1' can be given now
I       QuestState.cpp[0904]11/05 02:14:18 Quest 'FirstTimePlay' can be given now
I       QuestState.cpp[0904]11/05 02:14:18 Quest 'TalkWithFather_Quest' can be given now
I       QuestState.cpp[0904]11/05 02:14:18 Quest 'LisaAtSouth' can be given now
I       QuestState.cpp[0904]11/05 02:14:18 Quest 'FindBen_Quest' can be given now
I       QuestState.cpp[0904]11/05 02:14:18 Quest 'FindBenAgain_Quest' can be given now
I       QuestState.cpp[0904]11/05 02:14:18 Quest 'd_SinFather_Quest' can be given now
I       QuestState.cpp[0904]11/05 02:14:18 Quest 'TalkToVasily' can be given now
I       QuestState.cpp[0904]11/05 02:14:18 Quest 'CheckTheEast' can be given now
I       QuestState.cpp[0904]11/05 02:14:18 Quest 'BenSouth_Quest' can be given now
I           server.cpp[0826]11/05 02:14:18 	AI: QuestStates loaded
I           server.cpp[0828]11/05 02:14:18 	AI: Loading DynamicScene
I     DynamicScene.cpp[1470]11/05 02:14:18 		 Scene loading begin
I     DynamicScene.cpp[1472]11/05 02:14:18 		 Scene loading end
I           server.cpp[0837]11/05 02:14:18 	AI: DynamicScene loaded
I           server.cpp[0852]11/05 02:14:18 	AI: Loading Triggers
E           server.cpp[1242]11/05 02:14:18 Error: cannot open data\maps\MainMenu\
I           server.cpp[0855]11/05 02:14:18 	AI: Triggers loaded
I           server.cpp[0857]11/05 02:14:18 	AI: Loading Object Names
E     ObjContainer.cpp[1104]11/05 02:14:18 Error: cannot open data\maps\MainMenu\object_names.xml
I           server.cpp[0868]11/05 02:14:18 	AI: Initing Player
I           server.cpp[0888]11/05 02:14:18 		Before first Update
I   TruxxUiManager.cpp[1422]11/05 02:14:18 Game mode changed. Old mode = 2, new mode = 1
I           server.cpp[0909]11/05 02:14:18 		After first Update
I           server.cpp[0911]11/05 02:14:18 AI: Finished Loading Server
I           view32.cpp[1106]11/05 02:14:18 Load server end
I        QuestInfo.cpp[0847]11/05 02:14:18 Quest infos were loaded successfully from file data\if\diz\QuestInfoGlobal.xml
I        QuestInfo.cpp[0783]11/05 02:14:18 QuestInfo manager was inited successfully
I       MsgManager.cpp[0391]11/05 02:14:18 Can't open file data\maps\MainMenu\strings.xml for read.
I    GameUiManager.cpp[0303]11/05 02:14:18 Interface: is initializing...
I    GameUiManager.cpp[0405]11/05 02:14:18 Interface: is clearing...
I    GameUiManager.cpp[0495]11/05 02:14:18 Interface: is cleared successfully
I    GameUiManager.cpp[0395]11/05 02:14:18 Interface: is inited successfully
I blockMusicManager.cpp[0199]11/05 02:14:18 BlockMusicManager: resetting
I      gameimpulse.cpp[0618]11/05 02:14:18 Key bindings: unbind all is done
I      gameimpulse.cpp[0618]11/05 02:14:18 Key bindings: unbind all is done
I      gameimpulse.cpp[0324]11/05 02:14:18 Key bindings: were loaded successfully from file data/profiles/riverzone\KeyBindings.lua
I      gameimpulse.cpp[1222]11/05 02:14:18 Key bindings: were loaded from profile
I        SplashWnd.cpp[0244]11/05 02:14:30 Start splashing 11
I   TruxxUiManager.cpp[1422]11/05 02:14:30 Game mode changed. Old mode = 1, new mode = 0
I    GameUiManager.cpp[0405]11/05 02:14:30 Interface: is clearing...
I    GameUiManager.cpp[0495]11/05 02:14:30 Interface: is cleared successfully
I           view32.cpp[1048]11/05 02:14:30 -- Loading Level: data\maps\r9m1.ssl --
I            world.cpp[0132]11/05 02:14:30 ----------------------- World Loading
F        landscape.cpp[1674]11/05 02:14:30  +- Enter function: Landscape::Load()
I        landscape.cpp[1911]11/05 02:14:30  |  ----------------------- Normal map loaded in: 7
I        landscape.cpp[1920]11/05 02:14:34  |  ----------------------- Tiles loaded in: 3258
I        landscape.cpp[1944]11/05 02:14:34  |  ----------------------- ShoreLine loaded in: 0
F        landscape.cpp[1944]11/05 02:14:34  +- Exit function: Landscape::Load()
I            world.cpp[0169]11/05 02:14:34 ----------------------- Landscape loaded in: 3413
I       DataServer.cpp[0587]11/05 02:14:34 Loading Servers: data\maps\r9m1\servers.xml
I       DataServer.cpp[0594]11/05 02:14:34 Load servers: ReadXmlFile: Cannot open file data\maps\r9m1\servers.xml
I       DataServer.cpp[0587]11/05 02:14:34 Loading Servers: data\models\servers.xml
E        GamParser.cpp[0399]11/05 02:14:35 AnimatedModel::LoadGAM -- cannot open file data\models\objects\dweller_debik.gam
E        GamParser.cpp[0399]11/05 02:14:38 AnimatedModel::LoadGAM -- cannot open file data\models\Masks\Main\mask_debik.gam
E       DraftModel.cpp[1002]11/05 02:14:42 Error: Couldn't load texture data\models\vehicles\belaz\cab01_mt.dds for model cargov1.gam
E       DraftModel.cpp[1002]11/05 02:14:42 Error: Couldn't load texture data\models\vehicles\belaz\cab01_mt.dds for model cargov1.gam
E       DraftModel.cpp[1002]11/05 02:14:42 Error: Couldn't load texture data\models\vehicles\belaz\cab01_mt.dds for model cargov1.gam
E       DraftModel.cpp[1002]11/05 02:14:42 Error: Couldn't load texture data\models\vehicles\belaz\cab01_mt.dds for model cargov1.gam
E       DraftModel.cpp[1002]11/05 02:14:42 Error: Couldn't load texture data\models\vehicles\belaz\cab01_mt.dds for model cargov1.gam
E       DraftModel.cpp[1002]11/05 02:14:42 Error: Couldn't load texture data\models\vehicles\belaz\cab01_mt.dds for model cargov1.gam
E       DraftModel.cpp[1002]11/05 02:14:42 Error: Couldn't load texture data\models\vehicles\belaz\cab01_mt.dds for model cargov1.gam
E       DraftModel.cpp[1002]11/05 02:14:42 Error: Couldn't load texture data\models\vehicles\belaz\cab01_mt.dds for model cargov1.gam
E       DraftModel.cpp[1002]11/05 02:14:42 Error: Couldn't load texture data\models\vehicles\belaz\cab01_mt.dds for model cargov1.gam
E serverAnimatedModel.cpp[0627]11/05 02:14:46 ServerAnimatedModels: cannot read file: file:data\models\AnimModels.xml id = dweller_brodyaga
E serverAnimatedModel.cpp[0627]11/05 02:14:46 ServerAnimatedModels: cannot read file: file:data\models\AnimModels.xml id = mask_debik
E serverAnimatedModel.cpp[0627]11/05 02:14:46 ServerAnimatedModels: cannot read file: file:data\models\AnimModels.xml id = big_brock_wall
E serverAnimatedModel.cpp[0627]11/05 02:14:46 ServerAnimatedModels: cannot read file: file:data\models\AnimModels.xml id = dub1_r2
E serverAnimatedModel.cpp[0627]11/05 02:14:46 ServerAnimatedModels: cannot read file: file:data\models\AnimModels.xml id = boss_barrel
I serverAnimatedModel.cpp[0630]11/05 02:14:46 ### Total time: 12589, GAM time: 11616
I       DataServer.cpp[0587]11/05 02:14:46 Loading Servers: data\models\commonservers.xml
E      serverMusic.cpp[0216]11/05 02:14:47 MusicServer: cannot read file: data\music\music.xml id = 'LaBelleTown'
E      serverMusic.cpp[0216]11/05 02:14:47 MusicServer: cannot read file: data\music\music.xml id = 'block6_driving2'
I            world.cpp[0210]11/05 02:14:47 ----------------------- Servers loaded in: 13516
I            world.cpp[0338]11/05 02:14:47 LoadWorld begin...
I            world.cpp[0350]11/05 02:14:47 %%%% read/parse xml: 26
I            world.cpp[0362]11/05 02:14:47 %%%% read from xml: 13
I            world.cpp[0444]11/05 02:14:47 %%%% link nodes: 57
I            world.cpp[0220]11/05 02:14:47 ----------------------- Nodes loaded in: 98
I            world.cpp[0228]11/05 02:14:47 ----------------------- Prefabs loaded in: 0
I           m3dapp.cpp[1336]11/05 02:14:47 d3d: Cannot open data\weatherTexs\LoadMe.txt
I           m3dapp.cpp[1336]11/05 02:14:47 d3d: texmap failed to load: data\weatherTexs\LoadMe.txt
I            world.cpp[0247]11/05 02:14:48 ----------------------- World loaded in: 17246
E        GamParser.cpp[0399]11/05 02:14:48 AnimatedModel::LoadGAM -- cannot open file data\models\roads\road_small_highway\small_highway_end.gam-
I      roadManager.cpp[0139]11/05 02:14:48 RoadManager error( model not loaded ): data\models\roads\road_small_highway\small_highway_end.gam-
I            world.cpp[0278]11/05 02:14:48 ----------------------- Roads loaded in: 423
I           view32.cpp[1078]11/05 02:14:48 Load Server begin...
I            Reply.cpp[0415]11/05 02:14:49 Replies were loaded successfully from file data\if\diz\DialogsGlobal.xml
I            Reply.cpp[0415]11/05 02:14:49 Replies were loaded successfully from file data\if\diz\DynamicDialogsGlobal.xml
I            Reply.cpp[0343]11/05 02:14:49 RepliesManager was inited successfully
I    GameUiManager.cpp[1603]11/05 02:14:49 Interface: loading resources ...
I     ObjectsIcons.cpp[0198]11/05 02:14:53 ObjectsIcons::AddIcon warning - ico with id SpeedPointer already exists and wiil be replaced
I    GameUiManager.cpp[1603]11/05 02:14:56 Interface: loading resources ...
I   TruxxUiManager.cpp[0974]11/05 02:14:56 Interface: is loaded successfully
I           server.cpp[0789]11/05 02:14:56 AI: Loading Server...
I           server.cpp[0796]11/05 02:14:56 	AI: Loading Relationship
I     Relationship.cpp[0134]11/05 02:14:56 		 File readed
I           server.cpp[0801]11/05 02:14:56 	AI: Loading SoilProps
I           server.cpp[0804]11/05 02:14:56 	AI: Loading ExternalPaths
I           server.cpp[0807]11/05 02:14:56 	AI: Loading PlayerPassMap
I           server.cpp[0813]11/05 02:14:56 	AI: Loading GameObjects
I           server.cpp[0816]11/05 02:14:56 	AI: Initializing VehicleGeneratorInfoCache
I           server.cpp[0820]11/05 02:14:56 	AI: Refreshing GameObjects
E      VehiclePart.cpp[0138]11/05 02:14:57 Error: collision geom in vehicle part name = 'boss04station' is not BOX
E      VehiclePart.cpp[0138]11/05 02:14:57 Error: collision geom in vehicle part name = 'heavy_dot1' is not BOX
I           server.cpp[0824]11/05 02:14:57 	AI: Loading QuestStates
I       QuestState.cpp[0904]11/05 02:14:57 Quest 'Human1_Quest1' can be given now
I       QuestState.cpp[0904]11/05 02:14:57 Quest 'Human1_Quest2' can be given now
I       QuestState.cpp[0904]11/05 02:14:57 Quest 'BenGoodEnd' can be given now
I       QuestState.cpp[0904]11/05 02:14:57 Quest 'q_PlaceWithSign' can be given now
I       QuestState.cpp[0904]11/05 02:14:57 Quest 'r3m2_OracleMemory' can be given now
I       QuestState.cpp[0904]11/05 02:14:57 Quest 'r3m2_TalkWithLisa' can be given now
I       QuestState.cpp[0904]11/05 02:14:57 Quest 'r3m2_TalkWithBenAboutCarAfterOracul' can be given now
I       QuestState.cpp[0904]11/05 02:14:57 Quest 'r3m2_FindInfoAboutFather' can be given now
I       QuestState.cpp[0904]11/05 02:14:57 Quest 'r3m1_LureMainDriud' can be given now
I       QuestState.cpp[0904]11/05 02:14:57 Quest 'r3m1_ClearSanctuary' can be given now
I       QuestState.cpp[0904]11/05 02:14:57 Quest 'r3m1_KnowAboutUluk' can be given now
I       QuestState.cpp[0904]11/05 02:14:57 Quest 'r3m1_RescueUlukCivil' can be given now
I       QuestState.cpp[0904]11/05 02:14:57 Quest 'q_VisitDruid' can be given now
I       QuestState.cpp[0904]11/05 02:14:57 Quest 'r2m2_Znaki2_Quest' can be given now
I       QuestState.cpp[0904]11/05 02:14:57 Quest 'r2m2_HeadsHunterQuest' can be given now
I       QuestState.cpp[0904]11/05 02:14:57 Quest 'r2m2_OldDvigatel1_Quest' can be given now
I       QuestState.cpp[0904]11/05 02:14:57 Quest 'r2m2_OldDvigatel2_Quest' can be given now
I       QuestState.cpp[0904]11/05 02:14:57 Quest 'r2m2_FightFelix' can be given now
I       QuestState.cpp[0904]11/05 02:14:57 Quest 'r2m2_ReturnToMarecciaFromCastle' can be given now
I       QuestState.cpp[0904]11/05 02:14:57 Quest 'r2m2_FightWithAxelInArena_Quest' can be given now
I       QuestState.cpp[0904]11/05 02:14:57 Quest 'r2m2_FindLisAfterAxelAndFatherDie_Quest' can be given now
I       QuestState.cpp[0904]11/05 02:14:57 Quest 'r2m2_ToLisaToMonastir' can be given now
I       QuestState.cpp[0904]11/05 02:14:57 Quest 'r2m2_FightLisaToMonastir' can be given now
I       QuestState.cpp[0904]11/05 02:14:57 Quest 'r2m2_GiveDisk2ToOrakul' can be given now
I       QuestState.cpp[0904]11/05 02:14:57 Quest 'MrShlyapa3_Quest' can be given now
I       QuestState.cpp[0904]11/05 02:14:57 Quest 'r2m1_ArtAntipod_Quest' can be given now
I       QuestState.cpp[0904]11/05 02:14:57 Quest 'r2m1_TakeNarcotics_Quest' can be given now
I       QuestState.cpp[0904]11/05 02:14:57 Quest 'r2m1_KillGodFather_Quest' can be given now
I       QuestState.cpp[0904]11/05 02:14:57 Quest 'MrShlyapaSecret' can be given now
I       QuestState.cpp[0904]11/05 02:14:57 Quest 'd_GetSupportOneOfTheBands2_Quest' can be given now
I       QuestState.cpp[0904]11/05 02:14:57 Quest 'd_GetSupportOneOfTheBands1_Quest' can be given now
I       QuestState.cpp[0904]11/05 02:14:57 Quest 'd_FindVerbInAR_Quest' can be given now
I       QuestState.cpp[0904]11/05 02:14:57 Quest 'd_FindVerbInSNG_Quest' can be given now
I       QuestState.cpp[0904]11/05 02:14:57 Quest 'd_PatrulSideSNG_Quest' can be given now
I       QuestState.cpp[0904]11/05 02:14:57 Quest 'd_TakeGeneralOfBandits_Quest' can be given now
I       QuestState.cpp[0904]11/05 02:14:57 Quest 'r2m1_TW_AlienInShip' can be given now
I       QuestState.cpp[0904]11/05 02:14:57 Quest 'Podderzhka_Quest' can be given now
I       QuestState.cpp[0904]11/05 02:14:57 Quest 'Zashita_Quest' can be given now
I       QuestState.cpp[0904]11/05 02:14:57 Quest 'preEretik_Quest' can be given now
I       QuestState.cpp[0904]11/05 02:14:57 Quest 'ReturnQuest' can be given now
I       QuestState.cpp[0904]11/05 02:14:57 Quest 'd_FindVerbInAM_Quest' can be given now
I       QuestState.cpp[0904]11/05 02:14:57 Quest 'OdettIsDead_Quest' can be given now
I       QuestState.cpp[0904]11/05 02:14:57 Quest 'Disk2OrakulLisa' can be given now
I       QuestState.cpp[0904]11/05 02:14:57 Quest 'FindGomerB_Quest1' can be given now
I       QuestState.cpp[0904]11/05 02:14:57 Quest 'FreeExtremistLeader_Quest1' can be given now
I       QuestState.cpp[0904]11/05 02:14:57 Quest 'KillExtremist_Quest1' can be given now
I       QuestState.cpp[0904]11/05 02:14:57 Quest 'r1m4_TalkWithOldTraderAboutSecondDisk' can be given now
I       QuestState.cpp[0904]11/05 02:14:57 Quest 'q_FindHusbent' can be given now
I       QuestState.cpp[0904]11/05 02:14:57 Quest 'RybakToOlm_Quest' can be given now
I       QuestState.cpp[0904]11/05 02:14:57 Quest 'AnanagaTech_Quest' can be given now
I       QuestState.cpp[0904]11/05 02:14:57 Quest 'MrShlyapa2_Quest' can be given now
I       QuestState.cpp[0904]11/05 02:14:57 Quest 'ToCordanToTikhomir_Quest' can be given now
I       QuestState.cpp[0904]11/05 02:14:57 Quest 'r1m3_BonnyAndKlideQuest' can be given now
I       QuestState.cpp[0904]11/05 02:14:57 Quest 'r1m3_ArchHelp' can be given now
I       QuestState.cpp[0904]11/05 02:14:57 Quest 'r1m3_CrazyManQuest' can be given now
I       QuestState.cpp[0904]11/05 02:14:57 Quest 'r1m3_OldTownOutsiderCar2_Quest' can be given now
I       QuestState.cpp[0904]11/05 02:14:57 Quest 'FightForPesht' can be given now
I       QuestState.cpp[0904]11/05 02:14:57 Quest 'd_RideAcrossBase_Quest' can be given now
I       QuestState.cpp[0904]11/05 02:14:57 Quest 'd_GiveMoneyToBase_Quest' can be given now
I       QuestState.cpp[0904]11/05 02:14:57 Quest 'd_GetBomb_Quest' can be given now
I       QuestState.cpp[0904]11/05 02:14:57 Quest 'd_IntrigaOfMerMinin_Quest' can be given now
I       QuestState.cpp[0904]11/05 02:14:57 Quest 'd_MoveFreelancersToOilMine_Quest' can be given now
I       QuestState.cpp[0904]11/05 02:14:57 Quest 'd_MoveCanistraToMinin_Quest' can be given now
I       QuestState.cpp[0904]11/05 02:14:57 Quest 'd_OpenTunel_Quest' can be given now
I       QuestState.cpp[0904]11/05 02:14:57 Quest 'r1m3_TalkWithThiefFromFatherHouse' can be given now
I       QuestState.cpp[0904]11/05 02:14:57 Quest 'r1m3_MoveToOraculAfterThief' can be given now
I       QuestState.cpp[0904]11/05 02:14:57 Quest 'r1m3_ToLisaToAsgard' can be given now
I       QuestState.cpp[0904]11/05 02:14:57 Quest 'r1m3_TW_OralceAboutAlien' can be given now
I       QuestState.cpp[0904]11/05 02:14:57 Quest 'r1m3_DestroyRadiationSource' can be given now
I       QuestState.cpp[0904]11/05 02:14:57 Quest 'r2m1_DestroyAlienShip' can be given now
I       QuestState.cpp[0904]11/05 02:14:57 Quest 'd_PayWorkersMoney_Quest' can be given now
I       QuestState.cpp[0904]11/05 02:14:57 Quest 'r2m1_TW_SellsCivilian' can be given now
I       QuestState.cpp[0904]11/05 02:14:57 Quest 'MorskieVrata2_Quest' can be given now
I       QuestState.cpp[0904]11/05 02:14:57 Quest 'Zachisti1_Quest' can be given now
I       QuestState.cpp[0904]11/05 02:14:57 Quest 'LisaVPeshte' can be given now
I       QuestState.cpp[0904]11/05 02:14:57 Quest 'LisaUBena' can be given now
I       QuestState.cpp[0904]11/05 02:14:57 Quest 'WhereSigns_Quest' can be given now
I       QuestState.cpp[0904]11/05 02:14:57 Quest 'CombatInKollizey_Quest' can be given now
I       QuestState.cpp[0904]11/05 02:14:57 Quest 'BuyKollizey_Quest' can be given now
I       QuestState.cpp[0904]11/05 02:14:57 Quest 'Kollizey_Quest' can be given now
I       QuestState.cpp[0904]11/05 02:14:57 Quest 'HelpRuins_Quest' can be given now
I       QuestState.cpp[0904]11/05 02:14:57 Quest 'DestroyRuins_Quest' can be given now
I       QuestState.cpp[0904]11/05 02:14:57 Quest 'DestroyRuins2_Quest' can be given now
I       QuestState.cpp[0904]11/05 02:14:57 Quest 'Signs_Quest' can be given now
I       QuestState.cpp[0904]11/05 02:14:57 Quest 'MrShlyapa1_Quest' can be given now
I       QuestState.cpp[0904]11/05 02:14:57 Quest 'FindBen2_Quest' can be given now
I       QuestState.cpp[0904]11/05 02:14:57 Quest 'd_FindHouseOfBen_Quest' can be given now
I       QuestState.cpp[0904]11/05 02:14:57 Quest 'r1m2_TW_BanAboutAlien' can be given now
I       QuestState.cpp[0904]11/05 02:14:57 Quest 'r1m3_DestroyOracle' can be given now
I       QuestState.cpp[0904]11/05 02:14:57 Quest 'Pomiritsa_Quest' can be given now
I       QuestState.cpp[0904]11/05 02:14:57 Quest 'VYar_Quest' can be given now
I       QuestState.cpp[0904]11/05 02:14:57 Quest 'FindBenMZ_Quest' can be given now
I       QuestState.cpp[0904]11/05 02:14:57 Quest 'QuickFindBen' can be given now
I       QuestState.cpp[0904]11/05 02:14:57 Quest 'OpenMid_Quest' can be given now
I       QuestState.cpp[0904]11/05 02:14:57 Quest 'TalkBeforeDesert' can be given now
I       QuestState.cpp[0904]11/05 02:14:57 Quest 'ZashitaGotova' can be given now
I       QuestState.cpp[0904]11/05 02:14:57 Quest 'FakeQuest1' can be given now
I       QuestState.cpp[0904]11/05 02:14:57 Quest 'Chehly_Quest' can be given now
I       QuestState.cpp[0904]11/05 02:14:57 Quest 'WorkGiver_Quest1' can be given now
I       QuestState.cpp[0904]11/05 02:14:57 Quest 'd_PunishBandits_Quest' can be given now
I       QuestState.cpp[0904]11/05 02:14:57 Quest 'r1m1_Hospital_Quest' can be given now
I       QuestState.cpp[0904]11/05 02:14:57 Quest 'r1m1_Botanik_Quest' can be given now
I       QuestState.cpp[0904]11/05 02:14:57 Quest 'r1m1_FindBotanik_Quest' can be given now
I       QuestState.cpp[0904]11/05 02:14:57 Quest 'Buyer_Quest1' can be given now
I       QuestState.cpp[0904]11/05 02:14:57 Quest 'FirstTimePlay' can be given now
I       QuestState.cpp[0904]11/05 02:14:57 Quest 'TalkWithFather_Quest' can be given now
I       QuestState.cpp[0904]11/05 02:14:57 Quest 'LisaAtSouth' can be given now
I       QuestState.cpp[0904]11/05 02:14:57 Quest 'FindBen_Quest' can be given now
I       QuestState.cpp[0904]11/05 02:14:57 Quest 'FindBenAgain_Quest' can be given now
I       QuestState.cpp[0904]11/05 02:14:57 Quest 'd_SinFather_Quest' can be given now
I       QuestState.cpp[0904]11/05 02:14:57 Quest 'TalkToVasily' can be given now
I       QuestState.cpp[0904]11/05 02:14:57 Quest 'CheckTheEast' can be given now
I       QuestState.cpp[0904]11/05 02:14:57 Quest 'BenSouth_Quest' can be given now
I           server.cpp[0826]11/05 02:14:57 	AI: QuestStates loaded
I           server.cpp[0828]11/05 02:14:57 	AI: Loading DynamicScene
I     DynamicScene.cpp[1470]11/05 02:14:57 		 Scene loading begin
E              Gun.cpp[0866]11/05 02:14:57 Error: LoadPoint not found: LP_GUN for Mortar id = 427 prototype = 'omega01', modelName = omega01
E              Gun.cpp[0866]11/05 02:14:57 Error: LoadPoint not found: LP_GUN for Mortar id = 430 prototype = 'omega01', modelName = omega01
E              Gun.cpp[0866]11/05 02:14:57 Error: LoadPoint not found: LP_GUN for Mortar id = 433 prototype = 'omega01', modelName = omega01
E              Gun.cpp[0866]11/05 02:14:57 Error: LoadPoint not found: LP_GUN for Mortar id = 436 prototype = 'omega01', modelName = omega01
E              Gun.cpp[0866]11/05 02:14:57 Error: LoadPoint not found: LP_GUN for Mortar id = 439 prototype = 'omega01', modelName = omega01
E              Gun.cpp[0866]11/05 02:14:57 Error: LoadPoint not found: LP_GUN for Mortar id = 442 prototype = 'omega01', modelName = omega01
E              Gun.cpp[0866]11/05 02:14:57 Error: LoadPoint not found: LP_GUN for Mortar id = 445 prototype = 'omega01', modelName = omega01
E              Gun.cpp[0866]11/05 02:14:57 Error: LoadPoint not found: LP_GUN for Mortar id = 448 prototype = 'omega01', modelName = omega01
E              Gun.cpp[0866]11/05 02:14:57 Error: LoadPoint not found: LP_GUN for Mortar id = 451 prototype = 'omega01', modelName = omega01
E              Gun.cpp[0866]11/05 02:14:57 Error: LoadPoint not found: LP_GUN for Mortar id = 454 prototype = 'omega01', modelName = omega01
E              Gun.cpp[0866]11/05 02:14:57 Error: LoadPoint not found: LP_GUN for Mortar id = 457 prototype = 'omega01', modelName = omega01
E              Gun.cpp[0866]11/05 02:14:57 Error: LoadPoint not found: LP_GUN for Mortar id = 460 prototype = 'omega01', modelName = omega01
E              Gun.cpp[0866]11/05 02:14:57 Error: LoadPoint not found: LP_GUN for Mortar id = 463 prototype = 'omega01', modelName = omega01
E              Gun.cpp[0866]11/05 02:14:57 Error: LoadPoint not found: LP_GUN for Mortar id = 466 prototype = 'omega01', modelName = omega01
E              Gun.cpp[0866]11/05 02:14:57 Error: LoadPoint not found: LP_GUN for Mortar id = 469 prototype = 'omega01', modelName = omega01
E              Gun.cpp[0866]11/05 02:14:57 Error: LoadPoint not found: LP_GUN for Mortar id = 472 prototype = 'omega01', modelName = omega01
E              Gun.cpp[0866]11/05 02:14:57 Error: LoadPoint not found: LP_GUN for Mortar id = 475 prototype = 'omega01', modelName = omega01
E              Gun.cpp[0866]11/05 02:14:57 Error: LoadPoint not found: LP_GUN for Mortar id = 478 prototype = 'omega01', modelName = omega01
E              Gun.cpp[0866]11/05 02:14:57 Error: LoadPoint not found: LP_GUN for Mortar id = 481 prototype = 'omega01', modelName = omega01
E              Gun.cpp[0866]11/05 02:14:57 Error: LoadPoint not found: LP_GUN for Mortar id = 484 prototype = 'omega01', modelName = omega01
E              Gun.cpp[0866]11/05 02:14:57 Error: LoadPoint not found: LP_GUN for Mortar id = 487 prototype = 'omega01', modelName = omega01
E              Gun.cpp[0866]11/05 02:14:57 Error: LoadPoint not found: LP_GUN for Mortar id = 490 prototype = 'omega01', modelName = omega01
E              Gun.cpp[0866]11/05 02:14:57 Error: LoadPoint not found: LP_GUN for Mortar id = 493 prototype = 'omega01', modelName = omega01
E              Gun.cpp[0866]11/05 02:14:57 Error: LoadPoint not found: LP_GUN for Mortar id = 496 prototype = 'omega01', modelName = omega01
E              Gun.cpp[0866]11/05 02:14:57 Error: LoadPoint not found: LP_GUN for Mortar id = 499 prototype = 'omega01', modelName = omega01
E              Gun.cpp[0866]11/05 02:14:57 Error: LoadPoint not found: LP_GUN for Mortar id = 502 prototype = 'omega01', modelName = omega01
E              Gun.cpp[0866]11/05 02:14:57 Error: LoadPoint not found: LP_GUN for Mortar id = 505 prototype = 'omega01', modelName = omega01
E              Gun.cpp[0866]11/05 02:14:57 Error: LoadPoint not found: LP_GUN for Mortar id = 508 prototype = 'omega01', modelName = omega01
I     DynamicScene.cpp[1472]11/05 02:14:57 		 Scene loading end
I           server.cpp[0837]11/05 02:14:57 	AI: DynamicScene loaded
I           server.cpp[0852]11/05 02:14:57 	AI: Loading Triggers
I           server.cpp[0855]11/05 02:14:57 	AI: Triggers loaded
I           server.cpp[0857]11/05 02:14:57 	AI: Loading Object Names
I           server.cpp[0868]11/05 02:14:58 	AI: Initing Player
I           server.cpp[0888]11/05 02:14:58 		Before first Update
I           server.cpp[0909]11/05 02:14:58 		After first Update
I           server.cpp[0911]11/05 02:14:58 AI: Finished Loading Server
I           view32.cpp[1106]11/05 02:14:58 Load server end
I        QuestInfo.cpp[0847]11/05 02:14:58 Quest infos were loaded successfully from file data\if\diz\QuestInfoGlobal.xml
I        QuestInfo.cpp[0783]11/05 02:14:58 QuestInfo manager was inited successfully
I        LevelInfo.cpp[1619]11/05 02:14:58 LevelInfoManager::AddVisitedLevel error - level with name 'r9m1' does not exist
I        LevelInfo.cpp[1602]11/05 02:14:58 LevelInfoManager::AddKnownLevel error - level with name 'r9m1' does not exist
I    GameUiManager.cpp[0303]11/05 02:14:58 Interface: is initializing...
I    GameUiManager.cpp[0395]11/05 02:14:58 Interface: is inited successfully
I      MapComboBox.cpp[0195]11/05 02:14:58 Error in updating map list: no info for current map exists
I     GlobalMapWnd.cpp[0157]11/05 02:14:58 Make control error: control mainmenu_ico is not found or incorrect type
I     GlobalMapWnd.cpp[0157]11/05 02:14:58 Make control error: control r1m8_ico is not found or incorrect type
I     GlobalMapWnd.cpp[0157]11/05 02:14:58 Make control error: control r1m7_ico is not found or incorrect type
I     GlobalMapWnd.cpp[0157]11/05 02:14:58 Make control error: control r4m0_ico is not found or incorrect type
I     GlobalMapWnd.cpp[0157]11/05 02:14:58 Make control error: control r8m1_ico is not found or incorrect type
I     GlobalMapWnd.cpp[0157]11/05 02:14:58 Make control error: control r11m1_ico is not found or incorrect type
I     GlobalMapWnd.cpp[0203]11/05 02:14:58 GlobalMapWnd: error - fail to init because of a bad resource
I blockMusicManager.cpp[0185]11/05 02:14:58 BlockMusicManager: start playing new music: blockNum = 0, musicType = 0, name = 'block0_driving'
I       console_string[0234]11/05 02:15:13 ---------------------- CHEAT WAS USED --------- ANTICHEAT -----------------
I        FadingMsg.cpp[0199]11/05 02:15:13 Fading message: '@FFFF1493Обнаружено использование чит-кодов. Система достижений @FFFF0000ЗАБЛОКИРОВАНА. @FFFF1493В техподдержке @FFFF0000ОТКАЗАНО.'
I        FadingMsg.cpp[0199]11/05 02:15:13 Fading message: '@FFFF1493Обнаружено использование чит-кодов. Система достижений @FFFF0000ЗАБЛОКИРОВАНА. @FFFF1493В техподдержке @FFFF0000ОТКАЗАНО.'
I       console_string[0234]11/05 02:15:55 ---------------------- CHEAT WAS USED --------- ANTICHEAT -----------------
I        FadingMsg.cpp[0199]11/05 02:15:55 Fading message: '@FFFF1493Обнаружено использование чит-кодов. Система достижений @FFFF0000ЗАБЛОКИРОВАНА. @FFFF1493В техподдержке @FFFF0000ОТКАЗАНО.'
I        FadingMsg.cpp[0199]11/05 02:15:55 Fading message: '@FFFF1493Обнаружено использование чит-кодов. Система достижений @FFFF0000ЗАБЛОКИРОВАНА. @FFFF1493В техподдержке @FFFF0000ОТКАЗАНО.'
I blockMusicManager.cpp[0185]11/05 02:16:26 BlockMusicManager: start playing new music: blockNum = 0, musicType = 1, name = 'block0_alarm'
I             util.cpp[0423]11/05 02:16:31 Maximum joint count reached: 21
I blockMusicManager.cpp[0199]11/05 02:16:42 BlockMusicManager: resetting
I blockMusicManager.cpp[0185]11/05 02:16:42 BlockMusicManager: start playing new music: blockNum = 0, musicType = 0, name = 'block0_driving'
I blockMusicManager.cpp[0185]11/05 02:16:45 BlockMusicManager: start playing new music: blockNum = 0, musicType = 1, name = 'block0_alarm'
I blockMusicManager.cpp[0199]11/05 02:17:58 BlockMusicManager: resetting
I blockMusicManager.cpp[0185]11/05 02:17:58 BlockMusicManager: start playing new music: blockNum = 0, musicType = 0, name = 'block0_driving'
I blockMusicManager.cpp[0185]11/05 02:18:07 BlockMusicManager: start playing new music: blockNum = 0, musicType = 1, name = 'block0_alarm'
I blockMusicManager.cpp[0199]11/05 02:18:48 BlockMusicManager: resetting
I blockMusicManager.cpp[0185]11/05 02:18:48 BlockMusicManager: start playing new music: blockNum = 0, musicType = 0, name = 'block0_driving'
I blockMusicManager.cpp[0185]11/05 02:18:52 BlockMusicManager: start playing new music: blockNum = 0, musicType = 1, name = 'block0_alarm'
I blockMusicManager.cpp[0199]11/05 02:19:03 BlockMusicManager: resetting
I blockMusicManager.cpp[0185]11/05 02:19:03 BlockMusicManager: start playing new music: blockNum = 0, musicType = 0, name = 'block0_driving'
I         gamemenu.cpp[0283]11/05 02:19:07 Quit to Windows
I           view32.cpp[0815]11/05 02:19:07 --- Done Media ---
I    GameUiManager.cpp[0405]11/05 02:19:07 Interface: is clearing...
I    GameUiManager.cpp[0495]11/05 02:19:07 Interface: is cleared successfully
I    GameUiManager.cpp[0257]11/05 02:19:07 Interface: done...
I    GameUiManager.cpp[1580]11/05 02:19:07 Interface: clearing resource infos ...
I    GameUiManager.cpp[0292]11/05 02:19:07 Interface: is done
I           view32.cpp[0843]11/05 02:19:07 --- Done Media: Ok ---
I           m3dapp.cpp[1343]11/05 02:19:07 snd: Deleting Sound...
I           m3dapp.cpp[1343]11/05 02:19:07 snd: Stopping all sounds in FMOD...
I           m3dapp.cpp[1343]11/05 02:19:07 snd: Closing FMOD...
I           m3dapp.cpp[1343]11/05 02:19:07 snd: Deleting all sounds...
I           m3dapp.cpp[1343]11/05 02:19:07 snd: 	Stopping all sounds
I           m3dapp.cpp[1343]11/05 02:19:07 snd: 	Deleting all sounds from table
I           m3dapp.cpp[1343]11/05 02:19:07 snd: 	Sounds deleted
I           m3dapp.cpp[1343]11/05 02:19:07 snd: Sound is uninstalled
I      gameimpulse.cpp[0618]11/05 02:19:07 Key bindings: unbind all is done
I      gameimpulse.cpp[0343]11/05 02:19:07 Key bindings: is done
----------------------------------------------- Log ends on Thu May 11 02:19:07 2023 -----------------------------------------------




