-==- -==- -==- -==- -==- -==- -==- -==- -==- -==- -==- -==- -==- -==- -==-
-==
-== Log category   : Unhandled exception info
-== Build          : ExMachina - release version release build v1.03 (Feb 10 2006 16:30:09)
-==
-== Exception      : 0xC0000005 at address 0x28B318FE
-== Exception type : ACCESS VIOLATION  write attempt to address 0x75E39F24 
-==
-==- -==- -==- -==- -==- -==- -==- -==- -==- -==- -==- -==- -==- -==- -==-

1: 01/02/23 05:17:27
1: Physical memory = 2047 MB
1: Total memory    = 4095 MB
1: Physical memory available      =  694 MB
1: Total virtual memory           = 2047 MB
1: Total virtual memory available = 1000 MB
1: Page file available            = 2810 MB

1: Data from MemoryManager:
1: mem used:           340885177
1: mem allocated:      407301675
1: mem overhead:        21936960
1: last allocation:            0


1:   0   SymGetSymFromAddr(): GetLastError = 126
1: SymGetModuleInfo): GetLastError = 126

1:   1
1:     Mod:  MFC71, base: 7c140000h
1:     Offset: 0x7c15af0d
1:     Sym:  type: -nosymbols-, file: C:\Windows\system32\MFC71.DLL


Registers:
	CS:EIP 0x001B:28B318FE
	SS:ESP 0x0023:0012FAEC
	DS:EDI 0x0023:32081A14
	ES:ESI 0x0023:369AD1E4
	   EAX        00120013
	   EBX        00000000
	   ECX        36054D54
	   EDX        28EB4A1C

