-==- -==- -==- -==- -==- -==- -==- -==- -==- -==- -==- -==- -==- -==- -==-
-==
-== Log category   : Unhandled exception info
-== Build          : ExMachina - release version release build v1.03 (Feb 10 2006 16:30:09)
-==
-== Exception      : 0xC0000005 at address 0x08489211
-== Exception type : ACCESS VIOLATION  write attempt to address 0xA8ED01DE 
-==
-==- -==- -==- -==- -==- -==- -==- -==- -==- -==- -==- -==- -==- -==- -==-

1: 01/02/23 06:14:59
1: Physical memory = 2047 MB
1: Total memory    = 4095 MB
1: Physical memory available      =  686 MB
1: Total virtual memory           = 2047 MB
1: Total virtual memory available =  979 MB
1: Page file available            = 2802 MB

1: Data from MemoryManager:
1: mem used:           340957435
1: mem allocated:      412167127
1: mem overhead:        21960736
1: last allocation:            0


1:   0   SymGetSymFromAddr(): GetLastError = 126
1: SymGetModuleInfo): GetLastError = 126

1:   1
1:     Mod:  M3DEditor, base: 00400000h

1:   2
1:     Mod:  M3DEditor, base: 00400000h

1:   3
1:     Mod:  MFC71, base: 7c140000h
1:     Offset: 0x7c16e1b8
1:     Sym:  type: -nosymbols-, file: C:\Windows\system32\MFC71.DLL

1:   4     gapfnScSendMessage +455 bytes
1:     Decl: gapfnScSendMessage
1:     Mod:  USER32, base: 75720000h


Registers:
	CS:EIP 0x001B:08489211
	SS:ESP 0x0023:0012FBE4
	DS:EDI 0x0023:0229003D
	ES:ESI 0x0023:3E3F95F5
	   EAX        28ED019F
	   EBX        0229003C
	   ECX        3E3F95F4
	   EDX        008EDE60

