-==- -==- -==- -==- -==- -==- -==- -==- -==- -==- -==- -==- -==- -==- -==-
-==
-== Log category   : Unhandled exception info
-== Build          : ExMachina - release version release build v1.03 (Feb 10 2006 16:30:09)
-==
-== Exception      : 0xC0000005 at address 0x7C371C4A
-== Exception type : ACCESS VIOLATION  read attempt to address 0x0000001D 
-==
-==- -==- -==- -==- -==- -==- -==- -==- -==- -==- -==- -==- -==- -==- -==-

1: 01/27/23 20:44:29
1: Physical memory = 2047 MB
1: Total memory    = 4095 MB
1: Physical memory available      = 1148 MB
1: Total virtual memory           = 2047 MB
1: Total virtual memory available = 1127 MB
1: Page file available            = 2855 MB

1: Data from MemoryManager:
1: mem used:           273751854
1: mem allocated:      301205391
1: mem overhead:        13316992
1: last allocation:            0


1:   0     _fcloseall +1752 bytes
1:     Decl: _fcloseall
1:     Mod:  MSVCR71, base: 7c360000h


Registers:
	CS:EIP 0x001B:7C371C4A
	SS:ESP 0x0023:0012F8D4
	DS:EDI 0x0023:008F11AD
	ES:ESI 0x0023:0012F91C
	   EAX        0000001D
	   EBX        00000073
	   ECX        7FFFFFFE
	   EDX        329F2AEA

