-==- -==- -==- -==- -==- -==- -==- -==- -==- -==- -==- -==- -==- -==- -==-
-==
-== Log category   : Unhandled exception info
-== Build          : ExMachina - release version release build v1.03 (Feb 10 2006 16:30:09)
-==
-== Exception      : 0xC0000005 at address 0x0058F112
-== Exception type : ACCESS VIOLATION  read attempt to address 0x00000000 
-==
-==- -==- -==- -==- -==- -==- -==- -==- -==- -==- -==- -==- -==- -==- -==-

1: 01/03/23 05:38:30
1: Physical memory = 2047 MB
1: Total memory    = 4095 MB
1: Physical memory available      = 1707 MB
1: Total virtual memory           = 2047 MB
1: Total virtual memory available = 1789 MB
1: Page file available            = 3806 MB

1: Data from MemoryManager:
1: mem used:            29949550
1: mem allocated:       40439625
1: mem overhead:         5476608
1: last allocation:            0


1:   0
1:     Mod:  M3DEditor, base: 00400000h

1:   1     RtlFreeHeap +126 bytes
1:     Decl: RtlFreeHeap
1:     Mod:  ntdll, base: 770e0000h


Registers:
	CS:EIP 0x001B:0058F112
	SS:ESP 0x0023:0012ECB4
	DS:EDI 0x0023:00000000
	ES:ESI 0x0023:082601B8
	   EAX        00000000
	   EBX        00000000
	   ECX        082601B8
	   EDX        037F0834

