---------------------------------------------- Log begins on Tue Sep 13 16:24:15 2022 ----------------------------------------------
I           m3dapp.cpp[0088]13/09 16:24:15 Starting up...
I           m3dapp.cpp[1498]13/09 16:24:15 ExMachina - release version release build v1.02 (Dec 21 2005 12:15:10)
I      Stackwalker.cpp[0608]13/09 16:24:15 Stackwalker: log file name will be 'd:/games/ex machina mods/exmachina gm.mod sdk new/exceptions/hta.exe0000.log'
I      Stackwalker.cpp[0609]13/09 16:24:15 Stackwalker: dump file name will be 'd:/games/ex machina mods/exmachina gm.mod sdk new/exceptions/hta.exe0000.dmp'
I      Stackwalker.cpp[0610]13/09 16:24:15 Stackwalker: game log file name will be 'd:/games/ex machina mods/exmachina gm.mod sdk new/exceptions/hta.exe0000_game.log'
I           m3dapp.cpp[1391]13/09 16:24:15 Path: D:\Games\EX Machina Mods\ExMachina GM.mod SDK new
I           m3dapp.cpp[1392]13/09 16:24:15 Exe: D:\Games\EX Machina Mods\ExMachina GM.mod SDK new\hta.exe
I           m3dapp.cpp[1401]13/09 16:24:15 Windows version: 6.1.7601
I           m3dapp.cpp[1410]13/09 16:24:15 Computer name: RIVER-PC
I           m3dapp.cpp[1430]13/09 16:24:15 Cpu: GenuineIntel
I           m3dapp.cpp[1434]13/09 16:24:15 Cpu clock: ~1596
I           m3dapp.cpp[1459]13/09 16:24:15 Processor is mmx able
I           m3dapp.cpp[1470]13/09 16:24:15 Physical memory: 2047 MB
I           m3dapp.cpp[1471]13/09 16:24:15 Total memory:    4095 MB
I           m3dapp.cpp[1472]13/09 16:24:15 Physical memory available: 2020 MB
I           m3dapp.cpp[1473]13/09 16:24:15 Total memory available:    1914 MB
I           m3dapp.cpp[2846]13/09 16:24:15 SetCodepage -- using codepage 1251 '1251  (ANSI - кириллица)'
I           m3dapp.cpp[2154]13/09 16:24:15 NOTE! renderer is bind to dxrender9.dll
I           m3dapp.cpp[1336]13/09 16:24:15 d3d: Given device behavior: 80
I           m3dapp.cpp[1336]13/09 16:24:15 d3d: Confirmed device behavior: 80
I           m3dapp.cpp[1336]13/09 16:24:15 d3d: Description: Intel(R) HD Graphics Family
I           m3dapp.cpp[1336]13/09 16:24:15 d3d: Driver:      igdumdx32.dll
I           m3dapp.cpp[1336]13/09 16:24:15 d3d: VendorId:    0x8086
I           m3dapp.cpp[1336]13/09 16:24:15 d3d: DeviceId:    0x106
I           m3dapp.cpp[1336]13/09 16:24:15 d3d: SubSysId:    0x3672103c
I           m3dapp.cpp[1336]13/09 16:24:15 d3d: Revision:    9
I           m3dapp.cpp[1336]13/09 16:24:15 d3d: Driver version info:
I           m3dapp.cpp[1336]13/09 16:24:15 d3d:   Product:    8
I           m3dapp.cpp[1336]13/09 16:24:15 d3d:   Version:    15
I           m3dapp.cpp[1336]13/09 16:24:15 d3d:   SubVersion: 10
I           m3dapp.cpp[1336]13/09 16:24:15 d3d:   Build:      2622
I           m3dapp.cpp[1336]13/09 16:24:15 d3d: WHQLLevel:    0
I           m3dapp.cpp[1336]13/09 16:24:15 d3d: Texture max size: 8192x8192
I           m3dapp.cpp[1336]13/09 16:24:15 d3d: Guard band: (-8192.000,-8192.000,8192.000,8192.000)
I           m3dapp.cpp[1336]13/09 16:24:15 d3d: MaxTextureBlendStages: 8
I           m3dapp.cpp[1336]13/09 16:24:15 d3d: MaxSimultaneousTextures: 8
I           m3dapp.cpp[1336]13/09 16:24:15 d3d: MaxActiveLights: 10
I           m3dapp.cpp[1336]13/09 16:24:15 d3d: MaxUserClipPlanes: 6
I           m3dapp.cpp[1336]13/09 16:24:15 d3d: VertexShaderVersion: 0xfffe0300
I           m3dapp.cpp[1336]13/09 16:24:15 d3d: PixelShaderVersion: 0xffff0300
I           m3dapp.cpp[1336]13/09 16:24:15 d3d: Geometry instancing: supported
I           m3dapp.cpp[1336]13/09 16:24:15 d3d: Depth bias supported: yes
I           m3dapp.cpp[1336]13/09 16:24:15 d3d: Slope-scale based depth bias supported: yes
I           m3dapp.cpp[1336]13/09 16:24:15 d3d: HwRasterization: true
I           m3dapp.cpp[1336]13/09 16:24:15 d3d: HwTnL: true
I           m3dapp.cpp[1336]13/09 16:24:15 d3d: PureDevice: true
I           m3dapp.cpp[1336]13/09 16:24:15 d3d: CubeMap: true
I           m3dapp.cpp[1336]13/09 16:24:15 d3d: VolumeMap: true
I           m3dapp.cpp[1336]13/09 16:24:15 d3d: TextureAddressCaps:
I           m3dapp.cpp[1336]13/09 16:24:15 d3d: 	wrap: true
I           m3dapp.cpp[1336]13/09 16:24:15 d3d: 	clamp: true
I           m3dapp.cpp[1336]13/09 16:24:15 d3d: 	border: true
I           m3dapp.cpp[1336]13/09 16:24:15 d3d: Projective textures: true
I           m3dapp.cpp[1336]13/09 16:24:15 d3d: MaxPointSize: 256.000
I           m3dapp.cpp[1336]13/09 16:24:15 d3d: MaxPrimitiveCount: 1048575
I           m3dapp.cpp[1336]13/09 16:24:15 d3d: MaxVertexIndex: 16777215
I           m3dapp.cpp[1336]13/09 16:24:15 d3d: MaxStreams: 16
I           m3dapp.cpp[1336]13/09 16:24:15 d3d: MaxStreamsStride: 255
I           m3dapp.cpp[1336]13/09 16:24:15 d3d: MaxAnisotropy: 16
I           m3dapp.cpp[1336]13/09 16:24:15 d3d: MaxVertexBlendMatrices: 4
I           m3dapp.cpp[1336]13/09 16:24:15 d3d: MaxVertexBlendMatrixIndex: 8
I           m3dapp.cpp[1336]13/09 16:24:15 d3d: FullScreenGamma: true
I           m3dapp.cpp[1336]13/09 16:24:15 d3d: COLORWRITEENABLE: true
I           m3dapp.cpp[1336]13/09 16:24:15 d3d: MASKZ: true
I           m3dapp.cpp[1336]13/09 16:24:15 d3d: BLENDOP: true
I           m3dapp.cpp[1336]13/09 16:24:15 d3d: CLIPPLANESCALEDPOINTS: false
I           m3dapp.cpp[1336]13/09 16:24:15 d3d: CLIPTLVERTS: false
I           m3dapp.cpp[1336]13/09 16:24:15 d3d: TSSARGTEMP: true
I           m3dapp.cpp[1336]13/09 16:24:15 d3d: DIRECTIONALLIGHTS: true
I           m3dapp.cpp[1336]13/09 16:24:15 d3d: LOCALVIEWER: true
I           m3dapp.cpp[1336]13/09 16:24:15 d3d: POSITIONALLIGHTS: true
I           m3dapp.cpp[1336]13/09 16:24:15 d3d: TEXGEN:  true
I           m3dapp.cpp[1336]13/09 16:24:15 d3d: TWEENING:  true
I           m3dapp.cpp[1336]13/09 16:24:15 d3d: Dp3: true
I           m3dapp.cpp[1336]13/09 16:24:15 d3d: Lerp: true
I           m3dapp.cpp[1336]13/09 16:24:15 d3d: MaxNpatchTessellationLevel: 0.000
I           m3dapp.cpp[1336]13/09 16:24:15 d3d: Query VCACHE support: true
I           m3dapp.cpp[1336]13/09 16:24:15 d3d: Query EVENT support: true
I           m3dapp.cpp[1336]13/09 16:24:15 d3d: Query OCCLUSION support: true
I           m3dapp.cpp[1336]13/09 16:24:15 d3d: Query TIMESTAMP support: true
I           m3dapp.cpp[1336]13/09 16:24:15 d3d: Query TIMESTAMPDISJOINT support: true
I           m3dapp.cpp[1336]13/09 16:24:15 d3d: Query TIMESTAMPFREQ support: true
I           m3dapp.cpp[1336]13/09 16:24:15 d3d: Query PIPELINETIMINGS support: false
I           m3dapp.cpp[1336]13/09 16:24:15 d3d: Query INTERFACETIMINGS support: false
I           m3dapp.cpp[1336]13/09 16:24:15 d3d: Query VERTEXTIMINGS support: false
I           m3dapp.cpp[1336]13/09 16:24:15 d3d: Query PIXELTIMINGS support: false
I           m3dapp.cpp[1336]13/09 16:24:15 d3d: Query BANDWIDTHTIMINGS support: false
I           m3dapp.cpp[1336]13/09 16:24:15 d3d: Query CACHEUTILIZATION support: false
I           m3dapp.cpp[1336]13/09 16:24:15 d3d: Creating or resetting the device
I           m3dapp.cpp[1336]13/09 16:24:15 d3d: Back buffer format: X8R8G8B8
I           m3dapp.cpp[1336]13/09 16:24:15 d3d: Depth/stencil buffer format: D24S8
I           m3dapp.cpp[1336]13/09 16:24:15 d3d: Stenciling: off
I           m3dapp.cpp[1336]13/09 16:24:15 d3d: Rgba textures format: DXT5
I           m3dapp.cpp[1336]13/09 16:24:15 d3d: Rgba no c. textures format: A8R8G8B8
I           m3dapp.cpp[1336]13/09 16:24:15 d3d: RgbA textures format: DXT5
I           m3dapp.cpp[1336]13/09 16:24:15 d3d: RgbA no c. textures format: A4R4G4B4
I           m3dapp.cpp[1336]13/09 16:24:15 d3d: Rt textures format: A8R8G8B8
I           m3dapp.cpp[1336]13/09 16:24:15 d3d: Shadow textures format: R5G6B5
I           m3dapp.cpp[1336]13/09 16:24:15 d3d: Rt depth format: D16
I           m3dapp.cpp[2206]13/09 16:24:15 NOTE! input is bind to input_di8.dll
I           m3dapp.cpp[1938]13/09 16:24:15 NOTE! sound is bind to sound.dll
I           m3dapp.cpp[1350]13/09 16:24:15 input: Joystick not found
I           m3dapp.cpp[1343]13/09 16:24:16 snd: Max sound channels available: 128
I           m3dapp.cpp[1343]13/09 16:24:16 snd: Sound is inited successfully
I             font.cpp[0976]13/09 16:24:16 FontManager: fonts are loaded successfully
I           m3dapp.cpp[1336]13/09 16:24:16 d3d: Cannot open data\models\logos\fishmen.dds
I           m3dapp.cpp[1336]13/09 16:24:16 d3d: texmap failed to load: data\models\logos\fishmen.dds
E       DraftModel.cpp[1002]13/09 16:24:16 Error: Couldn't load texture data\models\logos\fishmen.dds for model logos.gam
I           m3dapp.cpp[1336]13/09 16:24:16 d3d: Cannot open data\models\logos\logo32.dds
I           m3dapp.cpp[1336]13/09 16:24:16 d3d: texmap failed to load: data\models\logos\logo32.dds
E       DraftModel.cpp[1002]13/09 16:24:16 Error: Couldn't load texture data\models\logos\logo32.dds for model logos.gam
I           m3dapp.cpp[1336]13/09 16:24:16 d3d: Cannot open data\models\logos\logo33.dds
I           m3dapp.cpp[1336]13/09 16:24:16 d3d: texmap failed to load: data\models\logos\logo33.dds
E       DraftModel.cpp[1002]13/09 16:24:16 Error: Couldn't load texture data\models\logos\logo33.dds for model logos.gam
I           m3dapp.cpp[1336]13/09 16:24:16 d3d: Cannot open data\models\logos\logo34.dds
I           m3dapp.cpp[1336]13/09 16:24:16 d3d: texmap failed to load: data\models\logos\logo34.dds
E       DraftModel.cpp[1002]13/09 16:24:16 Error: Couldn't load texture data\models\logos\logo34.dds for model logos.gam
I           m3dapp.cpp[1336]13/09 16:24:16 d3d: Cannot open data\models\logos\logo35.dds
I           m3dapp.cpp[1336]13/09 16:24:16 d3d: texmap failed to load: data\models\logos\logo35.dds
E       DraftModel.cpp[1002]13/09 16:24:16 Error: Couldn't load texture data\models\logos\logo35.dds for model logos.gam
I           m3dapp.cpp[1336]13/09 16:24:16 d3d: Cannot open data\models\logos\logo36.dds
I           m3dapp.cpp[1336]13/09 16:24:16 d3d: texmap failed to load: data\models\logos\logo36.dds
E       DraftModel.cpp[1002]13/09 16:24:16 Error: Couldn't load texture data\models\logos\logo36.dds for model logos.gam
I           m3dapp.cpp[1336]13/09 16:24:16 d3d: Cannot open data\models\logos\logo37.dds
I           m3dapp.cpp[1336]13/09 16:24:16 d3d: texmap failed to load: data\models\logos\logo37.dds
E       DraftModel.cpp[1002]13/09 16:24:16 Error: Couldn't load texture data\models\logos\logo37.dds for model logos.gam
I           m3dapp.cpp[1336]13/09 16:24:16 d3d: Cannot open data\models\logos\logo38.dds
I           m3dapp.cpp[1336]13/09 16:24:16 d3d: texmap failed to load: data\models\logos\logo38.dds
E       DraftModel.cpp[1002]13/09 16:24:16 Error: Couldn't load texture data\models\logos\logo38.dds for model logos.gam
I           m3dapp.cpp[1336]13/09 16:24:16 d3d: Cannot open data\models\logos\logo39.dds
I           m3dapp.cpp[1336]13/09 16:24:16 d3d: texmap failed to load: data\models\logos\logo39.dds
E       DraftModel.cpp[1002]13/09 16:24:16 Error: Couldn't load texture data\models\logos\logo39.dds for model logos.gam
I           m3dapp.cpp[1336]13/09 16:24:16 d3d: Cannot open data\models\logos\logo40.dds
I           m3dapp.cpp[1336]13/09 16:24:16 d3d: texmap failed to load: data\models\logos\logo40.dds
E       DraftModel.cpp[1002]13/09 16:24:16 Error: Couldn't load texture data\models\logos\logo40.dds for model logos.gam
I           m3dapp.cpp[1336]13/09 16:24:16 d3d: Cannot open data\models\logos\logo41.dds
I           m3dapp.cpp[1336]13/09 16:24:16 d3d: texmap failed to load: data\models\logos\logo41.dds
E       DraftModel.cpp[1002]13/09 16:24:16 Error: Couldn't load texture data\models\logos\logo41.dds for model logos.gam
I           m3dapp.cpp[1336]13/09 16:24:16 d3d: Cannot open data\models\logos\logo42.dds
I           m3dapp.cpp[1336]13/09 16:24:16 d3d: texmap failed to load: data\models\logos\logo42.dds
E       DraftModel.cpp[1002]13/09 16:24:16 Error: Couldn't load texture data\models\logos\logo42.dds for model logos.gam
I           m3dapp.cpp[1336]13/09 16:24:16 d3d: Cannot open data\models\logos\logo43.dds
I           m3dapp.cpp[1336]13/09 16:24:16 d3d: texmap failed to load: data\models\logos\logo43.dds
E       DraftModel.cpp[1002]13/09 16:24:16 Error: Couldn't load texture data\models\logos\logo43.dds for model logos.gam
I           m3dapp.cpp[1336]13/09 16:24:16 d3d: Cannot open data\models\logos\logo44.dds
I           m3dapp.cpp[1336]13/09 16:24:16 d3d: texmap failed to load: data\models\logos\logo44.dds
E       DraftModel.cpp[1002]13/09 16:24:16 Error: Couldn't load texture data\models\logos\logo44.dds for model logos.gam
I           m3dapp.cpp[1336]13/09 16:24:16 d3d: Cannot open data\models\logos\logo45.dds
I           m3dapp.cpp[1336]13/09 16:24:16 d3d: texmap failed to load: data\models\logos\logo45.dds
E       DraftModel.cpp[1002]13/09 16:24:16 Error: Couldn't load texture data\models\logos\logo45.dds for model logos.gam
I           m3dapp.cpp[1336]13/09 16:24:16 d3d: Cannot open data\models\logos\logo46.dds
I           m3dapp.cpp[1336]13/09 16:24:16 d3d: texmap failed to load: data\models\logos\logo46.dds
E       DraftModel.cpp[1002]13/09 16:24:16 Error: Couldn't load texture data\models\logos\logo46.dds for model logos.gam
I           m3dapp.cpp[1336]13/09 16:24:16 d3d: Cannot open data\models\logos\logo47.dds
I           m3dapp.cpp[1336]13/09 16:24:16 d3d: texmap failed to load: data\models\logos\logo47.dds
E       DraftModel.cpp[1002]13/09 16:24:16 Error: Couldn't load texture data\models\logos\logo47.dds for model logos.gam
I           m3dapp.cpp[1336]13/09 16:24:16 d3d: Cannot open data\models\logos\logo48.dds
I           m3dapp.cpp[1336]13/09 16:24:16 d3d: texmap failed to load: data\models\logos\logo48.dds
E       DraftModel.cpp[1002]13/09 16:24:16 Error: Couldn't load texture data\models\logos\logo48.dds for model logos.gam
I           m3dapp.cpp[1336]13/09 16:24:16 d3d: Cannot open data\models\logos\logo49.dds
I           m3dapp.cpp[1336]13/09 16:24:16 d3d: texmap failed to load: data\models\logos\logo49.dds
E       DraftModel.cpp[1002]13/09 16:24:16 Error: Couldn't load texture data\models\logos\logo49.dds for model logos.gam
I           m3dapp.cpp[1336]13/09 16:24:16 d3d: Cannot open data\models\logos\logo50.dds
I           m3dapp.cpp[1336]13/09 16:24:16 d3d: texmap failed to load: data\models\logos\logo50.dds
E       DraftModel.cpp[1002]13/09 16:24:16 Error: Couldn't load texture data\models\logos\logo50.dds for model logos.gam
I           m3dapp.cpp[1336]13/09 16:24:16 d3d: Cannot open data\models\logos\logo51.dds
I           m3dapp.cpp[1336]13/09 16:24:16 d3d: texmap failed to load: data\models\logos\logo51.dds
E       DraftModel.cpp[1002]13/09 16:24:16 Error: Couldn't load texture data\models\logos\logo51.dds for model logos.gam
I           m3dapp.cpp[1336]13/09 16:24:16 d3d: Cannot open data\models\logos\logo52.dds
I           m3dapp.cpp[1336]13/09 16:24:16 d3d: texmap failed to load: data\models\logos\logo52.dds
E       DraftModel.cpp[1002]13/09 16:24:16 Error: Couldn't load texture data\models\logos\logo52.dds for model logos.gam
I           m3dapp.cpp[1336]13/09 16:24:16 d3d: Cannot open data\models\logos\logo53.dds
I           m3dapp.cpp[1336]13/09 16:24:16 d3d: texmap failed to load: data\models\logos\logo53.dds
E       DraftModel.cpp[1002]13/09 16:24:16 Error: Couldn't load texture data\models\logos\logo53.dds for model logos.gam
I           m3dapp.cpp[1336]13/09 16:24:16 d3d: Cannot open data\models\logos\logo54.dds
I           m3dapp.cpp[1336]13/09 16:24:16 d3d: texmap failed to load: data\models\logos\logo54.dds
E       DraftModel.cpp[1002]13/09 16:24:16 Error: Couldn't load texture data\models\logos\logo54.dds for model logos.gam
I           m3dapp.cpp[1336]13/09 16:24:16 d3d: Cannot open data\models\logos\logo55.dds
I           m3dapp.cpp[1336]13/09 16:24:16 d3d: texmap failed to load: data\models\logos\logo55.dds
E       DraftModel.cpp[1002]13/09 16:24:16 Error: Couldn't load texture data\models\logos\logo55.dds for model logos.gam
I           m3dapp.cpp[1336]13/09 16:24:16 d3d: Cannot open data\models\logos\logo56.dds
I           m3dapp.cpp[1336]13/09 16:24:16 d3d: texmap failed to load: data\models\logos\logo56.dds
E       DraftModel.cpp[1002]13/09 16:24:16 Error: Couldn't load texture data\models\logos\logo56.dds for model logos.gam
I           m3dapp.cpp[1336]13/09 16:24:16 d3d: Cannot open data\models\logos\logo57.dds
I           m3dapp.cpp[1336]13/09 16:24:16 d3d: texmap failed to load: data\models\logos\logo57.dds
E       DraftModel.cpp[1002]13/09 16:24:16 Error: Couldn't load texture data\models\logos\logo57.dds for model logos.gam
I           m3dapp.cpp[1336]13/09 16:24:16 d3d: Cannot open data\models\logos\logo58.dds
I           m3dapp.cpp[1336]13/09 16:24:16 d3d: texmap failed to load: data\models\logos\logo58.dds
E       DraftModel.cpp[1002]13/09 16:24:16 Error: Couldn't load texture data\models\logos\logo58.dds for model logos.gam
I           m3dapp.cpp[1336]13/09 16:24:16 d3d: Cannot open data\models\logos\logo59.dds
I           m3dapp.cpp[1336]13/09 16:24:16 d3d: texmap failed to load: data\models\logos\logo59.dds
E       DraftModel.cpp[1002]13/09 16:24:16 Error: Couldn't load texture data\models\logos\logo59.dds for model logos.gam
I           m3dapp.cpp[1336]13/09 16:24:16 d3d: Cannot open data\models\logos\logo60.dds
I           m3dapp.cpp[1336]13/09 16:24:16 d3d: texmap failed to load: data\models\logos\logo60.dds
E       DraftModel.cpp[1002]13/09 16:24:16 Error: Couldn't load texture data\models\logos\logo60.dds for model logos.gam
I           m3dapp.cpp[1336]13/09 16:24:16 d3d: Cannot open data\models\logos\logo61.dds
I           m3dapp.cpp[1336]13/09 16:24:16 d3d: texmap failed to load: data\models\logos\logo61.dds
E       DraftModel.cpp[1002]13/09 16:24:16 Error: Couldn't load texture data\models\logos\logo61.dds for model logos.gam
I           m3dapp.cpp[1336]13/09 16:24:16 d3d: Cannot open data\models\logos\logo62.dds
I           m3dapp.cpp[1336]13/09 16:24:16 d3d: texmap failed to load: data\models\logos\logo62.dds
E       DraftModel.cpp[1002]13/09 16:24:16 Error: Couldn't load texture data\models\logos\logo62.dds for model logos.gam
I           m3dapp.cpp[1336]13/09 16:24:16 d3d: Cannot open data\models\logos\logo63.dds
I           m3dapp.cpp[1336]13/09 16:24:16 d3d: texmap failed to load: data\models\logos\logo63.dds
E       DraftModel.cpp[1002]13/09 16:24:16 Error: Couldn't load texture data\models\logos\logo63.dds for model logos.gam
I           m3dapp.cpp[1336]13/09 16:24:16 d3d: Cannot open data\models\logos\logo64.dds
I           m3dapp.cpp[1336]13/09 16:24:16 d3d: texmap failed to load: data\models\logos\logo64.dds
E       DraftModel.cpp[1002]13/09 16:24:16 Error: Couldn't load texture data\models\logos\logo64.dds for model logos.gam
I           m3dapp.cpp[1336]13/09 16:24:16 d3d: Cannot open data\models\logos\logo65.dds
I           m3dapp.cpp[1336]13/09 16:24:16 d3d: texmap failed to load: data\models\logos\logo65.dds
E       DraftModel.cpp[1002]13/09 16:24:16 Error: Couldn't load texture data\models\logos\logo65.dds for model logos.gam
I           m3dapp.cpp[1336]13/09 16:24:16 d3d: Cannot open data\models\logos\logo66.dds
I           m3dapp.cpp[1336]13/09 16:24:16 d3d: texmap failed to load: data\models\logos\logo66.dds
E       DraftModel.cpp[1002]13/09 16:24:16 Error: Couldn't load texture data\models\logos\logo66.dds for model logos.gam
I           m3dapp.cpp[1336]13/09 16:24:16 d3d: Cannot open data\models\logos\logo67.dds
I           m3dapp.cpp[1336]13/09 16:24:16 d3d: texmap failed to load: data\models\logos\logo67.dds
E       DraftModel.cpp[1002]13/09 16:24:16 Error: Couldn't load texture data\models\logos\logo67.dds for model logos.gam
I           m3dapp.cpp[1336]13/09 16:24:16 d3d: Cannot open data\models\logos\logo68.dds
I           m3dapp.cpp[1336]13/09 16:24:16 d3d: texmap failed to load: data\models\logos\logo68.dds
E       DraftModel.cpp[1002]13/09 16:24:16 Error: Couldn't load texture data\models\logos\logo68.dds for model logos.gam
I           m3dapp.cpp[1336]13/09 16:24:16 d3d: Cannot open data\models\logos\logo69.dds
I           m3dapp.cpp[1336]13/09 16:24:16 d3d: texmap failed to load: data\models\logos\logo69.dds
E       DraftModel.cpp[1002]13/09 16:24:16 Error: Couldn't load texture data\models\logos\logo69.dds for model logos.gam
I           m3dapp.cpp[1336]13/09 16:24:16 d3d: Cannot open data\models\logos\logo70.dds
I           m3dapp.cpp[1336]13/09 16:24:16 d3d: texmap failed to load: data\models\logos\logo70.dds
E       DraftModel.cpp[1002]13/09 16:24:16 Error: Couldn't load texture data\models\logos\logo70.dds for model logos.gam
I      gameimpulse.cpp[0288]13/09 16:24:16 Key bindings: were inited successfully
I           view32.cpp[0705]13/09 16:24:16 --- Init Media ---
I    GameUiManager.cpp[0303]13/09 16:24:16 Interface: is initializing...
I    GameUiManager.cpp[1580]13/09 16:24:16 Interface: clearing resource infos ...
I    GameUiManager.cpp[1491]13/09 16:24:16 Interface: loading resource infos ...
I    GameUiManager.cpp[1603]13/09 16:24:16 Interface: loading resources ...
I           m3dapp.cpp[1343]13/09 16:24:17 snd: Error: Can't Open SoundFile: 
I           m3dapp.cpp[1343]13/09 16:24:17 snd: Cannot open sound stream from file . Error: File not found, flags: 8272
I    GameUiManager.cpp[0395]13/09 16:24:17 Interface: is inited successfully
I        LevelInfo.cpp[0806]13/09 16:24:17 Level infos were loaded successfully from file data\if\diz\LevelInfo.xml
I        LevelInfo.cpp[0837]13/09 16:24:17 Error: could't open data\maps\r1m8.ssl file
E        LevelInfo.cpp[0749]13/09 16:24:17 LevelInfoManager was inited with errors
I   TruxxUiManager.cpp[0191]13/09 16:24:17 TruxxUiManager: was inited successfully
I      gameimpulse.cpp[0618]13/09 16:24:18 Key bindings: unbind all is done
I      gameimpulse.cpp[0324]13/09 16:24:18 Key bindings: were loaded successfully from file data\scripts\DefaultKeyBindings.lua
I      gameimpulse.cpp[1194]13/09 16:24:18 Key bindings: were bind from defaults
I            video.cpp[0704]13/09 16:24:18 Could not load specified video file: data\video\logobuka.wmv (hr = 80070003)
I     view32_video.cpp[0061]13/09 16:24:18 Error: couldn't load video 'data\video\logobuka.wmv'
I            video.cpp[0704]13/09 16:24:18 Could not load specified video file: data\video\logotargem.wmv (hr = 80070003)
I     view32_video.cpp[0061]13/09 16:24:18 Error: couldn't load video 'data\video\logotargem.wmv'
I            video.cpp[0704]13/09 16:24:18 Could not load specified video file: data\video\INTRO_RUS_FIELD.wmv (hr = 80070003)
I     view32_video.cpp[0061]13/09 16:24:18 Error: couldn't load video 'data\video\INTRO_RUS_FIELD.wmv'
I             core.lua[0013]13/09 16:24:18 IMPROVED STORYLINE V1.0.5.3 ORIGINAL BUILD 220422
I           m3dapp.cpp[1808]13/09 16:24:18 ----------------------- Engine inited in: 0
I          Profile.cpp[0602]13/09 16:24:18 Profile "Игрок" set
I   TruxxUiManager.cpp[1422]13/09 16:24:18 Game mode changed. Old mode = 3, new mode = 2
I        SplashWnd.cpp[0244]13/09 16:24:18 Start splashing 11
I           view32.cpp[1048]13/09 16:24:18 -- Loading Level: data\maps\mainmenu.ssl --
I            world.cpp[0132]13/09 16:24:18 ----------------------- World Loading
F        landscape.cpp[1674]13/09 16:24:18  +- Enter function: Landscape::Load()
I        landscape.cpp[1911]13/09 16:24:18  |  ----------------------- Normal map loaded in: 1
I        landscape.cpp[1920]13/09 16:24:18  |  ----------------------- Tiles loaded in: 28
I        landscape.cpp[1944]13/09 16:24:19  |  ----------------------- ShoreLine loaded in: 1
F        landscape.cpp[1944]13/09 16:24:19  +- Exit function: Landscape::Load()
I            world.cpp[0169]13/09 16:24:19 ----------------------- Landscape loaded in: 178
I       DataServer.cpp[0587]13/09 16:24:19 Loading Servers: data\maps\MainMenu\servers.xml
I serverAnimatedModel.cpp[0630]13/09 16:24:21 ### Total time: 2418, GAM time: 734
I       DataServer.cpp[0587]13/09 16:24:21 Loading Servers: data\models\commonservers.xml
E      serverMusic.cpp[0216]13/09 16:24:24 MusicServer: cannot read file: data\music\music.xml id = 'LaBelleTown'
E      serverMusic.cpp[0216]13/09 16:24:24 MusicServer: cannot read file: data\music\music.xml id = 'block6_driving2'
I            world.cpp[0210]13/09 16:24:25 ----------------------- Servers loaded in: 5913
I            world.cpp[0338]13/09 16:24:25 LoadWorld begin...
I            world.cpp[0350]13/09 16:24:25 %%%% read/parse xml: 20
I            world.cpp[0362]13/09 16:24:25 %%%% read from xml: 10
E    PlayerPassMap.cpp[0139]13/09 16:24:25 Couldn't load player pass map from file data\maps\MainMenu\player_passmap.xml
I            world.cpp[0444]13/09 16:24:25 %%%% link nodes: 33
I            world.cpp[0220]13/09 16:24:25 ----------------------- Nodes loaded in: 64
I            world.cpp[0228]13/09 16:24:25 ----------------------- Prefabs loaded in: 1
I            world.cpp[0247]13/09 16:24:25 ----------------------- World loaded in: 6472
I            world.cpp[0278]13/09 16:24:25 ----------------------- Roads loaded in: 236
I           view32.cpp[1078]13/09 16:24:25 Load Server begin...
I   TruxxUiManager.cpp[0974]13/09 16:24:25 Interface: is loaded successfully
I           server.cpp[0789]13/09 16:24:25 AI: Loading Server...
I           server.cpp[0796]13/09 16:24:25 	AI: Loading Relationship
I     Relationship.cpp[0134]13/09 16:24:25 		 File readed
I           server.cpp[0801]13/09 16:24:25 	AI: Loading SoilProps
I           server.cpp[0804]13/09 16:24:25 	AI: Loading ExternalPaths
I           server.cpp[0807]13/09 16:24:25 	AI: Loading PlayerPassMap
E    PlayerPassMap.cpp[0139]13/09 16:24:25 Couldn't load player pass map from file data\maps\MainMenu\player_passmap.xml
I           server.cpp[0813]13/09 16:24:25 	AI: Loading GameObjects
I           server.cpp[0816]13/09 16:24:25 	AI: Initializing VehicleGeneratorInfoCache
I           server.cpp[0820]13/09 16:24:25 	AI: Refreshing GameObjects
I           server.cpp[0824]13/09 16:24:26 	AI: Loading QuestStates
I       QuestState.cpp[0904]13/09 16:24:26 Quest 'Human1_Quest1' can be given now
I       QuestState.cpp[0904]13/09 16:24:26 Quest 'Human1_Quest2' can be given now
I       QuestState.cpp[0904]13/09 16:24:26 Quest 'BenGoodEnd' can be given now
I       QuestState.cpp[0904]13/09 16:24:26 Quest 'q_PlaceWithSign' can be given now
I       QuestState.cpp[0904]13/09 16:24:26 Quest 'r3m2_OracleMemory' can be given now
I       QuestState.cpp[0904]13/09 16:24:26 Quest 'r3m2_TalkWithLisa' can be given now
I       QuestState.cpp[0904]13/09 16:24:26 Quest 'r3m2_TalkWithBenAboutCarAfterOracul' can be given now
I       QuestState.cpp[0904]13/09 16:24:26 Quest 'r3m2_FindInfoAboutFather' can be given now
I       QuestState.cpp[0904]13/09 16:24:26 Quest 'r3m1_LureMainDriud' can be given now
I       QuestState.cpp[0904]13/09 16:24:26 Quest 'r3m1_ClearSanctuary' can be given now
I       QuestState.cpp[0904]13/09 16:24:26 Quest 'r3m1_KnowAboutUluk' can be given now
I       QuestState.cpp[0904]13/09 16:24:26 Quest 'r3m1_RescueUlukCivil' can be given now
I       QuestState.cpp[0904]13/09 16:24:26 Quest 'q_VisitDruid' can be given now
I       QuestState.cpp[0904]13/09 16:24:26 Quest 'r2m2_Znaki2_Quest' can be given now
I       QuestState.cpp[0904]13/09 16:24:26 Quest 'r2m2_HeadsHunterQuest' can be given now
I       QuestState.cpp[0904]13/09 16:24:26 Quest 'r2m2_OldDvigatel1_Quest' can be given now
I       QuestState.cpp[0904]13/09 16:24:26 Quest 'r2m2_OldDvigatel2_Quest' can be given now
I       QuestState.cpp[0904]13/09 16:24:26 Quest 'r2m2_FightFelix' can be given now
I       QuestState.cpp[0904]13/09 16:24:26 Quest 'r2m2_ReturnToMarecciaFromCastle' can be given now
I       QuestState.cpp[0904]13/09 16:24:26 Quest 'r2m2_FightWithAxelInArena_Quest' can be given now
I       QuestState.cpp[0904]13/09 16:24:26 Quest 'r2m2_FindLisAfterAxelAndFatherDie_Quest' can be given now
I       QuestState.cpp[0904]13/09 16:24:26 Quest 'r2m2_ToLisaToMonastir' can be given now
I       QuestState.cpp[0904]13/09 16:24:26 Quest 'r2m2_FightLisaToMonastir' can be given now
I       QuestState.cpp[0904]13/09 16:24:26 Quest 'r2m2_GiveDisk2ToOrakul' can be given now
I       QuestState.cpp[0904]13/09 16:24:26 Quest 'MrShlyapa3_Quest' can be given now
I       QuestState.cpp[0904]13/09 16:24:26 Quest 'r2m1_ArtAntipod_Quest' can be given now
I       QuestState.cpp[0904]13/09 16:24:26 Quest 'r2m1_TakeNarcotics_Quest' can be given now
I       QuestState.cpp[0904]13/09 16:24:26 Quest 'r2m1_KillGodFather_Quest' can be given now
I       QuestState.cpp[0904]13/09 16:24:26 Quest 'MrShlyapaSecret' can be given now
I       QuestState.cpp[0904]13/09 16:24:26 Quest 'd_GetSupportOneOfTheBands2_Quest' can be given now
I       QuestState.cpp[0904]13/09 16:24:26 Quest 'd_GetSupportOneOfTheBands1_Quest' can be given now
I       QuestState.cpp[0904]13/09 16:24:26 Quest 'd_FindVerbInAR_Quest' can be given now
I       QuestState.cpp[0904]13/09 16:24:26 Quest 'd_FindVerbInSNG_Quest' can be given now
I       QuestState.cpp[0904]13/09 16:24:26 Quest 'd_PatrulSideSNG_Quest' can be given now
I       QuestState.cpp[0904]13/09 16:24:26 Quest 'd_TakeGeneralOfBandits_Quest' can be given now
I       QuestState.cpp[0904]13/09 16:24:26 Quest 'r2m1_TW_AlienInShip' can be given now
I       QuestState.cpp[0904]13/09 16:24:26 Quest 'Podderzhka_Quest' can be given now
I       QuestState.cpp[0904]13/09 16:24:26 Quest 'Zashita_Quest' can be given now
I       QuestState.cpp[0904]13/09 16:24:26 Quest 'preEretik_Quest' can be given now
I       QuestState.cpp[0904]13/09 16:24:26 Quest 'ReturnQuest' can be given now
I       QuestState.cpp[0904]13/09 16:24:26 Quest 'd_FindVerbInAM_Quest' can be given now
I       QuestState.cpp[0904]13/09 16:24:26 Quest 'OdettIsDead_Quest' can be given now
I       QuestState.cpp[0904]13/09 16:24:26 Quest 'Disk2OrakulLisa' can be given now
I       QuestState.cpp[0904]13/09 16:24:26 Quest 'FindGomerB_Quest1' can be given now
I       QuestState.cpp[0904]13/09 16:24:26 Quest 'FreeExtremistLeader_Quest1' can be given now
I       QuestState.cpp[0904]13/09 16:24:26 Quest 'KillExtremist_Quest1' can be given now
I       QuestState.cpp[0904]13/09 16:24:26 Quest 'r1m4_TalkWithOldTraderAboutSecondDisk' can be given now
I       QuestState.cpp[0904]13/09 16:24:26 Quest 'q_FindHusbent' can be given now
I       QuestState.cpp[0904]13/09 16:24:26 Quest 'RybakToOlm_Quest' can be given now
I       QuestState.cpp[0904]13/09 16:24:26 Quest 'AnanagaTech_Quest' can be given now
I       QuestState.cpp[0904]13/09 16:24:26 Quest 'MrShlyapa2_Quest' can be given now
I       QuestState.cpp[0904]13/09 16:24:26 Quest 'ToCordanToTikhomir_Quest' can be given now
I       QuestState.cpp[0904]13/09 16:24:26 Quest 'r1m3_BonnyAndKlideQuest' can be given now
I       QuestState.cpp[0904]13/09 16:24:26 Quest 'r1m3_ArchHelp' can be given now
I       QuestState.cpp[0904]13/09 16:24:26 Quest 'r1m3_CrazyManQuest' can be given now
I       QuestState.cpp[0904]13/09 16:24:26 Quest 'r1m3_OldTownOutsiderCar2_Quest' can be given now
I       QuestState.cpp[0904]13/09 16:24:26 Quest 'FightForPesht' can be given now
I       QuestState.cpp[0904]13/09 16:24:26 Quest 'd_RideAcrossBase_Quest' can be given now
I       QuestState.cpp[0904]13/09 16:24:26 Quest 'd_GiveMoneyToBase_Quest' can be given now
I       QuestState.cpp[0904]13/09 16:24:26 Quest 'd_GetBomb_Quest' can be given now
I       QuestState.cpp[0904]13/09 16:24:26 Quest 'd_IntrigaOfMerMinin_Quest' can be given now
I       QuestState.cpp[0904]13/09 16:24:26 Quest 'd_MoveFreelancersToOilMine_Quest' can be given now
I       QuestState.cpp[0904]13/09 16:24:26 Quest 'd_MoveCanistraToMinin_Quest' can be given now
I       QuestState.cpp[0904]13/09 16:24:26 Quest 'd_OpenTunel_Quest' can be given now
I       QuestState.cpp[0904]13/09 16:24:26 Quest 'r1m3_TalkWithThiefFromFatherHouse' can be given now
I       QuestState.cpp[0904]13/09 16:24:26 Quest 'r1m3_MoveToOraculAfterThief' can be given now
I       QuestState.cpp[0904]13/09 16:24:26 Quest 'r1m3_ToLisaToAsgard' can be given now
I       QuestState.cpp[0904]13/09 16:24:26 Quest 'r1m3_TW_OralceAboutAlien' can be given now
I       QuestState.cpp[0904]13/09 16:24:26 Quest 'r1m3_DestroyRadiationSource' can be given now
I       QuestState.cpp[0904]13/09 16:24:26 Quest 'r2m1_DestroyAlienShip' can be given now
I       QuestState.cpp[0904]13/09 16:24:26 Quest 'd_PayWorkersMoney_Quest' can be given now
I       QuestState.cpp[0904]13/09 16:24:26 Quest 'r2m1_TW_SellsCivilian' can be given now
I       QuestState.cpp[0904]13/09 16:24:26 Quest 'MorskieVrata2_Quest' can be given now
I       QuestState.cpp[0904]13/09 16:24:26 Quest 'Zachisti1_Quest' can be given now
I       QuestState.cpp[0904]13/09 16:24:26 Quest 'LisaVPeshte' can be given now
I       QuestState.cpp[0904]13/09 16:24:26 Quest 'LisaUBena' can be given now
I       QuestState.cpp[0904]13/09 16:24:26 Quest 'WhereSigns_Quest' can be given now
I       QuestState.cpp[0904]13/09 16:24:26 Quest 'CombatInKollizey_Quest' can be given now
I       QuestState.cpp[0904]13/09 16:24:26 Quest 'BuyKollizey_Quest' can be given now
I       QuestState.cpp[0904]13/09 16:24:26 Quest 'Kollizey_Quest' can be given now
I       QuestState.cpp[0904]13/09 16:24:26 Quest 'HelpRuins_Quest' can be given now
I       QuestState.cpp[0904]13/09 16:24:26 Quest 'DestroyRuins_Quest' can be given now
I       QuestState.cpp[0904]13/09 16:24:26 Quest 'DestroyRuins2_Quest' can be given now
I       QuestState.cpp[0904]13/09 16:24:26 Quest 'Signs_Quest' can be given now
I       QuestState.cpp[0904]13/09 16:24:26 Quest 'MrShlyapa1_Quest' can be given now
I       QuestState.cpp[0904]13/09 16:24:26 Quest 'FindBen2_Quest' can be given now
I       QuestState.cpp[0904]13/09 16:24:26 Quest 'd_FindHouseOfBen_Quest' can be given now
I       QuestState.cpp[0904]13/09 16:24:26 Quest 'r1m2_TW_BanAboutAlien' can be given now
I       QuestState.cpp[0904]13/09 16:24:26 Quest 'r1m3_DestroyOracle' can be given now
I       QuestState.cpp[0904]13/09 16:24:26 Quest 'Pomiritsa_Quest' can be given now
I       QuestState.cpp[0904]13/09 16:24:26 Quest 'VYar_Quest' can be given now
I       QuestState.cpp[0904]13/09 16:24:26 Quest 'FindBenMZ_Quest' can be given now
I       QuestState.cpp[0904]13/09 16:24:26 Quest 'QuickFindBen' can be given now
I       QuestState.cpp[0904]13/09 16:24:26 Quest 'OpenMid_Quest' can be given now
I       QuestState.cpp[0904]13/09 16:24:26 Quest 'TalkBeforeDesert' can be given now
I       QuestState.cpp[0904]13/09 16:24:26 Quest 'ZashitaGotova' can be given now
I       QuestState.cpp[0904]13/09 16:24:26 Quest 'FakeQuest1' can be given now
I       QuestState.cpp[0904]13/09 16:24:26 Quest 'Chehly_Quest' can be given now
I       QuestState.cpp[0904]13/09 16:24:26 Quest 'WorkGiver_Quest1' can be given now
I       QuestState.cpp[0904]13/09 16:24:26 Quest 'd_PunishBandits_Quest' can be given now
I       QuestState.cpp[0904]13/09 16:24:26 Quest 'r1m1_Hospital_Quest' can be given now
I       QuestState.cpp[0904]13/09 16:24:26 Quest 'r1m1_Botanik_Quest' can be given now
I       QuestState.cpp[0904]13/09 16:24:26 Quest 'r1m1_FindBotanik_Quest' can be given now
I       QuestState.cpp[0904]13/09 16:24:26 Quest 'Buyer_Quest1' can be given now
I       QuestState.cpp[0904]13/09 16:24:26 Quest 'FirstTimePlay' can be given now
I       QuestState.cpp[0904]13/09 16:24:26 Quest 'TalkWithFather_Quest' can be given now
I       QuestState.cpp[0904]13/09 16:24:26 Quest 'LisaAtSouth' can be given now
I       QuestState.cpp[0904]13/09 16:24:26 Quest 'FindBen_Quest' can be given now
I       QuestState.cpp[0904]13/09 16:24:26 Quest 'FindBenAgain_Quest' can be given now
I       QuestState.cpp[0904]13/09 16:24:26 Quest 'd_SinFather_Quest' can be given now
I       QuestState.cpp[0904]13/09 16:24:26 Quest 'TalkToVasily' can be given now
I       QuestState.cpp[0904]13/09 16:24:26 Quest 'CheckTheEast' can be given now
I       QuestState.cpp[0904]13/09 16:24:26 Quest 'BenSouth_Quest' can be given now
I           server.cpp[0826]13/09 16:24:26 	AI: QuestStates loaded
I           server.cpp[0828]13/09 16:24:26 	AI: Loading DynamicScene
I     DynamicScene.cpp[1470]13/09 16:24:26 		 Scene loading begin
I     DynamicScene.cpp[1472]13/09 16:24:26 		 Scene loading end
I           server.cpp[0837]13/09 16:24:26 	AI: DynamicScene loaded
I           server.cpp[0852]13/09 16:24:26 	AI: Loading Triggers
E           server.cpp[1242]13/09 16:24:26 Error: cannot open data\maps\MainMenu\
I           server.cpp[0855]13/09 16:24:26 	AI: Triggers loaded
I           server.cpp[0857]13/09 16:24:26 	AI: Loading Object Names
E     ObjContainer.cpp[1104]13/09 16:24:26 Error: cannot open data\maps\MainMenu\object_names.xml
I           server.cpp[0868]13/09 16:24:26 	AI: Initing Player
I           server.cpp[0888]13/09 16:24:26 		Before first Update
I   TruxxUiManager.cpp[1422]13/09 16:24:26 Game mode changed. Old mode = 2, new mode = 1
I           server.cpp[0909]13/09 16:24:26 		After first Update
I           server.cpp[0911]13/09 16:24:26 AI: Finished Loading Server
I           view32.cpp[1106]13/09 16:24:26 Load server end
I        QuestInfo.cpp[0847]13/09 16:24:26 Quest infos were loaded successfully from file data\if\diz\QuestInfoGlobal.xml
I        QuestInfo.cpp[0783]13/09 16:24:26 QuestInfo manager was inited successfully
I       MsgManager.cpp[0391]13/09 16:24:26 Can't open file data\maps\MainMenu\strings.xml for read.
I    GameUiManager.cpp[0303]13/09 16:24:26 Interface: is initializing...
I    GameUiManager.cpp[0405]13/09 16:24:26 Interface: is clearing...
I    GameUiManager.cpp[0495]13/09 16:24:26 Interface: is cleared successfully
I    GameUiManager.cpp[0395]13/09 16:24:26 Interface: is inited successfully
I blockMusicManager.cpp[0199]13/09 16:24:26 BlockMusicManager: resetting
I      gameimpulse.cpp[0618]13/09 16:24:26 Key bindings: unbind all is done
I        scriptlet.cpp[0045]13/09 16:24:26 Could not open script file data\profiles\игрок\keybindings.lua
I      gameimpulse.cpp[0318]13/09 16:24:26 Key bindings: loading error - (data\profiles\игрок\keybindings.lua @ 0): file not found or could not be read 
I      gameimpulse.cpp[1217]13/09 16:24:26 Key bindings: error loading from profile file; load defaults instead
I      gameimpulse.cpp[0618]13/09 16:24:26 Key bindings: unbind all is done
I      gameimpulse.cpp[0324]13/09 16:24:26 Key bindings: were loaded successfully from file data\scripts\DefaultKeyBindings.lua
I      gameimpulse.cpp[1194]13/09 16:24:26 Key bindings: were bind from defaults
I        SplashWnd.cpp[0244]13/09 16:24:45 Start splashing 11
I   TruxxUiManager.cpp[1422]13/09 16:24:45 Game mode changed. Old mode = 1, new mode = 0
I    GameUiManager.cpp[0405]13/09 16:24:45 Interface: is clearing...
I    GameUiManager.cpp[0495]13/09 16:24:45 Interface: is cleared successfully
I           view32.cpp[1048]13/09 16:24:45 -- Loading Level: data\maps\r1m9.ssl --
I            world.cpp[0132]13/09 16:24:45 ----------------------- World Loading
F        landscape.cpp[1674]13/09 16:24:46  +- Enter function: Landscape::Load()
I        landscape.cpp[1911]13/09 16:24:46  |  ----------------------- Normal map loaded in: 6
I        landscape.cpp[1920]13/09 16:24:49  |  ----------------------- Tiles loaded in: 3252
I        landscape.cpp[1944]13/09 16:24:49  |  ----------------------- ShoreLine loaded in: 1
F        landscape.cpp[1944]13/09 16:24:49  +- Exit function: Landscape::Load()
I            world.cpp[0169]13/09 16:24:49 ----------------------- Landscape loaded in: 3483
I       DataServer.cpp[0587]13/09 16:24:49 Loading Servers: data\maps\r1m9\servers.xml
E       DraftModel.cpp[1002]13/09 16:24:53 Error: Couldn't load texture data\models\vehicles\belaz\cab01_mt.dds for model cargov1.gam
E       DraftModel.cpp[1002]13/09 16:24:53 Error: Couldn't load texture data\models\vehicles\belaz\cab01_mt.dds for model cargov1.gam
E       DraftModel.cpp[1002]13/09 16:24:53 Error: Couldn't load texture data\models\vehicles\belaz\cab01_mt.dds for model cargov1.gam
E       DraftModel.cpp[1002]13/09 16:24:53 Error: Couldn't load texture data\models\vehicles\belaz\cab01_mt.dds for model cargov1.gam
E       DraftModel.cpp[1002]13/09 16:24:53 Error: Couldn't load texture data\models\vehicles\belaz\cab01_mt.dds for model cargov1.gam
E       DraftModel.cpp[1002]13/09 16:24:53 Error: Couldn't load texture data\models\vehicles\belaz\cab01_mt.dds for model cargov1.gam
E serverAnimatedModel.cpp[0627]13/09 16:24:57 ServerAnimatedModels: cannot read file: file:data\models\AnimModels.xml id = brick_debris1
E serverAnimatedModel.cpp[0627]13/09 16:24:57 ServerAnimatedModels: cannot read file: file:data\models\AnimModels.xml id = back_exp
E serverAnimatedModel.cpp[0627]13/09 16:24:57 ServerAnimatedModels: cannot read file: file:data\models\AnimModels.xml id = kanistr
E serverAnimatedModel.cpp[0627]13/09 16:24:57 ServerAnimatedModels: cannot read file: file:data\models\AnimModels.xml id = koroldrov
E serverAnimatedModel.cpp[0627]13/09 16:24:57 ServerAnimatedModels: cannot read file: file:data\models\AnimModels.xml id = lom
E serverAnimatedModel.cpp[0627]13/09 16:24:57 ServerAnimatedModels: cannot read file: file:data\models\AnimModels.xml id = rabochee_oborudovanie
E serverAnimatedModel.cpp[0627]13/09 16:24:57 ServerAnimatedModels: cannot read file: file:data\models\AnimModels.xml id = tobacco
E serverAnimatedModel.cpp[0627]13/09 16:24:57 ServerAnimatedModels: cannot read file: file:data\models\AnimModels.xml id = octopus01
E serverAnimatedModel.cpp[0627]13/09 16:24:57 ServerAnimatedModels: cannot read file: file:data\models\AnimModels.xml id = octopus01gun
E serverAnimatedModel.cpp[0627]13/09 16:24:57 ServerAnimatedModels: cannot read file: file:data\models\AnimModels.xml id = big_swingfire01
E serverAnimatedModel.cpp[0627]13/09 16:24:57 ServerAnimatedModels: cannot read file: file:data\models\AnimModels.xml id = big_swingfire01gun
E serverAnimatedModel.cpp[0627]13/09 16:24:57 ServerAnimatedModels: cannot read file: file:data\models\AnimModels.xml id = rainmetal01
E serverAnimatedModel.cpp[0627]13/09 16:24:57 ServerAnimatedModels: cannot read file: file:data\models\AnimModels.xml id = rainmetal01gun
E serverAnimatedModel.cpp[0627]13/09 16:24:57 ServerAnimatedModels: cannot read file: file:data\models\AnimModels.xml id = rapier01
E serverAnimatedModel.cpp[0627]13/09 16:24:57 ServerAnimatedModels: cannot read file: file:data\models\AnimModels.xml id = rapier01gun
E serverAnimatedModel.cpp[0627]13/09 16:24:57 ServerAnimatedModels: cannot read file: file:data\models\AnimModels.xml id = giant_hurricane01
E serverAnimatedModel.cpp[0627]13/09 16:24:57 ServerAnimatedModels: cannot read file: file:data\models\AnimModels.xml id = giant_hurricane01gun
E serverAnimatedModel.cpp[0627]13/09 16:24:57 ServerAnimatedModels: cannot read file: file:data\models\AnimModels.xml id = meXaNizm
E serverAnimatedModel.cpp[0627]13/09 16:24:57 ServerAnimatedModels: cannot read file: file:data\models\AnimModels.xml id = sml1Susp01
E serverAnimatedModel.cpp[0627]13/09 16:24:57 ServerAnimatedModels: cannot read file: file:data\models\AnimModels.xml id = heavy_dot_brocken2
E serverAnimatedModel.cpp[0627]13/09 16:24:57 ServerAnimatedModels: cannot read file: file:data\models\AnimModels.xml id = heavy_dot_brocken3
E serverAnimatedModel.cpp[0627]13/09 16:24:57 ServerAnimatedModels: cannot read file: file:data\models\AnimModels.xml id = heavy_dot_brocken4
E serverAnimatedModel.cpp[0627]13/09 16:24:57 ServerAnimatedModels: cannot read file: file:data\models\AnimModels.xml id = sack_dot_brocken1
I serverAnimatedModel.cpp[0630]13/09 16:24:57 ### Total time: 7597, GAM time: 6114
I           m3dapp.cpp[1343]13/09 16:24:57 snd: Cannot load sound sample from file data\sounds\Shoot_hits\cannon\water_expl.wav. Error: An invalid parameter was passed to this function
I      serverSound.cpp[0622]13/09 16:24:57 SoundServer: cannot add sound data\sounds\Shoot_hits\cannon\water_expl.wav
I      serverSound.cpp[0546]13/09 16:24:57 DataServer: cannot read data\sounds\Shoot_hits\cannon\water_expl.wav id = S_WATER_EXPL
I       DataServer.cpp[0587]13/09 16:24:57 Loading Servers: data\models\commonservers.xml
E      serverMusic.cpp[0216]13/09 16:24:58 MusicServer: cannot read file: data\music\music.xml id = 'LaBelleTown'
E      serverMusic.cpp[0216]13/09 16:24:58 MusicServer: cannot read file: data\music\music.xml id = 'block6_driving2'
I            world.cpp[0210]13/09 16:24:58 ----------------------- Servers loaded in: 9203
I            world.cpp[0338]13/09 16:24:58 LoadWorld begin...
I            world.cpp[0350]13/09 16:24:58 %%%% read/parse xml: 261
I            world.cpp[0362]13/09 16:24:59 %%%% read from xml: 367
I            world.cpp[0444]13/09 16:24:59 %%%% link nodes: 227
I            world.cpp[0220]13/09 16:24:59 ----------------------- Nodes loaded in: 865
I            world.cpp[0228]13/09 16:24:59 ----------------------- Prefabs loaded in: 0
I            world.cpp[0247]13/09 16:25:00 ----------------------- World loaded in: 14633
E        GamParser.cpp[0399]13/09 16:25:00 AnimatedModel::LoadGAM -- cannot open file data\models\roads\road_small_highway\small_highway_end.gam-
I      roadManager.cpp[0139]13/09 16:25:00 RoadManager error( model not loaded ): data\models\roads\road_small_highway\small_highway_end.gam-
I            world.cpp[0278]13/09 16:25:01 ----------------------- Roads loaded in: 560
I           view32.cpp[1078]13/09 16:25:01 Load Server begin...
I            Reply.cpp[0415]13/09 16:25:01 Replies were loaded successfully from file data\if\diz\DialogsGlobal.xml
I            Reply.cpp[0415]13/09 16:25:01 Replies were loaded successfully from file data\if\diz\DynamicDialogsGlobal.xml
I            Reply.cpp[0343]13/09 16:25:01 RepliesManager was inited successfully
I    GameUiManager.cpp[1603]13/09 16:25:01 Interface: loading resources ...
I     ObjectsIcons.cpp[0198]13/09 16:25:02 ObjectsIcons::AddIcon warning - ico with id SpeedPointer already exists and wiil be replaced
I    GameUiManager.cpp[1603]13/09 16:25:03 Interface: loading resources ...
I   TruxxUiManager.cpp[0974]13/09 16:25:03 Interface: is loaded successfully
I           server.cpp[0789]13/09 16:25:03 AI: Loading Server...
I           server.cpp[0796]13/09 16:25:03 	AI: Loading Relationship
I     Relationship.cpp[0134]13/09 16:25:03 		 File readed
I           server.cpp[0801]13/09 16:25:03 	AI: Loading SoilProps
I           server.cpp[0804]13/09 16:25:03 	AI: Loading ExternalPaths
I           server.cpp[0807]13/09 16:25:03 	AI: Loading PlayerPassMap
I           server.cpp[0813]13/09 16:25:03 	AI: Loading GameObjects
I           server.cpp[0816]13/09 16:25:03 	AI: Initializing VehicleGeneratorInfoCache
I           server.cpp[0820]13/09 16:25:03 	AI: Refreshing GameObjects
I           server.cpp[0824]13/09 16:25:04 	AI: Loading QuestStates
I       QuestState.cpp[0904]13/09 16:25:04 Quest 'Human1_Quest1' can be given now
I       QuestState.cpp[0904]13/09 16:25:04 Quest 'Human1_Quest2' can be given now
I       QuestState.cpp[0904]13/09 16:25:04 Quest 'BenGoodEnd' can be given now
I       QuestState.cpp[0904]13/09 16:25:04 Quest 'q_PlaceWithSign' can be given now
I       QuestState.cpp[0904]13/09 16:25:04 Quest 'r3m2_OracleMemory' can be given now
I       QuestState.cpp[0904]13/09 16:25:04 Quest 'r3m2_TalkWithLisa' can be given now
I       QuestState.cpp[0904]13/09 16:25:04 Quest 'r3m2_TalkWithBenAboutCarAfterOracul' can be given now
I       QuestState.cpp[0904]13/09 16:25:04 Quest 'r3m2_FindInfoAboutFather' can be given now
I       QuestState.cpp[0904]13/09 16:25:04 Quest 'r3m1_LureMainDriud' can be given now
I       QuestState.cpp[0904]13/09 16:25:04 Quest 'r3m1_ClearSanctuary' can be given now
I       QuestState.cpp[0904]13/09 16:25:04 Quest 'r3m1_KnowAboutUluk' can be given now
I       QuestState.cpp[0904]13/09 16:25:04 Quest 'r3m1_RescueUlukCivil' can be given now
I       QuestState.cpp[0904]13/09 16:25:04 Quest 'q_VisitDruid' can be given now
I       QuestState.cpp[0904]13/09 16:25:04 Quest 'r2m2_Znaki2_Quest' can be given now
I       QuestState.cpp[0904]13/09 16:25:04 Quest 'r2m2_HeadsHunterQuest' can be given now
I       QuestState.cpp[0904]13/09 16:25:04 Quest 'r2m2_OldDvigatel1_Quest' can be given now
I       QuestState.cpp[0904]13/09 16:25:04 Quest 'r2m2_OldDvigatel2_Quest' can be given now
I       QuestState.cpp[0904]13/09 16:25:04 Quest 'r2m2_FightFelix' can be given now
I       QuestState.cpp[0904]13/09 16:25:04 Quest 'r2m2_ReturnToMarecciaFromCastle' can be given now
I       QuestState.cpp[0904]13/09 16:25:04 Quest 'r2m2_FightWithAxelInArena_Quest' can be given now
I       QuestState.cpp[0904]13/09 16:25:04 Quest 'r2m2_FindLisAfterAxelAndFatherDie_Quest' can be given now
I       QuestState.cpp[0904]13/09 16:25:04 Quest 'r2m2_ToLisaToMonastir' can be given now
I       QuestState.cpp[0904]13/09 16:25:04 Quest 'r2m2_FightLisaToMonastir' can be given now
I       QuestState.cpp[0904]13/09 16:25:04 Quest 'r2m2_GiveDisk2ToOrakul' can be given now
I       QuestState.cpp[0904]13/09 16:25:04 Quest 'MrShlyapa3_Quest' can be given now
I       QuestState.cpp[0904]13/09 16:25:04 Quest 'r2m1_ArtAntipod_Quest' can be given now
I       QuestState.cpp[0904]13/09 16:25:04 Quest 'r2m1_TakeNarcotics_Quest' can be given now
I       QuestState.cpp[0904]13/09 16:25:04 Quest 'r2m1_KillGodFather_Quest' can be given now
I       QuestState.cpp[0904]13/09 16:25:04 Quest 'MrShlyapaSecret' can be given now
I       QuestState.cpp[0904]13/09 16:25:04 Quest 'd_GetSupportOneOfTheBands2_Quest' can be given now
I       QuestState.cpp[0904]13/09 16:25:04 Quest 'd_GetSupportOneOfTheBands1_Quest' can be given now
I       QuestState.cpp[0904]13/09 16:25:04 Quest 'd_FindVerbInAR_Quest' can be given now
I       QuestState.cpp[0904]13/09 16:25:04 Quest 'd_FindVerbInSNG_Quest' can be given now
I       QuestState.cpp[0904]13/09 16:25:04 Quest 'd_PatrulSideSNG_Quest' can be given now
I       QuestState.cpp[0904]13/09 16:25:04 Quest 'd_TakeGeneralOfBandits_Quest' can be given now
I       QuestState.cpp[0904]13/09 16:25:04 Quest 'r2m1_TW_AlienInShip' can be given now
I       QuestState.cpp[0904]13/09 16:25:04 Quest 'Podderzhka_Quest' can be given now
I       QuestState.cpp[0904]13/09 16:25:04 Quest 'Zashita_Quest' can be given now
I       QuestState.cpp[0904]13/09 16:25:04 Quest 'preEretik_Quest' can be given now
I       QuestState.cpp[0904]13/09 16:25:04 Quest 'ReturnQuest' can be given now
I       QuestState.cpp[0904]13/09 16:25:04 Quest 'd_FindVerbInAM_Quest' can be given now
I       QuestState.cpp[0904]13/09 16:25:04 Quest 'OdettIsDead_Quest' can be given now
I       QuestState.cpp[0904]13/09 16:25:04 Quest 'Disk2OrakulLisa' can be given now
I       QuestState.cpp[0904]13/09 16:25:04 Quest 'FindGomerB_Quest1' can be given now
I       QuestState.cpp[0904]13/09 16:25:04 Quest 'FreeExtremistLeader_Quest1' can be given now
I       QuestState.cpp[0904]13/09 16:25:04 Quest 'KillExtremist_Quest1' can be given now
I       QuestState.cpp[0904]13/09 16:25:04 Quest 'r1m4_TalkWithOldTraderAboutSecondDisk' can be given now
I       QuestState.cpp[0904]13/09 16:25:04 Quest 'q_FindHusbent' can be given now
I       QuestState.cpp[0904]13/09 16:25:04 Quest 'RybakToOlm_Quest' can be given now
I       QuestState.cpp[0904]13/09 16:25:04 Quest 'AnanagaTech_Quest' can be given now
I       QuestState.cpp[0904]13/09 16:25:04 Quest 'MrShlyapa2_Quest' can be given now
I       QuestState.cpp[0904]13/09 16:25:04 Quest 'ToCordanToTikhomir_Quest' can be given now
I       QuestState.cpp[0904]13/09 16:25:04 Quest 'r1m3_BonnyAndKlideQuest' can be given now
I       QuestState.cpp[0904]13/09 16:25:04 Quest 'r1m3_ArchHelp' can be given now
I       QuestState.cpp[0904]13/09 16:25:04 Quest 'r1m3_CrazyManQuest' can be given now
I       QuestState.cpp[0904]13/09 16:25:04 Quest 'r1m3_OldTownOutsiderCar2_Quest' can be given now
I       QuestState.cpp[0904]13/09 16:25:04 Quest 'FightForPesht' can be given now
I       QuestState.cpp[0904]13/09 16:25:04 Quest 'd_RideAcrossBase_Quest' can be given now
I       QuestState.cpp[0904]13/09 16:25:04 Quest 'd_GiveMoneyToBase_Quest' can be given now
I       QuestState.cpp[0904]13/09 16:25:04 Quest 'd_GetBomb_Quest' can be given now
I       QuestState.cpp[0904]13/09 16:25:04 Quest 'd_IntrigaOfMerMinin_Quest' can be given now
I       QuestState.cpp[0904]13/09 16:25:04 Quest 'd_MoveFreelancersToOilMine_Quest' can be given now
I       QuestState.cpp[0904]13/09 16:25:04 Quest 'd_MoveCanistraToMinin_Quest' can be given now
I       QuestState.cpp[0904]13/09 16:25:04 Quest 'd_OpenTunel_Quest' can be given now
I       QuestState.cpp[0904]13/09 16:25:04 Quest 'r1m3_TalkWithThiefFromFatherHouse' can be given now
I       QuestState.cpp[0904]13/09 16:25:04 Quest 'r1m3_MoveToOraculAfterThief' can be given now
I       QuestState.cpp[0904]13/09 16:25:04 Quest 'r1m3_ToLisaToAsgard' can be given now
I       QuestState.cpp[0904]13/09 16:25:04 Quest 'r1m3_TW_OralceAboutAlien' can be given now
I       QuestState.cpp[0904]13/09 16:25:04 Quest 'r1m3_DestroyRadiationSource' can be given now
I       QuestState.cpp[0904]13/09 16:25:04 Quest 'r2m1_DestroyAlienShip' can be given now
I       QuestState.cpp[0904]13/09 16:25:04 Quest 'd_PayWorkersMoney_Quest' can be given now
I       QuestState.cpp[0904]13/09 16:25:04 Quest 'r2m1_TW_SellsCivilian' can be given now
I       QuestState.cpp[0904]13/09 16:25:04 Quest 'MorskieVrata2_Quest' can be given now
I       QuestState.cpp[0904]13/09 16:25:04 Quest 'Zachisti1_Quest' can be given now
I       QuestState.cpp[0904]13/09 16:25:04 Quest 'LisaVPeshte' can be given now
I       QuestState.cpp[0904]13/09 16:25:04 Quest 'LisaUBena' can be given now
I       QuestState.cpp[0904]13/09 16:25:04 Quest 'WhereSigns_Quest' can be given now
I       QuestState.cpp[0904]13/09 16:25:04 Quest 'CombatInKollizey_Quest' can be given now
I       QuestState.cpp[0904]13/09 16:25:04 Quest 'BuyKollizey_Quest' can be given now
I       QuestState.cpp[0904]13/09 16:25:04 Quest 'Kollizey_Quest' can be given now
I       QuestState.cpp[0904]13/09 16:25:04 Quest 'HelpRuins_Quest' can be given now
I       QuestState.cpp[0904]13/09 16:25:04 Quest 'DestroyRuins_Quest' can be given now
I       QuestState.cpp[0904]13/09 16:25:04 Quest 'DestroyRuins2_Quest' can be given now
I       QuestState.cpp[0904]13/09 16:25:04 Quest 'Signs_Quest' can be given now
I       QuestState.cpp[0904]13/09 16:25:04 Quest 'MrShlyapa1_Quest' can be given now
I       QuestState.cpp[0904]13/09 16:25:04 Quest 'FindBen2_Quest' can be given now
I       QuestState.cpp[0904]13/09 16:25:04 Quest 'd_FindHouseOfBen_Quest' can be given now
I       QuestState.cpp[0904]13/09 16:25:04 Quest 'r1m2_TW_BanAboutAlien' can be given now
I       QuestState.cpp[0904]13/09 16:25:04 Quest 'r1m3_DestroyOracle' can be given now
I       QuestState.cpp[0904]13/09 16:25:04 Quest 'Pomiritsa_Quest' can be given now
I       QuestState.cpp[0904]13/09 16:25:04 Quest 'VYar_Quest' can be given now
I       QuestState.cpp[0904]13/09 16:25:04 Quest 'FindBenMZ_Quest' can be given now
I       QuestState.cpp[0904]13/09 16:25:04 Quest 'QuickFindBen' can be given now
I       QuestState.cpp[0904]13/09 16:25:04 Quest 'OpenMid_Quest' can be given now
I       QuestState.cpp[0904]13/09 16:25:04 Quest 'TalkBeforeDesert' can be given now
I       QuestState.cpp[0904]13/09 16:25:04 Quest 'ZashitaGotova' can be given now
I       QuestState.cpp[0904]13/09 16:25:04 Quest 'FakeQuest1' can be given now
I       QuestState.cpp[0904]13/09 16:25:04 Quest 'Chehly_Quest' can be given now
I       QuestState.cpp[0904]13/09 16:25:04 Quest 'WorkGiver_Quest1' can be given now
I       QuestState.cpp[0904]13/09 16:25:04 Quest 'd_PunishBandits_Quest' can be given now
I       QuestState.cpp[0904]13/09 16:25:04 Quest 'r1m1_Hospital_Quest' can be given now
I       QuestState.cpp[0904]13/09 16:25:04 Quest 'r1m1_Botanik_Quest' can be given now
I       QuestState.cpp[0904]13/09 16:25:04 Quest 'r1m1_FindBotanik_Quest' can be given now
I       QuestState.cpp[0904]13/09 16:25:04 Quest 'Buyer_Quest1' can be given now
I       QuestState.cpp[0904]13/09 16:25:04 Quest 'FirstTimePlay' can be given now
I       QuestState.cpp[0904]13/09 16:25:04 Quest 'TalkWithFather_Quest' can be given now
I       QuestState.cpp[0904]13/09 16:25:04 Quest 'LisaAtSouth' can be given now
I       QuestState.cpp[0904]13/09 16:25:04 Quest 'FindBen_Quest' can be given now
I       QuestState.cpp[0904]13/09 16:25:04 Quest 'FindBenAgain_Quest' can be given now
I       QuestState.cpp[0904]13/09 16:25:04 Quest 'd_SinFather_Quest' can be given now
I       QuestState.cpp[0904]13/09 16:25:04 Quest 'TalkToVasily' can be given now
I       QuestState.cpp[0904]13/09 16:25:04 Quest 'CheckTheEast' can be given now
I       QuestState.cpp[0904]13/09 16:25:04 Quest 'BenSouth_Quest' can be given now
I           server.cpp[0826]13/09 16:25:04 	AI: QuestStates loaded
I           server.cpp[0828]13/09 16:25:04 	AI: Loading DynamicScene
I     DynamicScene.cpp[1470]13/09 16:25:04 		 Scene loading begin
E         Location.cpp[0527]13/09 16:25:04 Error: PassageLocation 'ToR1M9' does not exist for Location id = 2331 prototype = 'genericLocation' name = 'FromR1M4'
I     DynamicScene.cpp[1472]13/09 16:25:05 		 Scene loading end
I           server.cpp[0837]13/09 16:25:05 	AI: DynamicScene loaded
I           server.cpp[0852]13/09 16:25:05 	AI: Loading Triggers
I           server.cpp[0855]13/09 16:25:05 	AI: Triggers loaded
I           server.cpp[0857]13/09 16:25:05 	AI: Loading Object Names
I           server.cpp[0868]13/09 16:25:05 	AI: Initing Player
I           server.cpp[0888]13/09 16:25:05 		Before first Update
E           client.cpp[0082]13/09 16:25:05 Error: Cant find server item for name: 'hornet01'
E           client.cpp[0082]13/09 16:25:05 Error: Cant find server item for name: 'hornet01Gun'
E              Gun.cpp[0866]13/09 16:25:05 Error: LoadPoint not found: LP_GUN for BulletLauncher id = 2485 prototype = 'hornet01', modelName = hornet01
E           client.cpp[0082]13/09 16:25:05 Error: Cant find server item for name: 'hornet01'
E           client.cpp[0082]13/09 16:25:05 Error: Cant find server item for name: 'hornet01Gun'
E              Gun.cpp[0866]13/09 16:25:05 Error: LoadPoint not found: LP_GUN for BulletLauncher id = 2486 prototype = 'hornet01', modelName = hornet01
E            Affix.cpp[0075]13/09 16:25:05 Error: attempt to apply affix 'advanced_gun' for property 'Accuracy' of PlasmaBunchLauncher id = 2478 prototype = 'hammer01'
E            Affix.cpp[0075]13/09 16:25:05 Error: attempt to apply affix 'excellent_gun' for property 'Accuracy' of PlasmaBunchLauncher id = 2480 prototype = 'hammer01'
I DynamicQuestManager.cpp[0089]13/09 16:25:05 DynamicQuestReach id = 2495 prototype = 'dynamicQuestReach' created
I DynamicQuestManager.cpp[0090]13/09 16:25:05 targetName = 'TheEllen', hirerName = 'Heim', reward = 250
E              Gun.cpp[0866]13/09 16:25:05 Error: LoadPoint not found: LP_GUN for Mortar id = 2496 prototype = 'omega01', modelName = omega01
E              Gun.cpp[0866]13/09 16:25:05 Error: LoadPoint not found: LP_GUN for Mortar id = 2497 prototype = 'omega01', modelName = omega01
E              Gun.cpp[0866]13/09 16:25:05 Error: LoadPoint not found: LP_GUN for LocationPusher id = 2498 prototype = 'nailsPusher', modelName = meXaNizm
E              Gun.cpp[0866]13/09 16:25:05 Error: LoadPoint not found: LP_GUN for LocationPusher id = 2499 prototype = 'nailsPusher', modelName = meXaNizm
E           client.cpp[0082]13/09 16:25:05 Error: Cant find server item for name: 'hornet01'
E           client.cpp[0082]13/09 16:25:05 Error: Cant find server item for name: 'hornet01Gun'
E              Gun.cpp[0866]13/09 16:25:05 Error: LoadPoint not found: LP_GUN for BulletLauncher id = 2500 prototype = 'hornet01', modelName = hornet01
E           client.cpp[0082]13/09 16:25:05 Error: Cant find server item for name: 'hornet01'
E           client.cpp[0082]13/09 16:25:05 Error: Cant find server item for name: 'hornet01Gun'
E              Gun.cpp[0866]13/09 16:25:05 Error: LoadPoint not found: LP_GUN for BulletLauncher id = 2501 prototype = 'hornet01', modelName = hornet01
E              Gun.cpp[0866]13/09 16:25:05 Error: LoadPoint not found: LP_GUN for Mortar id = 2502 prototype = 'omega01', modelName = omega01
E              Gun.cpp[0866]13/09 16:25:05 Error: LoadPoint not found: LP_GUN for Mortar id = 2503 prototype = 'omega01', modelName = omega01
E            Affix.cpp[0075]13/09 16:25:05 Error: attempt to apply affix 'excellent_gun' for property 'Accuracy' of Mortar id = 2503 prototype = 'omega01'
E            Affix.cpp[0075]13/09 16:25:05 Error: attempt to apply affix 'excellent_gun' for property 'Accuracy' of Mortar id = 2505 prototype = 'bumblebee01'
E            Affix.cpp[0075]13/09 16:25:05 Error: attempt to apply affix 'with_electric_sight_gun' for property 'Accuracy' of Mortar id = 2505 prototype = 'bumblebee01'
E            Affix.cpp[0075]13/09 16:25:05 Error: attempt to apply affix 'with_electric_sight_gun' for property 'Accuracy' of PlasmaBunchLauncher id = 2507 prototype = 'odin01'
E           client.cpp[0082]13/09 16:25:05 Error: Cant find server item for name: 'hornet01'
E           client.cpp[0082]13/09 16:25:05 Error: Cant find server item for name: 'hornet01Gun'
E              Gun.cpp[0866]13/09 16:25:05 Error: LoadPoint not found: LP_GUN for BulletLauncher id = 2516 prototype = 'hornet01', modelName = hornet01
E           client.cpp[0082]13/09 16:25:05 Error: Cant find server item for name: 'hornet01'
E           client.cpp[0082]13/09 16:25:05 Error: Cant find server item for name: 'hornet01Gun'
E              Gun.cpp[0866]13/09 16:25:05 Error: LoadPoint not found: LP_GUN for BulletLauncher id = 2517 prototype = 'hornet01', modelName = hornet01
E           client.cpp[0082]13/09 16:25:05 Error: Cant find server item for name: 'hornet01'
E           client.cpp[0082]13/09 16:25:05 Error: Cant find server item for name: 'hornet01Gun'
E              Gun.cpp[0866]13/09 16:25:05 Error: LoadPoint not found: LP_GUN for BulletLauncher id = 2518 prototype = 'hornet01', modelName = hornet01
E           client.cpp[0082]13/09 16:25:05 Error: Cant find server item for name: 'hornet01'
E           client.cpp[0082]13/09 16:25:05 Error: Cant find server item for name: 'hornet01Gun'
E              Gun.cpp[0866]13/09 16:25:05 Error: LoadPoint not found: LP_GUN for BulletLauncher id = 2519 prototype = 'hornet01', modelName = hornet01
E           client.cpp[0082]13/09 16:25:05 Error: Cant find server item for name: 'hornet01'
E           client.cpp[0082]13/09 16:25:05 Error: Cant find server item for name: 'hornet01Gun'
E              Gun.cpp[0866]13/09 16:25:05 Error: LoadPoint not found: LP_GUN for BulletLauncher id = 2522 prototype = 'hornet01', modelName = hornet01
E           client.cpp[0082]13/09 16:25:05 Error: Cant find server item for name: 'hornet01'
E           client.cpp[0082]13/09 16:25:05 Error: Cant find server item for name: 'hornet01Gun'
E              Gun.cpp[0866]13/09 16:25:05 Error: LoadPoint not found: LP_GUN for BulletLauncher id = 2523 prototype = 'hornet01', modelName = hornet01
E           client.cpp[0082]13/09 16:25:05 Error: Cant find server item for name: 'hornet01'
E           client.cpp[0082]13/09 16:25:05 Error: Cant find server item for name: 'hornet01Gun'
E              Gun.cpp[0866]13/09 16:25:05 Error: LoadPoint not found: LP_GUN for BulletLauncher id = 2524 prototype = 'hornet01', modelName = hornet01
E           client.cpp[0082]13/09 16:25:05 Error: Cant find server item for name: 'hornet01'
E           client.cpp[0082]13/09 16:25:05 Error: Cant find server item for name: 'hornet01Gun'
E              Gun.cpp[0866]13/09 16:25:05 Error: LoadPoint not found: LP_GUN for BulletLauncher id = 2525 prototype = 'hornet01', modelName = hornet01
I DynamicQuestManager.cpp[0089]13/09 16:25:05 DynamicQuestReach id = 2536 prototype = 'dynamicQuestReach' created
I DynamicQuestManager.cpp[0090]13/09 16:25:05 targetName = 'Molde', hirerName = 'Bergen', reward = 250
E              Gun.cpp[0866]13/09 16:25:05 Error: LoadPoint not found: LP_GUN for ThunderboltLauncher id = 2546 prototype = 'zeus01L' name = 'BASKET_SIDE_GUN_L', modelName = zeus01L
E              Gun.cpp[0866]13/09 16:25:05 Error: LoadPoint not found: LP_GUN for ThunderboltLauncher id = 2547 prototype = 'zeus01R' name = 'BASKET_SIDE_GUN_R', modelName = zeus01R
E              Gun.cpp[0866]13/09 16:25:05 Error: LoadPoint not found: LP_GUN for ThunderboltLauncher id = 2549 prototype = 'zeus01L' name = 'BASKET_SIDE_GUN_L', modelName = zeus01L
E              Gun.cpp[0866]13/09 16:25:05 Error: LoadPoint not found: LP_GUN for ThunderboltLauncher id = 2550 prototype = 'zeus01R' name = 'BASKET_SIDE_GUN_R', modelName = zeus01R
E              Gun.cpp[0866]13/09 16:25:05 Error: LoadPoint not found: LP_GUN for TurboAccelerationPusher id = 2551 prototype = 'someTurboAccelerationPusher', modelName = Turboakselerator
E              Gun.cpp[0866]13/09 16:25:05 Error: LoadPoint not found: LP_GUN for TurboAccelerationPusher id = 2552 prototype = 'someTurboAccelerationPusher', modelName = Turboakselerator
I DynamicQuestManager.cpp[0089]13/09 16:25:05 DynamicQuestReach id = 2553 prototype = 'dynamicQuestReach' created
I DynamicQuestManager.cpp[0090]13/09 16:25:05 targetName = 'Bergen', hirerName = 'Sula', reward = 250
E           client.cpp[0082]13/09 16:25:05 Error: Cant find server item for name: 'hornet01'
E           client.cpp[0082]13/09 16:25:05 Error: Cant find server item for name: 'hornet01Gun'
E              Gun.cpp[0866]13/09 16:25:05 Error: LoadPoint not found: LP_GUN for BulletLauncher id = 2556 prototype = 'hornet01', modelName = hornet01
E           client.cpp[0082]13/09 16:25:05 Error: Cant find server item for name: 'hornet01'
E           client.cpp[0082]13/09 16:25:05 Error: Cant find server item for name: 'hornet01Gun'
E              Gun.cpp[0866]13/09 16:25:05 Error: LoadPoint not found: LP_GUN for BulletLauncher id = 2557 prototype = 'hornet01', modelName = hornet01
E           client.cpp[0082]13/09 16:25:05 Error: Cant find server item for name: 'hornet01'
E           client.cpp[0082]13/09 16:25:05 Error: Cant find server item for name: 'hornet01Gun'
E              Gun.cpp[0866]13/09 16:25:05 Error: LoadPoint not found: LP_GUN for BulletLauncher id = 2558 prototype = 'hornet01', modelName = hornet01
E           client.cpp[0082]13/09 16:25:05 Error: Cant find server item for name: 'hornet01'
E           client.cpp[0082]13/09 16:25:05 Error: Cant find server item for name: 'hornet01Gun'
E              Gun.cpp[0866]13/09 16:25:05 Error: LoadPoint not found: LP_GUN for BulletLauncher id = 2559 prototype = 'hornet01', modelName = hornet01
E           client.cpp[0082]13/09 16:25:05 Error: Cant find server item for name: 'hornet01'
E           client.cpp[0082]13/09 16:25:05 Error: Cant find server item for name: 'hornet01Gun'
E              Gun.cpp[0866]13/09 16:25:05 Error: LoadPoint not found: LP_GUN for BulletLauncher id = 2560 prototype = 'hornet01', modelName = hornet01
E           client.cpp[0082]13/09 16:25:05 Error: Cant find server item for name: 'hornet01'
E           client.cpp[0082]13/09 16:25:05 Error: Cant find server item for name: 'hornet01Gun'
E              Gun.cpp[0866]13/09 16:25:05 Error: LoadPoint not found: LP_GUN for BulletLauncher id = 2561 prototype = 'hornet01', modelName = hornet01
I           server.cpp[0909]13/09 16:25:05 		After first Update
I           server.cpp[0911]13/09 16:25:05 AI: Finished Loading Server
I           view32.cpp[1106]13/09 16:25:05 Load server end
I        QuestInfo.cpp[0847]13/09 16:25:05 Quest infos were loaded successfully from file data\if\diz\QuestInfoGlobal.xml
I        QuestInfo.cpp[0783]13/09 16:25:05 QuestInfo manager was inited successfully
I    GameUiManager.cpp[0303]13/09 16:25:05 Interface: is initializing...
I    GameUiManager.cpp[0395]13/09 16:25:05 Interface: is inited successfully
I     GlobalMapWnd.cpp[0157]13/09 16:25:05 Make control error: control mainmenu_ico is not found or incorrect type
I     GlobalMapWnd.cpp[0157]13/09 16:25:05 Make control error: control r1m8_ico is not found or incorrect type
I     GlobalMapWnd.cpp[0157]13/09 16:25:05 Make control error: control r1m7_ico is not found or incorrect type
I     GlobalMapWnd.cpp[0157]13/09 16:25:05 Make control error: control r8m1_ico is not found or incorrect type
I     GlobalMapWnd.cpp[0203]13/09 16:25:05 GlobalMapWnd: error - fail to init because of a bad resource
I blockMusicManager.cpp[0185]13/09 16:25:05 BlockMusicManager: start playing new music: blockNum = 13, musicType = 0, name = 'r1_9_driving'
I       console_string[0234]13/09 16:27:56 ---------------------- CHEAT WAS USED --------- ANTICHEAT -----------------
I        FadingMsg.cpp[0199]13/09 16:27:56 Fading message: '@FFFF1493Обнаружено использование чит-кодов. Система достижений @FFFF0000ЗАБЛОКИРОВАНА. @FFFF1493В техподдержке @FFFF0000ОТКАЗАНО.'
I        FadingMsg.cpp[0199]13/09 16:27:56 Fading message: '@FFFF1493Обнаружено использование чит-кодов. Система достижений @FFFF0000ЗАБЛОКИРОВАНА. @FFFF1493В техподдержке @FFFF0000ОТКАЗАНО.'
I       console_string[0234]13/09 16:28:13 ---------------------- CHEAT WAS USED --------- ANTICHEAT -----------------
I        FadingMsg.cpp[0199]13/09 16:28:13 Fading message: '@FFFF1493Обнаружено использование чит-кодов. Система достижений @FFFF0000ЗАБЛОКИРОВАНА. @FFFF1493В техподдержке @FFFF0000ОТКАЗАНО.'
I        FadingMsg.cpp[0199]13/09 16:28:13 Fading message: '@FFFF1493Обнаружено использование чит-кодов. Система достижений @FFFF0000ЗАБЛОКИРОВАНА. @FFFF1493В техподдержке @FFFF0000ОТКАЗАНО.'
I    GameUiManager.cpp[0405]13/09 16:28:20 Interface: is clearing...
I    GameUiManager.cpp[0495]13/09 16:28:20 Interface: is cleared successfully
I   TruxxUiManager.cpp[1422]13/09 16:28:21 Game mode changed. Old mode = 0, new mode = 2
I        SplashWnd.cpp[0244]13/09 16:28:21 Start splashing 11
I           view32.cpp[1048]13/09 16:28:21 -- Loading Level: data\maps\mainmenu.ssl --
I            world.cpp[0132]13/09 16:28:21 ----------------------- World Loading
F        landscape.cpp[1674]13/09 16:28:21  +- Enter function: Landscape::Load()
I        landscape.cpp[1911]13/09 16:28:21  |  ----------------------- Normal map loaded in: 2
I        landscape.cpp[1920]13/09 16:28:24  |  ----------------------- Tiles loaded in: 3242
I        landscape.cpp[1944]13/09 16:28:24  |  ----------------------- ShoreLine loaded in: 1
F        landscape.cpp[1944]13/09 16:28:24  +- Exit function: Landscape::Load()
I            world.cpp[0169]13/09 16:28:24 ----------------------- Landscape loaded in: 3394
I       DataServer.cpp[0587]13/09 16:28:24 Loading Servers: data\maps\MainMenu\servers.xml
I serverAnimatedModel.cpp[0630]13/09 16:28:25 ### Total time: 1014, GAM time: 109
I       DataServer.cpp[0587]13/09 16:28:25 Loading Servers: data\models\commonservers.xml
E      serverMusic.cpp[0216]13/09 16:28:26 MusicServer: cannot read file: data\music\music.xml id = 'LaBelleTown'
E      serverMusic.cpp[0216]13/09 16:28:26 MusicServer: cannot read file: data\music\music.xml id = 'block6_driving2'
I            world.cpp[0210]13/09 16:28:26 ----------------------- Servers loaded in: 2007
I            world.cpp[0338]13/09 16:28:26 LoadWorld begin...
I            world.cpp[0350]13/09 16:28:26 %%%% read/parse xml: 22
I            world.cpp[0362]13/09 16:28:26 %%%% read from xml: 10
E    PlayerPassMap.cpp[0139]13/09 16:28:26 Couldn't load player pass map from file data\maps\MainMenu\player_passmap.xml
I            world.cpp[0444]13/09 16:28:26 %%%% link nodes: 35
I            world.cpp[0220]13/09 16:28:26 ----------------------- Nodes loaded in: 69
I            world.cpp[0228]13/09 16:28:26 ----------------------- Prefabs loaded in: 0
I            world.cpp[0247]13/09 16:28:26 ----------------------- World loaded in: 5713
I            world.cpp[0278]13/09 16:28:27 ----------------------- Roads loaded in: 250
I           view32.cpp[1078]13/09 16:28:27 Load Server begin...
I   TruxxUiManager.cpp[0974]13/09 16:28:27 Interface: is loaded successfully
I           server.cpp[0789]13/09 16:28:27 AI: Loading Server...
I           server.cpp[0796]13/09 16:28:27 	AI: Loading Relationship
I     Relationship.cpp[0134]13/09 16:28:27 		 File readed
I           server.cpp[0801]13/09 16:28:27 	AI: Loading SoilProps
I           server.cpp[0804]13/09 16:28:27 	AI: Loading ExternalPaths
I           server.cpp[0807]13/09 16:28:27 	AI: Loading PlayerPassMap
E    PlayerPassMap.cpp[0139]13/09 16:28:27 Couldn't load player pass map from file data\maps\MainMenu\player_passmap.xml
I           server.cpp[0813]13/09 16:28:27 	AI: Loading GameObjects
I           server.cpp[0816]13/09 16:28:27 	AI: Initializing VehicleGeneratorInfoCache
I           server.cpp[0820]13/09 16:28:27 	AI: Refreshing GameObjects
I           server.cpp[0824]13/09 16:28:27 	AI: Loading QuestStates
I       QuestState.cpp[0904]13/09 16:28:27 Quest 'Human1_Quest1' can be given now
I       QuestState.cpp[0904]13/09 16:28:27 Quest 'Human1_Quest2' can be given now
I       QuestState.cpp[0904]13/09 16:28:27 Quest 'BenGoodEnd' can be given now
I       QuestState.cpp[0904]13/09 16:28:27 Quest 'q_PlaceWithSign' can be given now
I       QuestState.cpp[0904]13/09 16:28:27 Quest 'r3m2_OracleMemory' can be given now
I       QuestState.cpp[0904]13/09 16:28:27 Quest 'r3m2_TalkWithLisa' can be given now
I       QuestState.cpp[0904]13/09 16:28:27 Quest 'r3m2_TalkWithBenAboutCarAfterOracul' can be given now
I       QuestState.cpp[0904]13/09 16:28:27 Quest 'r3m2_FindInfoAboutFather' can be given now
I       QuestState.cpp[0904]13/09 16:28:27 Quest 'r3m1_LureMainDriud' can be given now
I       QuestState.cpp[0904]13/09 16:28:27 Quest 'r3m1_ClearSanctuary' can be given now
I       QuestState.cpp[0904]13/09 16:28:27 Quest 'r3m1_KnowAboutUluk' can be given now
I       QuestState.cpp[0904]13/09 16:28:27 Quest 'r3m1_RescueUlukCivil' can be given now
I       QuestState.cpp[0904]13/09 16:28:27 Quest 'q_VisitDruid' can be given now
I       QuestState.cpp[0904]13/09 16:28:27 Quest 'r2m2_Znaki2_Quest' can be given now
I       QuestState.cpp[0904]13/09 16:28:27 Quest 'r2m2_HeadsHunterQuest' can be given now
I       QuestState.cpp[0904]13/09 16:28:27 Quest 'r2m2_OldDvigatel1_Quest' can be given now
I       QuestState.cpp[0904]13/09 16:28:27 Quest 'r2m2_OldDvigatel2_Quest' can be given now
I       QuestState.cpp[0904]13/09 16:28:27 Quest 'r2m2_FightFelix' can be given now
I       QuestState.cpp[0904]13/09 16:28:27 Quest 'r2m2_ReturnToMarecciaFromCastle' can be given now
I       QuestState.cpp[0904]13/09 16:28:27 Quest 'r2m2_FightWithAxelInArena_Quest' can be given now
I       QuestState.cpp[0904]13/09 16:28:27 Quest 'r2m2_FindLisAfterAxelAndFatherDie_Quest' can be given now
I       QuestState.cpp[0904]13/09 16:28:27 Quest 'r2m2_ToLisaToMonastir' can be given now
I       QuestState.cpp[0904]13/09 16:28:27 Quest 'r2m2_FightLisaToMonastir' can be given now
I       QuestState.cpp[0904]13/09 16:28:27 Quest 'r2m2_GiveDisk2ToOrakul' can be given now
I       QuestState.cpp[0904]13/09 16:28:27 Quest 'MrShlyapa3_Quest' can be given now
I       QuestState.cpp[0904]13/09 16:28:27 Quest 'r2m1_ArtAntipod_Quest' can be given now
I       QuestState.cpp[0904]13/09 16:28:27 Quest 'r2m1_TakeNarcotics_Quest' can be given now
I       QuestState.cpp[0904]13/09 16:28:27 Quest 'r2m1_KillGodFather_Quest' can be given now
I       QuestState.cpp[0904]13/09 16:28:27 Quest 'MrShlyapaSecret' can be given now
I       QuestState.cpp[0904]13/09 16:28:27 Quest 'd_GetSupportOneOfTheBands2_Quest' can be given now
I       QuestState.cpp[0904]13/09 16:28:27 Quest 'd_GetSupportOneOfTheBands1_Quest' can be given now
I       QuestState.cpp[0904]13/09 16:28:27 Quest 'd_FindVerbInAR_Quest' can be given now
I       QuestState.cpp[0904]13/09 16:28:27 Quest 'd_FindVerbInSNG_Quest' can be given now
I       QuestState.cpp[0904]13/09 16:28:27 Quest 'd_PatrulSideSNG_Quest' can be given now
I       QuestState.cpp[0904]13/09 16:28:27 Quest 'd_TakeGeneralOfBandits_Quest' can be given now
I       QuestState.cpp[0904]13/09 16:28:27 Quest 'r2m1_TW_AlienInShip' can be given now
I       QuestState.cpp[0904]13/09 16:28:27 Quest 'Podderzhka_Quest' can be given now
I       QuestState.cpp[0904]13/09 16:28:27 Quest 'Zashita_Quest' can be given now
I       QuestState.cpp[0904]13/09 16:28:27 Quest 'preEretik_Quest' can be given now
I       QuestState.cpp[0904]13/09 16:28:27 Quest 'ReturnQuest' can be given now
I       QuestState.cpp[0904]13/09 16:28:27 Quest 'd_FindVerbInAM_Quest' can be given now
I       QuestState.cpp[0904]13/09 16:28:27 Quest 'OdettIsDead_Quest' can be given now
I       QuestState.cpp[0904]13/09 16:28:27 Quest 'Disk2OrakulLisa' can be given now
I       QuestState.cpp[0904]13/09 16:28:27 Quest 'FindGomerB_Quest1' can be given now
I       QuestState.cpp[0904]13/09 16:28:27 Quest 'FreeExtremistLeader_Quest1' can be given now
I       QuestState.cpp[0904]13/09 16:28:27 Quest 'KillExtremist_Quest1' can be given now
I       QuestState.cpp[0904]13/09 16:28:27 Quest 'r1m4_TalkWithOldTraderAboutSecondDisk' can be given now
I       QuestState.cpp[0904]13/09 16:28:27 Quest 'q_FindHusbent' can be given now
I       QuestState.cpp[0904]13/09 16:28:27 Quest 'RybakToOlm_Quest' can be given now
I       QuestState.cpp[0904]13/09 16:28:27 Quest 'AnanagaTech_Quest' can be given now
I       QuestState.cpp[0904]13/09 16:28:27 Quest 'MrShlyapa2_Quest' can be given now
I       QuestState.cpp[0904]13/09 16:28:27 Quest 'ToCordanToTikhomir_Quest' can be given now
I       QuestState.cpp[0904]13/09 16:28:27 Quest 'r1m3_BonnyAndKlideQuest' can be given now
I       QuestState.cpp[0904]13/09 16:28:27 Quest 'r1m3_ArchHelp' can be given now
I       QuestState.cpp[0904]13/09 16:28:27 Quest 'r1m3_CrazyManQuest' can be given now
I       QuestState.cpp[0904]13/09 16:28:27 Quest 'r1m3_OldTownOutsiderCar2_Quest' can be given now
I       QuestState.cpp[0904]13/09 16:28:27 Quest 'FightForPesht' can be given now
I       QuestState.cpp[0904]13/09 16:28:27 Quest 'd_RideAcrossBase_Quest' can be given now
I       QuestState.cpp[0904]13/09 16:28:27 Quest 'd_GiveMoneyToBase_Quest' can be given now
I       QuestState.cpp[0904]13/09 16:28:27 Quest 'd_GetBomb_Quest' can be given now
I       QuestState.cpp[0904]13/09 16:28:27 Quest 'd_IntrigaOfMerMinin_Quest' can be given now
I       QuestState.cpp[0904]13/09 16:28:27 Quest 'd_MoveFreelancersToOilMine_Quest' can be given now
I       QuestState.cpp[0904]13/09 16:28:27 Quest 'd_MoveCanistraToMinin_Quest' can be given now
I       QuestState.cpp[0904]13/09 16:28:27 Quest 'd_OpenTunel_Quest' can be given now
I       QuestState.cpp[0904]13/09 16:28:27 Quest 'r1m3_TalkWithThiefFromFatherHouse' can be given now
I       QuestState.cpp[0904]13/09 16:28:27 Quest 'r1m3_MoveToOraculAfterThief' can be given now
I       QuestState.cpp[0904]13/09 16:28:27 Quest 'r1m3_ToLisaToAsgard' can be given now
I       QuestState.cpp[0904]13/09 16:28:27 Quest 'r1m3_TW_OralceAboutAlien' can be given now
I       QuestState.cpp[0904]13/09 16:28:27 Quest 'r1m3_DestroyRadiationSource' can be given now
I       QuestState.cpp[0904]13/09 16:28:27 Quest 'r2m1_DestroyAlienShip' can be given now
I       QuestState.cpp[0904]13/09 16:28:27 Quest 'd_PayWorkersMoney_Quest' can be given now
I       QuestState.cpp[0904]13/09 16:28:27 Quest 'r2m1_TW_SellsCivilian' can be given now
I       QuestState.cpp[0904]13/09 16:28:27 Quest 'MorskieVrata2_Quest' can be given now
I       QuestState.cpp[0904]13/09 16:28:27 Quest 'Zachisti1_Quest' can be given now
I       QuestState.cpp[0904]13/09 16:28:27 Quest 'LisaVPeshte' can be given now
I       QuestState.cpp[0904]13/09 16:28:27 Quest 'LisaUBena' can be given now
I       QuestState.cpp[0904]13/09 16:28:27 Quest 'WhereSigns_Quest' can be given now
I       QuestState.cpp[0904]13/09 16:28:27 Quest 'CombatInKollizey_Quest' can be given now
I       QuestState.cpp[0904]13/09 16:28:27 Quest 'BuyKollizey_Quest' can be given now
I       QuestState.cpp[0904]13/09 16:28:27 Quest 'Kollizey_Quest' can be given now
I       QuestState.cpp[0904]13/09 16:28:27 Quest 'HelpRuins_Quest' can be given now
I       QuestState.cpp[0904]13/09 16:28:27 Quest 'DestroyRuins_Quest' can be given now
I       QuestState.cpp[0904]13/09 16:28:27 Quest 'DestroyRuins2_Quest' can be given now
I       QuestState.cpp[0904]13/09 16:28:27 Quest 'Signs_Quest' can be given now
I       QuestState.cpp[0904]13/09 16:28:27 Quest 'MrShlyapa1_Quest' can be given now
I       QuestState.cpp[0904]13/09 16:28:27 Quest 'FindBen2_Quest' can be given now
I       QuestState.cpp[0904]13/09 16:28:27 Quest 'd_FindHouseOfBen_Quest' can be given now
I       QuestState.cpp[0904]13/09 16:28:27 Quest 'r1m2_TW_BanAboutAlien' can be given now
I       QuestState.cpp[0904]13/09 16:28:27 Quest 'r1m3_DestroyOracle' can be given now
I       QuestState.cpp[0904]13/09 16:28:27 Quest 'Pomiritsa_Quest' can be given now
I       QuestState.cpp[0904]13/09 16:28:27 Quest 'VYar_Quest' can be given now
I       QuestState.cpp[0904]13/09 16:28:27 Quest 'FindBenMZ_Quest' can be given now
I       QuestState.cpp[0904]13/09 16:28:27 Quest 'QuickFindBen' can be given now
I       QuestState.cpp[0904]13/09 16:28:27 Quest 'OpenMid_Quest' can be given now
I       QuestState.cpp[0904]13/09 16:28:27 Quest 'TalkBeforeDesert' can be given now
I       QuestState.cpp[0904]13/09 16:28:27 Quest 'ZashitaGotova' can be given now
I       QuestState.cpp[0904]13/09 16:28:27 Quest 'FakeQuest1' can be given now
I       QuestState.cpp[0904]13/09 16:28:27 Quest 'Chehly_Quest' can be given now
I       QuestState.cpp[0904]13/09 16:28:27 Quest 'WorkGiver_Quest1' can be given now
I       QuestState.cpp[0904]13/09 16:28:27 Quest 'd_PunishBandits_Quest' can be given now
I       QuestState.cpp[0904]13/09 16:28:27 Quest 'r1m1_Hospital_Quest' can be given now
I       QuestState.cpp[0904]13/09 16:28:27 Quest 'r1m1_Botanik_Quest' can be given now
I       QuestState.cpp[0904]13/09 16:28:27 Quest 'r1m1_FindBotanik_Quest' can be given now
I       QuestState.cpp[0904]13/09 16:28:27 Quest 'Buyer_Quest1' can be given now
I       QuestState.cpp[0904]13/09 16:28:27 Quest 'FirstTimePlay' can be given now
I       QuestState.cpp[0904]13/09 16:28:27 Quest 'TalkWithFather_Quest' can be given now
I       QuestState.cpp[0904]13/09 16:28:27 Quest 'LisaAtSouth' can be given now
I       QuestState.cpp[0904]13/09 16:28:27 Quest 'FindBen_Quest' can be given now
I       QuestState.cpp[0904]13/09 16:28:27 Quest 'FindBenAgain_Quest' can be given now
I       QuestState.cpp[0904]13/09 16:28:27 Quest 'd_SinFather_Quest' can be given now
I       QuestState.cpp[0904]13/09 16:28:27 Quest 'TalkToVasily' can be given now
I       QuestState.cpp[0904]13/09 16:28:27 Quest 'CheckTheEast' can be given now
I       QuestState.cpp[0904]13/09 16:28:27 Quest 'BenSouth_Quest' can be given now
I           server.cpp[0826]13/09 16:28:27 	AI: QuestStates loaded
I           server.cpp[0828]13/09 16:28:27 	AI: Loading DynamicScene
I     DynamicScene.cpp[1470]13/09 16:28:27 		 Scene loading begin
I     DynamicScene.cpp[1472]13/09 16:28:27 		 Scene loading end
I           server.cpp[0837]13/09 16:28:27 	AI: DynamicScene loaded
I           server.cpp[0852]13/09 16:28:27 	AI: Loading Triggers
E           server.cpp[1242]13/09 16:28:27 Error: cannot open data\maps\MainMenu\
I           server.cpp[0855]13/09 16:28:27 	AI: Triggers loaded
I           server.cpp[0857]13/09 16:28:27 	AI: Loading Object Names
E     ObjContainer.cpp[1104]13/09 16:28:27 Error: cannot open data\maps\MainMenu\object_names.xml
I           server.cpp[0868]13/09 16:28:27 	AI: Initing Player
I           server.cpp[0888]13/09 16:28:27 		Before first Update
I   TruxxUiManager.cpp[1422]13/09 16:28:27 Game mode changed. Old mode = 2, new mode = 1
I           server.cpp[0909]13/09 16:28:27 		After first Update
I           server.cpp[0911]13/09 16:28:27 AI: Finished Loading Server
I           view32.cpp[1106]13/09 16:28:27 Load server end
I        QuestInfo.cpp[0847]13/09 16:28:27 Quest infos were loaded successfully from file data\if\diz\QuestInfoGlobal.xml
I        QuestInfo.cpp[0783]13/09 16:28:27 QuestInfo manager was inited successfully
I       MsgManager.cpp[0391]13/09 16:28:27 Can't open file data\maps\MainMenu\strings.xml for read.
I    GameUiManager.cpp[0303]13/09 16:28:27 Interface: is initializing...
I    GameUiManager.cpp[0395]13/09 16:28:27 Interface: is inited successfully
I blockMusicManager.cpp[0199]13/09 16:28:27 BlockMusicManager: resetting
I   TruxxUiManager.cpp[1422]13/09 16:29:02 Game mode changed. Old mode = 1, new mode = 1
I   TruxxUiManager.cpp[1422]13/09 16:29:50 Game mode changed. Old mode = 1, new mode = 1
I           m3dapp.cpp[1336]13/09 16:30:33 d3d: Device reset ok
I           view32.cpp[0815]13/09 16:30:36 --- Done Media ---
I    GameUiManager.cpp[0405]13/09 16:30:36 Interface: is clearing...
I    GameUiManager.cpp[0495]13/09 16:30:36 Interface: is cleared successfully
I    GameUiManager.cpp[0257]13/09 16:30:36 Interface: done...
I    GameUiManager.cpp[1580]13/09 16:30:36 Interface: clearing resource infos ...
I    GameUiManager.cpp[0292]13/09 16:30:36 Interface: is done
I           view32.cpp[0843]13/09 16:30:36 --- Done Media: Ok ---
I           m3dapp.cpp[1343]13/09 16:30:36 snd: Deleting Sound...
I           m3dapp.cpp[1343]13/09 16:30:36 snd: Stopping all sounds in FMOD...
I           m3dapp.cpp[1343]13/09 16:30:36 snd: Closing FMOD...
I           m3dapp.cpp[1343]13/09 16:30:36 snd: Deleting all sounds...
I           m3dapp.cpp[1343]13/09 16:30:36 snd: 	Stopping all sounds
I           m3dapp.cpp[1343]13/09 16:30:36 snd: 	Deleting all sounds from table
I           m3dapp.cpp[1343]13/09 16:30:36 snd: 	Sounds deleted
I           m3dapp.cpp[1343]13/09 16:30:36 snd: Sound is uninstalled
I      gameimpulse.cpp[0618]13/09 16:30:36 Key bindings: unbind all is done
I      gameimpulse.cpp[0343]13/09 16:30:36 Key bindings: is done
----------------------------------------------- Log ends on Tue Sep 13 16:30:36 2022 -----------------------------------------------




