---------------------------------------------- Log begins on Sat Dec 17 20:32:19 2022 ----------------------------------------------
I           m3dapp.cpp[0088]17/12 20:32:19 Starting up...
I           m3dapp.cpp[1498]17/12 20:32:19 ExMachina - release version release build v1.02 (Dec 21 2005 12:15:10)
I      Stackwalker.cpp[0608]17/12 20:32:19 Stackwalker: log file name will be 'd:/games/ex machina mods/exmachina gm.mod sdk new/exceptions/hta.exe0000.log'
I      Stackwalker.cpp[0609]17/12 20:32:19 Stackwalker: dump file name will be 'd:/games/ex machina mods/exmachina gm.mod sdk new/exceptions/hta.exe0000.dmp'
I      Stackwalker.cpp[0610]17/12 20:32:19 Stackwalker: game log file name will be 'd:/games/ex machina mods/exmachina gm.mod sdk new/exceptions/hta.exe0000_game.log'
I           m3dapp.cpp[1391]17/12 20:32:19 Path: D:\Games\EX Machina Mods\ExMachina GM.mod SDK new
I           m3dapp.cpp[1392]17/12 20:32:19 Exe: D:\Games\EX Machina Mods\ExMachina GM.mod SDK new\hta.exe
I           m3dapp.cpp[1401]17/12 20:32:19 Windows version: 6.1.7601
I           m3dapp.cpp[1410]17/12 20:32:19 Computer name: RIVER-PC
I           m3dapp.cpp[1430]17/12 20:32:19 Cpu: GenuineIntel
I           m3dapp.cpp[1434]17/12 20:32:19 Cpu clock: ~1596
I           m3dapp.cpp[1459]17/12 20:32:19 Processor is mmx able
I           m3dapp.cpp[1470]17/12 20:32:19 Physical memory: 2047 MB
I           m3dapp.cpp[1471]17/12 20:32:19 Total memory:    4095 MB
I           m3dapp.cpp[1472]17/12 20:32:19 Physical memory available: 1768 MB
I           m3dapp.cpp[1473]17/12 20:32:19 Total memory available:    1914 MB
I           m3dapp.cpp[2846]17/12 20:32:19 SetCodepage -- using codepage 1251 '1251  (ANSI - кириллица)'
I           m3dapp.cpp[2154]17/12 20:32:20 NOTE! renderer is bind to dxrender9.dll
I           m3dapp.cpp[1336]17/12 20:32:20 d3d: Given device behavior: 80
I           m3dapp.cpp[1336]17/12 20:32:20 d3d: Confirmed device behavior: 80
I           m3dapp.cpp[1336]17/12 20:32:21 d3d: Description: Intel(R) HD Graphics Family
I           m3dapp.cpp[1336]17/12 20:32:21 d3d: Driver:      igdumdx32.dll
I           m3dapp.cpp[1336]17/12 20:32:21 d3d: VendorId:    0x8086
I           m3dapp.cpp[1336]17/12 20:32:21 d3d: DeviceId:    0x106
I           m3dapp.cpp[1336]17/12 20:32:21 d3d: SubSysId:    0x3672103c
I           m3dapp.cpp[1336]17/12 20:32:21 d3d: Revision:    9
I           m3dapp.cpp[1336]17/12 20:32:21 d3d: Driver version info:
I           m3dapp.cpp[1336]17/12 20:32:21 d3d:   Product:    8
I           m3dapp.cpp[1336]17/12 20:32:21 d3d:   Version:    15
I           m3dapp.cpp[1336]17/12 20:32:21 d3d:   SubVersion: 10
I           m3dapp.cpp[1336]17/12 20:32:21 d3d:   Build:      2622
I           m3dapp.cpp[1336]17/12 20:32:21 d3d: WHQLLevel:    0
I           m3dapp.cpp[1336]17/12 20:32:21 d3d: Texture max size: 8192x8192
I           m3dapp.cpp[1336]17/12 20:32:21 d3d: Guard band: (-8192.000,-8192.000,8192.000,8192.000)
I           m3dapp.cpp[1336]17/12 20:32:21 d3d: MaxTextureBlendStages: 8
I           m3dapp.cpp[1336]17/12 20:32:21 d3d: MaxSimultaneousTextures: 8
I           m3dapp.cpp[1336]17/12 20:32:21 d3d: MaxActiveLights: 10
I           m3dapp.cpp[1336]17/12 20:32:21 d3d: MaxUserClipPlanes: 6
I           m3dapp.cpp[1336]17/12 20:32:21 d3d: VertexShaderVersion: 0xfffe0300
I           m3dapp.cpp[1336]17/12 20:32:21 d3d: PixelShaderVersion: 0xffff0300
I           m3dapp.cpp[1336]17/12 20:32:21 d3d: Geometry instancing: supported
I           m3dapp.cpp[1336]17/12 20:32:21 d3d: Depth bias supported: yes
I           m3dapp.cpp[1336]17/12 20:32:21 d3d: Slope-scale based depth bias supported: yes
I           m3dapp.cpp[1336]17/12 20:32:21 d3d: HwRasterization: true
I           m3dapp.cpp[1336]17/12 20:32:21 d3d: HwTnL: true
I           m3dapp.cpp[1336]17/12 20:32:21 d3d: PureDevice: true
I           m3dapp.cpp[1336]17/12 20:32:21 d3d: CubeMap: true
I           m3dapp.cpp[1336]17/12 20:32:21 d3d: VolumeMap: true
I           m3dapp.cpp[1336]17/12 20:32:21 d3d: TextureAddressCaps:
I           m3dapp.cpp[1336]17/12 20:32:21 d3d: 	wrap: true
I           m3dapp.cpp[1336]17/12 20:32:21 d3d: 	clamp: true
I           m3dapp.cpp[1336]17/12 20:32:21 d3d: 	border: true
I           m3dapp.cpp[1336]17/12 20:32:21 d3d: Projective textures: true
I           m3dapp.cpp[1336]17/12 20:32:21 d3d: MaxPointSize: 256.000
I           m3dapp.cpp[1336]17/12 20:32:21 d3d: MaxPrimitiveCount: 1048575
I           m3dapp.cpp[1336]17/12 20:32:21 d3d: MaxVertexIndex: 16777215
I           m3dapp.cpp[1336]17/12 20:32:21 d3d: MaxStreams: 16
I           m3dapp.cpp[1336]17/12 20:32:21 d3d: MaxStreamsStride: 255
I           m3dapp.cpp[1336]17/12 20:32:21 d3d: MaxAnisotropy: 16
I           m3dapp.cpp[1336]17/12 20:32:21 d3d: MaxVertexBlendMatrices: 4
I           m3dapp.cpp[1336]17/12 20:32:21 d3d: MaxVertexBlendMatrixIndex: 8
I           m3dapp.cpp[1336]17/12 20:32:21 d3d: FullScreenGamma: true
I           m3dapp.cpp[1336]17/12 20:32:21 d3d: COLORWRITEENABLE: true
I           m3dapp.cpp[1336]17/12 20:32:21 d3d: MASKZ: true
I           m3dapp.cpp[1336]17/12 20:32:21 d3d: BLENDOP: true
I           m3dapp.cpp[1336]17/12 20:32:21 d3d: CLIPPLANESCALEDPOINTS: false
I           m3dapp.cpp[1336]17/12 20:32:21 d3d: CLIPTLVERTS: false
I           m3dapp.cpp[1336]17/12 20:32:21 d3d: TSSARGTEMP: true
I           m3dapp.cpp[1336]17/12 20:32:21 d3d: DIRECTIONALLIGHTS: true
I           m3dapp.cpp[1336]17/12 20:32:21 d3d: LOCALVIEWER: true
I           m3dapp.cpp[1336]17/12 20:32:21 d3d: POSITIONALLIGHTS: true
I           m3dapp.cpp[1336]17/12 20:32:21 d3d: TEXGEN:  true
I           m3dapp.cpp[1336]17/12 20:32:21 d3d: TWEENING:  true
I           m3dapp.cpp[1336]17/12 20:32:21 d3d: Dp3: true
I           m3dapp.cpp[1336]17/12 20:32:21 d3d: Lerp: true
I           m3dapp.cpp[1336]17/12 20:32:21 d3d: MaxNpatchTessellationLevel: 0.000
I           m3dapp.cpp[1336]17/12 20:32:21 d3d: Query VCACHE support: true
I           m3dapp.cpp[1336]17/12 20:32:21 d3d: Query EVENT support: true
I           m3dapp.cpp[1336]17/12 20:32:21 d3d: Query OCCLUSION support: true
I           m3dapp.cpp[1336]17/12 20:32:21 d3d: Query TIMESTAMP support: true
I           m3dapp.cpp[1336]17/12 20:32:21 d3d: Query TIMESTAMPDISJOINT support: true
I           m3dapp.cpp[1336]17/12 20:32:21 d3d: Query TIMESTAMPFREQ support: true
I           m3dapp.cpp[1336]17/12 20:32:21 d3d: Query PIPELINETIMINGS support: false
I           m3dapp.cpp[1336]17/12 20:32:21 d3d: Query INTERFACETIMINGS support: false
I           m3dapp.cpp[1336]17/12 20:32:21 d3d: Query VERTEXTIMINGS support: false
I           m3dapp.cpp[1336]17/12 20:32:21 d3d: Query PIXELTIMINGS support: false
I           m3dapp.cpp[1336]17/12 20:32:21 d3d: Query BANDWIDTHTIMINGS support: false
I           m3dapp.cpp[1336]17/12 20:32:21 d3d: Query CACHEUTILIZATION support: false
I           m3dapp.cpp[1336]17/12 20:32:21 d3d: Creating or resetting the device
I           m3dapp.cpp[1336]17/12 20:32:21 d3d: Back buffer format: X8R8G8B8
I           m3dapp.cpp[1336]17/12 20:32:21 d3d: Depth/stencil buffer format: D24S8
I           m3dapp.cpp[1336]17/12 20:32:21 d3d: Stenciling: off
I           m3dapp.cpp[1336]17/12 20:32:21 d3d: Rgba textures format: DXT5
I           m3dapp.cpp[1336]17/12 20:32:21 d3d: Rgba no c. textures format: A8R8G8B8
I           m3dapp.cpp[1336]17/12 20:32:21 d3d: RgbA textures format: DXT5
I           m3dapp.cpp[1336]17/12 20:32:21 d3d: RgbA no c. textures format: A4R4G4B4
I           m3dapp.cpp[1336]17/12 20:32:21 d3d: Rt textures format: A8R8G8B8
I           m3dapp.cpp[1336]17/12 20:32:21 d3d: Shadow textures format: R5G6B5
I           m3dapp.cpp[1336]17/12 20:32:21 d3d: Rt depth format: D16
I           m3dapp.cpp[2206]17/12 20:32:21 NOTE! input is bind to input_di8.dll
I           m3dapp.cpp[1938]17/12 20:32:22 NOTE! sound is bind to sound.dll
I           m3dapp.cpp[1350]17/12 20:32:22 input: Joystick not found
I           m3dapp.cpp[1343]17/12 20:32:22 snd: Max sound channels available: 128
I           m3dapp.cpp[1343]17/12 20:32:22 snd: Sound is inited successfully
I             font.cpp[0976]17/12 20:32:23 FontManager: fonts are loaded successfully
I           m3dapp.cpp[1336]17/12 20:32:23 d3d: Cannot open data\models\logos\fishmen.dds
I           m3dapp.cpp[1336]17/12 20:32:23 d3d: texmap failed to load: data\models\logos\fishmen.dds
E       DraftModel.cpp[1002]17/12 20:32:23 Error: Couldn't load texture data\models\logos\fishmen.dds for model logos.gam
I           m3dapp.cpp[1336]17/12 20:32:23 d3d: Cannot open data\models\logos\logo32.dds
I           m3dapp.cpp[1336]17/12 20:32:23 d3d: texmap failed to load: data\models\logos\logo32.dds
E       DraftModel.cpp[1002]17/12 20:32:23 Error: Couldn't load texture data\models\logos\logo32.dds for model logos.gam
I           m3dapp.cpp[1336]17/12 20:32:23 d3d: Cannot open data\models\logos\logo33.dds
I           m3dapp.cpp[1336]17/12 20:32:23 d3d: texmap failed to load: data\models\logos\logo33.dds
E       DraftModel.cpp[1002]17/12 20:32:23 Error: Couldn't load texture data\models\logos\logo33.dds for model logos.gam
I           m3dapp.cpp[1336]17/12 20:32:23 d3d: Cannot open data\models\logos\logo34.dds
I           m3dapp.cpp[1336]17/12 20:32:23 d3d: texmap failed to load: data\models\logos\logo34.dds
E       DraftModel.cpp[1002]17/12 20:32:23 Error: Couldn't load texture data\models\logos\logo34.dds for model logos.gam
I           m3dapp.cpp[1336]17/12 20:32:23 d3d: Cannot open data\models\logos\logo35.dds
I           m3dapp.cpp[1336]17/12 20:32:23 d3d: texmap failed to load: data\models\logos\logo35.dds
E       DraftModel.cpp[1002]17/12 20:32:23 Error: Couldn't load texture data\models\logos\logo35.dds for model logos.gam
I           m3dapp.cpp[1336]17/12 20:32:23 d3d: Cannot open data\models\logos\logo36.dds
I           m3dapp.cpp[1336]17/12 20:32:23 d3d: texmap failed to load: data\models\logos\logo36.dds
E       DraftModel.cpp[1002]17/12 20:32:23 Error: Couldn't load texture data\models\logos\logo36.dds for model logos.gam
I           m3dapp.cpp[1336]17/12 20:32:23 d3d: Cannot open data\models\logos\logo37.dds
I           m3dapp.cpp[1336]17/12 20:32:23 d3d: texmap failed to load: data\models\logos\logo37.dds
E       DraftModel.cpp[1002]17/12 20:32:23 Error: Couldn't load texture data\models\logos\logo37.dds for model logos.gam
I           m3dapp.cpp[1336]17/12 20:32:23 d3d: Cannot open data\models\logos\logo38.dds
I           m3dapp.cpp[1336]17/12 20:32:23 d3d: texmap failed to load: data\models\logos\logo38.dds
E       DraftModel.cpp[1002]17/12 20:32:23 Error: Couldn't load texture data\models\logos\logo38.dds for model logos.gam
I           m3dapp.cpp[1336]17/12 20:32:23 d3d: Cannot open data\models\logos\logo39.dds
I           m3dapp.cpp[1336]17/12 20:32:23 d3d: texmap failed to load: data\models\logos\logo39.dds
E       DraftModel.cpp[1002]17/12 20:32:23 Error: Couldn't load texture data\models\logos\logo39.dds for model logos.gam
I           m3dapp.cpp[1336]17/12 20:32:23 d3d: Cannot open data\models\logos\logo40.dds
I           m3dapp.cpp[1336]17/12 20:32:23 d3d: texmap failed to load: data\models\logos\logo40.dds
E       DraftModel.cpp[1002]17/12 20:32:23 Error: Couldn't load texture data\models\logos\logo40.dds for model logos.gam
I           m3dapp.cpp[1336]17/12 20:32:23 d3d: Cannot open data\models\logos\logo41.dds
I           m3dapp.cpp[1336]17/12 20:32:23 d3d: texmap failed to load: data\models\logos\logo41.dds
E       DraftModel.cpp[1002]17/12 20:32:23 Error: Couldn't load texture data\models\logos\logo41.dds for model logos.gam
I           m3dapp.cpp[1336]17/12 20:32:23 d3d: Cannot open data\models\logos\logo42.dds
I           m3dapp.cpp[1336]17/12 20:32:23 d3d: texmap failed to load: data\models\logos\logo42.dds
E       DraftModel.cpp[1002]17/12 20:32:23 Error: Couldn't load texture data\models\logos\logo42.dds for model logos.gam
I           m3dapp.cpp[1336]17/12 20:32:23 d3d: Cannot open data\models\logos\logo43.dds
I           m3dapp.cpp[1336]17/12 20:32:23 d3d: texmap failed to load: data\models\logos\logo43.dds
E       DraftModel.cpp[1002]17/12 20:32:23 Error: Couldn't load texture data\models\logos\logo43.dds for model logos.gam
I           m3dapp.cpp[1336]17/12 20:32:23 d3d: Cannot open data\models\logos\logo44.dds
I           m3dapp.cpp[1336]17/12 20:32:23 d3d: texmap failed to load: data\models\logos\logo44.dds
E       DraftModel.cpp[1002]17/12 20:32:23 Error: Couldn't load texture data\models\logos\logo44.dds for model logos.gam
I           m3dapp.cpp[1336]17/12 20:32:23 d3d: Cannot open data\models\logos\logo45.dds
I           m3dapp.cpp[1336]17/12 20:32:23 d3d: texmap failed to load: data\models\logos\logo45.dds
E       DraftModel.cpp[1002]17/12 20:32:23 Error: Couldn't load texture data\models\logos\logo45.dds for model logos.gam
I           m3dapp.cpp[1336]17/12 20:32:23 d3d: Cannot open data\models\logos\logo46.dds
I           m3dapp.cpp[1336]17/12 20:32:23 d3d: texmap failed to load: data\models\logos\logo46.dds
E       DraftModel.cpp[1002]17/12 20:32:23 Error: Couldn't load texture data\models\logos\logo46.dds for model logos.gam
I           m3dapp.cpp[1336]17/12 20:32:23 d3d: Cannot open data\models\logos\logo47.dds
I           m3dapp.cpp[1336]17/12 20:32:23 d3d: texmap failed to load: data\models\logos\logo47.dds
E       DraftModel.cpp[1002]17/12 20:32:23 Error: Couldn't load texture data\models\logos\logo47.dds for model logos.gam
I           m3dapp.cpp[1336]17/12 20:32:23 d3d: Cannot open data\models\logos\logo48.dds
I           m3dapp.cpp[1336]17/12 20:32:23 d3d: texmap failed to load: data\models\logos\logo48.dds
E       DraftModel.cpp[1002]17/12 20:32:23 Error: Couldn't load texture data\models\logos\logo48.dds for model logos.gam
I           m3dapp.cpp[1336]17/12 20:32:23 d3d: Cannot open data\models\logos\logo49.dds
I           m3dapp.cpp[1336]17/12 20:32:23 d3d: texmap failed to load: data\models\logos\logo49.dds
E       DraftModel.cpp[1002]17/12 20:32:23 Error: Couldn't load texture data\models\logos\logo49.dds for model logos.gam
I           m3dapp.cpp[1336]17/12 20:32:23 d3d: Cannot open data\models\logos\logo50.dds
I           m3dapp.cpp[1336]17/12 20:32:23 d3d: texmap failed to load: data\models\logos\logo50.dds
E       DraftModel.cpp[1002]17/12 20:32:23 Error: Couldn't load texture data\models\logos\logo50.dds for model logos.gam
I           m3dapp.cpp[1336]17/12 20:32:23 d3d: Cannot open data\models\logos\logo51.dds
I           m3dapp.cpp[1336]17/12 20:32:23 d3d: texmap failed to load: data\models\logos\logo51.dds
E       DraftModel.cpp[1002]17/12 20:32:23 Error: Couldn't load texture data\models\logos\logo51.dds for model logos.gam
I           m3dapp.cpp[1336]17/12 20:32:23 d3d: Cannot open data\models\logos\logo52.dds
I           m3dapp.cpp[1336]17/12 20:32:23 d3d: texmap failed to load: data\models\logos\logo52.dds
E       DraftModel.cpp[1002]17/12 20:32:23 Error: Couldn't load texture data\models\logos\logo52.dds for model logos.gam
I           m3dapp.cpp[1336]17/12 20:32:23 d3d: Cannot open data\models\logos\logo53.dds
I           m3dapp.cpp[1336]17/12 20:32:23 d3d: texmap failed to load: data\models\logos\logo53.dds
E       DraftModel.cpp[1002]17/12 20:32:23 Error: Couldn't load texture data\models\logos\logo53.dds for model logos.gam
I           m3dapp.cpp[1336]17/12 20:32:23 d3d: Cannot open data\models\logos\logo54.dds
I           m3dapp.cpp[1336]17/12 20:32:23 d3d: texmap failed to load: data\models\logos\logo54.dds
E       DraftModel.cpp[1002]17/12 20:32:23 Error: Couldn't load texture data\models\logos\logo54.dds for model logos.gam
I           m3dapp.cpp[1336]17/12 20:32:23 d3d: Cannot open data\models\logos\logo55.dds
I           m3dapp.cpp[1336]17/12 20:32:23 d3d: texmap failed to load: data\models\logos\logo55.dds
E       DraftModel.cpp[1002]17/12 20:32:23 Error: Couldn't load texture data\models\logos\logo55.dds for model logos.gam
I           m3dapp.cpp[1336]17/12 20:32:23 d3d: Cannot open data\models\logos\logo56.dds
I           m3dapp.cpp[1336]17/12 20:32:23 d3d: texmap failed to load: data\models\logos\logo56.dds
E       DraftModel.cpp[1002]17/12 20:32:23 Error: Couldn't load texture data\models\logos\logo56.dds for model logos.gam
I           m3dapp.cpp[1336]17/12 20:32:23 d3d: Cannot open data\models\logos\logo57.dds
I           m3dapp.cpp[1336]17/12 20:32:23 d3d: texmap failed to load: data\models\logos\logo57.dds
E       DraftModel.cpp[1002]17/12 20:32:23 Error: Couldn't load texture data\models\logos\logo57.dds for model logos.gam
I           m3dapp.cpp[1336]17/12 20:32:23 d3d: Cannot open data\models\logos\logo58.dds
I           m3dapp.cpp[1336]17/12 20:32:23 d3d: texmap failed to load: data\models\logos\logo58.dds
E       DraftModel.cpp[1002]17/12 20:32:23 Error: Couldn't load texture data\models\logos\logo58.dds for model logos.gam
I           m3dapp.cpp[1336]17/12 20:32:23 d3d: Cannot open data\models\logos\logo59.dds
I           m3dapp.cpp[1336]17/12 20:32:23 d3d: texmap failed to load: data\models\logos\logo59.dds
E       DraftModel.cpp[1002]17/12 20:32:23 Error: Couldn't load texture data\models\logos\logo59.dds for model logos.gam
I           m3dapp.cpp[1336]17/12 20:32:23 d3d: Cannot open data\models\logos\logo60.dds
I           m3dapp.cpp[1336]17/12 20:32:23 d3d: texmap failed to load: data\models\logos\logo60.dds
E       DraftModel.cpp[1002]17/12 20:32:23 Error: Couldn't load texture data\models\logos\logo60.dds for model logos.gam
I           m3dapp.cpp[1336]17/12 20:32:23 d3d: Cannot open data\models\logos\logo61.dds
I           m3dapp.cpp[1336]17/12 20:32:23 d3d: texmap failed to load: data\models\logos\logo61.dds
E       DraftModel.cpp[1002]17/12 20:32:23 Error: Couldn't load texture data\models\logos\logo61.dds for model logos.gam
I           m3dapp.cpp[1336]17/12 20:32:23 d3d: Cannot open data\models\logos\logo62.dds
I           m3dapp.cpp[1336]17/12 20:32:23 d3d: texmap failed to load: data\models\logos\logo62.dds
E       DraftModel.cpp[1002]17/12 20:32:23 Error: Couldn't load texture data\models\logos\logo62.dds for model logos.gam
I           m3dapp.cpp[1336]17/12 20:32:23 d3d: Cannot open data\models\logos\logo63.dds
I           m3dapp.cpp[1336]17/12 20:32:23 d3d: texmap failed to load: data\models\logos\logo63.dds
E       DraftModel.cpp[1002]17/12 20:32:23 Error: Couldn't load texture data\models\logos\logo63.dds for model logos.gam
I           m3dapp.cpp[1336]17/12 20:32:23 d3d: Cannot open data\models\logos\logo64.dds
I           m3dapp.cpp[1336]17/12 20:32:23 d3d: texmap failed to load: data\models\logos\logo64.dds
E       DraftModel.cpp[1002]17/12 20:32:23 Error: Couldn't load texture data\models\logos\logo64.dds for model logos.gam
I           m3dapp.cpp[1336]17/12 20:32:23 d3d: Cannot open data\models\logos\logo65.dds
I           m3dapp.cpp[1336]17/12 20:32:23 d3d: texmap failed to load: data\models\logos\logo65.dds
E       DraftModel.cpp[1002]17/12 20:32:23 Error: Couldn't load texture data\models\logos\logo65.dds for model logos.gam
I           m3dapp.cpp[1336]17/12 20:32:23 d3d: Cannot open data\models\logos\logo66.dds
I           m3dapp.cpp[1336]17/12 20:32:23 d3d: texmap failed to load: data\models\logos\logo66.dds
E       DraftModel.cpp[1002]17/12 20:32:23 Error: Couldn't load texture data\models\logos\logo66.dds for model logos.gam
I           m3dapp.cpp[1336]17/12 20:32:23 d3d: Cannot open data\models\logos\logo67.dds
I           m3dapp.cpp[1336]17/12 20:32:23 d3d: texmap failed to load: data\models\logos\logo67.dds
E       DraftModel.cpp[1002]17/12 20:32:23 Error: Couldn't load texture data\models\logos\logo67.dds for model logos.gam
I           m3dapp.cpp[1336]17/12 20:32:23 d3d: Cannot open data\models\logos\logo68.dds
I           m3dapp.cpp[1336]17/12 20:32:23 d3d: texmap failed to load: data\models\logos\logo68.dds
E       DraftModel.cpp[1002]17/12 20:32:23 Error: Couldn't load texture data\models\logos\logo68.dds for model logos.gam
I           m3dapp.cpp[1336]17/12 20:32:23 d3d: Cannot open data\models\logos\logo69.dds
I           m3dapp.cpp[1336]17/12 20:32:23 d3d: texmap failed to load: data\models\logos\logo69.dds
E       DraftModel.cpp[1002]17/12 20:32:23 Error: Couldn't load texture data\models\logos\logo69.dds for model logos.gam
I           m3dapp.cpp[1336]17/12 20:32:23 d3d: Cannot open data\models\logos\logo70.dds
I           m3dapp.cpp[1336]17/12 20:32:23 d3d: texmap failed to load: data\models\logos\logo70.dds
E       DraftModel.cpp[1002]17/12 20:32:23 Error: Couldn't load texture data\models\logos\logo70.dds for model logos.gam
I      gameimpulse.cpp[0288]17/12 20:32:23 Key bindings: were inited successfully
I           view32.cpp[0705]17/12 20:32:23 --- Init Media ---
I    GameUiManager.cpp[0303]17/12 20:32:23 Interface: is initializing...
I    GameUiManager.cpp[1580]17/12 20:32:23 Interface: clearing resource infos ...
I    GameUiManager.cpp[1491]17/12 20:32:23 Interface: loading resource infos ...
I    GameUiManager.cpp[1603]17/12 20:32:23 Interface: loading resources ...
I           m3dapp.cpp[1343]17/12 20:32:24 snd: Error: Can't Open SoundFile: 
I           m3dapp.cpp[1343]17/12 20:32:24 snd: Cannot open sound stream from file . Error: File not found, flags: 8272
I    GameUiManager.cpp[0395]17/12 20:32:25 Interface: is inited successfully
I        LevelInfo.cpp[0806]17/12 20:32:25 Level infos were loaded successfully from file data\if\diz\LevelInfo.xml
I        LevelInfo.cpp[0837]17/12 20:32:25 Error: could't open data\maps\r1m8.ssl file
E        LevelInfo.cpp[0749]17/12 20:32:25 LevelInfoManager was inited with errors
I   TruxxUiManager.cpp[0191]17/12 20:32:25 TruxxUiManager: was inited successfully
I      gameimpulse.cpp[0618]17/12 20:32:28 Key bindings: unbind all is done
I      gameimpulse.cpp[0324]17/12 20:32:28 Key bindings: were loaded successfully from file data\scripts\DefaultKeyBindings.lua
I      gameimpulse.cpp[1194]17/12 20:32:28 Key bindings: were bind from defaults
I            video.cpp[0704]17/12 20:32:28 Could not load specified video file: data\video\logobuka.wmv (hr = 80070003)
I     view32_video.cpp[0061]17/12 20:32:28 Error: couldn't load video 'data\video\logobuka.wmv'
I            video.cpp[0704]17/12 20:32:28 Could not load specified video file: data\video\logotargem.wmv (hr = 80070003)
I     view32_video.cpp[0061]17/12 20:32:28 Error: couldn't load video 'data\video\logotargem.wmv'
I            video.cpp[0704]17/12 20:32:28 Could not load specified video file: data\video\INTRO_RUS_FIELD.wmv (hr = 80070003)
I     view32_video.cpp[0061]17/12 20:32:28 Error: couldn't load video 'data\video\INTRO_RUS_FIELD.wmv'
I             core.lua[0013]17/12 20:32:28 IMPROVED STORYLINE V1.0.5.3 ORIGINAL BUILD 220422
I           m3dapp.cpp[1808]17/12 20:32:28 ----------------------- Engine inited in: 0
I          Profile.cpp[0602]17/12 20:32:28 Profile "RiverZone" set
I   TruxxUiManager.cpp[1422]17/12 20:32:28 Game mode changed. Old mode = 3, new mode = 2
I        SplashWnd.cpp[0244]17/12 20:32:29 Start splashing 11
I           view32.cpp[1048]17/12 20:32:29 -- Loading Level: data\maps\mainmenu.ssl --
I            world.cpp[0132]17/12 20:32:29 ----------------------- World Loading
F        landscape.cpp[1674]17/12 20:32:29  +- Enter function: Landscape::Load()
I        landscape.cpp[1911]17/12 20:32:29  |  ----------------------- Normal map loaded in: 12
I        landscape.cpp[1920]17/12 20:32:29  |  ----------------------- Tiles loaded in: 41
I        landscape.cpp[1944]17/12 20:32:29  |  ----------------------- ShoreLine loaded in: 12
F        landscape.cpp[1944]17/12 20:32:29  +- Exit function: Landscape::Load()
I            world.cpp[0169]17/12 20:32:29 ----------------------- Landscape loaded in: 397
I       DataServer.cpp[0587]17/12 20:32:29 Loading Servers: data\maps\MainMenu\servers.xml
I serverAnimatedModel.cpp[0630]17/12 20:32:32 ### Total time: 2324, GAM time: 795
I       DataServer.cpp[0587]17/12 20:32:32 Loading Servers: data\models\commonservers.xml
E      serverMusic.cpp[0216]17/12 20:32:37 MusicServer: cannot read file: data\music\music.xml id = 'LaBelleTown'
E      serverMusic.cpp[0216]17/12 20:32:37 MusicServer: cannot read file: data\music\music.xml id = 'block6_driving2'
E      serverMusic.cpp[0216]17/12 20:32:37 MusicServer: cannot read file: data\music\music.xml id = 'r11_1_driving'
E      serverMusic.cpp[0216]17/12 20:32:37 MusicServer: cannot read file: data\music\music.xml id = 'r11_1_alarm'
E      serverMusic.cpp[0216]17/12 20:32:37 MusicServer: cannot read file: data\music\music.xml id = 'r11_1_battle'
I            world.cpp[0210]17/12 20:32:38 ----------------------- Servers loaded in: 8210
I            world.cpp[0338]17/12 20:32:38 LoadWorld begin...
I            world.cpp[0350]17/12 20:32:38 %%%% read/parse xml: 42
I            world.cpp[0362]17/12 20:32:38 %%%% read from xml: 9
E    PlayerPassMap.cpp[0139]17/12 20:32:38 Couldn't load player pass map from file data\maps\MainMenu\player_passmap.xml
I            world.cpp[0444]17/12 20:32:38 %%%% link nodes: 34
I            world.cpp[0220]17/12 20:32:38 ----------------------- Nodes loaded in: 88
I            world.cpp[0228]17/12 20:32:38 ----------------------- Prefabs loaded in: 1
I            world.cpp[0247]17/12 20:32:38 ----------------------- World loaded in: 9099
I            world.cpp[0278]17/12 20:32:38 ----------------------- Roads loaded in: 274
I           view32.cpp[1078]17/12 20:32:38 Load Server begin...
I   TruxxUiManager.cpp[0974]17/12 20:32:38 Interface: is loaded successfully
I           server.cpp[0789]17/12 20:32:38 AI: Loading Server...
I           server.cpp[0796]17/12 20:32:38 	AI: Loading Relationship
I     Relationship.cpp[0134]17/12 20:32:38 		 File readed
I           server.cpp[0801]17/12 20:32:38 	AI: Loading SoilProps
I           server.cpp[0804]17/12 20:32:38 	AI: Loading ExternalPaths
I           server.cpp[0807]17/12 20:32:39 	AI: Loading PlayerPassMap
E    PlayerPassMap.cpp[0139]17/12 20:32:39 Couldn't load player pass map from file data\maps\MainMenu\player_passmap.xml
I           server.cpp[0813]17/12 20:32:39 	AI: Loading GameObjects
I           server.cpp[0816]17/12 20:32:39 	AI: Initializing VehicleGeneratorInfoCache
I           server.cpp[0820]17/12 20:32:39 	AI: Refreshing GameObjects
I           server.cpp[0824]17/12 20:32:39 	AI: Loading QuestStates
I       QuestState.cpp[0904]17/12 20:32:39 Quest 'Human1_Quest1' can be given now
I       QuestState.cpp[0904]17/12 20:32:39 Quest 'Human1_Quest2' can be given now
I       QuestState.cpp[0904]17/12 20:32:39 Quest 'BenGoodEnd' can be given now
I       QuestState.cpp[0904]17/12 20:32:39 Quest 'q_PlaceWithSign' can be given now
I       QuestState.cpp[0904]17/12 20:32:39 Quest 'r3m2_OracleMemory' can be given now
I       QuestState.cpp[0904]17/12 20:32:39 Quest 'r3m2_TalkWithLisa' can be given now
I       QuestState.cpp[0904]17/12 20:32:39 Quest 'r3m2_TalkWithBenAboutCarAfterOracul' can be given now
I       QuestState.cpp[0904]17/12 20:32:39 Quest 'r3m2_FindInfoAboutFather' can be given now
I       QuestState.cpp[0904]17/12 20:32:39 Quest 'r3m1_LureMainDriud' can be given now
I       QuestState.cpp[0904]17/12 20:32:39 Quest 'r3m1_ClearSanctuary' can be given now
I       QuestState.cpp[0904]17/12 20:32:39 Quest 'r3m1_KnowAboutUluk' can be given now
I       QuestState.cpp[0904]17/12 20:32:39 Quest 'r3m1_RescueUlukCivil' can be given now
I       QuestState.cpp[0904]17/12 20:32:39 Quest 'q_VisitDruid' can be given now
I       QuestState.cpp[0904]17/12 20:32:39 Quest 'r2m2_Znaki2_Quest' can be given now
I       QuestState.cpp[0904]17/12 20:32:39 Quest 'r2m2_HeadsHunterQuest' can be given now
I       QuestState.cpp[0904]17/12 20:32:39 Quest 'r2m2_OldDvigatel1_Quest' can be given now
I       QuestState.cpp[0904]17/12 20:32:39 Quest 'r2m2_OldDvigatel2_Quest' can be given now
I       QuestState.cpp[0904]17/12 20:32:39 Quest 'r2m2_FightFelix' can be given now
I       QuestState.cpp[0904]17/12 20:32:39 Quest 'r2m2_ReturnToMarecciaFromCastle' can be given now
I       QuestState.cpp[0904]17/12 20:32:39 Quest 'r2m2_FightWithAxelInArena_Quest' can be given now
I       QuestState.cpp[0904]17/12 20:32:39 Quest 'r2m2_FindLisAfterAxelAndFatherDie_Quest' can be given now
I       QuestState.cpp[0904]17/12 20:32:39 Quest 'r2m2_ToLisaToMonastir' can be given now
I       QuestState.cpp[0904]17/12 20:32:39 Quest 'r2m2_FightLisaToMonastir' can be given now
I       QuestState.cpp[0904]17/12 20:32:39 Quest 'r2m2_GiveDisk2ToOrakul' can be given now
I       QuestState.cpp[0904]17/12 20:32:39 Quest 'MrShlyapa3_Quest' can be given now
I       QuestState.cpp[0904]17/12 20:32:39 Quest 'r2m1_ArtAntipod_Quest' can be given now
I       QuestState.cpp[0904]17/12 20:32:39 Quest 'r2m1_TakeNarcotics_Quest' can be given now
I       QuestState.cpp[0904]17/12 20:32:39 Quest 'r2m1_KillGodFather_Quest' can be given now
I       QuestState.cpp[0904]17/12 20:32:39 Quest 'MrShlyapaSecret' can be given now
I       QuestState.cpp[0904]17/12 20:32:39 Quest 'd_GetSupportOneOfTheBands2_Quest' can be given now
I       QuestState.cpp[0904]17/12 20:32:39 Quest 'd_GetSupportOneOfTheBands1_Quest' can be given now
I       QuestState.cpp[0904]17/12 20:32:39 Quest 'd_FindVerbInAR_Quest' can be given now
I       QuestState.cpp[0904]17/12 20:32:39 Quest 'd_FindVerbInSNG_Quest' can be given now
I       QuestState.cpp[0904]17/12 20:32:39 Quest 'd_PatrulSideSNG_Quest' can be given now
I       QuestState.cpp[0904]17/12 20:32:39 Quest 'd_TakeGeneralOfBandits_Quest' can be given now
I       QuestState.cpp[0904]17/12 20:32:39 Quest 'r2m1_TW_AlienInShip' can be given now
I       QuestState.cpp[0904]17/12 20:32:39 Quest 'Podderzhka_Quest' can be given now
I       QuestState.cpp[0904]17/12 20:32:39 Quest 'Zashita_Quest' can be given now
I       QuestState.cpp[0904]17/12 20:32:39 Quest 'preEretik_Quest' can be given now
I       QuestState.cpp[0904]17/12 20:32:39 Quest 'ReturnQuest' can be given now
I       QuestState.cpp[0904]17/12 20:32:39 Quest 'd_FindVerbInAM_Quest' can be given now
I       QuestState.cpp[0904]17/12 20:32:39 Quest 'OdettIsDead_Quest' can be given now
I       QuestState.cpp[0904]17/12 20:32:39 Quest 'Disk2OrakulLisa' can be given now
I       QuestState.cpp[0904]17/12 20:32:39 Quest 'FindGomerB_Quest1' can be given now
I       QuestState.cpp[0904]17/12 20:32:39 Quest 'FreeExtremistLeader_Quest1' can be given now
I       QuestState.cpp[0904]17/12 20:32:39 Quest 'KillExtremist_Quest1' can be given now
I       QuestState.cpp[0904]17/12 20:32:39 Quest 'r1m4_TalkWithOldTraderAboutSecondDisk' can be given now
I       QuestState.cpp[0904]17/12 20:32:39 Quest 'q_FindHusbent' can be given now
I       QuestState.cpp[0904]17/12 20:32:39 Quest 'RybakToOlm_Quest' can be given now
I       QuestState.cpp[0904]17/12 20:32:39 Quest 'AnanagaTech_Quest' can be given now
I       QuestState.cpp[0904]17/12 20:32:39 Quest 'MrShlyapa2_Quest' can be given now
I       QuestState.cpp[0904]17/12 20:32:39 Quest 'ToCordanToTikhomir_Quest' can be given now
I       QuestState.cpp[0904]17/12 20:32:39 Quest 'r1m3_BonnyAndKlideQuest' can be given now
I       QuestState.cpp[0904]17/12 20:32:39 Quest 'r1m3_ArchHelp' can be given now
I       QuestState.cpp[0904]17/12 20:32:39 Quest 'r1m3_CrazyManQuest' can be given now
I       QuestState.cpp[0904]17/12 20:32:39 Quest 'r1m3_OldTownOutsiderCar2_Quest' can be given now
I       QuestState.cpp[0904]17/12 20:32:39 Quest 'FightForPesht' can be given now
I       QuestState.cpp[0904]17/12 20:32:39 Quest 'd_RideAcrossBase_Quest' can be given now
I       QuestState.cpp[0904]17/12 20:32:39 Quest 'd_GiveMoneyToBase_Quest' can be given now
I       QuestState.cpp[0904]17/12 20:32:39 Quest 'd_GetBomb_Quest' can be given now
I       QuestState.cpp[0904]17/12 20:32:39 Quest 'd_IntrigaOfMerMinin_Quest' can be given now
I       QuestState.cpp[0904]17/12 20:32:39 Quest 'd_MoveFreelancersToOilMine_Quest' can be given now
I       QuestState.cpp[0904]17/12 20:32:39 Quest 'd_MoveCanistraToMinin_Quest' can be given now
I       QuestState.cpp[0904]17/12 20:32:39 Quest 'd_OpenTunel_Quest' can be given now
I       QuestState.cpp[0904]17/12 20:32:39 Quest 'r1m3_TalkWithThiefFromFatherHouse' can be given now
I       QuestState.cpp[0904]17/12 20:32:39 Quest 'r1m3_MoveToOraculAfterThief' can be given now
I       QuestState.cpp[0904]17/12 20:32:39 Quest 'r1m3_ToLisaToAsgard' can be given now
I       QuestState.cpp[0904]17/12 20:32:39 Quest 'r1m3_TW_OralceAboutAlien' can be given now
I       QuestState.cpp[0904]17/12 20:32:39 Quest 'r1m3_DestroyRadiationSource' can be given now
I       QuestState.cpp[0904]17/12 20:32:39 Quest 'r2m1_DestroyAlienShip' can be given now
I       QuestState.cpp[0904]17/12 20:32:39 Quest 'd_PayWorkersMoney_Quest' can be given now
I       QuestState.cpp[0904]17/12 20:32:39 Quest 'r2m1_TW_SellsCivilian' can be given now
I       QuestState.cpp[0904]17/12 20:32:39 Quest 'MorskieVrata2_Quest' can be given now
I       QuestState.cpp[0904]17/12 20:32:39 Quest 'Zachisti1_Quest' can be given now
I       QuestState.cpp[0904]17/12 20:32:39 Quest 'LisaVPeshte' can be given now
I       QuestState.cpp[0904]17/12 20:32:39 Quest 'LisaUBena' can be given now
I       QuestState.cpp[0904]17/12 20:32:39 Quest 'WhereSigns_Quest' can be given now
I       QuestState.cpp[0904]17/12 20:32:39 Quest 'CombatInKollizey_Quest' can be given now
I       QuestState.cpp[0904]17/12 20:32:39 Quest 'BuyKollizey_Quest' can be given now
I       QuestState.cpp[0904]17/12 20:32:39 Quest 'Kollizey_Quest' can be given now
I       QuestState.cpp[0904]17/12 20:32:39 Quest 'HelpRuins_Quest' can be given now
I       QuestState.cpp[0904]17/12 20:32:39 Quest 'DestroyRuins_Quest' can be given now
I       QuestState.cpp[0904]17/12 20:32:39 Quest 'DestroyRuins2_Quest' can be given now
I       QuestState.cpp[0904]17/12 20:32:39 Quest 'Signs_Quest' can be given now
I       QuestState.cpp[0904]17/12 20:32:39 Quest 'MrShlyapa1_Quest' can be given now
I       QuestState.cpp[0904]17/12 20:32:39 Quest 'FindBen2_Quest' can be given now
I       QuestState.cpp[0904]17/12 20:32:39 Quest 'd_FindHouseOfBen_Quest' can be given now
I       QuestState.cpp[0904]17/12 20:32:39 Quest 'r1m2_TW_BanAboutAlien' can be given now
I       QuestState.cpp[0904]17/12 20:32:39 Quest 'r1m3_DestroyOracle' can be given now
I       QuestState.cpp[0904]17/12 20:32:39 Quest 'Pomiritsa_Quest' can be given now
I       QuestState.cpp[0904]17/12 20:32:39 Quest 'VYar_Quest' can be given now
I       QuestState.cpp[0904]17/12 20:32:39 Quest 'FindBenMZ_Quest' can be given now
I       QuestState.cpp[0904]17/12 20:32:39 Quest 'QuickFindBen' can be given now
I       QuestState.cpp[0904]17/12 20:32:39 Quest 'OpenMid_Quest' can be given now
I       QuestState.cpp[0904]17/12 20:32:39 Quest 'TalkBeforeDesert' can be given now
I       QuestState.cpp[0904]17/12 20:32:39 Quest 'ZashitaGotova' can be given now
I       QuestState.cpp[0904]17/12 20:32:39 Quest 'FakeQuest1' can be given now
I       QuestState.cpp[0904]17/12 20:32:39 Quest 'Chehly_Quest' can be given now
I       QuestState.cpp[0904]17/12 20:32:39 Quest 'WorkGiver_Quest1' can be given now
I       QuestState.cpp[0904]17/12 20:32:39 Quest 'd_PunishBandits_Quest' can be given now
I       QuestState.cpp[0904]17/12 20:32:39 Quest 'r1m1_Hospital_Quest' can be given now
I       QuestState.cpp[0904]17/12 20:32:39 Quest 'r1m1_Botanik_Quest' can be given now
I       QuestState.cpp[0904]17/12 20:32:39 Quest 'r1m1_FindBotanik_Quest' can be given now
I       QuestState.cpp[0904]17/12 20:32:39 Quest 'Buyer_Quest1' can be given now
I       QuestState.cpp[0904]17/12 20:32:39 Quest 'FirstTimePlay' can be given now
I       QuestState.cpp[0904]17/12 20:32:39 Quest 'TalkWithFather_Quest' can be given now
I       QuestState.cpp[0904]17/12 20:32:39 Quest 'LisaAtSouth' can be given now
I       QuestState.cpp[0904]17/12 20:32:39 Quest 'FindBen_Quest' can be given now
I       QuestState.cpp[0904]17/12 20:32:39 Quest 'FindBenAgain_Quest' can be given now
I       QuestState.cpp[0904]17/12 20:32:39 Quest 'd_SinFather_Quest' can be given now
I       QuestState.cpp[0904]17/12 20:32:39 Quest 'TalkToVasily' can be given now
I       QuestState.cpp[0904]17/12 20:32:39 Quest 'CheckTheEast' can be given now
I       QuestState.cpp[0904]17/12 20:32:39 Quest 'BenSouth_Quest' can be given now
I           server.cpp[0826]17/12 20:32:39 	AI: QuestStates loaded
I           server.cpp[0828]17/12 20:32:39 	AI: Loading DynamicScene
I     DynamicScene.cpp[1470]17/12 20:32:39 		 Scene loading begin
I     DynamicScene.cpp[1472]17/12 20:32:39 		 Scene loading end
I           server.cpp[0837]17/12 20:32:39 	AI: DynamicScene loaded
I           server.cpp[0852]17/12 20:32:39 	AI: Loading Triggers
E           server.cpp[1242]17/12 20:32:39 Error: cannot open data\maps\MainMenu\
I           server.cpp[0855]17/12 20:32:39 	AI: Triggers loaded
I           server.cpp[0857]17/12 20:32:39 	AI: Loading Object Names
E     ObjContainer.cpp[1104]17/12 20:32:39 Error: cannot open data\maps\MainMenu\object_names.xml
I           server.cpp[0868]17/12 20:32:39 	AI: Initing Player
I           server.cpp[0888]17/12 20:32:39 		Before first Update
I   TruxxUiManager.cpp[1422]17/12 20:32:39 Game mode changed. Old mode = 2, new mode = 1
I           server.cpp[0909]17/12 20:32:39 		After first Update
I           server.cpp[0911]17/12 20:32:39 AI: Finished Loading Server
I           view32.cpp[1106]17/12 20:32:39 Load server end
I        QuestInfo.cpp[0847]17/12 20:32:39 Quest infos were loaded successfully from file data\if\diz\QuestInfoGlobal.xml
I        QuestInfo.cpp[0783]17/12 20:32:39 QuestInfo manager was inited successfully
I       MsgManager.cpp[0391]17/12 20:32:39 Can't open file data\maps\MainMenu\strings.xml for read.
I    GameUiManager.cpp[0303]17/12 20:32:39 Interface: is initializing...
I    GameUiManager.cpp[0405]17/12 20:32:39 Interface: is clearing...
I    GameUiManager.cpp[0495]17/12 20:32:39 Interface: is cleared successfully
I    GameUiManager.cpp[0395]17/12 20:32:39 Interface: is inited successfully
I blockMusicManager.cpp[0199]17/12 20:32:39 BlockMusicManager: resetting
I      gameimpulse.cpp[0618]17/12 20:32:39 Key bindings: unbind all is done
I      gameimpulse.cpp[0618]17/12 20:32:39 Key bindings: unbind all is done
I      gameimpulse.cpp[0324]17/12 20:32:39 Key bindings: were loaded successfully from file data/profiles/riverzone\KeyBindings.lua
I      gameimpulse.cpp[1222]17/12 20:32:39 Key bindings: were loaded from profile
I        SplashWnd.cpp[0244]17/12 20:32:49 Start splashing 11
I   TruxxUiManager.cpp[1422]17/12 20:32:49 Game mode changed. Old mode = 1, new mode = 0
I    GameUiManager.cpp[0405]17/12 20:32:49 Interface: is clearing...
I    GameUiManager.cpp[0495]17/12 20:32:49 Interface: is cleared successfully
I           view32.cpp[1048]17/12 20:32:49 -- Loading Level: data\maps\r8m1.ssl --
I            world.cpp[0132]17/12 20:32:49 ----------------------- World Loading
F        landscape.cpp[1674]17/12 20:32:49  +- Enter function: Landscape::Load()
I        landscape.cpp[1911]17/12 20:32:49  |  ----------------------- Normal map loaded in: 7
I        landscape.cpp[1920]17/12 20:32:49  |  ----------------------- Tiles loaded in: 43
I        landscape.cpp[1944]17/12 20:32:49  |  ----------------------- ShoreLine loaded in: 0
F        landscape.cpp[1944]17/12 20:32:49  +- Exit function: Landscape::Load()
I            world.cpp[0169]17/12 20:32:49 ----------------------- Landscape loaded in: 219
I       DataServer.cpp[0587]17/12 20:32:49 Loading Servers: data\maps\r8m1\servers.xml
I       DataServer.cpp[0594]17/12 20:32:49 Load servers: ReadXmlFile: Cannot open file data\maps\r8m1\servers.xml
I       DataServer.cpp[0587]17/12 20:32:49 Loading Servers: data\models\servers.xml
E        GamParser.cpp[0399]17/12 20:32:50 AnimatedModel::LoadGAM -- cannot open file data\models\objects\dweller_debik.gam
E        GamParser.cpp[0399]17/12 20:32:53 AnimatedModel::LoadGAM -- cannot open file data\models\Masks\Main\mask_debik.gam
E       DraftModel.cpp[1002]17/12 20:32:57 Error: Couldn't load texture data\models\vehicles\belaz\cab01_mt.dds for model cargov1.gam
E       DraftModel.cpp[1002]17/12 20:32:57 Error: Couldn't load texture data\models\vehicles\belaz\cab01_mt.dds for model cargov1.gam
E       DraftModel.cpp[1002]17/12 20:32:57 Error: Couldn't load texture data\models\vehicles\belaz\cab01_mt.dds for model cargov1.gam
E       DraftModel.cpp[1002]17/12 20:32:57 Error: Couldn't load texture data\models\vehicles\belaz\cab01_mt.dds for model cargov1.gam
E       DraftModel.cpp[1002]17/12 20:32:57 Error: Couldn't load texture data\models\vehicles\belaz\cab01_mt.dds for model cargov1.gam
E       DraftModel.cpp[1002]17/12 20:32:57 Error: Couldn't load texture data\models\vehicles\belaz\cab01_mt.dds for model cargov1.gam
E       DraftModel.cpp[1002]17/12 20:32:57 Error: Couldn't load texture data\models\vehicles\belaz\cab01_mt.dds for model cargov1.gam
E       DraftModel.cpp[1002]17/12 20:32:57 Error: Couldn't load texture data\models\vehicles\belaz\cab01_mt.dds for model cargov1.gam
E       DraftModel.cpp[1002]17/12 20:32:57 Error: Couldn't load texture data\models\vehicles\belaz\cab01_mt.dds for model cargov1.gam
E serverAnimatedModel.cpp[0627]17/12 20:33:01 ServerAnimatedModels: cannot read file: file:data\models\AnimModels.xml id = dweller_brodyaga
E serverAnimatedModel.cpp[0627]17/12 20:33:01 ServerAnimatedModels: cannot read file: file:data\models\AnimModels.xml id = mask_debik
E serverAnimatedModel.cpp[0627]17/12 20:33:01 ServerAnimatedModels: cannot read file: file:data\models\AnimModels.xml id = big_brock_wall
E serverAnimatedModel.cpp[0627]17/12 20:33:01 ServerAnimatedModels: cannot read file: file:data\models\AnimModels.xml id = dub1_r2
E serverAnimatedModel.cpp[0627]17/12 20:33:01 ServerAnimatedModels: cannot read file: file:data\models\AnimModels.xml id = boss_barrel
I serverAnimatedModel.cpp[0630]17/12 20:33:01 ### Total time: 12386, GAM time: 11558
I       DataServer.cpp[0587]17/12 20:33:01 Loading Servers: data\models\commonservers.xml
E      serverMusic.cpp[0216]17/12 20:33:02 MusicServer: cannot read file: data\music\music.xml id = 'LaBelleTown'
E      serverMusic.cpp[0216]17/12 20:33:02 MusicServer: cannot read file: data\music\music.xml id = 'block6_driving2'
E      serverMusic.cpp[0216]17/12 20:33:02 MusicServer: cannot read file: data\music\music.xml id = 'r11_1_driving'
E      serverMusic.cpp[0216]17/12 20:33:02 MusicServer: cannot read file: data\music\music.xml id = 'r11_1_alarm'
E      serverMusic.cpp[0216]17/12 20:33:02 MusicServer: cannot read file: data\music\music.xml id = 'r11_1_battle'
I            world.cpp[0210]17/12 20:33:02 ----------------------- Servers loaded in: 13360
I            world.cpp[0338]17/12 20:33:02 LoadWorld begin...
I            world.cpp[0350]17/12 20:33:03 %%%% read/parse xml: 234
I            world.cpp[0362]17/12 20:33:03 %%%% read from xml: 320
I            world.cpp[0444]17/12 20:33:04 %%%% link nodes: 1023
I            world.cpp[0220]17/12 20:33:04 ----------------------- Nodes loaded in: 1585
I            world.cpp[0228]17/12 20:33:04 ----------------------- Prefabs loaded in: 1
I            world.cpp[0247]17/12 20:33:04 ----------------------- World loaded in: 15705
E        GamParser.cpp[0399]17/12 20:33:05 AnimatedModel::LoadGAM -- cannot open file data\models\roads\road_small_highway\small_highway_end.gam-
I      roadManager.cpp[0139]17/12 20:33:05 RoadManager error( model not loaded ): data\models\roads\road_small_highway\small_highway_end.gam-
I            world.cpp[0278]17/12 20:33:06 ----------------------- Roads loaded in: 1856
I           view32.cpp[1078]17/12 20:33:07 Load Server begin...
I            Reply.cpp[0415]17/12 20:33:07 Replies were loaded successfully from file data\if\diz\DialogsGlobal.xml
I            Reply.cpp[0415]17/12 20:33:07 Replies were loaded successfully from file data\if\diz\DynamicDialogsGlobal.xml
I            Reply.cpp[0343]17/12 20:33:07 RepliesManager was inited successfully
I    GameUiManager.cpp[1603]17/12 20:33:07 Interface: loading resources ...
I     ObjectsIcons.cpp[0198]17/12 20:33:11 ObjectsIcons::AddIcon warning - ico with id SpeedPointer already exists and wiil be replaced
I    GameUiManager.cpp[1603]17/12 20:33:14 Interface: loading resources ...
I   TruxxUiManager.cpp[0974]17/12 20:33:14 Interface: is loaded successfully
I           server.cpp[0789]17/12 20:33:14 AI: Loading Server...
I           server.cpp[0796]17/12 20:33:14 	AI: Loading Relationship
I     Relationship.cpp[0134]17/12 20:33:14 		 File readed
I           server.cpp[0801]17/12 20:33:14 	AI: Loading SoilProps
I           server.cpp[0804]17/12 20:33:14 	AI: Loading ExternalPaths
I           server.cpp[0807]17/12 20:33:14 	AI: Loading PlayerPassMap
I           server.cpp[0813]17/12 20:33:14 	AI: Loading GameObjects
I           server.cpp[0816]17/12 20:33:14 	AI: Initializing VehicleGeneratorInfoCache
I           server.cpp[0820]17/12 20:33:14 	AI: Refreshing GameObjects
E      VehiclePart.cpp[0138]17/12 20:33:15 Error: collision geom in vehicle part name = 'boss04station' is not BOX
E      VehiclePart.cpp[0138]17/12 20:33:15 Error: collision geom in vehicle part name = 'heavy_dot1' is not BOX
I           server.cpp[0824]17/12 20:33:15 	AI: Loading QuestStates
I       QuestState.cpp[0904]17/12 20:33:15 Quest 'Human1_Quest1' can be given now
I       QuestState.cpp[0904]17/12 20:33:15 Quest 'Human1_Quest2' can be given now
I       QuestState.cpp[0904]17/12 20:33:15 Quest 'BenGoodEnd' can be given now
I       QuestState.cpp[0904]17/12 20:33:15 Quest 'q_PlaceWithSign' can be given now
I       QuestState.cpp[0904]17/12 20:33:15 Quest 'r3m2_OracleMemory' can be given now
I       QuestState.cpp[0904]17/12 20:33:15 Quest 'r3m2_TalkWithLisa' can be given now
I       QuestState.cpp[0904]17/12 20:33:15 Quest 'r3m2_TalkWithBenAboutCarAfterOracul' can be given now
I       QuestState.cpp[0904]17/12 20:33:15 Quest 'r3m2_FindInfoAboutFather' can be given now
I       QuestState.cpp[0904]17/12 20:33:15 Quest 'r3m1_LureMainDriud' can be given now
I       QuestState.cpp[0904]17/12 20:33:15 Quest 'r3m1_ClearSanctuary' can be given now
I       QuestState.cpp[0904]17/12 20:33:15 Quest 'r3m1_KnowAboutUluk' can be given now
I       QuestState.cpp[0904]17/12 20:33:15 Quest 'r3m1_RescueUlukCivil' can be given now
I       QuestState.cpp[0904]17/12 20:33:15 Quest 'q_VisitDruid' can be given now
I       QuestState.cpp[0904]17/12 20:33:15 Quest 'r2m2_Znaki2_Quest' can be given now
I       QuestState.cpp[0904]17/12 20:33:15 Quest 'r2m2_HeadsHunterQuest' can be given now
I       QuestState.cpp[0904]17/12 20:33:15 Quest 'r2m2_OldDvigatel1_Quest' can be given now
I       QuestState.cpp[0904]17/12 20:33:15 Quest 'r2m2_OldDvigatel2_Quest' can be given now
I       QuestState.cpp[0904]17/12 20:33:15 Quest 'r2m2_FightFelix' can be given now
I       QuestState.cpp[0904]17/12 20:33:15 Quest 'r2m2_ReturnToMarecciaFromCastle' can be given now
I       QuestState.cpp[0904]17/12 20:33:15 Quest 'r2m2_FightWithAxelInArena_Quest' can be given now
I       QuestState.cpp[0904]17/12 20:33:15 Quest 'r2m2_FindLisAfterAxelAndFatherDie_Quest' can be given now
I       QuestState.cpp[0904]17/12 20:33:15 Quest 'r2m2_ToLisaToMonastir' can be given now
I       QuestState.cpp[0904]17/12 20:33:15 Quest 'r2m2_FightLisaToMonastir' can be given now
I       QuestState.cpp[0904]17/12 20:33:15 Quest 'r2m2_GiveDisk2ToOrakul' can be given now
I       QuestState.cpp[0904]17/12 20:33:15 Quest 'MrShlyapa3_Quest' can be given now
I       QuestState.cpp[0904]17/12 20:33:15 Quest 'r2m1_ArtAntipod_Quest' can be given now
I       QuestState.cpp[0904]17/12 20:33:15 Quest 'r2m1_TakeNarcotics_Quest' can be given now
I       QuestState.cpp[0904]17/12 20:33:15 Quest 'r2m1_KillGodFather_Quest' can be given now
I       QuestState.cpp[0904]17/12 20:33:15 Quest 'MrShlyapaSecret' can be given now
I       QuestState.cpp[0904]17/12 20:33:15 Quest 'd_GetSupportOneOfTheBands2_Quest' can be given now
I       QuestState.cpp[0904]17/12 20:33:15 Quest 'd_GetSupportOneOfTheBands1_Quest' can be given now
I       QuestState.cpp[0904]17/12 20:33:15 Quest 'd_FindVerbInAR_Quest' can be given now
I       QuestState.cpp[0904]17/12 20:33:15 Quest 'd_FindVerbInSNG_Quest' can be given now
I       QuestState.cpp[0904]17/12 20:33:15 Quest 'd_PatrulSideSNG_Quest' can be given now
I       QuestState.cpp[0904]17/12 20:33:15 Quest 'd_TakeGeneralOfBandits_Quest' can be given now
I       QuestState.cpp[0904]17/12 20:33:15 Quest 'r2m1_TW_AlienInShip' can be given now
I       QuestState.cpp[0904]17/12 20:33:15 Quest 'Podderzhka_Quest' can be given now
I       QuestState.cpp[0904]17/12 20:33:15 Quest 'Zashita_Quest' can be given now
I       QuestState.cpp[0904]17/12 20:33:15 Quest 'preEretik_Quest' can be given now
I       QuestState.cpp[0904]17/12 20:33:15 Quest 'ReturnQuest' can be given now
I       QuestState.cpp[0904]17/12 20:33:15 Quest 'd_FindVerbInAM_Quest' can be given now
I       QuestState.cpp[0904]17/12 20:33:15 Quest 'OdettIsDead_Quest' can be given now
I       QuestState.cpp[0904]17/12 20:33:15 Quest 'Disk2OrakulLisa' can be given now
I       QuestState.cpp[0904]17/12 20:33:15 Quest 'FindGomerB_Quest1' can be given now
I       QuestState.cpp[0904]17/12 20:33:15 Quest 'FreeExtremistLeader_Quest1' can be given now
I       QuestState.cpp[0904]17/12 20:33:15 Quest 'KillExtremist_Quest1' can be given now
I       QuestState.cpp[0904]17/12 20:33:15 Quest 'r1m4_TalkWithOldTraderAboutSecondDisk' can be given now
I       QuestState.cpp[0904]17/12 20:33:15 Quest 'q_FindHusbent' can be given now
I       QuestState.cpp[0904]17/12 20:33:15 Quest 'RybakToOlm_Quest' can be given now
I       QuestState.cpp[0904]17/12 20:33:15 Quest 'AnanagaTech_Quest' can be given now
I       QuestState.cpp[0904]17/12 20:33:15 Quest 'MrShlyapa2_Quest' can be given now
I       QuestState.cpp[0904]17/12 20:33:15 Quest 'ToCordanToTikhomir_Quest' can be given now
I       QuestState.cpp[0904]17/12 20:33:15 Quest 'r1m3_BonnyAndKlideQuest' can be given now
I       QuestState.cpp[0904]17/12 20:33:15 Quest 'r1m3_ArchHelp' can be given now
I       QuestState.cpp[0904]17/12 20:33:15 Quest 'r1m3_CrazyManQuest' can be given now
I       QuestState.cpp[0904]17/12 20:33:15 Quest 'r1m3_OldTownOutsiderCar2_Quest' can be given now
I       QuestState.cpp[0904]17/12 20:33:15 Quest 'FightForPesht' can be given now
I       QuestState.cpp[0904]17/12 20:33:15 Quest 'd_RideAcrossBase_Quest' can be given now
I       QuestState.cpp[0904]17/12 20:33:15 Quest 'd_GiveMoneyToBase_Quest' can be given now
I       QuestState.cpp[0904]17/12 20:33:15 Quest 'd_GetBomb_Quest' can be given now
I       QuestState.cpp[0904]17/12 20:33:15 Quest 'd_IntrigaOfMerMinin_Quest' can be given now
I       QuestState.cpp[0904]17/12 20:33:15 Quest 'd_MoveFreelancersToOilMine_Quest' can be given now
I       QuestState.cpp[0904]17/12 20:33:15 Quest 'd_MoveCanistraToMinin_Quest' can be given now
I       QuestState.cpp[0904]17/12 20:33:15 Quest 'd_OpenTunel_Quest' can be given now
I       QuestState.cpp[0904]17/12 20:33:15 Quest 'r1m3_TalkWithThiefFromFatherHouse' can be given now
I       QuestState.cpp[0904]17/12 20:33:15 Quest 'r1m3_MoveToOraculAfterThief' can be given now
I       QuestState.cpp[0904]17/12 20:33:15 Quest 'r1m3_ToLisaToAsgard' can be given now
I       QuestState.cpp[0904]17/12 20:33:15 Quest 'r1m3_TW_OralceAboutAlien' can be given now
I       QuestState.cpp[0904]17/12 20:33:15 Quest 'r1m3_DestroyRadiationSource' can be given now
I       QuestState.cpp[0904]17/12 20:33:15 Quest 'r2m1_DestroyAlienShip' can be given now
I       QuestState.cpp[0904]17/12 20:33:15 Quest 'd_PayWorkersMoney_Quest' can be given now
I       QuestState.cpp[0904]17/12 20:33:15 Quest 'r2m1_TW_SellsCivilian' can be given now
I       QuestState.cpp[0904]17/12 20:33:15 Quest 'MorskieVrata2_Quest' can be given now
I       QuestState.cpp[0904]17/12 20:33:15 Quest 'Zachisti1_Quest' can be given now
I       QuestState.cpp[0904]17/12 20:33:15 Quest 'LisaVPeshte' can be given now
I       QuestState.cpp[0904]17/12 20:33:15 Quest 'LisaUBena' can be given now
I       QuestState.cpp[0904]17/12 20:33:15 Quest 'WhereSigns_Quest' can be given now
I       QuestState.cpp[0904]17/12 20:33:15 Quest 'CombatInKollizey_Quest' can be given now
I       QuestState.cpp[0904]17/12 20:33:15 Quest 'BuyKollizey_Quest' can be given now
I       QuestState.cpp[0904]17/12 20:33:15 Quest 'Kollizey_Quest' can be given now
I       QuestState.cpp[0904]17/12 20:33:15 Quest 'HelpRuins_Quest' can be given now
I       QuestState.cpp[0904]17/12 20:33:15 Quest 'DestroyRuins_Quest' can be given now
I       QuestState.cpp[0904]17/12 20:33:15 Quest 'DestroyRuins2_Quest' can be given now
I       QuestState.cpp[0904]17/12 20:33:15 Quest 'Signs_Quest' can be given now
I       QuestState.cpp[0904]17/12 20:33:15 Quest 'MrShlyapa1_Quest' can be given now
I       QuestState.cpp[0904]17/12 20:33:15 Quest 'FindBen2_Quest' can be given now
I       QuestState.cpp[0904]17/12 20:33:15 Quest 'd_FindHouseOfBen_Quest' can be given now
I       QuestState.cpp[0904]17/12 20:33:15 Quest 'r1m2_TW_BanAboutAlien' can be given now
I       QuestState.cpp[0904]17/12 20:33:15 Quest 'r1m3_DestroyOracle' can be given now
I       QuestState.cpp[0904]17/12 20:33:15 Quest 'Pomiritsa_Quest' can be given now
I       QuestState.cpp[0904]17/12 20:33:15 Quest 'VYar_Quest' can be given now
I       QuestState.cpp[0904]17/12 20:33:15 Quest 'FindBenMZ_Quest' can be given now
I       QuestState.cpp[0904]17/12 20:33:15 Quest 'QuickFindBen' can be given now
I       QuestState.cpp[0904]17/12 20:33:15 Quest 'OpenMid_Quest' can be given now
I       QuestState.cpp[0904]17/12 20:33:15 Quest 'TalkBeforeDesert' can be given now
I       QuestState.cpp[0904]17/12 20:33:15 Quest 'ZashitaGotova' can be given now
I       QuestState.cpp[0904]17/12 20:33:15 Quest 'FakeQuest1' can be given now
I       QuestState.cpp[0904]17/12 20:33:15 Quest 'Chehly_Quest' can be given now
I       QuestState.cpp[0904]17/12 20:33:15 Quest 'WorkGiver_Quest1' can be given now
I       QuestState.cpp[0904]17/12 20:33:15 Quest 'd_PunishBandits_Quest' can be given now
I       QuestState.cpp[0904]17/12 20:33:15 Quest 'r1m1_Hospital_Quest' can be given now
I       QuestState.cpp[0904]17/12 20:33:15 Quest 'r1m1_Botanik_Quest' can be given now
I       QuestState.cpp[0904]17/12 20:33:15 Quest 'r1m1_FindBotanik_Quest' can be given now
I       QuestState.cpp[0904]17/12 20:33:15 Quest 'Buyer_Quest1' can be given now
I       QuestState.cpp[0904]17/12 20:33:15 Quest 'FirstTimePlay' can be given now
I       QuestState.cpp[0904]17/12 20:33:15 Quest 'TalkWithFather_Quest' can be given now
I       QuestState.cpp[0904]17/12 20:33:15 Quest 'LisaAtSouth' can be given now
I       QuestState.cpp[0904]17/12 20:33:15 Quest 'FindBen_Quest' can be given now
I       QuestState.cpp[0904]17/12 20:33:15 Quest 'FindBenAgain_Quest' can be given now
I       QuestState.cpp[0904]17/12 20:33:15 Quest 'd_SinFather_Quest' can be given now
I       QuestState.cpp[0904]17/12 20:33:15 Quest 'TalkToVasily' can be given now
I       QuestState.cpp[0904]17/12 20:33:15 Quest 'CheckTheEast' can be given now
I       QuestState.cpp[0904]17/12 20:33:15 Quest 'BenSouth_Quest' can be given now
I           server.cpp[0826]17/12 20:33:15 	AI: QuestStates loaded
I           server.cpp[0828]17/12 20:33:15 	AI: Loading DynamicScene
I     DynamicScene.cpp[1470]17/12 20:33:16 		 Scene loading begin
I     DynamicScene.cpp[1472]17/12 20:33:17 		 Scene loading end
I           server.cpp[0837]17/12 20:33:17 	AI: DynamicScene loaded
I           server.cpp[0852]17/12 20:33:17 	AI: Loading Triggers
I           server.cpp[0855]17/12 20:33:17 	AI: Triggers loaded
I           server.cpp[0857]17/12 20:33:17 	AI: Loading Object Names
I           server.cpp[0868]17/12 20:33:17 	AI: Initing Player
I           server.cpp[0888]17/12 20:33:17 		Before first Update
I           server.cpp[0909]17/12 20:33:17 		After first Update
I           server.cpp[0911]17/12 20:33:17 AI: Finished Loading Server
I           view32.cpp[1106]17/12 20:33:17 Load server end
I        QuestInfo.cpp[0847]17/12 20:33:17 Quest infos were loaded successfully from file data\if\diz\QuestInfoGlobal.xml
I        QuestInfo.cpp[0783]17/12 20:33:17 QuestInfo manager was inited successfully
I    GameUiManager.cpp[0303]17/12 20:33:17 Interface: is initializing...
I    GameUiManager.cpp[0395]17/12 20:33:17 Interface: is inited successfully
I     GlobalMapWnd.cpp[0157]17/12 20:33:17 Make control error: control mainmenu_ico is not found or incorrect type
I     GlobalMapWnd.cpp[0157]17/12 20:33:17 Make control error: control r1m8_ico is not found or incorrect type
I     GlobalMapWnd.cpp[0157]17/12 20:33:17 Make control error: control r1m7_ico is not found or incorrect type
I     GlobalMapWnd.cpp[0157]17/12 20:33:17 Make control error: control r8m1_ico is not found or incorrect type
I     GlobalMapWnd.cpp[0157]17/12 20:33:17 Make control error: control r11m1_ico is not found or incorrect type
I     GlobalMapWnd.cpp[0203]17/12 20:33:17 GlobalMapWnd: error - fail to init because of a bad resource
I blockMusicManager.cpp[0185]17/12 20:33:17 BlockMusicManager: start playing new music: blockNum = 14, musicType = 0, name = 'r8_1_driving'
I       console_string[0234]17/12 20:33:45 ---------------------- CHEAT WAS USED --------- ANTICHEAT -----------------
I        FadingMsg.cpp[0199]17/12 20:33:45 Fading message: '@FFFF1493Обнаружено использование чит-кодов. Система достижений @FFFF0000ЗАБЛОКИРОВАНА. @FFFF1493В техподдержке @FFFF0000ОТКАЗАНО.'
I        FadingMsg.cpp[0199]17/12 20:33:45 Fading message: '@FFFF1493Обнаружено использование чит-кодов. Система достижений @FFFF0000ЗАБЛОКИРОВАНА. @FFFF1493В техподдержке @FFFF0000ОТКАЗАНО.'
I       console_string[0234]17/12 20:34:27 ---------------------- CHEAT WAS USED --------- ANTICHEAT -----------------
I        FadingMsg.cpp[0199]17/12 20:34:27 Fading message: '@FFFF1493Обнаружено использование чит-кодов. Система достижений @FFFF0000ЗАБЛОКИРОВАНА. @FFFF1493В техподдержке @FFFF0000ОТКАЗАНО.'
I        FadingMsg.cpp[0199]17/12 20:34:27 Fading message: '@FFFF1493Обнаружено использование чит-кодов. Система достижений @FFFF0000ЗАБЛОКИРОВАНА. @FFFF1493В техподдержке @FFFF0000ОТКАЗАНО.'
E              Gun.cpp[0866]17/12 20:34:27 Error: LoadPoint not found: LP_GUN for RocketLauncher id = 11362 prototype = 'mrak01L' name = 'BASKET_SIDE_GUN_L', modelName = mrak01L
E              Gun.cpp[0866]17/12 20:34:27 Error: LoadPoint not found: LP_GUN for RocketLauncher id = 11363 prototype = 'mrak01R' name = 'BASKET_SIDE_GUN_R', modelName = mrak01R
I             util.cpp[0423]17/12 20:38:06 Maximum joint count reached: 29
I             util.cpp[0423]17/12 20:38:15 Maximum joint count reached: 30
I         gamemenu.cpp[0283]17/12 20:40:21 Quit to Windows
I           view32.cpp[0815]17/12 20:40:22 --- Done Media ---
I    GameUiManager.cpp[0405]17/12 20:40:22 Interface: is clearing...
I    GameUiManager.cpp[0495]17/12 20:40:22 Interface: is cleared successfully
I    GameUiManager.cpp[0257]17/12 20:40:23 Interface: done...
I    GameUiManager.cpp[1580]17/12 20:40:23 Interface: clearing resource infos ...
I    GameUiManager.cpp[0292]17/12 20:40:23 Interface: is done
I           view32.cpp[0843]17/12 20:40:23 --- Done Media: Ok ---
I           m3dapp.cpp[1343]17/12 20:40:23 snd: Deleting Sound...
I           m3dapp.cpp[1343]17/12 20:40:23 snd: Stopping all sounds in FMOD...
I           m3dapp.cpp[1343]17/12 20:40:23 snd: Closing FMOD...
I           m3dapp.cpp[1343]17/12 20:40:23 snd: Deleting all sounds...
I           m3dapp.cpp[1343]17/12 20:40:23 snd: 	Stopping all sounds
I           m3dapp.cpp[1343]17/12 20:40:23 snd: 	Deleting all sounds from table
I           m3dapp.cpp[1343]17/12 20:40:23 snd: 	Sounds deleted
I           m3dapp.cpp[1343]17/12 20:40:23 snd: Sound is uninstalled
I      gameimpulse.cpp[0618]17/12 20:40:23 Key bindings: unbind all is done
I      gameimpulse.cpp[0343]17/12 20:40:23 Key bindings: is done
----------------------------------------------- Log ends on Sat Dec 17 20:40:23 2022 -----------------------------------------------




