---------------------------------------------- Log begins on Sat Apr 01 19:12:37 2023 ----------------------------------------------
I           m3dapp.cpp[0088]01/04 19:12:37 Starting up...
I           m3dapp.cpp[1498]01/04 19:12:37 ExMachina - release version release build v1.02 (Dec 21 2005 12:15:10)
I      Stackwalker.cpp[0608]01/04 19:12:37 Stackwalker: log file name will be 'd:/games/ex machina mods/exmachina gm.mod sdk new/exceptions/hta.exe0002.log'
I      Stackwalker.cpp[0609]01/04 19:12:37 Stackwalker: dump file name will be 'd:/games/ex machina mods/exmachina gm.mod sdk new/exceptions/hta.exe0002.dmp'
I      Stackwalker.cpp[0610]01/04 19:12:37 Stackwalker: game log file name will be 'd:/games/ex machina mods/exmachina gm.mod sdk new/exceptions/hta.exe0002_game.log'
I           m3dapp.cpp[1391]01/04 19:12:37 Path: D:\Games\EX Machina Mods\ExMachina GM.mod SDK new
I           m3dapp.cpp[1392]01/04 19:12:37 Exe: D:\Games\EX Machina Mods\ExMachina GM.mod SDK new\hta.exe
I           m3dapp.cpp[1401]01/04 19:12:37 Windows version: 6.1.7601
I           m3dapp.cpp[1410]01/04 19:12:37 Computer name: RIVER-PC
I           m3dapp.cpp[1430]01/04 19:12:37 Cpu: GenuineIntel
I           m3dapp.cpp[1434]01/04 19:12:37 Cpu clock: ~1596
I           m3dapp.cpp[1459]01/04 19:12:37 Processor is mmx able
I           m3dapp.cpp[1470]01/04 19:12:37 Physical memory: 2047 MB
I           m3dapp.cpp[1471]01/04 19:12:37 Total memory:    4095 MB
I           m3dapp.cpp[1472]01/04 19:12:37 Physical memory available: 2047 MB
I           m3dapp.cpp[1473]01/04 19:12:37 Total memory available:    1914 MB
I           m3dapp.cpp[2846]01/04 19:12:37 SetCodepage -- using codepage 1251 '1251  (ANSI - кириллица)'
I           m3dapp.cpp[2154]01/04 19:12:37 NOTE! renderer is bind to dxrender9.dll
I           m3dapp.cpp[1336]01/04 19:12:37 d3d: Given device behavior: 80
I           m3dapp.cpp[1336]01/04 19:12:37 d3d: Confirmed device behavior: 80
I           m3dapp.cpp[1336]01/04 19:12:37 d3d: Description: Intel(R) HD Graphics Family
I           m3dapp.cpp[1336]01/04 19:12:37 d3d: Driver:      igdumdx32.dll
I           m3dapp.cpp[1336]01/04 19:12:37 d3d: VendorId:    0x8086
I           m3dapp.cpp[1336]01/04 19:12:37 d3d: DeviceId:    0x106
I           m3dapp.cpp[1336]01/04 19:12:37 d3d: SubSysId:    0x3672103c
I           m3dapp.cpp[1336]01/04 19:12:37 d3d: Revision:    9
I           m3dapp.cpp[1336]01/04 19:12:37 d3d: Driver version info:
I           m3dapp.cpp[1336]01/04 19:12:37 d3d:   Product:    8
I           m3dapp.cpp[1336]01/04 19:12:37 d3d:   Version:    15
I           m3dapp.cpp[1336]01/04 19:12:37 d3d:   SubVersion: 10
I           m3dapp.cpp[1336]01/04 19:12:37 d3d:   Build:      2622
I           m3dapp.cpp[1336]01/04 19:12:37 d3d: WHQLLevel:    0
I           m3dapp.cpp[1336]01/04 19:12:37 d3d: Texture max size: 8192x8192
I           m3dapp.cpp[1336]01/04 19:12:37 d3d: Guard band: (-8192.000,-8192.000,8192.000,8192.000)
I           m3dapp.cpp[1336]01/04 19:12:37 d3d: MaxTextureBlendStages: 8
I           m3dapp.cpp[1336]01/04 19:12:37 d3d: MaxSimultaneousTextures: 8
I           m3dapp.cpp[1336]01/04 19:12:37 d3d: MaxActiveLights: 10
I           m3dapp.cpp[1336]01/04 19:12:37 d3d: MaxUserClipPlanes: 6
I           m3dapp.cpp[1336]01/04 19:12:37 d3d: VertexShaderVersion: 0xfffe0300
I           m3dapp.cpp[1336]01/04 19:12:37 d3d: PixelShaderVersion: 0xffff0300
I           m3dapp.cpp[1336]01/04 19:12:37 d3d: Geometry instancing: supported
I           m3dapp.cpp[1336]01/04 19:12:37 d3d: Depth bias supported: yes
I           m3dapp.cpp[1336]01/04 19:12:37 d3d: Slope-scale based depth bias supported: yes
I           m3dapp.cpp[1336]01/04 19:12:37 d3d: HwRasterization: true
I           m3dapp.cpp[1336]01/04 19:12:37 d3d: HwTnL: true
I           m3dapp.cpp[1336]01/04 19:12:37 d3d: PureDevice: true
I           m3dapp.cpp[1336]01/04 19:12:37 d3d: CubeMap: true
I           m3dapp.cpp[1336]01/04 19:12:37 d3d: VolumeMap: true
I           m3dapp.cpp[1336]01/04 19:12:37 d3d: TextureAddressCaps:
I           m3dapp.cpp[1336]01/04 19:12:37 d3d: 	wrap: true
I           m3dapp.cpp[1336]01/04 19:12:37 d3d: 	clamp: true
I           m3dapp.cpp[1336]01/04 19:12:37 d3d: 	border: true
I           m3dapp.cpp[1336]01/04 19:12:37 d3d: Projective textures: true
I           m3dapp.cpp[1336]01/04 19:12:37 d3d: MaxPointSize: 256.000
I           m3dapp.cpp[1336]01/04 19:12:37 d3d: MaxPrimitiveCount: 1048575
I           m3dapp.cpp[1336]01/04 19:12:37 d3d: MaxVertexIndex: 16777215
I           m3dapp.cpp[1336]01/04 19:12:37 d3d: MaxStreams: 16
I           m3dapp.cpp[1336]01/04 19:12:37 d3d: MaxStreamsStride: 255
I           m3dapp.cpp[1336]01/04 19:12:37 d3d: MaxAnisotropy: 16
I           m3dapp.cpp[1336]01/04 19:12:37 d3d: MaxVertexBlendMatrices: 4
I           m3dapp.cpp[1336]01/04 19:12:37 d3d: MaxVertexBlendMatrixIndex: 8
I           m3dapp.cpp[1336]01/04 19:12:37 d3d: FullScreenGamma: true
I           m3dapp.cpp[1336]01/04 19:12:37 d3d: COLORWRITEENABLE: true
I           m3dapp.cpp[1336]01/04 19:12:37 d3d: MASKZ: true
I           m3dapp.cpp[1336]01/04 19:12:37 d3d: BLENDOP: true
I           m3dapp.cpp[1336]01/04 19:12:37 d3d: CLIPPLANESCALEDPOINTS: false
I           m3dapp.cpp[1336]01/04 19:12:37 d3d: CLIPTLVERTS: false
I           m3dapp.cpp[1336]01/04 19:12:37 d3d: TSSARGTEMP: true
I           m3dapp.cpp[1336]01/04 19:12:37 d3d: DIRECTIONALLIGHTS: true
I           m3dapp.cpp[1336]01/04 19:12:37 d3d: LOCALVIEWER: true
I           m3dapp.cpp[1336]01/04 19:12:37 d3d: POSITIONALLIGHTS: true
I           m3dapp.cpp[1336]01/04 19:12:37 d3d: TEXGEN:  true
I           m3dapp.cpp[1336]01/04 19:12:37 d3d: TWEENING:  true
I           m3dapp.cpp[1336]01/04 19:12:37 d3d: Dp3: true
I           m3dapp.cpp[1336]01/04 19:12:37 d3d: Lerp: true
I           m3dapp.cpp[1336]01/04 19:12:37 d3d: MaxNpatchTessellationLevel: 0.000
I           m3dapp.cpp[1336]01/04 19:12:37 d3d: Query VCACHE support: true
I           m3dapp.cpp[1336]01/04 19:12:37 d3d: Query EVENT support: true
I           m3dapp.cpp[1336]01/04 19:12:37 d3d: Query OCCLUSION support: true
I           m3dapp.cpp[1336]01/04 19:12:37 d3d: Query TIMESTAMP support: true
I           m3dapp.cpp[1336]01/04 19:12:37 d3d: Query TIMESTAMPDISJOINT support: true
I           m3dapp.cpp[1336]01/04 19:12:37 d3d: Query TIMESTAMPFREQ support: true
I           m3dapp.cpp[1336]01/04 19:12:37 d3d: Query PIPELINETIMINGS support: false
I           m3dapp.cpp[1336]01/04 19:12:37 d3d: Query INTERFACETIMINGS support: false
I           m3dapp.cpp[1336]01/04 19:12:37 d3d: Query VERTEXTIMINGS support: false
I           m3dapp.cpp[1336]01/04 19:12:37 d3d: Query PIXELTIMINGS support: false
I           m3dapp.cpp[1336]01/04 19:12:37 d3d: Query BANDWIDTHTIMINGS support: false
I           m3dapp.cpp[1336]01/04 19:12:37 d3d: Query CACHEUTILIZATION support: false
I           m3dapp.cpp[1336]01/04 19:12:37 d3d: Creating or resetting the device
I           m3dapp.cpp[1336]01/04 19:12:37 d3d: Back buffer format: X8R8G8B8
I           m3dapp.cpp[1336]01/04 19:12:37 d3d: Depth/stencil buffer format: D24S8
I           m3dapp.cpp[1336]01/04 19:12:37 d3d: Stenciling: off
I           m3dapp.cpp[1336]01/04 19:12:37 d3d: Rgba textures format: DXT5
I           m3dapp.cpp[1336]01/04 19:12:37 d3d: Rgba no c. textures format: A8R8G8B8
I           m3dapp.cpp[1336]01/04 19:12:37 d3d: RgbA textures format: DXT5
I           m3dapp.cpp[1336]01/04 19:12:37 d3d: RgbA no c. textures format: A4R4G4B4
I           m3dapp.cpp[1336]01/04 19:12:37 d3d: Rt textures format: A8R8G8B8
I           m3dapp.cpp[1336]01/04 19:12:37 d3d: Shadow textures format: R5G6B5
I           m3dapp.cpp[1336]01/04 19:12:37 d3d: Rt depth format: D16
I           m3dapp.cpp[2206]01/04 19:12:37 NOTE! input is bind to input_di8.dll
I           m3dapp.cpp[1938]01/04 19:12:37 NOTE! sound is bind to sound.dll
I           m3dapp.cpp[1350]01/04 19:12:37 input: Joystick not found
I           m3dapp.cpp[1343]01/04 19:12:37 snd: Max sound channels available: 128
I           m3dapp.cpp[1343]01/04 19:12:37 snd: Sound is inited successfully
I             font.cpp[0976]01/04 19:12:38 FontManager: fonts are loaded successfully
I           m3dapp.cpp[1336]01/04 19:12:38 d3d: Cannot open data\models\logos\fishmen.dds
I           m3dapp.cpp[1336]01/04 19:12:38 d3d: texmap failed to load: data\models\logos\fishmen.dds
E       DraftModel.cpp[1002]01/04 19:12:38 Error: Couldn't load texture data\models\logos\fishmen.dds for model logos.gam
I           m3dapp.cpp[1336]01/04 19:12:38 d3d: Cannot open data\models\logos\logo32.dds
I           m3dapp.cpp[1336]01/04 19:12:38 d3d: texmap failed to load: data\models\logos\logo32.dds
E       DraftModel.cpp[1002]01/04 19:12:38 Error: Couldn't load texture data\models\logos\logo32.dds for model logos.gam
I           m3dapp.cpp[1336]01/04 19:12:38 d3d: Cannot open data\models\logos\logo33.dds
I           m3dapp.cpp[1336]01/04 19:12:38 d3d: texmap failed to load: data\models\logos\logo33.dds
E       DraftModel.cpp[1002]01/04 19:12:38 Error: Couldn't load texture data\models\logos\logo33.dds for model logos.gam
I           m3dapp.cpp[1336]01/04 19:12:38 d3d: Cannot open data\models\logos\logo34.dds
I           m3dapp.cpp[1336]01/04 19:12:38 d3d: texmap failed to load: data\models\logos\logo34.dds
E       DraftModel.cpp[1002]01/04 19:12:38 Error: Couldn't load texture data\models\logos\logo34.dds for model logos.gam
I           m3dapp.cpp[1336]01/04 19:12:38 d3d: Cannot open data\models\logos\logo35.dds
I           m3dapp.cpp[1336]01/04 19:12:38 d3d: texmap failed to load: data\models\logos\logo35.dds
E       DraftModel.cpp[1002]01/04 19:12:38 Error: Couldn't load texture data\models\logos\logo35.dds for model logos.gam
I           m3dapp.cpp[1336]01/04 19:12:38 d3d: Cannot open data\models\logos\logo36.dds
I           m3dapp.cpp[1336]01/04 19:12:38 d3d: texmap failed to load: data\models\logos\logo36.dds
E       DraftModel.cpp[1002]01/04 19:12:38 Error: Couldn't load texture data\models\logos\logo36.dds for model logos.gam
I           m3dapp.cpp[1336]01/04 19:12:38 d3d: Cannot open data\models\logos\logo37.dds
I           m3dapp.cpp[1336]01/04 19:12:38 d3d: texmap failed to load: data\models\logos\logo37.dds
E       DraftModel.cpp[1002]01/04 19:12:38 Error: Couldn't load texture data\models\logos\logo37.dds for model logos.gam
I           m3dapp.cpp[1336]01/04 19:12:38 d3d: Cannot open data\models\logos\logo38.dds
I           m3dapp.cpp[1336]01/04 19:12:38 d3d: texmap failed to load: data\models\logos\logo38.dds
E       DraftModel.cpp[1002]01/04 19:12:38 Error: Couldn't load texture data\models\logos\logo38.dds for model logos.gam
I           m3dapp.cpp[1336]01/04 19:12:38 d3d: Cannot open data\models\logos\logo39.dds
I           m3dapp.cpp[1336]01/04 19:12:38 d3d: texmap failed to load: data\models\logos\logo39.dds
E       DraftModel.cpp[1002]01/04 19:12:38 Error: Couldn't load texture data\models\logos\logo39.dds for model logos.gam
I           m3dapp.cpp[1336]01/04 19:12:38 d3d: Cannot open data\models\logos\logo40.dds
I           m3dapp.cpp[1336]01/04 19:12:38 d3d: texmap failed to load: data\models\logos\logo40.dds
E       DraftModel.cpp[1002]01/04 19:12:38 Error: Couldn't load texture data\models\logos\logo40.dds for model logos.gam
I           m3dapp.cpp[1336]01/04 19:12:38 d3d: Cannot open data\models\logos\logo41.dds
I           m3dapp.cpp[1336]01/04 19:12:38 d3d: texmap failed to load: data\models\logos\logo41.dds
E       DraftModel.cpp[1002]01/04 19:12:38 Error: Couldn't load texture data\models\logos\logo41.dds for model logos.gam
I           m3dapp.cpp[1336]01/04 19:12:38 d3d: Cannot open data\models\logos\logo42.dds
I           m3dapp.cpp[1336]01/04 19:12:38 d3d: texmap failed to load: data\models\logos\logo42.dds
E       DraftModel.cpp[1002]01/04 19:12:38 Error: Couldn't load texture data\models\logos\logo42.dds for model logos.gam
I           m3dapp.cpp[1336]01/04 19:12:38 d3d: Cannot open data\models\logos\logo43.dds
I           m3dapp.cpp[1336]01/04 19:12:38 d3d: texmap failed to load: data\models\logos\logo43.dds
E       DraftModel.cpp[1002]01/04 19:12:38 Error: Couldn't load texture data\models\logos\logo43.dds for model logos.gam
I           m3dapp.cpp[1336]01/04 19:12:38 d3d: Cannot open data\models\logos\logo44.dds
I           m3dapp.cpp[1336]01/04 19:12:38 d3d: texmap failed to load: data\models\logos\logo44.dds
E       DraftModel.cpp[1002]01/04 19:12:38 Error: Couldn't load texture data\models\logos\logo44.dds for model logos.gam
I           m3dapp.cpp[1336]01/04 19:12:38 d3d: Cannot open data\models\logos\logo45.dds
I           m3dapp.cpp[1336]01/04 19:12:38 d3d: texmap failed to load: data\models\logos\logo45.dds
E       DraftModel.cpp[1002]01/04 19:12:38 Error: Couldn't load texture data\models\logos\logo45.dds for model logos.gam
I           m3dapp.cpp[1336]01/04 19:12:38 d3d: Cannot open data\models\logos\logo46.dds
I           m3dapp.cpp[1336]01/04 19:12:38 d3d: texmap failed to load: data\models\logos\logo46.dds
E       DraftModel.cpp[1002]01/04 19:12:38 Error: Couldn't load texture data\models\logos\logo46.dds for model logos.gam
I           m3dapp.cpp[1336]01/04 19:12:38 d3d: Cannot open data\models\logos\logo47.dds
I           m3dapp.cpp[1336]01/04 19:12:38 d3d: texmap failed to load: data\models\logos\logo47.dds
E       DraftModel.cpp[1002]01/04 19:12:38 Error: Couldn't load texture data\models\logos\logo47.dds for model logos.gam
I           m3dapp.cpp[1336]01/04 19:12:38 d3d: Cannot open data\models\logos\logo48.dds
I           m3dapp.cpp[1336]01/04 19:12:38 d3d: texmap failed to load: data\models\logos\logo48.dds
E       DraftModel.cpp[1002]01/04 19:12:38 Error: Couldn't load texture data\models\logos\logo48.dds for model logos.gam
I           m3dapp.cpp[1336]01/04 19:12:38 d3d: Cannot open data\models\logos\logo49.dds
I           m3dapp.cpp[1336]01/04 19:12:38 d3d: texmap failed to load: data\models\logos\logo49.dds
E       DraftModel.cpp[1002]01/04 19:12:38 Error: Couldn't load texture data\models\logos\logo49.dds for model logos.gam
I           m3dapp.cpp[1336]01/04 19:12:38 d3d: Cannot open data\models\logos\logo50.dds
I           m3dapp.cpp[1336]01/04 19:12:38 d3d: texmap failed to load: data\models\logos\logo50.dds
E       DraftModel.cpp[1002]01/04 19:12:38 Error: Couldn't load texture data\models\logos\logo50.dds for model logos.gam
I           m3dapp.cpp[1336]01/04 19:12:38 d3d: Cannot open data\models\logos\logo51.dds
I           m3dapp.cpp[1336]01/04 19:12:38 d3d: texmap failed to load: data\models\logos\logo51.dds
E       DraftModel.cpp[1002]01/04 19:12:38 Error: Couldn't load texture data\models\logos\logo51.dds for model logos.gam
I           m3dapp.cpp[1336]01/04 19:12:38 d3d: Cannot open data\models\logos\logo52.dds
I           m3dapp.cpp[1336]01/04 19:12:38 d3d: texmap failed to load: data\models\logos\logo52.dds
E       DraftModel.cpp[1002]01/04 19:12:38 Error: Couldn't load texture data\models\logos\logo52.dds for model logos.gam
I           m3dapp.cpp[1336]01/04 19:12:38 d3d: Cannot open data\models\logos\logo53.dds
I           m3dapp.cpp[1336]01/04 19:12:38 d3d: texmap failed to load: data\models\logos\logo53.dds
E       DraftModel.cpp[1002]01/04 19:12:38 Error: Couldn't load texture data\models\logos\logo53.dds for model logos.gam
I           m3dapp.cpp[1336]01/04 19:12:38 d3d: Cannot open data\models\logos\logo54.dds
I           m3dapp.cpp[1336]01/04 19:12:38 d3d: texmap failed to load: data\models\logos\logo54.dds
E       DraftModel.cpp[1002]01/04 19:12:38 Error: Couldn't load texture data\models\logos\logo54.dds for model logos.gam
I           m3dapp.cpp[1336]01/04 19:12:38 d3d: Cannot open data\models\logos\logo55.dds
I           m3dapp.cpp[1336]01/04 19:12:38 d3d: texmap failed to load: data\models\logos\logo55.dds
E       DraftModel.cpp[1002]01/04 19:12:38 Error: Couldn't load texture data\models\logos\logo55.dds for model logos.gam
I           m3dapp.cpp[1336]01/04 19:12:38 d3d: Cannot open data\models\logos\logo56.dds
I           m3dapp.cpp[1336]01/04 19:12:38 d3d: texmap failed to load: data\models\logos\logo56.dds
E       DraftModel.cpp[1002]01/04 19:12:38 Error: Couldn't load texture data\models\logos\logo56.dds for model logos.gam
I           m3dapp.cpp[1336]01/04 19:12:38 d3d: Cannot open data\models\logos\logo57.dds
I           m3dapp.cpp[1336]01/04 19:12:38 d3d: texmap failed to load: data\models\logos\logo57.dds
E       DraftModel.cpp[1002]01/04 19:12:38 Error: Couldn't load texture data\models\logos\logo57.dds for model logos.gam
I           m3dapp.cpp[1336]01/04 19:12:38 d3d: Cannot open data\models\logos\logo58.dds
I           m3dapp.cpp[1336]01/04 19:12:38 d3d: texmap failed to load: data\models\logos\logo58.dds
E       DraftModel.cpp[1002]01/04 19:12:38 Error: Couldn't load texture data\models\logos\logo58.dds for model logos.gam
I           m3dapp.cpp[1336]01/04 19:12:38 d3d: Cannot open data\models\logos\logo59.dds
I           m3dapp.cpp[1336]01/04 19:12:38 d3d: texmap failed to load: data\models\logos\logo59.dds
E       DraftModel.cpp[1002]01/04 19:12:38 Error: Couldn't load texture data\models\logos\logo59.dds for model logos.gam
I           m3dapp.cpp[1336]01/04 19:12:38 d3d: Cannot open data\models\logos\logo60.dds
I           m3dapp.cpp[1336]01/04 19:12:38 d3d: texmap failed to load: data\models\logos\logo60.dds
E       DraftModel.cpp[1002]01/04 19:12:38 Error: Couldn't load texture data\models\logos\logo60.dds for model logos.gam
I           m3dapp.cpp[1336]01/04 19:12:38 d3d: Cannot open data\models\logos\logo61.dds
I           m3dapp.cpp[1336]01/04 19:12:38 d3d: texmap failed to load: data\models\logos\logo61.dds
E       DraftModel.cpp[1002]01/04 19:12:38 Error: Couldn't load texture data\models\logos\logo61.dds for model logos.gam
I           m3dapp.cpp[1336]01/04 19:12:38 d3d: Cannot open data\models\logos\logo62.dds
I           m3dapp.cpp[1336]01/04 19:12:38 d3d: texmap failed to load: data\models\logos\logo62.dds
E       DraftModel.cpp[1002]01/04 19:12:38 Error: Couldn't load texture data\models\logos\logo62.dds for model logos.gam
I           m3dapp.cpp[1336]01/04 19:12:38 d3d: Cannot open data\models\logos\logo63.dds
I           m3dapp.cpp[1336]01/04 19:12:38 d3d: texmap failed to load: data\models\logos\logo63.dds
E       DraftModel.cpp[1002]01/04 19:12:38 Error: Couldn't load texture data\models\logos\logo63.dds for model logos.gam
I           m3dapp.cpp[1336]01/04 19:12:38 d3d: Cannot open data\models\logos\logo64.dds
I           m3dapp.cpp[1336]01/04 19:12:38 d3d: texmap failed to load: data\models\logos\logo64.dds
E       DraftModel.cpp[1002]01/04 19:12:38 Error: Couldn't load texture data\models\logos\logo64.dds for model logos.gam
I           m3dapp.cpp[1336]01/04 19:12:38 d3d: Cannot open data\models\logos\logo65.dds
I           m3dapp.cpp[1336]01/04 19:12:38 d3d: texmap failed to load: data\models\logos\logo65.dds
E       DraftModel.cpp[1002]01/04 19:12:38 Error: Couldn't load texture data\models\logos\logo65.dds for model logos.gam
I           m3dapp.cpp[1336]01/04 19:12:38 d3d: Cannot open data\models\logos\logo66.dds
I           m3dapp.cpp[1336]01/04 19:12:38 d3d: texmap failed to load: data\models\logos\logo66.dds
E       DraftModel.cpp[1002]01/04 19:12:38 Error: Couldn't load texture data\models\logos\logo66.dds for model logos.gam
I           m3dapp.cpp[1336]01/04 19:12:38 d3d: Cannot open data\models\logos\logo67.dds
I           m3dapp.cpp[1336]01/04 19:12:38 d3d: texmap failed to load: data\models\logos\logo67.dds
E       DraftModel.cpp[1002]01/04 19:12:38 Error: Couldn't load texture data\models\logos\logo67.dds for model logos.gam
I           m3dapp.cpp[1336]01/04 19:12:38 d3d: Cannot open data\models\logos\logo68.dds
I           m3dapp.cpp[1336]01/04 19:12:38 d3d: texmap failed to load: data\models\logos\logo68.dds
E       DraftModel.cpp[1002]01/04 19:12:38 Error: Couldn't load texture data\models\logos\logo68.dds for model logos.gam
I           m3dapp.cpp[1336]01/04 19:12:38 d3d: Cannot open data\models\logos\logo69.dds
I           m3dapp.cpp[1336]01/04 19:12:38 d3d: texmap failed to load: data\models\logos\logo69.dds
E       DraftModel.cpp[1002]01/04 19:12:38 Error: Couldn't load texture data\models\logos\logo69.dds for model logos.gam
I           m3dapp.cpp[1336]01/04 19:12:38 d3d: Cannot open data\models\logos\logo70.dds
I           m3dapp.cpp[1336]01/04 19:12:38 d3d: texmap failed to load: data\models\logos\logo70.dds
E       DraftModel.cpp[1002]01/04 19:12:38 Error: Couldn't load texture data\models\logos\logo70.dds for model logos.gam
I      gameimpulse.cpp[0288]01/04 19:12:38 Key bindings: were inited successfully
I           view32.cpp[0705]01/04 19:12:38 --- Init Media ---
I    GameUiManager.cpp[0303]01/04 19:12:38 Interface: is initializing...
I    GameUiManager.cpp[1580]01/04 19:12:38 Interface: clearing resource infos ...
I    GameUiManager.cpp[1491]01/04 19:12:38 Interface: loading resource infos ...
I    GameUiManager.cpp[1603]01/04 19:12:38 Interface: loading resources ...
I           m3dapp.cpp[1343]01/04 19:12:39 snd: Error: Can't Open SoundFile: 
I           m3dapp.cpp[1343]01/04 19:12:39 snd: Cannot open sound stream from file . Error: File not found, flags: 8272
I    GameUiManager.cpp[0395]01/04 19:12:39 Interface: is inited successfully
I        LevelInfo.cpp[0806]01/04 19:12:39 Level infos were loaded successfully from file data\if\diz\LevelInfo.xml
I        LevelInfo.cpp[0837]01/04 19:12:39 Error: could't open data\maps\r1m8.ssl file
E        LevelInfo.cpp[0749]01/04 19:12:39 LevelInfoManager was inited with errors
I   TruxxUiManager.cpp[0191]01/04 19:12:39 TruxxUiManager: was inited successfully
I      gameimpulse.cpp[0618]01/04 19:12:40 Key bindings: unbind all is done
I      gameimpulse.cpp[0324]01/04 19:12:40 Key bindings: were loaded successfully from file data\scripts\DefaultKeyBindings.lua
I      gameimpulse.cpp[1194]01/04 19:12:40 Key bindings: were bind from defaults
I            video.cpp[0704]01/04 19:12:40 Could not load specified video file: data\video\logobuka.wmv (hr = 80070003)
I     view32_video.cpp[0061]01/04 19:12:40 Error: couldn't load video 'data\video\logobuka.wmv'
I            video.cpp[0704]01/04 19:12:40 Could not load specified video file: data\video\logotargem.wmv (hr = 80070003)
I     view32_video.cpp[0061]01/04 19:12:40 Error: couldn't load video 'data\video\logotargem.wmv'
I            video.cpp[0704]01/04 19:12:40 Could not load specified video file: data\video\INTRO_RUS_FIELD.wmv (hr = 80070003)
I     view32_video.cpp[0061]01/04 19:12:40 Error: couldn't load video 'data\video\INTRO_RUS_FIELD.wmv'
I             core.lua[0013]01/04 19:12:40 IMPROVED STORYLINE V1.0.5.3 ORIGINAL BUILD 220422
I           m3dapp.cpp[1808]01/04 19:12:40 ----------------------- Engine inited in: 0
I          Profile.cpp[0602]01/04 19:12:40 Profile "RiverZone" set
I   TruxxUiManager.cpp[1422]01/04 19:12:40 Game mode changed. Old mode = 3, new mode = 2
I        SplashWnd.cpp[0244]01/04 19:12:40 Start splashing 11
I           view32.cpp[1048]01/04 19:12:40 -- Loading Level: data\maps\mainmenu.ssl --
I            world.cpp[0132]01/04 19:12:40 ----------------------- World Loading
F        landscape.cpp[1674]01/04 19:12:40  +- Enter function: Landscape::Load()
I        landscape.cpp[1911]01/04 19:12:40  |  ----------------------- Normal map loaded in: 1
I        landscape.cpp[1920]01/04 19:12:40  |  ----------------------- Tiles loaded in: 27
I        landscape.cpp[1944]01/04 19:12:40  |  ----------------------- ShoreLine loaded in: 0
F        landscape.cpp[1944]01/04 19:12:40  +- Exit function: Landscape::Load()
I            world.cpp[0169]01/04 19:12:40 ----------------------- Landscape loaded in: 173
I       DataServer.cpp[0587]01/04 19:12:40 Loading Servers: data\maps\MainMenu\servers.xml
I serverAnimatedModel.cpp[0630]01/04 19:12:43 ### Total time: 2278, GAM time: 781
I       DataServer.cpp[0587]01/04 19:12:43 Loading Servers: data\models\commonservers.xml
E      serverMusic.cpp[0216]01/04 19:12:46 MusicServer: cannot read file: data\music\music.xml id = 'LaBelleTown'
E      serverMusic.cpp[0216]01/04 19:12:46 MusicServer: cannot read file: data\music\music.xml id = 'block6_driving2'
I            world.cpp[0210]01/04 19:12:46 ----------------------- Servers loaded in: 5773
I            world.cpp[0338]01/04 19:12:46 LoadWorld begin...
I            world.cpp[0350]01/04 19:12:46 %%%% read/parse xml: 21
I            world.cpp[0362]01/04 19:12:46 %%%% read from xml: 9
E    PlayerPassMap.cpp[0139]01/04 19:12:46 Couldn't load player pass map from file data\maps\MainMenu\player_passmap.xml
I            world.cpp[0444]01/04 19:12:46 %%%% link nodes: 34
I            world.cpp[0220]01/04 19:12:46 ----------------------- Nodes loaded in: 66
I            world.cpp[0228]01/04 19:12:46 ----------------------- Prefabs loaded in: 0
I            world.cpp[0247]01/04 19:12:47 ----------------------- World loaded in: 6336
I            world.cpp[0278]01/04 19:12:47 ----------------------- Roads loaded in: 242
I           view32.cpp[1078]01/04 19:12:47 Load Server begin...
I   TruxxUiManager.cpp[0974]01/04 19:12:47 Interface: is loaded successfully
I           server.cpp[0789]01/04 19:12:47 AI: Loading Server...
I           server.cpp[0796]01/04 19:12:47 	AI: Loading Relationship
I     Relationship.cpp[0134]01/04 19:12:47 		 File readed
I           server.cpp[0801]01/04 19:12:47 	AI: Loading SoilProps
I           server.cpp[0804]01/04 19:12:47 	AI: Loading ExternalPaths
I           server.cpp[0807]01/04 19:12:47 	AI: Loading PlayerPassMap
E    PlayerPassMap.cpp[0139]01/04 19:12:47 Couldn't load player pass map from file data\maps\MainMenu\player_passmap.xml
I           server.cpp[0813]01/04 19:12:47 	AI: Loading GameObjects
I           server.cpp[0816]01/04 19:12:47 	AI: Initializing VehicleGeneratorInfoCache
I           server.cpp[0820]01/04 19:12:47 	AI: Refreshing GameObjects
I           server.cpp[0824]01/04 19:12:47 	AI: Loading QuestStates
I       QuestState.cpp[0904]01/04 19:12:47 Quest 'Human1_Quest1' can be given now
I       QuestState.cpp[0904]01/04 19:12:47 Quest 'Human1_Quest2' can be given now
I       QuestState.cpp[0904]01/04 19:12:47 Quest 'BenGoodEnd' can be given now
I       QuestState.cpp[0904]01/04 19:12:47 Quest 'q_PlaceWithSign' can be given now
I       QuestState.cpp[0904]01/04 19:12:47 Quest 'r3m2_OracleMemory' can be given now
I       QuestState.cpp[0904]01/04 19:12:47 Quest 'r3m2_TalkWithLisa' can be given now
I       QuestState.cpp[0904]01/04 19:12:47 Quest 'r3m2_TalkWithBenAboutCarAfterOracul' can be given now
I       QuestState.cpp[0904]01/04 19:12:47 Quest 'r3m2_FindInfoAboutFather' can be given now
I       QuestState.cpp[0904]01/04 19:12:47 Quest 'r3m1_LureMainDriud' can be given now
I       QuestState.cpp[0904]01/04 19:12:47 Quest 'r3m1_ClearSanctuary' can be given now
I       QuestState.cpp[0904]01/04 19:12:47 Quest 'r3m1_KnowAboutUluk' can be given now
I       QuestState.cpp[0904]01/04 19:12:47 Quest 'r3m1_RescueUlukCivil' can be given now
I       QuestState.cpp[0904]01/04 19:12:47 Quest 'q_VisitDruid' can be given now
I       QuestState.cpp[0904]01/04 19:12:47 Quest 'r2m2_Znaki2_Quest' can be given now
I       QuestState.cpp[0904]01/04 19:12:47 Quest 'r2m2_HeadsHunterQuest' can be given now
I       QuestState.cpp[0904]01/04 19:12:47 Quest 'r2m2_OldDvigatel1_Quest' can be given now
I       QuestState.cpp[0904]01/04 19:12:47 Quest 'r2m2_OldDvigatel2_Quest' can be given now
I       QuestState.cpp[0904]01/04 19:12:47 Quest 'r2m2_FightFelix' can be given now
I       QuestState.cpp[0904]01/04 19:12:47 Quest 'r2m2_ReturnToMarecciaFromCastle' can be given now
I       QuestState.cpp[0904]01/04 19:12:47 Quest 'r2m2_FightWithAxelInArena_Quest' can be given now
I       QuestState.cpp[0904]01/04 19:12:47 Quest 'r2m2_FindLisAfterAxelAndFatherDie_Quest' can be given now
I       QuestState.cpp[0904]01/04 19:12:47 Quest 'r2m2_ToLisaToMonastir' can be given now
I       QuestState.cpp[0904]01/04 19:12:47 Quest 'r2m2_FightLisaToMonastir' can be given now
I       QuestState.cpp[0904]01/04 19:12:47 Quest 'r2m2_GiveDisk2ToOrakul' can be given now
I       QuestState.cpp[0904]01/04 19:12:47 Quest 'MrShlyapa3_Quest' can be given now
I       QuestState.cpp[0904]01/04 19:12:47 Quest 'r2m1_ArtAntipod_Quest' can be given now
I       QuestState.cpp[0904]01/04 19:12:47 Quest 'r2m1_TakeNarcotics_Quest' can be given now
I       QuestState.cpp[0904]01/04 19:12:47 Quest 'r2m1_KillGodFather_Quest' can be given now
I       QuestState.cpp[0904]01/04 19:12:47 Quest 'MrShlyapaSecret' can be given now
I       QuestState.cpp[0904]01/04 19:12:47 Quest 'd_GetSupportOneOfTheBands2_Quest' can be given now
I       QuestState.cpp[0904]01/04 19:12:47 Quest 'd_GetSupportOneOfTheBands1_Quest' can be given now
I       QuestState.cpp[0904]01/04 19:12:47 Quest 'd_FindVerbInAR_Quest' can be given now
I       QuestState.cpp[0904]01/04 19:12:47 Quest 'd_FindVerbInSNG_Quest' can be given now
I       QuestState.cpp[0904]01/04 19:12:47 Quest 'd_PatrulSideSNG_Quest' can be given now
I       QuestState.cpp[0904]01/04 19:12:47 Quest 'd_TakeGeneralOfBandits_Quest' can be given now
I       QuestState.cpp[0904]01/04 19:12:47 Quest 'r2m1_TW_AlienInShip' can be given now
I       QuestState.cpp[0904]01/04 19:12:47 Quest 'Podderzhka_Quest' can be given now
I       QuestState.cpp[0904]01/04 19:12:47 Quest 'Zashita_Quest' can be given now
I       QuestState.cpp[0904]01/04 19:12:47 Quest 'preEretik_Quest' can be given now
I       QuestState.cpp[0904]01/04 19:12:47 Quest 'ReturnQuest' can be given now
I       QuestState.cpp[0904]01/04 19:12:47 Quest 'd_FindVerbInAM_Quest' can be given now
I       QuestState.cpp[0904]01/04 19:12:47 Quest 'OdettIsDead_Quest' can be given now
I       QuestState.cpp[0904]01/04 19:12:47 Quest 'Disk2OrakulLisa' can be given now
I       QuestState.cpp[0904]01/04 19:12:47 Quest 'FindGomerB_Quest1' can be given now
I       QuestState.cpp[0904]01/04 19:12:47 Quest 'FreeExtremistLeader_Quest1' can be given now
I       QuestState.cpp[0904]01/04 19:12:47 Quest 'KillExtremist_Quest1' can be given now
I       QuestState.cpp[0904]01/04 19:12:47 Quest 'r1m4_TalkWithOldTraderAboutSecondDisk' can be given now
I       QuestState.cpp[0904]01/04 19:12:47 Quest 'q_FindHusbent' can be given now
I       QuestState.cpp[0904]01/04 19:12:47 Quest 'RybakToOlm_Quest' can be given now
I       QuestState.cpp[0904]01/04 19:12:47 Quest 'AnanagaTech_Quest' can be given now
I       QuestState.cpp[0904]01/04 19:12:47 Quest 'MrShlyapa2_Quest' can be given now
I       QuestState.cpp[0904]01/04 19:12:47 Quest 'ToCordanToTikhomir_Quest' can be given now
I       QuestState.cpp[0904]01/04 19:12:47 Quest 'r1m3_BonnyAndKlideQuest' can be given now
I       QuestState.cpp[0904]01/04 19:12:47 Quest 'r1m3_ArchHelp' can be given now
I       QuestState.cpp[0904]01/04 19:12:47 Quest 'r1m3_CrazyManQuest' can be given now
I       QuestState.cpp[0904]01/04 19:12:47 Quest 'r1m3_OldTownOutsiderCar2_Quest' can be given now
I       QuestState.cpp[0904]01/04 19:12:47 Quest 'FightForPesht' can be given now
I       QuestState.cpp[0904]01/04 19:12:47 Quest 'd_RideAcrossBase_Quest' can be given now
I       QuestState.cpp[0904]01/04 19:12:47 Quest 'd_GiveMoneyToBase_Quest' can be given now
I       QuestState.cpp[0904]01/04 19:12:47 Quest 'd_GetBomb_Quest' can be given now
I       QuestState.cpp[0904]01/04 19:12:47 Quest 'd_IntrigaOfMerMinin_Quest' can be given now
I       QuestState.cpp[0904]01/04 19:12:47 Quest 'd_MoveFreelancersToOilMine_Quest' can be given now
I       QuestState.cpp[0904]01/04 19:12:47 Quest 'd_MoveCanistraToMinin_Quest' can be given now
I       QuestState.cpp[0904]01/04 19:12:47 Quest 'd_OpenTunel_Quest' can be given now
I       QuestState.cpp[0904]01/04 19:12:47 Quest 'r1m3_TalkWithThiefFromFatherHouse' can be given now
I       QuestState.cpp[0904]01/04 19:12:47 Quest 'r1m3_MoveToOraculAfterThief' can be given now
I       QuestState.cpp[0904]01/04 19:12:47 Quest 'r1m3_ToLisaToAsgard' can be given now
I       QuestState.cpp[0904]01/04 19:12:47 Quest 'r1m3_TW_OralceAboutAlien' can be given now
I       QuestState.cpp[0904]01/04 19:12:47 Quest 'r1m3_DestroyRadiationSource' can be given now
I       QuestState.cpp[0904]01/04 19:12:47 Quest 'r2m1_DestroyAlienShip' can be given now
I       QuestState.cpp[0904]01/04 19:12:47 Quest 'd_PayWorkersMoney_Quest' can be given now
I       QuestState.cpp[0904]01/04 19:12:47 Quest 'r2m1_TW_SellsCivilian' can be given now
I       QuestState.cpp[0904]01/04 19:12:47 Quest 'MorskieVrata2_Quest' can be given now
I       QuestState.cpp[0904]01/04 19:12:47 Quest 'Zachisti1_Quest' can be given now
I       QuestState.cpp[0904]01/04 19:12:47 Quest 'LisaVPeshte' can be given now
I       QuestState.cpp[0904]01/04 19:12:47 Quest 'LisaUBena' can be given now
I       QuestState.cpp[0904]01/04 19:12:47 Quest 'WhereSigns_Quest' can be given now
I       QuestState.cpp[0904]01/04 19:12:47 Quest 'CombatInKollizey_Quest' can be given now
I       QuestState.cpp[0904]01/04 19:12:47 Quest 'BuyKollizey_Quest' can be given now
I       QuestState.cpp[0904]01/04 19:12:47 Quest 'Kollizey_Quest' can be given now
I       QuestState.cpp[0904]01/04 19:12:47 Quest 'HelpRuins_Quest' can be given now
I       QuestState.cpp[0904]01/04 19:12:47 Quest 'DestroyRuins_Quest' can be given now
I       QuestState.cpp[0904]01/04 19:12:47 Quest 'DestroyRuins2_Quest' can be given now
I       QuestState.cpp[0904]01/04 19:12:47 Quest 'Signs_Quest' can be given now
I       QuestState.cpp[0904]01/04 19:12:47 Quest 'MrShlyapa1_Quest' can be given now
I       QuestState.cpp[0904]01/04 19:12:47 Quest 'FindBen2_Quest' can be given now
I       QuestState.cpp[0904]01/04 19:12:47 Quest 'd_FindHouseOfBen_Quest' can be given now
I       QuestState.cpp[0904]01/04 19:12:47 Quest 'r1m2_TW_BanAboutAlien' can be given now
I       QuestState.cpp[0904]01/04 19:12:47 Quest 'r1m3_DestroyOracle' can be given now
I       QuestState.cpp[0904]01/04 19:12:47 Quest 'Pomiritsa_Quest' can be given now
I       QuestState.cpp[0904]01/04 19:12:47 Quest 'VYar_Quest' can be given now
I       QuestState.cpp[0904]01/04 19:12:47 Quest 'FindBenMZ_Quest' can be given now
I       QuestState.cpp[0904]01/04 19:12:47 Quest 'QuickFindBen' can be given now
I       QuestState.cpp[0904]01/04 19:12:47 Quest 'OpenMid_Quest' can be given now
I       QuestState.cpp[0904]01/04 19:12:47 Quest 'TalkBeforeDesert' can be given now
I       QuestState.cpp[0904]01/04 19:12:47 Quest 'ZashitaGotova' can be given now
I       QuestState.cpp[0904]01/04 19:12:47 Quest 'FakeQuest1' can be given now
I       QuestState.cpp[0904]01/04 19:12:47 Quest 'Chehly_Quest' can be given now
I       QuestState.cpp[0904]01/04 19:12:47 Quest 'WorkGiver_Quest1' can be given now
I       QuestState.cpp[0904]01/04 19:12:47 Quest 'd_PunishBandits_Quest' can be given now
I       QuestState.cpp[0904]01/04 19:12:47 Quest 'r1m1_Hospital_Quest' can be given now
I       QuestState.cpp[0904]01/04 19:12:47 Quest 'r1m1_Botanik_Quest' can be given now
I       QuestState.cpp[0904]01/04 19:12:47 Quest 'r1m1_FindBotanik_Quest' can be given now
I       QuestState.cpp[0904]01/04 19:12:47 Quest 'Buyer_Quest1' can be given now
I       QuestState.cpp[0904]01/04 19:12:47 Quest 'FirstTimePlay' can be given now
I       QuestState.cpp[0904]01/04 19:12:47 Quest 'TalkWithFather_Quest' can be given now
I       QuestState.cpp[0904]01/04 19:12:47 Quest 'LisaAtSouth' can be given now
I       QuestState.cpp[0904]01/04 19:12:47 Quest 'FindBen_Quest' can be given now
I       QuestState.cpp[0904]01/04 19:12:47 Quest 'FindBenAgain_Quest' can be given now
I       QuestState.cpp[0904]01/04 19:12:47 Quest 'd_SinFather_Quest' can be given now
I       QuestState.cpp[0904]01/04 19:12:47 Quest 'TalkToVasily' can be given now
I       QuestState.cpp[0904]01/04 19:12:47 Quest 'CheckTheEast' can be given now
I       QuestState.cpp[0904]01/04 19:12:47 Quest 'BenSouth_Quest' can be given now
I           server.cpp[0826]01/04 19:12:47 	AI: QuestStates loaded
I           server.cpp[0828]01/04 19:12:47 	AI: Loading DynamicScene
I     DynamicScene.cpp[1470]01/04 19:12:47 		 Scene loading begin
I     DynamicScene.cpp[1472]01/04 19:12:47 		 Scene loading end
I           server.cpp[0837]01/04 19:12:47 	AI: DynamicScene loaded
I           server.cpp[0852]01/04 19:12:47 	AI: Loading Triggers
E           server.cpp[1242]01/04 19:12:47 Error: cannot open data\maps\MainMenu\
I           server.cpp[0855]01/04 19:12:47 	AI: Triggers loaded
I           server.cpp[0857]01/04 19:12:47 	AI: Loading Object Names
E     ObjContainer.cpp[1104]01/04 19:12:47 Error: cannot open data\maps\MainMenu\object_names.xml
I           server.cpp[0868]01/04 19:12:47 	AI: Initing Player
I           server.cpp[0888]01/04 19:12:47 		Before first Update
I   TruxxUiManager.cpp[1422]01/04 19:12:47 Game mode changed. Old mode = 2, new mode = 1
I           server.cpp[0909]01/04 19:12:47 		After first Update
I           server.cpp[0911]01/04 19:12:47 AI: Finished Loading Server
I           view32.cpp[1106]01/04 19:12:47 Load server end
I        QuestInfo.cpp[0847]01/04 19:12:48 Quest infos were loaded successfully from file data\if\diz\QuestInfoGlobal.xml
I        QuestInfo.cpp[0783]01/04 19:12:48 QuestInfo manager was inited successfully
I       MsgManager.cpp[0391]01/04 19:12:48 Can't open file data\maps\MainMenu\strings.xml for read.
I    GameUiManager.cpp[0303]01/04 19:12:48 Interface: is initializing...
I    GameUiManager.cpp[0405]01/04 19:12:48 Interface: is clearing...
I    GameUiManager.cpp[0495]01/04 19:12:48 Interface: is cleared successfully
I    GameUiManager.cpp[0395]01/04 19:12:48 Interface: is inited successfully
I blockMusicManager.cpp[0199]01/04 19:12:48 BlockMusicManager: resetting
I      gameimpulse.cpp[0618]01/04 19:12:48 Key bindings: unbind all is done
I      gameimpulse.cpp[0618]01/04 19:12:48 Key bindings: unbind all is done
I      gameimpulse.cpp[0324]01/04 19:12:48 Key bindings: were loaded successfully from file data/profiles/riverzone\KeyBindings.lua
I      gameimpulse.cpp[1222]01/04 19:12:48 Key bindings: were loaded from profile
I        SplashWnd.cpp[0244]01/04 19:12:55 Start splashing 11
I   TruxxUiManager.cpp[1422]01/04 19:12:55 Game mode changed. Old mode = 1, new mode = 0
I    GameUiManager.cpp[0405]01/04 19:12:55 Interface: is clearing...
I    GameUiManager.cpp[0495]01/04 19:12:55 Interface: is cleared successfully
I           view32.cpp[1048]01/04 19:12:55 -- Loading Level: data\maps\r9m1.ssl --
I            world.cpp[0132]01/04 19:12:55 ----------------------- World Loading
F        landscape.cpp[1674]01/04 19:12:55  +- Enter function: Landscape::Load()
I        landscape.cpp[1911]01/04 19:12:55  |  ----------------------- Normal map loaded in: 6
I        landscape.cpp[1920]01/04 19:12:58  |  ----------------------- Tiles loaded in: 3193
I        landscape.cpp[1944]01/04 19:12:59  |  ----------------------- ShoreLine loaded in: 0
F        landscape.cpp[1944]01/04 19:12:59  +- Exit function: Landscape::Load()
I            world.cpp[0169]01/04 19:12:59 ----------------------- Landscape loaded in: 3339
I       DataServer.cpp[0587]01/04 19:12:59 Loading Servers: data\maps\r9m1\servers.xml
I       DataServer.cpp[0594]01/04 19:12:59 Load servers: ReadXmlFile: Cannot open file data\maps\r9m1\servers.xml
I       DataServer.cpp[0587]01/04 19:12:59 Loading Servers: data\models\servers.xml
E        GamParser.cpp[0399]01/04 19:13:00 AnimatedModel::LoadGAM -- cannot open file data\models\objects\dweller_debik.gam
E        GamParser.cpp[0399]01/04 19:13:02 AnimatedModel::LoadGAM -- cannot open file data\models\Masks\Main\mask_debik.gam
E       DraftModel.cpp[1002]01/04 19:13:06 Error: Couldn't load texture data\models\vehicles\belaz\cab01_mt.dds for model cargov1.gam
E       DraftModel.cpp[1002]01/04 19:13:06 Error: Couldn't load texture data\models\vehicles\belaz\cab01_mt.dds for model cargov1.gam
E       DraftModel.cpp[1002]01/04 19:13:06 Error: Couldn't load texture data\models\vehicles\belaz\cab01_mt.dds for model cargov1.gam
E       DraftModel.cpp[1002]01/04 19:13:06 Error: Couldn't load texture data\models\vehicles\belaz\cab01_mt.dds for model cargov1.gam
E       DraftModel.cpp[1002]01/04 19:13:06 Error: Couldn't load texture data\models\vehicles\belaz\cab01_mt.dds for model cargov1.gam
E       DraftModel.cpp[1002]01/04 19:13:06 Error: Couldn't load texture data\models\vehicles\belaz\cab01_mt.dds for model cargov1.gam
E       DraftModel.cpp[1002]01/04 19:13:06 Error: Couldn't load texture data\models\vehicles\belaz\cab01_mt.dds for model cargov1.gam
E       DraftModel.cpp[1002]01/04 19:13:06 Error: Couldn't load texture data\models\vehicles\belaz\cab01_mt.dds for model cargov1.gam
E       DraftModel.cpp[1002]01/04 19:13:06 Error: Couldn't load texture data\models\vehicles\belaz\cab01_mt.dds for model cargov1.gam
E serverAnimatedModel.cpp[0627]01/04 19:13:11 ServerAnimatedModels: cannot read file: file:data\models\AnimModels.xml id = dweller_brodyaga
E serverAnimatedModel.cpp[0627]01/04 19:13:11 ServerAnimatedModels: cannot read file: file:data\models\AnimModels.xml id = mask_debik
E serverAnimatedModel.cpp[0627]01/04 19:13:11 ServerAnimatedModels: cannot read file: file:data\models\AnimModels.xml id = big_brock_wall
E serverAnimatedModel.cpp[0627]01/04 19:13:11 ServerAnimatedModels: cannot read file: file:data\models\AnimModels.xml id = dub1_r2
E serverAnimatedModel.cpp[0627]01/04 19:13:11 ServerAnimatedModels: cannot read file: file:data\models\AnimModels.xml id = boss_barrel
I serverAnimatedModel.cpp[0630]01/04 19:13:11 ### Total time: 12199, GAM time: 11215
I       DataServer.cpp[0587]01/04 19:13:11 Loading Servers: data\models\commonservers.xml
E      serverMusic.cpp[0216]01/04 19:13:11 MusicServer: cannot read file: data\music\music.xml id = 'LaBelleTown'
E      serverMusic.cpp[0216]01/04 19:13:11 MusicServer: cannot read file: data\music\music.xml id = 'block6_driving2'
I            world.cpp[0210]01/04 19:13:12 ----------------------- Servers loaded in: 13028
I            world.cpp[0338]01/04 19:13:12 LoadWorld begin...
I            world.cpp[0350]01/04 19:13:12 %%%% read/parse xml: 0
E    serialization.cpp[0205]01/04 19:13:12 ChildNodeFromXmlNode: node w/ same name already exists as a child: 'ET_S_RAIN', address = 1069267652
I            world.cpp[0362]01/04 19:13:12 %%%% read from xml: 1
I            world.cpp[0444]01/04 19:13:12 %%%% link nodes: 76
I            world.cpp[0220]01/04 19:13:12 ----------------------- Nodes loaded in: 79
I            world.cpp[0228]01/04 19:13:12 ----------------------- Prefabs loaded in: 0
I           m3dapp.cpp[1336]01/04 19:13:12 d3d: Cannot open data\weatherTexs\LoadMe.txt
I           m3dapp.cpp[1336]01/04 19:13:12 d3d: texmap failed to load: data\weatherTexs\LoadMe.txt
I            world.cpp[0247]01/04 19:13:12 ----------------------- World loaded in: 16661
E        GamParser.cpp[0399]01/04 19:13:12 AnimatedModel::LoadGAM -- cannot open file data\models\roads\road_small_highway\small_highway_end.gam-
I      roadManager.cpp[0139]01/04 19:13:12 RoadManager error( model not loaded ): data\models\roads\road_small_highway\small_highway_end.gam-
I            world.cpp[0278]01/04 19:13:12 ----------------------- Roads loaded in: 327
I           view32.cpp[1078]01/04 19:13:13 Load Server begin...
I            Reply.cpp[0415]01/04 19:13:13 Replies were loaded successfully from file data\if\diz\DialogsGlobal.xml
I            Reply.cpp[0415]01/04 19:13:13 Replies were loaded successfully from file data\if\diz\DynamicDialogsGlobal.xml
I            Reply.cpp[0343]01/04 19:13:13 RepliesManager was inited successfully
I    GameUiManager.cpp[1603]01/04 19:13:13 Interface: loading resources ...
I     ObjectsIcons.cpp[0198]01/04 19:13:14 ObjectsIcons::AddIcon warning - ico with id SpeedPointer already exists and wiil be replaced
I    GameUiManager.cpp[1603]01/04 19:13:15 Interface: loading resources ...
I   TruxxUiManager.cpp[0974]01/04 19:13:15 Interface: is loaded successfully
I           server.cpp[0789]01/04 19:13:15 AI: Loading Server...
I           server.cpp[0796]01/04 19:13:15 	AI: Loading Relationship
I     Relationship.cpp[0134]01/04 19:13:15 		 File readed
I           server.cpp[0801]01/04 19:13:15 	AI: Loading SoilProps
I           server.cpp[0804]01/04 19:13:15 	AI: Loading ExternalPaths
I           server.cpp[0807]01/04 19:13:15 	AI: Loading PlayerPassMap
I           server.cpp[0813]01/04 19:13:15 	AI: Loading GameObjects
I           server.cpp[0816]01/04 19:13:15 	AI: Initializing VehicleGeneratorInfoCache
I           server.cpp[0820]01/04 19:13:15 	AI: Refreshing GameObjects
E      VehiclePart.cpp[0138]01/04 19:13:15 Error: collision geom in vehicle part name = 'boss04station' is not BOX
E      VehiclePart.cpp[0138]01/04 19:13:16 Error: collision geom in vehicle part name = 'heavy_dot1' is not BOX
I           server.cpp[0824]01/04 19:13:16 	AI: Loading QuestStates
I       QuestState.cpp[0904]01/04 19:13:16 Quest 'Human1_Quest1' can be given now
I       QuestState.cpp[0904]01/04 19:13:16 Quest 'Human1_Quest2' can be given now
I       QuestState.cpp[0904]01/04 19:13:16 Quest 'BenGoodEnd' can be given now
I       QuestState.cpp[0904]01/04 19:13:16 Quest 'q_PlaceWithSign' can be given now
I       QuestState.cpp[0904]01/04 19:13:16 Quest 'r3m2_OracleMemory' can be given now
I       QuestState.cpp[0904]01/04 19:13:16 Quest 'r3m2_TalkWithLisa' can be given now
I       QuestState.cpp[0904]01/04 19:13:16 Quest 'r3m2_TalkWithBenAboutCarAfterOracul' can be given now
I       QuestState.cpp[0904]01/04 19:13:16 Quest 'r3m2_FindInfoAboutFather' can be given now
I       QuestState.cpp[0904]01/04 19:13:16 Quest 'r3m1_LureMainDriud' can be given now
I       QuestState.cpp[0904]01/04 19:13:16 Quest 'r3m1_ClearSanctuary' can be given now
I       QuestState.cpp[0904]01/04 19:13:16 Quest 'r3m1_KnowAboutUluk' can be given now
I       QuestState.cpp[0904]01/04 19:13:16 Quest 'r3m1_RescueUlukCivil' can be given now
I       QuestState.cpp[0904]01/04 19:13:16 Quest 'q_VisitDruid' can be given now
I       QuestState.cpp[0904]01/04 19:13:16 Quest 'r2m2_Znaki2_Quest' can be given now
I       QuestState.cpp[0904]01/04 19:13:16 Quest 'r2m2_HeadsHunterQuest' can be given now
I       QuestState.cpp[0904]01/04 19:13:16 Quest 'r2m2_OldDvigatel1_Quest' can be given now
I       QuestState.cpp[0904]01/04 19:13:16 Quest 'r2m2_OldDvigatel2_Quest' can be given now
I       QuestState.cpp[0904]01/04 19:13:16 Quest 'r2m2_FightFelix' can be given now
I       QuestState.cpp[0904]01/04 19:13:16 Quest 'r2m2_ReturnToMarecciaFromCastle' can be given now
I       QuestState.cpp[0904]01/04 19:13:16 Quest 'r2m2_FightWithAxelInArena_Quest' can be given now
I       QuestState.cpp[0904]01/04 19:13:16 Quest 'r2m2_FindLisAfterAxelAndFatherDie_Quest' can be given now
I       QuestState.cpp[0904]01/04 19:13:16 Quest 'r2m2_ToLisaToMonastir' can be given now
I       QuestState.cpp[0904]01/04 19:13:16 Quest 'r2m2_FightLisaToMonastir' can be given now
I       QuestState.cpp[0904]01/04 19:13:16 Quest 'r2m2_GiveDisk2ToOrakul' can be given now
I       QuestState.cpp[0904]01/04 19:13:16 Quest 'MrShlyapa3_Quest' can be given now
I       QuestState.cpp[0904]01/04 19:13:16 Quest 'r2m1_ArtAntipod_Quest' can be given now
I       QuestState.cpp[0904]01/04 19:13:16 Quest 'r2m1_TakeNarcotics_Quest' can be given now
I       QuestState.cpp[0904]01/04 19:13:16 Quest 'r2m1_KillGodFather_Quest' can be given now
I       QuestState.cpp[0904]01/04 19:13:16 Quest 'MrShlyapaSecret' can be given now
I       QuestState.cpp[0904]01/04 19:13:16 Quest 'd_GetSupportOneOfTheBands2_Quest' can be given now
I       QuestState.cpp[0904]01/04 19:13:16 Quest 'd_GetSupportOneOfTheBands1_Quest' can be given now
I       QuestState.cpp[0904]01/04 19:13:16 Quest 'd_FindVerbInAR_Quest' can be given now
I       QuestState.cpp[0904]01/04 19:13:16 Quest 'd_FindVerbInSNG_Quest' can be given now
I       QuestState.cpp[0904]01/04 19:13:16 Quest 'd_PatrulSideSNG_Quest' can be given now
I       QuestState.cpp[0904]01/04 19:13:16 Quest 'd_TakeGeneralOfBandits_Quest' can be given now
I       QuestState.cpp[0904]01/04 19:13:16 Quest 'r2m1_TW_AlienInShip' can be given now
I       QuestState.cpp[0904]01/04 19:13:16 Quest 'Podderzhka_Quest' can be given now
I       QuestState.cpp[0904]01/04 19:13:16 Quest 'Zashita_Quest' can be given now
I       QuestState.cpp[0904]01/04 19:13:16 Quest 'preEretik_Quest' can be given now
I       QuestState.cpp[0904]01/04 19:13:16 Quest 'ReturnQuest' can be given now
I       QuestState.cpp[0904]01/04 19:13:16 Quest 'd_FindVerbInAM_Quest' can be given now
I       QuestState.cpp[0904]01/04 19:13:16 Quest 'OdettIsDead_Quest' can be given now
I       QuestState.cpp[0904]01/04 19:13:16 Quest 'Disk2OrakulLisa' can be given now
I       QuestState.cpp[0904]01/04 19:13:16 Quest 'FindGomerB_Quest1' can be given now
I       QuestState.cpp[0904]01/04 19:13:16 Quest 'FreeExtremistLeader_Quest1' can be given now
I       QuestState.cpp[0904]01/04 19:13:16 Quest 'KillExtremist_Quest1' can be given now
I       QuestState.cpp[0904]01/04 19:13:16 Quest 'r1m4_TalkWithOldTraderAboutSecondDisk' can be given now
I       QuestState.cpp[0904]01/04 19:13:16 Quest 'q_FindHusbent' can be given now
I       QuestState.cpp[0904]01/04 19:13:16 Quest 'RybakToOlm_Quest' can be given now
I       QuestState.cpp[0904]01/04 19:13:16 Quest 'AnanagaTech_Quest' can be given now
I       QuestState.cpp[0904]01/04 19:13:16 Quest 'MrShlyapa2_Quest' can be given now
I       QuestState.cpp[0904]01/04 19:13:16 Quest 'ToCordanToTikhomir_Quest' can be given now
I       QuestState.cpp[0904]01/04 19:13:16 Quest 'r1m3_BonnyAndKlideQuest' can be given now
I       QuestState.cpp[0904]01/04 19:13:16 Quest 'r1m3_ArchHelp' can be given now
I       QuestState.cpp[0904]01/04 19:13:16 Quest 'r1m3_CrazyManQuest' can be given now
I       QuestState.cpp[0904]01/04 19:13:16 Quest 'r1m3_OldTownOutsiderCar2_Quest' can be given now
I       QuestState.cpp[0904]01/04 19:13:16 Quest 'FightForPesht' can be given now
I       QuestState.cpp[0904]01/04 19:13:16 Quest 'd_RideAcrossBase_Quest' can be given now
I       QuestState.cpp[0904]01/04 19:13:16 Quest 'd_GiveMoneyToBase_Quest' can be given now
I       QuestState.cpp[0904]01/04 19:13:16 Quest 'd_GetBomb_Quest' can be given now
I       QuestState.cpp[0904]01/04 19:13:16 Quest 'd_IntrigaOfMerMinin_Quest' can be given now
I       QuestState.cpp[0904]01/04 19:13:16 Quest 'd_MoveFreelancersToOilMine_Quest' can be given now
I       QuestState.cpp[0904]01/04 19:13:16 Quest 'd_MoveCanistraToMinin_Quest' can be given now
I       QuestState.cpp[0904]01/04 19:13:16 Quest 'd_OpenTunel_Quest' can be given now
I       QuestState.cpp[0904]01/04 19:13:16 Quest 'r1m3_TalkWithThiefFromFatherHouse' can be given now
I       QuestState.cpp[0904]01/04 19:13:16 Quest 'r1m3_MoveToOraculAfterThief' can be given now
I       QuestState.cpp[0904]01/04 19:13:16 Quest 'r1m3_ToLisaToAsgard' can be given now
I       QuestState.cpp[0904]01/04 19:13:16 Quest 'r1m3_TW_OralceAboutAlien' can be given now
I       QuestState.cpp[0904]01/04 19:13:16 Quest 'r1m3_DestroyRadiationSource' can be given now
I       QuestState.cpp[0904]01/04 19:13:16 Quest 'r2m1_DestroyAlienShip' can be given now
I       QuestState.cpp[0904]01/04 19:13:16 Quest 'd_PayWorkersMoney_Quest' can be given now
I       QuestState.cpp[0904]01/04 19:13:16 Quest 'r2m1_TW_SellsCivilian' can be given now
I       QuestState.cpp[0904]01/04 19:13:16 Quest 'MorskieVrata2_Quest' can be given now
I       QuestState.cpp[0904]01/04 19:13:16 Quest 'Zachisti1_Quest' can be given now
I       QuestState.cpp[0904]01/04 19:13:16 Quest 'LisaVPeshte' can be given now
I       QuestState.cpp[0904]01/04 19:13:16 Quest 'LisaUBena' can be given now
I       QuestState.cpp[0904]01/04 19:13:16 Quest 'WhereSigns_Quest' can be given now
I       QuestState.cpp[0904]01/04 19:13:16 Quest 'CombatInKollizey_Quest' can be given now
I       QuestState.cpp[0904]01/04 19:13:16 Quest 'BuyKollizey_Quest' can be given now
I       QuestState.cpp[0904]01/04 19:13:16 Quest 'Kollizey_Quest' can be given now
I       QuestState.cpp[0904]01/04 19:13:16 Quest 'HelpRuins_Quest' can be given now
I       QuestState.cpp[0904]01/04 19:13:16 Quest 'DestroyRuins_Quest' can be given now
I       QuestState.cpp[0904]01/04 19:13:16 Quest 'DestroyRuins2_Quest' can be given now
I       QuestState.cpp[0904]01/04 19:13:16 Quest 'Signs_Quest' can be given now
I       QuestState.cpp[0904]01/04 19:13:16 Quest 'MrShlyapa1_Quest' can be given now
I       QuestState.cpp[0904]01/04 19:13:16 Quest 'FindBen2_Quest' can be given now
I       QuestState.cpp[0904]01/04 19:13:16 Quest 'd_FindHouseOfBen_Quest' can be given now
I       QuestState.cpp[0904]01/04 19:13:16 Quest 'r1m2_TW_BanAboutAlien' can be given now
I       QuestState.cpp[0904]01/04 19:13:16 Quest 'r1m3_DestroyOracle' can be given now
I       QuestState.cpp[0904]01/04 19:13:16 Quest 'Pomiritsa_Quest' can be given now
I       QuestState.cpp[0904]01/04 19:13:16 Quest 'VYar_Quest' can be given now
I       QuestState.cpp[0904]01/04 19:13:16 Quest 'FindBenMZ_Quest' can be given now
I       QuestState.cpp[0904]01/04 19:13:16 Quest 'QuickFindBen' can be given now
I       QuestState.cpp[0904]01/04 19:13:16 Quest 'OpenMid_Quest' can be given now
I       QuestState.cpp[0904]01/04 19:13:16 Quest 'TalkBeforeDesert' can be given now
I       QuestState.cpp[0904]01/04 19:13:16 Quest 'ZashitaGotova' can be given now
I       QuestState.cpp[0904]01/04 19:13:16 Quest 'FakeQuest1' can be given now
I       QuestState.cpp[0904]01/04 19:13:16 Quest 'Chehly_Quest' can be given now
I       QuestState.cpp[0904]01/04 19:13:16 Quest 'WorkGiver_Quest1' can be given now
I       QuestState.cpp[0904]01/04 19:13:16 Quest 'd_PunishBandits_Quest' can be given now
I       QuestState.cpp[0904]01/04 19:13:16 Quest 'r1m1_Hospital_Quest' can be given now
I       QuestState.cpp[0904]01/04 19:13:16 Quest 'r1m1_Botanik_Quest' can be given now
I       QuestState.cpp[0904]01/04 19:13:16 Quest 'r1m1_FindBotanik_Quest' can be given now
I       QuestState.cpp[0904]01/04 19:13:16 Quest 'Buyer_Quest1' can be given now
I       QuestState.cpp[0904]01/04 19:13:16 Quest 'FirstTimePlay' can be given now
I       QuestState.cpp[0904]01/04 19:13:16 Quest 'TalkWithFather_Quest' can be given now
I       QuestState.cpp[0904]01/04 19:13:16 Quest 'LisaAtSouth' can be given now
I       QuestState.cpp[0904]01/04 19:13:16 Quest 'FindBen_Quest' can be given now
I       QuestState.cpp[0904]01/04 19:13:16 Quest 'FindBenAgain_Quest' can be given now
I       QuestState.cpp[0904]01/04 19:13:16 Quest 'd_SinFather_Quest' can be given now
I       QuestState.cpp[0904]01/04 19:13:16 Quest 'TalkToVasily' can be given now
I       QuestState.cpp[0904]01/04 19:13:16 Quest 'CheckTheEast' can be given now
I       QuestState.cpp[0904]01/04 19:13:16 Quest 'BenSouth_Quest' can be given now
I           server.cpp[0826]01/04 19:13:16 	AI: QuestStates loaded
I           server.cpp[0828]01/04 19:13:16 	AI: Loading DynamicScene
I     DynamicScene.cpp[1470]01/04 19:13:16 		 Scene loading begin
I     DynamicScene.cpp[1472]01/04 19:13:16 		 Scene loading end
I           server.cpp[0837]01/04 19:13:16 	AI: DynamicScene loaded
I           server.cpp[0852]01/04 19:13:16 	AI: Loading Triggers
I           server.cpp[0855]01/04 19:13:16 	AI: Triggers loaded
I           server.cpp[0857]01/04 19:13:16 	AI: Loading Object Names
I           server.cpp[0868]01/04 19:13:16 	AI: Initing Player
I           server.cpp[0888]01/04 19:13:16 		Before first Update
I           server.cpp[0909]01/04 19:13:16 		After first Update
I           server.cpp[0911]01/04 19:13:16 AI: Finished Loading Server
I           view32.cpp[1106]01/04 19:13:16 Load server end
I        QuestInfo.cpp[0847]01/04 19:13:16 Quest infos were loaded successfully from file data\if\diz\QuestInfoGlobal.xml
I        QuestInfo.cpp[0783]01/04 19:13:16 QuestInfo manager was inited successfully
I        LevelInfo.cpp[1619]01/04 19:13:16 LevelInfoManager::AddVisitedLevel error - level with name 'r9m1' does not exist
I        LevelInfo.cpp[1602]01/04 19:13:16 LevelInfoManager::AddKnownLevel error - level with name 'r9m1' does not exist
I    GameUiManager.cpp[0303]01/04 19:13:16 Interface: is initializing...
I    GameUiManager.cpp[0395]01/04 19:13:16 Interface: is inited successfully
I      MapComboBox.cpp[0195]01/04 19:13:16 Error in updating map list: no info for current map exists
I     GlobalMapWnd.cpp[0157]01/04 19:13:16 Make control error: control mainmenu_ico is not found or incorrect type
I     GlobalMapWnd.cpp[0157]01/04 19:13:16 Make control error: control r1m8_ico is not found or incorrect type
I     GlobalMapWnd.cpp[0157]01/04 19:13:16 Make control error: control r1m7_ico is not found or incorrect type
I     GlobalMapWnd.cpp[0157]01/04 19:13:16 Make control error: control r4m0_ico is not found or incorrect type
I     GlobalMapWnd.cpp[0157]01/04 19:13:16 Make control error: control r8m1_ico is not found or incorrect type
I     GlobalMapWnd.cpp[0157]01/04 19:13:16 Make control error: control r11m1_ico is not found or incorrect type
I     GlobalMapWnd.cpp[0203]01/04 19:13:16 GlobalMapWnd: error - fail to init because of a bad resource
I blockMusicManager.cpp[0185]01/04 19:13:16 BlockMusicManager: start playing new music: blockNum = 0, musicType = 0, name = 'block0_driving'
I       console_string[0234]01/04 19:13:30 ---------------------- CHEAT WAS USED --------- ANTICHEAT -----------------
I        FadingMsg.cpp[0199]01/04 19:13:30 Fading message: '@FFFF1493Обнаружено использование чит-кодов. Система достижений @FFFF0000ЗАБЛОКИРОВАНА. @FFFF1493В техподдержке @FFFF0000ОТКАЗАНО.'
I        FadingMsg.cpp[0199]01/04 19:13:30 Fading message: '@FFFF1493Обнаружено использование чит-кодов. Система достижений @FFFF0000ЗАБЛОКИРОВАНА. @FFFF1493В техподдержке @FFFF0000ОТКАЗАНО.'
E              Gun.cpp[0866]01/04 19:13:30 Error: LoadPoint not found: LP_GUN for RocketLauncher id = 6 prototype = 'mrak01L' name = 'BASKET_SIDE_GUN_L', modelName = mrak01L
E              Gun.cpp[0866]01/04 19:13:30 Error: LoadPoint not found: LP_GUN for RocketLauncher id = 7 prototype = 'mrak01R' name = 'BASKET_SIDE_GUN_R', modelName = mrak01R
I             util.cpp[0423]01/04 19:13:30 Maximum joint count reached: 40
I             util.cpp[0423]01/04 19:14:42 Maximum joint count reached: 43
I             util.cpp[0423]01/04 19:14:42 Maximum joint count reached: 44
I             util.cpp[0423]01/04 19:14:42 Maximum joint count reached: 45
I             util.cpp[0423]01/04 19:14:43 Maximum joint count reached: 47
I         gamemenu.cpp[0283]01/04 19:14:49 Quit to Windows
I           view32.cpp[0815]01/04 19:14:49 --- Done Media ---
I    GameUiManager.cpp[0405]01/04 19:14:49 Interface: is clearing...
I    GameUiManager.cpp[0495]01/04 19:14:49 Interface: is cleared successfully
I    GameUiManager.cpp[0257]01/04 19:14:49 Interface: done...
I    GameUiManager.cpp[1580]01/04 19:14:49 Interface: clearing resource infos ...
I    GameUiManager.cpp[0292]01/04 19:14:49 Interface: is done
I           view32.cpp[0843]01/04 19:14:49 --- Done Media: Ok ---
I           m3dapp.cpp[1343]01/04 19:14:50 snd: Deleting Sound...
I           m3dapp.cpp[1343]01/04 19:14:50 snd: Stopping all sounds in FMOD...
I           m3dapp.cpp[1343]01/04 19:14:50 snd: Closing FMOD...
I           m3dapp.cpp[1343]01/04 19:14:50 snd: Deleting all sounds...
I           m3dapp.cpp[1343]01/04 19:14:50 snd: 	Stopping all sounds
I           m3dapp.cpp[1343]01/04 19:14:50 snd: 	Deleting all sounds from table
I           m3dapp.cpp[1343]01/04 19:14:50 snd: 	Sounds deleted
I           m3dapp.cpp[1343]01/04 19:14:50 snd: Sound is uninstalled
I      gameimpulse.cpp[0618]01/04 19:14:50 Key bindings: unbind all is done
I      gameimpulse.cpp[0343]01/04 19:14:50 Key bindings: is done
----------------------------------------------- Log ends on Sat Apr 01 19:14:50 2023 -----------------------------------------------




