---------------------------------------------- Log begins on Mon Jan 02 03:45:34 2023 ----------------------------------------------
I           m3dapp.cpp[0088]02/01 03:45:34 Starting up...
I           m3dapp.cpp[1498]02/01 03:45:34 ExMachina - release version release build v1.02 (Dec 21 2005 12:15:10)
I      Stackwalker.cpp[0608]02/01 03:45:34 Stackwalker: log file name will be 'd:/games/ex machina mods/exmachina gm.mod sdk new/exceptions/hta.exe0000.log'
I      Stackwalker.cpp[0609]02/01 03:45:34 Stackwalker: dump file name will be 'd:/games/ex machina mods/exmachina gm.mod sdk new/exceptions/hta.exe0000.dmp'
I      Stackwalker.cpp[0610]02/01 03:45:34 Stackwalker: game log file name will be 'd:/games/ex machina mods/exmachina gm.mod sdk new/exceptions/hta.exe0000_game.log'
I           m3dapp.cpp[1391]02/01 03:45:34 Path: D:\Games\EX Machina Mods\ExMachina GM.mod SDK new
I           m3dapp.cpp[1392]02/01 03:45:34 Exe: D:\Games\EX Machina Mods\ExMachina GM.mod SDK new\hta.exe
I           m3dapp.cpp[1401]02/01 03:45:34 Windows version: 6.1.7601
I           m3dapp.cpp[1410]02/01 03:45:34 Computer name: RIVER-PC
I           m3dapp.cpp[1430]02/01 03:45:34 Cpu: GenuineIntel
I           m3dapp.cpp[1434]02/01 03:45:34 Cpu clock: ~1596
I           m3dapp.cpp[1459]02/01 03:45:34 Processor is mmx able
I           m3dapp.cpp[1470]02/01 03:45:34 Physical memory: 2047 MB
I           m3dapp.cpp[1471]02/01 03:45:34 Total memory:    4095 MB
I           m3dapp.cpp[1472]02/01 03:45:34 Physical memory available: 2047 MB
I           m3dapp.cpp[1473]02/01 03:45:34 Total memory available:    1914 MB
I           m3dapp.cpp[2846]02/01 03:45:34 SetCodepage -- using codepage 1251 '1251  (ANSI - кириллица)'
I           m3dapp.cpp[2154]02/01 03:45:34 NOTE! renderer is bind to dxrender9.dll
I           m3dapp.cpp[1336]02/01 03:45:34 d3d: Given device behavior: 80
I           m3dapp.cpp[1336]02/01 03:45:34 d3d: Confirmed device behavior: 80
I           m3dapp.cpp[1336]02/01 03:45:34 d3d: Description: Intel(R) HD Graphics Family
I           m3dapp.cpp[1336]02/01 03:45:34 d3d: Driver:      igdumdx32.dll
I           m3dapp.cpp[1336]02/01 03:45:34 d3d: VendorId:    0x8086
I           m3dapp.cpp[1336]02/01 03:45:34 d3d: DeviceId:    0x106
I           m3dapp.cpp[1336]02/01 03:45:34 d3d: SubSysId:    0x3672103c
I           m3dapp.cpp[1336]02/01 03:45:34 d3d: Revision:    9
I           m3dapp.cpp[1336]02/01 03:45:34 d3d: Driver version info:
I           m3dapp.cpp[1336]02/01 03:45:34 d3d:   Product:    8
I           m3dapp.cpp[1336]02/01 03:45:34 d3d:   Version:    15
I           m3dapp.cpp[1336]02/01 03:45:34 d3d:   SubVersion: 10
I           m3dapp.cpp[1336]02/01 03:45:34 d3d:   Build:      2622
I           m3dapp.cpp[1336]02/01 03:45:34 d3d: WHQLLevel:    0
I           m3dapp.cpp[1336]02/01 03:45:34 d3d: Texture max size: 8192x8192
I           m3dapp.cpp[1336]02/01 03:45:34 d3d: Guard band: (-8192.000,-8192.000,8192.000,8192.000)
I           m3dapp.cpp[1336]02/01 03:45:34 d3d: MaxTextureBlendStages: 8
I           m3dapp.cpp[1336]02/01 03:45:34 d3d: MaxSimultaneousTextures: 8
I           m3dapp.cpp[1336]02/01 03:45:34 d3d: MaxActiveLights: 10
I           m3dapp.cpp[1336]02/01 03:45:34 d3d: MaxUserClipPlanes: 6
I           m3dapp.cpp[1336]02/01 03:45:34 d3d: VertexShaderVersion: 0xfffe0300
I           m3dapp.cpp[1336]02/01 03:45:34 d3d: PixelShaderVersion: 0xffff0300
I           m3dapp.cpp[1336]02/01 03:45:34 d3d: Geometry instancing: supported
I           m3dapp.cpp[1336]02/01 03:45:34 d3d: Depth bias supported: yes
I           m3dapp.cpp[1336]02/01 03:45:34 d3d: Slope-scale based depth bias supported: yes
I           m3dapp.cpp[1336]02/01 03:45:34 d3d: HwRasterization: true
I           m3dapp.cpp[1336]02/01 03:45:34 d3d: HwTnL: true
I           m3dapp.cpp[1336]02/01 03:45:34 d3d: PureDevice: true
I           m3dapp.cpp[1336]02/01 03:45:34 d3d: CubeMap: true
I           m3dapp.cpp[1336]02/01 03:45:34 d3d: VolumeMap: true
I           m3dapp.cpp[1336]02/01 03:45:34 d3d: TextureAddressCaps:
I           m3dapp.cpp[1336]02/01 03:45:34 d3d: 	wrap: true
I           m3dapp.cpp[1336]02/01 03:45:34 d3d: 	clamp: true
I           m3dapp.cpp[1336]02/01 03:45:34 d3d: 	border: true
I           m3dapp.cpp[1336]02/01 03:45:34 d3d: Projective textures: true
I           m3dapp.cpp[1336]02/01 03:45:34 d3d: MaxPointSize: 256.000
I           m3dapp.cpp[1336]02/01 03:45:34 d3d: MaxPrimitiveCount: 1048575
I           m3dapp.cpp[1336]02/01 03:45:34 d3d: MaxVertexIndex: 16777215
I           m3dapp.cpp[1336]02/01 03:45:34 d3d: MaxStreams: 16
I           m3dapp.cpp[1336]02/01 03:45:34 d3d: MaxStreamsStride: 255
I           m3dapp.cpp[1336]02/01 03:45:34 d3d: MaxAnisotropy: 16
I           m3dapp.cpp[1336]02/01 03:45:34 d3d: MaxVertexBlendMatrices: 4
I           m3dapp.cpp[1336]02/01 03:45:34 d3d: MaxVertexBlendMatrixIndex: 8
I           m3dapp.cpp[1336]02/01 03:45:34 d3d: FullScreenGamma: true
I           m3dapp.cpp[1336]02/01 03:45:34 d3d: COLORWRITEENABLE: true
I           m3dapp.cpp[1336]02/01 03:45:34 d3d: MASKZ: true
I           m3dapp.cpp[1336]02/01 03:45:34 d3d: BLENDOP: true
I           m3dapp.cpp[1336]02/01 03:45:34 d3d: CLIPPLANESCALEDPOINTS: false
I           m3dapp.cpp[1336]02/01 03:45:34 d3d: CLIPTLVERTS: false
I           m3dapp.cpp[1336]02/01 03:45:34 d3d: TSSARGTEMP: true
I           m3dapp.cpp[1336]02/01 03:45:34 d3d: DIRECTIONALLIGHTS: true
I           m3dapp.cpp[1336]02/01 03:45:34 d3d: LOCALVIEWER: true
I           m3dapp.cpp[1336]02/01 03:45:34 d3d: POSITIONALLIGHTS: true
I           m3dapp.cpp[1336]02/01 03:45:34 d3d: TEXGEN:  true
I           m3dapp.cpp[1336]02/01 03:45:34 d3d: TWEENING:  true
I           m3dapp.cpp[1336]02/01 03:45:34 d3d: Dp3: true
I           m3dapp.cpp[1336]02/01 03:45:34 d3d: Lerp: true
I           m3dapp.cpp[1336]02/01 03:45:34 d3d: MaxNpatchTessellationLevel: 0.000
I           m3dapp.cpp[1336]02/01 03:45:34 d3d: Query VCACHE support: true
I           m3dapp.cpp[1336]02/01 03:45:34 d3d: Query EVENT support: true
I           m3dapp.cpp[1336]02/01 03:45:34 d3d: Query OCCLUSION support: true
I           m3dapp.cpp[1336]02/01 03:45:34 d3d: Query TIMESTAMP support: true
I           m3dapp.cpp[1336]02/01 03:45:34 d3d: Query TIMESTAMPDISJOINT support: true
I           m3dapp.cpp[1336]02/01 03:45:34 d3d: Query TIMESTAMPFREQ support: true
I           m3dapp.cpp[1336]02/01 03:45:34 d3d: Query PIPELINETIMINGS support: false
I           m3dapp.cpp[1336]02/01 03:45:34 d3d: Query INTERFACETIMINGS support: false
I           m3dapp.cpp[1336]02/01 03:45:34 d3d: Query VERTEXTIMINGS support: false
I           m3dapp.cpp[1336]02/01 03:45:34 d3d: Query PIXELTIMINGS support: false
I           m3dapp.cpp[1336]02/01 03:45:34 d3d: Query BANDWIDTHTIMINGS support: false
I           m3dapp.cpp[1336]02/01 03:45:34 d3d: Query CACHEUTILIZATION support: false
I           m3dapp.cpp[1336]02/01 03:45:35 d3d: Creating or resetting the device
I           m3dapp.cpp[1336]02/01 03:45:35 d3d: Back buffer format: X8R8G8B8
I           m3dapp.cpp[1336]02/01 03:45:35 d3d: Depth/stencil buffer format: D24S8
I           m3dapp.cpp[1336]02/01 03:45:35 d3d: Stenciling: off
I           m3dapp.cpp[1336]02/01 03:45:35 d3d: Rgba textures format: DXT5
I           m3dapp.cpp[1336]02/01 03:45:35 d3d: Rgba no c. textures format: A8R8G8B8
I           m3dapp.cpp[1336]02/01 03:45:35 d3d: RgbA textures format: DXT5
I           m3dapp.cpp[1336]02/01 03:45:35 d3d: RgbA no c. textures format: A4R4G4B4
I           m3dapp.cpp[1336]02/01 03:45:35 d3d: Rt textures format: A8R8G8B8
I           m3dapp.cpp[1336]02/01 03:45:35 d3d: Shadow textures format: R5G6B5
I           m3dapp.cpp[1336]02/01 03:45:35 d3d: Rt depth format: D16
I           m3dapp.cpp[2206]02/01 03:45:35 NOTE! input is bind to input_di8.dll
I           m3dapp.cpp[1938]02/01 03:45:35 NOTE! sound is bind to sound.dll
I           m3dapp.cpp[1350]02/01 03:45:35 input: Joystick not found
I           m3dapp.cpp[1343]02/01 03:45:36 snd: Max sound channels available: 128
I           m3dapp.cpp[1343]02/01 03:45:36 snd: Sound is inited successfully
I             font.cpp[0976]02/01 03:45:36 FontManager: fonts are loaded successfully
I           m3dapp.cpp[1336]02/01 03:45:37 d3d: Cannot open data\models\logos\fishmen.dds
I           m3dapp.cpp[1336]02/01 03:45:37 d3d: texmap failed to load: data\models\logos\fishmen.dds
E       DraftModel.cpp[1002]02/01 03:45:37 Error: Couldn't load texture data\models\logos\fishmen.dds for model logos.gam
I           m3dapp.cpp[1336]02/01 03:45:37 d3d: Cannot open data\models\logos\logo32.dds
I           m3dapp.cpp[1336]02/01 03:45:37 d3d: texmap failed to load: data\models\logos\logo32.dds
E       DraftModel.cpp[1002]02/01 03:45:37 Error: Couldn't load texture data\models\logos\logo32.dds for model logos.gam
I           m3dapp.cpp[1336]02/01 03:45:37 d3d: Cannot open data\models\logos\logo33.dds
I           m3dapp.cpp[1336]02/01 03:45:37 d3d: texmap failed to load: data\models\logos\logo33.dds
E       DraftModel.cpp[1002]02/01 03:45:37 Error: Couldn't load texture data\models\logos\logo33.dds for model logos.gam
I           m3dapp.cpp[1336]02/01 03:45:37 d3d: Cannot open data\models\logos\logo34.dds
I           m3dapp.cpp[1336]02/01 03:45:37 d3d: texmap failed to load: data\models\logos\logo34.dds
E       DraftModel.cpp[1002]02/01 03:45:37 Error: Couldn't load texture data\models\logos\logo34.dds for model logos.gam
I           m3dapp.cpp[1336]02/01 03:45:37 d3d: Cannot open data\models\logos\logo35.dds
I           m3dapp.cpp[1336]02/01 03:45:37 d3d: texmap failed to load: data\models\logos\logo35.dds
E       DraftModel.cpp[1002]02/01 03:45:37 Error: Couldn't load texture data\models\logos\logo35.dds for model logos.gam
I           m3dapp.cpp[1336]02/01 03:45:37 d3d: Cannot open data\models\logos\logo36.dds
I           m3dapp.cpp[1336]02/01 03:45:37 d3d: texmap failed to load: data\models\logos\logo36.dds
E       DraftModel.cpp[1002]02/01 03:45:37 Error: Couldn't load texture data\models\logos\logo36.dds for model logos.gam
I           m3dapp.cpp[1336]02/01 03:45:37 d3d: Cannot open data\models\logos\logo37.dds
I           m3dapp.cpp[1336]02/01 03:45:37 d3d: texmap failed to load: data\models\logos\logo37.dds
E       DraftModel.cpp[1002]02/01 03:45:37 Error: Couldn't load texture data\models\logos\logo37.dds for model logos.gam
I           m3dapp.cpp[1336]02/01 03:45:37 d3d: Cannot open data\models\logos\logo38.dds
I           m3dapp.cpp[1336]02/01 03:45:37 d3d: texmap failed to load: data\models\logos\logo38.dds
E       DraftModel.cpp[1002]02/01 03:45:37 Error: Couldn't load texture data\models\logos\logo38.dds for model logos.gam
I           m3dapp.cpp[1336]02/01 03:45:37 d3d: Cannot open data\models\logos\logo39.dds
I           m3dapp.cpp[1336]02/01 03:45:37 d3d: texmap failed to load: data\models\logos\logo39.dds
E       DraftModel.cpp[1002]02/01 03:45:37 Error: Couldn't load texture data\models\logos\logo39.dds for model logos.gam
I           m3dapp.cpp[1336]02/01 03:45:37 d3d: Cannot open data\models\logos\logo40.dds
I           m3dapp.cpp[1336]02/01 03:45:37 d3d: texmap failed to load: data\models\logos\logo40.dds
E       DraftModel.cpp[1002]02/01 03:45:37 Error: Couldn't load texture data\models\logos\logo40.dds for model logos.gam
I           m3dapp.cpp[1336]02/01 03:45:37 d3d: Cannot open data\models\logos\logo41.dds
I           m3dapp.cpp[1336]02/01 03:45:37 d3d: texmap failed to load: data\models\logos\logo41.dds
E       DraftModel.cpp[1002]02/01 03:45:37 Error: Couldn't load texture data\models\logos\logo41.dds for model logos.gam
I           m3dapp.cpp[1336]02/01 03:45:37 d3d: Cannot open data\models\logos\logo42.dds
I           m3dapp.cpp[1336]02/01 03:45:37 d3d: texmap failed to load: data\models\logos\logo42.dds
E       DraftModel.cpp[1002]02/01 03:45:37 Error: Couldn't load texture data\models\logos\logo42.dds for model logos.gam
I           m3dapp.cpp[1336]02/01 03:45:37 d3d: Cannot open data\models\logos\logo43.dds
I           m3dapp.cpp[1336]02/01 03:45:37 d3d: texmap failed to load: data\models\logos\logo43.dds
E       DraftModel.cpp[1002]02/01 03:45:37 Error: Couldn't load texture data\models\logos\logo43.dds for model logos.gam
I           m3dapp.cpp[1336]02/01 03:45:37 d3d: Cannot open data\models\logos\logo44.dds
I           m3dapp.cpp[1336]02/01 03:45:37 d3d: texmap failed to load: data\models\logos\logo44.dds
E       DraftModel.cpp[1002]02/01 03:45:37 Error: Couldn't load texture data\models\logos\logo44.dds for model logos.gam
I           m3dapp.cpp[1336]02/01 03:45:37 d3d: Cannot open data\models\logos\logo45.dds
I           m3dapp.cpp[1336]02/01 03:45:37 d3d: texmap failed to load: data\models\logos\logo45.dds
E       DraftModel.cpp[1002]02/01 03:45:37 Error: Couldn't load texture data\models\logos\logo45.dds for model logos.gam
I           m3dapp.cpp[1336]02/01 03:45:37 d3d: Cannot open data\models\logos\logo46.dds
I           m3dapp.cpp[1336]02/01 03:45:37 d3d: texmap failed to load: data\models\logos\logo46.dds
E       DraftModel.cpp[1002]02/01 03:45:37 Error: Couldn't load texture data\models\logos\logo46.dds for model logos.gam
I           m3dapp.cpp[1336]02/01 03:45:37 d3d: Cannot open data\models\logos\logo47.dds
I           m3dapp.cpp[1336]02/01 03:45:37 d3d: texmap failed to load: data\models\logos\logo47.dds
E       DraftModel.cpp[1002]02/01 03:45:37 Error: Couldn't load texture data\models\logos\logo47.dds for model logos.gam
I           m3dapp.cpp[1336]02/01 03:45:37 d3d: Cannot open data\models\logos\logo48.dds
I           m3dapp.cpp[1336]02/01 03:45:37 d3d: texmap failed to load: data\models\logos\logo48.dds
E       DraftModel.cpp[1002]02/01 03:45:37 Error: Couldn't load texture data\models\logos\logo48.dds for model logos.gam
I           m3dapp.cpp[1336]02/01 03:45:37 d3d: Cannot open data\models\logos\logo49.dds
I           m3dapp.cpp[1336]02/01 03:45:37 d3d: texmap failed to load: data\models\logos\logo49.dds
E       DraftModel.cpp[1002]02/01 03:45:37 Error: Couldn't load texture data\models\logos\logo49.dds for model logos.gam
I           m3dapp.cpp[1336]02/01 03:45:37 d3d: Cannot open data\models\logos\logo50.dds
I           m3dapp.cpp[1336]02/01 03:45:37 d3d: texmap failed to load: data\models\logos\logo50.dds
E       DraftModel.cpp[1002]02/01 03:45:37 Error: Couldn't load texture data\models\logos\logo50.dds for model logos.gam
I           m3dapp.cpp[1336]02/01 03:45:37 d3d: Cannot open data\models\logos\logo51.dds
I           m3dapp.cpp[1336]02/01 03:45:37 d3d: texmap failed to load: data\models\logos\logo51.dds
E       DraftModel.cpp[1002]02/01 03:45:37 Error: Couldn't load texture data\models\logos\logo51.dds for model logos.gam
I           m3dapp.cpp[1336]02/01 03:45:37 d3d: Cannot open data\models\logos\logo52.dds
I           m3dapp.cpp[1336]02/01 03:45:37 d3d: texmap failed to load: data\models\logos\logo52.dds
E       DraftModel.cpp[1002]02/01 03:45:37 Error: Couldn't load texture data\models\logos\logo52.dds for model logos.gam
I           m3dapp.cpp[1336]02/01 03:45:37 d3d: Cannot open data\models\logos\logo53.dds
I           m3dapp.cpp[1336]02/01 03:45:37 d3d: texmap failed to load: data\models\logos\logo53.dds
E       DraftModel.cpp[1002]02/01 03:45:37 Error: Couldn't load texture data\models\logos\logo53.dds for model logos.gam
I           m3dapp.cpp[1336]02/01 03:45:37 d3d: Cannot open data\models\logos\logo54.dds
I           m3dapp.cpp[1336]02/01 03:45:37 d3d: texmap failed to load: data\models\logos\logo54.dds
E       DraftModel.cpp[1002]02/01 03:45:37 Error: Couldn't load texture data\models\logos\logo54.dds for model logos.gam
I           m3dapp.cpp[1336]02/01 03:45:37 d3d: Cannot open data\models\logos\logo55.dds
I           m3dapp.cpp[1336]02/01 03:45:37 d3d: texmap failed to load: data\models\logos\logo55.dds
E       DraftModel.cpp[1002]02/01 03:45:37 Error: Couldn't load texture data\models\logos\logo55.dds for model logos.gam
I           m3dapp.cpp[1336]02/01 03:45:37 d3d: Cannot open data\models\logos\logo56.dds
I           m3dapp.cpp[1336]02/01 03:45:37 d3d: texmap failed to load: data\models\logos\logo56.dds
E       DraftModel.cpp[1002]02/01 03:45:37 Error: Couldn't load texture data\models\logos\logo56.dds for model logos.gam
I           m3dapp.cpp[1336]02/01 03:45:37 d3d: Cannot open data\models\logos\logo57.dds
I           m3dapp.cpp[1336]02/01 03:45:37 d3d: texmap failed to load: data\models\logos\logo57.dds
E       DraftModel.cpp[1002]02/01 03:45:37 Error: Couldn't load texture data\models\logos\logo57.dds for model logos.gam
I           m3dapp.cpp[1336]02/01 03:45:37 d3d: Cannot open data\models\logos\logo58.dds
I           m3dapp.cpp[1336]02/01 03:45:37 d3d: texmap failed to load: data\models\logos\logo58.dds
E       DraftModel.cpp[1002]02/01 03:45:37 Error: Couldn't load texture data\models\logos\logo58.dds for model logos.gam
I           m3dapp.cpp[1336]02/01 03:45:37 d3d: Cannot open data\models\logos\logo59.dds
I           m3dapp.cpp[1336]02/01 03:45:37 d3d: texmap failed to load: data\models\logos\logo59.dds
E       DraftModel.cpp[1002]02/01 03:45:37 Error: Couldn't load texture data\models\logos\logo59.dds for model logos.gam
I           m3dapp.cpp[1336]02/01 03:45:37 d3d: Cannot open data\models\logos\logo60.dds
I           m3dapp.cpp[1336]02/01 03:45:37 d3d: texmap failed to load: data\models\logos\logo60.dds
E       DraftModel.cpp[1002]02/01 03:45:37 Error: Couldn't load texture data\models\logos\logo60.dds for model logos.gam
I           m3dapp.cpp[1336]02/01 03:45:37 d3d: Cannot open data\models\logos\logo61.dds
I           m3dapp.cpp[1336]02/01 03:45:37 d3d: texmap failed to load: data\models\logos\logo61.dds
E       DraftModel.cpp[1002]02/01 03:45:37 Error: Couldn't load texture data\models\logos\logo61.dds for model logos.gam
I           m3dapp.cpp[1336]02/01 03:45:37 d3d: Cannot open data\models\logos\logo62.dds
I           m3dapp.cpp[1336]02/01 03:45:37 d3d: texmap failed to load: data\models\logos\logo62.dds
E       DraftModel.cpp[1002]02/01 03:45:37 Error: Couldn't load texture data\models\logos\logo62.dds for model logos.gam
I           m3dapp.cpp[1336]02/01 03:45:37 d3d: Cannot open data\models\logos\logo63.dds
I           m3dapp.cpp[1336]02/01 03:45:37 d3d: texmap failed to load: data\models\logos\logo63.dds
E       DraftModel.cpp[1002]02/01 03:45:37 Error: Couldn't load texture data\models\logos\logo63.dds for model logos.gam
I           m3dapp.cpp[1336]02/01 03:45:37 d3d: Cannot open data\models\logos\logo64.dds
I           m3dapp.cpp[1336]02/01 03:45:37 d3d: texmap failed to load: data\models\logos\logo64.dds
E       DraftModel.cpp[1002]02/01 03:45:37 Error: Couldn't load texture data\models\logos\logo64.dds for model logos.gam
I           m3dapp.cpp[1336]02/01 03:45:37 d3d: Cannot open data\models\logos\logo65.dds
I           m3dapp.cpp[1336]02/01 03:45:37 d3d: texmap failed to load: data\models\logos\logo65.dds
E       DraftModel.cpp[1002]02/01 03:45:37 Error: Couldn't load texture data\models\logos\logo65.dds for model logos.gam
I           m3dapp.cpp[1336]02/01 03:45:37 d3d: Cannot open data\models\logos\logo66.dds
I           m3dapp.cpp[1336]02/01 03:45:37 d3d: texmap failed to load: data\models\logos\logo66.dds
E       DraftModel.cpp[1002]02/01 03:45:37 Error: Couldn't load texture data\models\logos\logo66.dds for model logos.gam
I           m3dapp.cpp[1336]02/01 03:45:37 d3d: Cannot open data\models\logos\logo67.dds
I           m3dapp.cpp[1336]02/01 03:45:37 d3d: texmap failed to load: data\models\logos\logo67.dds
E       DraftModel.cpp[1002]02/01 03:45:37 Error: Couldn't load texture data\models\logos\logo67.dds for model logos.gam
I           m3dapp.cpp[1336]02/01 03:45:37 d3d: Cannot open data\models\logos\logo68.dds
I           m3dapp.cpp[1336]02/01 03:45:37 d3d: texmap failed to load: data\models\logos\logo68.dds
E       DraftModel.cpp[1002]02/01 03:45:37 Error: Couldn't load texture data\models\logos\logo68.dds for model logos.gam
I           m3dapp.cpp[1336]02/01 03:45:37 d3d: Cannot open data\models\logos\logo69.dds
I           m3dapp.cpp[1336]02/01 03:45:37 d3d: texmap failed to load: data\models\logos\logo69.dds
E       DraftModel.cpp[1002]02/01 03:45:37 Error: Couldn't load texture data\models\logos\logo69.dds for model logos.gam
I           m3dapp.cpp[1336]02/01 03:45:37 d3d: Cannot open data\models\logos\logo70.dds
I           m3dapp.cpp[1336]02/01 03:45:37 d3d: texmap failed to load: data\models\logos\logo70.dds
E       DraftModel.cpp[1002]02/01 03:45:37 Error: Couldn't load texture data\models\logos\logo70.dds for model logos.gam
I      gameimpulse.cpp[0288]02/01 03:45:37 Key bindings: were inited successfully
I           view32.cpp[0705]02/01 03:45:37 --- Init Media ---
I    GameUiManager.cpp[0303]02/01 03:45:37 Interface: is initializing...
I    GameUiManager.cpp[1580]02/01 03:45:37 Interface: clearing resource infos ...
I    GameUiManager.cpp[1491]02/01 03:45:37 Interface: loading resource infos ...
I    GameUiManager.cpp[1603]02/01 03:45:37 Interface: loading resources ...
I           m3dapp.cpp[1343]02/01 03:45:38 snd: Error: Can't Open SoundFile: 
I           m3dapp.cpp[1343]02/01 03:45:38 snd: Cannot open sound stream from file . Error: File not found, flags: 8272
I    GameUiManager.cpp[0395]02/01 03:45:38 Interface: is inited successfully
I        LevelInfo.cpp[0806]02/01 03:45:38 Level infos were loaded successfully from file data\if\diz\LevelInfo.xml
I        LevelInfo.cpp[0837]02/01 03:45:39 Error: could't open data\maps\r1m8.ssl file
E        LevelInfo.cpp[0749]02/01 03:45:39 LevelInfoManager was inited with errors
I   TruxxUiManager.cpp[0191]02/01 03:45:39 TruxxUiManager: was inited successfully
I      gameimpulse.cpp[0618]02/01 03:45:42 Key bindings: unbind all is done
I      gameimpulse.cpp[0324]02/01 03:45:42 Key bindings: were loaded successfully from file data\scripts\DefaultKeyBindings.lua
I      gameimpulse.cpp[1194]02/01 03:45:42 Key bindings: were bind from defaults
I            video.cpp[0704]02/01 03:45:42 Could not load specified video file: data\video\logobuka.wmv (hr = 80070003)
I     view32_video.cpp[0061]02/01 03:45:42 Error: couldn't load video 'data\video\logobuka.wmv'
I            video.cpp[0704]02/01 03:45:42 Could not load specified video file: data\video\logotargem.wmv (hr = 80070003)
I     view32_video.cpp[0061]02/01 03:45:42 Error: couldn't load video 'data\video\logotargem.wmv'
I            video.cpp[0704]02/01 03:45:42 Could not load specified video file: data\video\INTRO_RUS_FIELD.wmv (hr = 80070003)
I     view32_video.cpp[0061]02/01 03:45:42 Error: couldn't load video 'data\video\INTRO_RUS_FIELD.wmv'
I             core.lua[0013]02/01 03:45:42 IMPROVED STORYLINE V1.0.5.3 ORIGINAL BUILD 220422
I           m3dapp.cpp[1808]02/01 03:45:42 ----------------------- Engine inited in: 0
I          Profile.cpp[0602]02/01 03:45:42 Profile "RiverZone" set
I   TruxxUiManager.cpp[1422]02/01 03:45:42 Game mode changed. Old mode = 3, new mode = 2
I        SplashWnd.cpp[0244]02/01 03:45:42 Start splashing 11
I           view32.cpp[1048]02/01 03:45:42 -- Loading Level: data\maps\mainmenu.ssl --
I            world.cpp[0132]02/01 03:45:42 ----------------------- World Loading
F        landscape.cpp[1674]02/01 03:45:43  +- Enter function: Landscape::Load()
I        landscape.cpp[1911]02/01 03:45:43  |  ----------------------- Normal map loaded in: 11
I        landscape.cpp[1920]02/01 03:45:43  |  ----------------------- Tiles loaded in: 40
I        landscape.cpp[1944]02/01 03:45:43  |  ----------------------- ShoreLine loaded in: 13
F        landscape.cpp[1944]02/01 03:45:43  +- Exit function: Landscape::Load()
I            world.cpp[0169]02/01 03:45:43 ----------------------- Landscape loaded in: 396
I       DataServer.cpp[0587]02/01 03:45:43 Loading Servers: data\maps\MainMenu\servers.xml
I serverAnimatedModel.cpp[0630]02/01 03:45:45 ### Total time: 2231, GAM time: 886
I       DataServer.cpp[0587]02/01 03:45:45 Loading Servers: data\models\commonservers.xml
E      serverMusic.cpp[0216]02/01 03:45:51 MusicServer: cannot read file: data\music\music.xml id = 'LaBelleTown'
E      serverMusic.cpp[0216]02/01 03:45:51 MusicServer: cannot read file: data\music\music.xml id = 'block6_driving2'
E      serverMusic.cpp[0216]02/01 03:45:51 MusicServer: cannot read file: data\music\music.xml id = 'r11_1_driving'
E      serverMusic.cpp[0216]02/01 03:45:51 MusicServer: cannot read file: data\music\music.xml id = 'r11_1_alarm'
E      serverMusic.cpp[0216]02/01 03:45:51 MusicServer: cannot read file: data\music\music.xml id = 'r11_1_battle'
I            world.cpp[0210]02/01 03:45:51 ----------------------- Servers loaded in: 8249
I            world.cpp[0338]02/01 03:45:51 LoadWorld begin...
I            world.cpp[0350]02/01 03:45:51 %%%% read/parse xml: 48
I            world.cpp[0362]02/01 03:45:51 %%%% read from xml: 9
E    PlayerPassMap.cpp[0139]02/01 03:45:51 Couldn't load player pass map from file data\maps\MainMenu\player_passmap.xml
I            world.cpp[0444]02/01 03:45:51 %%%% link nodes: 36
I            world.cpp[0220]02/01 03:45:51 ----------------------- Nodes loaded in: 95
I            world.cpp[0228]02/01 03:45:51 ----------------------- Prefabs loaded in: 0
I            world.cpp[0247]02/01 03:45:52 ----------------------- World loaded in: 9183
I            world.cpp[0278]02/01 03:45:52 ----------------------- Roads loaded in: 272
I           view32.cpp[1078]02/01 03:45:52 Load Server begin...
I   TruxxUiManager.cpp[0974]02/01 03:45:52 Interface: is loaded successfully
I           server.cpp[0789]02/01 03:45:52 AI: Loading Server...
I           server.cpp[0796]02/01 03:45:52 	AI: Loading Relationship
I     Relationship.cpp[0134]02/01 03:45:52 		 File readed
I           server.cpp[0801]02/01 03:45:52 	AI: Loading SoilProps
I           server.cpp[0804]02/01 03:45:52 	AI: Loading ExternalPaths
I           server.cpp[0807]02/01 03:45:52 	AI: Loading PlayerPassMap
E    PlayerPassMap.cpp[0139]02/01 03:45:52 Couldn't load player pass map from file data\maps\MainMenu\player_passmap.xml
I           server.cpp[0813]02/01 03:45:52 	AI: Loading GameObjects
I           server.cpp[0816]02/01 03:45:52 	AI: Initializing VehicleGeneratorInfoCache
I           server.cpp[0820]02/01 03:45:52 	AI: Refreshing GameObjects
I           server.cpp[0824]02/01 03:45:53 	AI: Loading QuestStates
I       QuestState.cpp[0904]02/01 03:45:53 Quest 'Human1_Quest1' can be given now
I       QuestState.cpp[0904]02/01 03:45:53 Quest 'Human1_Quest2' can be given now
I       QuestState.cpp[0904]02/01 03:45:53 Quest 'BenGoodEnd' can be given now
I       QuestState.cpp[0904]02/01 03:45:53 Quest 'q_PlaceWithSign' can be given now
I       QuestState.cpp[0904]02/01 03:45:53 Quest 'r3m2_OracleMemory' can be given now
I       QuestState.cpp[0904]02/01 03:45:53 Quest 'r3m2_TalkWithLisa' can be given now
I       QuestState.cpp[0904]02/01 03:45:53 Quest 'r3m2_TalkWithBenAboutCarAfterOracul' can be given now
I       QuestState.cpp[0904]02/01 03:45:53 Quest 'r3m2_FindInfoAboutFather' can be given now
I       QuestState.cpp[0904]02/01 03:45:53 Quest 'r3m1_LureMainDriud' can be given now
I       QuestState.cpp[0904]02/01 03:45:53 Quest 'r3m1_ClearSanctuary' can be given now
I       QuestState.cpp[0904]02/01 03:45:53 Quest 'r3m1_KnowAboutUluk' can be given now
I       QuestState.cpp[0904]02/01 03:45:53 Quest 'r3m1_RescueUlukCivil' can be given now
I       QuestState.cpp[0904]02/01 03:45:53 Quest 'q_VisitDruid' can be given now
I       QuestState.cpp[0904]02/01 03:45:53 Quest 'r2m2_Znaki2_Quest' can be given now
I       QuestState.cpp[0904]02/01 03:45:53 Quest 'r2m2_HeadsHunterQuest' can be given now
I       QuestState.cpp[0904]02/01 03:45:53 Quest 'r2m2_OldDvigatel1_Quest' can be given now
I       QuestState.cpp[0904]02/01 03:45:53 Quest 'r2m2_OldDvigatel2_Quest' can be given now
I       QuestState.cpp[0904]02/01 03:45:53 Quest 'r2m2_FightFelix' can be given now
I       QuestState.cpp[0904]02/01 03:45:53 Quest 'r2m2_ReturnToMarecciaFromCastle' can be given now
I       QuestState.cpp[0904]02/01 03:45:53 Quest 'r2m2_FightWithAxelInArena_Quest' can be given now
I       QuestState.cpp[0904]02/01 03:45:53 Quest 'r2m2_FindLisAfterAxelAndFatherDie_Quest' can be given now
I       QuestState.cpp[0904]02/01 03:45:53 Quest 'r2m2_ToLisaToMonastir' can be given now
I       QuestState.cpp[0904]02/01 03:45:53 Quest 'r2m2_FightLisaToMonastir' can be given now
I       QuestState.cpp[0904]02/01 03:45:53 Quest 'r2m2_GiveDisk2ToOrakul' can be given now
I       QuestState.cpp[0904]02/01 03:45:53 Quest 'MrShlyapa3_Quest' can be given now
I       QuestState.cpp[0904]02/01 03:45:53 Quest 'r2m1_ArtAntipod_Quest' can be given now
I       QuestState.cpp[0904]02/01 03:45:53 Quest 'r2m1_TakeNarcotics_Quest' can be given now
I       QuestState.cpp[0904]02/01 03:45:53 Quest 'r2m1_KillGodFather_Quest' can be given now
I       QuestState.cpp[0904]02/01 03:45:53 Quest 'MrShlyapaSecret' can be given now
I       QuestState.cpp[0904]02/01 03:45:53 Quest 'd_GetSupportOneOfTheBands2_Quest' can be given now
I       QuestState.cpp[0904]02/01 03:45:53 Quest 'd_GetSupportOneOfTheBands1_Quest' can be given now
I       QuestState.cpp[0904]02/01 03:45:53 Quest 'd_FindVerbInAR_Quest' can be given now
I       QuestState.cpp[0904]02/01 03:45:53 Quest 'd_FindVerbInSNG_Quest' can be given now
I       QuestState.cpp[0904]02/01 03:45:53 Quest 'd_PatrulSideSNG_Quest' can be given now
I       QuestState.cpp[0904]02/01 03:45:53 Quest 'd_TakeGeneralOfBandits_Quest' can be given now
I       QuestState.cpp[0904]02/01 03:45:53 Quest 'r2m1_TW_AlienInShip' can be given now
I       QuestState.cpp[0904]02/01 03:45:53 Quest 'Podderzhka_Quest' can be given now
I       QuestState.cpp[0904]02/01 03:45:53 Quest 'Zashita_Quest' can be given now
I       QuestState.cpp[0904]02/01 03:45:53 Quest 'preEretik_Quest' can be given now
I       QuestState.cpp[0904]02/01 03:45:53 Quest 'ReturnQuest' can be given now
I       QuestState.cpp[0904]02/01 03:45:53 Quest 'd_FindVerbInAM_Quest' can be given now
I       QuestState.cpp[0904]02/01 03:45:53 Quest 'OdettIsDead_Quest' can be given now
I       QuestState.cpp[0904]02/01 03:45:53 Quest 'Disk2OrakulLisa' can be given now
I       QuestState.cpp[0904]02/01 03:45:53 Quest 'FindGomerB_Quest1' can be given now
I       QuestState.cpp[0904]02/01 03:45:53 Quest 'FreeExtremistLeader_Quest1' can be given now
I       QuestState.cpp[0904]02/01 03:45:53 Quest 'KillExtremist_Quest1' can be given now
I       QuestState.cpp[0904]02/01 03:45:53 Quest 'r1m4_TalkWithOldTraderAboutSecondDisk' can be given now
I       QuestState.cpp[0904]02/01 03:45:53 Quest 'q_FindHusbent' can be given now
I       QuestState.cpp[0904]02/01 03:45:53 Quest 'RybakToOlm_Quest' can be given now
I       QuestState.cpp[0904]02/01 03:45:53 Quest 'AnanagaTech_Quest' can be given now
I       QuestState.cpp[0904]02/01 03:45:53 Quest 'MrShlyapa2_Quest' can be given now
I       QuestState.cpp[0904]02/01 03:45:53 Quest 'ToCordanToTikhomir_Quest' can be given now
I       QuestState.cpp[0904]02/01 03:45:53 Quest 'r1m3_BonnyAndKlideQuest' can be given now
I       QuestState.cpp[0904]02/01 03:45:53 Quest 'r1m3_ArchHelp' can be given now
I       QuestState.cpp[0904]02/01 03:45:53 Quest 'r1m3_CrazyManQuest' can be given now
I       QuestState.cpp[0904]02/01 03:45:53 Quest 'r1m3_OldTownOutsiderCar2_Quest' can be given now
I       QuestState.cpp[0904]02/01 03:45:53 Quest 'FightForPesht' can be given now
I       QuestState.cpp[0904]02/01 03:45:53 Quest 'd_RideAcrossBase_Quest' can be given now
I       QuestState.cpp[0904]02/01 03:45:53 Quest 'd_GiveMoneyToBase_Quest' can be given now
I       QuestState.cpp[0904]02/01 03:45:53 Quest 'd_GetBomb_Quest' can be given now
I       QuestState.cpp[0904]02/01 03:45:53 Quest 'd_IntrigaOfMerMinin_Quest' can be given now
I       QuestState.cpp[0904]02/01 03:45:53 Quest 'd_MoveFreelancersToOilMine_Quest' can be given now
I       QuestState.cpp[0904]02/01 03:45:53 Quest 'd_MoveCanistraToMinin_Quest' can be given now
I       QuestState.cpp[0904]02/01 03:45:53 Quest 'd_OpenTunel_Quest' can be given now
I       QuestState.cpp[0904]02/01 03:45:53 Quest 'r1m3_TalkWithThiefFromFatherHouse' can be given now
I       QuestState.cpp[0904]02/01 03:45:53 Quest 'r1m3_MoveToOraculAfterThief' can be given now
I       QuestState.cpp[0904]02/01 03:45:53 Quest 'r1m3_ToLisaToAsgard' can be given now
I       QuestState.cpp[0904]02/01 03:45:53 Quest 'r1m3_TW_OralceAboutAlien' can be given now
I       QuestState.cpp[0904]02/01 03:45:53 Quest 'r1m3_DestroyRadiationSource' can be given now
I       QuestState.cpp[0904]02/01 03:45:53 Quest 'r2m1_DestroyAlienShip' can be given now
I       QuestState.cpp[0904]02/01 03:45:53 Quest 'd_PayWorkersMoney_Quest' can be given now
I       QuestState.cpp[0904]02/01 03:45:53 Quest 'r2m1_TW_SellsCivilian' can be given now
I       QuestState.cpp[0904]02/01 03:45:53 Quest 'MorskieVrata2_Quest' can be given now
I       QuestState.cpp[0904]02/01 03:45:53 Quest 'Zachisti1_Quest' can be given now
I       QuestState.cpp[0904]02/01 03:45:53 Quest 'LisaVPeshte' can be given now
I       QuestState.cpp[0904]02/01 03:45:53 Quest 'LisaUBena' can be given now
I       QuestState.cpp[0904]02/01 03:45:53 Quest 'WhereSigns_Quest' can be given now
I       QuestState.cpp[0904]02/01 03:45:53 Quest 'CombatInKollizey_Quest' can be given now
I       QuestState.cpp[0904]02/01 03:45:53 Quest 'BuyKollizey_Quest' can be given now
I       QuestState.cpp[0904]02/01 03:45:53 Quest 'Kollizey_Quest' can be given now
I       QuestState.cpp[0904]02/01 03:45:53 Quest 'HelpRuins_Quest' can be given now
I       QuestState.cpp[0904]02/01 03:45:53 Quest 'DestroyRuins_Quest' can be given now
I       QuestState.cpp[0904]02/01 03:45:53 Quest 'DestroyRuins2_Quest' can be given now
I       QuestState.cpp[0904]02/01 03:45:53 Quest 'Signs_Quest' can be given now
I       QuestState.cpp[0904]02/01 03:45:53 Quest 'MrShlyapa1_Quest' can be given now
I       QuestState.cpp[0904]02/01 03:45:53 Quest 'FindBen2_Quest' can be given now
I       QuestState.cpp[0904]02/01 03:45:53 Quest 'd_FindHouseOfBen_Quest' can be given now
I       QuestState.cpp[0904]02/01 03:45:53 Quest 'r1m2_TW_BanAboutAlien' can be given now
I       QuestState.cpp[0904]02/01 03:45:53 Quest 'r1m3_DestroyOracle' can be given now
I       QuestState.cpp[0904]02/01 03:45:53 Quest 'Pomiritsa_Quest' can be given now
I       QuestState.cpp[0904]02/01 03:45:53 Quest 'VYar_Quest' can be given now
I       QuestState.cpp[0904]02/01 03:45:53 Quest 'FindBenMZ_Quest' can be given now
I       QuestState.cpp[0904]02/01 03:45:53 Quest 'QuickFindBen' can be given now
I       QuestState.cpp[0904]02/01 03:45:53 Quest 'OpenMid_Quest' can be given now
I       QuestState.cpp[0904]02/01 03:45:53 Quest 'TalkBeforeDesert' can be given now
I       QuestState.cpp[0904]02/01 03:45:53 Quest 'ZashitaGotova' can be given now
I       QuestState.cpp[0904]02/01 03:45:53 Quest 'FakeQuest1' can be given now
I       QuestState.cpp[0904]02/01 03:45:53 Quest 'Chehly_Quest' can be given now
I       QuestState.cpp[0904]02/01 03:45:53 Quest 'WorkGiver_Quest1' can be given now
I       QuestState.cpp[0904]02/01 03:45:53 Quest 'd_PunishBandits_Quest' can be given now
I       QuestState.cpp[0904]02/01 03:45:53 Quest 'r1m1_Hospital_Quest' can be given now
I       QuestState.cpp[0904]02/01 03:45:53 Quest 'r1m1_Botanik_Quest' can be given now
I       QuestState.cpp[0904]02/01 03:45:53 Quest 'r1m1_FindBotanik_Quest' can be given now
I       QuestState.cpp[0904]02/01 03:45:53 Quest 'Buyer_Quest1' can be given now
I       QuestState.cpp[0904]02/01 03:45:53 Quest 'FirstTimePlay' can be given now
I       QuestState.cpp[0904]02/01 03:45:53 Quest 'TalkWithFather_Quest' can be given now
I       QuestState.cpp[0904]02/01 03:45:53 Quest 'LisaAtSouth' can be given now
I       QuestState.cpp[0904]02/01 03:45:53 Quest 'FindBen_Quest' can be given now
I       QuestState.cpp[0904]02/01 03:45:53 Quest 'FindBenAgain_Quest' can be given now
I       QuestState.cpp[0904]02/01 03:45:53 Quest 'd_SinFather_Quest' can be given now
I       QuestState.cpp[0904]02/01 03:45:53 Quest 'TalkToVasily' can be given now
I       QuestState.cpp[0904]02/01 03:45:53 Quest 'CheckTheEast' can be given now
I       QuestState.cpp[0904]02/01 03:45:53 Quest 'BenSouth_Quest' can be given now
I           server.cpp[0826]02/01 03:45:53 	AI: QuestStates loaded
I           server.cpp[0828]02/01 03:45:53 	AI: Loading DynamicScene
I     DynamicScene.cpp[1470]02/01 03:45:53 		 Scene loading begin
I     DynamicScene.cpp[1472]02/01 03:45:53 		 Scene loading end
I           server.cpp[0837]02/01 03:45:53 	AI: DynamicScene loaded
I           server.cpp[0852]02/01 03:45:53 	AI: Loading Triggers
E           server.cpp[1242]02/01 03:45:53 Error: cannot open data\maps\MainMenu\
I           server.cpp[0855]02/01 03:45:53 	AI: Triggers loaded
I           server.cpp[0857]02/01 03:45:53 	AI: Loading Object Names
E     ObjContainer.cpp[1104]02/01 03:45:53 Error: cannot open data\maps\MainMenu\object_names.xml
I           server.cpp[0868]02/01 03:45:53 	AI: Initing Player
I           server.cpp[0888]02/01 03:45:53 		Before first Update
I   TruxxUiManager.cpp[1422]02/01 03:45:53 Game mode changed. Old mode = 2, new mode = 1
I           server.cpp[0909]02/01 03:45:53 		After first Update
I           server.cpp[0911]02/01 03:45:53 AI: Finished Loading Server
I           view32.cpp[1106]02/01 03:45:53 Load server end
I        QuestInfo.cpp[0847]02/01 03:45:53 Quest infos were loaded successfully from file data\if\diz\QuestInfoGlobal.xml
I        QuestInfo.cpp[0783]02/01 03:45:53 QuestInfo manager was inited successfully
I       MsgManager.cpp[0391]02/01 03:45:53 Can't open file data\maps\MainMenu\strings.xml for read.
I    GameUiManager.cpp[0303]02/01 03:45:53 Interface: is initializing...
I    GameUiManager.cpp[0405]02/01 03:45:53 Interface: is clearing...
I    GameUiManager.cpp[0495]02/01 03:45:53 Interface: is cleared successfully
I    GameUiManager.cpp[0395]02/01 03:45:53 Interface: is inited successfully
I blockMusicManager.cpp[0199]02/01 03:45:53 BlockMusicManager: resetting
I      gameimpulse.cpp[0618]02/01 03:45:53 Key bindings: unbind all is done
I      gameimpulse.cpp[0618]02/01 03:45:53 Key bindings: unbind all is done
I      gameimpulse.cpp[0324]02/01 03:45:53 Key bindings: were loaded successfully from file data/profiles/riverzone\KeyBindings.lua
I      gameimpulse.cpp[1222]02/01 03:45:53 Key bindings: were loaded from profile
I        SplashWnd.cpp[0244]02/01 03:46:15 Start splashing 11
I   TruxxUiManager.cpp[1422]02/01 03:46:15 Game mode changed. Old mode = 1, new mode = 0
I    GameUiManager.cpp[0405]02/01 03:46:15 Interface: is clearing...
I    GameUiManager.cpp[0495]02/01 03:46:15 Interface: is cleared successfully
I           view32.cpp[1048]02/01 03:46:15 -- Loading Level: data\maps\r8m1.ssl --
I            world.cpp[0132]02/01 03:46:15 ----------------------- World Loading
F        landscape.cpp[1674]02/01 03:46:15  +- Enter function: Landscape::Load()
I        landscape.cpp[1911]02/01 03:46:15  |  ----------------------- Normal map loaded in: 6
I        landscape.cpp[1920]02/01 03:46:15  |  ----------------------- Tiles loaded in: 44
I        landscape.cpp[1944]02/01 03:46:15  |  ----------------------- ShoreLine loaded in: 0
F        landscape.cpp[1944]02/01 03:46:15  +- Exit function: Landscape::Load()
I            world.cpp[0169]02/01 03:46:15 ----------------------- Landscape loaded in: 229
I       DataServer.cpp[0587]02/01 03:46:15 Loading Servers: data\maps\r8m1\servers.xml
I       DataServer.cpp[0594]02/01 03:46:15 Load servers: ReadXmlFile: Cannot open file data\maps\r8m1\servers.xml
I       DataServer.cpp[0587]02/01 03:46:15 Loading Servers: data\models\servers.xml
E        GamParser.cpp[0399]02/01 03:46:17 AnimatedModel::LoadGAM -- cannot open file data\models\objects\dweller_debik.gam
E        GamParser.cpp[0399]02/01 03:46:19 AnimatedModel::LoadGAM -- cannot open file data\models\Masks\Main\mask_debik.gam
E       DraftModel.cpp[1002]02/01 03:46:24 Error: Couldn't load texture data\models\vehicles\belaz\cab01_mt.dds for model cargov1.gam
E       DraftModel.cpp[1002]02/01 03:46:24 Error: Couldn't load texture data\models\vehicles\belaz\cab01_mt.dds for model cargov1.gam
E       DraftModel.cpp[1002]02/01 03:46:24 Error: Couldn't load texture data\models\vehicles\belaz\cab01_mt.dds for model cargov1.gam
E       DraftModel.cpp[1002]02/01 03:46:24 Error: Couldn't load texture data\models\vehicles\belaz\cab01_mt.dds for model cargov1.gam
E       DraftModel.cpp[1002]02/01 03:46:24 Error: Couldn't load texture data\models\vehicles\belaz\cab01_mt.dds for model cargov1.gam
E       DraftModel.cpp[1002]02/01 03:46:24 Error: Couldn't load texture data\models\vehicles\belaz\cab01_mt.dds for model cargov1.gam
E       DraftModel.cpp[1002]02/01 03:46:24 Error: Couldn't load texture data\models\vehicles\belaz\cab01_mt.dds for model cargov1.gam
E       DraftModel.cpp[1002]02/01 03:46:24 Error: Couldn't load texture data\models\vehicles\belaz\cab01_mt.dds for model cargov1.gam
E       DraftModel.cpp[1002]02/01 03:46:24 Error: Couldn't load texture data\models\vehicles\belaz\cab01_mt.dds for model cargov1.gam
E serverAnimatedModel.cpp[0627]02/01 03:46:28 ServerAnimatedModels: cannot read file: file:data\models\AnimModels.xml id = dweller_brodyaga
E serverAnimatedModel.cpp[0627]02/01 03:46:28 ServerAnimatedModels: cannot read file: file:data\models\AnimModels.xml id = mask_debik
E serverAnimatedModel.cpp[0627]02/01 03:46:28 ServerAnimatedModels: cannot read file: file:data\models\AnimModels.xml id = big_brock_wall
E serverAnimatedModel.cpp[0627]02/01 03:46:28 ServerAnimatedModels: cannot read file: file:data\models\AnimModels.xml id = dub1_r2
E serverAnimatedModel.cpp[0627]02/01 03:46:28 ServerAnimatedModels: cannot read file: file:data\models\AnimModels.xml id = boss_barrel
I serverAnimatedModel.cpp[0630]02/01 03:46:28 ### Total time: 12511, GAM time: 11468
I       DataServer.cpp[0587]02/01 03:46:28 Loading Servers: data\models\commonservers.xml
E      serverMusic.cpp[0216]02/01 03:46:29 MusicServer: cannot read file: data\music\music.xml id = 'LaBelleTown'
E      serverMusic.cpp[0216]02/01 03:46:29 MusicServer: cannot read file: data\music\music.xml id = 'block6_driving2'
E      serverMusic.cpp[0216]02/01 03:46:29 MusicServer: cannot read file: data\music\music.xml id = 'r11_1_driving'
E      serverMusic.cpp[0216]02/01 03:46:29 MusicServer: cannot read file: data\music\music.xml id = 'r11_1_alarm'
E      serverMusic.cpp[0216]02/01 03:46:29 MusicServer: cannot read file: data\music\music.xml id = 'r11_1_battle'
I            world.cpp[0210]02/01 03:46:29 ----------------------- Servers loaded in: 13503
I            world.cpp[0338]02/01 03:46:29 LoadWorld begin...
I            world.cpp[0350]02/01 03:46:29 %%%% read/parse xml: 248
I            world.cpp[0362]02/01 03:46:30 %%%% read from xml: 373
I            world.cpp[0444]02/01 03:46:31 %%%% link nodes: 1036
I            world.cpp[0220]02/01 03:46:31 ----------------------- Nodes loaded in: 1666
I            world.cpp[0228]02/01 03:46:31 ----------------------- Prefabs loaded in: 0
I            world.cpp[0247]02/01 03:46:31 ----------------------- World loaded in: 15945
E        GamParser.cpp[0399]02/01 03:46:31 AnimatedModel::LoadGAM -- cannot open file data\models\roads\road_small_highway\small_highway_end.gam-
I      roadManager.cpp[0139]02/01 03:46:31 RoadManager error( model not loaded ): data\models\roads\road_small_highway\small_highway_end.gam-
I            world.cpp[0278]02/01 03:46:33 ----------------------- Roads loaded in: 2013
I           view32.cpp[1078]02/01 03:46:33 Load Server begin...
I            Reply.cpp[0415]02/01 03:46:34 Replies were loaded successfully from file data\if\diz\DialogsGlobal.xml
I            Reply.cpp[0415]02/01 03:46:34 Replies were loaded successfully from file data\if\diz\DynamicDialogsGlobal.xml
I            Reply.cpp[0343]02/01 03:46:34 RepliesManager was inited successfully
I    GameUiManager.cpp[1603]02/01 03:46:34 Interface: loading resources ...
I     ObjectsIcons.cpp[0198]02/01 03:46:38 ObjectsIcons::AddIcon warning - ico with id SpeedPointer already exists and wiil be replaced
I    GameUiManager.cpp[1603]02/01 03:46:41 Interface: loading resources ...
I   TruxxUiManager.cpp[0974]02/01 03:46:41 Interface: is loaded successfully
I           server.cpp[0789]02/01 03:46:41 AI: Loading Server...
I           server.cpp[0796]02/01 03:46:41 	AI: Loading Relationship
I     Relationship.cpp[0134]02/01 03:46:41 		 File readed
I           server.cpp[0801]02/01 03:46:41 	AI: Loading SoilProps
I           server.cpp[0804]02/01 03:46:41 	AI: Loading ExternalPaths
I           server.cpp[0807]02/01 03:46:41 	AI: Loading PlayerPassMap
I           server.cpp[0813]02/01 03:46:41 	AI: Loading GameObjects
I           server.cpp[0816]02/01 03:46:41 	AI: Initializing VehicleGeneratorInfoCache
I           server.cpp[0820]02/01 03:46:41 	AI: Refreshing GameObjects
E      VehiclePart.cpp[0138]02/01 03:46:41 Error: collision geom in vehicle part name = 'boss04station' is not BOX
E      VehiclePart.cpp[0138]02/01 03:46:42 Error: collision geom in vehicle part name = 'heavy_dot1' is not BOX
I           server.cpp[0824]02/01 03:46:42 	AI: Loading QuestStates
I       QuestState.cpp[0904]02/01 03:46:42 Quest 'Human1_Quest1' can be given now
I       QuestState.cpp[0904]02/01 03:46:42 Quest 'Human1_Quest2' can be given now
I       QuestState.cpp[0904]02/01 03:46:42 Quest 'BenGoodEnd' can be given now
I       QuestState.cpp[0904]02/01 03:46:42 Quest 'q_PlaceWithSign' can be given now
I       QuestState.cpp[0904]02/01 03:46:42 Quest 'r3m2_OracleMemory' can be given now
I       QuestState.cpp[0904]02/01 03:46:42 Quest 'r3m2_TalkWithLisa' can be given now
I       QuestState.cpp[0904]02/01 03:46:42 Quest 'r3m2_TalkWithBenAboutCarAfterOracul' can be given now
I       QuestState.cpp[0904]02/01 03:46:42 Quest 'r3m2_FindInfoAboutFather' can be given now
I       QuestState.cpp[0904]02/01 03:46:42 Quest 'r3m1_LureMainDriud' can be given now
I       QuestState.cpp[0904]02/01 03:46:42 Quest 'r3m1_ClearSanctuary' can be given now
I       QuestState.cpp[0904]02/01 03:46:42 Quest 'r3m1_KnowAboutUluk' can be given now
I       QuestState.cpp[0904]02/01 03:46:42 Quest 'r3m1_RescueUlukCivil' can be given now
I       QuestState.cpp[0904]02/01 03:46:42 Quest 'q_VisitDruid' can be given now
I       QuestState.cpp[0904]02/01 03:46:42 Quest 'r2m2_Znaki2_Quest' can be given now
I       QuestState.cpp[0904]02/01 03:46:42 Quest 'r2m2_HeadsHunterQuest' can be given now
I       QuestState.cpp[0904]02/01 03:46:42 Quest 'r2m2_OldDvigatel1_Quest' can be given now
I       QuestState.cpp[0904]02/01 03:46:42 Quest 'r2m2_OldDvigatel2_Quest' can be given now
I       QuestState.cpp[0904]02/01 03:46:42 Quest 'r2m2_FightFelix' can be given now
I       QuestState.cpp[0904]02/01 03:46:42 Quest 'r2m2_ReturnToMarecciaFromCastle' can be given now
I       QuestState.cpp[0904]02/01 03:46:42 Quest 'r2m2_FightWithAxelInArena_Quest' can be given now
I       QuestState.cpp[0904]02/01 03:46:42 Quest 'r2m2_FindLisAfterAxelAndFatherDie_Quest' can be given now
I       QuestState.cpp[0904]02/01 03:46:42 Quest 'r2m2_ToLisaToMonastir' can be given now
I       QuestState.cpp[0904]02/01 03:46:42 Quest 'r2m2_FightLisaToMonastir' can be given now
I       QuestState.cpp[0904]02/01 03:46:42 Quest 'r2m2_GiveDisk2ToOrakul' can be given now
I       QuestState.cpp[0904]02/01 03:46:42 Quest 'MrShlyapa3_Quest' can be given now
I       QuestState.cpp[0904]02/01 03:46:42 Quest 'r2m1_ArtAntipod_Quest' can be given now
I       QuestState.cpp[0904]02/01 03:46:42 Quest 'r2m1_TakeNarcotics_Quest' can be given now
I       QuestState.cpp[0904]02/01 03:46:42 Quest 'r2m1_KillGodFather_Quest' can be given now
I       QuestState.cpp[0904]02/01 03:46:42 Quest 'MrShlyapaSecret' can be given now
I       QuestState.cpp[0904]02/01 03:46:42 Quest 'd_GetSupportOneOfTheBands2_Quest' can be given now
I       QuestState.cpp[0904]02/01 03:46:42 Quest 'd_GetSupportOneOfTheBands1_Quest' can be given now
I       QuestState.cpp[0904]02/01 03:46:42 Quest 'd_FindVerbInAR_Quest' can be given now
I       QuestState.cpp[0904]02/01 03:46:42 Quest 'd_FindVerbInSNG_Quest' can be given now
I       QuestState.cpp[0904]02/01 03:46:42 Quest 'd_PatrulSideSNG_Quest' can be given now
I       QuestState.cpp[0904]02/01 03:46:42 Quest 'd_TakeGeneralOfBandits_Quest' can be given now
I       QuestState.cpp[0904]02/01 03:46:42 Quest 'r2m1_TW_AlienInShip' can be given now
I       QuestState.cpp[0904]02/01 03:46:42 Quest 'Podderzhka_Quest' can be given now
I       QuestState.cpp[0904]02/01 03:46:42 Quest 'Zashita_Quest' can be given now
I       QuestState.cpp[0904]02/01 03:46:42 Quest 'preEretik_Quest' can be given now
I       QuestState.cpp[0904]02/01 03:46:42 Quest 'ReturnQuest' can be given now
I       QuestState.cpp[0904]02/01 03:46:42 Quest 'd_FindVerbInAM_Quest' can be given now
I       QuestState.cpp[0904]02/01 03:46:42 Quest 'OdettIsDead_Quest' can be given now
I       QuestState.cpp[0904]02/01 03:46:42 Quest 'Disk2OrakulLisa' can be given now
I       QuestState.cpp[0904]02/01 03:46:42 Quest 'FindGomerB_Quest1' can be given now
I       QuestState.cpp[0904]02/01 03:46:42 Quest 'FreeExtremistLeader_Quest1' can be given now
I       QuestState.cpp[0904]02/01 03:46:42 Quest 'KillExtremist_Quest1' can be given now
I       QuestState.cpp[0904]02/01 03:46:42 Quest 'r1m4_TalkWithOldTraderAboutSecondDisk' can be given now
I       QuestState.cpp[0904]02/01 03:46:42 Quest 'q_FindHusbent' can be given now
I       QuestState.cpp[0904]02/01 03:46:42 Quest 'RybakToOlm_Quest' can be given now
I       QuestState.cpp[0904]02/01 03:46:42 Quest 'AnanagaTech_Quest' can be given now
I       QuestState.cpp[0904]02/01 03:46:42 Quest 'MrShlyapa2_Quest' can be given now
I       QuestState.cpp[0904]02/01 03:46:42 Quest 'ToCordanToTikhomir_Quest' can be given now
I       QuestState.cpp[0904]02/01 03:46:42 Quest 'r1m3_BonnyAndKlideQuest' can be given now
I       QuestState.cpp[0904]02/01 03:46:42 Quest 'r1m3_ArchHelp' can be given now
I       QuestState.cpp[0904]02/01 03:46:42 Quest 'r1m3_CrazyManQuest' can be given now
I       QuestState.cpp[0904]02/01 03:46:42 Quest 'r1m3_OldTownOutsiderCar2_Quest' can be given now
I       QuestState.cpp[0904]02/01 03:46:42 Quest 'FightForPesht' can be given now
I       QuestState.cpp[0904]02/01 03:46:42 Quest 'd_RideAcrossBase_Quest' can be given now
I       QuestState.cpp[0904]02/01 03:46:42 Quest 'd_GiveMoneyToBase_Quest' can be given now
I       QuestState.cpp[0904]02/01 03:46:42 Quest 'd_GetBomb_Quest' can be given now
I       QuestState.cpp[0904]02/01 03:46:42 Quest 'd_IntrigaOfMerMinin_Quest' can be given now
I       QuestState.cpp[0904]02/01 03:46:42 Quest 'd_MoveFreelancersToOilMine_Quest' can be given now
I       QuestState.cpp[0904]02/01 03:46:42 Quest 'd_MoveCanistraToMinin_Quest' can be given now
I       QuestState.cpp[0904]02/01 03:46:42 Quest 'd_OpenTunel_Quest' can be given now
I       QuestState.cpp[0904]02/01 03:46:42 Quest 'r1m3_TalkWithThiefFromFatherHouse' can be given now
I       QuestState.cpp[0904]02/01 03:46:42 Quest 'r1m3_MoveToOraculAfterThief' can be given now
I       QuestState.cpp[0904]02/01 03:46:42 Quest 'r1m3_ToLisaToAsgard' can be given now
I       QuestState.cpp[0904]02/01 03:46:42 Quest 'r1m3_TW_OralceAboutAlien' can be given now
I       QuestState.cpp[0904]02/01 03:46:42 Quest 'r1m3_DestroyRadiationSource' can be given now
I       QuestState.cpp[0904]02/01 03:46:42 Quest 'r2m1_DestroyAlienShip' can be given now
I       QuestState.cpp[0904]02/01 03:46:42 Quest 'd_PayWorkersMoney_Quest' can be given now
I       QuestState.cpp[0904]02/01 03:46:42 Quest 'r2m1_TW_SellsCivilian' can be given now
I       QuestState.cpp[0904]02/01 03:46:42 Quest 'MorskieVrata2_Quest' can be given now
I       QuestState.cpp[0904]02/01 03:46:42 Quest 'Zachisti1_Quest' can be given now
I       QuestState.cpp[0904]02/01 03:46:42 Quest 'LisaVPeshte' can be given now
I       QuestState.cpp[0904]02/01 03:46:42 Quest 'LisaUBena' can be given now
I       QuestState.cpp[0904]02/01 03:46:42 Quest 'WhereSigns_Quest' can be given now
I       QuestState.cpp[0904]02/01 03:46:42 Quest 'CombatInKollizey_Quest' can be given now
I       QuestState.cpp[0904]02/01 03:46:42 Quest 'BuyKollizey_Quest' can be given now
I       QuestState.cpp[0904]02/01 03:46:42 Quest 'Kollizey_Quest' can be given now
I       QuestState.cpp[0904]02/01 03:46:42 Quest 'HelpRuins_Quest' can be given now
I       QuestState.cpp[0904]02/01 03:46:42 Quest 'DestroyRuins_Quest' can be given now
I       QuestState.cpp[0904]02/01 03:46:42 Quest 'DestroyRuins2_Quest' can be given now
I       QuestState.cpp[0904]02/01 03:46:42 Quest 'Signs_Quest' can be given now
I       QuestState.cpp[0904]02/01 03:46:42 Quest 'MrShlyapa1_Quest' can be given now
I       QuestState.cpp[0904]02/01 03:46:42 Quest 'FindBen2_Quest' can be given now
I       QuestState.cpp[0904]02/01 03:46:42 Quest 'd_FindHouseOfBen_Quest' can be given now
I       QuestState.cpp[0904]02/01 03:46:42 Quest 'r1m2_TW_BanAboutAlien' can be given now
I       QuestState.cpp[0904]02/01 03:46:42 Quest 'r1m3_DestroyOracle' can be given now
I       QuestState.cpp[0904]02/01 03:46:42 Quest 'Pomiritsa_Quest' can be given now
I       QuestState.cpp[0904]02/01 03:46:42 Quest 'VYar_Quest' can be given now
I       QuestState.cpp[0904]02/01 03:46:42 Quest 'FindBenMZ_Quest' can be given now
I       QuestState.cpp[0904]02/01 03:46:42 Quest 'QuickFindBen' can be given now
I       QuestState.cpp[0904]02/01 03:46:42 Quest 'OpenMid_Quest' can be given now
I       QuestState.cpp[0904]02/01 03:46:42 Quest 'TalkBeforeDesert' can be given now
I       QuestState.cpp[0904]02/01 03:46:42 Quest 'ZashitaGotova' can be given now
I       QuestState.cpp[0904]02/01 03:46:42 Quest 'FakeQuest1' can be given now
I       QuestState.cpp[0904]02/01 03:46:42 Quest 'Chehly_Quest' can be given now
I       QuestState.cpp[0904]02/01 03:46:42 Quest 'WorkGiver_Quest1' can be given now
I       QuestState.cpp[0904]02/01 03:46:42 Quest 'd_PunishBandits_Quest' can be given now
I       QuestState.cpp[0904]02/01 03:46:42 Quest 'r1m1_Hospital_Quest' can be given now
I       QuestState.cpp[0904]02/01 03:46:42 Quest 'r1m1_Botanik_Quest' can be given now
I       QuestState.cpp[0904]02/01 03:46:42 Quest 'r1m1_FindBotanik_Quest' can be given now
I       QuestState.cpp[0904]02/01 03:46:42 Quest 'Buyer_Quest1' can be given now
I       QuestState.cpp[0904]02/01 03:46:42 Quest 'FirstTimePlay' can be given now
I       QuestState.cpp[0904]02/01 03:46:42 Quest 'TalkWithFather_Quest' can be given now
I       QuestState.cpp[0904]02/01 03:46:42 Quest 'LisaAtSouth' can be given now
I       QuestState.cpp[0904]02/01 03:46:42 Quest 'FindBen_Quest' can be given now
I       QuestState.cpp[0904]02/01 03:46:42 Quest 'FindBenAgain_Quest' can be given now
I       QuestState.cpp[0904]02/01 03:46:42 Quest 'd_SinFather_Quest' can be given now
I       QuestState.cpp[0904]02/01 03:46:42 Quest 'TalkToVasily' can be given now
I       QuestState.cpp[0904]02/01 03:46:42 Quest 'CheckTheEast' can be given now
I       QuestState.cpp[0904]02/01 03:46:42 Quest 'BenSouth_Quest' can be given now
I           server.cpp[0826]02/01 03:46:42 	AI: QuestStates loaded
I           server.cpp[0828]02/01 03:46:42 	AI: Loading DynamicScene
I     DynamicScene.cpp[1470]02/01 03:46:43 		 Scene loading begin
I     DynamicScene.cpp[1472]02/01 03:46:44 		 Scene loading end
I           server.cpp[0837]02/01 03:46:44 	AI: DynamicScene loaded
I           server.cpp[0852]02/01 03:46:44 	AI: Loading Triggers
I           server.cpp[0855]02/01 03:46:44 	AI: Triggers loaded
I           server.cpp[0857]02/01 03:46:44 	AI: Loading Object Names
I           server.cpp[0868]02/01 03:46:44 	AI: Initing Player
I           server.cpp[0888]02/01 03:46:44 		Before first Update
I           server.cpp[0909]02/01 03:46:44 		After first Update
I           server.cpp[0911]02/01 03:46:44 AI: Finished Loading Server
I           view32.cpp[1106]02/01 03:46:44 Load server end
I        QuestInfo.cpp[0847]02/01 03:46:44 Quest infos were loaded successfully from file data\if\diz\QuestInfoGlobal.xml
I        QuestInfo.cpp[0783]02/01 03:46:44 QuestInfo manager was inited successfully
I    GameUiManager.cpp[0303]02/01 03:46:44 Interface: is initializing...
I    GameUiManager.cpp[0395]02/01 03:46:44 Interface: is inited successfully
I     GlobalMapWnd.cpp[0157]02/01 03:46:44 Make control error: control mainmenu_ico is not found or incorrect type
I     GlobalMapWnd.cpp[0157]02/01 03:46:44 Make control error: control r1m8_ico is not found or incorrect type
I     GlobalMapWnd.cpp[0157]02/01 03:46:44 Make control error: control r1m7_ico is not found or incorrect type
I     GlobalMapWnd.cpp[0157]02/01 03:46:44 Make control error: control r8m1_ico is not found or incorrect type
I     GlobalMapWnd.cpp[0157]02/01 03:46:44 Make control error: control r11m1_ico is not found or incorrect type
I     GlobalMapWnd.cpp[0203]02/01 03:46:44 GlobalMapWnd: error - fail to init because of a bad resource
I blockMusicManager.cpp[0185]02/01 03:46:44 BlockMusicManager: start playing new music: blockNum = 14, musicType = 0, name = 'r8_1_driving'
I       console_string[0234]02/01 03:46:56 ---------------------- CHEAT WAS USED --------- ANTICHEAT -----------------
I        FadingMsg.cpp[0199]02/01 03:46:56 Fading message: '@FFFF1493Обнаружено использование чит-кодов. Система достижений @FFFF0000ЗАБЛОКИРОВАНА. @FFFF1493В техподдержке @FFFF0000ОТКАЗАНО.'
I        FadingMsg.cpp[0199]02/01 03:46:56 Fading message: '@FFFF1493Обнаружено использование чит-кодов. Система достижений @FFFF0000ЗАБЛОКИРОВАНА. @FFFF1493В техподдержке @FFFF0000ОТКАЗАНО.'
I       console_string[0234]02/01 03:47:55 ---------------------- CHEAT WAS USED --------- ANTICHEAT -----------------
I        FadingMsg.cpp[0199]02/01 03:47:55 Fading message: '@FFFF1493Обнаружено использование чит-кодов. Система достижений @FFFF0000ЗАБЛОКИРОВАНА. @FFFF1493В техподдержке @FFFF0000ОТКАЗАНО.'
I        FadingMsg.cpp[0199]02/01 03:47:55 Fading message: '@FFFF1493Обнаружено использование чит-кодов. Система достижений @FFFF0000ЗАБЛОКИРОВАНА. @FFFF1493В техподдержке @FFFF0000ОТКАЗАНО.'
I       console_string[0234]02/01 03:48:11 ---------------------- CHEAT WAS USED --------- ANTICHEAT -----------------
I        FadingMsg.cpp[0199]02/01 03:48:11 Fading message: '@FFFF1493Обнаружено использование чит-кодов. Система достижений @FFFF0000ЗАБЛОКИРОВАНА. @FFFF1493В техподдержке @FFFF0000ОТКАЗАНО.'
I        FadingMsg.cpp[0199]02/01 03:48:11 Fading message: '@FFFF1493Обнаружено использование чит-кодов. Система достижений @FFFF0000ЗАБЛОКИРОВАНА. @FFFF1493В техподдержке @FFFF0000ОТКАЗАНО.'
E              Gun.cpp[0866]02/01 03:48:11 Error: LoadPoint not found: LP_GUN for RocketLauncher id = 29128 prototype = 'mrak01L' name = 'BASKET_SIDE_GUN_L', modelName = mrak01L
E              Gun.cpp[0866]02/01 03:48:11 Error: LoadPoint not found: LP_GUN for RocketLauncher id = 29127 prototype = 'mrak01R' name = 'BASKET_SIDE_GUN_R', modelName = mrak01R
I       console_string[0234]02/01 03:48:45 ---------------------- CHEAT WAS USED --------- ANTICHEAT -----------------
I        FadingMsg.cpp[0199]02/01 03:48:45 Fading message: '@FFFF1493Обнаружено использование чит-кодов. Система достижений @FFFF0000ЗАБЛОКИРОВАНА. @FFFF1493В техподдержке @FFFF0000ОТКАЗАНО.'
I        FadingMsg.cpp[0199]02/01 03:48:45 Fading message: '@FFFF1493Обнаружено использование чит-кодов. Система достижений @FFFF0000ЗАБЛОКИРОВАНА. @FFFF1493В техподдержке @FFFF0000ОТКАЗАНО.'
I       console_string[0234]02/01 03:48:48 ---------------------- CHEAT WAS USED --------- ANTICHEAT -----------------
I        FadingMsg.cpp[0199]02/01 03:48:48 Fading message: '@FFFF1493Обнаружено использование чит-кодов. Система достижений @FFFF0000ЗАБЛОКИРОВАНА. @FFFF1493В техподдержке @FFFF0000ОТКАЗАНО.'
I        FadingMsg.cpp[0199]02/01 03:48:48 Fading message: '@FFFF1493Обнаружено использование чит-кодов. Система достижений @FFFF0000ЗАБЛОКИРОВАНА. @FFFF1493В техподдержке @FFFF0000ОТКАЗАНО.'
I       console_string[0234]02/01 03:48:52 ---------------------- CHEAT WAS USED --------- ANTICHEAT -----------------
I        FadingMsg.cpp[0199]02/01 03:48:52 Fading message: '@FFFF1493Обнаружено использование чит-кодов. Система достижений @FFFF0000ЗАБЛОКИРОВАНА. @FFFF1493В техподдержке @FFFF0000ОТКАЗАНО.'
I        FadingMsg.cpp[0199]02/01 03:48:52 Fading message: '@FFFF1493Обнаружено использование чит-кодов. Система достижений @FFFF0000ЗАБЛОКИРОВАНА. @FFFF1493В техподдержке @FFFF0000ОТКАЗАНО.'
I       console_string[0234]02/01 03:48:54 ---------------------- CHEAT WAS USED --------- ANTICHEAT -----------------
I        FadingMsg.cpp[0199]02/01 03:48:54 Fading message: '@FFFF1493Обнаружено использование чит-кодов. Система достижений @FFFF0000ЗАБЛОКИРОВАНА. @FFFF1493В техподдержке @FFFF0000ОТКАЗАНО.'
I        FadingMsg.cpp[0199]02/01 03:48:54 Fading message: '@FFFF1493Обнаружено использование чит-кодов. Система достижений @FFFF0000ЗАБЛОКИРОВАНА. @FFFF1493В техподдержке @FFFF0000ОТКАЗАНО.'
E              Gun.cpp[0866]02/01 03:48:54 Error: LoadPoint not found: LP_GUN for RocketLauncher id = 78285 prototype = 'mrak01L' name = 'BASKET_SIDE_GUN_L', modelName = mrak01L
E              Gun.cpp[0866]02/01 03:48:54 Error: LoadPoint not found: LP_GUN for RocketLauncher id = 61900 prototype = 'mrak01R' name = 'BASKET_SIDE_GUN_R', modelName = mrak01R
I       console_string[0234]02/01 03:48:57 ---------------------- CHEAT WAS USED --------- ANTICHEAT -----------------
I        FadingMsg.cpp[0199]02/01 03:48:57 Fading message: '@FFFF1493Обнаружено использование чит-кодов. Система достижений @FFFF0000ЗАБЛОКИРОВАНА. @FFFF1493В техподдержке @FFFF0000ОТКАЗАНО.'
I        FadingMsg.cpp[0199]02/01 03:48:57 Fading message: '@FFFF1493Обнаружено использование чит-кодов. Система достижений @FFFF0000ЗАБЛОКИРОВАНА. @FFFF1493В техподдержке @FFFF0000ОТКАЗАНО.'
I             util.cpp[0423]02/01 03:49:40 Maximum joint count reached: 22
I             util.cpp[0423]02/01 03:50:34 Maximum joint count reached: 25
I       console_string[0944]02/01 03:50:34 Player DEAD
I   TruxxUiManager.cpp[1422]02/01 03:50:34 Game mode changed. Old mode = 0, new mode = 1
I             util.cpp[0423]02/01 03:50:34 Maximum joint count reached: 43
I   TruxxUiManager.cpp[1422]02/01 03:50:44 Game mode changed. Old mode = 1, new mode = 0
I         gamemenu.cpp[0283]02/01 03:50:49 Quit to Windows
I           view32.cpp[0815]02/01 03:50:49 --- Done Media ---
I    GameUiManager.cpp[0405]02/01 03:50:49 Interface: is clearing...
I    GameUiManager.cpp[0495]02/01 03:50:49 Interface: is cleared successfully
I    GameUiManager.cpp[0257]02/01 03:50:50 Interface: done...
I    GameUiManager.cpp[1580]02/01 03:50:50 Interface: clearing resource infos ...
I    GameUiManager.cpp[0292]02/01 03:50:50 Interface: is done
I           view32.cpp[0843]02/01 03:50:50 --- Done Media: Ok ---
I           m3dapp.cpp[1343]02/01 03:50:50 snd: Deleting Sound...
I           m3dapp.cpp[1343]02/01 03:50:50 snd: Stopping all sounds in FMOD...
I           m3dapp.cpp[1343]02/01 03:50:50 snd: Closing FMOD...
I           m3dapp.cpp[1343]02/01 03:50:50 snd: Deleting all sounds...
I           m3dapp.cpp[1343]02/01 03:50:50 snd: 	Stopping all sounds
I           m3dapp.cpp[1343]02/01 03:50:50 snd: 	Deleting all sounds from table
I           m3dapp.cpp[1343]02/01 03:50:50 snd: 	Sounds deleted
I           m3dapp.cpp[1343]02/01 03:50:50 snd: Sound is uninstalled
I      gameimpulse.cpp[0618]02/01 03:50:50 Key bindings: unbind all is done
I      gameimpulse.cpp[0343]02/01 03:50:50 Key bindings: is done
----------------------------------------------- Log ends on Mon Jan 02 03:50:50 2023 -----------------------------------------------




