---------------------------------------------- Log begins on Thu May 18 22:49:48 2023 ----------------------------------------------
I           m3dapp.cpp[0088]18/05 22:49:48 Starting up...
I           m3dapp.cpp[1498]18/05 22:49:48 ExMachina - release version release build v1.02 (Dec 21 2005 12:15:10)
I      Stackwalker.cpp[0608]18/05 22:49:48 Stackwalker: log file name will be 'd:/games/ex machina mods/exmachina gm.mod sdk new/exceptions/hta.exe0002.log'
I      Stackwalker.cpp[0609]18/05 22:49:48 Stackwalker: dump file name will be 'd:/games/ex machina mods/exmachina gm.mod sdk new/exceptions/hta.exe0002.dmp'
I      Stackwalker.cpp[0610]18/05 22:49:48 Stackwalker: game log file name will be 'd:/games/ex machina mods/exmachina gm.mod sdk new/exceptions/hta.exe0002_game.log'
I           m3dapp.cpp[1391]18/05 22:49:48 Path: D:\Games\EX Machina Mods\ExMachina GM.mod SDK new
I           m3dapp.cpp[1392]18/05 22:49:48 Exe: D:\Games\EX Machina Mods\ExMachina GM.mod SDK new\hta.exe
I           m3dapp.cpp[1401]18/05 22:49:48 Windows version: 6.1.7601
I           m3dapp.cpp[1410]18/05 22:49:48 Computer name: RIVER-PC
I           m3dapp.cpp[1430]18/05 22:49:48 Cpu: GenuineIntel
I           m3dapp.cpp[1434]18/05 22:49:48 Cpu clock: ~1596
I           m3dapp.cpp[1459]18/05 22:49:48 Processor is mmx able
I           m3dapp.cpp[1470]18/05 22:49:48 Physical memory: 2047 MB
I           m3dapp.cpp[1471]18/05 22:49:48 Total memory:    4095 MB
I           m3dapp.cpp[1472]18/05 22:49:48 Physical memory available: 2047 MB
I           m3dapp.cpp[1473]18/05 22:49:48 Total memory available:    1914 MB
I           m3dapp.cpp[2846]18/05 22:49:48 SetCodepage -- using codepage 1251 '1251  (ANSI - кириллица)'
I           m3dapp.cpp[2154]18/05 22:49:48 NOTE! renderer is bind to dxrender9.dll
I           m3dapp.cpp[1336]18/05 22:49:48 d3d: Given device behavior: 80
I           m3dapp.cpp[1336]18/05 22:49:48 d3d: Confirmed device behavior: 80
I           m3dapp.cpp[1336]18/05 22:49:48 d3d: Description: Intel(R) HD Graphics Family
I           m3dapp.cpp[1336]18/05 22:49:48 d3d: Driver:      igdumdx32.dll
I           m3dapp.cpp[1336]18/05 22:49:48 d3d: VendorId:    0x8086
I           m3dapp.cpp[1336]18/05 22:49:48 d3d: DeviceId:    0x106
I           m3dapp.cpp[1336]18/05 22:49:48 d3d: SubSysId:    0x3672103c
I           m3dapp.cpp[1336]18/05 22:49:48 d3d: Revision:    9
I           m3dapp.cpp[1336]18/05 22:49:48 d3d: Driver version info:
I           m3dapp.cpp[1336]18/05 22:49:48 d3d:   Product:    8
I           m3dapp.cpp[1336]18/05 22:49:48 d3d:   Version:    15
I           m3dapp.cpp[1336]18/05 22:49:48 d3d:   SubVersion: 10
I           m3dapp.cpp[1336]18/05 22:49:48 d3d:   Build:      2622
I           m3dapp.cpp[1336]18/05 22:49:48 d3d: WHQLLevel:    0
I           m3dapp.cpp[1336]18/05 22:49:48 d3d: Texture max size: 8192x8192
I           m3dapp.cpp[1336]18/05 22:49:48 d3d: Guard band: (-8192.000,-8192.000,8192.000,8192.000)
I           m3dapp.cpp[1336]18/05 22:49:48 d3d: MaxTextureBlendStages: 8
I           m3dapp.cpp[1336]18/05 22:49:48 d3d: MaxSimultaneousTextures: 8
I           m3dapp.cpp[1336]18/05 22:49:48 d3d: MaxActiveLights: 10
I           m3dapp.cpp[1336]18/05 22:49:48 d3d: MaxUserClipPlanes: 6
I           m3dapp.cpp[1336]18/05 22:49:48 d3d: VertexShaderVersion: 0xfffe0300
I           m3dapp.cpp[1336]18/05 22:49:48 d3d: PixelShaderVersion: 0xffff0300
I           m3dapp.cpp[1336]18/05 22:49:48 d3d: Geometry instancing: supported
I           m3dapp.cpp[1336]18/05 22:49:48 d3d: Depth bias supported: yes
I           m3dapp.cpp[1336]18/05 22:49:48 d3d: Slope-scale based depth bias supported: yes
I           m3dapp.cpp[1336]18/05 22:49:48 d3d: HwRasterization: true
I           m3dapp.cpp[1336]18/05 22:49:48 d3d: HwTnL: true
I           m3dapp.cpp[1336]18/05 22:49:48 d3d: PureDevice: true
I           m3dapp.cpp[1336]18/05 22:49:48 d3d: CubeMap: true
I           m3dapp.cpp[1336]18/05 22:49:48 d3d: VolumeMap: true
I           m3dapp.cpp[1336]18/05 22:49:48 d3d: TextureAddressCaps:
I           m3dapp.cpp[1336]18/05 22:49:48 d3d: 	wrap: true
I           m3dapp.cpp[1336]18/05 22:49:48 d3d: 	clamp: true
I           m3dapp.cpp[1336]18/05 22:49:48 d3d: 	border: true
I           m3dapp.cpp[1336]18/05 22:49:48 d3d: Projective textures: true
I           m3dapp.cpp[1336]18/05 22:49:48 d3d: MaxPointSize: 256.000
I           m3dapp.cpp[1336]18/05 22:49:48 d3d: MaxPrimitiveCount: 1048575
I           m3dapp.cpp[1336]18/05 22:49:48 d3d: MaxVertexIndex: 16777215
I           m3dapp.cpp[1336]18/05 22:49:48 d3d: MaxStreams: 16
I           m3dapp.cpp[1336]18/05 22:49:48 d3d: MaxStreamsStride: 255
I           m3dapp.cpp[1336]18/05 22:49:48 d3d: MaxAnisotropy: 16
I           m3dapp.cpp[1336]18/05 22:49:48 d3d: MaxVertexBlendMatrices: 4
I           m3dapp.cpp[1336]18/05 22:49:48 d3d: MaxVertexBlendMatrixIndex: 8
I           m3dapp.cpp[1336]18/05 22:49:48 d3d: FullScreenGamma: true
I           m3dapp.cpp[1336]18/05 22:49:48 d3d: COLORWRITEENABLE: true
I           m3dapp.cpp[1336]18/05 22:49:48 d3d: MASKZ: true
I           m3dapp.cpp[1336]18/05 22:49:48 d3d: BLENDOP: true
I           m3dapp.cpp[1336]18/05 22:49:48 d3d: CLIPPLANESCALEDPOINTS: false
I           m3dapp.cpp[1336]18/05 22:49:48 d3d: CLIPTLVERTS: false
I           m3dapp.cpp[1336]18/05 22:49:48 d3d: TSSARGTEMP: true
I           m3dapp.cpp[1336]18/05 22:49:48 d3d: DIRECTIONALLIGHTS: true
I           m3dapp.cpp[1336]18/05 22:49:48 d3d: LOCALVIEWER: true
I           m3dapp.cpp[1336]18/05 22:49:48 d3d: POSITIONALLIGHTS: true
I           m3dapp.cpp[1336]18/05 22:49:48 d3d: TEXGEN:  true
I           m3dapp.cpp[1336]18/05 22:49:48 d3d: TWEENING:  true
I           m3dapp.cpp[1336]18/05 22:49:48 d3d: Dp3: true
I           m3dapp.cpp[1336]18/05 22:49:48 d3d: Lerp: true
I           m3dapp.cpp[1336]18/05 22:49:48 d3d: MaxNpatchTessellationLevel: 0.000
I           m3dapp.cpp[1336]18/05 22:49:48 d3d: Query VCACHE support: true
I           m3dapp.cpp[1336]18/05 22:49:48 d3d: Query EVENT support: true
I           m3dapp.cpp[1336]18/05 22:49:48 d3d: Query OCCLUSION support: true
I           m3dapp.cpp[1336]18/05 22:49:48 d3d: Query TIMESTAMP support: true
I           m3dapp.cpp[1336]18/05 22:49:48 d3d: Query TIMESTAMPDISJOINT support: true
I           m3dapp.cpp[1336]18/05 22:49:48 d3d: Query TIMESTAMPFREQ support: true
I           m3dapp.cpp[1336]18/05 22:49:48 d3d: Query PIPELINETIMINGS support: false
I           m3dapp.cpp[1336]18/05 22:49:48 d3d: Query INTERFACETIMINGS support: false
I           m3dapp.cpp[1336]18/05 22:49:48 d3d: Query VERTEXTIMINGS support: false
I           m3dapp.cpp[1336]18/05 22:49:48 d3d: Query PIXELTIMINGS support: false
I           m3dapp.cpp[1336]18/05 22:49:48 d3d: Query BANDWIDTHTIMINGS support: false
I           m3dapp.cpp[1336]18/05 22:49:48 d3d: Query CACHEUTILIZATION support: false
I           m3dapp.cpp[1336]18/05 22:49:48 d3d: Creating or resetting the device
I           m3dapp.cpp[1336]18/05 22:49:48 d3d: Back buffer format: X8R8G8B8
I           m3dapp.cpp[1336]18/05 22:49:48 d3d: Depth/stencil buffer format: D24S8
I           m3dapp.cpp[1336]18/05 22:49:48 d3d: Stenciling: off
I           m3dapp.cpp[1336]18/05 22:49:48 d3d: Rgba textures format: DXT5
I           m3dapp.cpp[1336]18/05 22:49:48 d3d: Rgba no c. textures format: A8R8G8B8
I           m3dapp.cpp[1336]18/05 22:49:48 d3d: RgbA textures format: DXT5
I           m3dapp.cpp[1336]18/05 22:49:48 d3d: RgbA no c. textures format: A4R4G4B4
I           m3dapp.cpp[1336]18/05 22:49:48 d3d: Rt textures format: A8R8G8B8
I           m3dapp.cpp[1336]18/05 22:49:48 d3d: Shadow textures format: R5G6B5
I           m3dapp.cpp[1336]18/05 22:49:48 d3d: Rt depth format: D16
I           m3dapp.cpp[2206]18/05 22:49:49 NOTE! input is bind to input_di8.dll
I           m3dapp.cpp[1938]18/05 22:49:49 NOTE! sound is bind to sound.dll
I           m3dapp.cpp[1350]18/05 22:49:49 input: Joystick not found
I           m3dapp.cpp[1343]18/05 22:49:49 snd: Max sound channels available: 128
I           m3dapp.cpp[1343]18/05 22:49:49 snd: Sound is inited successfully
I             font.cpp[0976]18/05 22:49:49 FontManager: fonts are loaded successfully
I           m3dapp.cpp[1336]18/05 22:49:50 d3d: Cannot open data\models\logos\fishmen.dds
I           m3dapp.cpp[1336]18/05 22:49:50 d3d: texmap failed to load: data\models\logos\fishmen.dds
E       DraftModel.cpp[1002]18/05 22:49:50 Error: Couldn't load texture data\models\logos\fishmen.dds for model logos.gam
I           m3dapp.cpp[1336]18/05 22:49:50 d3d: Cannot open data\models\logos\logo32.dds
I           m3dapp.cpp[1336]18/05 22:49:50 d3d: texmap failed to load: data\models\logos\logo32.dds
E       DraftModel.cpp[1002]18/05 22:49:50 Error: Couldn't load texture data\models\logos\logo32.dds for model logos.gam
I           m3dapp.cpp[1336]18/05 22:49:50 d3d: Cannot open data\models\logos\logo33.dds
I           m3dapp.cpp[1336]18/05 22:49:50 d3d: texmap failed to load: data\models\logos\logo33.dds
E       DraftModel.cpp[1002]18/05 22:49:50 Error: Couldn't load texture data\models\logos\logo33.dds for model logos.gam
I           m3dapp.cpp[1336]18/05 22:49:50 d3d: Cannot open data\models\logos\logo34.dds
I           m3dapp.cpp[1336]18/05 22:49:50 d3d: texmap failed to load: data\models\logos\logo34.dds
E       DraftModel.cpp[1002]18/05 22:49:50 Error: Couldn't load texture data\models\logos\logo34.dds for model logos.gam
I           m3dapp.cpp[1336]18/05 22:49:50 d3d: Cannot open data\models\logos\logo35.dds
I           m3dapp.cpp[1336]18/05 22:49:50 d3d: texmap failed to load: data\models\logos\logo35.dds
E       DraftModel.cpp[1002]18/05 22:49:50 Error: Couldn't load texture data\models\logos\logo35.dds for model logos.gam
I           m3dapp.cpp[1336]18/05 22:49:50 d3d: Cannot open data\models\logos\logo36.dds
I           m3dapp.cpp[1336]18/05 22:49:50 d3d: texmap failed to load: data\models\logos\logo36.dds
E       DraftModel.cpp[1002]18/05 22:49:50 Error: Couldn't load texture data\models\logos\logo36.dds for model logos.gam
I           m3dapp.cpp[1336]18/05 22:49:50 d3d: Cannot open data\models\logos\logo37.dds
I           m3dapp.cpp[1336]18/05 22:49:50 d3d: texmap failed to load: data\models\logos\logo37.dds
E       DraftModel.cpp[1002]18/05 22:49:50 Error: Couldn't load texture data\models\logos\logo37.dds for model logos.gam
I           m3dapp.cpp[1336]18/05 22:49:50 d3d: Cannot open data\models\logos\logo38.dds
I           m3dapp.cpp[1336]18/05 22:49:50 d3d: texmap failed to load: data\models\logos\logo38.dds
E       DraftModel.cpp[1002]18/05 22:49:50 Error: Couldn't load texture data\models\logos\logo38.dds for model logos.gam
I           m3dapp.cpp[1336]18/05 22:49:50 d3d: Cannot open data\models\logos\logo39.dds
I           m3dapp.cpp[1336]18/05 22:49:50 d3d: texmap failed to load: data\models\logos\logo39.dds
E       DraftModel.cpp[1002]18/05 22:49:50 Error: Couldn't load texture data\models\logos\logo39.dds for model logos.gam
I           m3dapp.cpp[1336]18/05 22:49:50 d3d: Cannot open data\models\logos\logo40.dds
I           m3dapp.cpp[1336]18/05 22:49:50 d3d: texmap failed to load: data\models\logos\logo40.dds
E       DraftModel.cpp[1002]18/05 22:49:50 Error: Couldn't load texture data\models\logos\logo40.dds for model logos.gam
I           m3dapp.cpp[1336]18/05 22:49:50 d3d: Cannot open data\models\logos\logo41.dds
I           m3dapp.cpp[1336]18/05 22:49:50 d3d: texmap failed to load: data\models\logos\logo41.dds
E       DraftModel.cpp[1002]18/05 22:49:50 Error: Couldn't load texture data\models\logos\logo41.dds for model logos.gam
I           m3dapp.cpp[1336]18/05 22:49:50 d3d: Cannot open data\models\logos\logo42.dds
I           m3dapp.cpp[1336]18/05 22:49:50 d3d: texmap failed to load: data\models\logos\logo42.dds
E       DraftModel.cpp[1002]18/05 22:49:50 Error: Couldn't load texture data\models\logos\logo42.dds for model logos.gam
I           m3dapp.cpp[1336]18/05 22:49:50 d3d: Cannot open data\models\logos\logo43.dds
I           m3dapp.cpp[1336]18/05 22:49:50 d3d: texmap failed to load: data\models\logos\logo43.dds
E       DraftModel.cpp[1002]18/05 22:49:50 Error: Couldn't load texture data\models\logos\logo43.dds for model logos.gam
I           m3dapp.cpp[1336]18/05 22:49:50 d3d: Cannot open data\models\logos\logo44.dds
I           m3dapp.cpp[1336]18/05 22:49:50 d3d: texmap failed to load: data\models\logos\logo44.dds
E       DraftModel.cpp[1002]18/05 22:49:50 Error: Couldn't load texture data\models\logos\logo44.dds for model logos.gam
I           m3dapp.cpp[1336]18/05 22:49:50 d3d: Cannot open data\models\logos\logo45.dds
I           m3dapp.cpp[1336]18/05 22:49:50 d3d: texmap failed to load: data\models\logos\logo45.dds
E       DraftModel.cpp[1002]18/05 22:49:50 Error: Couldn't load texture data\models\logos\logo45.dds for model logos.gam
I           m3dapp.cpp[1336]18/05 22:49:50 d3d: Cannot open data\models\logos\logo46.dds
I           m3dapp.cpp[1336]18/05 22:49:50 d3d: texmap failed to load: data\models\logos\logo46.dds
E       DraftModel.cpp[1002]18/05 22:49:50 Error: Couldn't load texture data\models\logos\logo46.dds for model logos.gam
I           m3dapp.cpp[1336]18/05 22:49:50 d3d: Cannot open data\models\logos\logo47.dds
I           m3dapp.cpp[1336]18/05 22:49:50 d3d: texmap failed to load: data\models\logos\logo47.dds
E       DraftModel.cpp[1002]18/05 22:49:50 Error: Couldn't load texture data\models\logos\logo47.dds for model logos.gam
I           m3dapp.cpp[1336]18/05 22:49:50 d3d: Cannot open data\models\logos\logo48.dds
I           m3dapp.cpp[1336]18/05 22:49:50 d3d: texmap failed to load: data\models\logos\logo48.dds
E       DraftModel.cpp[1002]18/05 22:49:50 Error: Couldn't load texture data\models\logos\logo48.dds for model logos.gam
I           m3dapp.cpp[1336]18/05 22:49:50 d3d: Cannot open data\models\logos\logo49.dds
I           m3dapp.cpp[1336]18/05 22:49:50 d3d: texmap failed to load: data\models\logos\logo49.dds
E       DraftModel.cpp[1002]18/05 22:49:50 Error: Couldn't load texture data\models\logos\logo49.dds for model logos.gam
I           m3dapp.cpp[1336]18/05 22:49:50 d3d: Cannot open data\models\logos\logo50.dds
I           m3dapp.cpp[1336]18/05 22:49:50 d3d: texmap failed to load: data\models\logos\logo50.dds
E       DraftModel.cpp[1002]18/05 22:49:50 Error: Couldn't load texture data\models\logos\logo50.dds for model logos.gam
I           m3dapp.cpp[1336]18/05 22:49:50 d3d: Cannot open data\models\logos\logo51.dds
I           m3dapp.cpp[1336]18/05 22:49:50 d3d: texmap failed to load: data\models\logos\logo51.dds
E       DraftModel.cpp[1002]18/05 22:49:50 Error: Couldn't load texture data\models\logos\logo51.dds for model logos.gam
I           m3dapp.cpp[1336]18/05 22:49:50 d3d: Cannot open data\models\logos\logo52.dds
I           m3dapp.cpp[1336]18/05 22:49:50 d3d: texmap failed to load: data\models\logos\logo52.dds
E       DraftModel.cpp[1002]18/05 22:49:50 Error: Couldn't load texture data\models\logos\logo52.dds for model logos.gam
I           m3dapp.cpp[1336]18/05 22:49:50 d3d: Cannot open data\models\logos\logo53.dds
I           m3dapp.cpp[1336]18/05 22:49:50 d3d: texmap failed to load: data\models\logos\logo53.dds
E       DraftModel.cpp[1002]18/05 22:49:50 Error: Couldn't load texture data\models\logos\logo53.dds for model logos.gam
I           m3dapp.cpp[1336]18/05 22:49:50 d3d: Cannot open data\models\logos\logo54.dds
I           m3dapp.cpp[1336]18/05 22:49:50 d3d: texmap failed to load: data\models\logos\logo54.dds
E       DraftModel.cpp[1002]18/05 22:49:50 Error: Couldn't load texture data\models\logos\logo54.dds for model logos.gam
I           m3dapp.cpp[1336]18/05 22:49:50 d3d: Cannot open data\models\logos\logo55.dds
I           m3dapp.cpp[1336]18/05 22:49:50 d3d: texmap failed to load: data\models\logos\logo55.dds
E       DraftModel.cpp[1002]18/05 22:49:50 Error: Couldn't load texture data\models\logos\logo55.dds for model logos.gam
I           m3dapp.cpp[1336]18/05 22:49:50 d3d: Cannot open data\models\logos\logo56.dds
I           m3dapp.cpp[1336]18/05 22:49:50 d3d: texmap failed to load: data\models\logos\logo56.dds
E       DraftModel.cpp[1002]18/05 22:49:50 Error: Couldn't load texture data\models\logos\logo56.dds for model logos.gam
I           m3dapp.cpp[1336]18/05 22:49:50 d3d: Cannot open data\models\logos\logo57.dds
I           m3dapp.cpp[1336]18/05 22:49:50 d3d: texmap failed to load: data\models\logos\logo57.dds
E       DraftModel.cpp[1002]18/05 22:49:50 Error: Couldn't load texture data\models\logos\logo57.dds for model logos.gam
I           m3dapp.cpp[1336]18/05 22:49:50 d3d: Cannot open data\models\logos\logo58.dds
I           m3dapp.cpp[1336]18/05 22:49:50 d3d: texmap failed to load: data\models\logos\logo58.dds
E       DraftModel.cpp[1002]18/05 22:49:50 Error: Couldn't load texture data\models\logos\logo58.dds for model logos.gam
I           m3dapp.cpp[1336]18/05 22:49:50 d3d: Cannot open data\models\logos\logo59.dds
I           m3dapp.cpp[1336]18/05 22:49:50 d3d: texmap failed to load: data\models\logos\logo59.dds
E       DraftModel.cpp[1002]18/05 22:49:50 Error: Couldn't load texture data\models\logos\logo59.dds for model logos.gam
I           m3dapp.cpp[1336]18/05 22:49:50 d3d: Cannot open data\models\logos\logo60.dds
I           m3dapp.cpp[1336]18/05 22:49:50 d3d: texmap failed to load: data\models\logos\logo60.dds
E       DraftModel.cpp[1002]18/05 22:49:50 Error: Couldn't load texture data\models\logos\logo60.dds for model logos.gam
I           m3dapp.cpp[1336]18/05 22:49:50 d3d: Cannot open data\models\logos\logo61.dds
I           m3dapp.cpp[1336]18/05 22:49:50 d3d: texmap failed to load: data\models\logos\logo61.dds
E       DraftModel.cpp[1002]18/05 22:49:50 Error: Couldn't load texture data\models\logos\logo61.dds for model logos.gam
I           m3dapp.cpp[1336]18/05 22:49:50 d3d: Cannot open data\models\logos\logo62.dds
I           m3dapp.cpp[1336]18/05 22:49:50 d3d: texmap failed to load: data\models\logos\logo62.dds
E       DraftModel.cpp[1002]18/05 22:49:50 Error: Couldn't load texture data\models\logos\logo62.dds for model logos.gam
I           m3dapp.cpp[1336]18/05 22:49:50 d3d: Cannot open data\models\logos\logo63.dds
I           m3dapp.cpp[1336]18/05 22:49:50 d3d: texmap failed to load: data\models\logos\logo63.dds
E       DraftModel.cpp[1002]18/05 22:49:50 Error: Couldn't load texture data\models\logos\logo63.dds for model logos.gam
I           m3dapp.cpp[1336]18/05 22:49:50 d3d: Cannot open data\models\logos\logo64.dds
I           m3dapp.cpp[1336]18/05 22:49:50 d3d: texmap failed to load: data\models\logos\logo64.dds
E       DraftModel.cpp[1002]18/05 22:49:50 Error: Couldn't load texture data\models\logos\logo64.dds for model logos.gam
I           m3dapp.cpp[1336]18/05 22:49:50 d3d: Cannot open data\models\logos\logo65.dds
I           m3dapp.cpp[1336]18/05 22:49:50 d3d: texmap failed to load: data\models\logos\logo65.dds
E       DraftModel.cpp[1002]18/05 22:49:50 Error: Couldn't load texture data\models\logos\logo65.dds for model logos.gam
I           m3dapp.cpp[1336]18/05 22:49:50 d3d: Cannot open data\models\logos\logo66.dds
I           m3dapp.cpp[1336]18/05 22:49:50 d3d: texmap failed to load: data\models\logos\logo66.dds
E       DraftModel.cpp[1002]18/05 22:49:50 Error: Couldn't load texture data\models\logos\logo66.dds for model logos.gam
I           m3dapp.cpp[1336]18/05 22:49:50 d3d: Cannot open data\models\logos\logo67.dds
I           m3dapp.cpp[1336]18/05 22:49:50 d3d: texmap failed to load: data\models\logos\logo67.dds
E       DraftModel.cpp[1002]18/05 22:49:50 Error: Couldn't load texture data\models\logos\logo67.dds for model logos.gam
I           m3dapp.cpp[1336]18/05 22:49:50 d3d: Cannot open data\models\logos\logo68.dds
I           m3dapp.cpp[1336]18/05 22:49:50 d3d: texmap failed to load: data\models\logos\logo68.dds
E       DraftModel.cpp[1002]18/05 22:49:50 Error: Couldn't load texture data\models\logos\logo68.dds for model logos.gam
I           m3dapp.cpp[1336]18/05 22:49:50 d3d: Cannot open data\models\logos\logo69.dds
I           m3dapp.cpp[1336]18/05 22:49:50 d3d: texmap failed to load: data\models\logos\logo69.dds
E       DraftModel.cpp[1002]18/05 22:49:50 Error: Couldn't load texture data\models\logos\logo69.dds for model logos.gam
I           m3dapp.cpp[1336]18/05 22:49:50 d3d: Cannot open data\models\logos\logo70.dds
I           m3dapp.cpp[1336]18/05 22:49:50 d3d: texmap failed to load: data\models\logos\logo70.dds
E       DraftModel.cpp[1002]18/05 22:49:50 Error: Couldn't load texture data\models\logos\logo70.dds for model logos.gam
I      gameimpulse.cpp[0288]18/05 22:49:50 Key bindings: were inited successfully
I           view32.cpp[0705]18/05 22:49:50 --- Init Media ---
I    GameUiManager.cpp[0303]18/05 22:49:50 Interface: is initializing...
I    GameUiManager.cpp[1580]18/05 22:49:50 Interface: clearing resource infos ...
I    GameUiManager.cpp[1491]18/05 22:49:50 Interface: loading resource infos ...
I    GameUiManager.cpp[1603]18/05 22:49:50 Interface: loading resources ...
I           m3dapp.cpp[1343]18/05 22:49:50 snd: Error: Can't Open SoundFile: 
I           m3dapp.cpp[1343]18/05 22:49:50 snd: Cannot open sound stream from file . Error: File not found, flags: 8272
I    GameUiManager.cpp[0395]18/05 22:49:50 Interface: is inited successfully
I        LevelInfo.cpp[0806]18/05 22:49:50 Level infos were loaded successfully from file data\if\diz\LevelInfo.xml
I        LevelInfo.cpp[0837]18/05 22:49:50 Error: could't open data\maps\r1m8.ssl file
E        LevelInfo.cpp[0749]18/05 22:49:50 LevelInfoManager was inited with errors
I   TruxxUiManager.cpp[0191]18/05 22:49:50 TruxxUiManager: was inited successfully
I      gameimpulse.cpp[0618]18/05 22:49:51 Key bindings: unbind all is done
I      gameimpulse.cpp[0324]18/05 22:49:51 Key bindings: were loaded successfully from file data\scripts\DefaultKeyBindings.lua
I      gameimpulse.cpp[1194]18/05 22:49:51 Key bindings: were bind from defaults
I            video.cpp[0704]18/05 22:49:51 Could not load specified video file: data\video\logobuka.wmv (hr = 80070003)
I     view32_video.cpp[0061]18/05 22:49:51 Error: couldn't load video 'data\video\logobuka.wmv'
I            video.cpp[0704]18/05 22:49:51 Could not load specified video file: data\video\logotargem.wmv (hr = 80070003)
I     view32_video.cpp[0061]18/05 22:49:51 Error: couldn't load video 'data\video\logotargem.wmv'
I            video.cpp[0704]18/05 22:49:51 Could not load specified video file: data\video\INTRO_RUS_FIELD.wmv (hr = 80070003)
I     view32_video.cpp[0061]18/05 22:49:51 Error: couldn't load video 'data\video\INTRO_RUS_FIELD.wmv'
I             core.lua[0013]18/05 22:49:51 IMPROVED STORYLINE V1.0.5.3 ORIGINAL BUILD 220422
I           m3dapp.cpp[1808]18/05 22:49:51 ----------------------- Engine inited in: 0
I          Profile.cpp[0602]18/05 22:49:51 Profile "RiverZone" set
I   TruxxUiManager.cpp[1422]18/05 22:49:51 Game mode changed. Old mode = 3, new mode = 2
I        SplashWnd.cpp[0244]18/05 22:49:52 Start splashing 11
I           view32.cpp[1048]18/05 22:49:52 -- Loading Level: data\maps\mainmenu.ssl --
I            world.cpp[0132]18/05 22:49:52 ----------------------- World Loading
F        landscape.cpp[1674]18/05 22:49:52  +- Enter function: Landscape::Load()
I        landscape.cpp[1911]18/05 22:49:52  |  ----------------------- Normal map loaded in: 1
I        landscape.cpp[1920]18/05 22:49:52  |  ----------------------- Tiles loaded in: 29
I        landscape.cpp[1944]18/05 22:49:52  |  ----------------------- ShoreLine loaded in: 0
F        landscape.cpp[1944]18/05 22:49:52  +- Exit function: Landscape::Load()
I            world.cpp[0169]18/05 22:49:52 ----------------------- Landscape loaded in: 172
I       DataServer.cpp[0587]18/05 22:49:52 Loading Servers: data\maps\MainMenu\servers.xml
I serverAnimatedModel.cpp[0630]18/05 22:49:54 ### Total time: 2309, GAM time: 781
I       DataServer.cpp[0587]18/05 22:49:54 Loading Servers: data\models\commonservers.xml
E      serverMusic.cpp[0216]18/05 22:49:57 MusicServer: cannot read file: data\music\music.xml id = 'LaBelleTown'
E      serverMusic.cpp[0216]18/05 22:49:57 MusicServer: cannot read file: data\music\music.xml id = 'block6_driving2'
I            world.cpp[0210]18/05 22:49:58 ----------------------- Servers loaded in: 5711
I            world.cpp[0338]18/05 22:49:58 LoadWorld begin...
I            world.cpp[0350]18/05 22:49:58 %%%% read/parse xml: 20
I            world.cpp[0362]18/05 22:49:58 %%%% read from xml: 9
E    PlayerPassMap.cpp[0139]18/05 22:49:58 Couldn't load player pass map from file data\maps\MainMenu\player_passmap.xml
I            world.cpp[0444]18/05 22:49:58 %%%% link nodes: 32
I            world.cpp[0220]18/05 22:49:58 ----------------------- Nodes loaded in: 64
I            world.cpp[0228]18/05 22:49:58 ----------------------- Prefabs loaded in: 0
I            world.cpp[0247]18/05 22:49:58 ----------------------- World loaded in: 6251
I            world.cpp[0278]18/05 22:49:58 ----------------------- Roads loaded in: 232
I           view32.cpp[1078]18/05 22:49:58 Load Server begin...
I   TruxxUiManager.cpp[0974]18/05 22:49:58 Interface: is loaded successfully
I           server.cpp[0789]18/05 22:49:58 AI: Loading Server...
I           server.cpp[0796]18/05 22:49:58 	AI: Loading Relationship
I     Relationship.cpp[0134]18/05 22:49:58 		 File readed
I           server.cpp[0801]18/05 22:49:58 	AI: Loading SoilProps
I           server.cpp[0804]18/05 22:49:58 	AI: Loading ExternalPaths
I           server.cpp[0807]18/05 22:49:58 	AI: Loading PlayerPassMap
E    PlayerPassMap.cpp[0139]18/05 22:49:58 Couldn't load player pass map from file data\maps\MainMenu\player_passmap.xml
I           server.cpp[0813]18/05 22:49:58 	AI: Loading GameObjects
I           server.cpp[0816]18/05 22:49:59 	AI: Initializing VehicleGeneratorInfoCache
I           server.cpp[0820]18/05 22:49:59 	AI: Refreshing GameObjects
I           server.cpp[0824]18/05 22:49:59 	AI: Loading QuestStates
I       QuestState.cpp[0904]18/05 22:49:59 Quest 'Human1_Quest1' can be given now
I       QuestState.cpp[0904]18/05 22:49:59 Quest 'Human1_Quest2' can be given now
I       QuestState.cpp[0904]18/05 22:49:59 Quest 'BenGoodEnd' can be given now
I       QuestState.cpp[0904]18/05 22:49:59 Quest 'q_PlaceWithSign' can be given now
I       QuestState.cpp[0904]18/05 22:49:59 Quest 'r3m2_OracleMemory' can be given now
I       QuestState.cpp[0904]18/05 22:49:59 Quest 'r3m2_TalkWithLisa' can be given now
I       QuestState.cpp[0904]18/05 22:49:59 Quest 'r3m2_TalkWithBenAboutCarAfterOracul' can be given now
I       QuestState.cpp[0904]18/05 22:49:59 Quest 'r3m2_FindInfoAboutFather' can be given now
I       QuestState.cpp[0904]18/05 22:49:59 Quest 'r3m1_LureMainDriud' can be given now
I       QuestState.cpp[0904]18/05 22:49:59 Quest 'r3m1_ClearSanctuary' can be given now
I       QuestState.cpp[0904]18/05 22:49:59 Quest 'r3m1_KnowAboutUluk' can be given now
I       QuestState.cpp[0904]18/05 22:49:59 Quest 'r3m1_RescueUlukCivil' can be given now
I       QuestState.cpp[0904]18/05 22:49:59 Quest 'q_VisitDruid' can be given now
I       QuestState.cpp[0904]18/05 22:49:59 Quest 'r2m2_Znaki2_Quest' can be given now
I       QuestState.cpp[0904]18/05 22:49:59 Quest 'r2m2_HeadsHunterQuest' can be given now
I       QuestState.cpp[0904]18/05 22:49:59 Quest 'r2m2_OldDvigatel1_Quest' can be given now
I       QuestState.cpp[0904]18/05 22:49:59 Quest 'r2m2_OldDvigatel2_Quest' can be given now
I       QuestState.cpp[0904]18/05 22:49:59 Quest 'r2m2_FightFelix' can be given now
I       QuestState.cpp[0904]18/05 22:49:59 Quest 'r2m2_ReturnToMarecciaFromCastle' can be given now
I       QuestState.cpp[0904]18/05 22:49:59 Quest 'r2m2_FightWithAxelInArena_Quest' can be given now
I       QuestState.cpp[0904]18/05 22:49:59 Quest 'r2m2_FindLisAfterAxelAndFatherDie_Quest' can be given now
I       QuestState.cpp[0904]18/05 22:49:59 Quest 'r2m2_ToLisaToMonastir' can be given now
I       QuestState.cpp[0904]18/05 22:49:59 Quest 'r2m2_FightLisaToMonastir' can be given now
I       QuestState.cpp[0904]18/05 22:49:59 Quest 'r2m2_GiveDisk2ToOrakul' can be given now
I       QuestState.cpp[0904]18/05 22:49:59 Quest 'MrShlyapa3_Quest' can be given now
I       QuestState.cpp[0904]18/05 22:49:59 Quest 'r2m1_ArtAntipod_Quest' can be given now
I       QuestState.cpp[0904]18/05 22:49:59 Quest 'r2m1_TakeNarcotics_Quest' can be given now
I       QuestState.cpp[0904]18/05 22:49:59 Quest 'r2m1_KillGodFather_Quest' can be given now
I       QuestState.cpp[0904]18/05 22:49:59 Quest 'MrShlyapaSecret' can be given now
I       QuestState.cpp[0904]18/05 22:49:59 Quest 'd_GetSupportOneOfTheBands2_Quest' can be given now
I       QuestState.cpp[0904]18/05 22:49:59 Quest 'd_GetSupportOneOfTheBands1_Quest' can be given now
I       QuestState.cpp[0904]18/05 22:49:59 Quest 'd_FindVerbInAR_Quest' can be given now
I       QuestState.cpp[0904]18/05 22:49:59 Quest 'd_FindVerbInSNG_Quest' can be given now
I       QuestState.cpp[0904]18/05 22:49:59 Quest 'd_PatrulSideSNG_Quest' can be given now
I       QuestState.cpp[0904]18/05 22:49:59 Quest 'd_TakeGeneralOfBandits_Quest' can be given now
I       QuestState.cpp[0904]18/05 22:49:59 Quest 'r2m1_TW_AlienInShip' can be given now
I       QuestState.cpp[0904]18/05 22:49:59 Quest 'Podderzhka_Quest' can be given now
I       QuestState.cpp[0904]18/05 22:49:59 Quest 'Zashita_Quest' can be given now
I       QuestState.cpp[0904]18/05 22:49:59 Quest 'preEretik_Quest' can be given now
I       QuestState.cpp[0904]18/05 22:49:59 Quest 'ReturnQuest' can be given now
I       QuestState.cpp[0904]18/05 22:49:59 Quest 'd_FindVerbInAM_Quest' can be given now
I       QuestState.cpp[0904]18/05 22:49:59 Quest 'OdettIsDead_Quest' can be given now
I       QuestState.cpp[0904]18/05 22:49:59 Quest 'Disk2OrakulLisa' can be given now
I       QuestState.cpp[0904]18/05 22:49:59 Quest 'FindGomerB_Quest1' can be given now
I       QuestState.cpp[0904]18/05 22:49:59 Quest 'FreeExtremistLeader_Quest1' can be given now
I       QuestState.cpp[0904]18/05 22:49:59 Quest 'KillExtremist_Quest1' can be given now
I       QuestState.cpp[0904]18/05 22:49:59 Quest 'r1m4_TalkWithOldTraderAboutSecondDisk' can be given now
I       QuestState.cpp[0904]18/05 22:49:59 Quest 'q_FindHusbent' can be given now
I       QuestState.cpp[0904]18/05 22:49:59 Quest 'RybakToOlm_Quest' can be given now
I       QuestState.cpp[0904]18/05 22:49:59 Quest 'AnanagaTech_Quest' can be given now
I       QuestState.cpp[0904]18/05 22:49:59 Quest 'MrShlyapa2_Quest' can be given now
I       QuestState.cpp[0904]18/05 22:49:59 Quest 'ToCordanToTikhomir_Quest' can be given now
I       QuestState.cpp[0904]18/05 22:49:59 Quest 'r1m3_BonnyAndKlideQuest' can be given now
I       QuestState.cpp[0904]18/05 22:49:59 Quest 'r1m3_ArchHelp' can be given now
I       QuestState.cpp[0904]18/05 22:49:59 Quest 'r1m3_CrazyManQuest' can be given now
I       QuestState.cpp[0904]18/05 22:49:59 Quest 'r1m3_OldTownOutsiderCar2_Quest' can be given now
I       QuestState.cpp[0904]18/05 22:49:59 Quest 'FightForPesht' can be given now
I       QuestState.cpp[0904]18/05 22:49:59 Quest 'd_RideAcrossBase_Quest' can be given now
I       QuestState.cpp[0904]18/05 22:49:59 Quest 'd_GiveMoneyToBase_Quest' can be given now
I       QuestState.cpp[0904]18/05 22:49:59 Quest 'd_GetBomb_Quest' can be given now
I       QuestState.cpp[0904]18/05 22:49:59 Quest 'd_IntrigaOfMerMinin_Quest' can be given now
I       QuestState.cpp[0904]18/05 22:49:59 Quest 'd_MoveFreelancersToOilMine_Quest' can be given now
I       QuestState.cpp[0904]18/05 22:49:59 Quest 'd_MoveCanistraToMinin_Quest' can be given now
I       QuestState.cpp[0904]18/05 22:49:59 Quest 'd_OpenTunel_Quest' can be given now
I       QuestState.cpp[0904]18/05 22:49:59 Quest 'r1m3_TalkWithThiefFromFatherHouse' can be given now
I       QuestState.cpp[0904]18/05 22:49:59 Quest 'r1m3_MoveToOraculAfterThief' can be given now
I       QuestState.cpp[0904]18/05 22:49:59 Quest 'r1m3_ToLisaToAsgard' can be given now
I       QuestState.cpp[0904]18/05 22:49:59 Quest 'r1m3_TW_OralceAboutAlien' can be given now
I       QuestState.cpp[0904]18/05 22:49:59 Quest 'r1m3_DestroyRadiationSource' can be given now
I       QuestState.cpp[0904]18/05 22:49:59 Quest 'r2m1_DestroyAlienShip' can be given now
I       QuestState.cpp[0904]18/05 22:49:59 Quest 'd_PayWorkersMoney_Quest' can be given now
I       QuestState.cpp[0904]18/05 22:49:59 Quest 'r2m1_TW_SellsCivilian' can be given now
I       QuestState.cpp[0904]18/05 22:49:59 Quest 'MorskieVrata2_Quest' can be given now
I       QuestState.cpp[0904]18/05 22:49:59 Quest 'Zachisti1_Quest' can be given now
I       QuestState.cpp[0904]18/05 22:49:59 Quest 'LisaVPeshte' can be given now
I       QuestState.cpp[0904]18/05 22:49:59 Quest 'LisaUBena' can be given now
I       QuestState.cpp[0904]18/05 22:49:59 Quest 'WhereSigns_Quest' can be given now
I       QuestState.cpp[0904]18/05 22:49:59 Quest 'CombatInKollizey_Quest' can be given now
I       QuestState.cpp[0904]18/05 22:49:59 Quest 'BuyKollizey_Quest' can be given now
I       QuestState.cpp[0904]18/05 22:49:59 Quest 'Kollizey_Quest' can be given now
I       QuestState.cpp[0904]18/05 22:49:59 Quest 'HelpRuins_Quest' can be given now
I       QuestState.cpp[0904]18/05 22:49:59 Quest 'DestroyRuins_Quest' can be given now
I       QuestState.cpp[0904]18/05 22:49:59 Quest 'DestroyRuins2_Quest' can be given now
I       QuestState.cpp[0904]18/05 22:49:59 Quest 'Signs_Quest' can be given now
I       QuestState.cpp[0904]18/05 22:49:59 Quest 'MrShlyapa1_Quest' can be given now
I       QuestState.cpp[0904]18/05 22:49:59 Quest 'FindBen2_Quest' can be given now
I       QuestState.cpp[0904]18/05 22:49:59 Quest 'd_FindHouseOfBen_Quest' can be given now
I       QuestState.cpp[0904]18/05 22:49:59 Quest 'r1m2_TW_BanAboutAlien' can be given now
I       QuestState.cpp[0904]18/05 22:49:59 Quest 'r1m3_DestroyOracle' can be given now
I       QuestState.cpp[0904]18/05 22:49:59 Quest 'Pomiritsa_Quest' can be given now
I       QuestState.cpp[0904]18/05 22:49:59 Quest 'VYar_Quest' can be given now
I       QuestState.cpp[0904]18/05 22:49:59 Quest 'FindBenMZ_Quest' can be given now
I       QuestState.cpp[0904]18/05 22:49:59 Quest 'QuickFindBen' can be given now
I       QuestState.cpp[0904]18/05 22:49:59 Quest 'OpenMid_Quest' can be given now
I       QuestState.cpp[0904]18/05 22:49:59 Quest 'TalkBeforeDesert' can be given now
I       QuestState.cpp[0904]18/05 22:49:59 Quest 'ZashitaGotova' can be given now
I       QuestState.cpp[0904]18/05 22:49:59 Quest 'FakeQuest1' can be given now
I       QuestState.cpp[0904]18/05 22:49:59 Quest 'Chehly_Quest' can be given now
I       QuestState.cpp[0904]18/05 22:49:59 Quest 'WorkGiver_Quest1' can be given now
I       QuestState.cpp[0904]18/05 22:49:59 Quest 'd_PunishBandits_Quest' can be given now
I       QuestState.cpp[0904]18/05 22:49:59 Quest 'r1m1_Hospital_Quest' can be given now
I       QuestState.cpp[0904]18/05 22:49:59 Quest 'r1m1_Botanik_Quest' can be given now
I       QuestState.cpp[0904]18/05 22:49:59 Quest 'r1m1_FindBotanik_Quest' can be given now
I       QuestState.cpp[0904]18/05 22:49:59 Quest 'Buyer_Quest1' can be given now
I       QuestState.cpp[0904]18/05 22:49:59 Quest 'FirstTimePlay' can be given now
I       QuestState.cpp[0904]18/05 22:49:59 Quest 'TalkWithFather_Quest' can be given now
I       QuestState.cpp[0904]18/05 22:49:59 Quest 'LisaAtSouth' can be given now
I       QuestState.cpp[0904]18/05 22:49:59 Quest 'FindBen_Quest' can be given now
I       QuestState.cpp[0904]18/05 22:49:59 Quest 'FindBenAgain_Quest' can be given now
I       QuestState.cpp[0904]18/05 22:49:59 Quest 'd_SinFather_Quest' can be given now
I       QuestState.cpp[0904]18/05 22:49:59 Quest 'TalkToVasily' can be given now
I       QuestState.cpp[0904]18/05 22:49:59 Quest 'CheckTheEast' can be given now
I       QuestState.cpp[0904]18/05 22:49:59 Quest 'BenSouth_Quest' can be given now
I           server.cpp[0826]18/05 22:49:59 	AI: QuestStates loaded
I           server.cpp[0828]18/05 22:49:59 	AI: Loading DynamicScene
I     DynamicScene.cpp[1470]18/05 22:49:59 		 Scene loading begin
I     DynamicScene.cpp[1472]18/05 22:49:59 		 Scene loading end
I           server.cpp[0837]18/05 22:49:59 	AI: DynamicScene loaded
I           server.cpp[0852]18/05 22:49:59 	AI: Loading Triggers
E           server.cpp[1242]18/05 22:49:59 Error: cannot open data\maps\MainMenu\
I           server.cpp[0855]18/05 22:49:59 	AI: Triggers loaded
I           server.cpp[0857]18/05 22:49:59 	AI: Loading Object Names
E     ObjContainer.cpp[1104]18/05 22:49:59 Error: cannot open data\maps\MainMenu\object_names.xml
I           server.cpp[0868]18/05 22:49:59 	AI: Initing Player
I           server.cpp[0888]18/05 22:49:59 		Before first Update
I   TruxxUiManager.cpp[1422]18/05 22:49:59 Game mode changed. Old mode = 2, new mode = 1
I           server.cpp[0909]18/05 22:49:59 		After first Update
I           server.cpp[0911]18/05 22:49:59 AI: Finished Loading Server
I           view32.cpp[1106]18/05 22:49:59 Load server end
I        QuestInfo.cpp[0847]18/05 22:49:59 Quest infos were loaded successfully from file data\if\diz\QuestInfoGlobal.xml
I        QuestInfo.cpp[0783]18/05 22:49:59 QuestInfo manager was inited successfully
I       MsgManager.cpp[0391]18/05 22:49:59 Can't open file data\maps\MainMenu\strings.xml for read.
I    GameUiManager.cpp[0303]18/05 22:49:59 Interface: is initializing...
I    GameUiManager.cpp[0405]18/05 22:49:59 Interface: is clearing...
I    GameUiManager.cpp[0495]18/05 22:49:59 Interface: is cleared successfully
I    GameUiManager.cpp[0395]18/05 22:49:59 Interface: is inited successfully
I blockMusicManager.cpp[0199]18/05 22:49:59 BlockMusicManager: resetting
I      gameimpulse.cpp[0618]18/05 22:49:59 Key bindings: unbind all is done
I      gameimpulse.cpp[0618]18/05 22:49:59 Key bindings: unbind all is done
I      gameimpulse.cpp[0324]18/05 22:49:59 Key bindings: were loaded successfully from file data/profiles/riverzone\KeyBindings.lua
I      gameimpulse.cpp[1222]18/05 22:49:59 Key bindings: were loaded from profile
I        SplashWnd.cpp[0244]18/05 22:50:05 Start splashing 11
I   TruxxUiManager.cpp[1422]18/05 22:50:05 Game mode changed. Old mode = 1, new mode = 0
I    GameUiManager.cpp[0405]18/05 22:50:05 Interface: is clearing...
I    GameUiManager.cpp[0495]18/05 22:50:05 Interface: is cleared successfully
I           view32.cpp[1048]18/05 22:50:05 -- Loading Level: data\maps\r11m1.ssl --
I            world.cpp[0132]18/05 22:50:05 ----------------------- World Loading
F        landscape.cpp[1674]18/05 22:50:05  +- Enter function: Landscape::Load()
I        landscape.cpp[1911]18/05 22:50:05  |  ----------------------- Normal map loaded in: 5
I        landscape.cpp[1920]18/05 22:50:05  |  ----------------------- Tiles loaded in: 42
I        landscape.cpp[1944]18/05 22:50:05  |  ----------------------- ShoreLine loaded in: 1
F        landscape.cpp[1944]18/05 22:50:05  +- Exit function: Landscape::Load()
I            world.cpp[0169]18/05 22:50:05 ----------------------- Landscape loaded in: 300
I       DataServer.cpp[0587]18/05 22:50:05 Loading Servers: data\models\servers.xml
E        GamParser.cpp[0399]18/05 22:50:07 AnimatedModel::LoadGAM -- cannot open file data\models\objects\dweller_debik.gam
E        GamParser.cpp[0399]18/05 22:50:09 AnimatedModel::LoadGAM -- cannot open file data\models\Masks\Main\mask_debik.gam
E       DraftModel.cpp[1002]18/05 22:50:13 Error: Couldn't load texture data\models\vehicles\belaz\cab01_mt.dds for model cargov1.gam
E       DraftModel.cpp[1002]18/05 22:50:13 Error: Couldn't load texture data\models\vehicles\belaz\cab01_mt.dds for model cargov1.gam
E       DraftModel.cpp[1002]18/05 22:50:13 Error: Couldn't load texture data\models\vehicles\belaz\cab01_mt.dds for model cargov1.gam
E       DraftModel.cpp[1002]18/05 22:50:13 Error: Couldn't load texture data\models\vehicles\belaz\cab01_mt.dds for model cargov1.gam
E       DraftModel.cpp[1002]18/05 22:50:13 Error: Couldn't load texture data\models\vehicles\belaz\cab01_mt.dds for model cargov1.gam
E       DraftModel.cpp[1002]18/05 22:50:13 Error: Couldn't load texture data\models\vehicles\belaz\cab01_mt.dds for model cargov1.gam
E       DraftModel.cpp[1002]18/05 22:50:13 Error: Couldn't load texture data\models\vehicles\belaz\cab01_mt.dds for model cargov1.gam
E       DraftModel.cpp[1002]18/05 22:50:13 Error: Couldn't load texture data\models\vehicles\belaz\cab01_mt.dds for model cargov1.gam
E       DraftModel.cpp[1002]18/05 22:50:13 Error: Couldn't load texture data\models\vehicles\belaz\cab01_mt.dds for model cargov1.gam
E serverAnimatedModel.cpp[0627]18/05 22:50:17 ServerAnimatedModels: cannot read file: file:data\models\AnimModels.xml id = dweller_brodyaga
E serverAnimatedModel.cpp[0627]18/05 22:50:17 ServerAnimatedModels: cannot read file: file:data\models\AnimModels.xml id = mask_debik
E serverAnimatedModel.cpp[0627]18/05 22:50:17 ServerAnimatedModels: cannot read file: file:data\models\AnimModels.xml id = big_brock_wall
E serverAnimatedModel.cpp[0627]18/05 22:50:17 ServerAnimatedModels: cannot read file: file:data\models\AnimModels.xml id = dub1_r2
E serverAnimatedModel.cpp[0627]18/05 22:50:17 ServerAnimatedModels: cannot read file: file:data\models\AnimModels.xml id = boss_barrel
I serverAnimatedModel.cpp[0630]18/05 22:50:17 ### Total time: 12106, GAM time: 11231
I       DataServer.cpp[0587]18/05 22:50:17 Loading Servers: data\models\commonservers.xml
E      serverMusic.cpp[0216]18/05 22:50:18 MusicServer: cannot read file: data\music\music.xml id = 'LaBelleTown'
E      serverMusic.cpp[0216]18/05 22:50:18 MusicServer: cannot read file: data\music\music.xml id = 'block6_driving2'
I            world.cpp[0210]18/05 22:50:18 ----------------------- Servers loaded in: 13102
I            world.cpp[0338]18/05 22:50:18 LoadWorld begin...
I            world.cpp[0350]18/05 22:50:19 %%%% read/parse xml: 733
I            world.cpp[0362]18/05 22:50:23 %%%% read from xml: 4102
I            world.cpp[0444]18/05 22:50:23 %%%% link nodes: 202
I            world.cpp[0220]18/05 22:50:23 ----------------------- Nodes loaded in: 5058
I            world.cpp[0228]18/05 22:50:23 ----------------------- Prefabs loaded in: 0
I            world.cpp[0247]18/05 22:50:24 ----------------------- World loaded in: 18976
E        GamParser.cpp[0399]18/05 22:50:24 AnimatedModel::LoadGAM -- cannot open file data\models\roads\road_small_highway\small_highway_end.gam-
I      roadManager.cpp[0139]18/05 22:50:24 RoadManager error( model not loaded ): data\models\roads\road_small_highway\small_highway_end.gam-
I            world.cpp[0278]18/05 22:50:24 ----------------------- Roads loaded in: 372
I           view32.cpp[1078]18/05 22:50:25 Load Server begin...
I            Reply.cpp[0415]18/05 22:50:25 Replies were loaded successfully from file data\if\diz\DialogsGlobal.xml
I            Reply.cpp[0415]18/05 22:50:25 Replies were loaded successfully from file data\if\diz\DynamicDialogsGlobal.xml
I            Reply.cpp[0343]18/05 22:50:25 RepliesManager was inited successfully
I    GameUiManager.cpp[1603]18/05 22:50:25 Interface: loading resources ...
I     ObjectsIcons.cpp[0198]18/05 22:50:26 ObjectsIcons::AddIcon warning - ico with id SpeedPointer already exists and wiil be replaced
I    GameUiManager.cpp[1603]18/05 22:50:27 Interface: loading resources ...
I   TruxxUiManager.cpp[0974]18/05 22:50:27 Interface: is loaded successfully
I           server.cpp[0789]18/05 22:50:27 AI: Loading Server...
I           server.cpp[0796]18/05 22:50:27 	AI: Loading Relationship
I     Relationship.cpp[0134]18/05 22:50:27 		 File readed
I           server.cpp[0801]18/05 22:50:27 	AI: Loading SoilProps
I           server.cpp[0804]18/05 22:50:27 	AI: Loading ExternalPaths
I           server.cpp[0807]18/05 22:50:27 	AI: Loading PlayerPassMap
I           server.cpp[0813]18/05 22:50:27 	AI: Loading GameObjects
I           server.cpp[0816]18/05 22:50:27 	AI: Initializing VehicleGeneratorInfoCache
I           server.cpp[0820]18/05 22:50:27 	AI: Refreshing GameObjects
E      VehiclePart.cpp[0138]18/05 22:50:27 Error: collision geom in vehicle part name = 'boss04station' is not BOX
E      VehiclePart.cpp[0138]18/05 22:50:28 Error: collision geom in vehicle part name = 'heavy_dot1' is not BOX
I           server.cpp[0824]18/05 22:50:28 	AI: Loading QuestStates
I       QuestState.cpp[0904]18/05 22:50:28 Quest 'Human1_Quest1' can be given now
I       QuestState.cpp[0904]18/05 22:50:28 Quest 'Human1_Quest2' can be given now
I       QuestState.cpp[0904]18/05 22:50:28 Quest 'BenGoodEnd' can be given now
I       QuestState.cpp[0904]18/05 22:50:28 Quest 'q_PlaceWithSign' can be given now
I       QuestState.cpp[0904]18/05 22:50:28 Quest 'r3m2_OracleMemory' can be given now
I       QuestState.cpp[0904]18/05 22:50:28 Quest 'r3m2_TalkWithLisa' can be given now
I       QuestState.cpp[0904]18/05 22:50:28 Quest 'r3m2_TalkWithBenAboutCarAfterOracul' can be given now
I       QuestState.cpp[0904]18/05 22:50:28 Quest 'r3m2_FindInfoAboutFather' can be given now
I       QuestState.cpp[0904]18/05 22:50:28 Quest 'r3m1_LureMainDriud' can be given now
I       QuestState.cpp[0904]18/05 22:50:28 Quest 'r3m1_ClearSanctuary' can be given now
I       QuestState.cpp[0904]18/05 22:50:28 Quest 'r3m1_KnowAboutUluk' can be given now
I       QuestState.cpp[0904]18/05 22:50:28 Quest 'r3m1_RescueUlukCivil' can be given now
I       QuestState.cpp[0904]18/05 22:50:28 Quest 'q_VisitDruid' can be given now
I       QuestState.cpp[0904]18/05 22:50:28 Quest 'r2m2_Znaki2_Quest' can be given now
I       QuestState.cpp[0904]18/05 22:50:28 Quest 'r2m2_HeadsHunterQuest' can be given now
I       QuestState.cpp[0904]18/05 22:50:28 Quest 'r2m2_OldDvigatel1_Quest' can be given now
I       QuestState.cpp[0904]18/05 22:50:28 Quest 'r2m2_OldDvigatel2_Quest' can be given now
I       QuestState.cpp[0904]18/05 22:50:28 Quest 'r2m2_FightFelix' can be given now
I       QuestState.cpp[0904]18/05 22:50:28 Quest 'r2m2_ReturnToMarecciaFromCastle' can be given now
I       QuestState.cpp[0904]18/05 22:50:28 Quest 'r2m2_FightWithAxelInArena_Quest' can be given now
I       QuestState.cpp[0904]18/05 22:50:28 Quest 'r2m2_FindLisAfterAxelAndFatherDie_Quest' can be given now
I       QuestState.cpp[0904]18/05 22:50:28 Quest 'r2m2_ToLisaToMonastir' can be given now
I       QuestState.cpp[0904]18/05 22:50:28 Quest 'r2m2_FightLisaToMonastir' can be given now
I       QuestState.cpp[0904]18/05 22:50:28 Quest 'r2m2_GiveDisk2ToOrakul' can be given now
I       QuestState.cpp[0904]18/05 22:50:28 Quest 'MrShlyapa3_Quest' can be given now
I       QuestState.cpp[0904]18/05 22:50:28 Quest 'r2m1_ArtAntipod_Quest' can be given now
I       QuestState.cpp[0904]18/05 22:50:28 Quest 'r2m1_TakeNarcotics_Quest' can be given now
I       QuestState.cpp[0904]18/05 22:50:28 Quest 'r2m1_KillGodFather_Quest' can be given now
I       QuestState.cpp[0904]18/05 22:50:28 Quest 'MrShlyapaSecret' can be given now
I       QuestState.cpp[0904]18/05 22:50:28 Quest 'd_GetSupportOneOfTheBands2_Quest' can be given now
I       QuestState.cpp[0904]18/05 22:50:28 Quest 'd_GetSupportOneOfTheBands1_Quest' can be given now
I       QuestState.cpp[0904]18/05 22:50:28 Quest 'd_FindVerbInAR_Quest' can be given now
I       QuestState.cpp[0904]18/05 22:50:28 Quest 'd_FindVerbInSNG_Quest' can be given now
I       QuestState.cpp[0904]18/05 22:50:28 Quest 'd_PatrulSideSNG_Quest' can be given now
I       QuestState.cpp[0904]18/05 22:50:28 Quest 'd_TakeGeneralOfBandits_Quest' can be given now
I       QuestState.cpp[0904]18/05 22:50:28 Quest 'r2m1_TW_AlienInShip' can be given now
I       QuestState.cpp[0904]18/05 22:50:28 Quest 'Podderzhka_Quest' can be given now
I       QuestState.cpp[0904]18/05 22:50:28 Quest 'Zashita_Quest' can be given now
I       QuestState.cpp[0904]18/05 22:50:28 Quest 'preEretik_Quest' can be given now
I       QuestState.cpp[0904]18/05 22:50:28 Quest 'ReturnQuest' can be given now
I       QuestState.cpp[0904]18/05 22:50:28 Quest 'd_FindVerbInAM_Quest' can be given now
I       QuestState.cpp[0904]18/05 22:50:28 Quest 'OdettIsDead_Quest' can be given now
I       QuestState.cpp[0904]18/05 22:50:28 Quest 'Disk2OrakulLisa' can be given now
I       QuestState.cpp[0904]18/05 22:50:28 Quest 'FindGomerB_Quest1' can be given now
I       QuestState.cpp[0904]18/05 22:50:28 Quest 'FreeExtremistLeader_Quest1' can be given now
I       QuestState.cpp[0904]18/05 22:50:28 Quest 'KillExtremist_Quest1' can be given now
I       QuestState.cpp[0904]18/05 22:50:28 Quest 'r1m4_TalkWithOldTraderAboutSecondDisk' can be given now
I       QuestState.cpp[0904]18/05 22:50:28 Quest 'q_FindHusbent' can be given now
I       QuestState.cpp[0904]18/05 22:50:28 Quest 'RybakToOlm_Quest' can be given now
I       QuestState.cpp[0904]18/05 22:50:28 Quest 'AnanagaTech_Quest' can be given now
I       QuestState.cpp[0904]18/05 22:50:28 Quest 'MrShlyapa2_Quest' can be given now
I       QuestState.cpp[0904]18/05 22:50:28 Quest 'ToCordanToTikhomir_Quest' can be given now
I       QuestState.cpp[0904]18/05 22:50:28 Quest 'r1m3_BonnyAndKlideQuest' can be given now
I       QuestState.cpp[0904]18/05 22:50:28 Quest 'r1m3_ArchHelp' can be given now
I       QuestState.cpp[0904]18/05 22:50:28 Quest 'r1m3_CrazyManQuest' can be given now
I       QuestState.cpp[0904]18/05 22:50:28 Quest 'r1m3_OldTownOutsiderCar2_Quest' can be given now
I       QuestState.cpp[0904]18/05 22:50:28 Quest 'FightForPesht' can be given now
I       QuestState.cpp[0904]18/05 22:50:28 Quest 'd_RideAcrossBase_Quest' can be given now
I       QuestState.cpp[0904]18/05 22:50:28 Quest 'd_GiveMoneyToBase_Quest' can be given now
I       QuestState.cpp[0904]18/05 22:50:28 Quest 'd_GetBomb_Quest' can be given now
I       QuestState.cpp[0904]18/05 22:50:28 Quest 'd_IntrigaOfMerMinin_Quest' can be given now
I       QuestState.cpp[0904]18/05 22:50:28 Quest 'd_MoveFreelancersToOilMine_Quest' can be given now
I       QuestState.cpp[0904]18/05 22:50:28 Quest 'd_MoveCanistraToMinin_Quest' can be given now
I       QuestState.cpp[0904]18/05 22:50:28 Quest 'd_OpenTunel_Quest' can be given now
I       QuestState.cpp[0904]18/05 22:50:28 Quest 'r1m3_TalkWithThiefFromFatherHouse' can be given now
I       QuestState.cpp[0904]18/05 22:50:28 Quest 'r1m3_MoveToOraculAfterThief' can be given now
I       QuestState.cpp[0904]18/05 22:50:28 Quest 'r1m3_ToLisaToAsgard' can be given now
I       QuestState.cpp[0904]18/05 22:50:28 Quest 'r1m3_TW_OralceAboutAlien' can be given now
I       QuestState.cpp[0904]18/05 22:50:28 Quest 'r1m3_DestroyRadiationSource' can be given now
I       QuestState.cpp[0904]18/05 22:50:28 Quest 'r2m1_DestroyAlienShip' can be given now
I       QuestState.cpp[0904]18/05 22:50:28 Quest 'd_PayWorkersMoney_Quest' can be given now
I       QuestState.cpp[0904]18/05 22:50:28 Quest 'r2m1_TW_SellsCivilian' can be given now
I       QuestState.cpp[0904]18/05 22:50:28 Quest 'MorskieVrata2_Quest' can be given now
I       QuestState.cpp[0904]18/05 22:50:28 Quest 'Zachisti1_Quest' can be given now
I       QuestState.cpp[0904]18/05 22:50:28 Quest 'LisaVPeshte' can be given now
I       QuestState.cpp[0904]18/05 22:50:28 Quest 'LisaUBena' can be given now
I       QuestState.cpp[0904]18/05 22:50:28 Quest 'WhereSigns_Quest' can be given now
I       QuestState.cpp[0904]18/05 22:50:28 Quest 'CombatInKollizey_Quest' can be given now
I       QuestState.cpp[0904]18/05 22:50:28 Quest 'BuyKollizey_Quest' can be given now
I       QuestState.cpp[0904]18/05 22:50:28 Quest 'Kollizey_Quest' can be given now
I       QuestState.cpp[0904]18/05 22:50:28 Quest 'HelpRuins_Quest' can be given now
I       QuestState.cpp[0904]18/05 22:50:28 Quest 'DestroyRuins_Quest' can be given now
I       QuestState.cpp[0904]18/05 22:50:28 Quest 'DestroyRuins2_Quest' can be given now
I       QuestState.cpp[0904]18/05 22:50:28 Quest 'Signs_Quest' can be given now
I       QuestState.cpp[0904]18/05 22:50:28 Quest 'MrShlyapa1_Quest' can be given now
I       QuestState.cpp[0904]18/05 22:50:28 Quest 'FindBen2_Quest' can be given now
I       QuestState.cpp[0904]18/05 22:50:28 Quest 'd_FindHouseOfBen_Quest' can be given now
I       QuestState.cpp[0904]18/05 22:50:28 Quest 'r1m2_TW_BanAboutAlien' can be given now
I       QuestState.cpp[0904]18/05 22:50:28 Quest 'r1m3_DestroyOracle' can be given now
I       QuestState.cpp[0904]18/05 22:50:28 Quest 'Pomiritsa_Quest' can be given now
I       QuestState.cpp[0904]18/05 22:50:28 Quest 'VYar_Quest' can be given now
I       QuestState.cpp[0904]18/05 22:50:28 Quest 'FindBenMZ_Quest' can be given now
I       QuestState.cpp[0904]18/05 22:50:28 Quest 'QuickFindBen' can be given now
I       QuestState.cpp[0904]18/05 22:50:28 Quest 'OpenMid_Quest' can be given now
I       QuestState.cpp[0904]18/05 22:50:28 Quest 'TalkBeforeDesert' can be given now
I       QuestState.cpp[0904]18/05 22:50:28 Quest 'ZashitaGotova' can be given now
I       QuestState.cpp[0904]18/05 22:50:28 Quest 'FakeQuest1' can be given now
I       QuestState.cpp[0904]18/05 22:50:28 Quest 'Chehly_Quest' can be given now
I       QuestState.cpp[0904]18/05 22:50:28 Quest 'WorkGiver_Quest1' can be given now
I       QuestState.cpp[0904]18/05 22:50:28 Quest 'd_PunishBandits_Quest' can be given now
I       QuestState.cpp[0904]18/05 22:50:28 Quest 'r1m1_Hospital_Quest' can be given now
I       QuestState.cpp[0904]18/05 22:50:28 Quest 'r1m1_Botanik_Quest' can be given now
I       QuestState.cpp[0904]18/05 22:50:28 Quest 'r1m1_FindBotanik_Quest' can be given now
I       QuestState.cpp[0904]18/05 22:50:28 Quest 'Buyer_Quest1' can be given now
I       QuestState.cpp[0904]18/05 22:50:28 Quest 'FirstTimePlay' can be given now
I       QuestState.cpp[0904]18/05 22:50:28 Quest 'TalkWithFather_Quest' can be given now
I       QuestState.cpp[0904]18/05 22:50:28 Quest 'LisaAtSouth' can be given now
I       QuestState.cpp[0904]18/05 22:50:28 Quest 'FindBen_Quest' can be given now
I       QuestState.cpp[0904]18/05 22:50:28 Quest 'FindBenAgain_Quest' can be given now
I       QuestState.cpp[0904]18/05 22:50:28 Quest 'd_SinFather_Quest' can be given now
I       QuestState.cpp[0904]18/05 22:50:28 Quest 'TalkToVasily' can be given now
I       QuestState.cpp[0904]18/05 22:50:28 Quest 'CheckTheEast' can be given now
I       QuestState.cpp[0904]18/05 22:50:28 Quest 'BenSouth_Quest' can be given now
I           server.cpp[0826]18/05 22:50:28 	AI: QuestStates loaded
I           server.cpp[0828]18/05 22:50:28 	AI: Loading DynamicScene
I     DynamicScene.cpp[1470]18/05 22:50:28 		 Scene loading begin
E     DynamicScene.cpp[1589]18/05 22:50:29 Attempting to load object Father of prototype NPC, but an object with this name already exists!
I     DynamicScene.cpp[1472]18/05 22:50:29 		 Scene loading end
I           server.cpp[0837]18/05 22:50:29 	AI: DynamicScene loaded
I           server.cpp[0852]18/05 22:50:29 	AI: Loading Triggers
I           server.cpp[0855]18/05 22:50:29 	AI: Triggers loaded
I           server.cpp[0857]18/05 22:50:29 	AI: Loading Object Names
I           server.cpp[0868]18/05 22:50:29 	AI: Initing Player
I           server.cpp[0888]18/05 22:50:29 		Before first Update
I DynamicQuestManager.cpp[0089]18/05 22:50:29 DynamicQuestReach id = 4805 prototype = 'dynamicQuestReach' created
I DynamicQuestManager.cpp[0090]18/05 22:50:29 targetName = 'Kendari', hirerName = 'Namlea', reward = 250
E              Gun.cpp[0866]18/05 22:50:29 Error: LoadPoint not found: LP_GUN for MinePusher id = 4806 prototype = 'minePusher', modelName = minoYkladchiK
E              Gun.cpp[0866]18/05 22:50:29 Error: LoadPoint not found: LP_GUN for MinePusher id = 4807 prototype = 'minePusher', modelName = minoYkladchiK
E              Gun.cpp[0866]18/05 22:50:29 Error: LoadPoint not found: LP_GUN for MinePusher id = 4808 prototype = 'minePusher', modelName = minoYkladchiK
E              Gun.cpp[0866]18/05 22:50:29 Error: LoadPoint not found: LP_GUN for MinePusher id = 4809 prototype = 'minePusher', modelName = minoYkladchiK
E              Gun.cpp[0866]18/05 22:50:29 Error: LoadPoint not found: LP_GUN for MinePusher id = 4810 prototype = 'minePusher', modelName = minoYkladchiK
E              Gun.cpp[0866]18/05 22:50:29 Error: LoadPoint not found: LP_GUN for MinePusher id = 4811 prototype = 'minePusher', modelName = minoYkladchiK
E              Gun.cpp[0866]18/05 22:50:29 Error: LoadPoint not found: LP_GUN for MinePusher id = 4812 prototype = 'minePusher', modelName = minoYkladchiK
E              Gun.cpp[0866]18/05 22:50:29 Error: LoadPoint not found: LP_GUN for MinePusher id = 4813 prototype = 'minePusher', modelName = minoYkladchiK
E              Gun.cpp[0866]18/05 22:50:29 Error: LoadPoint not found: LP_GUN for MinePusher id = 4814 prototype = 'minePusher', modelName = minoYkladchiK
E              Gun.cpp[0866]18/05 22:50:29 Error: LoadPoint not found: LP_GUN for MinePusher id = 4815 prototype = 'minePusher', modelName = minoYkladchiK
E              Gun.cpp[0866]18/05 22:50:29 Error: LoadPoint not found: LP_GUN for MinePusher id = 4816 prototype = 'minePusher', modelName = minoYkladchiK
E              Gun.cpp[0866]18/05 22:50:29 Error: LoadPoint not found: LP_GUN for MinePusher id = 4817 prototype = 'minePusher', modelName = minoYkladchiK
E              Gun.cpp[0866]18/05 22:50:29 Error: LoadPoint not found: LP_GUN for MinePusher id = 4818 prototype = 'minePusher', modelName = minoYkladchiK
E              Gun.cpp[0866]18/05 22:50:29 Error: LoadPoint not found: LP_GUN for MinePusher id = 4819 prototype = 'minePusher', modelName = minoYkladchiK
E              Gun.cpp[0866]18/05 22:50:29 Error: LoadPoint not found: LP_GUN for MinePusher id = 4820 prototype = 'minePusher', modelName = minoYkladchiK
E              Gun.cpp[0866]18/05 22:50:29 Error: LoadPoint not found: LP_GUN for MinePusher id = 4821 prototype = 'minePusher', modelName = minoYkladchiK
E              Gun.cpp[0866]18/05 22:50:29 Error: LoadPoint not found: LP_GUN for MinePusher id = 4822 prototype = 'minePusher', modelName = minoYkladchiK
E              Gun.cpp[0866]18/05 22:50:29 Error: LoadPoint not found: LP_GUN for MinePusher id = 4823 prototype = 'minePusher', modelName = minoYkladchiK
E              Gun.cpp[0866]18/05 22:50:29 Error: LoadPoint not found: LP_GUN for MinePusher id = 4824 prototype = 'minePusher', modelName = minoYkladchiK
E              Gun.cpp[0866]18/05 22:50:29 Error: LoadPoint not found: LP_GUN for MinePusher id = 4825 prototype = 'minePusher', modelName = minoYkladchiK
E              Gun.cpp[0866]18/05 22:50:29 Error: LoadPoint not found: LP_GUN for MinePusher id = 4826 prototype = 'minePusher', modelName = minoYkladchiK
E              Gun.cpp[0866]18/05 22:50:29 Error: LoadPoint not found: LP_GUN for MinePusher id = 4827 prototype = 'minePusher', modelName = minoYkladchiK
E              Gun.cpp[0866]18/05 22:50:29 Error: LoadPoint not found: LP_GUN for MinePusher id = 4828 prototype = 'minePusher', modelName = minoYkladchiK
E              Gun.cpp[0866]18/05 22:50:29 Error: LoadPoint not found: LP_GUN for MinePusher id = 4829 prototype = 'minePusher', modelName = minoYkladchiK
E              Gun.cpp[0866]18/05 22:50:29 Error: LoadPoint not found: LP_GUN for MinePusher id = 4830 prototype = 'minePusher', modelName = minoYkladchiK
E              Gun.cpp[0866]18/05 22:50:29 Error: LoadPoint not found: LP_GUN for MinePusher id = 4831 prototype = 'minePusher', modelName = minoYkladchiK
E              Gun.cpp[0866]18/05 22:50:29 Error: LoadPoint not found: LP_GUN for MinePusher id = 4832 prototype = 'minePusher', modelName = minoYkladchiK
E              Gun.cpp[0866]18/05 22:50:29 Error: LoadPoint not found: LP_GUN for MinePusher id = 4833 prototype = 'minePusher', modelName = minoYkladchiK
E              Gun.cpp[0866]18/05 22:50:29 Error: LoadPoint not found: LP_GUN for MinePusher id = 4834 prototype = 'minePusher', modelName = minoYkladchiK
E              Gun.cpp[0866]18/05 22:50:29 Error: LoadPoint not found: LP_GUN for MinePusher id = 4835 prototype = 'minePusher', modelName = minoYkladchiK
E              Gun.cpp[0866]18/05 22:50:29 Error: LoadPoint not found: LP_GUN for MinePusher id = 4836 prototype = 'minePusher', modelName = minoYkladchiK
E              Gun.cpp[0866]18/05 22:50:29 Error: LoadPoint not found: LP_GUN for MinePusher id = 4837 prototype = 'minePusher', modelName = minoYkladchiK
E              Gun.cpp[0866]18/05 22:50:29 Error: LoadPoint not found: LP_GUN for MinePusher id = 4838 prototype = 'minePusher', modelName = minoYkladchiK
E              Gun.cpp[0866]18/05 22:50:29 Error: LoadPoint not found: LP_GUN for MinePusher id = 4839 prototype = 'minePusher', modelName = minoYkladchiK
E              Gun.cpp[0866]18/05 22:50:29 Error: LoadPoint not found: LP_GUN for MinePusher id = 4840 prototype = 'minePusher', modelName = minoYkladchiK
E              Gun.cpp[0866]18/05 22:50:29 Error: LoadPoint not found: LP_GUN for MinePusher id = 4841 prototype = 'minePusher', modelName = minoYkladchiK
I DynamicQuestManager.cpp[0089]18/05 22:50:29 DynamicQuestReach id = 4842 prototype = 'dynamicQuestReach' created
I DynamicQuestManager.cpp[0090]18/05 22:50:29 targetName = 'Kendari', hirerName = 'Base_91', reward = 250
E              Gun.cpp[0866]18/05 22:50:29 Error: LoadPoint not found: LP_GUN for MinePusher id = 4845 prototype = 'minePusher', modelName = minoYkladchiK
E              Gun.cpp[0866]18/05 22:50:29 Error: LoadPoint not found: LP_GUN for MinePusher id = 4846 prototype = 'minePusher', modelName = minoYkladchiK
E              Gun.cpp[0866]18/05 22:50:29 Error: LoadPoint not found: LP_GUN for MinePusher id = 4861 prototype = 'minePusher', modelName = minoYkladchiK
E              Gun.cpp[0866]18/05 22:50:29 Error: LoadPoint not found: LP_GUN for MinePusher id = 4862 prototype = 'minePusher', modelName = minoYkladchiK
E              Gun.cpp[0866]18/05 22:50:29 Error: LoadPoint not found: LP_GUN for MinePusher id = 4865 prototype = 'minePusher', modelName = minoYkladchiK
E              Gun.cpp[0866]18/05 22:50:29 Error: LoadPoint not found: LP_GUN for MinePusher id = 4866 prototype = 'minePusher', modelName = minoYkladchiK
I           server.cpp[0909]18/05 22:50:29 		After first Update
I           server.cpp[0911]18/05 22:50:29 AI: Finished Loading Server
I           view32.cpp[1106]18/05 22:50:29 Load server end
I        QuestInfo.cpp[0847]18/05 22:50:29 Quest infos were loaded successfully from file data\if\diz\QuestInfoGlobal.xml
I        QuestInfo.cpp[0783]18/05 22:50:29 QuestInfo manager was inited successfully
I    GameUiManager.cpp[0303]18/05 22:50:29 Interface: is initializing...
I    GameUiManager.cpp[0395]18/05 22:50:29 Interface: is inited successfully
I     GlobalMapWnd.cpp[0157]18/05 22:50:29 Make control error: control mainmenu_ico is not found or incorrect type
I     GlobalMapWnd.cpp[0157]18/05 22:50:29 Make control error: control r1m8_ico is not found or incorrect type
I     GlobalMapWnd.cpp[0157]18/05 22:50:29 Make control error: control r1m7_ico is not found or incorrect type
I     GlobalMapWnd.cpp[0157]18/05 22:50:29 Make control error: control r4m0_ico is not found or incorrect type
I     GlobalMapWnd.cpp[0157]18/05 22:50:29 Make control error: control r8m1_ico is not found or incorrect type
I     GlobalMapWnd.cpp[0203]18/05 22:50:29 GlobalMapWnd: error - fail to init because of a bad resource
I blockMusicManager.cpp[0185]18/05 22:50:29 BlockMusicManager: start playing new music: blockNum = 18, musicType = 0, name = 'r11_1_driving'
I       console_string[0234]18/05 22:50:47 ---------------------- CHEAT WAS USED --------- ANTICHEAT -----------------
I        FadingMsg.cpp[0199]18/05 22:50:47 Fading message: '@FFFF1493Обнаружено использование чит-кодов. Система достижений @FFFF0000ЗАБЛОКИРОВАНА. @FFFF1493В техподдержке @FFFF0000ОТКАЗАНО.'
I        FadingMsg.cpp[0199]18/05 22:50:47 Fading message: '@FFFF1493Обнаружено использование чит-кодов. Система достижений @FFFF0000ЗАБЛОКИРОВАНА. @FFFF1493В техподдержке @FFFF0000ОТКАЗАНО.'
I        FadingMsg.cpp[0199]18/05 22:52:10 Fading message: 'Нажмите гудок (%1m) для въезда в город'
I townMusicManager.cpp[0096]18/05 22:52:12 TownMusicManager: start playing new music: 'Indo_town1'
I     DynamicQuest.cpp[0279]18/05 22:52:23 Dynamic quest id 4805 status changed to PROCESSING
I       console_string[0234]18/05 22:52:52 ---------------------- CHEAT WAS USED --------- ANTICHEAT -----------------
I        FadingMsg.cpp[0199]18/05 22:52:52 Fading message: '@FFFF1493Обнаружено использование чит-кодов. Система достижений @FFFF0000ЗАБЛОКИРОВАНА. @FFFF1493В техподдержке @FFFF0000ОТКАЗАНО.'
I        FadingMsg.cpp[0199]18/05 22:52:52 Fading message: '@FFFF1493Обнаружено использование чит-кодов. Система достижений @FFFF0000ЗАБЛОКИРОВАНА. @FFFF1493В техподдержке @FFFF0000ОТКАЗАНО.'
I        FadingMsg.cpp[0199]18/05 22:52:52 Fading message: 'Вы получили %1d монет!'
I blockMusicManager.cpp[0199]18/05 22:53:11 BlockMusicManager: resetting
I blockMusicManager.cpp[0185]18/05 22:53:11 BlockMusicManager: start playing new music: blockNum = 18, musicType = 0, name = 'r11_1_driving'
I        FadingMsg.cpp[0199]18/05 22:53:50 Fading message: 'Нажмите гудок (%1m) для въезда в город'
I        FadingMsg.cpp[0199]18/05 22:54:18 Fading message: 'Нажмите гудок (%1m) для въезда в город'
I townMusicManager.cpp[0096]18/05 22:54:19 TownMusicManager: start playing new music: 'Indo_town3'
I blockMusicManager.cpp[0199]18/05 22:54:50 BlockMusicManager: resetting
I blockMusicManager.cpp[0185]18/05 22:54:50 BlockMusicManager: start playing new music: blockNum = 19, musicType = 0, name = 'r11_2_driving'
I        FadingMsg.cpp[0199]18/05 22:55:57 Fading message: 'Нажмите гудок (%1m) для въезда в город'
I   TruxxUiManager.cpp[1422]18/05 22:55:59 Game mode changed. Old mode = 0, new mode = 1
I   TruxxUiManager.cpp[1422]18/05 22:56:00 Game mode changed. Old mode = 1, new mode = 0
I   TruxxUiManager.cpp[1422]18/05 22:56:00 Game mode changed. Old mode = 0, new mode = 0
I townMusicManager.cpp[0096]18/05 22:56:00 TownMusicManager: start playing new music: 'military_town1'
I     DynamicQuest.cpp[0279]18/05 22:56:15 Dynamic quest id 4842 status changed to PROCESSING
I blockMusicManager.cpp[0199]18/05 22:56:19 BlockMusicManager: resetting
I   TruxxUiManager.cpp[1422]18/05 22:56:19 Game mode changed. Old mode = 0, new mode = 1
I blockMusicManager.cpp[0185]18/05 22:56:19 BlockMusicManager: start playing new music: blockNum = 19, musicType = 0, name = 'r11_2_driving'
I   TruxxUiManager.cpp[1422]18/05 22:56:19 Game mode changed. Old mode = 1, new mode = 0
I        FadingMsg.cpp[0199]18/05 22:56:47 Fading message: 'Нажмите гудок (%1m) для въезда в город'
I   TruxxUiManager.cpp[1422]18/05 22:56:48 Game mode changed. Old mode = 0, new mode = 1
I   TruxxUiManager.cpp[1422]18/05 22:56:49 Game mode changed. Old mode = 1, new mode = 0
I   TruxxUiManager.cpp[1422]18/05 22:56:49 Game mode changed. Old mode = 0, new mode = 0
I townMusicManager.cpp[0096]18/05 22:56:49 TownMusicManager: start playing new music: 'military_town1'
I blockMusicManager.cpp[0199]18/05 22:57:06 BlockMusicManager: resetting
I   TruxxUiManager.cpp[1422]18/05 22:57:06 Game mode changed. Old mode = 0, new mode = 1
I blockMusicManager.cpp[0185]18/05 22:57:07 BlockMusicManager: start playing new music: blockNum = 19, musicType = 0, name = 'r11_2_driving'
I        FadingMsg.cpp[0199]18/05 22:57:07 Fading message: 'Наступила ночь.'
I   TruxxUiManager.cpp[1422]18/05 22:57:07 Game mode changed. Old mode = 1, new mode = 0
I        FadingMsg.cpp[0199]18/05 22:58:07 Fading message: 'Нажмите гудок (%1m) для въезда в город'
I townMusicManager.cpp[0096]18/05 22:58:09 TownMusicManager: start playing new music: 'Indo_town3'
I blockMusicManager.cpp[0199]18/05 22:58:37 BlockMusicManager: resetting
I blockMusicManager.cpp[0185]18/05 22:58:37 BlockMusicManager: start playing new music: blockNum = 19, musicType = 0, name = 'r11_2_driving'
I     DynamicQuest.cpp[0279]18/05 23:00:03 Dynamic quest id 4805 status changed to COMPLETE
I        FadingMsg.cpp[0199]18/05 23:00:03 Fading message: 'Вы получили %1d монет!'
I        FadingMsg.cpp[0199]18/05 23:00:03 Fading message: 'Вы выполнили задание "%1s"'
I     DynamicQuest.cpp[0279]18/05 23:00:03 Dynamic quest id 4842 status changed to COMPLETE
I        FadingMsg.cpp[0199]18/05 23:00:03 Fading message: 'Вы получили %1d монет!'
I        FadingMsg.cpp[0199]18/05 23:00:03 Fading message: 'Вы выполнили задание "%1s"'
I        FadingMsg.cpp[0199]18/05 23:00:03 Fading message: 'Нажмите гудок (%1m) для въезда в город'
I DynamicQuestManager.cpp[0089]18/05 23:00:03 DynamicQuestHunt id = 86756 prototype = 'dynamicQuestHunt' created
I DynamicQuestManager.cpp[0090]18/05 23:00:03 targetName = 'PlayerVehicle_0_0', hirerName = 'Base_91', reward = 27367
I townMusicManager.cpp[0096]18/05 23:00:05 TownMusicManager: start playing new music: 'Indo_town2'
I blockMusicManager.cpp[0199]18/05 23:01:26 BlockMusicManager: resetting
I blockMusicManager.cpp[0185]18/05 23:01:27 BlockMusicManager: start playing new music: blockNum = 19, musicType = 0, name = 'r11_2_driving'
I        FadingMsg.cpp[0199]18/05 23:02:25 Fading message: 'Нажмите гудок (%1m) для въезда в город'
I        FadingMsg.cpp[0199]18/05 23:03:14 Fading message: 'Нажмите (%1m), чтобы поднять груз'
I             util.cpp[0423]18/05 23:07:10 Maximum joint count reached: 21
I        FadingMsg.cpp[0199]18/05 23:09:07 Fading message: 'Нажмите (%1m), чтобы поднять груз'
I         gamemenu.cpp[0283]18/05 23:10:58 Quit to Windows
I           view32.cpp[0815]18/05 23:10:58 --- Done Media ---
I    GameUiManager.cpp[0405]18/05 23:10:58 Interface: is clearing...
I    GameUiManager.cpp[0495]18/05 23:10:58 Interface: is cleared successfully
I    GameUiManager.cpp[0257]18/05 23:10:58 Interface: done...
I    GameUiManager.cpp[1580]18/05 23:10:58 Interface: clearing resource infos ...
I    GameUiManager.cpp[0292]18/05 23:10:58 Interface: is done
I           view32.cpp[0843]18/05 23:10:58 --- Done Media: Ok ---
I           m3dapp.cpp[1343]18/05 23:10:58 snd: Deleting Sound...
I           m3dapp.cpp[1343]18/05 23:10:59 snd: Stopping all sounds in FMOD...
I           m3dapp.cpp[1343]18/05 23:10:59 snd: Closing FMOD...
I           m3dapp.cpp[1343]18/05 23:10:59 snd: Deleting all sounds...
I           m3dapp.cpp[1343]18/05 23:10:59 snd: 	Stopping all sounds
I           m3dapp.cpp[1343]18/05 23:10:59 snd: 	Deleting all sounds from table
I           m3dapp.cpp[1343]18/05 23:10:59 snd: 	Sounds deleted
I           m3dapp.cpp[1343]18/05 23:10:59 snd: Sound is uninstalled
I      gameimpulse.cpp[0618]18/05 23:10:59 Key bindings: unbind all is done
I      gameimpulse.cpp[0343]18/05 23:10:59 Key bindings: is done
----------------------------------------------- Log ends on Thu May 18 23:10:59 2023 -----------------------------------------------




