---------------------------------------------- Log begins on Sat Oct 29 21:54:15 2022 ----------------------------------------------
I           m3dapp.cpp[0088]29/10 21:54:15 Starting up...
I           m3dapp.cpp[1498]29/10 21:54:15 ExMachina - release version release build v1.02 (Dec 21 2005 12:15:10)
I      Stackwalker.cpp[0608]29/10 21:54:15 Stackwalker: log file name will be 'd:/games/ex machina mods/exmachina gm.mod sdk new/exceptions/hta.exe0000.log'
I      Stackwalker.cpp[0609]29/10 21:54:15 Stackwalker: dump file name will be 'd:/games/ex machina mods/exmachina gm.mod sdk new/exceptions/hta.exe0000.dmp'
I      Stackwalker.cpp[0610]29/10 21:54:15 Stackwalker: game log file name will be 'd:/games/ex machina mods/exmachina gm.mod sdk new/exceptions/hta.exe0000_game.log'
I           m3dapp.cpp[1391]29/10 21:54:16 Path: D:\Games\EX Machina Mods\ExMachina GM.mod SDK new
I           m3dapp.cpp[1392]29/10 21:54:16 Exe: D:\Games\EX Machina Mods\ExMachina GM.mod SDK new\hta.exe
I           m3dapp.cpp[1401]29/10 21:54:16 Windows version: 6.1.7601
I           m3dapp.cpp[1410]29/10 21:54:16 Computer name: RIVER-PC
I           m3dapp.cpp[1430]29/10 21:54:16 Cpu: GenuineIntel
I           m3dapp.cpp[1434]29/10 21:54:16 Cpu clock: ~1596
I           m3dapp.cpp[1459]29/10 21:54:16 Processor is mmx able
I           m3dapp.cpp[1470]29/10 21:54:16 Physical memory: 2047 MB
I           m3dapp.cpp[1471]29/10 21:54:16 Total memory:    4095 MB
I           m3dapp.cpp[1472]29/10 21:54:16 Physical memory available: 2047 MB
I           m3dapp.cpp[1473]29/10 21:54:16 Total memory available:    1914 MB
I           m3dapp.cpp[2846]29/10 21:54:16 SetCodepage -- using codepage 1251 '1251  (ANSI - кириллица)'
I           m3dapp.cpp[2154]29/10 21:54:16 NOTE! renderer is bind to dxrender9.dll
I           m3dapp.cpp[1336]29/10 21:54:16 d3d: Given device behavior: 80
I           m3dapp.cpp[1336]29/10 21:54:16 d3d: Confirmed device behavior: 80
I           m3dapp.cpp[1336]29/10 21:54:16 d3d: Description: Intel(R) HD Graphics Family
I           m3dapp.cpp[1336]29/10 21:54:16 d3d: Driver:      igdumdx32.dll
I           m3dapp.cpp[1336]29/10 21:54:16 d3d: VendorId:    0x8086
I           m3dapp.cpp[1336]29/10 21:54:16 d3d: DeviceId:    0x106
I           m3dapp.cpp[1336]29/10 21:54:16 d3d: SubSysId:    0x3672103c
I           m3dapp.cpp[1336]29/10 21:54:16 d3d: Revision:    9
I           m3dapp.cpp[1336]29/10 21:54:16 d3d: Driver version info:
I           m3dapp.cpp[1336]29/10 21:54:16 d3d:   Product:    8
I           m3dapp.cpp[1336]29/10 21:54:16 d3d:   Version:    15
I           m3dapp.cpp[1336]29/10 21:54:16 d3d:   SubVersion: 10
I           m3dapp.cpp[1336]29/10 21:54:16 d3d:   Build:      2622
I           m3dapp.cpp[1336]29/10 21:54:16 d3d: WHQLLevel:    0
I           m3dapp.cpp[1336]29/10 21:54:16 d3d: Texture max size: 8192x8192
I           m3dapp.cpp[1336]29/10 21:54:16 d3d: Guard band: (-8192.000,-8192.000,8192.000,8192.000)
I           m3dapp.cpp[1336]29/10 21:54:16 d3d: MaxTextureBlendStages: 8
I           m3dapp.cpp[1336]29/10 21:54:16 d3d: MaxSimultaneousTextures: 8
I           m3dapp.cpp[1336]29/10 21:54:16 d3d: MaxActiveLights: 10
I           m3dapp.cpp[1336]29/10 21:54:16 d3d: MaxUserClipPlanes: 6
I           m3dapp.cpp[1336]29/10 21:54:16 d3d: VertexShaderVersion: 0xfffe0300
I           m3dapp.cpp[1336]29/10 21:54:16 d3d: PixelShaderVersion: 0xffff0300
I           m3dapp.cpp[1336]29/10 21:54:16 d3d: Geometry instancing: supported
I           m3dapp.cpp[1336]29/10 21:54:16 d3d: Depth bias supported: yes
I           m3dapp.cpp[1336]29/10 21:54:16 d3d: Slope-scale based depth bias supported: yes
I           m3dapp.cpp[1336]29/10 21:54:16 d3d: HwRasterization: true
I           m3dapp.cpp[1336]29/10 21:54:16 d3d: HwTnL: true
I           m3dapp.cpp[1336]29/10 21:54:16 d3d: PureDevice: true
I           m3dapp.cpp[1336]29/10 21:54:16 d3d: CubeMap: true
I           m3dapp.cpp[1336]29/10 21:54:16 d3d: VolumeMap: true
I           m3dapp.cpp[1336]29/10 21:54:16 d3d: TextureAddressCaps:
I           m3dapp.cpp[1336]29/10 21:54:16 d3d: 	wrap: true
I           m3dapp.cpp[1336]29/10 21:54:16 d3d: 	clamp: true
I           m3dapp.cpp[1336]29/10 21:54:16 d3d: 	border: true
I           m3dapp.cpp[1336]29/10 21:54:16 d3d: Projective textures: true
I           m3dapp.cpp[1336]29/10 21:54:16 d3d: MaxPointSize: 256.000
I           m3dapp.cpp[1336]29/10 21:54:16 d3d: MaxPrimitiveCount: 1048575
I           m3dapp.cpp[1336]29/10 21:54:16 d3d: MaxVertexIndex: 16777215
I           m3dapp.cpp[1336]29/10 21:54:16 d3d: MaxStreams: 16
I           m3dapp.cpp[1336]29/10 21:54:16 d3d: MaxStreamsStride: 255
I           m3dapp.cpp[1336]29/10 21:54:16 d3d: MaxAnisotropy: 16
I           m3dapp.cpp[1336]29/10 21:54:16 d3d: MaxVertexBlendMatrices: 4
I           m3dapp.cpp[1336]29/10 21:54:16 d3d: MaxVertexBlendMatrixIndex: 8
I           m3dapp.cpp[1336]29/10 21:54:16 d3d: FullScreenGamma: true
I           m3dapp.cpp[1336]29/10 21:54:16 d3d: COLORWRITEENABLE: true
I           m3dapp.cpp[1336]29/10 21:54:16 d3d: MASKZ: true
I           m3dapp.cpp[1336]29/10 21:54:16 d3d: BLENDOP: true
I           m3dapp.cpp[1336]29/10 21:54:16 d3d: CLIPPLANESCALEDPOINTS: false
I           m3dapp.cpp[1336]29/10 21:54:16 d3d: CLIPTLVERTS: false
I           m3dapp.cpp[1336]29/10 21:54:16 d3d: TSSARGTEMP: true
I           m3dapp.cpp[1336]29/10 21:54:16 d3d: DIRECTIONALLIGHTS: true
I           m3dapp.cpp[1336]29/10 21:54:16 d3d: LOCALVIEWER: true
I           m3dapp.cpp[1336]29/10 21:54:16 d3d: POSITIONALLIGHTS: true
I           m3dapp.cpp[1336]29/10 21:54:16 d3d: TEXGEN:  true
I           m3dapp.cpp[1336]29/10 21:54:16 d3d: TWEENING:  true
I           m3dapp.cpp[1336]29/10 21:54:16 d3d: Dp3: true
I           m3dapp.cpp[1336]29/10 21:54:16 d3d: Lerp: true
I           m3dapp.cpp[1336]29/10 21:54:16 d3d: MaxNpatchTessellationLevel: 0.000
I           m3dapp.cpp[1336]29/10 21:54:16 d3d: Query VCACHE support: true
I           m3dapp.cpp[1336]29/10 21:54:16 d3d: Query EVENT support: true
I           m3dapp.cpp[1336]29/10 21:54:16 d3d: Query OCCLUSION support: true
I           m3dapp.cpp[1336]29/10 21:54:16 d3d: Query TIMESTAMP support: true
I           m3dapp.cpp[1336]29/10 21:54:16 d3d: Query TIMESTAMPDISJOINT support: true
I           m3dapp.cpp[1336]29/10 21:54:16 d3d: Query TIMESTAMPFREQ support: true
I           m3dapp.cpp[1336]29/10 21:54:16 d3d: Query PIPELINETIMINGS support: false
I           m3dapp.cpp[1336]29/10 21:54:16 d3d: Query INTERFACETIMINGS support: false
I           m3dapp.cpp[1336]29/10 21:54:16 d3d: Query VERTEXTIMINGS support: false
I           m3dapp.cpp[1336]29/10 21:54:16 d3d: Query PIXELTIMINGS support: false
I           m3dapp.cpp[1336]29/10 21:54:16 d3d: Query BANDWIDTHTIMINGS support: false
I           m3dapp.cpp[1336]29/10 21:54:16 d3d: Query CACHEUTILIZATION support: false
I           m3dapp.cpp[1336]29/10 21:54:16 d3d: Creating or resetting the device
I           m3dapp.cpp[1336]29/10 21:54:16 d3d: Back buffer format: X8R8G8B8
I           m3dapp.cpp[1336]29/10 21:54:16 d3d: Depth/stencil buffer format: D24S8
I           m3dapp.cpp[1336]29/10 21:54:16 d3d: Stenciling: off
I           m3dapp.cpp[1336]29/10 21:54:16 d3d: Rgba textures format: DXT5
I           m3dapp.cpp[1336]29/10 21:54:16 d3d: Rgba no c. textures format: A8R8G8B8
I           m3dapp.cpp[1336]29/10 21:54:16 d3d: RgbA textures format: DXT5
I           m3dapp.cpp[1336]29/10 21:54:16 d3d: RgbA no c. textures format: A4R4G4B4
I           m3dapp.cpp[1336]29/10 21:54:16 d3d: Rt textures format: A8R8G8B8
I           m3dapp.cpp[1336]29/10 21:54:16 d3d: Shadow textures format: R5G6B5
I           m3dapp.cpp[1336]29/10 21:54:16 d3d: Rt depth format: D16
I           m3dapp.cpp[2206]29/10 21:54:16 NOTE! input is bind to input_di8.dll
I           m3dapp.cpp[1938]29/10 21:54:16 NOTE! sound is bind to sound.dll
I           m3dapp.cpp[1343]29/10 21:54:17 snd: Max sound channels available: 128
I           m3dapp.cpp[1343]29/10 21:54:17 snd: Sound is inited successfully
I             font.cpp[0976]29/10 21:54:17 FontManager: fonts are loaded successfully
I           m3dapp.cpp[1336]29/10 21:54:20 d3d: Cannot open data\models\logos\fishmen.dds
I           m3dapp.cpp[1336]29/10 21:54:20 d3d: texmap failed to load: data\models\logos\fishmen.dds
E       DraftModel.cpp[1002]29/10 21:54:20 Error: Couldn't load texture data\models\logos\fishmen.dds for model logos.gam
I           m3dapp.cpp[1336]29/10 21:54:20 d3d: Cannot open data\models\logos\logo32.dds
I           m3dapp.cpp[1336]29/10 21:54:20 d3d: texmap failed to load: data\models\logos\logo32.dds
E       DraftModel.cpp[1002]29/10 21:54:20 Error: Couldn't load texture data\models\logos\logo32.dds for model logos.gam
I           m3dapp.cpp[1336]29/10 21:54:20 d3d: Cannot open data\models\logos\logo33.dds
I           m3dapp.cpp[1336]29/10 21:54:20 d3d: texmap failed to load: data\models\logos\logo33.dds
E       DraftModel.cpp[1002]29/10 21:54:20 Error: Couldn't load texture data\models\logos\logo33.dds for model logos.gam
I           m3dapp.cpp[1336]29/10 21:54:20 d3d: Cannot open data\models\logos\logo34.dds
I           m3dapp.cpp[1336]29/10 21:54:20 d3d: texmap failed to load: data\models\logos\logo34.dds
E       DraftModel.cpp[1002]29/10 21:54:20 Error: Couldn't load texture data\models\logos\logo34.dds for model logos.gam
I           m3dapp.cpp[1336]29/10 21:54:20 d3d: Cannot open data\models\logos\logo35.dds
I           m3dapp.cpp[1336]29/10 21:54:20 d3d: texmap failed to load: data\models\logos\logo35.dds
E       DraftModel.cpp[1002]29/10 21:54:20 Error: Couldn't load texture data\models\logos\logo35.dds for model logos.gam
I           m3dapp.cpp[1336]29/10 21:54:20 d3d: Cannot open data\models\logos\logo36.dds
I           m3dapp.cpp[1336]29/10 21:54:20 d3d: texmap failed to load: data\models\logos\logo36.dds
E       DraftModel.cpp[1002]29/10 21:54:20 Error: Couldn't load texture data\models\logos\logo36.dds for model logos.gam
I           m3dapp.cpp[1336]29/10 21:54:20 d3d: Cannot open data\models\logos\logo37.dds
I           m3dapp.cpp[1336]29/10 21:54:20 d3d: texmap failed to load: data\models\logos\logo37.dds
E       DraftModel.cpp[1002]29/10 21:54:20 Error: Couldn't load texture data\models\logos\logo37.dds for model logos.gam
I           m3dapp.cpp[1336]29/10 21:54:20 d3d: Cannot open data\models\logos\logo38.dds
I           m3dapp.cpp[1336]29/10 21:54:20 d3d: texmap failed to load: data\models\logos\logo38.dds
E       DraftModel.cpp[1002]29/10 21:54:20 Error: Couldn't load texture data\models\logos\logo38.dds for model logos.gam
I           m3dapp.cpp[1336]29/10 21:54:20 d3d: Cannot open data\models\logos\logo39.dds
I           m3dapp.cpp[1336]29/10 21:54:20 d3d: texmap failed to load: data\models\logos\logo39.dds
E       DraftModel.cpp[1002]29/10 21:54:20 Error: Couldn't load texture data\models\logos\logo39.dds for model logos.gam
I           m3dapp.cpp[1336]29/10 21:54:20 d3d: Cannot open data\models\logos\logo40.dds
I           m3dapp.cpp[1336]29/10 21:54:20 d3d: texmap failed to load: data\models\logos\logo40.dds
E       DraftModel.cpp[1002]29/10 21:54:20 Error: Couldn't load texture data\models\logos\logo40.dds for model logos.gam
I           m3dapp.cpp[1336]29/10 21:54:20 d3d: Cannot open data\models\logos\logo41.dds
I           m3dapp.cpp[1336]29/10 21:54:20 d3d: texmap failed to load: data\models\logos\logo41.dds
E       DraftModel.cpp[1002]29/10 21:54:20 Error: Couldn't load texture data\models\logos\logo41.dds for model logos.gam
I           m3dapp.cpp[1336]29/10 21:54:20 d3d: Cannot open data\models\logos\logo42.dds
I           m3dapp.cpp[1336]29/10 21:54:20 d3d: texmap failed to load: data\models\logos\logo42.dds
E       DraftModel.cpp[1002]29/10 21:54:20 Error: Couldn't load texture data\models\logos\logo42.dds for model logos.gam
I           m3dapp.cpp[1336]29/10 21:54:20 d3d: Cannot open data\models\logos\logo43.dds
I           m3dapp.cpp[1336]29/10 21:54:20 d3d: texmap failed to load: data\models\logos\logo43.dds
E       DraftModel.cpp[1002]29/10 21:54:20 Error: Couldn't load texture data\models\logos\logo43.dds for model logos.gam
I           m3dapp.cpp[1336]29/10 21:54:20 d3d: Cannot open data\models\logos\logo44.dds
I           m3dapp.cpp[1336]29/10 21:54:20 d3d: texmap failed to load: data\models\logos\logo44.dds
E       DraftModel.cpp[1002]29/10 21:54:20 Error: Couldn't load texture data\models\logos\logo44.dds for model logos.gam
I           m3dapp.cpp[1336]29/10 21:54:20 d3d: Cannot open data\models\logos\logo45.dds
I           m3dapp.cpp[1336]29/10 21:54:20 d3d: texmap failed to load: data\models\logos\logo45.dds
E       DraftModel.cpp[1002]29/10 21:54:20 Error: Couldn't load texture data\models\logos\logo45.dds for model logos.gam
I           m3dapp.cpp[1336]29/10 21:54:20 d3d: Cannot open data\models\logos\logo46.dds
I           m3dapp.cpp[1336]29/10 21:54:20 d3d: texmap failed to load: data\models\logos\logo46.dds
E       DraftModel.cpp[1002]29/10 21:54:20 Error: Couldn't load texture data\models\logos\logo46.dds for model logos.gam
I           m3dapp.cpp[1336]29/10 21:54:20 d3d: Cannot open data\models\logos\logo47.dds
I           m3dapp.cpp[1336]29/10 21:54:20 d3d: texmap failed to load: data\models\logos\logo47.dds
E       DraftModel.cpp[1002]29/10 21:54:20 Error: Couldn't load texture data\models\logos\logo47.dds for model logos.gam
I           m3dapp.cpp[1336]29/10 21:54:20 d3d: Cannot open data\models\logos\logo48.dds
I           m3dapp.cpp[1336]29/10 21:54:20 d3d: texmap failed to load: data\models\logos\logo48.dds
E       DraftModel.cpp[1002]29/10 21:54:20 Error: Couldn't load texture data\models\logos\logo48.dds for model logos.gam
I           m3dapp.cpp[1336]29/10 21:54:20 d3d: Cannot open data\models\logos\logo49.dds
I           m3dapp.cpp[1336]29/10 21:54:20 d3d: texmap failed to load: data\models\logos\logo49.dds
E       DraftModel.cpp[1002]29/10 21:54:20 Error: Couldn't load texture data\models\logos\logo49.dds for model logos.gam
I           m3dapp.cpp[1336]29/10 21:54:20 d3d: Cannot open data\models\logos\logo50.dds
I           m3dapp.cpp[1336]29/10 21:54:20 d3d: texmap failed to load: data\models\logos\logo50.dds
E       DraftModel.cpp[1002]29/10 21:54:20 Error: Couldn't load texture data\models\logos\logo50.dds for model logos.gam
I           m3dapp.cpp[1336]29/10 21:54:20 d3d: Cannot open data\models\logos\logo51.dds
I           m3dapp.cpp[1336]29/10 21:54:20 d3d: texmap failed to load: data\models\logos\logo51.dds
E       DraftModel.cpp[1002]29/10 21:54:20 Error: Couldn't load texture data\models\logos\logo51.dds for model logos.gam
I           m3dapp.cpp[1336]29/10 21:54:20 d3d: Cannot open data\models\logos\logo52.dds
I           m3dapp.cpp[1336]29/10 21:54:20 d3d: texmap failed to load: data\models\logos\logo52.dds
E       DraftModel.cpp[1002]29/10 21:54:20 Error: Couldn't load texture data\models\logos\logo52.dds for model logos.gam
I           m3dapp.cpp[1336]29/10 21:54:20 d3d: Cannot open data\models\logos\logo53.dds
I           m3dapp.cpp[1336]29/10 21:54:20 d3d: texmap failed to load: data\models\logos\logo53.dds
E       DraftModel.cpp[1002]29/10 21:54:20 Error: Couldn't load texture data\models\logos\logo53.dds for model logos.gam
I           m3dapp.cpp[1336]29/10 21:54:20 d3d: Cannot open data\models\logos\logo54.dds
I           m3dapp.cpp[1336]29/10 21:54:20 d3d: texmap failed to load: data\models\logos\logo54.dds
E       DraftModel.cpp[1002]29/10 21:54:20 Error: Couldn't load texture data\models\logos\logo54.dds for model logos.gam
I           m3dapp.cpp[1336]29/10 21:54:20 d3d: Cannot open data\models\logos\logo55.dds
I           m3dapp.cpp[1336]29/10 21:54:20 d3d: texmap failed to load: data\models\logos\logo55.dds
E       DraftModel.cpp[1002]29/10 21:54:20 Error: Couldn't load texture data\models\logos\logo55.dds for model logos.gam
I           m3dapp.cpp[1336]29/10 21:54:20 d3d: Cannot open data\models\logos\logo56.dds
I           m3dapp.cpp[1336]29/10 21:54:20 d3d: texmap failed to load: data\models\logos\logo56.dds
E       DraftModel.cpp[1002]29/10 21:54:20 Error: Couldn't load texture data\models\logos\logo56.dds for model logos.gam
I           m3dapp.cpp[1336]29/10 21:54:20 d3d: Cannot open data\models\logos\logo57.dds
I           m3dapp.cpp[1336]29/10 21:54:20 d3d: texmap failed to load: data\models\logos\logo57.dds
E       DraftModel.cpp[1002]29/10 21:54:20 Error: Couldn't load texture data\models\logos\logo57.dds for model logos.gam
I           m3dapp.cpp[1336]29/10 21:54:20 d3d: Cannot open data\models\logos\logo58.dds
I           m3dapp.cpp[1336]29/10 21:54:20 d3d: texmap failed to load: data\models\logos\logo58.dds
E       DraftModel.cpp[1002]29/10 21:54:20 Error: Couldn't load texture data\models\logos\logo58.dds for model logos.gam
I           m3dapp.cpp[1336]29/10 21:54:20 d3d: Cannot open data\models\logos\logo59.dds
I           m3dapp.cpp[1336]29/10 21:54:20 d3d: texmap failed to load: data\models\logos\logo59.dds
E       DraftModel.cpp[1002]29/10 21:54:20 Error: Couldn't load texture data\models\logos\logo59.dds for model logos.gam
I           m3dapp.cpp[1336]29/10 21:54:20 d3d: Cannot open data\models\logos\logo60.dds
I           m3dapp.cpp[1336]29/10 21:54:20 d3d: texmap failed to load: data\models\logos\logo60.dds
E       DraftModel.cpp[1002]29/10 21:54:20 Error: Couldn't load texture data\models\logos\logo60.dds for model logos.gam
I           m3dapp.cpp[1336]29/10 21:54:20 d3d: Cannot open data\models\logos\logo61.dds
I           m3dapp.cpp[1336]29/10 21:54:20 d3d: texmap failed to load: data\models\logos\logo61.dds
E       DraftModel.cpp[1002]29/10 21:54:20 Error: Couldn't load texture data\models\logos\logo61.dds for model logos.gam
I           m3dapp.cpp[1336]29/10 21:54:20 d3d: Cannot open data\models\logos\logo62.dds
I           m3dapp.cpp[1336]29/10 21:54:20 d3d: texmap failed to load: data\models\logos\logo62.dds
E       DraftModel.cpp[1002]29/10 21:54:20 Error: Couldn't load texture data\models\logos\logo62.dds for model logos.gam
I           m3dapp.cpp[1336]29/10 21:54:20 d3d: Cannot open data\models\logos\logo63.dds
I           m3dapp.cpp[1336]29/10 21:54:20 d3d: texmap failed to load: data\models\logos\logo63.dds
E       DraftModel.cpp[1002]29/10 21:54:20 Error: Couldn't load texture data\models\logos\logo63.dds for model logos.gam
I           m3dapp.cpp[1336]29/10 21:54:20 d3d: Cannot open data\models\logos\logo64.dds
I           m3dapp.cpp[1336]29/10 21:54:20 d3d: texmap failed to load: data\models\logos\logo64.dds
E       DraftModel.cpp[1002]29/10 21:54:20 Error: Couldn't load texture data\models\logos\logo64.dds for model logos.gam
I           m3dapp.cpp[1336]29/10 21:54:20 d3d: Cannot open data\models\logos\logo65.dds
I           m3dapp.cpp[1336]29/10 21:54:20 d3d: texmap failed to load: data\models\logos\logo65.dds
E       DraftModel.cpp[1002]29/10 21:54:20 Error: Couldn't load texture data\models\logos\logo65.dds for model logos.gam
I           m3dapp.cpp[1336]29/10 21:54:20 d3d: Cannot open data\models\logos\logo66.dds
I           m3dapp.cpp[1336]29/10 21:54:20 d3d: texmap failed to load: data\models\logos\logo66.dds
E       DraftModel.cpp[1002]29/10 21:54:20 Error: Couldn't load texture data\models\logos\logo66.dds for model logos.gam
I           m3dapp.cpp[1336]29/10 21:54:20 d3d: Cannot open data\models\logos\logo67.dds
I           m3dapp.cpp[1336]29/10 21:54:20 d3d: texmap failed to load: data\models\logos\logo67.dds
E       DraftModel.cpp[1002]29/10 21:54:20 Error: Couldn't load texture data\models\logos\logo67.dds for model logos.gam
I           m3dapp.cpp[1336]29/10 21:54:20 d3d: Cannot open data\models\logos\logo68.dds
I           m3dapp.cpp[1336]29/10 21:54:20 d3d: texmap failed to load: data\models\logos\logo68.dds
E       DraftModel.cpp[1002]29/10 21:54:20 Error: Couldn't load texture data\models\logos\logo68.dds for model logos.gam
I           m3dapp.cpp[1336]29/10 21:54:20 d3d: Cannot open data\models\logos\logo69.dds
I           m3dapp.cpp[1336]29/10 21:54:20 d3d: texmap failed to load: data\models\logos\logo69.dds
E       DraftModel.cpp[1002]29/10 21:54:20 Error: Couldn't load texture data\models\logos\logo69.dds for model logos.gam
I           m3dapp.cpp[1336]29/10 21:54:20 d3d: Cannot open data\models\logos\logo70.dds
I           m3dapp.cpp[1336]29/10 21:54:20 d3d: texmap failed to load: data\models\logos\logo70.dds
E       DraftModel.cpp[1002]29/10 21:54:20 Error: Couldn't load texture data\models\logos\logo70.dds for model logos.gam
I      gameimpulse.cpp[0288]29/10 21:54:20 Key bindings: were inited successfully
I           view32.cpp[0705]29/10 21:54:20 --- Init Media ---
I    GameUiManager.cpp[0303]29/10 21:54:20 Interface: is initializing...
I    GameUiManager.cpp[1580]29/10 21:54:20 Interface: clearing resource infos ...
I    GameUiManager.cpp[1491]29/10 21:54:20 Interface: loading resource infos ...
I    GameUiManager.cpp[1603]29/10 21:54:21 Interface: loading resources ...
I           m3dapp.cpp[1343]29/10 21:54:21 snd: Error: Can't Open SoundFile: 
I           m3dapp.cpp[1343]29/10 21:54:21 snd: Cannot open sound stream from file . Error: File not found, flags: 8272
I    GameUiManager.cpp[0395]29/10 21:54:22 Interface: is inited successfully
I        LevelInfo.cpp[0806]29/10 21:54:22 Level infos were loaded successfully from file data\if\diz\LevelInfo.xml
I        LevelInfo.cpp[0837]29/10 21:54:22 Error: could't open data\maps\r1m8.ssl file
E        LevelInfo.cpp[0749]29/10 21:54:22 LevelInfoManager was inited with errors
I   TruxxUiManager.cpp[0191]29/10 21:54:22 TruxxUiManager: was inited successfully
I      gameimpulse.cpp[0618]29/10 21:54:25 Key bindings: unbind all is done
I      gameimpulse.cpp[0324]29/10 21:54:25 Key bindings: were loaded successfully from file data\scripts\DefaultKeyBindings.lua
I      gameimpulse.cpp[1194]29/10 21:54:25 Key bindings: were bind from defaults
I           m3dapp.cpp[1350]29/10 21:54:25 input: Joystick not found
I            video.cpp[0704]29/10 21:54:25 Could not load specified video file: data\video\logobuka.wmv (hr = 80070003)
I     view32_video.cpp[0061]29/10 21:54:25 Error: couldn't load video 'data\video\logobuka.wmv'
I            video.cpp[0704]29/10 21:54:25 Could not load specified video file: data\video\logotargem.wmv (hr = 80070003)
I     view32_video.cpp[0061]29/10 21:54:25 Error: couldn't load video 'data\video\logotargem.wmv'
I            video.cpp[0704]29/10 21:54:25 Could not load specified video file: data\video\INTRO_RUS_FIELD.wmv (hr = 80070003)
I     view32_video.cpp[0061]29/10 21:54:25 Error: couldn't load video 'data\video\INTRO_RUS_FIELD.wmv'
I             core.lua[0013]29/10 21:54:25 IMPROVED STORYLINE V1.0.5.3 ORIGINAL BUILD 220422
I           m3dapp.cpp[1808]29/10 21:54:25 ----------------------- Engine inited in: 0
I          Profile.cpp[0602]29/10 21:54:25 Profile "Игрок" set
I   TruxxUiManager.cpp[1422]29/10 21:54:25 Game mode changed. Old mode = 3, new mode = 2
I        SplashWnd.cpp[0244]29/10 21:54:26 Start splashing 11
I           view32.cpp[1048]29/10 21:54:26 -- Loading Level: data\maps\mainmenu.ssl --
I            world.cpp[0132]29/10 21:54:26 ----------------------- World Loading
F        landscape.cpp[1674]29/10 21:54:26  +- Enter function: Landscape::Load()
I        landscape.cpp[1911]29/10 21:54:26  |  ----------------------- Normal map loaded in: 12
I        landscape.cpp[1920]29/10 21:54:27  |  ----------------------- Tiles loaded in: 349
I        landscape.cpp[1944]29/10 21:54:27  |  ----------------------- ShoreLine loaded in: 16
F        landscape.cpp[1944]29/10 21:54:27  +- Exit function: Landscape::Load()
I            world.cpp[0169]29/10 21:54:27 ----------------------- Landscape loaded in: 908
I       DataServer.cpp[0587]29/10 21:54:27 Loading Servers: data\maps\MainMenu\servers.xml
I serverAnimatedModel.cpp[0630]29/10 21:54:36 ### Total time: 8939, GAM time: 7442
I       DataServer.cpp[0587]29/10 21:54:36 Loading Servers: data\models\commonservers.xml
E      serverMusic.cpp[0216]29/10 21:54:47 MusicServer: cannot read file: data\music\music.xml id = 'LaBelleTown'
E      serverMusic.cpp[0216]29/10 21:54:47 MusicServer: cannot read file: data\music\music.xml id = 'block6_driving2'
I            world.cpp[0210]29/10 21:54:47 ----------------------- Servers loaded in: 20193
I            world.cpp[0338]29/10 21:54:47 LoadWorld begin...
I            world.cpp[0350]29/10 21:54:48 %%%% read/parse xml: 48
I            world.cpp[0362]29/10 21:54:48 %%%% read from xml: 9
E    PlayerPassMap.cpp[0139]29/10 21:54:48 Couldn't load player pass map from file data\maps\MainMenu\player_passmap.xml
I            world.cpp[0444]29/10 21:54:48 %%%% link nodes: 33
I            world.cpp[0220]29/10 21:54:48 ----------------------- Nodes loaded in: 92
I            world.cpp[0228]29/10 21:54:48 ----------------------- Prefabs loaded in: 0
I            world.cpp[0247]29/10 21:54:48 ----------------------- World loaded in: 21701
I            world.cpp[0278]29/10 21:54:50 ----------------------- Roads loaded in: 1896
I           view32.cpp[1078]29/10 21:54:50 Load Server begin...
I   TruxxUiManager.cpp[0974]29/10 21:54:50 Interface: is loaded successfully
I           server.cpp[0789]29/10 21:54:50 AI: Loading Server...
I           server.cpp[0796]29/10 21:54:50 	AI: Loading Relationship
I     Relationship.cpp[0134]29/10 21:54:50 		 File readed
I           server.cpp[0801]29/10 21:54:50 	AI: Loading SoilProps
I           server.cpp[0804]29/10 21:54:50 	AI: Loading ExternalPaths
I           server.cpp[0807]29/10 21:54:50 	AI: Loading PlayerPassMap
E    PlayerPassMap.cpp[0139]29/10 21:54:50 Couldn't load player pass map from file data\maps\MainMenu\player_passmap.xml
I           server.cpp[0813]29/10 21:54:50 	AI: Loading GameObjects
I           server.cpp[0816]29/10 21:54:51 	AI: Initializing VehicleGeneratorInfoCache
I           server.cpp[0820]29/10 21:54:51 	AI: Refreshing GameObjects
I           server.cpp[0824]29/10 21:54:51 	AI: Loading QuestStates
I       QuestState.cpp[0904]29/10 21:54:51 Quest 'Human1_Quest1' can be given now
I       QuestState.cpp[0904]29/10 21:54:51 Quest 'Human1_Quest2' can be given now
I       QuestState.cpp[0904]29/10 21:54:51 Quest 'BenGoodEnd' can be given now
I       QuestState.cpp[0904]29/10 21:54:51 Quest 'q_PlaceWithSign' can be given now
I       QuestState.cpp[0904]29/10 21:54:51 Quest 'r3m2_OracleMemory' can be given now
I       QuestState.cpp[0904]29/10 21:54:51 Quest 'r3m2_TalkWithLisa' can be given now
I       QuestState.cpp[0904]29/10 21:54:51 Quest 'r3m2_TalkWithBenAboutCarAfterOracul' can be given now
I       QuestState.cpp[0904]29/10 21:54:51 Quest 'r3m2_FindInfoAboutFather' can be given now
I       QuestState.cpp[0904]29/10 21:54:51 Quest 'r3m1_LureMainDriud' can be given now
I       QuestState.cpp[0904]29/10 21:54:51 Quest 'r3m1_ClearSanctuary' can be given now
I       QuestState.cpp[0904]29/10 21:54:51 Quest 'r3m1_KnowAboutUluk' can be given now
I       QuestState.cpp[0904]29/10 21:54:51 Quest 'r3m1_RescueUlukCivil' can be given now
I       QuestState.cpp[0904]29/10 21:54:51 Quest 'q_VisitDruid' can be given now
I       QuestState.cpp[0904]29/10 21:54:51 Quest 'r2m2_Znaki2_Quest' can be given now
I       QuestState.cpp[0904]29/10 21:54:51 Quest 'r2m2_HeadsHunterQuest' can be given now
I       QuestState.cpp[0904]29/10 21:54:51 Quest 'r2m2_OldDvigatel1_Quest' can be given now
I       QuestState.cpp[0904]29/10 21:54:51 Quest 'r2m2_OldDvigatel2_Quest' can be given now
I       QuestState.cpp[0904]29/10 21:54:51 Quest 'r2m2_FightFelix' can be given now
I       QuestState.cpp[0904]29/10 21:54:51 Quest 'r2m2_ReturnToMarecciaFromCastle' can be given now
I       QuestState.cpp[0904]29/10 21:54:51 Quest 'r2m2_FightWithAxelInArena_Quest' can be given now
I       QuestState.cpp[0904]29/10 21:54:51 Quest 'r2m2_FindLisAfterAxelAndFatherDie_Quest' can be given now
I       QuestState.cpp[0904]29/10 21:54:51 Quest 'r2m2_ToLisaToMonastir' can be given now
I       QuestState.cpp[0904]29/10 21:54:51 Quest 'r2m2_FightLisaToMonastir' can be given now
I       QuestState.cpp[0904]29/10 21:54:51 Quest 'r2m2_GiveDisk2ToOrakul' can be given now
I       QuestState.cpp[0904]29/10 21:54:51 Quest 'MrShlyapa3_Quest' can be given now
I       QuestState.cpp[0904]29/10 21:54:51 Quest 'r2m1_ArtAntipod_Quest' can be given now
I       QuestState.cpp[0904]29/10 21:54:51 Quest 'r2m1_TakeNarcotics_Quest' can be given now
I       QuestState.cpp[0904]29/10 21:54:51 Quest 'r2m1_KillGodFather_Quest' can be given now
I       QuestState.cpp[0904]29/10 21:54:51 Quest 'MrShlyapaSecret' can be given now
I       QuestState.cpp[0904]29/10 21:54:51 Quest 'd_GetSupportOneOfTheBands2_Quest' can be given now
I       QuestState.cpp[0904]29/10 21:54:51 Quest 'd_GetSupportOneOfTheBands1_Quest' can be given now
I       QuestState.cpp[0904]29/10 21:54:51 Quest 'd_FindVerbInAR_Quest' can be given now
I       QuestState.cpp[0904]29/10 21:54:51 Quest 'd_FindVerbInSNG_Quest' can be given now
I       QuestState.cpp[0904]29/10 21:54:51 Quest 'd_PatrulSideSNG_Quest' can be given now
I       QuestState.cpp[0904]29/10 21:54:51 Quest 'd_TakeGeneralOfBandits_Quest' can be given now
I       QuestState.cpp[0904]29/10 21:54:51 Quest 'r2m1_TW_AlienInShip' can be given now
I       QuestState.cpp[0904]29/10 21:54:51 Quest 'Podderzhka_Quest' can be given now
I       QuestState.cpp[0904]29/10 21:54:51 Quest 'Zashita_Quest' can be given now
I       QuestState.cpp[0904]29/10 21:54:51 Quest 'preEretik_Quest' can be given now
I       QuestState.cpp[0904]29/10 21:54:51 Quest 'ReturnQuest' can be given now
I       QuestState.cpp[0904]29/10 21:54:51 Quest 'd_FindVerbInAM_Quest' can be given now
I       QuestState.cpp[0904]29/10 21:54:51 Quest 'OdettIsDead_Quest' can be given now
I       QuestState.cpp[0904]29/10 21:54:51 Quest 'Disk2OrakulLisa' can be given now
I       QuestState.cpp[0904]29/10 21:54:51 Quest 'FindGomerB_Quest1' can be given now
I       QuestState.cpp[0904]29/10 21:54:51 Quest 'FreeExtremistLeader_Quest1' can be given now
I       QuestState.cpp[0904]29/10 21:54:51 Quest 'KillExtremist_Quest1' can be given now
I       QuestState.cpp[0904]29/10 21:54:51 Quest 'r1m4_TalkWithOldTraderAboutSecondDisk' can be given now
I       QuestState.cpp[0904]29/10 21:54:51 Quest 'q_FindHusbent' can be given now
I       QuestState.cpp[0904]29/10 21:54:51 Quest 'RybakToOlm_Quest' can be given now
I       QuestState.cpp[0904]29/10 21:54:51 Quest 'AnanagaTech_Quest' can be given now
I       QuestState.cpp[0904]29/10 21:54:51 Quest 'MrShlyapa2_Quest' can be given now
I       QuestState.cpp[0904]29/10 21:54:51 Quest 'ToCordanToTikhomir_Quest' can be given now
I       QuestState.cpp[0904]29/10 21:54:51 Quest 'r1m3_BonnyAndKlideQuest' can be given now
I       QuestState.cpp[0904]29/10 21:54:51 Quest 'r1m3_ArchHelp' can be given now
I       QuestState.cpp[0904]29/10 21:54:51 Quest 'r1m3_CrazyManQuest' can be given now
I       QuestState.cpp[0904]29/10 21:54:51 Quest 'r1m3_OldTownOutsiderCar2_Quest' can be given now
I       QuestState.cpp[0904]29/10 21:54:51 Quest 'FightForPesht' can be given now
I       QuestState.cpp[0904]29/10 21:54:51 Quest 'd_RideAcrossBase_Quest' can be given now
I       QuestState.cpp[0904]29/10 21:54:51 Quest 'd_GiveMoneyToBase_Quest' can be given now
I       QuestState.cpp[0904]29/10 21:54:51 Quest 'd_GetBomb_Quest' can be given now
I       QuestState.cpp[0904]29/10 21:54:51 Quest 'd_IntrigaOfMerMinin_Quest' can be given now
I       QuestState.cpp[0904]29/10 21:54:51 Quest 'd_MoveFreelancersToOilMine_Quest' can be given now
I       QuestState.cpp[0904]29/10 21:54:51 Quest 'd_MoveCanistraToMinin_Quest' can be given now
I       QuestState.cpp[0904]29/10 21:54:51 Quest 'd_OpenTunel_Quest' can be given now
I       QuestState.cpp[0904]29/10 21:54:51 Quest 'r1m3_TalkWithThiefFromFatherHouse' can be given now
I       QuestState.cpp[0904]29/10 21:54:51 Quest 'r1m3_MoveToOraculAfterThief' can be given now
I       QuestState.cpp[0904]29/10 21:54:51 Quest 'r1m3_ToLisaToAsgard' can be given now
I       QuestState.cpp[0904]29/10 21:54:51 Quest 'r1m3_TW_OralceAboutAlien' can be given now
I       QuestState.cpp[0904]29/10 21:54:51 Quest 'r1m3_DestroyRadiationSource' can be given now
I       QuestState.cpp[0904]29/10 21:54:51 Quest 'r2m1_DestroyAlienShip' can be given now
I       QuestState.cpp[0904]29/10 21:54:51 Quest 'd_PayWorkersMoney_Quest' can be given now
I       QuestState.cpp[0904]29/10 21:54:51 Quest 'r2m1_TW_SellsCivilian' can be given now
I       QuestState.cpp[0904]29/10 21:54:51 Quest 'MorskieVrata2_Quest' can be given now
I       QuestState.cpp[0904]29/10 21:54:51 Quest 'Zachisti1_Quest' can be given now
I       QuestState.cpp[0904]29/10 21:54:51 Quest 'LisaVPeshte' can be given now
I       QuestState.cpp[0904]29/10 21:54:51 Quest 'LisaUBena' can be given now
I       QuestState.cpp[0904]29/10 21:54:51 Quest 'WhereSigns_Quest' can be given now
I       QuestState.cpp[0904]29/10 21:54:51 Quest 'CombatInKollizey_Quest' can be given now
I       QuestState.cpp[0904]29/10 21:54:51 Quest 'BuyKollizey_Quest' can be given now
I       QuestState.cpp[0904]29/10 21:54:51 Quest 'Kollizey_Quest' can be given now
I       QuestState.cpp[0904]29/10 21:54:51 Quest 'HelpRuins_Quest' can be given now
I       QuestState.cpp[0904]29/10 21:54:51 Quest 'DestroyRuins_Quest' can be given now
I       QuestState.cpp[0904]29/10 21:54:51 Quest 'DestroyRuins2_Quest' can be given now
I       QuestState.cpp[0904]29/10 21:54:51 Quest 'Signs_Quest' can be given now
I       QuestState.cpp[0904]29/10 21:54:51 Quest 'MrShlyapa1_Quest' can be given now
I       QuestState.cpp[0904]29/10 21:54:51 Quest 'FindBen2_Quest' can be given now
I       QuestState.cpp[0904]29/10 21:54:51 Quest 'd_FindHouseOfBen_Quest' can be given now
I       QuestState.cpp[0904]29/10 21:54:51 Quest 'r1m2_TW_BanAboutAlien' can be given now
I       QuestState.cpp[0904]29/10 21:54:51 Quest 'r1m3_DestroyOracle' can be given now
I       QuestState.cpp[0904]29/10 21:54:51 Quest 'Pomiritsa_Quest' can be given now
I       QuestState.cpp[0904]29/10 21:54:51 Quest 'VYar_Quest' can be given now
I       QuestState.cpp[0904]29/10 21:54:51 Quest 'FindBenMZ_Quest' can be given now
I       QuestState.cpp[0904]29/10 21:54:51 Quest 'QuickFindBen' can be given now
I       QuestState.cpp[0904]29/10 21:54:51 Quest 'OpenMid_Quest' can be given now
I       QuestState.cpp[0904]29/10 21:54:51 Quest 'TalkBeforeDesert' can be given now
I       QuestState.cpp[0904]29/10 21:54:51 Quest 'ZashitaGotova' can be given now
I       QuestState.cpp[0904]29/10 21:54:51 Quest 'FakeQuest1' can be given now
I       QuestState.cpp[0904]29/10 21:54:51 Quest 'Chehly_Quest' can be given now
I       QuestState.cpp[0904]29/10 21:54:51 Quest 'WorkGiver_Quest1' can be given now
I       QuestState.cpp[0904]29/10 21:54:51 Quest 'd_PunishBandits_Quest' can be given now
I       QuestState.cpp[0904]29/10 21:54:51 Quest 'r1m1_Hospital_Quest' can be given now
I       QuestState.cpp[0904]29/10 21:54:51 Quest 'r1m1_Botanik_Quest' can be given now
I       QuestState.cpp[0904]29/10 21:54:51 Quest 'r1m1_FindBotanik_Quest' can be given now
I       QuestState.cpp[0904]29/10 21:54:51 Quest 'Buyer_Quest1' can be given now
I       QuestState.cpp[0904]29/10 21:54:51 Quest 'FirstTimePlay' can be given now
I       QuestState.cpp[0904]29/10 21:54:51 Quest 'TalkWithFather_Quest' can be given now
I       QuestState.cpp[0904]29/10 21:54:51 Quest 'LisaAtSouth' can be given now
I       QuestState.cpp[0904]29/10 21:54:51 Quest 'FindBen_Quest' can be given now
I       QuestState.cpp[0904]29/10 21:54:51 Quest 'FindBenAgain_Quest' can be given now
I       QuestState.cpp[0904]29/10 21:54:51 Quest 'd_SinFather_Quest' can be given now
I       QuestState.cpp[0904]29/10 21:54:51 Quest 'TalkToVasily' can be given now
I       QuestState.cpp[0904]29/10 21:54:51 Quest 'CheckTheEast' can be given now
I       QuestState.cpp[0904]29/10 21:54:51 Quest 'BenSouth_Quest' can be given now
I           server.cpp[0826]29/10 21:54:51 	AI: QuestStates loaded
I           server.cpp[0828]29/10 21:54:51 	AI: Loading DynamicScene
I     DynamicScene.cpp[1470]29/10 21:54:51 		 Scene loading begin
I     DynamicScene.cpp[1472]29/10 21:54:51 		 Scene loading end
I           server.cpp[0837]29/10 21:54:51 	AI: DynamicScene loaded
I           server.cpp[0852]29/10 21:54:51 	AI: Loading Triggers
E           server.cpp[1242]29/10 21:54:51 Error: cannot open data\maps\MainMenu\
I           server.cpp[0855]29/10 21:54:51 	AI: Triggers loaded
I           server.cpp[0857]29/10 21:54:51 	AI: Loading Object Names
E     ObjContainer.cpp[1104]29/10 21:54:51 Error: cannot open data\maps\MainMenu\object_names.xml
I           server.cpp[0868]29/10 21:54:51 	AI: Initing Player
I           server.cpp[0888]29/10 21:54:51 		Before first Update
I   TruxxUiManager.cpp[1422]29/10 21:54:51 Game mode changed. Old mode = 2, new mode = 1
I           server.cpp[0909]29/10 21:54:51 		After first Update
I           server.cpp[0911]29/10 21:54:51 AI: Finished Loading Server
I           view32.cpp[1106]29/10 21:54:51 Load server end
I        QuestInfo.cpp[0847]29/10 21:54:51 Quest infos were loaded successfully from file data\if\diz\QuestInfoGlobal.xml
I        QuestInfo.cpp[0783]29/10 21:54:51 QuestInfo manager was inited successfully
I       MsgManager.cpp[0391]29/10 21:54:51 Can't open file data\maps\MainMenu\strings.xml for read.
I    GameUiManager.cpp[0303]29/10 21:54:51 Interface: is initializing...
I    GameUiManager.cpp[0405]29/10 21:54:51 Interface: is clearing...
I    GameUiManager.cpp[0495]29/10 21:54:51 Interface: is cleared successfully
I    GameUiManager.cpp[0395]29/10 21:54:51 Interface: is inited successfully
I blockMusicManager.cpp[0199]29/10 21:54:51 BlockMusicManager: resetting
I      gameimpulse.cpp[0618]29/10 21:54:51 Key bindings: unbind all is done
I        scriptlet.cpp[0045]29/10 21:54:51 Could not open script file data\profiles\игрок\keybindings.lua
I      gameimpulse.cpp[0318]29/10 21:54:51 Key bindings: loading error - (data\profiles\игрок\keybindings.lua @ 0): file not found or could not be read 
I      gameimpulse.cpp[1217]29/10 21:54:51 Key bindings: error loading from profile file; load defaults instead
I      gameimpulse.cpp[0618]29/10 21:54:51 Key bindings: unbind all is done
I      gameimpulse.cpp[0324]29/10 21:54:51 Key bindings: were loaded successfully from file data\scripts\DefaultKeyBindings.lua
I      gameimpulse.cpp[1194]29/10 21:54:51 Key bindings: were bind from defaults
I        SplashWnd.cpp[0244]29/10 21:55:24 Start splashing 11
I        SplashWnd.cpp[0244]29/10 21:55:30 Start splashing 11
I   TruxxUiManager.cpp[1422]29/10 21:55:30 Game mode changed. Old mode = 1, new mode = 0
I    GameUiManager.cpp[0405]29/10 21:55:30 Interface: is clearing...
I    GameUiManager.cpp[0495]29/10 21:55:30 Interface: is cleared successfully
I           view32.cpp[1048]29/10 21:55:30 -- Loading Level: data\maps\r1m0.ssl --
I            world.cpp[0132]29/10 21:55:30 ----------------------- World Loading
F        landscape.cpp[1674]29/10 21:55:30  +- Enter function: Landscape::Load()
I        landscape.cpp[1911]29/10 21:55:30  |  ----------------------- Normal map loaded in: 34
I        landscape.cpp[1920]29/10 21:55:30  |  ----------------------- Tiles loaded in: 142
I        landscape.cpp[1944]29/10 21:55:31  |  ----------------------- ShoreLine loaded in: 29
F        landscape.cpp[1944]29/10 21:55:31  +- Exit function: Landscape::Load()
I            world.cpp[0169]29/10 21:55:31 ----------------------- Landscape loaded in: 730
I       DataServer.cpp[0587]29/10 21:55:31 Loading Servers: data\models\servers.xml
E        GamParser.cpp[0399]29/10 21:55:32 AnimatedModel::LoadGAM -- cannot open file data\models\objects\dweller_debik.gam
E        GamParser.cpp[0399]29/10 21:55:35 AnimatedModel::LoadGAM -- cannot open file data\models\Masks\Main\mask_debik.gam
E       DraftModel.cpp[1002]29/10 21:55:49 Error: Couldn't load texture data\models\vehicles\belaz\cab01_mt.dds for model cargov1.gam
E       DraftModel.cpp[1002]29/10 21:55:49 Error: Couldn't load texture data\models\vehicles\belaz\cab01_mt.dds for model cargov1.gam
E       DraftModel.cpp[1002]29/10 21:55:49 Error: Couldn't load texture data\models\vehicles\belaz\cab01_mt.dds for model cargov1.gam
E       DraftModel.cpp[1002]29/10 21:55:49 Error: Couldn't load texture data\models\vehicles\belaz\cab01_mt.dds for model cargov1.gam
E       DraftModel.cpp[1002]29/10 21:55:49 Error: Couldn't load texture data\models\vehicles\belaz\cab01_mt.dds for model cargov1.gam
E       DraftModel.cpp[1002]29/10 21:55:49 Error: Couldn't load texture data\models\vehicles\belaz\cab01_mt.dds for model cargov1.gam
E       DraftModel.cpp[1002]29/10 21:55:49 Error: Couldn't load texture data\models\vehicles\belaz\cab01_mt.dds for model cargov1.gam
E       DraftModel.cpp[1002]29/10 21:55:49 Error: Couldn't load texture data\models\vehicles\belaz\cab01_mt.dds for model cargov1.gam
E       DraftModel.cpp[1002]29/10 21:55:49 Error: Couldn't load texture data\models\vehicles\belaz\cab01_mt.dds for model cargov1.gam
E serverAnimatedModel.cpp[0627]29/10 21:56:03 ServerAnimatedModels: cannot read file: file:data\models\AnimModels.xml id = dweller_brodyaga
E serverAnimatedModel.cpp[0627]29/10 21:56:03 ServerAnimatedModels: cannot read file: file:data\models\AnimModels.xml id = mask_debik
E serverAnimatedModel.cpp[0627]29/10 21:56:03 ServerAnimatedModels: cannot read file: file:data\models\AnimModels.xml id = big_brock_wall
E serverAnimatedModel.cpp[0627]29/10 21:56:03 ServerAnimatedModels: cannot read file: file:data\models\AnimModels.xml id = dub1_r2
E serverAnimatedModel.cpp[0627]29/10 21:56:03 ServerAnimatedModels: cannot read file: file:data\models\AnimModels.xml id = boss_barrel
I serverAnimatedModel.cpp[0630]29/10 21:56:03 ### Total time: 32183, GAM time: 31245
I       DataServer.cpp[0587]29/10 21:56:03 Loading Servers: data\models\commonservers.xml
E      serverMusic.cpp[0216]29/10 21:56:04 MusicServer: cannot read file: data\music\music.xml id = 'LaBelleTown'
E      serverMusic.cpp[0216]29/10 21:56:04 MusicServer: cannot read file: data\music\music.xml id = 'block6_driving2'
I            world.cpp[0210]29/10 21:56:04 ----------------------- Servers loaded in: 33078
I            world.cpp[0338]29/10 21:56:04 LoadWorld begin...
I            world.cpp[0350]29/10 21:56:05 %%%% read/parse xml: 800
I            world.cpp[0362]29/10 21:56:09 %%%% read from xml: 4127
I            world.cpp[0444]29/10 21:56:09 %%%% link nodes: 238
I            world.cpp[0220]29/10 21:56:09 ----------------------- Nodes loaded in: 5185
I            world.cpp[0228]29/10 21:56:09 ----------------------- Prefabs loaded in: 0
I            world.cpp[0247]29/10 21:56:10 ----------------------- World loaded in: 39608
E        GamParser.cpp[0399]29/10 21:56:10 AnimatedModel::LoadGAM -- cannot open file data\models\roads\road_small_highway\small_highway_end.gam-
I      roadManager.cpp[0139]29/10 21:56:10 RoadManager error( model not loaded ): data\models\roads\road_small_highway\small_highway_end.gam-
I            world.cpp[0278]29/10 21:56:12 ----------------------- Roads loaded in: 2756
I           view32.cpp[1078]29/10 21:56:13 Load Server begin...
I            Reply.cpp[0415]29/10 21:56:13 Replies were loaded successfully from file data\if\diz\DialogsGlobal.xml
I            Reply.cpp[0415]29/10 21:56:13 Replies were loaded successfully from file data\if\diz\DynamicDialogsGlobal.xml
I            Reply.cpp[0343]29/10 21:56:13 RepliesManager was inited successfully
I    GameUiManager.cpp[1603]29/10 21:56:13 Interface: loading resources ...
I     ObjectsIcons.cpp[0198]29/10 21:56:17 ObjectsIcons::AddIcon warning - ico with id SpeedPointer already exists and wiil be replaced
I    GameUiManager.cpp[1603]29/10 21:56:20 Interface: loading resources ...
I   TruxxUiManager.cpp[0974]29/10 21:56:20 Interface: is loaded successfully
I           server.cpp[0789]29/10 21:56:20 AI: Loading Server...
I           server.cpp[0796]29/10 21:56:20 	AI: Loading Relationship
I     Relationship.cpp[0134]29/10 21:56:20 		 File readed
I           server.cpp[0801]29/10 21:56:20 	AI: Loading SoilProps
I           server.cpp[0804]29/10 21:56:20 	AI: Loading ExternalPaths
I           server.cpp[0807]29/10 21:56:20 	AI: Loading PlayerPassMap
I           server.cpp[0813]29/10 21:56:20 	AI: Loading GameObjects
I           server.cpp[0816]29/10 21:56:21 	AI: Initializing VehicleGeneratorInfoCache
I           server.cpp[0820]29/10 21:56:21 	AI: Refreshing GameObjects
E      VehiclePart.cpp[0138]29/10 21:56:21 Error: collision geom in vehicle part name = 'boss04station' is not BOX
E      VehiclePart.cpp[0138]29/10 21:56:21 Error: collision geom in vehicle part name = 'heavy_dot1' is not BOX
I           server.cpp[0824]29/10 21:56:21 	AI: Loading QuestStates
I       QuestState.cpp[0904]29/10 21:56:21 Quest 'Human1_Quest1' can be given now
I       QuestState.cpp[0904]29/10 21:56:21 Quest 'Human1_Quest2' can be given now
I       QuestState.cpp[0904]29/10 21:56:21 Quest 'BenGoodEnd' can be given now
I       QuestState.cpp[0904]29/10 21:56:21 Quest 'q_PlaceWithSign' can be given now
I       QuestState.cpp[0904]29/10 21:56:21 Quest 'r3m2_OracleMemory' can be given now
I       QuestState.cpp[0904]29/10 21:56:21 Quest 'r3m2_TalkWithLisa' can be given now
I       QuestState.cpp[0904]29/10 21:56:21 Quest 'r3m2_TalkWithBenAboutCarAfterOracul' can be given now
I       QuestState.cpp[0904]29/10 21:56:21 Quest 'r3m2_FindInfoAboutFather' can be given now
I       QuestState.cpp[0904]29/10 21:56:21 Quest 'r3m1_LureMainDriud' can be given now
I       QuestState.cpp[0904]29/10 21:56:21 Quest 'r3m1_ClearSanctuary' can be given now
I       QuestState.cpp[0904]29/10 21:56:21 Quest 'r3m1_KnowAboutUluk' can be given now
I       QuestState.cpp[0904]29/10 21:56:21 Quest 'r3m1_RescueUlukCivil' can be given now
I       QuestState.cpp[0904]29/10 21:56:21 Quest 'q_VisitDruid' can be given now
I       QuestState.cpp[0904]29/10 21:56:21 Quest 'r2m2_Znaki2_Quest' can be given now
I       QuestState.cpp[0904]29/10 21:56:21 Quest 'r2m2_HeadsHunterQuest' can be given now
I       QuestState.cpp[0904]29/10 21:56:21 Quest 'r2m2_OldDvigatel1_Quest' can be given now
I       QuestState.cpp[0904]29/10 21:56:21 Quest 'r2m2_OldDvigatel2_Quest' can be given now
I       QuestState.cpp[0904]29/10 21:56:21 Quest 'r2m2_FightFelix' can be given now
I       QuestState.cpp[0904]29/10 21:56:21 Quest 'r2m2_ReturnToMarecciaFromCastle' can be given now
I       QuestState.cpp[0904]29/10 21:56:21 Quest 'r2m2_FightWithAxelInArena_Quest' can be given now
I       QuestState.cpp[0904]29/10 21:56:21 Quest 'r2m2_FindLisAfterAxelAndFatherDie_Quest' can be given now
I       QuestState.cpp[0904]29/10 21:56:21 Quest 'r2m2_ToLisaToMonastir' can be given now
I       QuestState.cpp[0904]29/10 21:56:21 Quest 'r2m2_FightLisaToMonastir' can be given now
I       QuestState.cpp[0904]29/10 21:56:21 Quest 'r2m2_GiveDisk2ToOrakul' can be given now
I       QuestState.cpp[0904]29/10 21:56:21 Quest 'MrShlyapa3_Quest' can be given now
I       QuestState.cpp[0904]29/10 21:56:21 Quest 'r2m1_ArtAntipod_Quest' can be given now
I       QuestState.cpp[0904]29/10 21:56:21 Quest 'r2m1_TakeNarcotics_Quest' can be given now
I       QuestState.cpp[0904]29/10 21:56:21 Quest 'r2m1_KillGodFather_Quest' can be given now
I       QuestState.cpp[0904]29/10 21:56:21 Quest 'MrShlyapaSecret' can be given now
I       QuestState.cpp[0904]29/10 21:56:21 Quest 'd_GetSupportOneOfTheBands2_Quest' can be given now
I       QuestState.cpp[0904]29/10 21:56:21 Quest 'd_GetSupportOneOfTheBands1_Quest' can be given now
I       QuestState.cpp[0904]29/10 21:56:21 Quest 'd_FindVerbInAR_Quest' can be given now
I       QuestState.cpp[0904]29/10 21:56:21 Quest 'd_FindVerbInSNG_Quest' can be given now
I       QuestState.cpp[0904]29/10 21:56:21 Quest 'd_PatrulSideSNG_Quest' can be given now
I       QuestState.cpp[0904]29/10 21:56:21 Quest 'd_TakeGeneralOfBandits_Quest' can be given now
I       QuestState.cpp[0904]29/10 21:56:21 Quest 'r2m1_TW_AlienInShip' can be given now
I       QuestState.cpp[0904]29/10 21:56:21 Quest 'Podderzhka_Quest' can be given now
I       QuestState.cpp[0904]29/10 21:56:21 Quest 'Zashita_Quest' can be given now
I       QuestState.cpp[0904]29/10 21:56:21 Quest 'preEretik_Quest' can be given now
I       QuestState.cpp[0904]29/10 21:56:21 Quest 'ReturnQuest' can be given now
I       QuestState.cpp[0904]29/10 21:56:21 Quest 'd_FindVerbInAM_Quest' can be given now
I       QuestState.cpp[0904]29/10 21:56:21 Quest 'OdettIsDead_Quest' can be given now
I       QuestState.cpp[0904]29/10 21:56:21 Quest 'Disk2OrakulLisa' can be given now
I       QuestState.cpp[0904]29/10 21:56:21 Quest 'FindGomerB_Quest1' can be given now
I       QuestState.cpp[0904]29/10 21:56:21 Quest 'FreeExtremistLeader_Quest1' can be given now
I       QuestState.cpp[0904]29/10 21:56:21 Quest 'KillExtremist_Quest1' can be given now
I       QuestState.cpp[0904]29/10 21:56:21 Quest 'r1m4_TalkWithOldTraderAboutSecondDisk' can be given now
I       QuestState.cpp[0904]29/10 21:56:21 Quest 'q_FindHusbent' can be given now
I       QuestState.cpp[0904]29/10 21:56:21 Quest 'RybakToOlm_Quest' can be given now
I       QuestState.cpp[0904]29/10 21:56:21 Quest 'AnanagaTech_Quest' can be given now
I       QuestState.cpp[0904]29/10 21:56:21 Quest 'MrShlyapa2_Quest' can be given now
I       QuestState.cpp[0904]29/10 21:56:21 Quest 'ToCordanToTikhomir_Quest' can be given now
I       QuestState.cpp[0904]29/10 21:56:21 Quest 'r1m3_BonnyAndKlideQuest' can be given now
I       QuestState.cpp[0904]29/10 21:56:21 Quest 'r1m3_ArchHelp' can be given now
I       QuestState.cpp[0904]29/10 21:56:21 Quest 'r1m3_CrazyManQuest' can be given now
I       QuestState.cpp[0904]29/10 21:56:21 Quest 'r1m3_OldTownOutsiderCar2_Quest' can be given now
I       QuestState.cpp[0904]29/10 21:56:21 Quest 'FightForPesht' can be given now
I       QuestState.cpp[0904]29/10 21:56:21 Quest 'd_RideAcrossBase_Quest' can be given now
I       QuestState.cpp[0904]29/10 21:56:21 Quest 'd_GiveMoneyToBase_Quest' can be given now
I       QuestState.cpp[0904]29/10 21:56:21 Quest 'd_GetBomb_Quest' can be given now
I       QuestState.cpp[0904]29/10 21:56:21 Quest 'd_IntrigaOfMerMinin_Quest' can be given now
I       QuestState.cpp[0904]29/10 21:56:21 Quest 'd_MoveFreelancersToOilMine_Quest' can be given now
I       QuestState.cpp[0904]29/10 21:56:21 Quest 'd_MoveCanistraToMinin_Quest' can be given now
I       QuestState.cpp[0904]29/10 21:56:21 Quest 'd_OpenTunel_Quest' can be given now
I       QuestState.cpp[0904]29/10 21:56:21 Quest 'r1m3_TalkWithThiefFromFatherHouse' can be given now
I       QuestState.cpp[0904]29/10 21:56:21 Quest 'r1m3_MoveToOraculAfterThief' can be given now
I       QuestState.cpp[0904]29/10 21:56:21 Quest 'r1m3_ToLisaToAsgard' can be given now
I       QuestState.cpp[0904]29/10 21:56:21 Quest 'r1m3_TW_OralceAboutAlien' can be given now
I       QuestState.cpp[0904]29/10 21:56:21 Quest 'r1m3_DestroyRadiationSource' can be given now
I       QuestState.cpp[0904]29/10 21:56:21 Quest 'r2m1_DestroyAlienShip' can be given now
I       QuestState.cpp[0904]29/10 21:56:21 Quest 'd_PayWorkersMoney_Quest' can be given now
I       QuestState.cpp[0904]29/10 21:56:21 Quest 'r2m1_TW_SellsCivilian' can be given now
I       QuestState.cpp[0904]29/10 21:56:21 Quest 'MorskieVrata2_Quest' can be given now
I       QuestState.cpp[0904]29/10 21:56:21 Quest 'Zachisti1_Quest' can be given now
I       QuestState.cpp[0904]29/10 21:56:21 Quest 'LisaVPeshte' can be given now
I       QuestState.cpp[0904]29/10 21:56:21 Quest 'LisaUBena' can be given now
I       QuestState.cpp[0904]29/10 21:56:21 Quest 'WhereSigns_Quest' can be given now
I       QuestState.cpp[0904]29/10 21:56:21 Quest 'CombatInKollizey_Quest' can be given now
I       QuestState.cpp[0904]29/10 21:56:21 Quest 'BuyKollizey_Quest' can be given now
I       QuestState.cpp[0904]29/10 21:56:21 Quest 'Kollizey_Quest' can be given now
I       QuestState.cpp[0904]29/10 21:56:21 Quest 'HelpRuins_Quest' can be given now
I       QuestState.cpp[0904]29/10 21:56:21 Quest 'DestroyRuins_Quest' can be given now
I       QuestState.cpp[0904]29/10 21:56:21 Quest 'DestroyRuins2_Quest' can be given now
I       QuestState.cpp[0904]29/10 21:56:21 Quest 'Signs_Quest' can be given now
I       QuestState.cpp[0904]29/10 21:56:21 Quest 'MrShlyapa1_Quest' can be given now
I       QuestState.cpp[0904]29/10 21:56:21 Quest 'FindBen2_Quest' can be given now
I       QuestState.cpp[0904]29/10 21:56:21 Quest 'd_FindHouseOfBen_Quest' can be given now
I       QuestState.cpp[0904]29/10 21:56:21 Quest 'r1m2_TW_BanAboutAlien' can be given now
I       QuestState.cpp[0904]29/10 21:56:21 Quest 'r1m3_DestroyOracle' can be given now
I       QuestState.cpp[0904]29/10 21:56:21 Quest 'Pomiritsa_Quest' can be given now
I       QuestState.cpp[0904]29/10 21:56:21 Quest 'VYar_Quest' can be given now
I       QuestState.cpp[0904]29/10 21:56:21 Quest 'FindBenMZ_Quest' can be given now
I       QuestState.cpp[0904]29/10 21:56:21 Quest 'QuickFindBen' can be given now
I       QuestState.cpp[0904]29/10 21:56:21 Quest 'OpenMid_Quest' can be given now
I       QuestState.cpp[0904]29/10 21:56:21 Quest 'TalkBeforeDesert' can be given now
I       QuestState.cpp[0904]29/10 21:56:21 Quest 'ZashitaGotova' can be given now
I       QuestState.cpp[0904]29/10 21:56:21 Quest 'FakeQuest1' can be given now
I       QuestState.cpp[0904]29/10 21:56:21 Quest 'Chehly_Quest' can be given now
I       QuestState.cpp[0904]29/10 21:56:21 Quest 'WorkGiver_Quest1' can be given now
I       QuestState.cpp[0904]29/10 21:56:21 Quest 'd_PunishBandits_Quest' can be given now
I       QuestState.cpp[0904]29/10 21:56:21 Quest 'r1m1_Hospital_Quest' can be given now
I       QuestState.cpp[0904]29/10 21:56:21 Quest 'r1m1_Botanik_Quest' can be given now
I       QuestState.cpp[0904]29/10 21:56:21 Quest 'r1m1_FindBotanik_Quest' can be given now
I       QuestState.cpp[0904]29/10 21:56:21 Quest 'Buyer_Quest1' can be given now
I       QuestState.cpp[0904]29/10 21:56:21 Quest 'FirstTimePlay' can be given now
I       QuestState.cpp[0904]29/10 21:56:21 Quest 'TalkWithFather_Quest' can be given now
I       QuestState.cpp[0904]29/10 21:56:21 Quest 'LisaAtSouth' can be given now
I       QuestState.cpp[0904]29/10 21:56:21 Quest 'FindBen_Quest' can be given now
I       QuestState.cpp[0904]29/10 21:56:21 Quest 'FindBenAgain_Quest' can be given now
I       QuestState.cpp[0904]29/10 21:56:21 Quest 'd_SinFather_Quest' can be given now
I       QuestState.cpp[0904]29/10 21:56:21 Quest 'TalkToVasily' can be given now
I       QuestState.cpp[0904]29/10 21:56:21 Quest 'CheckTheEast' can be given now
I       QuestState.cpp[0904]29/10 21:56:21 Quest 'BenSouth_Quest' can be given now
I           server.cpp[0826]29/10 21:56:21 	AI: QuestStates loaded
I           server.cpp[0828]29/10 21:56:21 	AI: Loading DynamicScene
I     DynamicScene.cpp[1470]29/10 21:56:22 		 Scene loading begin
I     DynamicScene.cpp[1472]29/10 21:56:22 		 Scene loading end
I           server.cpp[0837]29/10 21:56:22 	AI: DynamicScene loaded
I           server.cpp[0852]29/10 21:56:22 	AI: Loading Triggers
I           server.cpp[0855]29/10 21:56:22 	AI: Triggers loaded
I           server.cpp[0857]29/10 21:56:22 	AI: Loading Object Names
I           server.cpp[0868]29/10 21:56:22 	AI: Initing Player
I           server.cpp[0888]29/10 21:56:22 		Before first Update
I           server.cpp[0909]29/10 21:56:22 		After first Update
I           server.cpp[0911]29/10 21:56:22 AI: Finished Loading Server
I           view32.cpp[1106]29/10 21:56:22 Load server end
I        QuestInfo.cpp[0847]29/10 21:56:22 Quest infos were loaded successfully from file data\if\diz\QuestInfoGlobal.xml
I        QuestInfo.cpp[0783]29/10 21:56:22 QuestInfo manager was inited successfully
I        LevelInfo.cpp[1619]29/10 21:56:22 LevelInfoManager::AddVisitedLevel error - level with name 'Untitled' does not exist
I        LevelInfo.cpp[1602]29/10 21:56:22 LevelInfoManager::AddKnownLevel error - level with name 'Untitled' does not exist
I    GameUiManager.cpp[0303]29/10 21:56:22 Interface: is initializing...
I    GameUiManager.cpp[0395]29/10 21:56:22 Interface: is inited successfully
I      MapComboBox.cpp[0195]29/10 21:56:22 Error in updating map list: no info for current map exists
I     GlobalMapWnd.cpp[0157]29/10 21:56:22 Make control error: control mainmenu_ico is not found or incorrect type
I     GlobalMapWnd.cpp[0157]29/10 21:56:22 Make control error: control r1m8_ico is not found or incorrect type
I     GlobalMapWnd.cpp[0157]29/10 21:56:22 Make control error: control r1m7_ico is not found or incorrect type
I     GlobalMapWnd.cpp[0157]29/10 21:56:22 Make control error: control r8m1_ico is not found or incorrect type
I     GlobalMapWnd.cpp[0203]29/10 21:56:22 GlobalMapWnd: error - fail to init because of a bad resource
I blockMusicManager.cpp[0185]29/10 21:56:22 BlockMusicManager: start playing new music: blockNum = 0, musicType = 0, name = 'block0_driving'
I           m3dapp.cpp[1336]29/10 22:13:27 d3d: Device reset ok
I           m3dapp.cpp[1350]29/10 22:13:33 input: CInput_di8::GetLastKbdEvent() error - cannot translate key wit scan code 174
I           m3dapp.cpp[1350]29/10 22:13:33 input: CInput_di8::GetLastKbdEvent() error - cannot translate key wit scan code 174
I           m3dapp.cpp[1336]29/10 22:13:41 d3d: Device reset ok
I           m3dapp.cpp[1350]29/10 22:14:32 input: CInput_di8::GetLastKbdEvent() error - cannot translate key wit scan code 183
I           m3dapp.cpp[1350]29/10 22:14:32 input: CInput_di8::GetLastKbdEvent() error - cannot translate key wit scan code 183
I           m3dapp.cpp[1350]29/10 22:14:32 input: CInput_di8::GetLastKbdEvent() error - cannot translate key wit scan code 183
I           m3dapp.cpp[1350]29/10 22:14:32 input: CInput_di8::GetLastKbdEvent() error - cannot translate key wit scan code 183
I       console_string[0234]29/10 22:14:37 ---------------------- CHEAT WAS USED --------- ANTICHEAT -----------------
I        FadingMsg.cpp[0199]29/10 22:14:37 Fading message: '@FFFF1493Обнаружено использование чит-кодов. Система достижений @FFFF0000ЗАБЛОКИРОВАНА. @FFFF1493В техподдержке @FFFF0000ОТКАЗАНО.'
I        FadingMsg.cpp[0199]29/10 22:14:37 Fading message: '@FFFF1493Обнаружено использование чит-кодов. Система достижений @FFFF0000ЗАБЛОКИРОВАНА. @FFFF1493В техподдержке @FFFF0000ОТКАЗАНО.'
I       console_string[0234]29/10 22:16:59 ---------------------- CHEAT WAS USED --------- ANTICHEAT -----------------
I        FadingMsg.cpp[0199]29/10 22:16:59 Fading message: '@FFFF1493Обнаружено использование чит-кодов. Система достижений @FFFF0000ЗАБЛОКИРОВАНА. @FFFF1493В техподдержке @FFFF0000ОТКАЗАНО.'
I        FadingMsg.cpp[0199]29/10 22:16:59 Fading message: '@FFFF1493Обнаружено использование чит-кодов. Система достижений @FFFF0000ЗАБЛОКИРОВАНА. @FFFF1493В техподдержке @FFFF0000ОТКАЗАНО.'
I             util.cpp[0423]29/10 22:27:19 Maximum joint count reached: 24
I             util.cpp[0423]29/10 22:27:19 Maximum joint count reached: 30
I             util.cpp[0423]29/10 22:27:27 Maximum joint count reached: 31
I             util.cpp[0423]29/10 22:27:27 Maximum joint count reached: 32
I             util.cpp[0423]29/10 22:27:28 Maximum joint count reached: 34
I        SplashWnd.cpp[0244]29/10 22:31:42 Start splashing 11
I   TruxxUiManager.cpp[1422]29/10 22:31:42 Game mode changed. Old mode = 0, new mode = 0
I    GameUiManager.cpp[0405]29/10 22:31:42 Interface: is clearing...
I    GameUiManager.cpp[0495]29/10 22:31:42 Interface: is cleared successfully
I           view32.cpp[1048]29/10 22:31:43 -- Loading Level: data\maps\r8m1.ssl --
I            world.cpp[0132]29/10 22:31:43 ----------------------- World Loading
F        landscape.cpp[1674]29/10 22:31:43  +- Enter function: Landscape::Load()
I        landscape.cpp[1911]29/10 22:31:43  |  ----------------------- Normal map loaded in: 35
I        landscape.cpp[1920]29/10 22:31:43  |  ----------------------- Tiles loaded in: 115
I        landscape.cpp[1944]29/10 22:31:43  |  ----------------------- ShoreLine loaded in: 1
F        landscape.cpp[1944]29/10 22:31:44  +- Exit function: Landscape::Load()
I            world.cpp[0169]29/10 22:31:44 ----------------------- Landscape loaded in: 515
I       DataServer.cpp[0587]29/10 22:31:44 Loading Servers: data\maps\r8m1\servers.xml
I       DataServer.cpp[0594]29/10 22:31:44 Load servers: ReadXmlFile: Cannot open file data\maps\r8m1\servers.xml
I       DataServer.cpp[0587]29/10 22:31:44 Loading Servers: data\models\servers.xml
E        GamParser.cpp[0399]29/10 22:31:44 AnimatedModel::LoadGAM -- cannot open file data\models\objects\dweller_debik.gam
E        GamParser.cpp[0399]29/10 22:31:44 AnimatedModel::LoadGAM -- cannot open file data\models\Masks\Main\mask_debik.gam
E serverAnimatedModel.cpp[0627]29/10 22:31:44 ServerAnimatedModels: cannot read file: file:data\models\AnimModels.xml id = dweller_brodyaga
E serverAnimatedModel.cpp[0627]29/10 22:31:44 ServerAnimatedModels: cannot read file: file:data\models\AnimModels.xml id = mask_debik
E serverAnimatedModel.cpp[0627]29/10 22:31:44 ServerAnimatedModels: cannot read file: file:data\models\AnimModels.xml id = big_brock_wall
E serverAnimatedModel.cpp[0627]29/10 22:31:44 ServerAnimatedModels: cannot read file: file:data\models\AnimModels.xml id = dub1_r2
E serverAnimatedModel.cpp[0627]29/10 22:31:44 ServerAnimatedModels: cannot read file: file:data\models\AnimModels.xml id = boss_barrel
I serverAnimatedModel.cpp[0630]29/10 22:31:44 ### Total time: 140, GAM time: 0
I       DataServer.cpp[0587]29/10 22:31:44 Loading Servers: data\models\commonservers.xml
E      serverMusic.cpp[0216]29/10 22:31:44 MusicServer: cannot read file: data\music\music.xml id = 'LaBelleTown'
E      serverMusic.cpp[0216]29/10 22:31:44 MusicServer: cannot read file: data\music\music.xml id = 'block6_driving2'
I            world.cpp[0210]29/10 22:31:45 ----------------------- Servers loaded in: 1086
I            world.cpp[0338]29/10 22:31:45 LoadWorld begin...
I            world.cpp[0350]29/10 22:31:45 %%%% read/parse xml: 93
I            world.cpp[0362]29/10 22:31:45 %%%% read from xml: 51
I            world.cpp[0444]29/10 22:31:45 %%%% link nodes: 211
I            world.cpp[0220]29/10 22:31:45 ----------------------- Nodes loaded in: 359
I            world.cpp[0228]29/10 22:31:45 ----------------------- Prefabs loaded in: 0
I            world.cpp[0247]29/10 22:31:46 ----------------------- World loaded in: 2964
E        GamParser.cpp[0399]29/10 22:31:46 AnimatedModel::LoadGAM -- cannot open file data\models\roads\road_small_highway\small_highway_end.gam-
I      roadManager.cpp[0139]29/10 22:31:46 RoadManager error( model not loaded ): data\models\roads\road_small_highway\small_highway_end.gam-
I            world.cpp[0278]29/10 22:31:47 ----------------------- Roads loaded in: 1600
I           view32.cpp[1078]29/10 22:31:47 Load Server begin...
I    GameUiManager.cpp[1603]29/10 22:31:47 Interface: loading resources ...
I   TruxxUiManager.cpp[0974]29/10 22:31:47 Interface: is loaded successfully
I           server.cpp[0789]29/10 22:31:47 AI: Loading Server...
I           server.cpp[0796]29/10 22:31:47 	AI: Loading Relationship
I     Relationship.cpp[0134]29/10 22:31:47 		 File readed
I           server.cpp[0801]29/10 22:31:48 	AI: Loading SoilProps
I           server.cpp[0804]29/10 22:31:48 	AI: Loading ExternalPaths
I           server.cpp[0807]29/10 22:31:48 	AI: Loading PlayerPassMap
I           server.cpp[0813]29/10 22:31:48 	AI: Loading GameObjects
I           server.cpp[0816]29/10 22:31:48 	AI: Initializing VehicleGeneratorInfoCache
I           server.cpp[0820]29/10 22:31:48 	AI: Refreshing GameObjects
E      VehiclePart.cpp[0138]29/10 22:31:48 Error: collision geom in vehicle part name = 'boss04station' is not BOX
E      VehiclePart.cpp[0138]29/10 22:31:49 Error: collision geom in vehicle part name = 'heavy_dot1' is not BOX
I           server.cpp[0824]29/10 22:31:49 	AI: Loading QuestStates
I       QuestState.cpp[0904]29/10 22:31:49 Quest 'Human1_Quest1' can be given now
I       QuestState.cpp[0904]29/10 22:31:49 Quest 'Human1_Quest2' can be given now
I       QuestState.cpp[0904]29/10 22:31:49 Quest 'BenGoodEnd' can be given now
I       QuestState.cpp[0904]29/10 22:31:49 Quest 'q_PlaceWithSign' can be given now
I       QuestState.cpp[0904]29/10 22:31:49 Quest 'r3m2_OracleMemory' can be given now
I       QuestState.cpp[0904]29/10 22:31:49 Quest 'r3m2_TalkWithLisa' can be given now
I       QuestState.cpp[0904]29/10 22:31:49 Quest 'r3m2_TalkWithBenAboutCarAfterOracul' can be given now
I       QuestState.cpp[0904]29/10 22:31:49 Quest 'r3m2_FindInfoAboutFather' can be given now
I       QuestState.cpp[0904]29/10 22:31:49 Quest 'r3m1_LureMainDriud' can be given now
I       QuestState.cpp[0904]29/10 22:31:49 Quest 'r3m1_ClearSanctuary' can be given now
I       QuestState.cpp[0904]29/10 22:31:49 Quest 'r3m1_KnowAboutUluk' can be given now
I       QuestState.cpp[0904]29/10 22:31:49 Quest 'r3m1_RescueUlukCivil' can be given now
I       QuestState.cpp[0904]29/10 22:31:49 Quest 'q_VisitDruid' can be given now
I       QuestState.cpp[0904]29/10 22:31:49 Quest 'r2m2_Znaki2_Quest' can be given now
I       QuestState.cpp[0904]29/10 22:31:49 Quest 'r2m2_HeadsHunterQuest' can be given now
I       QuestState.cpp[0904]29/10 22:31:49 Quest 'r2m2_OldDvigatel1_Quest' can be given now
I       QuestState.cpp[0904]29/10 22:31:49 Quest 'r2m2_OldDvigatel2_Quest' can be given now
I       QuestState.cpp[0904]29/10 22:31:49 Quest 'r2m2_FightFelix' can be given now
I       QuestState.cpp[0904]29/10 22:31:49 Quest 'r2m2_ReturnToMarecciaFromCastle' can be given now
I       QuestState.cpp[0904]29/10 22:31:49 Quest 'r2m2_FightWithAxelInArena_Quest' can be given now
I       QuestState.cpp[0904]29/10 22:31:49 Quest 'r2m2_FindLisAfterAxelAndFatherDie_Quest' can be given now
I       QuestState.cpp[0904]29/10 22:31:49 Quest 'r2m2_ToLisaToMonastir' can be given now
I       QuestState.cpp[0904]29/10 22:31:49 Quest 'r2m2_FightLisaToMonastir' can be given now
I       QuestState.cpp[0904]29/10 22:31:49 Quest 'r2m2_GiveDisk2ToOrakul' can be given now
I       QuestState.cpp[0904]29/10 22:31:49 Quest 'MrShlyapa3_Quest' can be given now
I       QuestState.cpp[0904]29/10 22:31:49 Quest 'r2m1_ArtAntipod_Quest' can be given now
I       QuestState.cpp[0904]29/10 22:31:49 Quest 'r2m1_TakeNarcotics_Quest' can be given now
I       QuestState.cpp[0904]29/10 22:31:49 Quest 'r2m1_KillGodFather_Quest' can be given now
I       QuestState.cpp[0904]29/10 22:31:49 Quest 'MrShlyapaSecret' can be given now
I       QuestState.cpp[0904]29/10 22:31:49 Quest 'd_GetSupportOneOfTheBands2_Quest' can be given now
I       QuestState.cpp[0904]29/10 22:31:49 Quest 'd_GetSupportOneOfTheBands1_Quest' can be given now
I       QuestState.cpp[0904]29/10 22:31:49 Quest 'd_FindVerbInAR_Quest' can be given now
I       QuestState.cpp[0904]29/10 22:31:49 Quest 'd_FindVerbInSNG_Quest' can be given now
I       QuestState.cpp[0904]29/10 22:31:49 Quest 'd_PatrulSideSNG_Quest' can be given now
I       QuestState.cpp[0904]29/10 22:31:49 Quest 'd_TakeGeneralOfBandits_Quest' can be given now
I       QuestState.cpp[0904]29/10 22:31:49 Quest 'r2m1_TW_AlienInShip' can be given now
I       QuestState.cpp[0904]29/10 22:31:49 Quest 'Podderzhka_Quest' can be given now
I       QuestState.cpp[0904]29/10 22:31:49 Quest 'Zashita_Quest' can be given now
I       QuestState.cpp[0904]29/10 22:31:49 Quest 'preEretik_Quest' can be given now
I       QuestState.cpp[0904]29/10 22:31:49 Quest 'ReturnQuest' can be given now
I       QuestState.cpp[0904]29/10 22:31:49 Quest 'd_FindVerbInAM_Quest' can be given now
I       QuestState.cpp[0904]29/10 22:31:49 Quest 'OdettIsDead_Quest' can be given now
I       QuestState.cpp[0904]29/10 22:31:49 Quest 'Disk2OrakulLisa' can be given now
I       QuestState.cpp[0904]29/10 22:31:49 Quest 'FindGomerB_Quest1' can be given now
I       QuestState.cpp[0904]29/10 22:31:49 Quest 'FreeExtremistLeader_Quest1' can be given now
I       QuestState.cpp[0904]29/10 22:31:49 Quest 'KillExtremist_Quest1' can be given now
I       QuestState.cpp[0904]29/10 22:31:49 Quest 'r1m4_TalkWithOldTraderAboutSecondDisk' can be given now
I       QuestState.cpp[0904]29/10 22:31:49 Quest 'q_FindHusbent' can be given now
I       QuestState.cpp[0904]29/10 22:31:49 Quest 'RybakToOlm_Quest' can be given now
I       QuestState.cpp[0904]29/10 22:31:49 Quest 'AnanagaTech_Quest' can be given now
I       QuestState.cpp[0904]29/10 22:31:49 Quest 'MrShlyapa2_Quest' can be given now
I       QuestState.cpp[0904]29/10 22:31:49 Quest 'ToCordanToTikhomir_Quest' can be given now
I       QuestState.cpp[0904]29/10 22:31:49 Quest 'r1m3_BonnyAndKlideQuest' can be given now
I       QuestState.cpp[0904]29/10 22:31:49 Quest 'r1m3_ArchHelp' can be given now
I       QuestState.cpp[0904]29/10 22:31:49 Quest 'r1m3_CrazyManQuest' can be given now
I       QuestState.cpp[0904]29/10 22:31:49 Quest 'r1m3_OldTownOutsiderCar2_Quest' can be given now
I       QuestState.cpp[0904]29/10 22:31:49 Quest 'FightForPesht' can be given now
I       QuestState.cpp[0904]29/10 22:31:49 Quest 'd_RideAcrossBase_Quest' can be given now
I       QuestState.cpp[0904]29/10 22:31:49 Quest 'd_GiveMoneyToBase_Quest' can be given now
I       QuestState.cpp[0904]29/10 22:31:49 Quest 'd_GetBomb_Quest' can be given now
I       QuestState.cpp[0904]29/10 22:31:49 Quest 'd_IntrigaOfMerMinin_Quest' can be given now
I       QuestState.cpp[0904]29/10 22:31:49 Quest 'd_MoveFreelancersToOilMine_Quest' can be given now
I       QuestState.cpp[0904]29/10 22:31:49 Quest 'd_MoveCanistraToMinin_Quest' can be given now
I       QuestState.cpp[0904]29/10 22:31:49 Quest 'd_OpenTunel_Quest' can be given now
I       QuestState.cpp[0904]29/10 22:31:49 Quest 'r1m3_TalkWithThiefFromFatherHouse' can be given now
I       QuestState.cpp[0904]29/10 22:31:49 Quest 'r1m3_MoveToOraculAfterThief' can be given now
I       QuestState.cpp[0904]29/10 22:31:49 Quest 'r1m3_ToLisaToAsgard' can be given now
I       QuestState.cpp[0904]29/10 22:31:49 Quest 'r1m3_TW_OralceAboutAlien' can be given now
I       QuestState.cpp[0904]29/10 22:31:49 Quest 'r1m3_DestroyRadiationSource' can be given now
I       QuestState.cpp[0904]29/10 22:31:49 Quest 'r2m1_DestroyAlienShip' can be given now
I       QuestState.cpp[0904]29/10 22:31:49 Quest 'd_PayWorkersMoney_Quest' can be given now
I       QuestState.cpp[0904]29/10 22:31:49 Quest 'r2m1_TW_SellsCivilian' can be given now
I       QuestState.cpp[0904]29/10 22:31:49 Quest 'MorskieVrata2_Quest' can be given now
I       QuestState.cpp[0904]29/10 22:31:49 Quest 'Zachisti1_Quest' can be given now
I       QuestState.cpp[0904]29/10 22:31:49 Quest 'LisaVPeshte' can be given now
I       QuestState.cpp[0904]29/10 22:31:49 Quest 'LisaUBena' can be given now
I       QuestState.cpp[0904]29/10 22:31:49 Quest 'WhereSigns_Quest' can be given now
I       QuestState.cpp[0904]29/10 22:31:49 Quest 'CombatInKollizey_Quest' can be given now
I       QuestState.cpp[0904]29/10 22:31:49 Quest 'BuyKollizey_Quest' can be given now
I       QuestState.cpp[0904]29/10 22:31:49 Quest 'Kollizey_Quest' can be given now
I       QuestState.cpp[0904]29/10 22:31:49 Quest 'HelpRuins_Quest' can be given now
I       QuestState.cpp[0904]29/10 22:31:49 Quest 'DestroyRuins_Quest' can be given now
I       QuestState.cpp[0904]29/10 22:31:49 Quest 'DestroyRuins2_Quest' can be given now
I       QuestState.cpp[0904]29/10 22:31:49 Quest 'Signs_Quest' can be given now
I       QuestState.cpp[0904]29/10 22:31:49 Quest 'MrShlyapa1_Quest' can be given now
I       QuestState.cpp[0904]29/10 22:31:49 Quest 'FindBen2_Quest' can be given now
I       QuestState.cpp[0904]29/10 22:31:49 Quest 'd_FindHouseOfBen_Quest' can be given now
I       QuestState.cpp[0904]29/10 22:31:49 Quest 'r1m2_TW_BanAboutAlien' can be given now
I       QuestState.cpp[0904]29/10 22:31:49 Quest 'r1m3_DestroyOracle' can be given now
I       QuestState.cpp[0904]29/10 22:31:49 Quest 'Pomiritsa_Quest' can be given now
I       QuestState.cpp[0904]29/10 22:31:49 Quest 'VYar_Quest' can be given now
I       QuestState.cpp[0904]29/10 22:31:49 Quest 'FindBenMZ_Quest' can be given now
I       QuestState.cpp[0904]29/10 22:31:49 Quest 'QuickFindBen' can be given now
I       QuestState.cpp[0904]29/10 22:31:49 Quest 'OpenMid_Quest' can be given now
I       QuestState.cpp[0904]29/10 22:31:49 Quest 'TalkBeforeDesert' can be given now
I       QuestState.cpp[0904]29/10 22:31:49 Quest 'ZashitaGotova' can be given now
I       QuestState.cpp[0904]29/10 22:31:49 Quest 'FakeQuest1' can be given now
I       QuestState.cpp[0904]29/10 22:31:49 Quest 'Chehly_Quest' can be given now
I       QuestState.cpp[0904]29/10 22:31:49 Quest 'WorkGiver_Quest1' can be given now
I       QuestState.cpp[0904]29/10 22:31:49 Quest 'd_PunishBandits_Quest' can be given now
I       QuestState.cpp[0904]29/10 22:31:49 Quest 'r1m1_Hospital_Quest' can be given now
I       QuestState.cpp[0904]29/10 22:31:49 Quest 'r1m1_Botanik_Quest' can be given now
I       QuestState.cpp[0904]29/10 22:31:49 Quest 'r1m1_FindBotanik_Quest' can be given now
I       QuestState.cpp[0904]29/10 22:31:49 Quest 'Buyer_Quest1' can be given now
I       QuestState.cpp[0904]29/10 22:31:49 Quest 'FirstTimePlay' can be given now
I       QuestState.cpp[0904]29/10 22:31:49 Quest 'TalkWithFather_Quest' can be given now
I       QuestState.cpp[0904]29/10 22:31:49 Quest 'LisaAtSouth' can be given now
I       QuestState.cpp[0904]29/10 22:31:49 Quest 'FindBen_Quest' can be given now
I       QuestState.cpp[0904]29/10 22:31:49 Quest 'FindBenAgain_Quest' can be given now
I       QuestState.cpp[0904]29/10 22:31:49 Quest 'd_SinFather_Quest' can be given now
I       QuestState.cpp[0904]29/10 22:31:49 Quest 'TalkToVasily' can be given now
I       QuestState.cpp[0904]29/10 22:31:49 Quest 'CheckTheEast' can be given now
I       QuestState.cpp[0904]29/10 22:31:49 Quest 'BenSouth_Quest' can be given now
I           server.cpp[0826]29/10 22:31:49 	AI: QuestStates loaded
I           server.cpp[0828]29/10 22:31:49 	AI: Loading DynamicScene
I     DynamicScene.cpp[1470]29/10 22:31:49 		 Scene loading begin
I     DynamicScene.cpp[1472]29/10 22:31:50 		 Scene loading end
I           server.cpp[0837]29/10 22:31:50 	AI: DynamicScene loaded
I           server.cpp[0852]29/10 22:31:50 	AI: Loading Triggers
I           server.cpp[0855]29/10 22:31:50 	AI: Triggers loaded
I           server.cpp[0857]29/10 22:31:50 	AI: Loading Object Names
I           server.cpp[0868]29/10 22:31:50 	AI: Initing Player
I           server.cpp[0888]29/10 22:31:50 		Before first Update
I           server.cpp[0909]29/10 22:31:50 		After first Update
I           server.cpp[0911]29/10 22:31:50 AI: Finished Loading Server
I           view32.cpp[1106]29/10 22:31:50 Load server end
I        QuestInfo.cpp[0847]29/10 22:31:50 Quest infos were loaded successfully from file data\if\diz\QuestInfoGlobal.xml
I        QuestInfo.cpp[0783]29/10 22:31:50 QuestInfo manager was inited successfully
I    GameUiManager.cpp[0303]29/10 22:31:50 Interface: is initializing...
I    GameUiManager.cpp[0395]29/10 22:31:50 Interface: is inited successfully
I blockMusicManager.cpp[0199]29/10 22:31:50 BlockMusicManager: resetting
I blockMusicManager.cpp[0185]29/10 22:31:50 BlockMusicManager: start playing new music: blockNum = 14, musicType = 0, name = 'r8_1_driving'
I           m3dapp.cpp[1336]29/10 22:31:55 d3d: Device reset ok
I       console_string[0234]29/10 22:32:17 ---------------------- CHEAT WAS USED --------- ANTICHEAT -----------------
I        FadingMsg.cpp[0199]29/10 22:32:17 Fading message: '@FFFF1493Обнаружено использование чит-кодов. Система достижений @FFFF0000ЗАБЛОКИРОВАНА. @FFFF1493В техподдержке @FFFF0000ОТКАЗАНО.'
I        FadingMsg.cpp[0199]29/10 22:32:17 Fading message: '@FFFF1493Обнаружено использование чит-кодов. Система достижений @FFFF0000ЗАБЛОКИРОВАНА. @FFFF1493В техподдержке @FFFF0000ОТКАЗАНО.'
I             util.cpp[0423]29/10 22:32:19 Maximum joint count reached: 35
I             util.cpp[0423]29/10 22:32:19 Maximum joint count reached: 36
I             util.cpp[0423]29/10 22:32:19 Maximum joint count reached: 37
I             util.cpp[0423]29/10 22:32:21 Maximum joint count reached: 39
I         gamemenu.cpp[0283]29/10 22:32:24 Quit to Windows
I           view32.cpp[0815]29/10 22:32:24 --- Done Media ---
I    GameUiManager.cpp[0405]29/10 22:32:24 Interface: is clearing...
I    GameUiManager.cpp[0495]29/10 22:32:24 Interface: is cleared successfully
I    GameUiManager.cpp[0257]29/10 22:32:24 Interface: done...
I    GameUiManager.cpp[1580]29/10 22:32:24 Interface: clearing resource infos ...
I    GameUiManager.cpp[0292]29/10 22:32:24 Interface: is done
I           view32.cpp[0843]29/10 22:32:24 --- Done Media: Ok ---
I           m3dapp.cpp[1343]29/10 22:32:25 snd: Deleting Sound...
I           m3dapp.cpp[1343]29/10 22:32:25 snd: Stopping all sounds in FMOD...
I           m3dapp.cpp[1343]29/10 22:32:25 snd: Closing FMOD...
I           m3dapp.cpp[1343]29/10 22:32:25 snd: Deleting all sounds...
I           m3dapp.cpp[1343]29/10 22:32:25 snd: 	Stopping all sounds
I           m3dapp.cpp[1343]29/10 22:32:25 snd: 	Deleting all sounds from table
I           m3dapp.cpp[1343]29/10 22:32:25 snd: 	Sounds deleted
I           m3dapp.cpp[1343]29/10 22:32:25 snd: Sound is uninstalled
I      gameimpulse.cpp[0618]29/10 22:32:25 Key bindings: unbind all is done
I      gameimpulse.cpp[0343]29/10 22:32:25 Key bindings: is done
----------------------------------------------- Log ends on Sat Oct 29 22:32:25 2022 -----------------------------------------------




