---------------------------------------------- Log begins on Thu Sep 22 02:58:21 2022 ----------------------------------------------
I           m3dapp.cpp[0088]22/09 02:58:21 Starting up...
I           m3dapp.cpp[1498]22/09 02:58:21 ExMachina - release version release build v1.02 (Dec 21 2005 12:15:10)
I      Stackwalker.cpp[0608]22/09 02:58:21 Stackwalker: log file name will be 'd:/games/ex machina mods/exmachina gm.mod sdk new/exceptions/hta.exe0000.log'
I      Stackwalker.cpp[0609]22/09 02:58:21 Stackwalker: dump file name will be 'd:/games/ex machina mods/exmachina gm.mod sdk new/exceptions/hta.exe0000.dmp'
I      Stackwalker.cpp[0610]22/09 02:58:21 Stackwalker: game log file name will be 'd:/games/ex machina mods/exmachina gm.mod sdk new/exceptions/hta.exe0000_game.log'
I           m3dapp.cpp[1391]22/09 02:58:21 Path: D:\Games\EX Machina Mods\ExMachina GM.mod SDK new
I           m3dapp.cpp[1392]22/09 02:58:21 Exe: D:\Games\EX Machina Mods\ExMachina GM.mod SDK new\hta.exe
I           m3dapp.cpp[1401]22/09 02:58:21 Windows version: 6.1.7601
I           m3dapp.cpp[1410]22/09 02:58:21 Computer name: RIVER-PC
I           m3dapp.cpp[1430]22/09 02:58:21 Cpu: GenuineIntel
I           m3dapp.cpp[1434]22/09 02:58:21 Cpu clock: ~1596
I           m3dapp.cpp[1459]22/09 02:58:21 Processor is mmx able
I           m3dapp.cpp[1470]22/09 02:58:21 Physical memory: 2047 MB
I           m3dapp.cpp[1471]22/09 02:58:21 Total memory:    4095 MB
I           m3dapp.cpp[1472]22/09 02:58:21 Physical memory available: 1944 MB
I           m3dapp.cpp[1473]22/09 02:58:21 Total memory available:    1914 MB
I           m3dapp.cpp[2846]22/09 02:58:21 SetCodepage -- using codepage 1251 '1251  (ANSI - кириллица)'
I           m3dapp.cpp[2154]22/09 02:58:22 NOTE! renderer is bind to dxrender9.dll
I           m3dapp.cpp[1336]22/09 02:58:22 d3d: Given device behavior: 80
I           m3dapp.cpp[1336]22/09 02:58:22 d3d: Confirmed device behavior: 80
I           m3dapp.cpp[1336]22/09 02:58:23 d3d: Description: Intel(R) HD Graphics Family
I           m3dapp.cpp[1336]22/09 02:58:23 d3d: Driver:      igdumdx32.dll
I           m3dapp.cpp[1336]22/09 02:58:23 d3d: VendorId:    0x8086
I           m3dapp.cpp[1336]22/09 02:58:23 d3d: DeviceId:    0x106
I           m3dapp.cpp[1336]22/09 02:58:23 d3d: SubSysId:    0x3672103c
I           m3dapp.cpp[1336]22/09 02:58:23 d3d: Revision:    9
I           m3dapp.cpp[1336]22/09 02:58:23 d3d: Driver version info:
I           m3dapp.cpp[1336]22/09 02:58:23 d3d:   Product:    8
I           m3dapp.cpp[1336]22/09 02:58:23 d3d:   Version:    15
I           m3dapp.cpp[1336]22/09 02:58:23 d3d:   SubVersion: 10
I           m3dapp.cpp[1336]22/09 02:58:23 d3d:   Build:      2622
I           m3dapp.cpp[1336]22/09 02:58:23 d3d: WHQLLevel:    0
I           m3dapp.cpp[1336]22/09 02:58:23 d3d: Texture max size: 8192x8192
I           m3dapp.cpp[1336]22/09 02:58:23 d3d: Guard band: (-8192.000,-8192.000,8192.000,8192.000)
I           m3dapp.cpp[1336]22/09 02:58:23 d3d: MaxTextureBlendStages: 8
I           m3dapp.cpp[1336]22/09 02:58:23 d3d: MaxSimultaneousTextures: 8
I           m3dapp.cpp[1336]22/09 02:58:23 d3d: MaxActiveLights: 10
I           m3dapp.cpp[1336]22/09 02:58:23 d3d: MaxUserClipPlanes: 6
I           m3dapp.cpp[1336]22/09 02:58:23 d3d: VertexShaderVersion: 0xfffe0300
I           m3dapp.cpp[1336]22/09 02:58:23 d3d: PixelShaderVersion: 0xffff0300
I           m3dapp.cpp[1336]22/09 02:58:23 d3d: Geometry instancing: supported
I           m3dapp.cpp[1336]22/09 02:58:23 d3d: Depth bias supported: yes
I           m3dapp.cpp[1336]22/09 02:58:23 d3d: Slope-scale based depth bias supported: yes
I           m3dapp.cpp[1336]22/09 02:58:23 d3d: HwRasterization: true
I           m3dapp.cpp[1336]22/09 02:58:23 d3d: HwTnL: true
I           m3dapp.cpp[1336]22/09 02:58:23 d3d: PureDevice: true
I           m3dapp.cpp[1336]22/09 02:58:23 d3d: CubeMap: true
I           m3dapp.cpp[1336]22/09 02:58:23 d3d: VolumeMap: true
I           m3dapp.cpp[1336]22/09 02:58:23 d3d: TextureAddressCaps:
I           m3dapp.cpp[1336]22/09 02:58:23 d3d: 	wrap: true
I           m3dapp.cpp[1336]22/09 02:58:23 d3d: 	clamp: true
I           m3dapp.cpp[1336]22/09 02:58:23 d3d: 	border: true
I           m3dapp.cpp[1336]22/09 02:58:23 d3d: Projective textures: true
I           m3dapp.cpp[1336]22/09 02:58:23 d3d: MaxPointSize: 256.000
I           m3dapp.cpp[1336]22/09 02:58:23 d3d: MaxPrimitiveCount: 1048575
I           m3dapp.cpp[1336]22/09 02:58:23 d3d: MaxVertexIndex: 16777215
I           m3dapp.cpp[1336]22/09 02:58:23 d3d: MaxStreams: 16
I           m3dapp.cpp[1336]22/09 02:58:23 d3d: MaxStreamsStride: 255
I           m3dapp.cpp[1336]22/09 02:58:23 d3d: MaxAnisotropy: 16
I           m3dapp.cpp[1336]22/09 02:58:23 d3d: MaxVertexBlendMatrices: 4
I           m3dapp.cpp[1336]22/09 02:58:23 d3d: MaxVertexBlendMatrixIndex: 8
I           m3dapp.cpp[1336]22/09 02:58:23 d3d: FullScreenGamma: true
I           m3dapp.cpp[1336]22/09 02:58:23 d3d: COLORWRITEENABLE: true
I           m3dapp.cpp[1336]22/09 02:58:23 d3d: MASKZ: true
I           m3dapp.cpp[1336]22/09 02:58:23 d3d: BLENDOP: true
I           m3dapp.cpp[1336]22/09 02:58:23 d3d: CLIPPLANESCALEDPOINTS: false
I           m3dapp.cpp[1336]22/09 02:58:23 d3d: CLIPTLVERTS: false
I           m3dapp.cpp[1336]22/09 02:58:23 d3d: TSSARGTEMP: true
I           m3dapp.cpp[1336]22/09 02:58:23 d3d: DIRECTIONALLIGHTS: true
I           m3dapp.cpp[1336]22/09 02:58:23 d3d: LOCALVIEWER: true
I           m3dapp.cpp[1336]22/09 02:58:23 d3d: POSITIONALLIGHTS: true
I           m3dapp.cpp[1336]22/09 02:58:23 d3d: TEXGEN:  true
I           m3dapp.cpp[1336]22/09 02:58:23 d3d: TWEENING:  true
I           m3dapp.cpp[1336]22/09 02:58:23 d3d: Dp3: true
I           m3dapp.cpp[1336]22/09 02:58:23 d3d: Lerp: true
I           m3dapp.cpp[1336]22/09 02:58:23 d3d: MaxNpatchTessellationLevel: 0.000
I           m3dapp.cpp[1336]22/09 02:58:23 d3d: Query VCACHE support: true
I           m3dapp.cpp[1336]22/09 02:58:23 d3d: Query EVENT support: true
I           m3dapp.cpp[1336]22/09 02:58:23 d3d: Query OCCLUSION support: true
I           m3dapp.cpp[1336]22/09 02:58:23 d3d: Query TIMESTAMP support: true
I           m3dapp.cpp[1336]22/09 02:58:23 d3d: Query TIMESTAMPDISJOINT support: true
I           m3dapp.cpp[1336]22/09 02:58:23 d3d: Query TIMESTAMPFREQ support: true
I           m3dapp.cpp[1336]22/09 02:58:23 d3d: Query PIPELINETIMINGS support: false
I           m3dapp.cpp[1336]22/09 02:58:23 d3d: Query INTERFACETIMINGS support: false
I           m3dapp.cpp[1336]22/09 02:58:23 d3d: Query VERTEXTIMINGS support: false
I           m3dapp.cpp[1336]22/09 02:58:23 d3d: Query PIXELTIMINGS support: false
I           m3dapp.cpp[1336]22/09 02:58:23 d3d: Query BANDWIDTHTIMINGS support: false
I           m3dapp.cpp[1336]22/09 02:58:23 d3d: Query CACHEUTILIZATION support: false
I           m3dapp.cpp[1336]22/09 02:58:23 d3d: Creating or resetting the device
I           m3dapp.cpp[1336]22/09 02:58:23 d3d: Back buffer format: X8R8G8B8
I           m3dapp.cpp[1336]22/09 02:58:23 d3d: Depth/stencil buffer format: D24S8
I           m3dapp.cpp[1336]22/09 02:58:23 d3d: Stenciling: off
I           m3dapp.cpp[1336]22/09 02:58:23 d3d: Rgba textures format: DXT5
I           m3dapp.cpp[1336]22/09 02:58:23 d3d: Rgba no c. textures format: A8R8G8B8
I           m3dapp.cpp[1336]22/09 02:58:23 d3d: RgbA textures format: DXT5
I           m3dapp.cpp[1336]22/09 02:58:23 d3d: RgbA no c. textures format: A4R4G4B4
I           m3dapp.cpp[1336]22/09 02:58:23 d3d: Rt textures format: A8R8G8B8
I           m3dapp.cpp[1336]22/09 02:58:23 d3d: Shadow textures format: R5G6B5
I           m3dapp.cpp[1336]22/09 02:58:23 d3d: Rt depth format: D16
I           m3dapp.cpp[2206]22/09 02:58:23 NOTE! input is bind to input_di8.dll
I           m3dapp.cpp[1938]22/09 02:58:23 NOTE! sound is bind to sound.dll
I           m3dapp.cpp[1350]22/09 02:58:23 input: Joystick not found
I           m3dapp.cpp[1343]22/09 02:58:24 snd: Max sound channels available: 128
I           m3dapp.cpp[1343]22/09 02:58:24 snd: Sound is inited successfully
I             font.cpp[0976]22/09 02:58:24 FontManager: fonts are loaded successfully
I           m3dapp.cpp[1336]22/09 02:58:24 d3d: Cannot open data\models\logos\fishmen.dds
I           m3dapp.cpp[1336]22/09 02:58:24 d3d: texmap failed to load: data\models\logos\fishmen.dds
E       DraftModel.cpp[1002]22/09 02:58:24 Error: Couldn't load texture data\models\logos\fishmen.dds for model logos.gam
I           m3dapp.cpp[1336]22/09 02:58:24 d3d: Cannot open data\models\logos\logo32.dds
I           m3dapp.cpp[1336]22/09 02:58:24 d3d: texmap failed to load: data\models\logos\logo32.dds
E       DraftModel.cpp[1002]22/09 02:58:24 Error: Couldn't load texture data\models\logos\logo32.dds for model logos.gam
I           m3dapp.cpp[1336]22/09 02:58:24 d3d: Cannot open data\models\logos\logo33.dds
I           m3dapp.cpp[1336]22/09 02:58:24 d3d: texmap failed to load: data\models\logos\logo33.dds
E       DraftModel.cpp[1002]22/09 02:58:24 Error: Couldn't load texture data\models\logos\logo33.dds for model logos.gam
I           m3dapp.cpp[1336]22/09 02:58:24 d3d: Cannot open data\models\logos\logo34.dds
I           m3dapp.cpp[1336]22/09 02:58:24 d3d: texmap failed to load: data\models\logos\logo34.dds
E       DraftModel.cpp[1002]22/09 02:58:24 Error: Couldn't load texture data\models\logos\logo34.dds for model logos.gam
I           m3dapp.cpp[1336]22/09 02:58:24 d3d: Cannot open data\models\logos\logo35.dds
I           m3dapp.cpp[1336]22/09 02:58:24 d3d: texmap failed to load: data\models\logos\logo35.dds
E       DraftModel.cpp[1002]22/09 02:58:24 Error: Couldn't load texture data\models\logos\logo35.dds for model logos.gam
I           m3dapp.cpp[1336]22/09 02:58:24 d3d: Cannot open data\models\logos\logo36.dds
I           m3dapp.cpp[1336]22/09 02:58:24 d3d: texmap failed to load: data\models\logos\logo36.dds
E       DraftModel.cpp[1002]22/09 02:58:24 Error: Couldn't load texture data\models\logos\logo36.dds for model logos.gam
I           m3dapp.cpp[1336]22/09 02:58:24 d3d: Cannot open data\models\logos\logo37.dds
I           m3dapp.cpp[1336]22/09 02:58:24 d3d: texmap failed to load: data\models\logos\logo37.dds
E       DraftModel.cpp[1002]22/09 02:58:24 Error: Couldn't load texture data\models\logos\logo37.dds for model logos.gam
I           m3dapp.cpp[1336]22/09 02:58:24 d3d: Cannot open data\models\logos\logo38.dds
I           m3dapp.cpp[1336]22/09 02:58:24 d3d: texmap failed to load: data\models\logos\logo38.dds
E       DraftModel.cpp[1002]22/09 02:58:24 Error: Couldn't load texture data\models\logos\logo38.dds for model logos.gam
I           m3dapp.cpp[1336]22/09 02:58:24 d3d: Cannot open data\models\logos\logo39.dds
I           m3dapp.cpp[1336]22/09 02:58:24 d3d: texmap failed to load: data\models\logos\logo39.dds
E       DraftModel.cpp[1002]22/09 02:58:24 Error: Couldn't load texture data\models\logos\logo39.dds for model logos.gam
I           m3dapp.cpp[1336]22/09 02:58:24 d3d: Cannot open data\models\logos\logo40.dds
I           m3dapp.cpp[1336]22/09 02:58:24 d3d: texmap failed to load: data\models\logos\logo40.dds
E       DraftModel.cpp[1002]22/09 02:58:24 Error: Couldn't load texture data\models\logos\logo40.dds for model logos.gam
I           m3dapp.cpp[1336]22/09 02:58:24 d3d: Cannot open data\models\logos\logo41.dds
I           m3dapp.cpp[1336]22/09 02:58:24 d3d: texmap failed to load: data\models\logos\logo41.dds
E       DraftModel.cpp[1002]22/09 02:58:24 Error: Couldn't load texture data\models\logos\logo41.dds for model logos.gam
I           m3dapp.cpp[1336]22/09 02:58:24 d3d: Cannot open data\models\logos\logo42.dds
I           m3dapp.cpp[1336]22/09 02:58:24 d3d: texmap failed to load: data\models\logos\logo42.dds
E       DraftModel.cpp[1002]22/09 02:58:24 Error: Couldn't load texture data\models\logos\logo42.dds for model logos.gam
I           m3dapp.cpp[1336]22/09 02:58:24 d3d: Cannot open data\models\logos\logo43.dds
I           m3dapp.cpp[1336]22/09 02:58:24 d3d: texmap failed to load: data\models\logos\logo43.dds
E       DraftModel.cpp[1002]22/09 02:58:24 Error: Couldn't load texture data\models\logos\logo43.dds for model logos.gam
I           m3dapp.cpp[1336]22/09 02:58:24 d3d: Cannot open data\models\logos\logo44.dds
I           m3dapp.cpp[1336]22/09 02:58:24 d3d: texmap failed to load: data\models\logos\logo44.dds
E       DraftModel.cpp[1002]22/09 02:58:24 Error: Couldn't load texture data\models\logos\logo44.dds for model logos.gam
I           m3dapp.cpp[1336]22/09 02:58:24 d3d: Cannot open data\models\logos\logo45.dds
I           m3dapp.cpp[1336]22/09 02:58:24 d3d: texmap failed to load: data\models\logos\logo45.dds
E       DraftModel.cpp[1002]22/09 02:58:24 Error: Couldn't load texture data\models\logos\logo45.dds for model logos.gam
I           m3dapp.cpp[1336]22/09 02:58:24 d3d: Cannot open data\models\logos\logo46.dds
I           m3dapp.cpp[1336]22/09 02:58:24 d3d: texmap failed to load: data\models\logos\logo46.dds
E       DraftModel.cpp[1002]22/09 02:58:24 Error: Couldn't load texture data\models\logos\logo46.dds for model logos.gam
I           m3dapp.cpp[1336]22/09 02:58:24 d3d: Cannot open data\models\logos\logo47.dds
I           m3dapp.cpp[1336]22/09 02:58:24 d3d: texmap failed to load: data\models\logos\logo47.dds
E       DraftModel.cpp[1002]22/09 02:58:24 Error: Couldn't load texture data\models\logos\logo47.dds for model logos.gam
I           m3dapp.cpp[1336]22/09 02:58:24 d3d: Cannot open data\models\logos\logo48.dds
I           m3dapp.cpp[1336]22/09 02:58:24 d3d: texmap failed to load: data\models\logos\logo48.dds
E       DraftModel.cpp[1002]22/09 02:58:24 Error: Couldn't load texture data\models\logos\logo48.dds for model logos.gam
I           m3dapp.cpp[1336]22/09 02:58:24 d3d: Cannot open data\models\logos\logo49.dds
I           m3dapp.cpp[1336]22/09 02:58:24 d3d: texmap failed to load: data\models\logos\logo49.dds
E       DraftModel.cpp[1002]22/09 02:58:24 Error: Couldn't load texture data\models\logos\logo49.dds for model logos.gam
I           m3dapp.cpp[1336]22/09 02:58:24 d3d: Cannot open data\models\logos\logo50.dds
I           m3dapp.cpp[1336]22/09 02:58:24 d3d: texmap failed to load: data\models\logos\logo50.dds
E       DraftModel.cpp[1002]22/09 02:58:24 Error: Couldn't load texture data\models\logos\logo50.dds for model logos.gam
I           m3dapp.cpp[1336]22/09 02:58:24 d3d: Cannot open data\models\logos\logo51.dds
I           m3dapp.cpp[1336]22/09 02:58:24 d3d: texmap failed to load: data\models\logos\logo51.dds
E       DraftModel.cpp[1002]22/09 02:58:24 Error: Couldn't load texture data\models\logos\logo51.dds for model logos.gam
I           m3dapp.cpp[1336]22/09 02:58:24 d3d: Cannot open data\models\logos\logo52.dds
I           m3dapp.cpp[1336]22/09 02:58:24 d3d: texmap failed to load: data\models\logos\logo52.dds
E       DraftModel.cpp[1002]22/09 02:58:24 Error: Couldn't load texture data\models\logos\logo52.dds for model logos.gam
I           m3dapp.cpp[1336]22/09 02:58:24 d3d: Cannot open data\models\logos\logo53.dds
I           m3dapp.cpp[1336]22/09 02:58:24 d3d: texmap failed to load: data\models\logos\logo53.dds
E       DraftModel.cpp[1002]22/09 02:58:24 Error: Couldn't load texture data\models\logos\logo53.dds for model logos.gam
I           m3dapp.cpp[1336]22/09 02:58:24 d3d: Cannot open data\models\logos\logo54.dds
I           m3dapp.cpp[1336]22/09 02:58:24 d3d: texmap failed to load: data\models\logos\logo54.dds
E       DraftModel.cpp[1002]22/09 02:58:24 Error: Couldn't load texture data\models\logos\logo54.dds for model logos.gam
I           m3dapp.cpp[1336]22/09 02:58:24 d3d: Cannot open data\models\logos\logo55.dds
I           m3dapp.cpp[1336]22/09 02:58:24 d3d: texmap failed to load: data\models\logos\logo55.dds
E       DraftModel.cpp[1002]22/09 02:58:24 Error: Couldn't load texture data\models\logos\logo55.dds for model logos.gam
I           m3dapp.cpp[1336]22/09 02:58:24 d3d: Cannot open data\models\logos\logo56.dds
I           m3dapp.cpp[1336]22/09 02:58:24 d3d: texmap failed to load: data\models\logos\logo56.dds
E       DraftModel.cpp[1002]22/09 02:58:24 Error: Couldn't load texture data\models\logos\logo56.dds for model logos.gam
I           m3dapp.cpp[1336]22/09 02:58:24 d3d: Cannot open data\models\logos\logo57.dds
I           m3dapp.cpp[1336]22/09 02:58:24 d3d: texmap failed to load: data\models\logos\logo57.dds
E       DraftModel.cpp[1002]22/09 02:58:24 Error: Couldn't load texture data\models\logos\logo57.dds for model logos.gam
I           m3dapp.cpp[1336]22/09 02:58:24 d3d: Cannot open data\models\logos\logo58.dds
I           m3dapp.cpp[1336]22/09 02:58:24 d3d: texmap failed to load: data\models\logos\logo58.dds
E       DraftModel.cpp[1002]22/09 02:58:24 Error: Couldn't load texture data\models\logos\logo58.dds for model logos.gam
I           m3dapp.cpp[1336]22/09 02:58:24 d3d: Cannot open data\models\logos\logo59.dds
I           m3dapp.cpp[1336]22/09 02:58:24 d3d: texmap failed to load: data\models\logos\logo59.dds
E       DraftModel.cpp[1002]22/09 02:58:24 Error: Couldn't load texture data\models\logos\logo59.dds for model logos.gam
I           m3dapp.cpp[1336]22/09 02:58:24 d3d: Cannot open data\models\logos\logo60.dds
I           m3dapp.cpp[1336]22/09 02:58:24 d3d: texmap failed to load: data\models\logos\logo60.dds
E       DraftModel.cpp[1002]22/09 02:58:24 Error: Couldn't load texture data\models\logos\logo60.dds for model logos.gam
I           m3dapp.cpp[1336]22/09 02:58:24 d3d: Cannot open data\models\logos\logo61.dds
I           m3dapp.cpp[1336]22/09 02:58:24 d3d: texmap failed to load: data\models\logos\logo61.dds
E       DraftModel.cpp[1002]22/09 02:58:24 Error: Couldn't load texture data\models\logos\logo61.dds for model logos.gam
I           m3dapp.cpp[1336]22/09 02:58:24 d3d: Cannot open data\models\logos\logo62.dds
I           m3dapp.cpp[1336]22/09 02:58:24 d3d: texmap failed to load: data\models\logos\logo62.dds
E       DraftModel.cpp[1002]22/09 02:58:24 Error: Couldn't load texture data\models\logos\logo62.dds for model logos.gam
I           m3dapp.cpp[1336]22/09 02:58:24 d3d: Cannot open data\models\logos\logo63.dds
I           m3dapp.cpp[1336]22/09 02:58:24 d3d: texmap failed to load: data\models\logos\logo63.dds
E       DraftModel.cpp[1002]22/09 02:58:24 Error: Couldn't load texture data\models\logos\logo63.dds for model logos.gam
I           m3dapp.cpp[1336]22/09 02:58:24 d3d: Cannot open data\models\logos\logo64.dds
I           m3dapp.cpp[1336]22/09 02:58:24 d3d: texmap failed to load: data\models\logos\logo64.dds
E       DraftModel.cpp[1002]22/09 02:58:24 Error: Couldn't load texture data\models\logos\logo64.dds for model logos.gam
I           m3dapp.cpp[1336]22/09 02:58:24 d3d: Cannot open data\models\logos\logo65.dds
I           m3dapp.cpp[1336]22/09 02:58:24 d3d: texmap failed to load: data\models\logos\logo65.dds
E       DraftModel.cpp[1002]22/09 02:58:24 Error: Couldn't load texture data\models\logos\logo65.dds for model logos.gam
I           m3dapp.cpp[1336]22/09 02:58:24 d3d: Cannot open data\models\logos\logo66.dds
I           m3dapp.cpp[1336]22/09 02:58:24 d3d: texmap failed to load: data\models\logos\logo66.dds
E       DraftModel.cpp[1002]22/09 02:58:24 Error: Couldn't load texture data\models\logos\logo66.dds for model logos.gam
I           m3dapp.cpp[1336]22/09 02:58:24 d3d: Cannot open data\models\logos\logo67.dds
I           m3dapp.cpp[1336]22/09 02:58:24 d3d: texmap failed to load: data\models\logos\logo67.dds
E       DraftModel.cpp[1002]22/09 02:58:24 Error: Couldn't load texture data\models\logos\logo67.dds for model logos.gam
I           m3dapp.cpp[1336]22/09 02:58:24 d3d: Cannot open data\models\logos\logo68.dds
I           m3dapp.cpp[1336]22/09 02:58:24 d3d: texmap failed to load: data\models\logos\logo68.dds
E       DraftModel.cpp[1002]22/09 02:58:24 Error: Couldn't load texture data\models\logos\logo68.dds for model logos.gam
I           m3dapp.cpp[1336]22/09 02:58:24 d3d: Cannot open data\models\logos\logo69.dds
I           m3dapp.cpp[1336]22/09 02:58:24 d3d: texmap failed to load: data\models\logos\logo69.dds
E       DraftModel.cpp[1002]22/09 02:58:24 Error: Couldn't load texture data\models\logos\logo69.dds for model logos.gam
I           m3dapp.cpp[1336]22/09 02:58:24 d3d: Cannot open data\models\logos\logo70.dds
I           m3dapp.cpp[1336]22/09 02:58:24 d3d: texmap failed to load: data\models\logos\logo70.dds
E       DraftModel.cpp[1002]22/09 02:58:24 Error: Couldn't load texture data\models\logos\logo70.dds for model logos.gam
I      gameimpulse.cpp[0288]22/09 02:58:25 Key bindings: were inited successfully
I           view32.cpp[0705]22/09 02:58:25 --- Init Media ---
I    GameUiManager.cpp[0303]22/09 02:58:25 Interface: is initializing...
I    GameUiManager.cpp[1580]22/09 02:58:25 Interface: clearing resource infos ...
I    GameUiManager.cpp[1491]22/09 02:58:25 Interface: loading resource infos ...
I    GameUiManager.cpp[1603]22/09 02:58:25 Interface: loading resources ...
I           m3dapp.cpp[1343]22/09 02:58:26 snd: Error: Can't Open SoundFile: 
I           m3dapp.cpp[1343]22/09 02:58:26 snd: Cannot open sound stream from file . Error: File not found, flags: 8272
I    GameUiManager.cpp[0395]22/09 02:58:26 Interface: is inited successfully
I        LevelInfo.cpp[0806]22/09 02:58:26 Level infos were loaded successfully from file data\if\diz\LevelInfo.xml
I        LevelInfo.cpp[0837]22/09 02:58:26 Error: could't open data\maps\r1m8.ssl file
E        LevelInfo.cpp[0749]22/09 02:58:26 LevelInfoManager was inited with errors
I   TruxxUiManager.cpp[0191]22/09 02:58:26 TruxxUiManager: was inited successfully
I      gameimpulse.cpp[0618]22/09 02:58:29 Key bindings: unbind all is done
I      gameimpulse.cpp[0324]22/09 02:58:29 Key bindings: were loaded successfully from file data\scripts\DefaultKeyBindings.lua
I      gameimpulse.cpp[1194]22/09 02:58:29 Key bindings: were bind from defaults
I            video.cpp[0704]22/09 02:58:30 Could not load specified video file: data\video\logobuka.wmv (hr = 80070003)
I     view32_video.cpp[0061]22/09 02:58:30 Error: couldn't load video 'data\video\logobuka.wmv'
I            video.cpp[0704]22/09 02:58:30 Could not load specified video file: data\video\logotargem.wmv (hr = 80070003)
I     view32_video.cpp[0061]22/09 02:58:30 Error: couldn't load video 'data\video\logotargem.wmv'
I            video.cpp[0704]22/09 02:58:30 Could not load specified video file: data\video\INTRO_RUS_FIELD.wmv (hr = 80070003)
I     view32_video.cpp[0061]22/09 02:58:30 Error: couldn't load video 'data\video\INTRO_RUS_FIELD.wmv'
I             core.lua[0013]22/09 02:58:30 IMPROVED STORYLINE V1.0.5.3 ORIGINAL BUILD 220422
I           m3dapp.cpp[1808]22/09 02:58:30 ----------------------- Engine inited in: 0
I          Profile.cpp[0602]22/09 02:58:30 Profile "Игрок" set
I   TruxxUiManager.cpp[1422]22/09 02:58:30 Game mode changed. Old mode = 3, new mode = 2
I        SplashWnd.cpp[0244]22/09 02:58:30 Start splashing 11
I           view32.cpp[1048]22/09 02:58:30 -- Loading Level: data\maps\mainmenu.ssl --
I            world.cpp[0132]22/09 02:58:30 ----------------------- World Loading
F        landscape.cpp[1674]22/09 02:58:30  +- Enter function: Landscape::Load()
I        landscape.cpp[1911]22/09 02:58:30  |  ----------------------- Normal map loaded in: 12
I        landscape.cpp[1920]22/09 02:58:30  |  ----------------------- Tiles loaded in: 39
I        landscape.cpp[1944]22/09 02:58:31  |  ----------------------- ShoreLine loaded in: 13
F        landscape.cpp[1944]22/09 02:58:31  +- Exit function: Landscape::Load()
I            world.cpp[0169]22/09 02:58:31 ----------------------- Landscape loaded in: 340
I       DataServer.cpp[0587]22/09 02:58:31 Loading Servers: data\maps\MainMenu\servers.xml
I serverAnimatedModel.cpp[0630]22/09 02:58:33 ### Total time: 2449, GAM time: 796
I       DataServer.cpp[0587]22/09 02:58:33 Loading Servers: data\models\commonservers.xml
E      serverMusic.cpp[0216]22/09 02:58:36 MusicServer: cannot read file: data\music\music.xml id = 'LaBelleTown'
E      serverMusic.cpp[0216]22/09 02:58:36 MusicServer: cannot read file: data\music\music.xml id = 'block6_driving2'
I            world.cpp[0210]22/09 02:58:37 ----------------------- Servers loaded in: 6055
I            world.cpp[0338]22/09 02:58:37 LoadWorld begin...
I            world.cpp[0350]22/09 02:58:37 %%%% read/parse xml: 44
I            world.cpp[0362]22/09 02:58:37 %%%% read from xml: 9
E    PlayerPassMap.cpp[0139]22/09 02:58:37 Couldn't load player pass map from file data\maps\MainMenu\player_passmap.xml
I            world.cpp[0444]22/09 02:58:37 %%%% link nodes: 36
I            world.cpp[0220]22/09 02:58:37 ----------------------- Nodes loaded in: 93
I            world.cpp[0228]22/09 02:58:37 ----------------------- Prefabs loaded in: 0
I            world.cpp[0247]22/09 02:58:37 ----------------------- World loaded in: 6894
I            world.cpp[0278]22/09 02:58:37 ----------------------- Roads loaded in: 273
I           view32.cpp[1078]22/09 02:58:38 Load Server begin...
I   TruxxUiManager.cpp[0974]22/09 02:58:38 Interface: is loaded successfully
I           server.cpp[0789]22/09 02:58:38 AI: Loading Server...
I           server.cpp[0796]22/09 02:58:38 	AI: Loading Relationship
I     Relationship.cpp[0134]22/09 02:58:38 		 File readed
I           server.cpp[0801]22/09 02:58:38 	AI: Loading SoilProps
I           server.cpp[0804]22/09 02:58:38 	AI: Loading ExternalPaths
I           server.cpp[0807]22/09 02:58:38 	AI: Loading PlayerPassMap
E    PlayerPassMap.cpp[0139]22/09 02:58:38 Couldn't load player pass map from file data\maps\MainMenu\player_passmap.xml
I           server.cpp[0813]22/09 02:58:38 	AI: Loading GameObjects
I           server.cpp[0816]22/09 02:58:38 	AI: Initializing VehicleGeneratorInfoCache
I           server.cpp[0820]22/09 02:58:38 	AI: Refreshing GameObjects
I           server.cpp[0824]22/09 02:58:38 	AI: Loading QuestStates
I       QuestState.cpp[0904]22/09 02:58:38 Quest 'Human1_Quest1' can be given now
I       QuestState.cpp[0904]22/09 02:58:38 Quest 'Human1_Quest2' can be given now
I       QuestState.cpp[0904]22/09 02:58:38 Quest 'BenGoodEnd' can be given now
I       QuestState.cpp[0904]22/09 02:58:38 Quest 'q_PlaceWithSign' can be given now
I       QuestState.cpp[0904]22/09 02:58:38 Quest 'r3m2_OracleMemory' can be given now
I       QuestState.cpp[0904]22/09 02:58:38 Quest 'r3m2_TalkWithLisa' can be given now
I       QuestState.cpp[0904]22/09 02:58:38 Quest 'r3m2_TalkWithBenAboutCarAfterOracul' can be given now
I       QuestState.cpp[0904]22/09 02:58:38 Quest 'r3m2_FindInfoAboutFather' can be given now
I       QuestState.cpp[0904]22/09 02:58:38 Quest 'r3m1_LureMainDriud' can be given now
I       QuestState.cpp[0904]22/09 02:58:38 Quest 'r3m1_ClearSanctuary' can be given now
I       QuestState.cpp[0904]22/09 02:58:38 Quest 'r3m1_KnowAboutUluk' can be given now
I       QuestState.cpp[0904]22/09 02:58:38 Quest 'r3m1_RescueUlukCivil' can be given now
I       QuestState.cpp[0904]22/09 02:58:38 Quest 'q_VisitDruid' can be given now
I       QuestState.cpp[0904]22/09 02:58:38 Quest 'r2m2_Znaki2_Quest' can be given now
I       QuestState.cpp[0904]22/09 02:58:38 Quest 'r2m2_HeadsHunterQuest' can be given now
I       QuestState.cpp[0904]22/09 02:58:38 Quest 'r2m2_OldDvigatel1_Quest' can be given now
I       QuestState.cpp[0904]22/09 02:58:38 Quest 'r2m2_OldDvigatel2_Quest' can be given now
I       QuestState.cpp[0904]22/09 02:58:38 Quest 'r2m2_FightFelix' can be given now
I       QuestState.cpp[0904]22/09 02:58:38 Quest 'r2m2_ReturnToMarecciaFromCastle' can be given now
I       QuestState.cpp[0904]22/09 02:58:38 Quest 'r2m2_FightWithAxelInArena_Quest' can be given now
I       QuestState.cpp[0904]22/09 02:58:38 Quest 'r2m2_FindLisAfterAxelAndFatherDie_Quest' can be given now
I       QuestState.cpp[0904]22/09 02:58:38 Quest 'r2m2_ToLisaToMonastir' can be given now
I       QuestState.cpp[0904]22/09 02:58:38 Quest 'r2m2_FightLisaToMonastir' can be given now
I       QuestState.cpp[0904]22/09 02:58:38 Quest 'r2m2_GiveDisk2ToOrakul' can be given now
I       QuestState.cpp[0904]22/09 02:58:38 Quest 'MrShlyapa3_Quest' can be given now
I       QuestState.cpp[0904]22/09 02:58:38 Quest 'r2m1_ArtAntipod_Quest' can be given now
I       QuestState.cpp[0904]22/09 02:58:38 Quest 'r2m1_TakeNarcotics_Quest' can be given now
I       QuestState.cpp[0904]22/09 02:58:38 Quest 'r2m1_KillGodFather_Quest' can be given now
I       QuestState.cpp[0904]22/09 02:58:38 Quest 'MrShlyapaSecret' can be given now
I       QuestState.cpp[0904]22/09 02:58:38 Quest 'd_GetSupportOneOfTheBands2_Quest' can be given now
I       QuestState.cpp[0904]22/09 02:58:38 Quest 'd_GetSupportOneOfTheBands1_Quest' can be given now
I       QuestState.cpp[0904]22/09 02:58:38 Quest 'd_FindVerbInAR_Quest' can be given now
I       QuestState.cpp[0904]22/09 02:58:38 Quest 'd_FindVerbInSNG_Quest' can be given now
I       QuestState.cpp[0904]22/09 02:58:38 Quest 'd_PatrulSideSNG_Quest' can be given now
I       QuestState.cpp[0904]22/09 02:58:38 Quest 'd_TakeGeneralOfBandits_Quest' can be given now
I       QuestState.cpp[0904]22/09 02:58:38 Quest 'r2m1_TW_AlienInShip' can be given now
I       QuestState.cpp[0904]22/09 02:58:38 Quest 'Podderzhka_Quest' can be given now
I       QuestState.cpp[0904]22/09 02:58:38 Quest 'Zashita_Quest' can be given now
I       QuestState.cpp[0904]22/09 02:58:38 Quest 'preEretik_Quest' can be given now
I       QuestState.cpp[0904]22/09 02:58:38 Quest 'ReturnQuest' can be given now
I       QuestState.cpp[0904]22/09 02:58:38 Quest 'd_FindVerbInAM_Quest' can be given now
I       QuestState.cpp[0904]22/09 02:58:38 Quest 'OdettIsDead_Quest' can be given now
I       QuestState.cpp[0904]22/09 02:58:38 Quest 'Disk2OrakulLisa' can be given now
I       QuestState.cpp[0904]22/09 02:58:38 Quest 'FindGomerB_Quest1' can be given now
I       QuestState.cpp[0904]22/09 02:58:38 Quest 'FreeExtremistLeader_Quest1' can be given now
I       QuestState.cpp[0904]22/09 02:58:38 Quest 'KillExtremist_Quest1' can be given now
I       QuestState.cpp[0904]22/09 02:58:38 Quest 'r1m4_TalkWithOldTraderAboutSecondDisk' can be given now
I       QuestState.cpp[0904]22/09 02:58:38 Quest 'q_FindHusbent' can be given now
I       QuestState.cpp[0904]22/09 02:58:38 Quest 'RybakToOlm_Quest' can be given now
I       QuestState.cpp[0904]22/09 02:58:38 Quest 'AnanagaTech_Quest' can be given now
I       QuestState.cpp[0904]22/09 02:58:38 Quest 'MrShlyapa2_Quest' can be given now
I       QuestState.cpp[0904]22/09 02:58:38 Quest 'ToCordanToTikhomir_Quest' can be given now
I       QuestState.cpp[0904]22/09 02:58:38 Quest 'r1m3_BonnyAndKlideQuest' can be given now
I       QuestState.cpp[0904]22/09 02:58:38 Quest 'r1m3_ArchHelp' can be given now
I       QuestState.cpp[0904]22/09 02:58:38 Quest 'r1m3_CrazyManQuest' can be given now
I       QuestState.cpp[0904]22/09 02:58:38 Quest 'r1m3_OldTownOutsiderCar2_Quest' can be given now
I       QuestState.cpp[0904]22/09 02:58:38 Quest 'FightForPesht' can be given now
I       QuestState.cpp[0904]22/09 02:58:38 Quest 'd_RideAcrossBase_Quest' can be given now
I       QuestState.cpp[0904]22/09 02:58:38 Quest 'd_GiveMoneyToBase_Quest' can be given now
I       QuestState.cpp[0904]22/09 02:58:38 Quest 'd_GetBomb_Quest' can be given now
I       QuestState.cpp[0904]22/09 02:58:38 Quest 'd_IntrigaOfMerMinin_Quest' can be given now
I       QuestState.cpp[0904]22/09 02:58:38 Quest 'd_MoveFreelancersToOilMine_Quest' can be given now
I       QuestState.cpp[0904]22/09 02:58:38 Quest 'd_MoveCanistraToMinin_Quest' can be given now
I       QuestState.cpp[0904]22/09 02:58:38 Quest 'd_OpenTunel_Quest' can be given now
I       QuestState.cpp[0904]22/09 02:58:38 Quest 'r1m3_TalkWithThiefFromFatherHouse' can be given now
I       QuestState.cpp[0904]22/09 02:58:38 Quest 'r1m3_MoveToOraculAfterThief' can be given now
I       QuestState.cpp[0904]22/09 02:58:38 Quest 'r1m3_ToLisaToAsgard' can be given now
I       QuestState.cpp[0904]22/09 02:58:38 Quest 'r1m3_TW_OralceAboutAlien' can be given now
I       QuestState.cpp[0904]22/09 02:58:38 Quest 'r1m3_DestroyRadiationSource' can be given now
I       QuestState.cpp[0904]22/09 02:58:38 Quest 'r2m1_DestroyAlienShip' can be given now
I       QuestState.cpp[0904]22/09 02:58:38 Quest 'd_PayWorkersMoney_Quest' can be given now
I       QuestState.cpp[0904]22/09 02:58:38 Quest 'r2m1_TW_SellsCivilian' can be given now
I       QuestState.cpp[0904]22/09 02:58:38 Quest 'MorskieVrata2_Quest' can be given now
I       QuestState.cpp[0904]22/09 02:58:38 Quest 'Zachisti1_Quest' can be given now
I       QuestState.cpp[0904]22/09 02:58:38 Quest 'LisaVPeshte' can be given now
I       QuestState.cpp[0904]22/09 02:58:38 Quest 'LisaUBena' can be given now
I       QuestState.cpp[0904]22/09 02:58:38 Quest 'WhereSigns_Quest' can be given now
I       QuestState.cpp[0904]22/09 02:58:38 Quest 'CombatInKollizey_Quest' can be given now
I       QuestState.cpp[0904]22/09 02:58:38 Quest 'BuyKollizey_Quest' can be given now
I       QuestState.cpp[0904]22/09 02:58:38 Quest 'Kollizey_Quest' can be given now
I       QuestState.cpp[0904]22/09 02:58:38 Quest 'HelpRuins_Quest' can be given now
I       QuestState.cpp[0904]22/09 02:58:38 Quest 'DestroyRuins_Quest' can be given now
I       QuestState.cpp[0904]22/09 02:58:38 Quest 'DestroyRuins2_Quest' can be given now
I       QuestState.cpp[0904]22/09 02:58:38 Quest 'Signs_Quest' can be given now
I       QuestState.cpp[0904]22/09 02:58:38 Quest 'MrShlyapa1_Quest' can be given now
I       QuestState.cpp[0904]22/09 02:58:38 Quest 'FindBen2_Quest' can be given now
I       QuestState.cpp[0904]22/09 02:58:38 Quest 'd_FindHouseOfBen_Quest' can be given now
I       QuestState.cpp[0904]22/09 02:58:38 Quest 'r1m2_TW_BanAboutAlien' can be given now
I       QuestState.cpp[0904]22/09 02:58:38 Quest 'r1m3_DestroyOracle' can be given now
I       QuestState.cpp[0904]22/09 02:58:38 Quest 'Pomiritsa_Quest' can be given now
I       QuestState.cpp[0904]22/09 02:58:38 Quest 'VYar_Quest' can be given now
I       QuestState.cpp[0904]22/09 02:58:38 Quest 'FindBenMZ_Quest' can be given now
I       QuestState.cpp[0904]22/09 02:58:38 Quest 'QuickFindBen' can be given now
I       QuestState.cpp[0904]22/09 02:58:38 Quest 'OpenMid_Quest' can be given now
I       QuestState.cpp[0904]22/09 02:58:38 Quest 'TalkBeforeDesert' can be given now
I       QuestState.cpp[0904]22/09 02:58:38 Quest 'ZashitaGotova' can be given now
I       QuestState.cpp[0904]22/09 02:58:38 Quest 'FakeQuest1' can be given now
I       QuestState.cpp[0904]22/09 02:58:38 Quest 'Chehly_Quest' can be given now
I       QuestState.cpp[0904]22/09 02:58:38 Quest 'WorkGiver_Quest1' can be given now
I       QuestState.cpp[0904]22/09 02:58:38 Quest 'd_PunishBandits_Quest' can be given now
I       QuestState.cpp[0904]22/09 02:58:38 Quest 'r1m1_Hospital_Quest' can be given now
I       QuestState.cpp[0904]22/09 02:58:38 Quest 'r1m1_Botanik_Quest' can be given now
I       QuestState.cpp[0904]22/09 02:58:38 Quest 'r1m1_FindBotanik_Quest' can be given now
I       QuestState.cpp[0904]22/09 02:58:38 Quest 'Buyer_Quest1' can be given now
I       QuestState.cpp[0904]22/09 02:58:38 Quest 'FirstTimePlay' can be given now
I       QuestState.cpp[0904]22/09 02:58:38 Quest 'TalkWithFather_Quest' can be given now
I       QuestState.cpp[0904]22/09 02:58:38 Quest 'LisaAtSouth' can be given now
I       QuestState.cpp[0904]22/09 02:58:38 Quest 'FindBen_Quest' can be given now
I       QuestState.cpp[0904]22/09 02:58:38 Quest 'FindBenAgain_Quest' can be given now
I       QuestState.cpp[0904]22/09 02:58:38 Quest 'd_SinFather_Quest' can be given now
I       QuestState.cpp[0904]22/09 02:58:38 Quest 'TalkToVasily' can be given now
I       QuestState.cpp[0904]22/09 02:58:38 Quest 'CheckTheEast' can be given now
I       QuestState.cpp[0904]22/09 02:58:38 Quest 'BenSouth_Quest' can be given now
I           server.cpp[0826]22/09 02:58:38 	AI: QuestStates loaded
I           server.cpp[0828]22/09 02:58:38 	AI: Loading DynamicScene
I     DynamicScene.cpp[1470]22/09 02:58:38 		 Scene loading begin
I     DynamicScene.cpp[1472]22/09 02:58:38 		 Scene loading end
I           server.cpp[0837]22/09 02:58:38 	AI: DynamicScene loaded
I           server.cpp[0852]22/09 02:58:38 	AI: Loading Triggers
E           server.cpp[1242]22/09 02:58:38 Error: cannot open data\maps\MainMenu\
I           server.cpp[0855]22/09 02:58:38 	AI: Triggers loaded
I           server.cpp[0857]22/09 02:58:38 	AI: Loading Object Names
E     ObjContainer.cpp[1104]22/09 02:58:38 Error: cannot open data\maps\MainMenu\object_names.xml
I           server.cpp[0868]22/09 02:58:38 	AI: Initing Player
I           server.cpp[0888]22/09 02:58:38 		Before first Update
I   TruxxUiManager.cpp[1422]22/09 02:58:38 Game mode changed. Old mode = 2, new mode = 1
I           server.cpp[0909]22/09 02:58:38 		After first Update
I           server.cpp[0911]22/09 02:58:38 AI: Finished Loading Server
I           view32.cpp[1106]22/09 02:58:38 Load server end
I        QuestInfo.cpp[0847]22/09 02:58:38 Quest infos were loaded successfully from file data\if\diz\QuestInfoGlobal.xml
I        QuestInfo.cpp[0783]22/09 02:58:38 QuestInfo manager was inited successfully
I       MsgManager.cpp[0391]22/09 02:58:38 Can't open file data\maps\MainMenu\strings.xml for read.
I    GameUiManager.cpp[0303]22/09 02:58:38 Interface: is initializing...
I    GameUiManager.cpp[0405]22/09 02:58:38 Interface: is clearing...
I    GameUiManager.cpp[0495]22/09 02:58:38 Interface: is cleared successfully
I    GameUiManager.cpp[0395]22/09 02:58:38 Interface: is inited successfully
I blockMusicManager.cpp[0199]22/09 02:58:38 BlockMusicManager: resetting
I      gameimpulse.cpp[0618]22/09 02:58:38 Key bindings: unbind all is done
I        scriptlet.cpp[0045]22/09 02:58:38 Could not open script file data\profiles\игрок\keybindings.lua
I      gameimpulse.cpp[0318]22/09 02:58:38 Key bindings: loading error - (data\profiles\игрок\keybindings.lua @ 0): file not found or could not be read 
I      gameimpulse.cpp[1217]22/09 02:58:38 Key bindings: error loading from profile file; load defaults instead
I      gameimpulse.cpp[0618]22/09 02:58:38 Key bindings: unbind all is done
I      gameimpulse.cpp[0324]22/09 02:58:38 Key bindings: were loaded successfully from file data\scripts\DefaultKeyBindings.lua
I      gameimpulse.cpp[1194]22/09 02:58:38 Key bindings: were bind from defaults
I        SplashWnd.cpp[0244]22/09 02:58:53 Start splashing 11
I   TruxxUiManager.cpp[1422]22/09 02:58:53 Game mode changed. Old mode = 1, new mode = 0
I    GameUiManager.cpp[0405]22/09 02:58:53 Interface: is clearing...
I    GameUiManager.cpp[0495]22/09 02:58:54 Interface: is cleared successfully
I           view32.cpp[1048]22/09 02:58:54 -- Loading Level: data\maps\r1m0.ssl --
I            world.cpp[0132]22/09 02:58:54 ----------------------- World Loading
F        landscape.cpp[1674]22/09 02:58:54  +- Enter function: Landscape::Load()
I        landscape.cpp[1911]22/09 02:58:54  |  ----------------------- Normal map loaded in: 7
I        landscape.cpp[1920]22/09 02:58:54  |  ----------------------- Tiles loaded in: 51
I        landscape.cpp[1944]22/09 02:58:54  |  ----------------------- ShoreLine loaded in: 1
F        landscape.cpp[1944]22/09 02:58:54  +- Exit function: Landscape::Load()
I            world.cpp[0169]22/09 02:58:54 ----------------------- Landscape loaded in: 324
I       DataServer.cpp[0587]22/09 02:58:54 Loading Servers: data\models\servers.xml
E        GamParser.cpp[0399]22/09 02:58:54 AnimatedModel::LoadGAM -- cannot open file data\models\objects\dweller_debik.gam
E        GamParser.cpp[0399]22/09 02:58:57 AnimatedModel::LoadGAM -- cannot open file data\models\Masks\Main\mask_debik.gam
E       DraftModel.cpp[1002]22/09 02:59:01 Error: Couldn't load texture data\models\vehicles\belaz\cab01_mt.dds for model cargov1.gam
E       DraftModel.cpp[1002]22/09 02:59:01 Error: Couldn't load texture data\models\vehicles\belaz\cab01_mt.dds for model cargov1.gam
E       DraftModel.cpp[1002]22/09 02:59:01 Error: Couldn't load texture data\models\vehicles\belaz\cab01_mt.dds for model cargov1.gam
E       DraftModel.cpp[1002]22/09 02:59:01 Error: Couldn't load texture data\models\vehicles\belaz\cab01_mt.dds for model cargov1.gam
E       DraftModel.cpp[1002]22/09 02:59:01 Error: Couldn't load texture data\models\vehicles\belaz\cab01_mt.dds for model cargov1.gam
E       DraftModel.cpp[1002]22/09 02:59:01 Error: Couldn't load texture data\models\vehicles\belaz\cab01_mt.dds for model cargov1.gam
E       DraftModel.cpp[1002]22/09 02:59:01 Error: Couldn't load texture data\models\vehicles\belaz\cab01_mt.dds for model cargov1.gam
E       DraftModel.cpp[1002]22/09 02:59:01 Error: Couldn't load texture data\models\vehicles\belaz\cab01_mt.dds for model cargov1.gam
E       DraftModel.cpp[1002]22/09 02:59:01 Error: Couldn't load texture data\models\vehicles\belaz\cab01_mt.dds for model cargov1.gam
E serverAnimatedModel.cpp[0627]22/09 02:59:06 ServerAnimatedModels: cannot read file: file:data\models\AnimModels.xml id = dweller_brodyaga
E serverAnimatedModel.cpp[0627]22/09 02:59:06 ServerAnimatedModels: cannot read file: file:data\models\AnimModels.xml id = mask_debik
E serverAnimatedModel.cpp[0627]22/09 02:59:06 ServerAnimatedModels: cannot read file: file:data\models\AnimModels.xml id = big_brock_wall
E serverAnimatedModel.cpp[0627]22/09 02:59:06 ServerAnimatedModels: cannot read file: file:data\models\AnimModels.xml id = dub1_r2
E serverAnimatedModel.cpp[0627]22/09 02:59:06 ServerAnimatedModels: cannot read file: file:data\models\AnimModels.xml id = boss_barrel
I serverAnimatedModel.cpp[0630]22/09 02:59:06 ### Total time: 11747, GAM time: 10764
I       DataServer.cpp[0587]22/09 02:59:06 Loading Servers: data\models\commonservers.xml
E      serverMusic.cpp[0216]22/09 02:59:06 MusicServer: cannot read file: data\music\music.xml id = 'LaBelleTown'
E      serverMusic.cpp[0216]22/09 02:59:06 MusicServer: cannot read file: data\music\music.xml id = 'block6_driving2'
I            world.cpp[0210]22/09 02:59:07 ----------------------- Servers loaded in: 12698
I            world.cpp[0338]22/09 02:59:07 LoadWorld begin...
I            world.cpp[0350]22/09 02:59:07 %%%% read/parse xml: 175
I            world.cpp[0362]22/09 02:59:07 %%%% read from xml: 176
I            world.cpp[0444]22/09 02:59:07 %%%% link nodes: 93
I            world.cpp[0220]22/09 02:59:07 ----------------------- Nodes loaded in: 450
I            world.cpp[0228]22/09 02:59:07 ----------------------- Prefabs loaded in: 2
I            world.cpp[0247]22/09 02:59:08 ----------------------- World loaded in: 13946
E        GamParser.cpp[0399]22/09 02:59:08 AnimatedModel::LoadGAM -- cannot open file data\models\roads\road_small_highway\small_highway_end.gam-
I      roadManager.cpp[0139]22/09 02:59:08 RoadManager error( model not loaded ): data\models\roads\road_small_highway\small_highway_end.gam-
I            world.cpp[0278]22/09 02:59:08 ----------------------- Roads loaded in: 361
I           view32.cpp[1078]22/09 02:59:08 Load Server begin...
I            Reply.cpp[0415]22/09 02:59:09 Replies were loaded successfully from file data\if\diz\DialogsGlobal.xml
I            Reply.cpp[0415]22/09 02:59:09 Replies were loaded successfully from file data\if\diz\DynamicDialogsGlobal.xml
I            Reply.cpp[0343]22/09 02:59:09 RepliesManager was inited successfully
I    GameUiManager.cpp[1603]22/09 02:59:09 Interface: loading resources ...
I     ObjectsIcons.cpp[0198]22/09 02:59:12 ObjectsIcons::AddIcon warning - ico with id SpeedPointer already exists and wiil be replaced
I    GameUiManager.cpp[1603]22/09 02:59:16 Interface: loading resources ...
I   TruxxUiManager.cpp[0974]22/09 02:59:16 Interface: is loaded successfully
I           server.cpp[0789]22/09 02:59:16 AI: Loading Server...
I           server.cpp[0796]22/09 02:59:16 	AI: Loading Relationship
I     Relationship.cpp[0134]22/09 02:59:16 		 File readed
I           server.cpp[0801]22/09 02:59:16 	AI: Loading SoilProps
I           server.cpp[0804]22/09 02:59:16 	AI: Loading ExternalPaths
I           server.cpp[0807]22/09 02:59:16 	AI: Loading PlayerPassMap
I           server.cpp[0813]22/09 02:59:16 	AI: Loading GameObjects
I           server.cpp[0816]22/09 02:59:16 	AI: Initializing VehicleGeneratorInfoCache
I           server.cpp[0820]22/09 02:59:16 	AI: Refreshing GameObjects
E      VehiclePart.cpp[0138]22/09 02:59:16 Error: collision geom in vehicle part name = 'boss04station' is not BOX
E      VehiclePart.cpp[0138]22/09 02:59:17 Error: collision geom in vehicle part name = 'heavy_dot1' is not BOX
I           server.cpp[0824]22/09 02:59:17 	AI: Loading QuestStates
I       QuestState.cpp[0904]22/09 02:59:17 Quest 'Human1_Quest1' can be given now
I       QuestState.cpp[0904]22/09 02:59:17 Quest 'Human1_Quest2' can be given now
I       QuestState.cpp[0904]22/09 02:59:17 Quest 'BenGoodEnd' can be given now
I       QuestState.cpp[0904]22/09 02:59:17 Quest 'q_PlaceWithSign' can be given now
I       QuestState.cpp[0904]22/09 02:59:17 Quest 'r3m2_OracleMemory' can be given now
I       QuestState.cpp[0904]22/09 02:59:17 Quest 'r3m2_TalkWithLisa' can be given now
I       QuestState.cpp[0904]22/09 02:59:17 Quest 'r3m2_TalkWithBenAboutCarAfterOracul' can be given now
I       QuestState.cpp[0904]22/09 02:59:17 Quest 'r3m2_FindInfoAboutFather' can be given now
I       QuestState.cpp[0904]22/09 02:59:17 Quest 'r3m1_LureMainDriud' can be given now
I       QuestState.cpp[0904]22/09 02:59:17 Quest 'r3m1_ClearSanctuary' can be given now
I       QuestState.cpp[0904]22/09 02:59:17 Quest 'r3m1_KnowAboutUluk' can be given now
I       QuestState.cpp[0904]22/09 02:59:17 Quest 'r3m1_RescueUlukCivil' can be given now
I       QuestState.cpp[0904]22/09 02:59:17 Quest 'q_VisitDruid' can be given now
I       QuestState.cpp[0904]22/09 02:59:17 Quest 'r2m2_Znaki2_Quest' can be given now
I       QuestState.cpp[0904]22/09 02:59:17 Quest 'r2m2_HeadsHunterQuest' can be given now
I       QuestState.cpp[0904]22/09 02:59:17 Quest 'r2m2_OldDvigatel1_Quest' can be given now
I       QuestState.cpp[0904]22/09 02:59:17 Quest 'r2m2_OldDvigatel2_Quest' can be given now
I       QuestState.cpp[0904]22/09 02:59:17 Quest 'r2m2_FightFelix' can be given now
I       QuestState.cpp[0904]22/09 02:59:17 Quest 'r2m2_ReturnToMarecciaFromCastle' can be given now
I       QuestState.cpp[0904]22/09 02:59:17 Quest 'r2m2_FightWithAxelInArena_Quest' can be given now
I       QuestState.cpp[0904]22/09 02:59:17 Quest 'r2m2_FindLisAfterAxelAndFatherDie_Quest' can be given now
I       QuestState.cpp[0904]22/09 02:59:17 Quest 'r2m2_ToLisaToMonastir' can be given now
I       QuestState.cpp[0904]22/09 02:59:17 Quest 'r2m2_FightLisaToMonastir' can be given now
I       QuestState.cpp[0904]22/09 02:59:17 Quest 'r2m2_GiveDisk2ToOrakul' can be given now
I       QuestState.cpp[0904]22/09 02:59:17 Quest 'MrShlyapa3_Quest' can be given now
I       QuestState.cpp[0904]22/09 02:59:17 Quest 'r2m1_ArtAntipod_Quest' can be given now
I       QuestState.cpp[0904]22/09 02:59:17 Quest 'r2m1_TakeNarcotics_Quest' can be given now
I       QuestState.cpp[0904]22/09 02:59:17 Quest 'r2m1_KillGodFather_Quest' can be given now
I       QuestState.cpp[0904]22/09 02:59:17 Quest 'MrShlyapaSecret' can be given now
I       QuestState.cpp[0904]22/09 02:59:17 Quest 'd_GetSupportOneOfTheBands2_Quest' can be given now
I       QuestState.cpp[0904]22/09 02:59:17 Quest 'd_GetSupportOneOfTheBands1_Quest' can be given now
I       QuestState.cpp[0904]22/09 02:59:17 Quest 'd_FindVerbInAR_Quest' can be given now
I       QuestState.cpp[0904]22/09 02:59:17 Quest 'd_FindVerbInSNG_Quest' can be given now
I       QuestState.cpp[0904]22/09 02:59:17 Quest 'd_PatrulSideSNG_Quest' can be given now
I       QuestState.cpp[0904]22/09 02:59:17 Quest 'd_TakeGeneralOfBandits_Quest' can be given now
I       QuestState.cpp[0904]22/09 02:59:17 Quest 'r2m1_TW_AlienInShip' can be given now
I       QuestState.cpp[0904]22/09 02:59:17 Quest 'Podderzhka_Quest' can be given now
I       QuestState.cpp[0904]22/09 02:59:17 Quest 'Zashita_Quest' can be given now
I       QuestState.cpp[0904]22/09 02:59:17 Quest 'preEretik_Quest' can be given now
I       QuestState.cpp[0904]22/09 02:59:17 Quest 'ReturnQuest' can be given now
I       QuestState.cpp[0904]22/09 02:59:17 Quest 'd_FindVerbInAM_Quest' can be given now
I       QuestState.cpp[0904]22/09 02:59:17 Quest 'OdettIsDead_Quest' can be given now
I       QuestState.cpp[0904]22/09 02:59:17 Quest 'Disk2OrakulLisa' can be given now
I       QuestState.cpp[0904]22/09 02:59:17 Quest 'FindGomerB_Quest1' can be given now
I       QuestState.cpp[0904]22/09 02:59:17 Quest 'FreeExtremistLeader_Quest1' can be given now
I       QuestState.cpp[0904]22/09 02:59:17 Quest 'KillExtremist_Quest1' can be given now
I       QuestState.cpp[0904]22/09 02:59:17 Quest 'r1m4_TalkWithOldTraderAboutSecondDisk' can be given now
I       QuestState.cpp[0904]22/09 02:59:17 Quest 'q_FindHusbent' can be given now
I       QuestState.cpp[0904]22/09 02:59:17 Quest 'RybakToOlm_Quest' can be given now
I       QuestState.cpp[0904]22/09 02:59:17 Quest 'AnanagaTech_Quest' can be given now
I       QuestState.cpp[0904]22/09 02:59:17 Quest 'MrShlyapa2_Quest' can be given now
I       QuestState.cpp[0904]22/09 02:59:17 Quest 'ToCordanToTikhomir_Quest' can be given now
I       QuestState.cpp[0904]22/09 02:59:17 Quest 'r1m3_BonnyAndKlideQuest' can be given now
I       QuestState.cpp[0904]22/09 02:59:17 Quest 'r1m3_ArchHelp' can be given now
I       QuestState.cpp[0904]22/09 02:59:17 Quest 'r1m3_CrazyManQuest' can be given now
I       QuestState.cpp[0904]22/09 02:59:17 Quest 'r1m3_OldTownOutsiderCar2_Quest' can be given now
I       QuestState.cpp[0904]22/09 02:59:17 Quest 'FightForPesht' can be given now
I       QuestState.cpp[0904]22/09 02:59:17 Quest 'd_RideAcrossBase_Quest' can be given now
I       QuestState.cpp[0904]22/09 02:59:17 Quest 'd_GiveMoneyToBase_Quest' can be given now
I       QuestState.cpp[0904]22/09 02:59:17 Quest 'd_GetBomb_Quest' can be given now
I       QuestState.cpp[0904]22/09 02:59:17 Quest 'd_IntrigaOfMerMinin_Quest' can be given now
I       QuestState.cpp[0904]22/09 02:59:17 Quest 'd_MoveFreelancersToOilMine_Quest' can be given now
I       QuestState.cpp[0904]22/09 02:59:17 Quest 'd_MoveCanistraToMinin_Quest' can be given now
I       QuestState.cpp[0904]22/09 02:59:17 Quest 'd_OpenTunel_Quest' can be given now
I       QuestState.cpp[0904]22/09 02:59:17 Quest 'r1m3_TalkWithThiefFromFatherHouse' can be given now
I       QuestState.cpp[0904]22/09 02:59:17 Quest 'r1m3_MoveToOraculAfterThief' can be given now
I       QuestState.cpp[0904]22/09 02:59:17 Quest 'r1m3_ToLisaToAsgard' can be given now
I       QuestState.cpp[0904]22/09 02:59:17 Quest 'r1m3_TW_OralceAboutAlien' can be given now
I       QuestState.cpp[0904]22/09 02:59:17 Quest 'r1m3_DestroyRadiationSource' can be given now
I       QuestState.cpp[0904]22/09 02:59:17 Quest 'r2m1_DestroyAlienShip' can be given now
I       QuestState.cpp[0904]22/09 02:59:17 Quest 'd_PayWorkersMoney_Quest' can be given now
I       QuestState.cpp[0904]22/09 02:59:17 Quest 'r2m1_TW_SellsCivilian' can be given now
I       QuestState.cpp[0904]22/09 02:59:17 Quest 'MorskieVrata2_Quest' can be given now
I       QuestState.cpp[0904]22/09 02:59:17 Quest 'Zachisti1_Quest' can be given now
I       QuestState.cpp[0904]22/09 02:59:17 Quest 'LisaVPeshte' can be given now
I       QuestState.cpp[0904]22/09 02:59:17 Quest 'LisaUBena' can be given now
I       QuestState.cpp[0904]22/09 02:59:17 Quest 'WhereSigns_Quest' can be given now
I       QuestState.cpp[0904]22/09 02:59:17 Quest 'CombatInKollizey_Quest' can be given now
I       QuestState.cpp[0904]22/09 02:59:17 Quest 'BuyKollizey_Quest' can be given now
I       QuestState.cpp[0904]22/09 02:59:17 Quest 'Kollizey_Quest' can be given now
I       QuestState.cpp[0904]22/09 02:59:17 Quest 'HelpRuins_Quest' can be given now
I       QuestState.cpp[0904]22/09 02:59:17 Quest 'DestroyRuins_Quest' can be given now
I       QuestState.cpp[0904]22/09 02:59:17 Quest 'DestroyRuins2_Quest' can be given now
I       QuestState.cpp[0904]22/09 02:59:17 Quest 'Signs_Quest' can be given now
I       QuestState.cpp[0904]22/09 02:59:17 Quest 'MrShlyapa1_Quest' can be given now
I       QuestState.cpp[0904]22/09 02:59:17 Quest 'FindBen2_Quest' can be given now
I       QuestState.cpp[0904]22/09 02:59:17 Quest 'd_FindHouseOfBen_Quest' can be given now
I       QuestState.cpp[0904]22/09 02:59:17 Quest 'r1m2_TW_BanAboutAlien' can be given now
I       QuestState.cpp[0904]22/09 02:59:17 Quest 'r1m3_DestroyOracle' can be given now
I       QuestState.cpp[0904]22/09 02:59:17 Quest 'Pomiritsa_Quest' can be given now
I       QuestState.cpp[0904]22/09 02:59:17 Quest 'VYar_Quest' can be given now
I       QuestState.cpp[0904]22/09 02:59:17 Quest 'FindBenMZ_Quest' can be given now
I       QuestState.cpp[0904]22/09 02:59:17 Quest 'QuickFindBen' can be given now
I       QuestState.cpp[0904]22/09 02:59:17 Quest 'OpenMid_Quest' can be given now
I       QuestState.cpp[0904]22/09 02:59:17 Quest 'TalkBeforeDesert' can be given now
I       QuestState.cpp[0904]22/09 02:59:17 Quest 'ZashitaGotova' can be given now
I       QuestState.cpp[0904]22/09 02:59:17 Quest 'FakeQuest1' can be given now
I       QuestState.cpp[0904]22/09 02:59:17 Quest 'Chehly_Quest' can be given now
I       QuestState.cpp[0904]22/09 02:59:17 Quest 'WorkGiver_Quest1' can be given now
I       QuestState.cpp[0904]22/09 02:59:17 Quest 'd_PunishBandits_Quest' can be given now
I       QuestState.cpp[0904]22/09 02:59:17 Quest 'r1m1_Hospital_Quest' can be given now
I       QuestState.cpp[0904]22/09 02:59:17 Quest 'r1m1_Botanik_Quest' can be given now
I       QuestState.cpp[0904]22/09 02:59:17 Quest 'r1m1_FindBotanik_Quest' can be given now
I       QuestState.cpp[0904]22/09 02:59:17 Quest 'Buyer_Quest1' can be given now
I       QuestState.cpp[0904]22/09 02:59:17 Quest 'FirstTimePlay' can be given now
I       QuestState.cpp[0904]22/09 02:59:17 Quest 'TalkWithFather_Quest' can be given now
I       QuestState.cpp[0904]22/09 02:59:17 Quest 'LisaAtSouth' can be given now
I       QuestState.cpp[0904]22/09 02:59:17 Quest 'FindBen_Quest' can be given now
I       QuestState.cpp[0904]22/09 02:59:17 Quest 'FindBenAgain_Quest' can be given now
I       QuestState.cpp[0904]22/09 02:59:17 Quest 'd_SinFather_Quest' can be given now
I       QuestState.cpp[0904]22/09 02:59:17 Quest 'TalkToVasily' can be given now
I       QuestState.cpp[0904]22/09 02:59:17 Quest 'CheckTheEast' can be given now
I       QuestState.cpp[0904]22/09 02:59:17 Quest 'BenSouth_Quest' can be given now
I           server.cpp[0826]22/09 02:59:17 	AI: QuestStates loaded
I           server.cpp[0828]22/09 02:59:17 	AI: Loading DynamicScene
I     DynamicScene.cpp[1470]22/09 02:59:18 		 Scene loading begin
I     DynamicScene.cpp[1472]22/09 02:59:18 		 Scene loading end
I           server.cpp[0837]22/09 02:59:18 	AI: DynamicScene loaded
I           server.cpp[0852]22/09 02:59:18 	AI: Loading Triggers
I           server.cpp[0855]22/09 02:59:18 	AI: Triggers loaded
I           server.cpp[0857]22/09 02:59:18 	AI: Loading Object Names
I           server.cpp[0868]22/09 02:59:18 	AI: Initing Player
I           server.cpp[0888]22/09 02:59:18 		Before first Update
I           server.cpp[0909]22/09 02:59:18 		After first Update
I           server.cpp[0911]22/09 02:59:18 AI: Finished Loading Server
I           view32.cpp[1106]22/09 02:59:18 Load server end
I        QuestInfo.cpp[0847]22/09 02:59:18 Quest infos were loaded successfully from file data\if\diz\QuestInfoGlobal.xml
I        QuestInfo.cpp[0783]22/09 02:59:18 QuestInfo manager was inited successfully
I        LevelInfo.cpp[1619]22/09 02:59:18 LevelInfoManager::AddVisitedLevel error - level with name 'Untitled' does not exist
I        LevelInfo.cpp[1602]22/09 02:59:18 LevelInfoManager::AddKnownLevel error - level with name 'Untitled' does not exist
I    GameUiManager.cpp[0303]22/09 02:59:18 Interface: is initializing...
I    GameUiManager.cpp[0395]22/09 02:59:18 Interface: is inited successfully
I      MapComboBox.cpp[0195]22/09 02:59:18 Error in updating map list: no info for current map exists
I     GlobalMapWnd.cpp[0157]22/09 02:59:18 Make control error: control mainmenu_ico is not found or incorrect type
I     GlobalMapWnd.cpp[0157]22/09 02:59:18 Make control error: control r1m8_ico is not found or incorrect type
I     GlobalMapWnd.cpp[0157]22/09 02:59:18 Make control error: control r1m7_ico is not found or incorrect type
I     GlobalMapWnd.cpp[0157]22/09 02:59:18 Make control error: control r8m1_ico is not found or incorrect type
I     GlobalMapWnd.cpp[0203]22/09 02:59:18 GlobalMapWnd: error - fail to init because of a bad resource
I blockMusicManager.cpp[0185]22/09 02:59:18 BlockMusicManager: start playing new music: blockNum = 0, musicType = 0, name = 'block0_driving'
I       console_string[0234]22/09 02:59:47 ---------------------- CHEAT WAS USED --------- ANTICHEAT -----------------
I        FadingMsg.cpp[0199]22/09 02:59:47 Fading message: '@FFFF1493Обнаружено использование чит-кодов. Система достижений @FFFF0000ЗАБЛОКИРОВАНА. @FFFF1493В техподдержке @FFFF0000ОТКАЗАНО.'
I        FadingMsg.cpp[0199]22/09 02:59:47 Fading message: '@FFFF1493Обнаружено использование чит-кодов. Система достижений @FFFF0000ЗАБЛОКИРОВАНА. @FFFF1493В техподдержке @FFFF0000ОТКАЗАНО.'
I           m3dapp.cpp[1336]22/09 02:59:57 d3d: Device reset ok
I           m3dapp.cpp[1336]22/09 03:04:41 d3d: Device reset ok
I blockMusicManager.cpp[0185]22/09 03:08:34 BlockMusicManager: start playing new music: blockNum = 0, musicType = 1, name = 'block0_alarm'
I blockMusicManager.cpp[0199]22/09 03:09:15 BlockMusicManager: resetting
I blockMusicManager.cpp[0185]22/09 03:09:15 BlockMusicManager: start playing new music: blockNum = 0, musicType = 0, name = 'block0_driving'
I blockMusicManager.cpp[0185]22/09 03:10:10 BlockMusicManager: start playing new music: blockNum = 0, musicType = 1, name = 'block0_alarm'
I blockMusicManager.cpp[0199]22/09 03:11:02 BlockMusicManager: resetting
I blockMusicManager.cpp[0185]22/09 03:11:02 BlockMusicManager: start playing new music: blockNum = 0, musicType = 0, name = 'block0_driving'
I         gamemenu.cpp[0283]22/09 03:11:27 Quit to Windows
I           view32.cpp[0815]22/09 03:11:28 --- Done Media ---
I    GameUiManager.cpp[0405]22/09 03:11:28 Interface: is clearing...
I    GameUiManager.cpp[0495]22/09 03:11:28 Interface: is cleared successfully
I    GameUiManager.cpp[0257]22/09 03:11:28 Interface: done...
I    GameUiManager.cpp[1580]22/09 03:11:28 Interface: clearing resource infos ...
I    GameUiManager.cpp[0292]22/09 03:11:28 Interface: is done
I           view32.cpp[0843]22/09 03:11:28 --- Done Media: Ok ---
I           m3dapp.cpp[1343]22/09 03:11:28 snd: Deleting Sound...
I           m3dapp.cpp[1343]22/09 03:11:28 snd: Stopping all sounds in FMOD...
I           m3dapp.cpp[1343]22/09 03:11:28 snd: Closing FMOD...
I           m3dapp.cpp[1343]22/09 03:11:28 snd: Deleting all sounds...
I           m3dapp.cpp[1343]22/09 03:11:28 snd: 	Stopping all sounds
I           m3dapp.cpp[1343]22/09 03:11:28 snd: 	Deleting all sounds from table
I           m3dapp.cpp[1343]22/09 03:11:28 snd: 	Sounds deleted
I           m3dapp.cpp[1343]22/09 03:11:28 snd: Sound is uninstalled
I      gameimpulse.cpp[0618]22/09 03:11:28 Key bindings: unbind all is done
I      gameimpulse.cpp[0343]22/09 03:11:28 Key bindings: is done
----------------------------------------------- Log ends on Thu Sep 22 03:11:28 2022 -----------------------------------------------




