-==- -==- -==- -==- -==- -==- -==- -==- -==- -==- -==- -==- -==- -==- -==-
-==
-== Log category   : Unhandled exception info
-== Build          : ExMachina 1.5 - master candidate russian version release build v0.8 (Jul 19 2006 18:54:43)
-==
-== Exception      : 0xC0000005 at address 0x77A028C7
-== Exception type : ACCESS VIOLATION  read attempt to address 0x45E29F50 
-==
-==- -==- -==- -==- -==- -==- -==- -==- -==- -==- -==- -==- -==- -==- -==-

1: 11/27/22 18:23:08
1: Physical memory = 2047 MB
1: Total memory    = 4095 MB
1: Physical memory available      = 2047 MB
1: Total virtual memory           = 2047 MB
1: Total virtual memory available = 1797 MB
1: Page file available            = 4018 MB

1: Data from MemoryManager:
1: mem used:             2109724
1: mem allocated:       12108868
1: mem overhead:          384620
1: last allocation:            0


1:   0     RtlFreeHeap +205 bytes
1:     Decl: RtlFreeHeap
1:     Mod:  ntdll, base: 779b0000h


Registers:
	CS:EIP 0x001B:77A028C7
	SS:ESP 0x0023:0012FD98
	DS:EDI 0x0023:018C1538
	ES:ESI 0x0023:45E29F4C
	   EAX        00000A78
	   EBX        018C1540
	   ECX        003C0000
	   EDX        018C1540

