---------------------------------------------- Log begins on Sat Nov 26 13:37:17 2022 ----------------------------------------------
I           m3dapp.cpp[0088]26/11 13:37:17 Starting up...
I           m3dapp.cpp[1498]26/11 13:37:17 ExMachina - release version release build v1.02 (Dec 21 2005 12:15:10)
I      Stackwalker.cpp[0608]26/11 13:37:17 Stackwalker: log file name will be 'd:/games/ex machina mods/exmachina gm.mod sdk new/exceptions/hta.exe0000.log'
I      Stackwalker.cpp[0609]26/11 13:37:17 Stackwalker: dump file name will be 'd:/games/ex machina mods/exmachina gm.mod sdk new/exceptions/hta.exe0000.dmp'
I      Stackwalker.cpp[0610]26/11 13:37:17 Stackwalker: game log file name will be 'd:/games/ex machina mods/exmachina gm.mod sdk new/exceptions/hta.exe0000_game.log'
I           m3dapp.cpp[1391]26/11 13:37:17 Path: D:\Games\EX Machina Mods\ExMachina GM.mod SDK new
I           m3dapp.cpp[1392]26/11 13:37:17 Exe: D:\Games\EX Machina Mods\ExMachina GM.mod SDK new\hta.exe
I           m3dapp.cpp[1401]26/11 13:37:17 Windows version: 6.1.7601
I           m3dapp.cpp[1410]26/11 13:37:17 Computer name: RIVER-PC
I           m3dapp.cpp[1430]26/11 13:37:17 Cpu: GenuineIntel
I           m3dapp.cpp[1434]26/11 13:37:17 Cpu clock: ~1596
I           m3dapp.cpp[1459]26/11 13:37:17 Processor is mmx able
I           m3dapp.cpp[1470]26/11 13:37:17 Physical memory: 2047 MB
I           m3dapp.cpp[1471]26/11 13:37:17 Total memory:    4095 MB
I           m3dapp.cpp[1472]26/11 13:37:17 Physical memory available: 1906 MB
I           m3dapp.cpp[1473]26/11 13:37:17 Total memory available:    1914 MB
I           m3dapp.cpp[2846]26/11 13:37:17 SetCodepage -- using codepage 1251 '1251  (ANSI - кириллица)'
I           m3dapp.cpp[2154]26/11 13:37:17 NOTE! renderer is bind to dxrender9.dll
I           m3dapp.cpp[1336]26/11 13:37:17 d3d: Given device behavior: 80
I           m3dapp.cpp[1336]26/11 13:37:17 d3d: Confirmed device behavior: 80
I           m3dapp.cpp[1336]26/11 13:37:17 d3d: Description: Intel(R) HD Graphics Family
I           m3dapp.cpp[1336]26/11 13:37:17 d3d: Driver:      igdumdx32.dll
I           m3dapp.cpp[1336]26/11 13:37:17 d3d: VendorId:    0x8086
I           m3dapp.cpp[1336]26/11 13:37:17 d3d: DeviceId:    0x106
I           m3dapp.cpp[1336]26/11 13:37:17 d3d: SubSysId:    0x3672103c
I           m3dapp.cpp[1336]26/11 13:37:17 d3d: Revision:    9
I           m3dapp.cpp[1336]26/11 13:37:17 d3d: Driver version info:
I           m3dapp.cpp[1336]26/11 13:37:17 d3d:   Product:    8
I           m3dapp.cpp[1336]26/11 13:37:17 d3d:   Version:    15
I           m3dapp.cpp[1336]26/11 13:37:17 d3d:   SubVersion: 10
I           m3dapp.cpp[1336]26/11 13:37:17 d3d:   Build:      2622
I           m3dapp.cpp[1336]26/11 13:37:17 d3d: WHQLLevel:    0
I           m3dapp.cpp[1336]26/11 13:37:17 d3d: Texture max size: 8192x8192
I           m3dapp.cpp[1336]26/11 13:37:17 d3d: Guard band: (-8192.000,-8192.000,8192.000,8192.000)
I           m3dapp.cpp[1336]26/11 13:37:17 d3d: MaxTextureBlendStages: 8
I           m3dapp.cpp[1336]26/11 13:37:17 d3d: MaxSimultaneousTextures: 8
I           m3dapp.cpp[1336]26/11 13:37:17 d3d: MaxActiveLights: 10
I           m3dapp.cpp[1336]26/11 13:37:17 d3d: MaxUserClipPlanes: 6
I           m3dapp.cpp[1336]26/11 13:37:17 d3d: VertexShaderVersion: 0xfffe0300
I           m3dapp.cpp[1336]26/11 13:37:17 d3d: PixelShaderVersion: 0xffff0300
I           m3dapp.cpp[1336]26/11 13:37:17 d3d: Geometry instancing: supported
I           m3dapp.cpp[1336]26/11 13:37:17 d3d: Depth bias supported: yes
I           m3dapp.cpp[1336]26/11 13:37:17 d3d: Slope-scale based depth bias supported: yes
I           m3dapp.cpp[1336]26/11 13:37:17 d3d: HwRasterization: true
I           m3dapp.cpp[1336]26/11 13:37:17 d3d: HwTnL: true
I           m3dapp.cpp[1336]26/11 13:37:17 d3d: PureDevice: true
I           m3dapp.cpp[1336]26/11 13:37:17 d3d: CubeMap: true
I           m3dapp.cpp[1336]26/11 13:37:17 d3d: VolumeMap: true
I           m3dapp.cpp[1336]26/11 13:37:17 d3d: TextureAddressCaps:
I           m3dapp.cpp[1336]26/11 13:37:17 d3d: 	wrap: true
I           m3dapp.cpp[1336]26/11 13:37:17 d3d: 	clamp: true
I           m3dapp.cpp[1336]26/11 13:37:17 d3d: 	border: true
I           m3dapp.cpp[1336]26/11 13:37:17 d3d: Projective textures: true
I           m3dapp.cpp[1336]26/11 13:37:17 d3d: MaxPointSize: 256.000
I           m3dapp.cpp[1336]26/11 13:37:17 d3d: MaxPrimitiveCount: 1048575
I           m3dapp.cpp[1336]26/11 13:37:17 d3d: MaxVertexIndex: 16777215
I           m3dapp.cpp[1336]26/11 13:37:17 d3d: MaxStreams: 16
I           m3dapp.cpp[1336]26/11 13:37:17 d3d: MaxStreamsStride: 255
I           m3dapp.cpp[1336]26/11 13:37:17 d3d: MaxAnisotropy: 16
I           m3dapp.cpp[1336]26/11 13:37:17 d3d: MaxVertexBlendMatrices: 4
I           m3dapp.cpp[1336]26/11 13:37:17 d3d: MaxVertexBlendMatrixIndex: 8
I           m3dapp.cpp[1336]26/11 13:37:17 d3d: FullScreenGamma: true
I           m3dapp.cpp[1336]26/11 13:37:17 d3d: COLORWRITEENABLE: true
I           m3dapp.cpp[1336]26/11 13:37:17 d3d: MASKZ: true
I           m3dapp.cpp[1336]26/11 13:37:17 d3d: BLENDOP: true
I           m3dapp.cpp[1336]26/11 13:37:17 d3d: CLIPPLANESCALEDPOINTS: false
I           m3dapp.cpp[1336]26/11 13:37:17 d3d: CLIPTLVERTS: false
I           m3dapp.cpp[1336]26/11 13:37:17 d3d: TSSARGTEMP: true
I           m3dapp.cpp[1336]26/11 13:37:17 d3d: DIRECTIONALLIGHTS: true
I           m3dapp.cpp[1336]26/11 13:37:17 d3d: LOCALVIEWER: true
I           m3dapp.cpp[1336]26/11 13:37:17 d3d: POSITIONALLIGHTS: true
I           m3dapp.cpp[1336]26/11 13:37:17 d3d: TEXGEN:  true
I           m3dapp.cpp[1336]26/11 13:37:17 d3d: TWEENING:  true
I           m3dapp.cpp[1336]26/11 13:37:17 d3d: Dp3: true
I           m3dapp.cpp[1336]26/11 13:37:17 d3d: Lerp: true
I           m3dapp.cpp[1336]26/11 13:37:17 d3d: MaxNpatchTessellationLevel: 0.000
I           m3dapp.cpp[1336]26/11 13:37:17 d3d: Query VCACHE support: true
I           m3dapp.cpp[1336]26/11 13:37:17 d3d: Query EVENT support: true
I           m3dapp.cpp[1336]26/11 13:37:17 d3d: Query OCCLUSION support: true
I           m3dapp.cpp[1336]26/11 13:37:17 d3d: Query TIMESTAMP support: true
I           m3dapp.cpp[1336]26/11 13:37:17 d3d: Query TIMESTAMPDISJOINT support: true
I           m3dapp.cpp[1336]26/11 13:37:17 d3d: Query TIMESTAMPFREQ support: true
I           m3dapp.cpp[1336]26/11 13:37:17 d3d: Query PIPELINETIMINGS support: false
I           m3dapp.cpp[1336]26/11 13:37:17 d3d: Query INTERFACETIMINGS support: false
I           m3dapp.cpp[1336]26/11 13:37:17 d3d: Query VERTEXTIMINGS support: false
I           m3dapp.cpp[1336]26/11 13:37:17 d3d: Query PIXELTIMINGS support: false
I           m3dapp.cpp[1336]26/11 13:37:17 d3d: Query BANDWIDTHTIMINGS support: false
I           m3dapp.cpp[1336]26/11 13:37:17 d3d: Query CACHEUTILIZATION support: false
I           m3dapp.cpp[1336]26/11 13:37:17 d3d: Creating or resetting the device
I           m3dapp.cpp[1336]26/11 13:37:17 d3d: Back buffer format: X8R8G8B8
I           m3dapp.cpp[1336]26/11 13:37:17 d3d: Depth/stencil buffer format: D24S8
I           m3dapp.cpp[1336]26/11 13:37:17 d3d: Stenciling: off
I           m3dapp.cpp[1336]26/11 13:37:17 d3d: Rgba textures format: DXT5
I           m3dapp.cpp[1336]26/11 13:37:17 d3d: Rgba no c. textures format: A8R8G8B8
I           m3dapp.cpp[1336]26/11 13:37:17 d3d: RgbA textures format: DXT5
I           m3dapp.cpp[1336]26/11 13:37:17 d3d: RgbA no c. textures format: A4R4G4B4
I           m3dapp.cpp[1336]26/11 13:37:17 d3d: Rt textures format: A8R8G8B8
I           m3dapp.cpp[1336]26/11 13:37:17 d3d: Shadow textures format: R5G6B5
I           m3dapp.cpp[1336]26/11 13:37:17 d3d: Rt depth format: D16
I           m3dapp.cpp[2206]26/11 13:37:18 NOTE! input is bind to input_di8.dll
I           m3dapp.cpp[1938]26/11 13:37:18 NOTE! sound is bind to sound.dll
I           m3dapp.cpp[1350]26/11 13:37:18 input: Joystick not found
I           m3dapp.cpp[1343]26/11 13:37:19 snd: Max sound channels available: 128
I           m3dapp.cpp[1343]26/11 13:37:19 snd: Sound is inited successfully
I             font.cpp[0976]26/11 13:37:19 FontManager: fonts are loaded successfully
I           m3dapp.cpp[1336]26/11 13:37:19 d3d: Cannot open data\models\logos\fishmen.dds
I           m3dapp.cpp[1336]26/11 13:37:19 d3d: texmap failed to load: data\models\logos\fishmen.dds
E       DraftModel.cpp[1002]26/11 13:37:19 Error: Couldn't load texture data\models\logos\fishmen.dds for model logos.gam
I           m3dapp.cpp[1336]26/11 13:37:20 d3d: Cannot open data\models\logos\logo32.dds
I           m3dapp.cpp[1336]26/11 13:37:20 d3d: texmap failed to load: data\models\logos\logo32.dds
E       DraftModel.cpp[1002]26/11 13:37:20 Error: Couldn't load texture data\models\logos\logo32.dds for model logos.gam
I           m3dapp.cpp[1336]26/11 13:37:20 d3d: Cannot open data\models\logos\logo33.dds
I           m3dapp.cpp[1336]26/11 13:37:20 d3d: texmap failed to load: data\models\logos\logo33.dds
E       DraftModel.cpp[1002]26/11 13:37:20 Error: Couldn't load texture data\models\logos\logo33.dds for model logos.gam
I           m3dapp.cpp[1336]26/11 13:37:20 d3d: Cannot open data\models\logos\logo34.dds
I           m3dapp.cpp[1336]26/11 13:37:20 d3d: texmap failed to load: data\models\logos\logo34.dds
E       DraftModel.cpp[1002]26/11 13:37:20 Error: Couldn't load texture data\models\logos\logo34.dds for model logos.gam
I           m3dapp.cpp[1336]26/11 13:37:20 d3d: Cannot open data\models\logos\logo35.dds
I           m3dapp.cpp[1336]26/11 13:37:20 d3d: texmap failed to load: data\models\logos\logo35.dds
E       DraftModel.cpp[1002]26/11 13:37:20 Error: Couldn't load texture data\models\logos\logo35.dds for model logos.gam
I           m3dapp.cpp[1336]26/11 13:37:20 d3d: Cannot open data\models\logos\logo36.dds
I           m3dapp.cpp[1336]26/11 13:37:20 d3d: texmap failed to load: data\models\logos\logo36.dds
E       DraftModel.cpp[1002]26/11 13:37:20 Error: Couldn't load texture data\models\logos\logo36.dds for model logos.gam
I           m3dapp.cpp[1336]26/11 13:37:20 d3d: Cannot open data\models\logos\logo37.dds
I           m3dapp.cpp[1336]26/11 13:37:20 d3d: texmap failed to load: data\models\logos\logo37.dds
E       DraftModel.cpp[1002]26/11 13:37:20 Error: Couldn't load texture data\models\logos\logo37.dds for model logos.gam
I           m3dapp.cpp[1336]26/11 13:37:20 d3d: Cannot open data\models\logos\logo38.dds
I           m3dapp.cpp[1336]26/11 13:37:20 d3d: texmap failed to load: data\models\logos\logo38.dds
E       DraftModel.cpp[1002]26/11 13:37:20 Error: Couldn't load texture data\models\logos\logo38.dds for model logos.gam
I           m3dapp.cpp[1336]26/11 13:37:20 d3d: Cannot open data\models\logos\logo39.dds
I           m3dapp.cpp[1336]26/11 13:37:20 d3d: texmap failed to load: data\models\logos\logo39.dds
E       DraftModel.cpp[1002]26/11 13:37:20 Error: Couldn't load texture data\models\logos\logo39.dds for model logos.gam
I           m3dapp.cpp[1336]26/11 13:37:20 d3d: Cannot open data\models\logos\logo40.dds
I           m3dapp.cpp[1336]26/11 13:37:20 d3d: texmap failed to load: data\models\logos\logo40.dds
E       DraftModel.cpp[1002]26/11 13:37:20 Error: Couldn't load texture data\models\logos\logo40.dds for model logos.gam
I           m3dapp.cpp[1336]26/11 13:37:20 d3d: Cannot open data\models\logos\logo41.dds
I           m3dapp.cpp[1336]26/11 13:37:20 d3d: texmap failed to load: data\models\logos\logo41.dds
E       DraftModel.cpp[1002]26/11 13:37:20 Error: Couldn't load texture data\models\logos\logo41.dds for model logos.gam
I           m3dapp.cpp[1336]26/11 13:37:20 d3d: Cannot open data\models\logos\logo42.dds
I           m3dapp.cpp[1336]26/11 13:37:20 d3d: texmap failed to load: data\models\logos\logo42.dds
E       DraftModel.cpp[1002]26/11 13:37:20 Error: Couldn't load texture data\models\logos\logo42.dds for model logos.gam
I           m3dapp.cpp[1336]26/11 13:37:20 d3d: Cannot open data\models\logos\logo43.dds
I           m3dapp.cpp[1336]26/11 13:37:20 d3d: texmap failed to load: data\models\logos\logo43.dds
E       DraftModel.cpp[1002]26/11 13:37:20 Error: Couldn't load texture data\models\logos\logo43.dds for model logos.gam
I           m3dapp.cpp[1336]26/11 13:37:20 d3d: Cannot open data\models\logos\logo44.dds
I           m3dapp.cpp[1336]26/11 13:37:20 d3d: texmap failed to load: data\models\logos\logo44.dds
E       DraftModel.cpp[1002]26/11 13:37:20 Error: Couldn't load texture data\models\logos\logo44.dds for model logos.gam
I           m3dapp.cpp[1336]26/11 13:37:20 d3d: Cannot open data\models\logos\logo45.dds
I           m3dapp.cpp[1336]26/11 13:37:20 d3d: texmap failed to load: data\models\logos\logo45.dds
E       DraftModel.cpp[1002]26/11 13:37:20 Error: Couldn't load texture data\models\logos\logo45.dds for model logos.gam
I           m3dapp.cpp[1336]26/11 13:37:20 d3d: Cannot open data\models\logos\logo46.dds
I           m3dapp.cpp[1336]26/11 13:37:20 d3d: texmap failed to load: data\models\logos\logo46.dds
E       DraftModel.cpp[1002]26/11 13:37:20 Error: Couldn't load texture data\models\logos\logo46.dds for model logos.gam
I           m3dapp.cpp[1336]26/11 13:37:20 d3d: Cannot open data\models\logos\logo47.dds
I           m3dapp.cpp[1336]26/11 13:37:20 d3d: texmap failed to load: data\models\logos\logo47.dds
E       DraftModel.cpp[1002]26/11 13:37:20 Error: Couldn't load texture data\models\logos\logo47.dds for model logos.gam
I           m3dapp.cpp[1336]26/11 13:37:20 d3d: Cannot open data\models\logos\logo48.dds
I           m3dapp.cpp[1336]26/11 13:37:20 d3d: texmap failed to load: data\models\logos\logo48.dds
E       DraftModel.cpp[1002]26/11 13:37:20 Error: Couldn't load texture data\models\logos\logo48.dds for model logos.gam
I           m3dapp.cpp[1336]26/11 13:37:20 d3d: Cannot open data\models\logos\logo49.dds
I           m3dapp.cpp[1336]26/11 13:37:20 d3d: texmap failed to load: data\models\logos\logo49.dds
E       DraftModel.cpp[1002]26/11 13:37:20 Error: Couldn't load texture data\models\logos\logo49.dds for model logos.gam
I           m3dapp.cpp[1336]26/11 13:37:20 d3d: Cannot open data\models\logos\logo50.dds
I           m3dapp.cpp[1336]26/11 13:37:20 d3d: texmap failed to load: data\models\logos\logo50.dds
E       DraftModel.cpp[1002]26/11 13:37:20 Error: Couldn't load texture data\models\logos\logo50.dds for model logos.gam
I           m3dapp.cpp[1336]26/11 13:37:20 d3d: Cannot open data\models\logos\logo51.dds
I           m3dapp.cpp[1336]26/11 13:37:20 d3d: texmap failed to load: data\models\logos\logo51.dds
E       DraftModel.cpp[1002]26/11 13:37:20 Error: Couldn't load texture data\models\logos\logo51.dds for model logos.gam
I           m3dapp.cpp[1336]26/11 13:37:20 d3d: Cannot open data\models\logos\logo52.dds
I           m3dapp.cpp[1336]26/11 13:37:20 d3d: texmap failed to load: data\models\logos\logo52.dds
E       DraftModel.cpp[1002]26/11 13:37:20 Error: Couldn't load texture data\models\logos\logo52.dds for model logos.gam
I           m3dapp.cpp[1336]26/11 13:37:20 d3d: Cannot open data\models\logos\logo53.dds
I           m3dapp.cpp[1336]26/11 13:37:20 d3d: texmap failed to load: data\models\logos\logo53.dds
E       DraftModel.cpp[1002]26/11 13:37:20 Error: Couldn't load texture data\models\logos\logo53.dds for model logos.gam
I           m3dapp.cpp[1336]26/11 13:37:20 d3d: Cannot open data\models\logos\logo54.dds
I           m3dapp.cpp[1336]26/11 13:37:20 d3d: texmap failed to load: data\models\logos\logo54.dds
E       DraftModel.cpp[1002]26/11 13:37:20 Error: Couldn't load texture data\models\logos\logo54.dds for model logos.gam
I           m3dapp.cpp[1336]26/11 13:37:20 d3d: Cannot open data\models\logos\logo55.dds
I           m3dapp.cpp[1336]26/11 13:37:20 d3d: texmap failed to load: data\models\logos\logo55.dds
E       DraftModel.cpp[1002]26/11 13:37:20 Error: Couldn't load texture data\models\logos\logo55.dds for model logos.gam
I           m3dapp.cpp[1336]26/11 13:37:20 d3d: Cannot open data\models\logos\logo56.dds
I           m3dapp.cpp[1336]26/11 13:37:20 d3d: texmap failed to load: data\models\logos\logo56.dds
E       DraftModel.cpp[1002]26/11 13:37:20 Error: Couldn't load texture data\models\logos\logo56.dds for model logos.gam
I           m3dapp.cpp[1336]26/11 13:37:20 d3d: Cannot open data\models\logos\logo57.dds
I           m3dapp.cpp[1336]26/11 13:37:20 d3d: texmap failed to load: data\models\logos\logo57.dds
E       DraftModel.cpp[1002]26/11 13:37:20 Error: Couldn't load texture data\models\logos\logo57.dds for model logos.gam
I           m3dapp.cpp[1336]26/11 13:37:20 d3d: Cannot open data\models\logos\logo58.dds
I           m3dapp.cpp[1336]26/11 13:37:20 d3d: texmap failed to load: data\models\logos\logo58.dds
E       DraftModel.cpp[1002]26/11 13:37:20 Error: Couldn't load texture data\models\logos\logo58.dds for model logos.gam
I           m3dapp.cpp[1336]26/11 13:37:20 d3d: Cannot open data\models\logos\logo59.dds
I           m3dapp.cpp[1336]26/11 13:37:20 d3d: texmap failed to load: data\models\logos\logo59.dds
E       DraftModel.cpp[1002]26/11 13:37:20 Error: Couldn't load texture data\models\logos\logo59.dds for model logos.gam
I           m3dapp.cpp[1336]26/11 13:37:20 d3d: Cannot open data\models\logos\logo60.dds
I           m3dapp.cpp[1336]26/11 13:37:20 d3d: texmap failed to load: data\models\logos\logo60.dds
E       DraftModel.cpp[1002]26/11 13:37:20 Error: Couldn't load texture data\models\logos\logo60.dds for model logos.gam
I           m3dapp.cpp[1336]26/11 13:37:20 d3d: Cannot open data\models\logos\logo61.dds
I           m3dapp.cpp[1336]26/11 13:37:20 d3d: texmap failed to load: data\models\logos\logo61.dds
E       DraftModel.cpp[1002]26/11 13:37:20 Error: Couldn't load texture data\models\logos\logo61.dds for model logos.gam
I           m3dapp.cpp[1336]26/11 13:37:20 d3d: Cannot open data\models\logos\logo62.dds
I           m3dapp.cpp[1336]26/11 13:37:20 d3d: texmap failed to load: data\models\logos\logo62.dds
E       DraftModel.cpp[1002]26/11 13:37:20 Error: Couldn't load texture data\models\logos\logo62.dds for model logos.gam
I           m3dapp.cpp[1336]26/11 13:37:20 d3d: Cannot open data\models\logos\logo63.dds
I           m3dapp.cpp[1336]26/11 13:37:20 d3d: texmap failed to load: data\models\logos\logo63.dds
E       DraftModel.cpp[1002]26/11 13:37:20 Error: Couldn't load texture data\models\logos\logo63.dds for model logos.gam
I           m3dapp.cpp[1336]26/11 13:37:20 d3d: Cannot open data\models\logos\logo64.dds
I           m3dapp.cpp[1336]26/11 13:37:20 d3d: texmap failed to load: data\models\logos\logo64.dds
E       DraftModel.cpp[1002]26/11 13:37:20 Error: Couldn't load texture data\models\logos\logo64.dds for model logos.gam
I           m3dapp.cpp[1336]26/11 13:37:20 d3d: Cannot open data\models\logos\logo65.dds
I           m3dapp.cpp[1336]26/11 13:37:20 d3d: texmap failed to load: data\models\logos\logo65.dds
E       DraftModel.cpp[1002]26/11 13:37:20 Error: Couldn't load texture data\models\logos\logo65.dds for model logos.gam
I           m3dapp.cpp[1336]26/11 13:37:20 d3d: Cannot open data\models\logos\logo66.dds
I           m3dapp.cpp[1336]26/11 13:37:20 d3d: texmap failed to load: data\models\logos\logo66.dds
E       DraftModel.cpp[1002]26/11 13:37:20 Error: Couldn't load texture data\models\logos\logo66.dds for model logos.gam
I           m3dapp.cpp[1336]26/11 13:37:20 d3d: Cannot open data\models\logos\logo67.dds
I           m3dapp.cpp[1336]26/11 13:37:20 d3d: texmap failed to load: data\models\logos\logo67.dds
E       DraftModel.cpp[1002]26/11 13:37:20 Error: Couldn't load texture data\models\logos\logo67.dds for model logos.gam
I           m3dapp.cpp[1336]26/11 13:37:20 d3d: Cannot open data\models\logos\logo68.dds
I           m3dapp.cpp[1336]26/11 13:37:20 d3d: texmap failed to load: data\models\logos\logo68.dds
E       DraftModel.cpp[1002]26/11 13:37:20 Error: Couldn't load texture data\models\logos\logo68.dds for model logos.gam
I           m3dapp.cpp[1336]26/11 13:37:20 d3d: Cannot open data\models\logos\logo69.dds
I           m3dapp.cpp[1336]26/11 13:37:20 d3d: texmap failed to load: data\models\logos\logo69.dds
E       DraftModel.cpp[1002]26/11 13:37:20 Error: Couldn't load texture data\models\logos\logo69.dds for model logos.gam
I           m3dapp.cpp[1336]26/11 13:37:20 d3d: Cannot open data\models\logos\logo70.dds
I           m3dapp.cpp[1336]26/11 13:37:20 d3d: texmap failed to load: data\models\logos\logo70.dds
E       DraftModel.cpp[1002]26/11 13:37:20 Error: Couldn't load texture data\models\logos\logo70.dds for model logos.gam
I      gameimpulse.cpp[0288]26/11 13:37:20 Key bindings: were inited successfully
I           view32.cpp[0705]26/11 13:37:20 --- Init Media ---
I    GameUiManager.cpp[0303]26/11 13:37:20 Interface: is initializing...
I    GameUiManager.cpp[1580]26/11 13:37:20 Interface: clearing resource infos ...
I    GameUiManager.cpp[1491]26/11 13:37:20 Interface: loading resource infos ...
I    GameUiManager.cpp[1603]26/11 13:37:20 Interface: loading resources ...
I           m3dapp.cpp[1343]26/11 13:37:21 snd: Error: Can't Open SoundFile: 
I           m3dapp.cpp[1343]26/11 13:37:21 snd: Cannot open sound stream from file . Error: File not found, flags: 8272
I    GameUiManager.cpp[0395]26/11 13:37:21 Interface: is inited successfully
I        LevelInfo.cpp[0806]26/11 13:37:21 Level infos were loaded successfully from file data\if\diz\LevelInfo.xml
I        LevelInfo.cpp[0837]26/11 13:37:21 Error: could't open data\maps\r1m8.ssl file
E        LevelInfo.cpp[0749]26/11 13:37:21 LevelInfoManager was inited with errors
I   TruxxUiManager.cpp[0191]26/11 13:37:21 TruxxUiManager: was inited successfully
I      gameimpulse.cpp[0618]26/11 13:37:24 Key bindings: unbind all is done
I      gameimpulse.cpp[0324]26/11 13:37:24 Key bindings: were loaded successfully from file data\scripts\DefaultKeyBindings.lua
I      gameimpulse.cpp[1194]26/11 13:37:24 Key bindings: were bind from defaults
I            video.cpp[0704]26/11 13:37:25 Could not load specified video file: data\video\logobuka.wmv (hr = 80070003)
I     view32_video.cpp[0061]26/11 13:37:25 Error: couldn't load video 'data\video\logobuka.wmv'
I            video.cpp[0704]26/11 13:37:25 Could not load specified video file: data\video\logotargem.wmv (hr = 80070003)
I     view32_video.cpp[0061]26/11 13:37:25 Error: couldn't load video 'data\video\logotargem.wmv'
I            video.cpp[0704]26/11 13:37:25 Could not load specified video file: data\video\INTRO_RUS_FIELD.wmv (hr = 80070003)
I     view32_video.cpp[0061]26/11 13:37:25 Error: couldn't load video 'data\video\INTRO_RUS_FIELD.wmv'
I             core.lua[0013]26/11 13:37:25 IMPROVED STORYLINE V1.0.5.3 ORIGINAL BUILD 220422
I           m3dapp.cpp[1808]26/11 13:37:25 ----------------------- Engine inited in: 0
I          Profile.cpp[0602]26/11 13:37:25 Profile "RiverZone" set
I   TruxxUiManager.cpp[1422]26/11 13:37:25 Game mode changed. Old mode = 3, new mode = 2
I        SplashWnd.cpp[0244]26/11 13:37:25 Start splashing 11
I           view32.cpp[1048]26/11 13:37:25 -- Loading Level: data\maps\mainmenu.ssl --
I            world.cpp[0132]26/11 13:37:25 ----------------------- World Loading
F        landscape.cpp[1674]26/11 13:37:25  +- Enter function: Landscape::Load()
I        landscape.cpp[1911]26/11 13:37:26  |  ----------------------- Normal map loaded in: 12
I        landscape.cpp[1920]26/11 13:37:26  |  ----------------------- Tiles loaded in: 42
I        landscape.cpp[1944]26/11 13:37:26  |  ----------------------- ShoreLine loaded in: 11
F        landscape.cpp[1944]26/11 13:37:26  +- Exit function: Landscape::Load()
I            world.cpp[0169]26/11 13:37:26 ----------------------- Landscape loaded in: 397
I       DataServer.cpp[0587]26/11 13:37:26 Loading Servers: data\maps\MainMenu\servers.xml
I serverAnimatedModel.cpp[0630]26/11 13:37:28 ### Total time: 2418, GAM time: 809
I       DataServer.cpp[0587]26/11 13:37:28 Loading Servers: data\models\commonservers.xml
E      serverMusic.cpp[0216]26/11 13:37:32 MusicServer: cannot read file: data\music\music.xml id = 'LaBelleTown'
E      serverMusic.cpp[0216]26/11 13:37:32 MusicServer: cannot read file: data\music\music.xml id = 'block6_driving2'
I            world.cpp[0210]26/11 13:37:32 ----------------------- Servers loaded in: 5994
I            world.cpp[0338]26/11 13:37:32 LoadWorld begin...
I            world.cpp[0350]26/11 13:37:32 %%%% read/parse xml: 35
I            world.cpp[0362]26/11 13:37:32 %%%% read from xml: 9
E    PlayerPassMap.cpp[0139]26/11 13:37:32 Couldn't load player pass map from file data\maps\MainMenu\player_passmap.xml
I            world.cpp[0444]26/11 13:37:32 %%%% link nodes: 34
I            world.cpp[0220]26/11 13:37:32 ----------------------- Nodes loaded in: 81
I            world.cpp[0228]26/11 13:37:32 ----------------------- Prefabs loaded in: 0
I            world.cpp[0247]26/11 13:37:32 ----------------------- World loaded in: 6879
I            world.cpp[0278]26/11 13:37:32 ----------------------- Roads loaded in: 272
I           view32.cpp[1078]26/11 13:37:33 Load Server begin...
I   TruxxUiManager.cpp[0974]26/11 13:37:33 Interface: is loaded successfully
I           server.cpp[0789]26/11 13:37:33 AI: Loading Server...
I           server.cpp[0796]26/11 13:37:33 	AI: Loading Relationship
I     Relationship.cpp[0134]26/11 13:37:33 		 File readed
I           server.cpp[0801]26/11 13:37:33 	AI: Loading SoilProps
I           server.cpp[0804]26/11 13:37:33 	AI: Loading ExternalPaths
I           server.cpp[0807]26/11 13:37:33 	AI: Loading PlayerPassMap
E    PlayerPassMap.cpp[0139]26/11 13:37:33 Couldn't load player pass map from file data\maps\MainMenu\player_passmap.xml
I           server.cpp[0813]26/11 13:37:33 	AI: Loading GameObjects
I           server.cpp[0816]26/11 13:37:33 	AI: Initializing VehicleGeneratorInfoCache
I           server.cpp[0820]26/11 13:37:33 	AI: Refreshing GameObjects
I           server.cpp[0824]26/11 13:37:33 	AI: Loading QuestStates
I       QuestState.cpp[0904]26/11 13:37:33 Quest 'Human1_Quest1' can be given now
I       QuestState.cpp[0904]26/11 13:37:33 Quest 'Human1_Quest2' can be given now
I       QuestState.cpp[0904]26/11 13:37:33 Quest 'BenGoodEnd' can be given now
I       QuestState.cpp[0904]26/11 13:37:33 Quest 'q_PlaceWithSign' can be given now
I       QuestState.cpp[0904]26/11 13:37:33 Quest 'r3m2_OracleMemory' can be given now
I       QuestState.cpp[0904]26/11 13:37:33 Quest 'r3m2_TalkWithLisa' can be given now
I       QuestState.cpp[0904]26/11 13:37:33 Quest 'r3m2_TalkWithBenAboutCarAfterOracul' can be given now
I       QuestState.cpp[0904]26/11 13:37:33 Quest 'r3m2_FindInfoAboutFather' can be given now
I       QuestState.cpp[0904]26/11 13:37:33 Quest 'r3m1_LureMainDriud' can be given now
I       QuestState.cpp[0904]26/11 13:37:33 Quest 'r3m1_ClearSanctuary' can be given now
I       QuestState.cpp[0904]26/11 13:37:33 Quest 'r3m1_KnowAboutUluk' can be given now
I       QuestState.cpp[0904]26/11 13:37:33 Quest 'r3m1_RescueUlukCivil' can be given now
I       QuestState.cpp[0904]26/11 13:37:33 Quest 'q_VisitDruid' can be given now
I       QuestState.cpp[0904]26/11 13:37:33 Quest 'r2m2_Znaki2_Quest' can be given now
I       QuestState.cpp[0904]26/11 13:37:33 Quest 'r2m2_HeadsHunterQuest' can be given now
I       QuestState.cpp[0904]26/11 13:37:33 Quest 'r2m2_OldDvigatel1_Quest' can be given now
I       QuestState.cpp[0904]26/11 13:37:33 Quest 'r2m2_OldDvigatel2_Quest' can be given now
I       QuestState.cpp[0904]26/11 13:37:33 Quest 'r2m2_FightFelix' can be given now
I       QuestState.cpp[0904]26/11 13:37:33 Quest 'r2m2_ReturnToMarecciaFromCastle' can be given now
I       QuestState.cpp[0904]26/11 13:37:33 Quest 'r2m2_FightWithAxelInArena_Quest' can be given now
I       QuestState.cpp[0904]26/11 13:37:33 Quest 'r2m2_FindLisAfterAxelAndFatherDie_Quest' can be given now
I       QuestState.cpp[0904]26/11 13:37:33 Quest 'r2m2_ToLisaToMonastir' can be given now
I       QuestState.cpp[0904]26/11 13:37:33 Quest 'r2m2_FightLisaToMonastir' can be given now
I       QuestState.cpp[0904]26/11 13:37:33 Quest 'r2m2_GiveDisk2ToOrakul' can be given now
I       QuestState.cpp[0904]26/11 13:37:33 Quest 'MrShlyapa3_Quest' can be given now
I       QuestState.cpp[0904]26/11 13:37:33 Quest 'r2m1_ArtAntipod_Quest' can be given now
I       QuestState.cpp[0904]26/11 13:37:33 Quest 'r2m1_TakeNarcotics_Quest' can be given now
I       QuestState.cpp[0904]26/11 13:37:33 Quest 'r2m1_KillGodFather_Quest' can be given now
I       QuestState.cpp[0904]26/11 13:37:33 Quest 'MrShlyapaSecret' can be given now
I       QuestState.cpp[0904]26/11 13:37:33 Quest 'd_GetSupportOneOfTheBands2_Quest' can be given now
I       QuestState.cpp[0904]26/11 13:37:33 Quest 'd_GetSupportOneOfTheBands1_Quest' can be given now
I       QuestState.cpp[0904]26/11 13:37:33 Quest 'd_FindVerbInAR_Quest' can be given now
I       QuestState.cpp[0904]26/11 13:37:33 Quest 'd_FindVerbInSNG_Quest' can be given now
I       QuestState.cpp[0904]26/11 13:37:33 Quest 'd_PatrulSideSNG_Quest' can be given now
I       QuestState.cpp[0904]26/11 13:37:33 Quest 'd_TakeGeneralOfBandits_Quest' can be given now
I       QuestState.cpp[0904]26/11 13:37:33 Quest 'r2m1_TW_AlienInShip' can be given now
I       QuestState.cpp[0904]26/11 13:37:33 Quest 'Podderzhka_Quest' can be given now
I       QuestState.cpp[0904]26/11 13:37:33 Quest 'Zashita_Quest' can be given now
I       QuestState.cpp[0904]26/11 13:37:33 Quest 'preEretik_Quest' can be given now
I       QuestState.cpp[0904]26/11 13:37:33 Quest 'ReturnQuest' can be given now
I       QuestState.cpp[0904]26/11 13:37:33 Quest 'd_FindVerbInAM_Quest' can be given now
I       QuestState.cpp[0904]26/11 13:37:33 Quest 'OdettIsDead_Quest' can be given now
I       QuestState.cpp[0904]26/11 13:37:33 Quest 'Disk2OrakulLisa' can be given now
I       QuestState.cpp[0904]26/11 13:37:33 Quest 'FindGomerB_Quest1' can be given now
I       QuestState.cpp[0904]26/11 13:37:33 Quest 'FreeExtremistLeader_Quest1' can be given now
I       QuestState.cpp[0904]26/11 13:37:33 Quest 'KillExtremist_Quest1' can be given now
I       QuestState.cpp[0904]26/11 13:37:33 Quest 'r1m4_TalkWithOldTraderAboutSecondDisk' can be given now
I       QuestState.cpp[0904]26/11 13:37:33 Quest 'q_FindHusbent' can be given now
I       QuestState.cpp[0904]26/11 13:37:33 Quest 'RybakToOlm_Quest' can be given now
I       QuestState.cpp[0904]26/11 13:37:33 Quest 'AnanagaTech_Quest' can be given now
I       QuestState.cpp[0904]26/11 13:37:33 Quest 'MrShlyapa2_Quest' can be given now
I       QuestState.cpp[0904]26/11 13:37:33 Quest 'ToCordanToTikhomir_Quest' can be given now
I       QuestState.cpp[0904]26/11 13:37:33 Quest 'r1m3_BonnyAndKlideQuest' can be given now
I       QuestState.cpp[0904]26/11 13:37:33 Quest 'r1m3_ArchHelp' can be given now
I       QuestState.cpp[0904]26/11 13:37:33 Quest 'r1m3_CrazyManQuest' can be given now
I       QuestState.cpp[0904]26/11 13:37:33 Quest 'r1m3_OldTownOutsiderCar2_Quest' can be given now
I       QuestState.cpp[0904]26/11 13:37:33 Quest 'FightForPesht' can be given now
I       QuestState.cpp[0904]26/11 13:37:33 Quest 'd_RideAcrossBase_Quest' can be given now
I       QuestState.cpp[0904]26/11 13:37:33 Quest 'd_GiveMoneyToBase_Quest' can be given now
I       QuestState.cpp[0904]26/11 13:37:33 Quest 'd_GetBomb_Quest' can be given now
I       QuestState.cpp[0904]26/11 13:37:33 Quest 'd_IntrigaOfMerMinin_Quest' can be given now
I       QuestState.cpp[0904]26/11 13:37:33 Quest 'd_MoveFreelancersToOilMine_Quest' can be given now
I       QuestState.cpp[0904]26/11 13:37:33 Quest 'd_MoveCanistraToMinin_Quest' can be given now
I       QuestState.cpp[0904]26/11 13:37:33 Quest 'd_OpenTunel_Quest' can be given now
I       QuestState.cpp[0904]26/11 13:37:33 Quest 'r1m3_TalkWithThiefFromFatherHouse' can be given now
I       QuestState.cpp[0904]26/11 13:37:33 Quest 'r1m3_MoveToOraculAfterThief' can be given now
I       QuestState.cpp[0904]26/11 13:37:33 Quest 'r1m3_ToLisaToAsgard' can be given now
I       QuestState.cpp[0904]26/11 13:37:33 Quest 'r1m3_TW_OralceAboutAlien' can be given now
I       QuestState.cpp[0904]26/11 13:37:33 Quest 'r1m3_DestroyRadiationSource' can be given now
I       QuestState.cpp[0904]26/11 13:37:33 Quest 'r2m1_DestroyAlienShip' can be given now
I       QuestState.cpp[0904]26/11 13:37:33 Quest 'd_PayWorkersMoney_Quest' can be given now
I       QuestState.cpp[0904]26/11 13:37:33 Quest 'r2m1_TW_SellsCivilian' can be given now
I       QuestState.cpp[0904]26/11 13:37:33 Quest 'MorskieVrata2_Quest' can be given now
I       QuestState.cpp[0904]26/11 13:37:33 Quest 'Zachisti1_Quest' can be given now
I       QuestState.cpp[0904]26/11 13:37:33 Quest 'LisaVPeshte' can be given now
I       QuestState.cpp[0904]26/11 13:37:33 Quest 'LisaUBena' can be given now
I       QuestState.cpp[0904]26/11 13:37:33 Quest 'WhereSigns_Quest' can be given now
I       QuestState.cpp[0904]26/11 13:37:33 Quest 'CombatInKollizey_Quest' can be given now
I       QuestState.cpp[0904]26/11 13:37:33 Quest 'BuyKollizey_Quest' can be given now
I       QuestState.cpp[0904]26/11 13:37:33 Quest 'Kollizey_Quest' can be given now
I       QuestState.cpp[0904]26/11 13:37:33 Quest 'HelpRuins_Quest' can be given now
I       QuestState.cpp[0904]26/11 13:37:33 Quest 'DestroyRuins_Quest' can be given now
I       QuestState.cpp[0904]26/11 13:37:33 Quest 'DestroyRuins2_Quest' can be given now
I       QuestState.cpp[0904]26/11 13:37:33 Quest 'Signs_Quest' can be given now
I       QuestState.cpp[0904]26/11 13:37:33 Quest 'MrShlyapa1_Quest' can be given now
I       QuestState.cpp[0904]26/11 13:37:33 Quest 'FindBen2_Quest' can be given now
I       QuestState.cpp[0904]26/11 13:37:33 Quest 'd_FindHouseOfBen_Quest' can be given now
I       QuestState.cpp[0904]26/11 13:37:33 Quest 'r1m2_TW_BanAboutAlien' can be given now
I       QuestState.cpp[0904]26/11 13:37:33 Quest 'r1m3_DestroyOracle' can be given now
I       QuestState.cpp[0904]26/11 13:37:33 Quest 'Pomiritsa_Quest' can be given now
I       QuestState.cpp[0904]26/11 13:37:33 Quest 'VYar_Quest' can be given now
I       QuestState.cpp[0904]26/11 13:37:33 Quest 'FindBenMZ_Quest' can be given now
I       QuestState.cpp[0904]26/11 13:37:33 Quest 'QuickFindBen' can be given now
I       QuestState.cpp[0904]26/11 13:37:33 Quest 'OpenMid_Quest' can be given now
I       QuestState.cpp[0904]26/11 13:37:33 Quest 'TalkBeforeDesert' can be given now
I       QuestState.cpp[0904]26/11 13:37:33 Quest 'ZashitaGotova' can be given now
I       QuestState.cpp[0904]26/11 13:37:33 Quest 'FakeQuest1' can be given now
I       QuestState.cpp[0904]26/11 13:37:33 Quest 'Chehly_Quest' can be given now
I       QuestState.cpp[0904]26/11 13:37:33 Quest 'WorkGiver_Quest1' can be given now
I       QuestState.cpp[0904]26/11 13:37:33 Quest 'd_PunishBandits_Quest' can be given now
I       QuestState.cpp[0904]26/11 13:37:33 Quest 'r1m1_Hospital_Quest' can be given now
I       QuestState.cpp[0904]26/11 13:37:33 Quest 'r1m1_Botanik_Quest' can be given now
I       QuestState.cpp[0904]26/11 13:37:33 Quest 'r1m1_FindBotanik_Quest' can be given now
I       QuestState.cpp[0904]26/11 13:37:33 Quest 'Buyer_Quest1' can be given now
I       QuestState.cpp[0904]26/11 13:37:33 Quest 'FirstTimePlay' can be given now
I       QuestState.cpp[0904]26/11 13:37:33 Quest 'TalkWithFather_Quest' can be given now
I       QuestState.cpp[0904]26/11 13:37:33 Quest 'LisaAtSouth' can be given now
I       QuestState.cpp[0904]26/11 13:37:33 Quest 'FindBen_Quest' can be given now
I       QuestState.cpp[0904]26/11 13:37:33 Quest 'FindBenAgain_Quest' can be given now
I       QuestState.cpp[0904]26/11 13:37:33 Quest 'd_SinFather_Quest' can be given now
I       QuestState.cpp[0904]26/11 13:37:33 Quest 'TalkToVasily' can be given now
I       QuestState.cpp[0904]26/11 13:37:33 Quest 'CheckTheEast' can be given now
I       QuestState.cpp[0904]26/11 13:37:33 Quest 'BenSouth_Quest' can be given now
I           server.cpp[0826]26/11 13:37:33 	AI: QuestStates loaded
I           server.cpp[0828]26/11 13:37:33 	AI: Loading DynamicScene
I     DynamicScene.cpp[1470]26/11 13:37:33 		 Scene loading begin
I     DynamicScene.cpp[1472]26/11 13:37:33 		 Scene loading end
I           server.cpp[0837]26/11 13:37:33 	AI: DynamicScene loaded
I           server.cpp[0852]26/11 13:37:33 	AI: Loading Triggers
E           server.cpp[1242]26/11 13:37:33 Error: cannot open data\maps\MainMenu\
I           server.cpp[0855]26/11 13:37:33 	AI: Triggers loaded
I           server.cpp[0857]26/11 13:37:33 	AI: Loading Object Names
E     ObjContainer.cpp[1104]26/11 13:37:33 Error: cannot open data\maps\MainMenu\object_names.xml
I           server.cpp[0868]26/11 13:37:33 	AI: Initing Player
I           server.cpp[0888]26/11 13:37:33 		Before first Update
I   TruxxUiManager.cpp[1422]26/11 13:37:34 Game mode changed. Old mode = 2, new mode = 1
I           server.cpp[0909]26/11 13:37:34 		After first Update
I           server.cpp[0911]26/11 13:37:34 AI: Finished Loading Server
I           view32.cpp[1106]26/11 13:37:34 Load server end
I        QuestInfo.cpp[0847]26/11 13:37:34 Quest infos were loaded successfully from file data\if\diz\QuestInfoGlobal.xml
I        QuestInfo.cpp[0783]26/11 13:37:34 QuestInfo manager was inited successfully
I       MsgManager.cpp[0391]26/11 13:37:34 Can't open file data\maps\MainMenu\strings.xml for read.
I    GameUiManager.cpp[0303]26/11 13:37:34 Interface: is initializing...
I    GameUiManager.cpp[0405]26/11 13:37:34 Interface: is clearing...
I    GameUiManager.cpp[0495]26/11 13:37:34 Interface: is cleared successfully
I    GameUiManager.cpp[0395]26/11 13:37:34 Interface: is inited successfully
I blockMusicManager.cpp[0199]26/11 13:37:34 BlockMusicManager: resetting
I      gameimpulse.cpp[0618]26/11 13:37:34 Key bindings: unbind all is done
I        scriptlet.cpp[0045]26/11 13:37:34 Could not open script file data\profiles\riverzone\keybindings.lua
I      gameimpulse.cpp[0318]26/11 13:37:34 Key bindings: loading error - (data\profiles\riverzone\keybindings.lua @ 0): file not found or could not be read 
I      gameimpulse.cpp[1217]26/11 13:37:34 Key bindings: error loading from profile file; load defaults instead
I      gameimpulse.cpp[0618]26/11 13:37:34 Key bindings: unbind all is done
I      gameimpulse.cpp[0324]26/11 13:37:34 Key bindings: were loaded successfully from file data\scripts\DefaultKeyBindings.lua
I      gameimpulse.cpp[1194]26/11 13:37:34 Key bindings: were bind from defaults
I        SplashWnd.cpp[0244]26/11 13:37:40 Start splashing 11
I   TruxxUiManager.cpp[1422]26/11 13:37:40 Game mode changed. Old mode = 1, new mode = 0
I    GameUiManager.cpp[0405]26/11 13:37:40 Interface: is clearing...
I    GameUiManager.cpp[0495]26/11 13:37:40 Interface: is cleared successfully
I           view32.cpp[1048]26/11 13:37:40 -- Loading Level: data\maps\r8m1.ssl --
I            world.cpp[0132]26/11 13:37:40 ----------------------- World Loading
F        landscape.cpp[1674]26/11 13:37:41  +- Enter function: Landscape::Load()
I        landscape.cpp[1911]26/11 13:37:41  |  ----------------------- Normal map loaded in: 6
I        landscape.cpp[1920]26/11 13:37:41  |  ----------------------- Tiles loaded in: 44
I        landscape.cpp[1944]26/11 13:37:41  |  ----------------------- ShoreLine loaded in: 0
F        landscape.cpp[1944]26/11 13:37:41  +- Exit function: Landscape::Load()
I            world.cpp[0169]26/11 13:37:41 ----------------------- Landscape loaded in: 231
I       DataServer.cpp[0587]26/11 13:37:41 Loading Servers: data\maps\r8m1\servers.xml
I       DataServer.cpp[0594]26/11 13:37:41 Load servers: ReadXmlFile: Cannot open file data\maps\r8m1\servers.xml
I       DataServer.cpp[0587]26/11 13:37:41 Loading Servers: data\models\servers.xml
E        GamParser.cpp[0399]26/11 13:37:42 AnimatedModel::LoadGAM -- cannot open file data\models\objects\dweller_debik.gam
E        GamParser.cpp[0399]26/11 13:37:45 AnimatedModel::LoadGAM -- cannot open file data\models\Masks\Main\mask_debik.gam
E       DraftModel.cpp[1002]26/11 13:37:49 Error: Couldn't load texture data\models\vehicles\belaz\cab01_mt.dds for model cargov1.gam
E       DraftModel.cpp[1002]26/11 13:37:49 Error: Couldn't load texture data\models\vehicles\belaz\cab01_mt.dds for model cargov1.gam
E       DraftModel.cpp[1002]26/11 13:37:49 Error: Couldn't load texture data\models\vehicles\belaz\cab01_mt.dds for model cargov1.gam
E       DraftModel.cpp[1002]26/11 13:37:49 Error: Couldn't load texture data\models\vehicles\belaz\cab01_mt.dds for model cargov1.gam
E       DraftModel.cpp[1002]26/11 13:37:49 Error: Couldn't load texture data\models\vehicles\belaz\cab01_mt.dds for model cargov1.gam
E       DraftModel.cpp[1002]26/11 13:37:49 Error: Couldn't load texture data\models\vehicles\belaz\cab01_mt.dds for model cargov1.gam
E       DraftModel.cpp[1002]26/11 13:37:49 Error: Couldn't load texture data\models\vehicles\belaz\cab01_mt.dds for model cargov1.gam
E       DraftModel.cpp[1002]26/11 13:37:49 Error: Couldn't load texture data\models\vehicles\belaz\cab01_mt.dds for model cargov1.gam
E       DraftModel.cpp[1002]26/11 13:37:49 Error: Couldn't load texture data\models\vehicles\belaz\cab01_mt.dds for model cargov1.gam
E serverAnimatedModel.cpp[0627]26/11 13:37:53 ServerAnimatedModels: cannot read file: file:data\models\AnimModels.xml id = dweller_brodyaga
E serverAnimatedModel.cpp[0627]26/11 13:37:53 ServerAnimatedModels: cannot read file: file:data\models\AnimModels.xml id = mask_debik
E serverAnimatedModel.cpp[0627]26/11 13:37:53 ServerAnimatedModels: cannot read file: file:data\models\AnimModels.xml id = big_brock_wall
E serverAnimatedModel.cpp[0627]26/11 13:37:53 ServerAnimatedModels: cannot read file: file:data\models\AnimModels.xml id = dub1_r2
E serverAnimatedModel.cpp[0627]26/11 13:37:53 ServerAnimatedModels: cannot read file: file:data\models\AnimModels.xml id = boss_barrel
I serverAnimatedModel.cpp[0630]26/11 13:37:53 ### Total time: 12699, GAM time: 11604
I       DataServer.cpp[0587]26/11 13:37:54 Loading Servers: data\models\commonservers.xml
E      serverMusic.cpp[0216]26/11 13:37:54 MusicServer: cannot read file: data\music\music.xml id = 'LaBelleTown'
E      serverMusic.cpp[0216]26/11 13:37:54 MusicServer: cannot read file: data\music\music.xml id = 'block6_driving2'
I            world.cpp[0210]26/11 13:37:55 ----------------------- Servers loaded in: 13744
I            world.cpp[0338]26/11 13:37:55 LoadWorld begin...
I            world.cpp[0350]26/11 13:37:55 %%%% read/parse xml: 133
I            world.cpp[0362]26/11 13:37:55 %%%% read from xml: 130
I            world.cpp[0444]26/11 13:37:56 %%%% link nodes: 1006
I            world.cpp[0220]26/11 13:37:56 ----------------------- Nodes loaded in: 1276
I            world.cpp[0228]26/11 13:37:56 ----------------------- Prefabs loaded in: 1
I            world.cpp[0247]26/11 13:37:56 ----------------------- World loaded in: 15842
E        GamParser.cpp[0399]26/11 13:37:56 AnimatedModel::LoadGAM -- cannot open file data\models\roads\road_small_highway\small_highway_end.gam-
I      roadManager.cpp[0139]26/11 13:37:56 RoadManager error( model not loaded ): data\models\roads\road_small_highway\small_highway_end.gam-
I            world.cpp[0278]26/11 13:37:58 ----------------------- Roads loaded in: 1843
I           view32.cpp[1078]26/11 13:37:58 Load Server begin...
I            Reply.cpp[0415]26/11 13:37:59 Replies were loaded successfully from file data\if\diz\DialogsGlobal.xml
I            Reply.cpp[0415]26/11 13:37:59 Replies were loaded successfully from file data\if\diz\DynamicDialogsGlobal.xml
I            Reply.cpp[0343]26/11 13:37:59 RepliesManager was inited successfully
I    GameUiManager.cpp[1603]26/11 13:37:59 Interface: loading resources ...
I     ObjectsIcons.cpp[0198]26/11 13:38:03 ObjectsIcons::AddIcon warning - ico with id SpeedPointer already exists and wiil be replaced
I    GameUiManager.cpp[1603]26/11 13:38:06 Interface: loading resources ...
I   TruxxUiManager.cpp[0974]26/11 13:38:06 Interface: is loaded successfully
I           server.cpp[0789]26/11 13:38:06 AI: Loading Server...
I           server.cpp[0796]26/11 13:38:06 	AI: Loading Relationship
I     Relationship.cpp[0134]26/11 13:38:06 		 File readed
I           server.cpp[0801]26/11 13:38:06 	AI: Loading SoilProps
I           server.cpp[0804]26/11 13:38:06 	AI: Loading ExternalPaths
I           server.cpp[0807]26/11 13:38:06 	AI: Loading PlayerPassMap
I           server.cpp[0813]26/11 13:38:06 	AI: Loading GameObjects
I           server.cpp[0816]26/11 13:38:06 	AI: Initializing VehicleGeneratorInfoCache
I           server.cpp[0820]26/11 13:38:06 	AI: Refreshing GameObjects
E      VehiclePart.cpp[0138]26/11 13:38:06 Error: collision geom in vehicle part name = 'boss04station' is not BOX
E      VehiclePart.cpp[0138]26/11 13:38:07 Error: collision geom in vehicle part name = 'heavy_dot1' is not BOX
I           server.cpp[0824]26/11 13:38:07 	AI: Loading QuestStates
I       QuestState.cpp[0904]26/11 13:38:07 Quest 'Human1_Quest1' can be given now
I       QuestState.cpp[0904]26/11 13:38:07 Quest 'Human1_Quest2' can be given now
I       QuestState.cpp[0904]26/11 13:38:07 Quest 'BenGoodEnd' can be given now
I       QuestState.cpp[0904]26/11 13:38:07 Quest 'q_PlaceWithSign' can be given now
I       QuestState.cpp[0904]26/11 13:38:07 Quest 'r3m2_OracleMemory' can be given now
I       QuestState.cpp[0904]26/11 13:38:07 Quest 'r3m2_TalkWithLisa' can be given now
I       QuestState.cpp[0904]26/11 13:38:07 Quest 'r3m2_TalkWithBenAboutCarAfterOracul' can be given now
I       QuestState.cpp[0904]26/11 13:38:07 Quest 'r3m2_FindInfoAboutFather' can be given now
I       QuestState.cpp[0904]26/11 13:38:07 Quest 'r3m1_LureMainDriud' can be given now
I       QuestState.cpp[0904]26/11 13:38:07 Quest 'r3m1_ClearSanctuary' can be given now
I       QuestState.cpp[0904]26/11 13:38:07 Quest 'r3m1_KnowAboutUluk' can be given now
I       QuestState.cpp[0904]26/11 13:38:07 Quest 'r3m1_RescueUlukCivil' can be given now
I       QuestState.cpp[0904]26/11 13:38:07 Quest 'q_VisitDruid' can be given now
I       QuestState.cpp[0904]26/11 13:38:07 Quest 'r2m2_Znaki2_Quest' can be given now
I       QuestState.cpp[0904]26/11 13:38:07 Quest 'r2m2_HeadsHunterQuest' can be given now
I       QuestState.cpp[0904]26/11 13:38:07 Quest 'r2m2_OldDvigatel1_Quest' can be given now
I       QuestState.cpp[0904]26/11 13:38:07 Quest 'r2m2_OldDvigatel2_Quest' can be given now
I       QuestState.cpp[0904]26/11 13:38:07 Quest 'r2m2_FightFelix' can be given now
I       QuestState.cpp[0904]26/11 13:38:07 Quest 'r2m2_ReturnToMarecciaFromCastle' can be given now
I       QuestState.cpp[0904]26/11 13:38:07 Quest 'r2m2_FightWithAxelInArena_Quest' can be given now
I       QuestState.cpp[0904]26/11 13:38:07 Quest 'r2m2_FindLisAfterAxelAndFatherDie_Quest' can be given now
I       QuestState.cpp[0904]26/11 13:38:07 Quest 'r2m2_ToLisaToMonastir' can be given now
I       QuestState.cpp[0904]26/11 13:38:07 Quest 'r2m2_FightLisaToMonastir' can be given now
I       QuestState.cpp[0904]26/11 13:38:07 Quest 'r2m2_GiveDisk2ToOrakul' can be given now
I       QuestState.cpp[0904]26/11 13:38:07 Quest 'MrShlyapa3_Quest' can be given now
I       QuestState.cpp[0904]26/11 13:38:07 Quest 'r2m1_ArtAntipod_Quest' can be given now
I       QuestState.cpp[0904]26/11 13:38:07 Quest 'r2m1_TakeNarcotics_Quest' can be given now
I       QuestState.cpp[0904]26/11 13:38:07 Quest 'r2m1_KillGodFather_Quest' can be given now
I       QuestState.cpp[0904]26/11 13:38:07 Quest 'MrShlyapaSecret' can be given now
I       QuestState.cpp[0904]26/11 13:38:07 Quest 'd_GetSupportOneOfTheBands2_Quest' can be given now
I       QuestState.cpp[0904]26/11 13:38:07 Quest 'd_GetSupportOneOfTheBands1_Quest' can be given now
I       QuestState.cpp[0904]26/11 13:38:07 Quest 'd_FindVerbInAR_Quest' can be given now
I       QuestState.cpp[0904]26/11 13:38:07 Quest 'd_FindVerbInSNG_Quest' can be given now
I       QuestState.cpp[0904]26/11 13:38:07 Quest 'd_PatrulSideSNG_Quest' can be given now
I       QuestState.cpp[0904]26/11 13:38:07 Quest 'd_TakeGeneralOfBandits_Quest' can be given now
I       QuestState.cpp[0904]26/11 13:38:07 Quest 'r2m1_TW_AlienInShip' can be given now
I       QuestState.cpp[0904]26/11 13:38:07 Quest 'Podderzhka_Quest' can be given now
I       QuestState.cpp[0904]26/11 13:38:07 Quest 'Zashita_Quest' can be given now
I       QuestState.cpp[0904]26/11 13:38:07 Quest 'preEretik_Quest' can be given now
I       QuestState.cpp[0904]26/11 13:38:07 Quest 'ReturnQuest' can be given now
I       QuestState.cpp[0904]26/11 13:38:07 Quest 'd_FindVerbInAM_Quest' can be given now
I       QuestState.cpp[0904]26/11 13:38:07 Quest 'OdettIsDead_Quest' can be given now
I       QuestState.cpp[0904]26/11 13:38:07 Quest 'Disk2OrakulLisa' can be given now
I       QuestState.cpp[0904]26/11 13:38:07 Quest 'FindGomerB_Quest1' can be given now
I       QuestState.cpp[0904]26/11 13:38:07 Quest 'FreeExtremistLeader_Quest1' can be given now
I       QuestState.cpp[0904]26/11 13:38:07 Quest 'KillExtremist_Quest1' can be given now
I       QuestState.cpp[0904]26/11 13:38:07 Quest 'r1m4_TalkWithOldTraderAboutSecondDisk' can be given now
I       QuestState.cpp[0904]26/11 13:38:07 Quest 'q_FindHusbent' can be given now
I       QuestState.cpp[0904]26/11 13:38:07 Quest 'RybakToOlm_Quest' can be given now
I       QuestState.cpp[0904]26/11 13:38:07 Quest 'AnanagaTech_Quest' can be given now
I       QuestState.cpp[0904]26/11 13:38:07 Quest 'MrShlyapa2_Quest' can be given now
I       QuestState.cpp[0904]26/11 13:38:07 Quest 'ToCordanToTikhomir_Quest' can be given now
I       QuestState.cpp[0904]26/11 13:38:07 Quest 'r1m3_BonnyAndKlideQuest' can be given now
I       QuestState.cpp[0904]26/11 13:38:07 Quest 'r1m3_ArchHelp' can be given now
I       QuestState.cpp[0904]26/11 13:38:07 Quest 'r1m3_CrazyManQuest' can be given now
I       QuestState.cpp[0904]26/11 13:38:07 Quest 'r1m3_OldTownOutsiderCar2_Quest' can be given now
I       QuestState.cpp[0904]26/11 13:38:07 Quest 'FightForPesht' can be given now
I       QuestState.cpp[0904]26/11 13:38:07 Quest 'd_RideAcrossBase_Quest' can be given now
I       QuestState.cpp[0904]26/11 13:38:07 Quest 'd_GiveMoneyToBase_Quest' can be given now
I       QuestState.cpp[0904]26/11 13:38:07 Quest 'd_GetBomb_Quest' can be given now
I       QuestState.cpp[0904]26/11 13:38:07 Quest 'd_IntrigaOfMerMinin_Quest' can be given now
I       QuestState.cpp[0904]26/11 13:38:07 Quest 'd_MoveFreelancersToOilMine_Quest' can be given now
I       QuestState.cpp[0904]26/11 13:38:07 Quest 'd_MoveCanistraToMinin_Quest' can be given now
I       QuestState.cpp[0904]26/11 13:38:07 Quest 'd_OpenTunel_Quest' can be given now
I       QuestState.cpp[0904]26/11 13:38:07 Quest 'r1m3_TalkWithThiefFromFatherHouse' can be given now
I       QuestState.cpp[0904]26/11 13:38:07 Quest 'r1m3_MoveToOraculAfterThief' can be given now
I       QuestState.cpp[0904]26/11 13:38:07 Quest 'r1m3_ToLisaToAsgard' can be given now
I       QuestState.cpp[0904]26/11 13:38:07 Quest 'r1m3_TW_OralceAboutAlien' can be given now
I       QuestState.cpp[0904]26/11 13:38:07 Quest 'r1m3_DestroyRadiationSource' can be given now
I       QuestState.cpp[0904]26/11 13:38:07 Quest 'r2m1_DestroyAlienShip' can be given now
I       QuestState.cpp[0904]26/11 13:38:07 Quest 'd_PayWorkersMoney_Quest' can be given now
I       QuestState.cpp[0904]26/11 13:38:07 Quest 'r2m1_TW_SellsCivilian' can be given now
I       QuestState.cpp[0904]26/11 13:38:07 Quest 'MorskieVrata2_Quest' can be given now
I       QuestState.cpp[0904]26/11 13:38:07 Quest 'Zachisti1_Quest' can be given now
I       QuestState.cpp[0904]26/11 13:38:07 Quest 'LisaVPeshte' can be given now
I       QuestState.cpp[0904]26/11 13:38:07 Quest 'LisaUBena' can be given now
I       QuestState.cpp[0904]26/11 13:38:07 Quest 'WhereSigns_Quest' can be given now
I       QuestState.cpp[0904]26/11 13:38:07 Quest 'CombatInKollizey_Quest' can be given now
I       QuestState.cpp[0904]26/11 13:38:07 Quest 'BuyKollizey_Quest' can be given now
I       QuestState.cpp[0904]26/11 13:38:07 Quest 'Kollizey_Quest' can be given now
I       QuestState.cpp[0904]26/11 13:38:07 Quest 'HelpRuins_Quest' can be given now
I       QuestState.cpp[0904]26/11 13:38:07 Quest 'DestroyRuins_Quest' can be given now
I       QuestState.cpp[0904]26/11 13:38:07 Quest 'DestroyRuins2_Quest' can be given now
I       QuestState.cpp[0904]26/11 13:38:07 Quest 'Signs_Quest' can be given now
I       QuestState.cpp[0904]26/11 13:38:07 Quest 'MrShlyapa1_Quest' can be given now
I       QuestState.cpp[0904]26/11 13:38:07 Quest 'FindBen2_Quest' can be given now
I       QuestState.cpp[0904]26/11 13:38:07 Quest 'd_FindHouseOfBen_Quest' can be given now
I       QuestState.cpp[0904]26/11 13:38:07 Quest 'r1m2_TW_BanAboutAlien' can be given now
I       QuestState.cpp[0904]26/11 13:38:07 Quest 'r1m3_DestroyOracle' can be given now
I       QuestState.cpp[0904]26/11 13:38:07 Quest 'Pomiritsa_Quest' can be given now
I       QuestState.cpp[0904]26/11 13:38:07 Quest 'VYar_Quest' can be given now
I       QuestState.cpp[0904]26/11 13:38:07 Quest 'FindBenMZ_Quest' can be given now
I       QuestState.cpp[0904]26/11 13:38:07 Quest 'QuickFindBen' can be given now
I       QuestState.cpp[0904]26/11 13:38:07 Quest 'OpenMid_Quest' can be given now
I       QuestState.cpp[0904]26/11 13:38:07 Quest 'TalkBeforeDesert' can be given now
I       QuestState.cpp[0904]26/11 13:38:07 Quest 'ZashitaGotova' can be given now
I       QuestState.cpp[0904]26/11 13:38:07 Quest 'FakeQuest1' can be given now
I       QuestState.cpp[0904]26/11 13:38:07 Quest 'Chehly_Quest' can be given now
I       QuestState.cpp[0904]26/11 13:38:07 Quest 'WorkGiver_Quest1' can be given now
I       QuestState.cpp[0904]26/11 13:38:07 Quest 'd_PunishBandits_Quest' can be given now
I       QuestState.cpp[0904]26/11 13:38:07 Quest 'r1m1_Hospital_Quest' can be given now
I       QuestState.cpp[0904]26/11 13:38:07 Quest 'r1m1_Botanik_Quest' can be given now
I       QuestState.cpp[0904]26/11 13:38:07 Quest 'r1m1_FindBotanik_Quest' can be given now
I       QuestState.cpp[0904]26/11 13:38:07 Quest 'Buyer_Quest1' can be given now
I       QuestState.cpp[0904]26/11 13:38:07 Quest 'FirstTimePlay' can be given now
I       QuestState.cpp[0904]26/11 13:38:07 Quest 'TalkWithFather_Quest' can be given now
I       QuestState.cpp[0904]26/11 13:38:07 Quest 'LisaAtSouth' can be given now
I       QuestState.cpp[0904]26/11 13:38:07 Quest 'FindBen_Quest' can be given now
I       QuestState.cpp[0904]26/11 13:38:07 Quest 'FindBenAgain_Quest' can be given now
I       QuestState.cpp[0904]26/11 13:38:07 Quest 'd_SinFather_Quest' can be given now
I       QuestState.cpp[0904]26/11 13:38:07 Quest 'TalkToVasily' can be given now
I       QuestState.cpp[0904]26/11 13:38:07 Quest 'CheckTheEast' can be given now
I       QuestState.cpp[0904]26/11 13:38:07 Quest 'BenSouth_Quest' can be given now
I           server.cpp[0826]26/11 13:38:07 	AI: QuestStates loaded
I           server.cpp[0828]26/11 13:38:07 	AI: Loading DynamicScene
I     DynamicScene.cpp[1470]26/11 13:38:08 		 Scene loading begin
I     DynamicScene.cpp[1472]26/11 13:38:09 		 Scene loading end
I           server.cpp[0837]26/11 13:38:09 	AI: DynamicScene loaded
I           server.cpp[0852]26/11 13:38:09 	AI: Loading Triggers
I           server.cpp[0855]26/11 13:38:09 	AI: Triggers loaded
I           server.cpp[0857]26/11 13:38:09 	AI: Loading Object Names
I           server.cpp[0868]26/11 13:38:09 	AI: Initing Player
I           server.cpp[0888]26/11 13:38:09 		Before first Update
I           server.cpp[0909]26/11 13:38:09 		After first Update
I           server.cpp[0911]26/11 13:38:09 AI: Finished Loading Server
I           view32.cpp[1106]26/11 13:38:09 Load server end
I        QuestInfo.cpp[0847]26/11 13:38:09 Quest infos were loaded successfully from file data\if\diz\QuestInfoGlobal.xml
I        QuestInfo.cpp[0783]26/11 13:38:09 QuestInfo manager was inited successfully
I    GameUiManager.cpp[0303]26/11 13:38:09 Interface: is initializing...
I    GameUiManager.cpp[0395]26/11 13:38:09 Interface: is inited successfully
I     GlobalMapWnd.cpp[0157]26/11 13:38:09 Make control error: control mainmenu_ico is not found or incorrect type
I     GlobalMapWnd.cpp[0157]26/11 13:38:09 Make control error: control r1m8_ico is not found or incorrect type
I     GlobalMapWnd.cpp[0157]26/11 13:38:09 Make control error: control r1m7_ico is not found or incorrect type
I     GlobalMapWnd.cpp[0157]26/11 13:38:09 Make control error: control r8m1_ico is not found or incorrect type
I     GlobalMapWnd.cpp[0157]26/11 13:38:09 Make control error: control r11m1_ico is not found or incorrect type
I     GlobalMapWnd.cpp[0203]26/11 13:38:09 GlobalMapWnd: error - fail to init because of a bad resource
I blockMusicManager.cpp[0185]26/11 13:38:09 BlockMusicManager: start playing new music: blockNum = 14, musicType = 0, name = 'r8_1_driving'
I           m3dapp.cpp[1350]26/11 13:38:14 input: CInput_di8::GetLastKbdEvent() error - cannot translate key wit scan code 162
I           m3dapp.cpp[1350]26/11 13:38:14 input: CInput_di8::GetLastKbdEvent() error - cannot translate key wit scan code 162
I       console_string[0234]26/11 13:38:33 ---------------------- CHEAT WAS USED --------- ANTICHEAT -----------------
I        FadingMsg.cpp[0199]26/11 13:38:33 Fading message: '@FFFF1493Обнаружено использование чит-кодов. Система достижений @FFFF0000ЗАБЛОКИРОВАНА. @FFFF1493В техподдержке @FFFF0000ОТКАЗАНО.'
I        FadingMsg.cpp[0199]26/11 13:38:33 Fading message: '@FFFF1493Обнаружено использование чит-кодов. Система достижений @FFFF0000ЗАБЛОКИРОВАНА. @FFFF1493В техподдержке @FFFF0000ОТКАЗАНО.'
I             util.cpp[0423]26/11 13:41:32 Maximum joint count reached: 31
I             util.cpp[0423]26/11 13:41:34 Maximum joint count reached: 34
I           m3dapp.cpp[1350]26/11 13:47:28 input: CInput_di8::GetLastKbdEvent() error - cannot translate key wit scan code 153
I           m3dapp.cpp[1350]26/11 13:47:28 input: CInput_di8::GetLastKbdEvent() error - cannot translate key wit scan code 153
I           m3dapp.cpp[1336]26/11 13:47:38 d3d: Device reset ok
I         gamemenu.cpp[0283]26/11 13:47:40 Quit to Windows
I           view32.cpp[0815]26/11 13:47:41 --- Done Media ---
I    GameUiManager.cpp[0405]26/11 13:47:41 Interface: is clearing...
I    GameUiManager.cpp[0495]26/11 13:47:41 Interface: is cleared successfully
I    GameUiManager.cpp[0257]26/11 13:47:41 Interface: done...
I    GameUiManager.cpp[1580]26/11 13:47:41 Interface: clearing resource infos ...
I    GameUiManager.cpp[0292]26/11 13:47:41 Interface: is done
I           view32.cpp[0843]26/11 13:47:41 --- Done Media: Ok ---
I           m3dapp.cpp[1343]26/11 13:47:41 snd: Deleting Sound...
I           m3dapp.cpp[1343]26/11 13:47:41 snd: Stopping all sounds in FMOD...
I           m3dapp.cpp[1343]26/11 13:47:41 snd: Closing FMOD...
I           m3dapp.cpp[1343]26/11 13:47:41 snd: Deleting all sounds...
I           m3dapp.cpp[1343]26/11 13:47:41 snd: 	Stopping all sounds
I           m3dapp.cpp[1343]26/11 13:47:41 snd: 	Deleting all sounds from table
I           m3dapp.cpp[1343]26/11 13:47:41 snd: 	Sounds deleted
I           m3dapp.cpp[1343]26/11 13:47:41 snd: Sound is uninstalled
I      gameimpulse.cpp[0618]26/11 13:47:42 Key bindings: unbind all is done
I      gameimpulse.cpp[0343]26/11 13:47:42 Key bindings: is done
----------------------------------------------- Log ends on Sat Nov 26 13:47:42 2022 -----------------------------------------------




