-==- -==- -==- -==- -==- -==- -==- -==- -==- -==- -==- -==- -==- -==- -==-
-==
-== Log category   : Unhandled exception info
-== Build          : ExMachina 1.5 - master candidate russian version release build v0.8 (Jul 19 2006 18:54:43)
-==
-== Exception      : 0xC0000005 at address 0x77092924
-== Exception type : ACCESS VIOLATION  write attempt to address 0x00000000 
-==
-==- -==- -==- -==- -==- -==- -==- -==- -==- -==- -==- -==- -==- -==- -==-

1: 11/04/22 21:43:31
1: Physical memory = 2047 MB
1: Total memory    = 4095 MB
1: Physical memory available      = 1624 MB
1: Total virtual memory           = 2047 MB
1: Total virtual memory available = 1798 MB
1: Page file available            = 3822 MB

1: Data from MemoryManager:
1: mem used:             2099812
1: mem allocated:       12220948
1: mem overhead:          379500
1: last allocation:            0


1:   0     RtlFreeHeap +298 bytes
1:     Decl: RtlFreeHeap
1:     Mod:  ntdll, base: 77040000h


Registers:
	CS:EIP 0x001B:77092924
	SS:ESP 0x0023:0012FD98
	DS:EDI 0x0023:42A70000
	ES:ESI 0x0023:04273A47
	   EAX        00000000
	   EBX        42A70001
	   ECX        00000035
	   EDX        00000000

