-==- -==- -==- -==- -==- -==- -==- -==- -==- -==- -==- -==- -==- -==- -==-
-==
-== Log category   : Unhandled exception info
-== Build          : ExMachina 1.5 - master candidate russian version release build v0.8 (Jul 19 2006 18:54:43)
-==
-== Exception      : 0xC0000005 at address 0x770928C7
-== Exception type : ACCESS VIOLATION  read attempt to address 0x33A501F0 
-==
-==- -==- -==- -==- -==- -==- -==- -==- -==- -==- -==- -==- -==- -==- -==-

1: 11/04/22 21:19:08
1: Physical memory = 2047 MB
1: Total memory    = 4095 MB
1: Physical memory available      = 1701 MB
1: Total virtual memory           = 2047 MB
1: Total virtual memory available = 1802 MB
1: Page file available            = 3914 MB

1: Data from MemoryManager:
1: mem used:             2099812
1: mem allocated:       12065508
1: mem overhead:          379388
1: last allocation:            0


1:   0     RtlFreeHeap +205 bytes
1:     Decl: RtlFreeHeap
1:     Mod:  ntdll, base: 77040000h


Registers:
	CS:EIP 0x001B:770928C7
	SS:ESP 0x0023:0012FD98
	DS:EDI 0x0023:018F1538
	ES:ESI 0x0023:33A501EC
	   EAX        00000784
	   EBX        018F1540
	   ECX        003E0000
	   EDX        018F1540

