-==- -==- -==- -==- -==- -==- -==- -==- -==- -==- -==- -==- -==- -==- -==-
-==
-== Log category   : Unhandled exception info
-== Build          : ExMachina 1.5 - master candidate russian version release build v0.8 (Jul 19 2006 18:54:43)
-==
-== Exception      : 0xC0000005 at address 0x774328C7
-== Exception type : ACCESS VIOLATION  read attempt to address 0x5C5FA53D 
-==
-==- -==- -==- -==- -==- -==- -==- -==- -==- -==- -==- -==- -==- -==- -==-

1: 11/23/22 18:06:36
1: Physical memory = 2047 MB
1: Total memory    = 4095 MB
1: Physical memory available      = 1974 MB
1: Total virtual memory           = 2047 MB
1: Total virtual memory available = 1794 MB
1: Page file available            = 4013 MB

1: Data from MemoryManager:
1: mem used:             2109816
1: mem allocated:       12247588
1: mem overhead:          384756
1: last allocation:            0


1:   0     RtlFreeHeap +205 bytes
1:     Decl: RtlFreeHeap
1:     Mod:  ntdll, base: 773e0000h


Registers:
	CS:EIP 0x001B:774328C7
	SS:ESP 0x0023:0012FD98
	DS:EDI 0x0023:01981538
	ES:ESI 0x0023:5C5FA539
	   EAX        00000D24
	   EBX        01981540
	   ECX        00250000
	   EDX        01981540

